[2025-03-08T19:36:13.212+0000] {processor.py:186} INFO - Started process (PID=24781) to work on /home/airflow/.local/lib/python3.12/site-packages/airflow/example_dags/example_sensors.py
[2025-03-08T19:36:13.214+0000] {processor.py:914} INFO - Processing file /home/airflow/.local/lib/python3.12/site-packages/airflow/example_dags/example_sensors.py for tasks to queue
[2025-03-08T19:36:13.218+0000] {logging_mixin.py:190} INFO - [2025-03-08T19:36:13.217+0000] {dagbag.py:588} INFO - Filling up the DagBag from /home/airflow/.local/lib/python3.12/site-packages/airflow/example_dags/example_sensors.py
[2025-03-08T19:36:13.260+0000] {processor.py:925} INFO - DAG(s) 'example_sensors' retrieved from /home/airflow/.local/lib/python3.12/site-packages/airflow/example_dags/example_sensors.py
[2025-03-08T19:36:13.347+0000] {logging_mixin.py:190} INFO - [2025-03-08T19:36:13.347+0000] {dag.py:3239} INFO - Sync 1 DAGs
[2025-03-08T19:36:13.387+0000] {logging_mixin.py:190} INFO - [2025-03-08T19:36:13.386+0000] {dag.py:4180} INFO - Setting next_dagrun for example_sensors to None, run_after=None
[2025-03-08T19:36:13.431+0000] {processor.py:208} INFO - Processing /home/airflow/.local/lib/python3.12/site-packages/airflow/example_dags/example_sensors.py took 0.231 seconds
[2025-03-08T19:36:46.971+0000] {processor.py:186} INFO - Started process (PID=24843) to work on /home/airflow/.local/lib/python3.12/site-packages/airflow/example_dags/example_sensors.py
[2025-03-08T19:36:46.977+0000] {processor.py:914} INFO - Processing file /home/airflow/.local/lib/python3.12/site-packages/airflow/example_dags/example_sensors.py for tasks to queue
[2025-03-08T19:36:46.982+0000] {logging_mixin.py:190} INFO - [2025-03-08T19:36:46.981+0000] {dagbag.py:588} INFO - Filling up the DagBag from /home/airflow/.local/lib/python3.12/site-packages/airflow/example_dags/example_sensors.py
[2025-03-08T19:36:47.078+0000] {processor.py:925} INFO - DAG(s) 'example_sensors' retrieved from /home/airflow/.local/lib/python3.12/site-packages/airflow/example_dags/example_sensors.py
[2025-03-08T19:36:47.231+0000] {logging_mixin.py:190} INFO - [2025-03-08T19:36:47.230+0000] {dag.py:3239} INFO - Sync 1 DAGs
[2025-03-08T19:36:47.345+0000] {logging_mixin.py:190} INFO - [2025-03-08T19:36:47.333+0000] {dag.py:4180} INFO - Setting next_dagrun for example_sensors to None, run_after=None
[2025-03-08T19:36:47.410+0000] {processor.py:208} INFO - Processing /home/airflow/.local/lib/python3.12/site-packages/airflow/example_dags/example_sensors.py took 0.484 seconds
[2025-03-08T19:37:17.892+0000] {processor.py:186} INFO - Started process (PID=24905) to work on /home/airflow/.local/lib/python3.12/site-packages/airflow/example_dags/example_sensors.py
[2025-03-08T19:37:17.893+0000] {processor.py:914} INFO - Processing file /home/airflow/.local/lib/python3.12/site-packages/airflow/example_dags/example_sensors.py for tasks to queue
[2025-03-08T19:37:17.898+0000] {logging_mixin.py:190} INFO - [2025-03-08T19:37:17.897+0000] {dagbag.py:588} INFO - Filling up the DagBag from /home/airflow/.local/lib/python3.12/site-packages/airflow/example_dags/example_sensors.py
[2025-03-08T19:37:17.926+0000] {processor.py:925} INFO - DAG(s) 'example_sensors' retrieved from /home/airflow/.local/lib/python3.12/site-packages/airflow/example_dags/example_sensors.py
[2025-03-08T19:37:18.051+0000] {logging_mixin.py:190} INFO - [2025-03-08T19:37:18.051+0000] {dag.py:3239} INFO - Sync 1 DAGs
[2025-03-08T19:37:18.088+0000] {logging_mixin.py:190} INFO - [2025-03-08T19:37:18.088+0000] {dag.py:4180} INFO - Setting next_dagrun for example_sensors to None, run_after=None
[2025-03-08T19:37:18.130+0000] {processor.py:208} INFO - Processing /home/airflow/.local/lib/python3.12/site-packages/airflow/example_dags/example_sensors.py took 0.253 seconds
[2025-03-08T19:37:48.713+0000] {processor.py:186} INFO - Started process (PID=24966) to work on /home/airflow/.local/lib/python3.12/site-packages/airflow/example_dags/example_sensors.py
[2025-03-08T19:37:48.714+0000] {processor.py:914} INFO - Processing file /home/airflow/.local/lib/python3.12/site-packages/airflow/example_dags/example_sensors.py for tasks to queue
[2025-03-08T19:37:48.719+0000] {logging_mixin.py:190} INFO - [2025-03-08T19:37:48.718+0000] {dagbag.py:588} INFO - Filling up the DagBag from /home/airflow/.local/lib/python3.12/site-packages/airflow/example_dags/example_sensors.py
[2025-03-08T19:37:48.775+0000] {processor.py:925} INFO - DAG(s) 'example_sensors' retrieved from /home/airflow/.local/lib/python3.12/site-packages/airflow/example_dags/example_sensors.py
[2025-03-08T19:37:48.860+0000] {logging_mixin.py:190} INFO - [2025-03-08T19:37:48.859+0000] {dag.py:3239} INFO - Sync 1 DAGs
[2025-03-08T19:37:48.901+0000] {logging_mixin.py:190} INFO - [2025-03-08T19:37:48.901+0000] {dag.py:4180} INFO - Setting next_dagrun for example_sensors to None, run_after=None
[2025-03-08T19:37:48.948+0000] {processor.py:208} INFO - Processing /home/airflow/.local/lib/python3.12/site-packages/airflow/example_dags/example_sensors.py took 0.274 seconds
[2025-03-08T19:38:19.615+0000] {processor.py:186} INFO - Started process (PID=25029) to work on /home/airflow/.local/lib/python3.12/site-packages/airflow/example_dags/example_sensors.py
[2025-03-08T19:38:19.616+0000] {processor.py:914} INFO - Processing file /home/airflow/.local/lib/python3.12/site-packages/airflow/example_dags/example_sensors.py for tasks to queue
[2025-03-08T19:38:19.621+0000] {logging_mixin.py:190} INFO - [2025-03-08T19:38:19.620+0000] {dagbag.py:588} INFO - Filling up the DagBag from /home/airflow/.local/lib/python3.12/site-packages/airflow/example_dags/example_sensors.py
[2025-03-08T19:38:19.648+0000] {processor.py:925} INFO - DAG(s) 'example_sensors' retrieved from /home/airflow/.local/lib/python3.12/site-packages/airflow/example_dags/example_sensors.py
[2025-03-08T19:38:19.714+0000] {logging_mixin.py:190} INFO - [2025-03-08T19:38:19.713+0000] {dag.py:3239} INFO - Sync 1 DAGs
[2025-03-08T19:38:19.751+0000] {logging_mixin.py:190} INFO - [2025-03-08T19:38:19.750+0000] {dag.py:4180} INFO - Setting next_dagrun for example_sensors to None, run_after=None
[2025-03-08T19:38:19.794+0000] {processor.py:208} INFO - Processing /home/airflow/.local/lib/python3.12/site-packages/airflow/example_dags/example_sensors.py took 0.194 seconds
[2025-03-08T19:38:50.060+0000] {processor.py:186} INFO - Started process (PID=25092) to work on /home/airflow/.local/lib/python3.12/site-packages/airflow/example_dags/example_sensors.py
[2025-03-08T19:38:50.064+0000] {processor.py:914} INFO - Processing file /home/airflow/.local/lib/python3.12/site-packages/airflow/example_dags/example_sensors.py for tasks to queue
[2025-03-08T19:38:50.068+0000] {logging_mixin.py:190} INFO - [2025-03-08T19:38:50.067+0000] {dagbag.py:588} INFO - Filling up the DagBag from /home/airflow/.local/lib/python3.12/site-packages/airflow/example_dags/example_sensors.py
[2025-03-08T19:38:50.098+0000] {processor.py:925} INFO - DAG(s) 'example_sensors' retrieved from /home/airflow/.local/lib/python3.12/site-packages/airflow/example_dags/example_sensors.py
[2025-03-08T19:38:50.160+0000] {logging_mixin.py:190} INFO - [2025-03-08T19:38:50.160+0000] {dag.py:3239} INFO - Sync 1 DAGs
[2025-03-08T19:38:50.195+0000] {logging_mixin.py:190} INFO - [2025-03-08T19:38:50.195+0000] {dag.py:4180} INFO - Setting next_dagrun for example_sensors to None, run_after=None
[2025-03-08T19:38:50.239+0000] {processor.py:208} INFO - Processing /home/airflow/.local/lib/python3.12/site-packages/airflow/example_dags/example_sensors.py took 0.191 seconds
[2025-03-08T19:39:20.817+0000] {processor.py:186} INFO - Started process (PID=25155) to work on /home/airflow/.local/lib/python3.12/site-packages/airflow/example_dags/example_sensors.py
[2025-03-08T19:39:20.818+0000] {processor.py:914} INFO - Processing file /home/airflow/.local/lib/python3.12/site-packages/airflow/example_dags/example_sensors.py for tasks to queue
[2025-03-08T19:39:20.823+0000] {logging_mixin.py:190} INFO - [2025-03-08T19:39:20.822+0000] {dagbag.py:588} INFO - Filling up the DagBag from /home/airflow/.local/lib/python3.12/site-packages/airflow/example_dags/example_sensors.py
[2025-03-08T19:39:20.850+0000] {processor.py:925} INFO - DAG(s) 'example_sensors' retrieved from /home/airflow/.local/lib/python3.12/site-packages/airflow/example_dags/example_sensors.py
[2025-03-08T19:39:20.910+0000] {logging_mixin.py:190} INFO - [2025-03-08T19:39:20.909+0000] {dag.py:3239} INFO - Sync 1 DAGs
[2025-03-08T19:39:20.945+0000] {logging_mixin.py:190} INFO - [2025-03-08T19:39:20.944+0000] {dag.py:4180} INFO - Setting next_dagrun for example_sensors to None, run_after=None
[2025-03-08T19:39:20.987+0000] {processor.py:208} INFO - Processing /home/airflow/.local/lib/python3.12/site-packages/airflow/example_dags/example_sensors.py took 0.182 seconds
[2025-03-08T19:39:51.116+0000] {processor.py:186} INFO - Started process (PID=25218) to work on /home/airflow/.local/lib/python3.12/site-packages/airflow/example_dags/example_sensors.py
[2025-03-08T19:39:51.117+0000] {processor.py:914} INFO - Processing file /home/airflow/.local/lib/python3.12/site-packages/airflow/example_dags/example_sensors.py for tasks to queue
[2025-03-08T19:39:51.121+0000] {logging_mixin.py:190} INFO - [2025-03-08T19:39:51.120+0000] {dagbag.py:588} INFO - Filling up the DagBag from /home/airflow/.local/lib/python3.12/site-packages/airflow/example_dags/example_sensors.py
[2025-03-08T19:39:51.146+0000] {processor.py:925} INFO - DAG(s) 'example_sensors' retrieved from /home/airflow/.local/lib/python3.12/site-packages/airflow/example_dags/example_sensors.py
[2025-03-08T19:39:51.201+0000] {logging_mixin.py:190} INFO - [2025-03-08T19:39:51.200+0000] {dag.py:3239} INFO - Sync 1 DAGs
[2025-03-08T19:39:51.236+0000] {logging_mixin.py:190} INFO - [2025-03-08T19:39:51.235+0000] {dag.py:4180} INFO - Setting next_dagrun for example_sensors to None, run_after=None
[2025-03-08T19:39:51.271+0000] {processor.py:208} INFO - Processing /home/airflow/.local/lib/python3.12/site-packages/airflow/example_dags/example_sensors.py took 0.166 seconds
[2025-03-08T19:40:21.531+0000] {processor.py:186} INFO - Started process (PID=25281) to work on /home/airflow/.local/lib/python3.12/site-packages/airflow/example_dags/example_sensors.py
[2025-03-08T19:40:21.533+0000] {processor.py:914} INFO - Processing file /home/airflow/.local/lib/python3.12/site-packages/airflow/example_dags/example_sensors.py for tasks to queue
[2025-03-08T19:40:21.537+0000] {logging_mixin.py:190} INFO - [2025-03-08T19:40:21.536+0000] {dagbag.py:588} INFO - Filling up the DagBag from /home/airflow/.local/lib/python3.12/site-packages/airflow/example_dags/example_sensors.py
[2025-03-08T19:40:21.562+0000] {processor.py:925} INFO - DAG(s) 'example_sensors' retrieved from /home/airflow/.local/lib/python3.12/site-packages/airflow/example_dags/example_sensors.py
[2025-03-08T19:40:21.622+0000] {logging_mixin.py:190} INFO - [2025-03-08T19:40:21.622+0000] {dag.py:3239} INFO - Sync 1 DAGs
[2025-03-08T19:40:21.657+0000] {logging_mixin.py:190} INFO - [2025-03-08T19:40:21.657+0000] {dag.py:4180} INFO - Setting next_dagrun for example_sensors to None, run_after=None
[2025-03-08T19:40:21.698+0000] {processor.py:208} INFO - Processing /home/airflow/.local/lib/python3.12/site-packages/airflow/example_dags/example_sensors.py took 0.179 seconds
[2025-03-08T19:40:52.120+0000] {processor.py:186} INFO - Started process (PID=25345) to work on /home/airflow/.local/lib/python3.12/site-packages/airflow/example_dags/example_sensors.py
[2025-03-08T19:40:52.121+0000] {processor.py:914} INFO - Processing file /home/airflow/.local/lib/python3.12/site-packages/airflow/example_dags/example_sensors.py for tasks to queue
[2025-03-08T19:40:52.125+0000] {logging_mixin.py:190} INFO - [2025-03-08T19:40:52.125+0000] {dagbag.py:588} INFO - Filling up the DagBag from /home/airflow/.local/lib/python3.12/site-packages/airflow/example_dags/example_sensors.py
[2025-03-08T19:40:52.150+0000] {processor.py:925} INFO - DAG(s) 'example_sensors' retrieved from /home/airflow/.local/lib/python3.12/site-packages/airflow/example_dags/example_sensors.py
[2025-03-08T19:40:52.203+0000] {logging_mixin.py:190} INFO - [2025-03-08T19:40:52.202+0000] {dag.py:3239} INFO - Sync 1 DAGs
[2025-03-08T19:40:52.237+0000] {logging_mixin.py:190} INFO - [2025-03-08T19:40:52.236+0000] {dag.py:4180} INFO - Setting next_dagrun for example_sensors to None, run_after=None
[2025-03-08T19:40:52.271+0000] {processor.py:208} INFO - Processing /home/airflow/.local/lib/python3.12/site-packages/airflow/example_dags/example_sensors.py took 0.163 seconds
[2025-03-08T19:41:22.342+0000] {processor.py:186} INFO - Started process (PID=25408) to work on /home/airflow/.local/lib/python3.12/site-packages/airflow/example_dags/example_sensors.py
[2025-03-08T19:41:22.344+0000] {processor.py:914} INFO - Processing file /home/airflow/.local/lib/python3.12/site-packages/airflow/example_dags/example_sensors.py for tasks to queue
[2025-03-08T19:41:22.347+0000] {logging_mixin.py:190} INFO - [2025-03-08T19:41:22.347+0000] {dagbag.py:588} INFO - Filling up the DagBag from /home/airflow/.local/lib/python3.12/site-packages/airflow/example_dags/example_sensors.py
[2025-03-08T19:41:22.372+0000] {processor.py:925} INFO - DAG(s) 'example_sensors' retrieved from /home/airflow/.local/lib/python3.12/site-packages/airflow/example_dags/example_sensors.py
[2025-03-08T19:41:22.428+0000] {logging_mixin.py:190} INFO - [2025-03-08T19:41:22.427+0000] {dag.py:3239} INFO - Sync 1 DAGs
[2025-03-08T19:41:22.455+0000] {logging_mixin.py:190} INFO - [2025-03-08T19:41:22.454+0000] {dag.py:4180} INFO - Setting next_dagrun for example_sensors to None, run_after=None
[2025-03-08T19:41:22.487+0000] {processor.py:208} INFO - Processing /home/airflow/.local/lib/python3.12/site-packages/airflow/example_dags/example_sensors.py took 0.155 seconds
[2025-03-08T19:41:52.955+0000] {processor.py:186} INFO - Started process (PID=25471) to work on /home/airflow/.local/lib/python3.12/site-packages/airflow/example_dags/example_sensors.py
[2025-03-08T19:41:52.956+0000] {processor.py:914} INFO - Processing file /home/airflow/.local/lib/python3.12/site-packages/airflow/example_dags/example_sensors.py for tasks to queue
[2025-03-08T19:41:52.960+0000] {logging_mixin.py:190} INFO - [2025-03-08T19:41:52.960+0000] {dagbag.py:588} INFO - Filling up the DagBag from /home/airflow/.local/lib/python3.12/site-packages/airflow/example_dags/example_sensors.py
[2025-03-08T19:41:52.982+0000] {processor.py:925} INFO - DAG(s) 'example_sensors' retrieved from /home/airflow/.local/lib/python3.12/site-packages/airflow/example_dags/example_sensors.py
[2025-03-08T19:41:53.035+0000] {logging_mixin.py:190} INFO - [2025-03-08T19:41:53.035+0000] {dag.py:3239} INFO - Sync 1 DAGs
[2025-03-08T19:41:53.065+0000] {logging_mixin.py:190} INFO - [2025-03-08T19:41:53.064+0000] {dag.py:4180} INFO - Setting next_dagrun for example_sensors to None, run_after=None
[2025-03-08T19:41:53.104+0000] {processor.py:208} INFO - Processing /home/airflow/.local/lib/python3.12/site-packages/airflow/example_dags/example_sensors.py took 0.160 seconds
[2025-03-08T19:42:23.366+0000] {processor.py:186} INFO - Started process (PID=25533) to work on /home/airflow/.local/lib/python3.12/site-packages/airflow/example_dags/example_sensors.py
[2025-03-08T19:42:23.367+0000] {processor.py:914} INFO - Processing file /home/airflow/.local/lib/python3.12/site-packages/airflow/example_dags/example_sensors.py for tasks to queue
[2025-03-08T19:42:23.371+0000] {logging_mixin.py:190} INFO - [2025-03-08T19:42:23.370+0000] {dagbag.py:588} INFO - Filling up the DagBag from /home/airflow/.local/lib/python3.12/site-packages/airflow/example_dags/example_sensors.py
[2025-03-08T19:42:23.392+0000] {processor.py:925} INFO - DAG(s) 'example_sensors' retrieved from /home/airflow/.local/lib/python3.12/site-packages/airflow/example_dags/example_sensors.py
[2025-03-08T19:42:23.437+0000] {logging_mixin.py:190} INFO - [2025-03-08T19:42:23.437+0000] {dag.py:3239} INFO - Sync 1 DAGs
[2025-03-08T19:42:23.471+0000] {logging_mixin.py:190} INFO - [2025-03-08T19:42:23.471+0000] {dag.py:4180} INFO - Setting next_dagrun for example_sensors to None, run_after=None
[2025-03-08T19:42:23.510+0000] {processor.py:208} INFO - Processing /home/airflow/.local/lib/python3.12/site-packages/airflow/example_dags/example_sensors.py took 0.155 seconds
[2025-03-08T19:42:53.578+0000] {processor.py:186} INFO - Started process (PID=25596) to work on /home/airflow/.local/lib/python3.12/site-packages/airflow/example_dags/example_sensors.py
[2025-03-08T19:42:53.579+0000] {processor.py:914} INFO - Processing file /home/airflow/.local/lib/python3.12/site-packages/airflow/example_dags/example_sensors.py for tasks to queue
[2025-03-08T19:42:53.582+0000] {logging_mixin.py:190} INFO - [2025-03-08T19:42:53.581+0000] {dagbag.py:588} INFO - Filling up the DagBag from /home/airflow/.local/lib/python3.12/site-packages/airflow/example_dags/example_sensors.py
[2025-03-08T19:42:53.599+0000] {processor.py:925} INFO - DAG(s) 'example_sensors' retrieved from /home/airflow/.local/lib/python3.12/site-packages/airflow/example_dags/example_sensors.py
[2025-03-08T19:42:53.651+0000] {logging_mixin.py:190} INFO - [2025-03-08T19:42:53.650+0000] {dag.py:3239} INFO - Sync 1 DAGs
[2025-03-08T19:42:53.683+0000] {logging_mixin.py:190} INFO - [2025-03-08T19:42:53.683+0000] {dag.py:4180} INFO - Setting next_dagrun for example_sensors to None, run_after=None
[2025-03-08T19:42:53.725+0000] {processor.py:208} INFO - Processing /home/airflow/.local/lib/python3.12/site-packages/airflow/example_dags/example_sensors.py took 0.156 seconds
[2025-03-08T19:43:24.390+0000] {processor.py:186} INFO - Started process (PID=25659) to work on /home/airflow/.local/lib/python3.12/site-packages/airflow/example_dags/example_sensors.py
[2025-03-08T19:43:24.392+0000] {processor.py:914} INFO - Processing file /home/airflow/.local/lib/python3.12/site-packages/airflow/example_dags/example_sensors.py for tasks to queue
[2025-03-08T19:43:24.396+0000] {logging_mixin.py:190} INFO - [2025-03-08T19:43:24.395+0000] {dagbag.py:588} INFO - Filling up the DagBag from /home/airflow/.local/lib/python3.12/site-packages/airflow/example_dags/example_sensors.py
[2025-03-08T19:43:24.421+0000] {processor.py:925} INFO - DAG(s) 'example_sensors' retrieved from /home/airflow/.local/lib/python3.12/site-packages/airflow/example_dags/example_sensors.py
[2025-03-08T19:43:24.479+0000] {logging_mixin.py:190} INFO - [2025-03-08T19:43:24.479+0000] {dag.py:3239} INFO - Sync 1 DAGs
[2025-03-08T19:43:24.514+0000] {logging_mixin.py:190} INFO - [2025-03-08T19:43:24.513+0000] {dag.py:4180} INFO - Setting next_dagrun for example_sensors to None, run_after=None
[2025-03-08T19:43:24.552+0000] {processor.py:208} INFO - Processing /home/airflow/.local/lib/python3.12/site-packages/airflow/example_dags/example_sensors.py took 0.173 seconds
[2025-03-08T19:43:55.135+0000] {processor.py:186} INFO - Started process (PID=25722) to work on /home/airflow/.local/lib/python3.12/site-packages/airflow/example_dags/example_sensors.py
[2025-03-08T19:43:55.136+0000] {processor.py:914} INFO - Processing file /home/airflow/.local/lib/python3.12/site-packages/airflow/example_dags/example_sensors.py for tasks to queue
[2025-03-08T19:43:55.139+0000] {logging_mixin.py:190} INFO - [2025-03-08T19:43:55.138+0000] {dagbag.py:588} INFO - Filling up the DagBag from /home/airflow/.local/lib/python3.12/site-packages/airflow/example_dags/example_sensors.py
[2025-03-08T19:43:55.156+0000] {processor.py:925} INFO - DAG(s) 'example_sensors' retrieved from /home/airflow/.local/lib/python3.12/site-packages/airflow/example_dags/example_sensors.py
[2025-03-08T19:43:55.216+0000] {logging_mixin.py:190} INFO - [2025-03-08T19:43:55.215+0000] {dag.py:3239} INFO - Sync 1 DAGs
[2025-03-08T19:43:55.249+0000] {logging_mixin.py:190} INFO - [2025-03-08T19:43:55.249+0000] {dag.py:4180} INFO - Setting next_dagrun for example_sensors to None, run_after=None
[2025-03-08T19:43:55.279+0000] {processor.py:208} INFO - Processing /home/airflow/.local/lib/python3.12/site-packages/airflow/example_dags/example_sensors.py took 0.153 seconds
[2025-03-08T19:44:25.985+0000] {processor.py:186} INFO - Started process (PID=25785) to work on /home/airflow/.local/lib/python3.12/site-packages/airflow/example_dags/example_sensors.py
[2025-03-08T19:44:25.987+0000] {processor.py:914} INFO - Processing file /home/airflow/.local/lib/python3.12/site-packages/airflow/example_dags/example_sensors.py for tasks to queue
[2025-03-08T19:44:25.991+0000] {logging_mixin.py:190} INFO - [2025-03-08T19:44:25.990+0000] {dagbag.py:588} INFO - Filling up the DagBag from /home/airflow/.local/lib/python3.12/site-packages/airflow/example_dags/example_sensors.py
[2025-03-08T19:44:26.017+0000] {processor.py:925} INFO - DAG(s) 'example_sensors' retrieved from /home/airflow/.local/lib/python3.12/site-packages/airflow/example_dags/example_sensors.py
[2025-03-08T19:44:26.076+0000] {logging_mixin.py:190} INFO - [2025-03-08T19:44:26.075+0000] {dag.py:3239} INFO - Sync 1 DAGs
[2025-03-08T19:44:26.100+0000] {logging_mixin.py:190} INFO - [2025-03-08T19:44:26.100+0000] {dag.py:4180} INFO - Setting next_dagrun for example_sensors to None, run_after=None
[2025-03-08T19:44:26.131+0000] {processor.py:208} INFO - Processing /home/airflow/.local/lib/python3.12/site-packages/airflow/example_dags/example_sensors.py took 0.158 seconds
[2025-03-08T19:44:56.490+0000] {processor.py:186} INFO - Started process (PID=25847) to work on /home/airflow/.local/lib/python3.12/site-packages/airflow/example_dags/example_sensors.py
[2025-03-08T19:44:56.491+0000] {processor.py:914} INFO - Processing file /home/airflow/.local/lib/python3.12/site-packages/airflow/example_dags/example_sensors.py for tasks to queue
[2025-03-08T19:44:56.494+0000] {logging_mixin.py:190} INFO - [2025-03-08T19:44:56.494+0000] {dagbag.py:588} INFO - Filling up the DagBag from /home/airflow/.local/lib/python3.12/site-packages/airflow/example_dags/example_sensors.py
[2025-03-08T19:44:56.520+0000] {processor.py:925} INFO - DAG(s) 'example_sensors' retrieved from /home/airflow/.local/lib/python3.12/site-packages/airflow/example_dags/example_sensors.py
[2025-03-08T19:44:56.568+0000] {logging_mixin.py:190} INFO - [2025-03-08T19:44:56.567+0000] {dag.py:3239} INFO - Sync 1 DAGs
[2025-03-08T19:44:56.593+0000] {logging_mixin.py:190} INFO - [2025-03-08T19:44:56.593+0000] {dag.py:4180} INFO - Setting next_dagrun for example_sensors to None, run_after=None
[2025-03-08T19:44:56.624+0000] {processor.py:208} INFO - Processing /home/airflow/.local/lib/python3.12/site-packages/airflow/example_dags/example_sensors.py took 0.143 seconds
[2025-03-08T19:45:26.715+0000] {processor.py:186} INFO - Started process (PID=25910) to work on /home/airflow/.local/lib/python3.12/site-packages/airflow/example_dags/example_sensors.py
[2025-03-08T19:45:26.716+0000] {processor.py:914} INFO - Processing file /home/airflow/.local/lib/python3.12/site-packages/airflow/example_dags/example_sensors.py for tasks to queue
[2025-03-08T19:45:26.719+0000] {logging_mixin.py:190} INFO - [2025-03-08T19:45:26.718+0000] {dagbag.py:588} INFO - Filling up the DagBag from /home/airflow/.local/lib/python3.12/site-packages/airflow/example_dags/example_sensors.py
[2025-03-08T19:45:26.736+0000] {processor.py:925} INFO - DAG(s) 'example_sensors' retrieved from /home/airflow/.local/lib/python3.12/site-packages/airflow/example_dags/example_sensors.py
[2025-03-08T19:45:26.782+0000] {logging_mixin.py:190} INFO - [2025-03-08T19:45:26.781+0000] {dag.py:3239} INFO - Sync 1 DAGs
[2025-03-08T19:45:26.816+0000] {logging_mixin.py:190} INFO - [2025-03-08T19:45:26.815+0000] {dag.py:4180} INFO - Setting next_dagrun for example_sensors to None, run_after=None
[2025-03-08T19:45:26.854+0000] {processor.py:208} INFO - Processing /home/airflow/.local/lib/python3.12/site-packages/airflow/example_dags/example_sensors.py took 0.148 seconds
[2025-03-08T19:45:57.332+0000] {processor.py:186} INFO - Started process (PID=25972) to work on /home/airflow/.local/lib/python3.12/site-packages/airflow/example_dags/example_sensors.py
[2025-03-08T19:45:57.333+0000] {processor.py:914} INFO - Processing file /home/airflow/.local/lib/python3.12/site-packages/airflow/example_dags/example_sensors.py for tasks to queue
[2025-03-08T19:45:57.337+0000] {logging_mixin.py:190} INFO - [2025-03-08T19:45:57.336+0000] {dagbag.py:588} INFO - Filling up the DagBag from /home/airflow/.local/lib/python3.12/site-packages/airflow/example_dags/example_sensors.py
[2025-03-08T19:45:57.362+0000] {processor.py:925} INFO - DAG(s) 'example_sensors' retrieved from /home/airflow/.local/lib/python3.12/site-packages/airflow/example_dags/example_sensors.py
[2025-03-08T19:45:57.404+0000] {logging_mixin.py:190} INFO - [2025-03-08T19:45:57.403+0000] {dag.py:3239} INFO - Sync 1 DAGs
[2025-03-08T19:45:57.430+0000] {logging_mixin.py:190} INFO - [2025-03-08T19:45:57.430+0000] {dag.py:4180} INFO - Setting next_dagrun for example_sensors to None, run_after=None
[2025-03-08T19:45:57.460+0000] {processor.py:208} INFO - Processing /home/airflow/.local/lib/python3.12/site-packages/airflow/example_dags/example_sensors.py took 0.140 seconds
[2025-03-08T19:46:28.219+0000] {processor.py:186} INFO - Started process (PID=26035) to work on /home/airflow/.local/lib/python3.12/site-packages/airflow/example_dags/example_sensors.py
[2025-03-08T19:46:28.228+0000] {processor.py:914} INFO - Processing file /home/airflow/.local/lib/python3.12/site-packages/airflow/example_dags/example_sensors.py for tasks to queue
[2025-03-08T19:46:28.231+0000] {logging_mixin.py:190} INFO - [2025-03-08T19:46:28.230+0000] {dagbag.py:588} INFO - Filling up the DagBag from /home/airflow/.local/lib/python3.12/site-packages/airflow/example_dags/example_sensors.py
[2025-03-08T19:46:28.247+0000] {processor.py:925} INFO - DAG(s) 'example_sensors' retrieved from /home/airflow/.local/lib/python3.12/site-packages/airflow/example_dags/example_sensors.py
[2025-03-08T19:46:28.287+0000] {logging_mixin.py:190} INFO - [2025-03-08T19:46:28.287+0000] {dag.py:3239} INFO - Sync 1 DAGs
[2025-03-08T19:46:28.311+0000] {logging_mixin.py:190} INFO - [2025-03-08T19:46:28.310+0000] {dag.py:4180} INFO - Setting next_dagrun for example_sensors to None, run_after=None
[2025-03-08T19:46:28.339+0000] {processor.py:208} INFO - Processing /home/airflow/.local/lib/python3.12/site-packages/airflow/example_dags/example_sensors.py took 0.128 seconds
[2025-03-08T19:46:58.455+0000] {processor.py:186} INFO - Started process (PID=26098) to work on /home/airflow/.local/lib/python3.12/site-packages/airflow/example_dags/example_sensors.py
[2025-03-08T19:46:58.457+0000] {processor.py:914} INFO - Processing file /home/airflow/.local/lib/python3.12/site-packages/airflow/example_dags/example_sensors.py for tasks to queue
[2025-03-08T19:46:58.459+0000] {logging_mixin.py:190} INFO - [2025-03-08T19:46:58.459+0000] {dagbag.py:588} INFO - Filling up the DagBag from /home/airflow/.local/lib/python3.12/site-packages/airflow/example_dags/example_sensors.py
[2025-03-08T19:46:58.476+0000] {processor.py:925} INFO - DAG(s) 'example_sensors' retrieved from /home/airflow/.local/lib/python3.12/site-packages/airflow/example_dags/example_sensors.py
[2025-03-08T19:46:58.516+0000] {logging_mixin.py:190} INFO - [2025-03-08T19:46:58.516+0000] {dag.py:3239} INFO - Sync 1 DAGs
[2025-03-08T19:46:58.539+0000] {logging_mixin.py:190} INFO - [2025-03-08T19:46:58.539+0000] {dag.py:4180} INFO - Setting next_dagrun for example_sensors to None, run_after=None
[2025-03-08T19:46:58.567+0000] {processor.py:208} INFO - Processing /home/airflow/.local/lib/python3.12/site-packages/airflow/example_dags/example_sensors.py took 0.119 seconds
[2025-03-08T19:47:28.633+0000] {processor.py:186} INFO - Started process (PID=26146) to work on /home/airflow/.local/lib/python3.12/site-packages/airflow/example_dags/example_sensors.py
[2025-03-08T19:47:28.634+0000] {processor.py:914} INFO - Processing file /home/airflow/.local/lib/python3.12/site-packages/airflow/example_dags/example_sensors.py for tasks to queue
[2025-03-08T19:47:28.637+0000] {logging_mixin.py:190} INFO - [2025-03-08T19:47:28.636+0000] {dagbag.py:588} INFO - Filling up the DagBag from /home/airflow/.local/lib/python3.12/site-packages/airflow/example_dags/example_sensors.py
[2025-03-08T19:47:28.654+0000] {processor.py:925} INFO - DAG(s) 'example_sensors' retrieved from /home/airflow/.local/lib/python3.12/site-packages/airflow/example_dags/example_sensors.py
[2025-03-08T19:47:28.695+0000] {logging_mixin.py:190} INFO - [2025-03-08T19:47:28.695+0000] {dag.py:3239} INFO - Sync 1 DAGs
[2025-03-08T19:47:28.719+0000] {logging_mixin.py:190} INFO - [2025-03-08T19:47:28.718+0000] {dag.py:4180} INFO - Setting next_dagrun for example_sensors to None, run_after=None
[2025-03-08T19:47:28.749+0000] {processor.py:208} INFO - Processing /home/airflow/.local/lib/python3.12/site-packages/airflow/example_dags/example_sensors.py took 0.125 seconds
[2025-03-08T19:48:00.038+0000] {processor.py:186} INFO - Started process (PID=26207) to work on /home/airflow/.local/lib/python3.12/site-packages/airflow/example_dags/example_sensors.py
[2025-03-08T19:48:00.039+0000] {processor.py:914} INFO - Processing file /home/airflow/.local/lib/python3.12/site-packages/airflow/example_dags/example_sensors.py for tasks to queue
[2025-03-08T19:48:00.042+0000] {logging_mixin.py:190} INFO - [2025-03-08T19:48:00.041+0000] {dagbag.py:588} INFO - Filling up the DagBag from /home/airflow/.local/lib/python3.12/site-packages/airflow/example_dags/example_sensors.py
[2025-03-08T19:48:00.059+0000] {processor.py:925} INFO - DAG(s) 'example_sensors' retrieved from /home/airflow/.local/lib/python3.12/site-packages/airflow/example_dags/example_sensors.py
[2025-03-08T19:48:00.099+0000] {logging_mixin.py:190} INFO - [2025-03-08T19:48:00.099+0000] {dag.py:3239} INFO - Sync 1 DAGs
[2025-03-08T19:48:00.122+0000] {logging_mixin.py:190} INFO - [2025-03-08T19:48:00.122+0000] {dag.py:4180} INFO - Setting next_dagrun for example_sensors to None, run_after=None
[2025-03-08T19:48:00.150+0000] {processor.py:208} INFO - Processing /home/airflow/.local/lib/python3.12/site-packages/airflow/example_dags/example_sensors.py took 0.120 seconds
[2025-03-08T19:48:31.998+0000] {processor.py:186} INFO - Started process (PID=26270) to work on /home/airflow/.local/lib/python3.12/site-packages/airflow/example_dags/example_sensors.py
[2025-03-08T19:48:31.999+0000] {processor.py:914} INFO - Processing file /home/airflow/.local/lib/python3.12/site-packages/airflow/example_dags/example_sensors.py for tasks to queue
[2025-03-08T19:48:32.002+0000] {logging_mixin.py:190} INFO - [2025-03-08T19:48:32.002+0000] {dagbag.py:588} INFO - Filling up the DagBag from /home/airflow/.local/lib/python3.12/site-packages/airflow/example_dags/example_sensors.py
[2025-03-08T19:48:32.020+0000] {processor.py:925} INFO - DAG(s) 'example_sensors' retrieved from /home/airflow/.local/lib/python3.12/site-packages/airflow/example_dags/example_sensors.py
[2025-03-08T19:48:32.071+0000] {logging_mixin.py:190} INFO - [2025-03-08T19:48:32.070+0000] {dag.py:3239} INFO - Sync 1 DAGs
[2025-03-08T19:48:32.096+0000] {logging_mixin.py:190} INFO - [2025-03-08T19:48:32.095+0000] {dag.py:4180} INFO - Setting next_dagrun for example_sensors to None, run_after=None
[2025-03-08T19:48:32.127+0000] {processor.py:208} INFO - Processing /home/airflow/.local/lib/python3.12/site-packages/airflow/example_dags/example_sensors.py took 0.138 seconds
[2025-03-08T19:49:03.140+0000] {processor.py:186} INFO - Started process (PID=26332) to work on /home/airflow/.local/lib/python3.12/site-packages/airflow/example_dags/example_sensors.py
[2025-03-08T19:49:03.141+0000] {processor.py:914} INFO - Processing file /home/airflow/.local/lib/python3.12/site-packages/airflow/example_dags/example_sensors.py for tasks to queue
[2025-03-08T19:49:03.144+0000] {logging_mixin.py:190} INFO - [2025-03-08T19:49:03.143+0000] {dagbag.py:588} INFO - Filling up the DagBag from /home/airflow/.local/lib/python3.12/site-packages/airflow/example_dags/example_sensors.py
[2025-03-08T19:49:03.161+0000] {processor.py:925} INFO - DAG(s) 'example_sensors' retrieved from /home/airflow/.local/lib/python3.12/site-packages/airflow/example_dags/example_sensors.py
[2025-03-08T19:49:03.202+0000] {logging_mixin.py:190} INFO - [2025-03-08T19:49:03.201+0000] {dag.py:3239} INFO - Sync 1 DAGs
[2025-03-08T19:49:03.225+0000] {logging_mixin.py:190} INFO - [2025-03-08T19:49:03.225+0000] {dag.py:4180} INFO - Setting next_dagrun for example_sensors to None, run_after=None
[2025-03-08T19:49:03.254+0000] {processor.py:208} INFO - Processing /home/airflow/.local/lib/python3.12/site-packages/airflow/example_dags/example_sensors.py took 0.123 seconds
[2025-03-08T19:49:34.464+0000] {processor.py:186} INFO - Started process (PID=26395) to work on /home/airflow/.local/lib/python3.12/site-packages/airflow/example_dags/example_sensors.py
[2025-03-08T19:49:34.465+0000] {processor.py:914} INFO - Processing file /home/airflow/.local/lib/python3.12/site-packages/airflow/example_dags/example_sensors.py for tasks to queue
[2025-03-08T19:49:34.468+0000] {logging_mixin.py:190} INFO - [2025-03-08T19:49:34.467+0000] {dagbag.py:588} INFO - Filling up the DagBag from /home/airflow/.local/lib/python3.12/site-packages/airflow/example_dags/example_sensors.py
[2025-03-08T19:49:34.485+0000] {processor.py:925} INFO - DAG(s) 'example_sensors' retrieved from /home/airflow/.local/lib/python3.12/site-packages/airflow/example_dags/example_sensors.py
[2025-03-08T19:49:34.525+0000] {logging_mixin.py:190} INFO - [2025-03-08T19:49:34.525+0000] {dag.py:3239} INFO - Sync 1 DAGs
[2025-03-08T19:49:34.548+0000] {logging_mixin.py:190} INFO - [2025-03-08T19:49:34.548+0000] {dag.py:4180} INFO - Setting next_dagrun for example_sensors to None, run_after=None
[2025-03-08T19:49:34.576+0000] {processor.py:208} INFO - Processing /home/airflow/.local/lib/python3.12/site-packages/airflow/example_dags/example_sensors.py took 0.120 seconds
[2025-03-08T19:50:05.672+0000] {processor.py:186} INFO - Started process (PID=26457) to work on /home/airflow/.local/lib/python3.12/site-packages/airflow/example_dags/example_sensors.py
[2025-03-08T19:50:05.673+0000] {processor.py:914} INFO - Processing file /home/airflow/.local/lib/python3.12/site-packages/airflow/example_dags/example_sensors.py for tasks to queue
[2025-03-08T19:50:05.676+0000] {logging_mixin.py:190} INFO - [2025-03-08T19:50:05.676+0000] {dagbag.py:588} INFO - Filling up the DagBag from /home/airflow/.local/lib/python3.12/site-packages/airflow/example_dags/example_sensors.py
[2025-03-08T19:50:05.693+0000] {processor.py:925} INFO - DAG(s) 'example_sensors' retrieved from /home/airflow/.local/lib/python3.12/site-packages/airflow/example_dags/example_sensors.py
[2025-03-08T19:50:05.735+0000] {logging_mixin.py:190} INFO - [2025-03-08T19:50:05.735+0000] {dag.py:3239} INFO - Sync 1 DAGs
[2025-03-08T19:50:05.760+0000] {logging_mixin.py:190} INFO - [2025-03-08T19:50:05.759+0000] {dag.py:4180} INFO - Setting next_dagrun for example_sensors to None, run_after=None
[2025-03-08T19:50:05.789+0000] {processor.py:208} INFO - Processing /home/airflow/.local/lib/python3.12/site-packages/airflow/example_dags/example_sensors.py took 0.125 seconds
[2025-03-08T19:50:36.989+0000] {processor.py:186} INFO - Started process (PID=26520) to work on /home/airflow/.local/lib/python3.12/site-packages/airflow/example_dags/example_sensors.py
[2025-03-08T19:50:36.990+0000] {processor.py:914} INFO - Processing file /home/airflow/.local/lib/python3.12/site-packages/airflow/example_dags/example_sensors.py for tasks to queue
[2025-03-08T19:50:36.993+0000] {logging_mixin.py:190} INFO - [2025-03-08T19:50:36.992+0000] {dagbag.py:588} INFO - Filling up the DagBag from /home/airflow/.local/lib/python3.12/site-packages/airflow/example_dags/example_sensors.py
[2025-03-08T19:50:37.010+0000] {processor.py:925} INFO - DAG(s) 'example_sensors' retrieved from /home/airflow/.local/lib/python3.12/site-packages/airflow/example_dags/example_sensors.py
[2025-03-08T19:50:37.055+0000] {logging_mixin.py:190} INFO - [2025-03-08T19:50:37.055+0000] {dag.py:3239} INFO - Sync 1 DAGs
[2025-03-08T19:50:37.079+0000] {logging_mixin.py:190} INFO - [2025-03-08T19:50:37.078+0000] {dag.py:4180} INFO - Setting next_dagrun for example_sensors to None, run_after=None
[2025-03-08T19:50:37.107+0000] {processor.py:208} INFO - Processing /home/airflow/.local/lib/python3.12/site-packages/airflow/example_dags/example_sensors.py took 0.126 seconds
[2025-03-08T19:51:08.471+0000] {processor.py:186} INFO - Started process (PID=26583) to work on /home/airflow/.local/lib/python3.12/site-packages/airflow/example_dags/example_sensors.py
[2025-03-08T19:51:08.472+0000] {processor.py:914} INFO - Processing file /home/airflow/.local/lib/python3.12/site-packages/airflow/example_dags/example_sensors.py for tasks to queue
[2025-03-08T19:51:08.475+0000] {logging_mixin.py:190} INFO - [2025-03-08T19:51:08.475+0000] {dagbag.py:588} INFO - Filling up the DagBag from /home/airflow/.local/lib/python3.12/site-packages/airflow/example_dags/example_sensors.py
[2025-03-08T19:51:08.492+0000] {processor.py:925} INFO - DAG(s) 'example_sensors' retrieved from /home/airflow/.local/lib/python3.12/site-packages/airflow/example_dags/example_sensors.py
[2025-03-08T19:51:08.538+0000] {logging_mixin.py:190} INFO - [2025-03-08T19:51:08.537+0000] {dag.py:3239} INFO - Sync 1 DAGs
[2025-03-08T19:51:08.565+0000] {logging_mixin.py:190} INFO - [2025-03-08T19:51:08.564+0000] {dag.py:4180} INFO - Setting next_dagrun for example_sensors to None, run_after=None
[2025-03-08T19:51:08.599+0000] {processor.py:208} INFO - Processing /home/airflow/.local/lib/python3.12/site-packages/airflow/example_dags/example_sensors.py took 0.137 seconds
[2025-03-08T19:51:39.691+0000] {processor.py:186} INFO - Started process (PID=26646) to work on /home/airflow/.local/lib/python3.12/site-packages/airflow/example_dags/example_sensors.py
[2025-03-08T19:51:39.692+0000] {processor.py:914} INFO - Processing file /home/airflow/.local/lib/python3.12/site-packages/airflow/example_dags/example_sensors.py for tasks to queue
[2025-03-08T19:51:39.695+0000] {logging_mixin.py:190} INFO - [2025-03-08T19:51:39.695+0000] {dagbag.py:588} INFO - Filling up the DagBag from /home/airflow/.local/lib/python3.12/site-packages/airflow/example_dags/example_sensors.py
[2025-03-08T19:51:39.712+0000] {processor.py:925} INFO - DAG(s) 'example_sensors' retrieved from /home/airflow/.local/lib/python3.12/site-packages/airflow/example_dags/example_sensors.py
[2025-03-08T19:51:39.754+0000] {logging_mixin.py:190} INFO - [2025-03-08T19:51:39.754+0000] {dag.py:3239} INFO - Sync 1 DAGs
[2025-03-08T19:51:39.779+0000] {logging_mixin.py:190} INFO - [2025-03-08T19:51:39.779+0000] {dag.py:4180} INFO - Setting next_dagrun for example_sensors to None, run_after=None
[2025-03-08T19:51:39.808+0000] {processor.py:208} INFO - Processing /home/airflow/.local/lib/python3.12/site-packages/airflow/example_dags/example_sensors.py took 0.125 seconds
[2025-03-08T19:52:11.471+0000] {processor.py:186} INFO - Started process (PID=26710) to work on /home/airflow/.local/lib/python3.12/site-packages/airflow/example_dags/example_sensors.py
[2025-03-08T19:52:11.472+0000] {processor.py:914} INFO - Processing file /home/airflow/.local/lib/python3.12/site-packages/airflow/example_dags/example_sensors.py for tasks to queue
[2025-03-08T19:52:11.476+0000] {logging_mixin.py:190} INFO - [2025-03-08T19:52:11.475+0000] {dagbag.py:588} INFO - Filling up the DagBag from /home/airflow/.local/lib/python3.12/site-packages/airflow/example_dags/example_sensors.py
[2025-03-08T19:52:11.500+0000] {processor.py:925} INFO - DAG(s) 'example_sensors' retrieved from /home/airflow/.local/lib/python3.12/site-packages/airflow/example_dags/example_sensors.py
[2025-03-08T19:52:11.558+0000] {logging_mixin.py:190} INFO - [2025-03-08T19:52:11.557+0000] {dag.py:3239} INFO - Sync 1 DAGs
[2025-03-08T19:52:11.590+0000] {logging_mixin.py:190} INFO - [2025-03-08T19:52:11.590+0000] {dag.py:4180} INFO - Setting next_dagrun for example_sensors to None, run_after=None
[2025-03-08T19:52:11.620+0000] {processor.py:208} INFO - Processing /home/airflow/.local/lib/python3.12/site-packages/airflow/example_dags/example_sensors.py took 0.157 seconds
[2025-03-08T19:52:42.657+0000] {processor.py:186} INFO - Started process (PID=26779) to work on /home/airflow/.local/lib/python3.12/site-packages/airflow/example_dags/example_sensors.py
[2025-03-08T19:52:42.659+0000] {processor.py:914} INFO - Processing file /home/airflow/.local/lib/python3.12/site-packages/airflow/example_dags/example_sensors.py for tasks to queue
[2025-03-08T19:52:42.662+0000] {logging_mixin.py:190} INFO - [2025-03-08T19:52:42.661+0000] {dagbag.py:588} INFO - Filling up the DagBag from /home/airflow/.local/lib/python3.12/site-packages/airflow/example_dags/example_sensors.py
[2025-03-08T19:52:42.679+0000] {processor.py:925} INFO - DAG(s) 'example_sensors' retrieved from /home/airflow/.local/lib/python3.12/site-packages/airflow/example_dags/example_sensors.py
[2025-03-08T19:52:42.723+0000] {logging_mixin.py:190} INFO - [2025-03-08T19:52:42.723+0000] {dag.py:3239} INFO - Sync 1 DAGs
[2025-03-08T19:52:42.748+0000] {logging_mixin.py:190} INFO - [2025-03-08T19:52:42.747+0000] {dag.py:4180} INFO - Setting next_dagrun for example_sensors to None, run_after=None
[2025-03-08T19:52:42.788+0000] {processor.py:208} INFO - Processing /home/airflow/.local/lib/python3.12/site-packages/airflow/example_dags/example_sensors.py took 0.139 seconds
[2025-03-08T19:53:12.891+0000] {processor.py:186} INFO - Started process (PID=26839) to work on /home/airflow/.local/lib/python3.12/site-packages/airflow/example_dags/example_sensors.py
[2025-03-08T19:53:12.892+0000] {processor.py:914} INFO - Processing file /home/airflow/.local/lib/python3.12/site-packages/airflow/example_dags/example_sensors.py for tasks to queue
[2025-03-08T19:53:12.895+0000] {logging_mixin.py:190} INFO - [2025-03-08T19:53:12.895+0000] {dagbag.py:588} INFO - Filling up the DagBag from /home/airflow/.local/lib/python3.12/site-packages/airflow/example_dags/example_sensors.py
[2025-03-08T19:53:12.913+0000] {processor.py:925} INFO - DAG(s) 'example_sensors' retrieved from /home/airflow/.local/lib/python3.12/site-packages/airflow/example_dags/example_sensors.py
[2025-03-08T19:53:12.970+0000] {logging_mixin.py:190} INFO - [2025-03-08T19:53:12.970+0000] {dag.py:3239} INFO - Sync 1 DAGs
[2025-03-08T19:53:13.002+0000] {logging_mixin.py:190} INFO - [2025-03-08T19:53:13.002+0000] {dag.py:4180} INFO - Setting next_dagrun for example_sensors to None, run_after=None
[2025-03-08T19:53:13.039+0000] {processor.py:208} INFO - Processing /home/airflow/.local/lib/python3.12/site-packages/airflow/example_dags/example_sensors.py took 0.158 seconds
[2025-03-08T19:53:43.197+0000] {processor.py:186} INFO - Started process (PID=26902) to work on /home/airflow/.local/lib/python3.12/site-packages/airflow/example_dags/example_sensors.py
[2025-03-08T19:53:43.198+0000] {processor.py:914} INFO - Processing file /home/airflow/.local/lib/python3.12/site-packages/airflow/example_dags/example_sensors.py for tasks to queue
[2025-03-08T19:53:43.201+0000] {logging_mixin.py:190} INFO - [2025-03-08T19:53:43.200+0000] {dagbag.py:588} INFO - Filling up the DagBag from /home/airflow/.local/lib/python3.12/site-packages/airflow/example_dags/example_sensors.py
[2025-03-08T19:53:43.218+0000] {processor.py:925} INFO - DAG(s) 'example_sensors' retrieved from /home/airflow/.local/lib/python3.12/site-packages/airflow/example_dags/example_sensors.py
[2025-03-08T19:53:43.264+0000] {logging_mixin.py:190} INFO - [2025-03-08T19:53:43.264+0000] {dag.py:3239} INFO - Sync 1 DAGs
[2025-03-08T19:53:43.291+0000] {logging_mixin.py:190} INFO - [2025-03-08T19:53:43.291+0000] {dag.py:4180} INFO - Setting next_dagrun for example_sensors to None, run_after=None
[2025-03-08T19:53:43.334+0000] {processor.py:208} INFO - Processing /home/airflow/.local/lib/python3.12/site-packages/airflow/example_dags/example_sensors.py took 0.145 seconds
[2025-03-08T19:54:14.004+0000] {processor.py:186} INFO - Started process (PID=26965) to work on /home/airflow/.local/lib/python3.12/site-packages/airflow/example_dags/example_sensors.py
[2025-03-08T19:54:14.006+0000] {processor.py:914} INFO - Processing file /home/airflow/.local/lib/python3.12/site-packages/airflow/example_dags/example_sensors.py for tasks to queue
[2025-03-08T19:54:14.009+0000] {logging_mixin.py:190} INFO - [2025-03-08T19:54:14.008+0000] {dagbag.py:588} INFO - Filling up the DagBag from /home/airflow/.local/lib/python3.12/site-packages/airflow/example_dags/example_sensors.py
[2025-03-08T19:54:14.027+0000] {processor.py:925} INFO - DAG(s) 'example_sensors' retrieved from /home/airflow/.local/lib/python3.12/site-packages/airflow/example_dags/example_sensors.py
[2025-03-08T19:54:14.068+0000] {logging_mixin.py:190} INFO - [2025-03-08T19:54:14.068+0000] {dag.py:3239} INFO - Sync 1 DAGs
[2025-03-08T19:54:14.092+0000] {logging_mixin.py:190} INFO - [2025-03-08T19:54:14.091+0000] {dag.py:4180} INFO - Setting next_dagrun for example_sensors to None, run_after=None
[2025-03-08T19:54:14.121+0000] {processor.py:208} INFO - Processing /home/airflow/.local/lib/python3.12/site-packages/airflow/example_dags/example_sensors.py took 0.125 seconds
[2025-03-08T19:54:44.703+0000] {processor.py:186} INFO - Started process (PID=27027) to work on /home/airflow/.local/lib/python3.12/site-packages/airflow/example_dags/example_sensors.py
[2025-03-08T19:54:44.704+0000] {processor.py:914} INFO - Processing file /home/airflow/.local/lib/python3.12/site-packages/airflow/example_dags/example_sensors.py for tasks to queue
[2025-03-08T19:54:44.707+0000] {logging_mixin.py:190} INFO - [2025-03-08T19:54:44.706+0000] {dagbag.py:588} INFO - Filling up the DagBag from /home/airflow/.local/lib/python3.12/site-packages/airflow/example_dags/example_sensors.py
[2025-03-08T19:54:44.724+0000] {processor.py:925} INFO - DAG(s) 'example_sensors' retrieved from /home/airflow/.local/lib/python3.12/site-packages/airflow/example_dags/example_sensors.py
[2025-03-08T19:54:44.765+0000] {logging_mixin.py:190} INFO - [2025-03-08T19:54:44.765+0000] {dag.py:3239} INFO - Sync 1 DAGs
[2025-03-08T19:54:44.788+0000] {logging_mixin.py:190} INFO - [2025-03-08T19:54:44.788+0000] {dag.py:4180} INFO - Setting next_dagrun for example_sensors to None, run_after=None
[2025-03-08T19:54:44.819+0000] {processor.py:208} INFO - Processing /home/airflow/.local/lib/python3.12/site-packages/airflow/example_dags/example_sensors.py took 0.124 seconds
[2025-03-08T19:55:15.341+0000] {processor.py:186} INFO - Started process (PID=27090) to work on /home/airflow/.local/lib/python3.12/site-packages/airflow/example_dags/example_sensors.py
[2025-03-08T19:55:15.343+0000] {processor.py:914} INFO - Processing file /home/airflow/.local/lib/python3.12/site-packages/airflow/example_dags/example_sensors.py for tasks to queue
[2025-03-08T19:55:15.346+0000] {logging_mixin.py:190} INFO - [2025-03-08T19:55:15.345+0000] {dagbag.py:588} INFO - Filling up the DagBag from /home/airflow/.local/lib/python3.12/site-packages/airflow/example_dags/example_sensors.py
[2025-03-08T19:55:15.363+0000] {processor.py:925} INFO - DAG(s) 'example_sensors' retrieved from /home/airflow/.local/lib/python3.12/site-packages/airflow/example_dags/example_sensors.py
[2025-03-08T19:55:15.405+0000] {logging_mixin.py:190} INFO - [2025-03-08T19:55:15.404+0000] {dag.py:3239} INFO - Sync 1 DAGs
[2025-03-08T19:55:15.428+0000] {logging_mixin.py:190} INFO - [2025-03-08T19:55:15.428+0000] {dag.py:4180} INFO - Setting next_dagrun for example_sensors to None, run_after=None
[2025-03-08T19:55:15.467+0000] {processor.py:208} INFO - Processing /home/airflow/.local/lib/python3.12/site-packages/airflow/example_dags/example_sensors.py took 0.134 seconds
[2025-03-08T19:55:45.839+0000] {processor.py:186} INFO - Started process (PID=27153) to work on /home/airflow/.local/lib/python3.12/site-packages/airflow/example_dags/example_sensors.py
[2025-03-08T19:55:45.840+0000] {processor.py:914} INFO - Processing file /home/airflow/.local/lib/python3.12/site-packages/airflow/example_dags/example_sensors.py for tasks to queue
[2025-03-08T19:55:45.844+0000] {logging_mixin.py:190} INFO - [2025-03-08T19:55:45.844+0000] {dagbag.py:588} INFO - Filling up the DagBag from /home/airflow/.local/lib/python3.12/site-packages/airflow/example_dags/example_sensors.py
[2025-03-08T19:55:45.870+0000] {processor.py:925} INFO - DAG(s) 'example_sensors' retrieved from /home/airflow/.local/lib/python3.12/site-packages/airflow/example_dags/example_sensors.py
[2025-03-08T19:55:45.923+0000] {logging_mixin.py:190} INFO - [2025-03-08T19:55:45.923+0000] {dag.py:3239} INFO - Sync 1 DAGs
[2025-03-08T19:55:45.949+0000] {logging_mixin.py:190} INFO - [2025-03-08T19:55:45.948+0000] {dag.py:4180} INFO - Setting next_dagrun for example_sensors to None, run_after=None
[2025-03-08T19:55:45.982+0000] {processor.py:208} INFO - Processing /home/airflow/.local/lib/python3.12/site-packages/airflow/example_dags/example_sensors.py took 0.156 seconds
[2025-03-08T20:31:10.771+0000] {processor.py:186} INFO - Started process (PID=27224) to work on /home/airflow/.local/lib/python3.12/site-packages/airflow/example_dags/example_sensors.py
[2025-03-08T20:31:10.772+0000] {processor.py:914} INFO - Processing file /home/airflow/.local/lib/python3.12/site-packages/airflow/example_dags/example_sensors.py for tasks to queue
[2025-03-08T20:31:10.775+0000] {logging_mixin.py:190} INFO - [2025-03-08T20:31:10.775+0000] {dagbag.py:588} INFO - Filling up the DagBag from /home/airflow/.local/lib/python3.12/site-packages/airflow/example_dags/example_sensors.py
[2025-03-08T20:31:10.793+0000] {processor.py:925} INFO - DAG(s) 'example_sensors' retrieved from /home/airflow/.local/lib/python3.12/site-packages/airflow/example_dags/example_sensors.py
[2025-03-08T20:31:10.842+0000] {logging_mixin.py:190} INFO - [2025-03-08T20:31:10.841+0000] {dag.py:3239} INFO - Sync 1 DAGs
[2025-03-08T20:31:10.867+0000] {logging_mixin.py:190} INFO - [2025-03-08T20:31:10.866+0000] {dag.py:4180} INFO - Setting next_dagrun for example_sensors to None, run_after=None
[2025-03-08T20:31:10.896+0000] {processor.py:208} INFO - Processing /home/airflow/.local/lib/python3.12/site-packages/airflow/example_dags/example_sensors.py took 0.134 seconds
[2025-03-08T20:31:42.816+0000] {processor.py:186} INFO - Started process (PID=27287) to work on /home/airflow/.local/lib/python3.12/site-packages/airflow/example_dags/example_sensors.py
[2025-03-08T20:31:42.818+0000] {processor.py:914} INFO - Processing file /home/airflow/.local/lib/python3.12/site-packages/airflow/example_dags/example_sensors.py for tasks to queue
[2025-03-08T20:31:42.823+0000] {logging_mixin.py:190} INFO - [2025-03-08T20:31:42.822+0000] {dagbag.py:588} INFO - Filling up the DagBag from /home/airflow/.local/lib/python3.12/site-packages/airflow/example_dags/example_sensors.py
[2025-03-08T20:31:42.842+0000] {processor.py:925} INFO - DAG(s) 'example_sensors' retrieved from /home/airflow/.local/lib/python3.12/site-packages/airflow/example_dags/example_sensors.py
[2025-03-08T20:31:42.907+0000] {logging_mixin.py:190} INFO - [2025-03-08T20:31:42.907+0000] {dag.py:3239} INFO - Sync 1 DAGs
[2025-03-08T20:31:42.946+0000] {logging_mixin.py:190} INFO - [2025-03-08T20:31:42.946+0000] {dag.py:4180} INFO - Setting next_dagrun for example_sensors to None, run_after=None
[2025-03-08T20:31:42.982+0000] {processor.py:208} INFO - Processing /home/airflow/.local/lib/python3.12/site-packages/airflow/example_dags/example_sensors.py took 0.179 seconds
[2025-03-08T20:32:13.178+0000] {processor.py:186} INFO - Started process (PID=27350) to work on /home/airflow/.local/lib/python3.12/site-packages/airflow/example_dags/example_sensors.py
[2025-03-08T20:32:13.179+0000] {processor.py:914} INFO - Processing file /home/airflow/.local/lib/python3.12/site-packages/airflow/example_dags/example_sensors.py for tasks to queue
[2025-03-08T20:32:13.182+0000] {logging_mixin.py:190} INFO - [2025-03-08T20:32:13.182+0000] {dagbag.py:588} INFO - Filling up the DagBag from /home/airflow/.local/lib/python3.12/site-packages/airflow/example_dags/example_sensors.py
[2025-03-08T20:32:13.205+0000] {processor.py:925} INFO - DAG(s) 'example_sensors' retrieved from /home/airflow/.local/lib/python3.12/site-packages/airflow/example_dags/example_sensors.py
[2025-03-08T20:32:13.266+0000] {logging_mixin.py:190} INFO - [2025-03-08T20:32:13.265+0000] {dag.py:3239} INFO - Sync 1 DAGs
[2025-03-08T20:32:13.301+0000] {logging_mixin.py:190} INFO - [2025-03-08T20:32:13.300+0000] {dag.py:4180} INFO - Setting next_dagrun for example_sensors to None, run_after=None
[2025-03-08T20:32:13.344+0000] {processor.py:208} INFO - Processing /home/airflow/.local/lib/python3.12/site-packages/airflow/example_dags/example_sensors.py took 0.175 seconds
[2025-03-08T20:32:43.425+0000] {processor.py:186} INFO - Started process (PID=27413) to work on /home/airflow/.local/lib/python3.12/site-packages/airflow/example_dags/example_sensors.py
[2025-03-08T20:32:43.427+0000] {processor.py:914} INFO - Processing file /home/airflow/.local/lib/python3.12/site-packages/airflow/example_dags/example_sensors.py for tasks to queue
[2025-03-08T20:32:43.431+0000] {logging_mixin.py:190} INFO - [2025-03-08T20:32:43.431+0000] {dagbag.py:588} INFO - Filling up the DagBag from /home/airflow/.local/lib/python3.12/site-packages/airflow/example_dags/example_sensors.py
[2025-03-08T20:32:43.458+0000] {processor.py:925} INFO - DAG(s) 'example_sensors' retrieved from /home/airflow/.local/lib/python3.12/site-packages/airflow/example_dags/example_sensors.py
[2025-03-08T20:32:43.518+0000] {logging_mixin.py:190} INFO - [2025-03-08T20:32:43.517+0000] {dag.py:3239} INFO - Sync 1 DAGs
[2025-03-08T20:32:43.550+0000] {logging_mixin.py:190} INFO - [2025-03-08T20:32:43.549+0000] {dag.py:4180} INFO - Setting next_dagrun for example_sensors to None, run_after=None
[2025-03-08T20:32:43.589+0000] {processor.py:208} INFO - Processing /home/airflow/.local/lib/python3.12/site-packages/airflow/example_dags/example_sensors.py took 0.179 seconds
[2025-03-08T20:33:13.820+0000] {processor.py:186} INFO - Started process (PID=27476) to work on /home/airflow/.local/lib/python3.12/site-packages/airflow/example_dags/example_sensors.py
[2025-03-08T20:33:13.828+0000] {processor.py:914} INFO - Processing file /home/airflow/.local/lib/python3.12/site-packages/airflow/example_dags/example_sensors.py for tasks to queue
[2025-03-08T20:33:13.831+0000] {logging_mixin.py:190} INFO - [2025-03-08T20:33:13.830+0000] {dagbag.py:588} INFO - Filling up the DagBag from /home/airflow/.local/lib/python3.12/site-packages/airflow/example_dags/example_sensors.py
[2025-03-08T20:33:13.857+0000] {processor.py:925} INFO - DAG(s) 'example_sensors' retrieved from /home/airflow/.local/lib/python3.12/site-packages/airflow/example_dags/example_sensors.py
[2025-03-08T20:33:13.918+0000] {logging_mixin.py:190} INFO - [2025-03-08T20:33:13.918+0000] {dag.py:3239} INFO - Sync 1 DAGs
[2025-03-08T20:33:13.954+0000] {logging_mixin.py:190} INFO - [2025-03-08T20:33:13.953+0000] {dag.py:4180} INFO - Setting next_dagrun for example_sensors to None, run_after=None
[2025-03-08T20:33:14.003+0000] {processor.py:208} INFO - Processing /home/airflow/.local/lib/python3.12/site-packages/airflow/example_dags/example_sensors.py took 0.196 seconds
[2025-03-08T20:33:44.309+0000] {processor.py:186} INFO - Started process (PID=27539) to work on /home/airflow/.local/lib/python3.12/site-packages/airflow/example_dags/example_sensors.py
[2025-03-08T20:33:44.310+0000] {processor.py:914} INFO - Processing file /home/airflow/.local/lib/python3.12/site-packages/airflow/example_dags/example_sensors.py for tasks to queue
[2025-03-08T20:33:44.313+0000] {logging_mixin.py:190} INFO - [2025-03-08T20:33:44.313+0000] {dagbag.py:588} INFO - Filling up the DagBag from /home/airflow/.local/lib/python3.12/site-packages/airflow/example_dags/example_sensors.py
[2025-03-08T20:33:44.335+0000] {processor.py:925} INFO - DAG(s) 'example_sensors' retrieved from /home/airflow/.local/lib/python3.12/site-packages/airflow/example_dags/example_sensors.py
[2025-03-08T20:33:44.378+0000] {logging_mixin.py:190} INFO - [2025-03-08T20:33:44.378+0000] {dag.py:3239} INFO - Sync 1 DAGs
[2025-03-08T20:33:44.409+0000] {logging_mixin.py:190} INFO - [2025-03-08T20:33:44.408+0000] {dag.py:4180} INFO - Setting next_dagrun for example_sensors to None, run_after=None
[2025-03-08T20:33:44.441+0000] {processor.py:208} INFO - Processing /home/airflow/.local/lib/python3.12/site-packages/airflow/example_dags/example_sensors.py took 0.141 seconds
[2025-03-08T20:34:15.008+0000] {processor.py:186} INFO - Started process (PID=27602) to work on /home/airflow/.local/lib/python3.12/site-packages/airflow/example_dags/example_sensors.py
[2025-03-08T20:34:15.010+0000] {processor.py:914} INFO - Processing file /home/airflow/.local/lib/python3.12/site-packages/airflow/example_dags/example_sensors.py for tasks to queue
[2025-03-08T20:34:15.014+0000] {logging_mixin.py:190} INFO - [2025-03-08T20:34:15.013+0000] {dagbag.py:588} INFO - Filling up the DagBag from /home/airflow/.local/lib/python3.12/site-packages/airflow/example_dags/example_sensors.py
[2025-03-08T20:34:15.033+0000] {processor.py:925} INFO - DAG(s) 'example_sensors' retrieved from /home/airflow/.local/lib/python3.12/site-packages/airflow/example_dags/example_sensors.py
[2025-03-08T20:34:15.087+0000] {logging_mixin.py:190} INFO - [2025-03-08T20:34:15.086+0000] {dag.py:3239} INFO - Sync 1 DAGs
[2025-03-08T20:34:15.118+0000] {logging_mixin.py:190} INFO - [2025-03-08T20:34:15.118+0000] {dag.py:4180} INFO - Setting next_dagrun for example_sensors to None, run_after=None
[2025-03-08T20:34:15.149+0000] {processor.py:208} INFO - Processing /home/airflow/.local/lib/python3.12/site-packages/airflow/example_dags/example_sensors.py took 0.153 seconds
[2025-03-08T20:34:45.945+0000] {processor.py:186} INFO - Started process (PID=27665) to work on /home/airflow/.local/lib/python3.12/site-packages/airflow/example_dags/example_sensors.py
[2025-03-08T20:34:45.947+0000] {processor.py:914} INFO - Processing file /home/airflow/.local/lib/python3.12/site-packages/airflow/example_dags/example_sensors.py for tasks to queue
[2025-03-08T20:34:45.949+0000] {logging_mixin.py:190} INFO - [2025-03-08T20:34:45.949+0000] {dagbag.py:588} INFO - Filling up the DagBag from /home/airflow/.local/lib/python3.12/site-packages/airflow/example_dags/example_sensors.py
[2025-03-08T20:34:45.966+0000] {processor.py:925} INFO - DAG(s) 'example_sensors' retrieved from /home/airflow/.local/lib/python3.12/site-packages/airflow/example_dags/example_sensors.py
[2025-03-08T20:34:46.007+0000] {logging_mixin.py:190} INFO - [2025-03-08T20:34:46.006+0000] {dag.py:3239} INFO - Sync 1 DAGs
[2025-03-08T20:34:46.030+0000] {logging_mixin.py:190} INFO - [2025-03-08T20:34:46.030+0000] {dag.py:4180} INFO - Setting next_dagrun for example_sensors to None, run_after=None
[2025-03-08T20:34:46.058+0000] {processor.py:208} INFO - Processing /home/airflow/.local/lib/python3.12/site-packages/airflow/example_dags/example_sensors.py took 0.121 seconds
[2025-03-08T20:35:16.582+0000] {processor.py:186} INFO - Started process (PID=27728) to work on /home/airflow/.local/lib/python3.12/site-packages/airflow/example_dags/example_sensors.py
[2025-03-08T20:35:16.583+0000] {processor.py:914} INFO - Processing file /home/airflow/.local/lib/python3.12/site-packages/airflow/example_dags/example_sensors.py for tasks to queue
[2025-03-08T20:35:16.586+0000] {logging_mixin.py:190} INFO - [2025-03-08T20:35:16.585+0000] {dagbag.py:588} INFO - Filling up the DagBag from /home/airflow/.local/lib/python3.12/site-packages/airflow/example_dags/example_sensors.py
[2025-03-08T20:35:16.603+0000] {processor.py:925} INFO - DAG(s) 'example_sensors' retrieved from /home/airflow/.local/lib/python3.12/site-packages/airflow/example_dags/example_sensors.py
[2025-03-08T20:35:16.645+0000] {logging_mixin.py:190} INFO - [2025-03-08T20:35:16.644+0000] {dag.py:3239} INFO - Sync 1 DAGs
[2025-03-08T20:35:16.667+0000] {logging_mixin.py:190} INFO - [2025-03-08T20:35:16.667+0000] {dag.py:4180} INFO - Setting next_dagrun for example_sensors to None, run_after=None
[2025-03-08T20:35:16.697+0000] {processor.py:208} INFO - Processing /home/airflow/.local/lib/python3.12/site-packages/airflow/example_dags/example_sensors.py took 0.123 seconds
[2025-03-08T20:35:47.313+0000] {processor.py:186} INFO - Started process (PID=27791) to work on /home/airflow/.local/lib/python3.12/site-packages/airflow/example_dags/example_sensors.py
[2025-03-08T20:35:47.314+0000] {processor.py:914} INFO - Processing file /home/airflow/.local/lib/python3.12/site-packages/airflow/example_dags/example_sensors.py for tasks to queue
[2025-03-08T20:35:47.317+0000] {logging_mixin.py:190} INFO - [2025-03-08T20:35:47.317+0000] {dagbag.py:588} INFO - Filling up the DagBag from /home/airflow/.local/lib/python3.12/site-packages/airflow/example_dags/example_sensors.py
[2025-03-08T20:35:47.334+0000] {processor.py:925} INFO - DAG(s) 'example_sensors' retrieved from /home/airflow/.local/lib/python3.12/site-packages/airflow/example_dags/example_sensors.py
[2025-03-08T20:35:47.374+0000] {logging_mixin.py:190} INFO - [2025-03-08T20:35:47.374+0000] {dag.py:3239} INFO - Sync 1 DAGs
[2025-03-08T20:35:47.396+0000] {logging_mixin.py:190} INFO - [2025-03-08T20:35:47.396+0000] {dag.py:4180} INFO - Setting next_dagrun for example_sensors to None, run_after=None
[2025-03-08T20:35:47.424+0000] {processor.py:208} INFO - Processing /home/airflow/.local/lib/python3.12/site-packages/airflow/example_dags/example_sensors.py took 0.119 seconds
[2025-03-08T20:36:18.249+0000] {processor.py:186} INFO - Started process (PID=27854) to work on /home/airflow/.local/lib/python3.12/site-packages/airflow/example_dags/example_sensors.py
[2025-03-08T20:36:18.250+0000] {processor.py:914} INFO - Processing file /home/airflow/.local/lib/python3.12/site-packages/airflow/example_dags/example_sensors.py for tasks to queue
[2025-03-08T20:36:18.253+0000] {logging_mixin.py:190} INFO - [2025-03-08T20:36:18.252+0000] {dagbag.py:588} INFO - Filling up the DagBag from /home/airflow/.local/lib/python3.12/site-packages/airflow/example_dags/example_sensors.py
[2025-03-08T20:36:18.269+0000] {processor.py:925} INFO - DAG(s) 'example_sensors' retrieved from /home/airflow/.local/lib/python3.12/site-packages/airflow/example_dags/example_sensors.py
[2025-03-08T20:36:18.318+0000] {logging_mixin.py:190} INFO - [2025-03-08T20:36:18.318+0000] {dag.py:3239} INFO - Sync 1 DAGs
[2025-03-08T20:36:18.341+0000] {logging_mixin.py:190} INFO - [2025-03-08T20:36:18.341+0000] {dag.py:4180} INFO - Setting next_dagrun for example_sensors to None, run_after=None
[2025-03-08T20:36:18.370+0000] {processor.py:208} INFO - Processing /home/airflow/.local/lib/python3.12/site-packages/airflow/example_dags/example_sensors.py took 0.130 seconds
[2025-03-08T20:36:49.206+0000] {processor.py:186} INFO - Started process (PID=27917) to work on /home/airflow/.local/lib/python3.12/site-packages/airflow/example_dags/example_sensors.py
[2025-03-08T20:36:49.207+0000] {processor.py:914} INFO - Processing file /home/airflow/.local/lib/python3.12/site-packages/airflow/example_dags/example_sensors.py for tasks to queue
[2025-03-08T20:36:49.210+0000] {logging_mixin.py:190} INFO - [2025-03-08T20:36:49.210+0000] {dagbag.py:588} INFO - Filling up the DagBag from /home/airflow/.local/lib/python3.12/site-packages/airflow/example_dags/example_sensors.py
[2025-03-08T20:36:49.227+0000] {processor.py:925} INFO - DAG(s) 'example_sensors' retrieved from /home/airflow/.local/lib/python3.12/site-packages/airflow/example_dags/example_sensors.py
[2025-03-08T20:36:49.268+0000] {logging_mixin.py:190} INFO - [2025-03-08T20:36:49.267+0000] {dag.py:3239} INFO - Sync 1 DAGs
[2025-03-08T20:36:49.300+0000] {logging_mixin.py:190} INFO - [2025-03-08T20:36:49.300+0000] {dag.py:4180} INFO - Setting next_dagrun for example_sensors to None, run_after=None
[2025-03-08T20:36:49.331+0000] {processor.py:208} INFO - Processing /home/airflow/.local/lib/python3.12/site-packages/airflow/example_dags/example_sensors.py took 0.133 seconds
[2025-03-08T20:37:19.849+0000] {processor.py:186} INFO - Started process (PID=27980) to work on /home/airflow/.local/lib/python3.12/site-packages/airflow/example_dags/example_sensors.py
[2025-03-08T20:37:19.850+0000] {processor.py:914} INFO - Processing file /home/airflow/.local/lib/python3.12/site-packages/airflow/example_dags/example_sensors.py for tasks to queue
[2025-03-08T20:37:19.853+0000] {logging_mixin.py:190} INFO - [2025-03-08T20:37:19.853+0000] {dagbag.py:588} INFO - Filling up the DagBag from /home/airflow/.local/lib/python3.12/site-packages/airflow/example_dags/example_sensors.py
[2025-03-08T20:37:19.870+0000] {processor.py:925} INFO - DAG(s) 'example_sensors' retrieved from /home/airflow/.local/lib/python3.12/site-packages/airflow/example_dags/example_sensors.py
[2025-03-08T20:37:19.912+0000] {logging_mixin.py:190} INFO - [2025-03-08T20:37:19.911+0000] {dag.py:3239} INFO - Sync 1 DAGs
[2025-03-08T20:37:19.934+0000] {logging_mixin.py:190} INFO - [2025-03-08T20:37:19.934+0000] {dag.py:4180} INFO - Setting next_dagrun for example_sensors to None, run_after=None
[2025-03-08T20:37:19.962+0000] {processor.py:208} INFO - Processing /home/airflow/.local/lib/python3.12/site-packages/airflow/example_dags/example_sensors.py took 0.121 seconds
[2025-03-08T20:37:50.392+0000] {processor.py:186} INFO - Started process (PID=28043) to work on /home/airflow/.local/lib/python3.12/site-packages/airflow/example_dags/example_sensors.py
[2025-03-08T20:37:50.393+0000] {processor.py:914} INFO - Processing file /home/airflow/.local/lib/python3.12/site-packages/airflow/example_dags/example_sensors.py for tasks to queue
[2025-03-08T20:37:50.396+0000] {logging_mixin.py:190} INFO - [2025-03-08T20:37:50.396+0000] {dagbag.py:588} INFO - Filling up the DagBag from /home/airflow/.local/lib/python3.12/site-packages/airflow/example_dags/example_sensors.py
[2025-03-08T20:37:50.413+0000] {processor.py:925} INFO - DAG(s) 'example_sensors' retrieved from /home/airflow/.local/lib/python3.12/site-packages/airflow/example_dags/example_sensors.py
[2025-03-08T20:37:50.453+0000] {logging_mixin.py:190} INFO - [2025-03-08T20:37:50.452+0000] {dag.py:3239} INFO - Sync 1 DAGs
[2025-03-08T20:37:50.477+0000] {logging_mixin.py:190} INFO - [2025-03-08T20:37:50.477+0000] {dag.py:4180} INFO - Setting next_dagrun for example_sensors to None, run_after=None
[2025-03-08T20:37:50.505+0000] {processor.py:208} INFO - Processing /home/airflow/.local/lib/python3.12/site-packages/airflow/example_dags/example_sensors.py took 0.121 seconds
[2025-03-08T20:38:21.007+0000] {processor.py:186} INFO - Started process (PID=28106) to work on /home/airflow/.local/lib/python3.12/site-packages/airflow/example_dags/example_sensors.py
[2025-03-08T20:38:21.008+0000] {processor.py:914} INFO - Processing file /home/airflow/.local/lib/python3.12/site-packages/airflow/example_dags/example_sensors.py for tasks to queue
[2025-03-08T20:38:21.012+0000] {logging_mixin.py:190} INFO - [2025-03-08T20:38:21.011+0000] {dagbag.py:588} INFO - Filling up the DagBag from /home/airflow/.local/lib/python3.12/site-packages/airflow/example_dags/example_sensors.py
[2025-03-08T20:38:21.029+0000] {processor.py:925} INFO - DAG(s) 'example_sensors' retrieved from /home/airflow/.local/lib/python3.12/site-packages/airflow/example_dags/example_sensors.py
[2025-03-08T20:38:21.070+0000] {logging_mixin.py:190} INFO - [2025-03-08T20:38:21.070+0000] {dag.py:3239} INFO - Sync 1 DAGs
[2025-03-08T20:38:21.093+0000] {logging_mixin.py:190} INFO - [2025-03-08T20:38:21.092+0000] {dag.py:4180} INFO - Setting next_dagrun for example_sensors to None, run_after=None
[2025-03-08T20:38:21.120+0000] {processor.py:208} INFO - Processing /home/airflow/.local/lib/python3.12/site-packages/airflow/example_dags/example_sensors.py took 0.121 seconds
[2025-03-08T20:38:51.815+0000] {processor.py:186} INFO - Started process (PID=28169) to work on /home/airflow/.local/lib/python3.12/site-packages/airflow/example_dags/example_sensors.py
[2025-03-08T20:38:51.816+0000] {processor.py:914} INFO - Processing file /home/airflow/.local/lib/python3.12/site-packages/airflow/example_dags/example_sensors.py for tasks to queue
[2025-03-08T20:38:51.819+0000] {logging_mixin.py:190} INFO - [2025-03-08T20:38:51.819+0000] {dagbag.py:588} INFO - Filling up the DagBag from /home/airflow/.local/lib/python3.12/site-packages/airflow/example_dags/example_sensors.py
[2025-03-08T20:38:51.836+0000] {processor.py:925} INFO - DAG(s) 'example_sensors' retrieved from /home/airflow/.local/lib/python3.12/site-packages/airflow/example_dags/example_sensors.py
[2025-03-08T20:38:51.876+0000] {logging_mixin.py:190} INFO - [2025-03-08T20:38:51.876+0000] {dag.py:3239} INFO - Sync 1 DAGs
[2025-03-08T20:38:51.900+0000] {logging_mixin.py:190} INFO - [2025-03-08T20:38:51.899+0000] {dag.py:4180} INFO - Setting next_dagrun for example_sensors to None, run_after=None
[2025-03-08T20:38:51.927+0000] {processor.py:208} INFO - Processing /home/airflow/.local/lib/python3.12/site-packages/airflow/example_dags/example_sensors.py took 0.121 seconds
[2025-03-08T20:39:22.733+0000] {processor.py:186} INFO - Started process (PID=28232) to work on /home/airflow/.local/lib/python3.12/site-packages/airflow/example_dags/example_sensors.py
[2025-03-08T20:39:22.734+0000] {processor.py:914} INFO - Processing file /home/airflow/.local/lib/python3.12/site-packages/airflow/example_dags/example_sensors.py for tasks to queue
[2025-03-08T20:39:22.737+0000] {logging_mixin.py:190} INFO - [2025-03-08T20:39:22.737+0000] {dagbag.py:588} INFO - Filling up the DagBag from /home/airflow/.local/lib/python3.12/site-packages/airflow/example_dags/example_sensors.py
[2025-03-08T20:39:22.754+0000] {processor.py:925} INFO - DAG(s) 'example_sensors' retrieved from /home/airflow/.local/lib/python3.12/site-packages/airflow/example_dags/example_sensors.py
[2025-03-08T20:39:22.798+0000] {logging_mixin.py:190} INFO - [2025-03-08T20:39:22.798+0000] {dag.py:3239} INFO - Sync 1 DAGs
[2025-03-08T20:39:22.821+0000] {logging_mixin.py:190} INFO - [2025-03-08T20:39:22.820+0000] {dag.py:4180} INFO - Setting next_dagrun for example_sensors to None, run_after=None
[2025-03-08T20:39:22.849+0000] {processor.py:208} INFO - Processing /home/airflow/.local/lib/python3.12/site-packages/airflow/example_dags/example_sensors.py took 0.124 seconds
[2025-03-08T20:39:53.502+0000] {processor.py:186} INFO - Started process (PID=28295) to work on /home/airflow/.local/lib/python3.12/site-packages/airflow/example_dags/example_sensors.py
[2025-03-08T20:39:53.504+0000] {processor.py:914} INFO - Processing file /home/airflow/.local/lib/python3.12/site-packages/airflow/example_dags/example_sensors.py for tasks to queue
[2025-03-08T20:39:53.507+0000] {logging_mixin.py:190} INFO - [2025-03-08T20:39:53.506+0000] {dagbag.py:588} INFO - Filling up the DagBag from /home/airflow/.local/lib/python3.12/site-packages/airflow/example_dags/example_sensors.py
[2025-03-08T20:39:53.524+0000] {processor.py:925} INFO - DAG(s) 'example_sensors' retrieved from /home/airflow/.local/lib/python3.12/site-packages/airflow/example_dags/example_sensors.py
[2025-03-08T20:39:53.566+0000] {logging_mixin.py:190} INFO - [2025-03-08T20:39:53.566+0000] {dag.py:3239} INFO - Sync 1 DAGs
[2025-03-08T20:39:53.589+0000] {logging_mixin.py:190} INFO - [2025-03-08T20:39:53.589+0000] {dag.py:4180} INFO - Setting next_dagrun for example_sensors to None, run_after=None
[2025-03-08T20:39:53.618+0000] {processor.py:208} INFO - Processing /home/airflow/.local/lib/python3.12/site-packages/airflow/example_dags/example_sensors.py took 0.124 seconds
[2025-03-08T20:40:24.154+0000] {processor.py:186} INFO - Started process (PID=28357) to work on /home/airflow/.local/lib/python3.12/site-packages/airflow/example_dags/example_sensors.py
[2025-03-08T20:40:24.155+0000] {processor.py:914} INFO - Processing file /home/airflow/.local/lib/python3.12/site-packages/airflow/example_dags/example_sensors.py for tasks to queue
[2025-03-08T20:40:24.159+0000] {logging_mixin.py:190} INFO - [2025-03-08T20:40:24.158+0000] {dagbag.py:588} INFO - Filling up the DagBag from /home/airflow/.local/lib/python3.12/site-packages/airflow/example_dags/example_sensors.py
[2025-03-08T20:40:24.179+0000] {processor.py:925} INFO - DAG(s) 'example_sensors' retrieved from /home/airflow/.local/lib/python3.12/site-packages/airflow/example_dags/example_sensors.py
[2025-03-08T20:40:24.220+0000] {logging_mixin.py:190} INFO - [2025-03-08T20:40:24.220+0000] {dag.py:3239} INFO - Sync 1 DAGs
[2025-03-08T20:40:24.243+0000] {logging_mixin.py:190} INFO - [2025-03-08T20:40:24.243+0000] {dag.py:4180} INFO - Setting next_dagrun for example_sensors to None, run_after=None
[2025-03-08T20:40:24.271+0000] {processor.py:208} INFO - Processing /home/airflow/.local/lib/python3.12/site-packages/airflow/example_dags/example_sensors.py took 0.128 seconds
[2025-03-08T20:40:54.667+0000] {processor.py:186} INFO - Started process (PID=28419) to work on /home/airflow/.local/lib/python3.12/site-packages/airflow/example_dags/example_sensors.py
[2025-03-08T20:40:54.668+0000] {processor.py:914} INFO - Processing file /home/airflow/.local/lib/python3.12/site-packages/airflow/example_dags/example_sensors.py for tasks to queue
[2025-03-08T20:40:54.670+0000] {logging_mixin.py:190} INFO - [2025-03-08T20:40:54.670+0000] {dagbag.py:588} INFO - Filling up the DagBag from /home/airflow/.local/lib/python3.12/site-packages/airflow/example_dags/example_sensors.py
[2025-03-08T20:40:54.687+0000] {processor.py:925} INFO - DAG(s) 'example_sensors' retrieved from /home/airflow/.local/lib/python3.12/site-packages/airflow/example_dags/example_sensors.py
[2025-03-08T20:40:54.727+0000] {logging_mixin.py:190} INFO - [2025-03-08T20:40:54.727+0000] {dag.py:3239} INFO - Sync 1 DAGs
[2025-03-08T20:40:54.751+0000] {logging_mixin.py:190} INFO - [2025-03-08T20:40:54.751+0000] {dag.py:4180} INFO - Setting next_dagrun for example_sensors to None, run_after=None
[2025-03-08T20:40:54.787+0000] {processor.py:208} INFO - Processing /home/airflow/.local/lib/python3.12/site-packages/airflow/example_dags/example_sensors.py took 0.128 seconds
[2025-03-08T20:41:25.184+0000] {processor.py:186} INFO - Started process (PID=28482) to work on /home/airflow/.local/lib/python3.12/site-packages/airflow/example_dags/example_sensors.py
[2025-03-08T20:41:25.185+0000] {processor.py:914} INFO - Processing file /home/airflow/.local/lib/python3.12/site-packages/airflow/example_dags/example_sensors.py for tasks to queue
[2025-03-08T20:41:25.188+0000] {logging_mixin.py:190} INFO - [2025-03-08T20:41:25.187+0000] {dagbag.py:588} INFO - Filling up the DagBag from /home/airflow/.local/lib/python3.12/site-packages/airflow/example_dags/example_sensors.py
[2025-03-08T20:41:25.204+0000] {processor.py:925} INFO - DAG(s) 'example_sensors' retrieved from /home/airflow/.local/lib/python3.12/site-packages/airflow/example_dags/example_sensors.py
[2025-03-08T20:41:25.245+0000] {logging_mixin.py:190} INFO - [2025-03-08T20:41:25.245+0000] {dag.py:3239} INFO - Sync 1 DAGs
[2025-03-08T20:41:25.268+0000] {logging_mixin.py:190} INFO - [2025-03-08T20:41:25.268+0000] {dag.py:4180} INFO - Setting next_dagrun for example_sensors to None, run_after=None
[2025-03-08T20:41:25.297+0000] {processor.py:208} INFO - Processing /home/airflow/.local/lib/python3.12/site-packages/airflow/example_dags/example_sensors.py took 0.122 seconds
[2025-03-08T20:41:55.694+0000] {processor.py:186} INFO - Started process (PID=28545) to work on /home/airflow/.local/lib/python3.12/site-packages/airflow/example_dags/example_sensors.py
[2025-03-08T20:41:55.695+0000] {processor.py:914} INFO - Processing file /home/airflow/.local/lib/python3.12/site-packages/airflow/example_dags/example_sensors.py for tasks to queue
[2025-03-08T20:41:55.699+0000] {logging_mixin.py:190} INFO - [2025-03-08T20:41:55.698+0000] {dagbag.py:588} INFO - Filling up the DagBag from /home/airflow/.local/lib/python3.12/site-packages/airflow/example_dags/example_sensors.py
[2025-03-08T20:41:55.723+0000] {processor.py:925} INFO - DAG(s) 'example_sensors' retrieved from /home/airflow/.local/lib/python3.12/site-packages/airflow/example_dags/example_sensors.py
[2025-03-08T20:41:55.764+0000] {logging_mixin.py:190} INFO - [2025-03-08T20:41:55.764+0000] {dag.py:3239} INFO - Sync 1 DAGs
[2025-03-08T20:41:55.787+0000] {logging_mixin.py:190} INFO - [2025-03-08T20:41:55.787+0000] {dag.py:4180} INFO - Setting next_dagrun for example_sensors to None, run_after=None
[2025-03-08T20:41:55.816+0000] {processor.py:208} INFO - Processing /home/airflow/.local/lib/python3.12/site-packages/airflow/example_dags/example_sensors.py took 0.131 seconds
[2025-03-08T20:42:26.735+0000] {processor.py:186} INFO - Started process (PID=28608) to work on /home/airflow/.local/lib/python3.12/site-packages/airflow/example_dags/example_sensors.py
[2025-03-08T20:42:26.736+0000] {processor.py:914} INFO - Processing file /home/airflow/.local/lib/python3.12/site-packages/airflow/example_dags/example_sensors.py for tasks to queue
[2025-03-08T20:42:26.739+0000] {logging_mixin.py:190} INFO - [2025-03-08T20:42:26.738+0000] {dagbag.py:588} INFO - Filling up the DagBag from /home/airflow/.local/lib/python3.12/site-packages/airflow/example_dags/example_sensors.py
[2025-03-08T20:42:26.756+0000] {processor.py:925} INFO - DAG(s) 'example_sensors' retrieved from /home/airflow/.local/lib/python3.12/site-packages/airflow/example_dags/example_sensors.py
[2025-03-08T20:42:26.796+0000] {logging_mixin.py:190} INFO - [2025-03-08T20:42:26.795+0000] {dag.py:3239} INFO - Sync 1 DAGs
[2025-03-08T20:42:26.818+0000] {logging_mixin.py:190} INFO - [2025-03-08T20:42:26.818+0000] {dag.py:4180} INFO - Setting next_dagrun for example_sensors to None, run_after=None
[2025-03-08T20:42:26.846+0000] {processor.py:208} INFO - Processing /home/airflow/.local/lib/python3.12/site-packages/airflow/example_dags/example_sensors.py took 0.119 seconds
[2025-03-08T20:42:57.317+0000] {processor.py:186} INFO - Started process (PID=28671) to work on /home/airflow/.local/lib/python3.12/site-packages/airflow/example_dags/example_sensors.py
[2025-03-08T20:42:57.318+0000] {processor.py:914} INFO - Processing file /home/airflow/.local/lib/python3.12/site-packages/airflow/example_dags/example_sensors.py for tasks to queue
[2025-03-08T20:42:57.321+0000] {logging_mixin.py:190} INFO - [2025-03-08T20:42:57.320+0000] {dagbag.py:588} INFO - Filling up the DagBag from /home/airflow/.local/lib/python3.12/site-packages/airflow/example_dags/example_sensors.py
[2025-03-08T20:42:57.337+0000] {processor.py:925} INFO - DAG(s) 'example_sensors' retrieved from /home/airflow/.local/lib/python3.12/site-packages/airflow/example_dags/example_sensors.py
[2025-03-08T20:42:57.379+0000] {logging_mixin.py:190} INFO - [2025-03-08T20:42:57.378+0000] {dag.py:3239} INFO - Sync 1 DAGs
[2025-03-08T20:42:57.403+0000] {logging_mixin.py:190} INFO - [2025-03-08T20:42:57.403+0000] {dag.py:4180} INFO - Setting next_dagrun for example_sensors to None, run_after=None
[2025-03-08T20:42:57.434+0000] {processor.py:208} INFO - Processing /home/airflow/.local/lib/python3.12/site-packages/airflow/example_dags/example_sensors.py took 0.125 seconds
[2025-03-08T20:43:27.631+0000] {processor.py:186} INFO - Started process (PID=28734) to work on /home/airflow/.local/lib/python3.12/site-packages/airflow/example_dags/example_sensors.py
[2025-03-08T20:43:27.632+0000] {processor.py:914} INFO - Processing file /home/airflow/.local/lib/python3.12/site-packages/airflow/example_dags/example_sensors.py for tasks to queue
[2025-03-08T20:43:27.635+0000] {logging_mixin.py:190} INFO - [2025-03-08T20:43:27.635+0000] {dagbag.py:588} INFO - Filling up the DagBag from /home/airflow/.local/lib/python3.12/site-packages/airflow/example_dags/example_sensors.py
[2025-03-08T20:43:27.652+0000] {processor.py:925} INFO - DAG(s) 'example_sensors' retrieved from /home/airflow/.local/lib/python3.12/site-packages/airflow/example_dags/example_sensors.py
[2025-03-08T20:43:27.693+0000] {logging_mixin.py:190} INFO - [2025-03-08T20:43:27.693+0000] {dag.py:3239} INFO - Sync 1 DAGs
[2025-03-08T20:43:27.716+0000] {logging_mixin.py:190} INFO - [2025-03-08T20:43:27.716+0000] {dag.py:4180} INFO - Setting next_dagrun for example_sensors to None, run_after=None
[2025-03-08T20:43:27.745+0000] {processor.py:208} INFO - Processing /home/airflow/.local/lib/python3.12/site-packages/airflow/example_dags/example_sensors.py took 0.122 seconds
[2025-03-08T20:43:58.578+0000] {processor.py:186} INFO - Started process (PID=28797) to work on /home/airflow/.local/lib/python3.12/site-packages/airflow/example_dags/example_sensors.py
[2025-03-08T20:43:58.579+0000] {processor.py:914} INFO - Processing file /home/airflow/.local/lib/python3.12/site-packages/airflow/example_dags/example_sensors.py for tasks to queue
[2025-03-08T20:43:58.582+0000] {logging_mixin.py:190} INFO - [2025-03-08T20:43:58.581+0000] {dagbag.py:588} INFO - Filling up the DagBag from /home/airflow/.local/lib/python3.12/site-packages/airflow/example_dags/example_sensors.py
[2025-03-08T20:43:58.600+0000] {processor.py:925} INFO - DAG(s) 'example_sensors' retrieved from /home/airflow/.local/lib/python3.12/site-packages/airflow/example_dags/example_sensors.py
[2025-03-08T20:43:58.645+0000] {logging_mixin.py:190} INFO - [2025-03-08T20:43:58.645+0000] {dag.py:3239} INFO - Sync 1 DAGs
[2025-03-08T20:43:58.670+0000] {logging_mixin.py:190} INFO - [2025-03-08T20:43:58.670+0000] {dag.py:4180} INFO - Setting next_dagrun for example_sensors to None, run_after=None
[2025-03-08T20:43:58.698+0000] {processor.py:208} INFO - Processing /home/airflow/.local/lib/python3.12/site-packages/airflow/example_dags/example_sensors.py took 0.129 seconds
[2025-03-08T20:44:29.806+0000] {processor.py:186} INFO - Started process (PID=28860) to work on /home/airflow/.local/lib/python3.12/site-packages/airflow/example_dags/example_sensors.py
[2025-03-08T20:44:29.807+0000] {processor.py:914} INFO - Processing file /home/airflow/.local/lib/python3.12/site-packages/airflow/example_dags/example_sensors.py for tasks to queue
[2025-03-08T20:44:29.810+0000] {logging_mixin.py:190} INFO - [2025-03-08T20:44:29.810+0000] {dagbag.py:588} INFO - Filling up the DagBag from /home/airflow/.local/lib/python3.12/site-packages/airflow/example_dags/example_sensors.py
[2025-03-08T20:44:29.830+0000] {processor.py:925} INFO - DAG(s) 'example_sensors' retrieved from /home/airflow/.local/lib/python3.12/site-packages/airflow/example_dags/example_sensors.py
[2025-03-08T20:44:29.875+0000] {logging_mixin.py:190} INFO - [2025-03-08T20:44:29.875+0000] {dag.py:3239} INFO - Sync 1 DAGs
[2025-03-08T20:44:29.898+0000] {logging_mixin.py:190} INFO - [2025-03-08T20:44:29.898+0000] {dag.py:4180} INFO - Setting next_dagrun for example_sensors to None, run_after=None
[2025-03-08T20:44:29.926+0000] {processor.py:208} INFO - Processing /home/airflow/.local/lib/python3.12/site-packages/airflow/example_dags/example_sensors.py took 0.129 seconds
[2025-03-08T20:45:00.972+0000] {processor.py:186} INFO - Started process (PID=28922) to work on /home/airflow/.local/lib/python3.12/site-packages/airflow/example_dags/example_sensors.py
[2025-03-08T20:45:00.973+0000] {processor.py:914} INFO - Processing file /home/airflow/.local/lib/python3.12/site-packages/airflow/example_dags/example_sensors.py for tasks to queue
[2025-03-08T20:45:00.976+0000] {logging_mixin.py:190} INFO - [2025-03-08T20:45:00.975+0000] {dagbag.py:588} INFO - Filling up the DagBag from /home/airflow/.local/lib/python3.12/site-packages/airflow/example_dags/example_sensors.py
[2025-03-08T20:45:00.994+0000] {processor.py:925} INFO - DAG(s) 'example_sensors' retrieved from /home/airflow/.local/lib/python3.12/site-packages/airflow/example_dags/example_sensors.py
[2025-03-08T20:45:01.036+0000] {logging_mixin.py:190} INFO - [2025-03-08T20:45:01.035+0000] {dag.py:3239} INFO - Sync 1 DAGs
[2025-03-08T20:45:01.060+0000] {logging_mixin.py:190} INFO - [2025-03-08T20:45:01.059+0000] {dag.py:4180} INFO - Setting next_dagrun for example_sensors to None, run_after=None
[2025-03-08T20:45:01.097+0000] {processor.py:208} INFO - Processing /home/airflow/.local/lib/python3.12/site-packages/airflow/example_dags/example_sensors.py took 0.133 seconds
[2025-03-08T20:45:31.953+0000] {processor.py:186} INFO - Started process (PID=28985) to work on /home/airflow/.local/lib/python3.12/site-packages/airflow/example_dags/example_sensors.py
[2025-03-08T20:45:31.954+0000] {processor.py:914} INFO - Processing file /home/airflow/.local/lib/python3.12/site-packages/airflow/example_dags/example_sensors.py for tasks to queue
[2025-03-08T20:45:31.957+0000] {logging_mixin.py:190} INFO - [2025-03-08T20:45:31.957+0000] {dagbag.py:588} INFO - Filling up the DagBag from /home/airflow/.local/lib/python3.12/site-packages/airflow/example_dags/example_sensors.py
[2025-03-08T20:45:31.974+0000] {processor.py:925} INFO - DAG(s) 'example_sensors' retrieved from /home/airflow/.local/lib/python3.12/site-packages/airflow/example_dags/example_sensors.py
[2025-03-08T20:45:32.020+0000] {logging_mixin.py:190} INFO - [2025-03-08T20:45:32.019+0000] {dag.py:3239} INFO - Sync 1 DAGs
[2025-03-08T20:45:32.043+0000] {logging_mixin.py:190} INFO - [2025-03-08T20:45:32.043+0000] {dag.py:4180} INFO - Setting next_dagrun for example_sensors to None, run_after=None
[2025-03-08T20:45:32.074+0000] {processor.py:208} INFO - Processing /home/airflow/.local/lib/python3.12/site-packages/airflow/example_dags/example_sensors.py took 0.129 seconds
[2025-03-08T20:46:04.497+0000] {processor.py:186} INFO - Started process (PID=29048) to work on /home/airflow/.local/lib/python3.12/site-packages/airflow/example_dags/example_sensors.py
[2025-03-08T20:46:04.498+0000] {processor.py:914} INFO - Processing file /home/airflow/.local/lib/python3.12/site-packages/airflow/example_dags/example_sensors.py for tasks to queue
[2025-03-08T20:46:04.501+0000] {logging_mixin.py:190} INFO - [2025-03-08T20:46:04.500+0000] {dagbag.py:588} INFO - Filling up the DagBag from /home/airflow/.local/lib/python3.12/site-packages/airflow/example_dags/example_sensors.py
[2025-03-08T20:46:04.518+0000] {processor.py:925} INFO - DAG(s) 'example_sensors' retrieved from /home/airflow/.local/lib/python3.12/site-packages/airflow/example_dags/example_sensors.py
[2025-03-08T20:46:04.559+0000] {logging_mixin.py:190} INFO - [2025-03-08T20:46:04.559+0000] {dag.py:3239} INFO - Sync 1 DAGs
[2025-03-08T20:46:04.585+0000] {logging_mixin.py:190} INFO - [2025-03-08T20:46:04.585+0000] {dag.py:4180} INFO - Setting next_dagrun for example_sensors to None, run_after=None
[2025-03-08T20:46:04.623+0000] {processor.py:208} INFO - Processing /home/airflow/.local/lib/python3.12/site-packages/airflow/example_dags/example_sensors.py took 0.134 seconds
[2025-03-08T20:46:36.081+0000] {processor.py:186} INFO - Started process (PID=29111) to work on /home/airflow/.local/lib/python3.12/site-packages/airflow/example_dags/example_sensors.py
[2025-03-08T20:46:36.082+0000] {processor.py:914} INFO - Processing file /home/airflow/.local/lib/python3.12/site-packages/airflow/example_dags/example_sensors.py for tasks to queue
[2025-03-08T20:46:36.085+0000] {logging_mixin.py:190} INFO - [2025-03-08T20:46:36.084+0000] {dagbag.py:588} INFO - Filling up the DagBag from /home/airflow/.local/lib/python3.12/site-packages/airflow/example_dags/example_sensors.py
[2025-03-08T20:46:36.102+0000] {processor.py:925} INFO - DAG(s) 'example_sensors' retrieved from /home/airflow/.local/lib/python3.12/site-packages/airflow/example_dags/example_sensors.py
[2025-03-08T20:46:36.142+0000] {logging_mixin.py:190} INFO - [2025-03-08T20:46:36.142+0000] {dag.py:3239} INFO - Sync 1 DAGs
[2025-03-08T20:46:36.165+0000] {logging_mixin.py:190} INFO - [2025-03-08T20:46:36.165+0000] {dag.py:4180} INFO - Setting next_dagrun for example_sensors to None, run_after=None
[2025-03-08T20:46:36.194+0000] {processor.py:208} INFO - Processing /home/airflow/.local/lib/python3.12/site-packages/airflow/example_dags/example_sensors.py took 0.121 seconds
[2025-03-08T20:47:07.169+0000] {processor.py:186} INFO - Started process (PID=29174) to work on /home/airflow/.local/lib/python3.12/site-packages/airflow/example_dags/example_sensors.py
[2025-03-08T20:47:07.170+0000] {processor.py:914} INFO - Processing file /home/airflow/.local/lib/python3.12/site-packages/airflow/example_dags/example_sensors.py for tasks to queue
[2025-03-08T20:47:07.174+0000] {logging_mixin.py:190} INFO - [2025-03-08T20:47:07.173+0000] {dagbag.py:588} INFO - Filling up the DagBag from /home/airflow/.local/lib/python3.12/site-packages/airflow/example_dags/example_sensors.py
[2025-03-08T20:47:07.191+0000] {processor.py:925} INFO - DAG(s) 'example_sensors' retrieved from /home/airflow/.local/lib/python3.12/site-packages/airflow/example_dags/example_sensors.py
[2025-03-08T20:47:07.231+0000] {logging_mixin.py:190} INFO - [2025-03-08T20:47:07.230+0000] {dag.py:3239} INFO - Sync 1 DAGs
[2025-03-08T20:47:07.258+0000] {logging_mixin.py:190} INFO - [2025-03-08T20:47:07.258+0000] {dag.py:4180} INFO - Setting next_dagrun for example_sensors to None, run_after=None
[2025-03-08T20:47:07.290+0000] {processor.py:208} INFO - Processing /home/airflow/.local/lib/python3.12/site-packages/airflow/example_dags/example_sensors.py took 0.132 seconds
[2025-03-08T20:47:37.661+0000] {processor.py:186} INFO - Started process (PID=29230) to work on /home/airflow/.local/lib/python3.12/site-packages/airflow/example_dags/example_sensors.py
[2025-03-08T20:47:37.662+0000] {processor.py:914} INFO - Processing file /home/airflow/.local/lib/python3.12/site-packages/airflow/example_dags/example_sensors.py for tasks to queue
[2025-03-08T20:47:37.665+0000] {logging_mixin.py:190} INFO - [2025-03-08T20:47:37.664+0000] {dagbag.py:588} INFO - Filling up the DagBag from /home/airflow/.local/lib/python3.12/site-packages/airflow/example_dags/example_sensors.py
[2025-03-08T20:47:37.681+0000] {processor.py:925} INFO - DAG(s) 'example_sensors' retrieved from /home/airflow/.local/lib/python3.12/site-packages/airflow/example_dags/example_sensors.py
[2025-03-08T20:47:37.722+0000] {logging_mixin.py:190} INFO - [2025-03-08T20:47:37.722+0000] {dag.py:3239} INFO - Sync 1 DAGs
[2025-03-08T20:47:37.747+0000] {logging_mixin.py:190} INFO - [2025-03-08T20:47:37.746+0000] {dag.py:4180} INFO - Setting next_dagrun for example_sensors to None, run_after=None
[2025-03-08T20:47:37.776+0000] {processor.py:208} INFO - Processing /home/airflow/.local/lib/python3.12/site-packages/airflow/example_dags/example_sensors.py took 0.124 seconds
[2025-03-08T20:48:10.166+0000] {processor.py:186} INFO - Started process (PID=29293) to work on /home/airflow/.local/lib/python3.12/site-packages/airflow/example_dags/example_sensors.py
[2025-03-08T20:48:10.167+0000] {processor.py:914} INFO - Processing file /home/airflow/.local/lib/python3.12/site-packages/airflow/example_dags/example_sensors.py for tasks to queue
[2025-03-08T20:48:10.170+0000] {logging_mixin.py:190} INFO - [2025-03-08T20:48:10.170+0000] {dagbag.py:588} INFO - Filling up the DagBag from /home/airflow/.local/lib/python3.12/site-packages/airflow/example_dags/example_sensors.py
[2025-03-08T20:48:10.187+0000] {processor.py:925} INFO - DAG(s) 'example_sensors' retrieved from /home/airflow/.local/lib/python3.12/site-packages/airflow/example_dags/example_sensors.py
[2025-03-08T20:48:10.228+0000] {logging_mixin.py:190} INFO - [2025-03-08T20:48:10.227+0000] {dag.py:3239} INFO - Sync 1 DAGs
[2025-03-08T20:48:10.251+0000] {logging_mixin.py:190} INFO - [2025-03-08T20:48:10.250+0000] {dag.py:4180} INFO - Setting next_dagrun for example_sensors to None, run_after=None
[2025-03-08T20:48:10.282+0000] {processor.py:208} INFO - Processing /home/airflow/.local/lib/python3.12/site-packages/airflow/example_dags/example_sensors.py took 0.125 seconds
[2025-03-08T20:48:40.755+0000] {processor.py:186} INFO - Started process (PID=29353) to work on /home/airflow/.local/lib/python3.12/site-packages/airflow/example_dags/example_sensors.py
[2025-03-08T20:48:40.756+0000] {processor.py:914} INFO - Processing file /home/airflow/.local/lib/python3.12/site-packages/airflow/example_dags/example_sensors.py for tasks to queue
[2025-03-08T20:48:40.759+0000] {logging_mixin.py:190} INFO - [2025-03-08T20:48:40.759+0000] {dagbag.py:588} INFO - Filling up the DagBag from /home/airflow/.local/lib/python3.12/site-packages/airflow/example_dags/example_sensors.py
[2025-03-08T20:48:40.776+0000] {processor.py:925} INFO - DAG(s) 'example_sensors' retrieved from /home/airflow/.local/lib/python3.12/site-packages/airflow/example_dags/example_sensors.py
[2025-03-08T20:48:40.819+0000] {logging_mixin.py:190} INFO - [2025-03-08T20:48:40.818+0000] {dag.py:3239} INFO - Sync 1 DAGs
[2025-03-08T20:48:40.842+0000] {logging_mixin.py:190} INFO - [2025-03-08T20:48:40.842+0000] {dag.py:4180} INFO - Setting next_dagrun for example_sensors to None, run_after=None
[2025-03-08T20:48:40.877+0000] {processor.py:208} INFO - Processing /home/airflow/.local/lib/python3.12/site-packages/airflow/example_dags/example_sensors.py took 0.132 seconds
[2025-03-08T20:49:11.598+0000] {processor.py:186} INFO - Started process (PID=29403) to work on /home/airflow/.local/lib/python3.12/site-packages/airflow/example_dags/example_sensors.py
[2025-03-08T20:49:11.599+0000] {processor.py:914} INFO - Processing file /home/airflow/.local/lib/python3.12/site-packages/airflow/example_dags/example_sensors.py for tasks to queue
[2025-03-08T20:49:11.601+0000] {logging_mixin.py:190} INFO - [2025-03-08T20:49:11.601+0000] {dagbag.py:588} INFO - Filling up the DagBag from /home/airflow/.local/lib/python3.12/site-packages/airflow/example_dags/example_sensors.py
[2025-03-08T20:49:11.618+0000] {processor.py:925} INFO - DAG(s) 'example_sensors' retrieved from /home/airflow/.local/lib/python3.12/site-packages/airflow/example_dags/example_sensors.py
[2025-03-08T20:49:11.659+0000] {logging_mixin.py:190} INFO - [2025-03-08T20:49:11.658+0000] {dag.py:3239} INFO - Sync 1 DAGs
[2025-03-08T20:49:11.681+0000] {logging_mixin.py:190} INFO - [2025-03-08T20:49:11.681+0000] {dag.py:4180} INFO - Setting next_dagrun for example_sensors to None, run_after=None
[2025-03-08T20:49:11.711+0000] {processor.py:208} INFO - Processing /home/airflow/.local/lib/python3.12/site-packages/airflow/example_dags/example_sensors.py took 0.121 seconds
[2025-03-08T20:49:43.420+0000] {processor.py:186} INFO - Started process (PID=29472) to work on /home/airflow/.local/lib/python3.12/site-packages/airflow/example_dags/example_sensors.py
[2025-03-08T20:49:43.421+0000] {processor.py:914} INFO - Processing file /home/airflow/.local/lib/python3.12/site-packages/airflow/example_dags/example_sensors.py for tasks to queue
[2025-03-08T20:49:43.424+0000] {logging_mixin.py:190} INFO - [2025-03-08T20:49:43.424+0000] {dagbag.py:588} INFO - Filling up the DagBag from /home/airflow/.local/lib/python3.12/site-packages/airflow/example_dags/example_sensors.py
[2025-03-08T20:49:43.441+0000] {processor.py:925} INFO - DAG(s) 'example_sensors' retrieved from /home/airflow/.local/lib/python3.12/site-packages/airflow/example_dags/example_sensors.py
[2025-03-08T20:49:43.482+0000] {logging_mixin.py:190} INFO - [2025-03-08T20:49:43.482+0000] {dag.py:3239} INFO - Sync 1 DAGs
[2025-03-08T20:49:43.505+0000] {logging_mixin.py:190} INFO - [2025-03-08T20:49:43.504+0000] {dag.py:4180} INFO - Setting next_dagrun for example_sensors to None, run_after=None
[2025-03-08T20:49:43.533+0000] {processor.py:208} INFO - Processing /home/airflow/.local/lib/python3.12/site-packages/airflow/example_dags/example_sensors.py took 0.122 seconds
[2025-03-08T20:50:14.073+0000] {processor.py:186} INFO - Started process (PID=29533) to work on /home/airflow/.local/lib/python3.12/site-packages/airflow/example_dags/example_sensors.py
[2025-03-08T20:50:14.074+0000] {processor.py:914} INFO - Processing file /home/airflow/.local/lib/python3.12/site-packages/airflow/example_dags/example_sensors.py for tasks to queue
[2025-03-08T20:50:14.077+0000] {logging_mixin.py:190} INFO - [2025-03-08T20:50:14.077+0000] {dagbag.py:588} INFO - Filling up the DagBag from /home/airflow/.local/lib/python3.12/site-packages/airflow/example_dags/example_sensors.py
[2025-03-08T20:50:14.094+0000] {processor.py:925} INFO - DAG(s) 'example_sensors' retrieved from /home/airflow/.local/lib/python3.12/site-packages/airflow/example_dags/example_sensors.py
[2025-03-08T20:50:14.135+0000] {logging_mixin.py:190} INFO - [2025-03-08T20:50:14.135+0000] {dag.py:3239} INFO - Sync 1 DAGs
[2025-03-08T20:50:14.159+0000] {logging_mixin.py:190} INFO - [2025-03-08T20:50:14.158+0000] {dag.py:4180} INFO - Setting next_dagrun for example_sensors to None, run_after=None
[2025-03-08T20:50:14.187+0000] {processor.py:208} INFO - Processing /home/airflow/.local/lib/python3.12/site-packages/airflow/example_dags/example_sensors.py took 0.122 seconds
[2025-03-08T20:50:44.641+0000] {processor.py:186} INFO - Started process (PID=29595) to work on /home/airflow/.local/lib/python3.12/site-packages/airflow/example_dags/example_sensors.py
[2025-03-08T20:50:44.642+0000] {processor.py:914} INFO - Processing file /home/airflow/.local/lib/python3.12/site-packages/airflow/example_dags/example_sensors.py for tasks to queue
[2025-03-08T20:50:44.645+0000] {logging_mixin.py:190} INFO - [2025-03-08T20:50:44.644+0000] {dagbag.py:588} INFO - Filling up the DagBag from /home/airflow/.local/lib/python3.12/site-packages/airflow/example_dags/example_sensors.py
[2025-03-08T20:50:44.662+0000] {processor.py:925} INFO - DAG(s) 'example_sensors' retrieved from /home/airflow/.local/lib/python3.12/site-packages/airflow/example_dags/example_sensors.py
[2025-03-08T20:50:44.706+0000] {logging_mixin.py:190} INFO - [2025-03-08T20:50:44.705+0000] {dag.py:3239} INFO - Sync 1 DAGs
[2025-03-08T20:50:44.736+0000] {logging_mixin.py:190} INFO - [2025-03-08T20:50:44.736+0000] {dag.py:4180} INFO - Setting next_dagrun for example_sensors to None, run_after=None
[2025-03-08T20:50:44.772+0000] {processor.py:208} INFO - Processing /home/airflow/.local/lib/python3.12/site-packages/airflow/example_dags/example_sensors.py took 0.140 seconds
