[2025-03-08T19:36:18.439+0000] {processor.py:186} INFO - Started process (PID=24800) to work on /home/airflow/.local/lib/python3.12/site-packages/airflow/example_dags/example_skip_dag.py
[2025-03-08T19:36:18.440+0000] {processor.py:914} INFO - Processing file /home/airflow/.local/lib/python3.12/site-packages/airflow/example_dags/example_skip_dag.py for tasks to queue
[2025-03-08T19:36:18.454+0000] {logging_mixin.py:190} INFO - [2025-03-08T19:36:18.453+0000] {dagbag.py:588} INFO - Filling up the DagBag from /home/airflow/.local/lib/python3.12/site-packages/airflow/example_dags/example_skip_dag.py
[2025-03-08T19:36:18.492+0000] {processor.py:925} INFO - DAG(s) 'example_skip_dag' retrieved from /home/airflow/.local/lib/python3.12/site-packages/airflow/example_dags/example_skip_dag.py
[2025-03-08T19:36:18.650+0000] {logging_mixin.py:190} INFO - [2025-03-08T19:36:18.650+0000] {dag.py:3239} INFO - Sync 1 DAGs
[2025-03-08T19:36:18.761+0000] {logging_mixin.py:190} INFO - [2025-03-08T19:36:18.761+0000] {dag.py:4180} INFO - Setting next_dagrun for example_skip_dag to 2025-03-07 00:00:00+00:00, run_after=2025-03-08 00:00:00+00:00
[2025-03-08T19:36:18.836+0000] {processor.py:208} INFO - Processing /home/airflow/.local/lib/python3.12/site-packages/airflow/example_dags/example_skip_dag.py took 0.446 seconds
[2025-03-08T19:36:53.915+0000] {processor.py:186} INFO - Started process (PID=24862) to work on /home/airflow/.local/lib/python3.12/site-packages/airflow/example_dags/example_skip_dag.py
[2025-03-08T19:36:53.917+0000] {processor.py:914} INFO - Processing file /home/airflow/.local/lib/python3.12/site-packages/airflow/example_dags/example_skip_dag.py for tasks to queue
[2025-03-08T19:36:53.930+0000] {logging_mixin.py:190} INFO - [2025-03-08T19:36:53.929+0000] {dagbag.py:588} INFO - Filling up the DagBag from /home/airflow/.local/lib/python3.12/site-packages/airflow/example_dags/example_skip_dag.py
[2025-03-08T19:36:53.955+0000] {processor.py:925} INFO - DAG(s) 'example_skip_dag' retrieved from /home/airflow/.local/lib/python3.12/site-packages/airflow/example_dags/example_skip_dag.py
[2025-03-08T19:36:54.004+0000] {logging_mixin.py:190} INFO - [2025-03-08T19:36:54.004+0000] {dag.py:3239} INFO - Sync 1 DAGs
[2025-03-08T19:36:54.069+0000] {logging_mixin.py:190} INFO - [2025-03-08T19:36:54.068+0000] {dag.py:4180} INFO - Setting next_dagrun for example_skip_dag to 2025-03-07 00:00:00+00:00, run_after=2025-03-08 00:00:00+00:00
[2025-03-08T19:36:54.115+0000] {processor.py:208} INFO - Processing /home/airflow/.local/lib/python3.12/site-packages/airflow/example_dags/example_skip_dag.py took 0.220 seconds
[2025-03-08T19:37:26.474+0000] {processor.py:186} INFO - Started process (PID=24925) to work on /home/airflow/.local/lib/python3.12/site-packages/airflow/example_dags/example_skip_dag.py
[2025-03-08T19:37:26.493+0000] {processor.py:914} INFO - Processing file /home/airflow/.local/lib/python3.12/site-packages/airflow/example_dags/example_skip_dag.py for tasks to queue
[2025-03-08T19:37:26.498+0000] {logging_mixin.py:190} INFO - [2025-03-08T19:37:26.497+0000] {dagbag.py:588} INFO - Filling up the DagBag from /home/airflow/.local/lib/python3.12/site-packages/airflow/example_dags/example_skip_dag.py
[2025-03-08T19:37:26.565+0000] {processor.py:925} INFO - DAG(s) 'example_skip_dag' retrieved from /home/airflow/.local/lib/python3.12/site-packages/airflow/example_dags/example_skip_dag.py
[2025-03-08T19:37:26.640+0000] {logging_mixin.py:190} INFO - [2025-03-08T19:37:26.639+0000] {dag.py:3239} INFO - Sync 1 DAGs
[2025-03-08T19:37:26.706+0000] {logging_mixin.py:190} INFO - [2025-03-08T19:37:26.706+0000] {dag.py:4180} INFO - Setting next_dagrun for example_skip_dag to 2025-03-07 00:00:00+00:00, run_after=2025-03-08 00:00:00+00:00
[2025-03-08T19:37:26.758+0000] {processor.py:208} INFO - Processing /home/airflow/.local/lib/python3.12/site-packages/airflow/example_dags/example_skip_dag.py took 0.335 seconds
[2025-03-08T19:37:57.488+0000] {processor.py:186} INFO - Started process (PID=24986) to work on /home/airflow/.local/lib/python3.12/site-packages/airflow/example_dags/example_skip_dag.py
[2025-03-08T19:37:57.493+0000] {processor.py:914} INFO - Processing file /home/airflow/.local/lib/python3.12/site-packages/airflow/example_dags/example_skip_dag.py for tasks to queue
[2025-03-08T19:37:57.498+0000] {logging_mixin.py:190} INFO - [2025-03-08T19:37:57.497+0000] {dagbag.py:588} INFO - Filling up the DagBag from /home/airflow/.local/lib/python3.12/site-packages/airflow/example_dags/example_skip_dag.py
[2025-03-08T19:37:57.519+0000] {processor.py:925} INFO - DAG(s) 'example_skip_dag' retrieved from /home/airflow/.local/lib/python3.12/site-packages/airflow/example_dags/example_skip_dag.py
[2025-03-08T19:37:57.587+0000] {logging_mixin.py:190} INFO - [2025-03-08T19:37:57.587+0000] {dag.py:3239} INFO - Sync 1 DAGs
[2025-03-08T19:37:57.662+0000] {logging_mixin.py:190} INFO - [2025-03-08T19:37:57.661+0000] {dag.py:4180} INFO - Setting next_dagrun for example_skip_dag to 2025-03-07 00:00:00+00:00, run_after=2025-03-08 00:00:00+00:00
[2025-03-08T19:37:57.715+0000] {processor.py:208} INFO - Processing /home/airflow/.local/lib/python3.12/site-packages/airflow/example_dags/example_skip_dag.py took 0.244 seconds
[2025-03-08T19:38:29.776+0000] {processor.py:186} INFO - Started process (PID=25049) to work on /home/airflow/.local/lib/python3.12/site-packages/airflow/example_dags/example_skip_dag.py
[2025-03-08T19:38:29.781+0000] {processor.py:914} INFO - Processing file /home/airflow/.local/lib/python3.12/site-packages/airflow/example_dags/example_skip_dag.py for tasks to queue
[2025-03-08T19:38:29.785+0000] {logging_mixin.py:190} INFO - [2025-03-08T19:38:29.785+0000] {dagbag.py:588} INFO - Filling up the DagBag from /home/airflow/.local/lib/python3.12/site-packages/airflow/example_dags/example_skip_dag.py
[2025-03-08T19:38:29.817+0000] {processor.py:925} INFO - DAG(s) 'example_skip_dag' retrieved from /home/airflow/.local/lib/python3.12/site-packages/airflow/example_dags/example_skip_dag.py
[2025-03-08T19:38:29.876+0000] {logging_mixin.py:190} INFO - [2025-03-08T19:38:29.875+0000] {dag.py:3239} INFO - Sync 1 DAGs
[2025-03-08T19:38:29.941+0000] {logging_mixin.py:190} INFO - [2025-03-08T19:38:29.941+0000] {dag.py:4180} INFO - Setting next_dagrun for example_skip_dag to 2025-03-07 00:00:00+00:00, run_after=2025-03-08 00:00:00+00:00
[2025-03-08T19:38:29.996+0000] {processor.py:208} INFO - Processing /home/airflow/.local/lib/python3.12/site-packages/airflow/example_dags/example_skip_dag.py took 0.245 seconds
[2025-03-08T19:39:00.719+0000] {processor.py:186} INFO - Started process (PID=25112) to work on /home/airflow/.local/lib/python3.12/site-packages/airflow/example_dags/example_skip_dag.py
[2025-03-08T19:39:00.721+0000] {processor.py:914} INFO - Processing file /home/airflow/.local/lib/python3.12/site-packages/airflow/example_dags/example_skip_dag.py for tasks to queue
[2025-03-08T19:39:00.725+0000] {logging_mixin.py:190} INFO - [2025-03-08T19:39:00.724+0000] {dagbag.py:588} INFO - Filling up the DagBag from /home/airflow/.local/lib/python3.12/site-packages/airflow/example_dags/example_skip_dag.py
[2025-03-08T19:39:00.745+0000] {processor.py:925} INFO - DAG(s) 'example_skip_dag' retrieved from /home/airflow/.local/lib/python3.12/site-packages/airflow/example_dags/example_skip_dag.py
[2025-03-08T19:39:00.795+0000] {logging_mixin.py:190} INFO - [2025-03-08T19:39:00.794+0000] {dag.py:3239} INFO - Sync 1 DAGs
[2025-03-08T19:39:00.858+0000] {logging_mixin.py:190} INFO - [2025-03-08T19:39:00.857+0000] {dag.py:4180} INFO - Setting next_dagrun for example_skip_dag to 2025-03-07 00:00:00+00:00, run_after=2025-03-08 00:00:00+00:00
[2025-03-08T19:39:00.903+0000] {processor.py:208} INFO - Processing /home/airflow/.local/lib/python3.12/site-packages/airflow/example_dags/example_skip_dag.py took 0.199 seconds
[2025-03-08T19:39:32.007+0000] {processor.py:186} INFO - Started process (PID=25175) to work on /home/airflow/.local/lib/python3.12/site-packages/airflow/example_dags/example_skip_dag.py
[2025-03-08T19:39:32.008+0000] {processor.py:914} INFO - Processing file /home/airflow/.local/lib/python3.12/site-packages/airflow/example_dags/example_skip_dag.py for tasks to queue
[2025-03-08T19:39:32.011+0000] {logging_mixin.py:190} INFO - [2025-03-08T19:39:32.011+0000] {dagbag.py:588} INFO - Filling up the DagBag from /home/airflow/.local/lib/python3.12/site-packages/airflow/example_dags/example_skip_dag.py
[2025-03-08T19:39:32.023+0000] {processor.py:925} INFO - DAG(s) 'example_skip_dag' retrieved from /home/airflow/.local/lib/python3.12/site-packages/airflow/example_dags/example_skip_dag.py
[2025-03-08T19:39:32.054+0000] {logging_mixin.py:190} INFO - [2025-03-08T19:39:32.054+0000] {dag.py:3239} INFO - Sync 1 DAGs
[2025-03-08T19:39:32.092+0000] {logging_mixin.py:190} INFO - [2025-03-08T19:39:32.092+0000] {dag.py:4180} INFO - Setting next_dagrun for example_skip_dag to 2025-03-07 00:00:00+00:00, run_after=2025-03-08 00:00:00+00:00
[2025-03-08T19:39:32.121+0000] {processor.py:208} INFO - Processing /home/airflow/.local/lib/python3.12/site-packages/airflow/example_dags/example_skip_dag.py took 0.123 seconds
[2025-03-08T19:40:03.405+0000] {processor.py:186} INFO - Started process (PID=25238) to work on /home/airflow/.local/lib/python3.12/site-packages/airflow/example_dags/example_skip_dag.py
[2025-03-08T19:40:03.406+0000] {processor.py:914} INFO - Processing file /home/airflow/.local/lib/python3.12/site-packages/airflow/example_dags/example_skip_dag.py for tasks to queue
[2025-03-08T19:40:03.411+0000] {logging_mixin.py:190} INFO - [2025-03-08T19:40:03.410+0000] {dagbag.py:588} INFO - Filling up the DagBag from /home/airflow/.local/lib/python3.12/site-packages/airflow/example_dags/example_skip_dag.py
[2025-03-08T19:40:03.427+0000] {processor.py:925} INFO - DAG(s) 'example_skip_dag' retrieved from /home/airflow/.local/lib/python3.12/site-packages/airflow/example_dags/example_skip_dag.py
[2025-03-08T19:40:03.469+0000] {logging_mixin.py:190} INFO - [2025-03-08T19:40:03.469+0000] {dag.py:3239} INFO - Sync 1 DAGs
[2025-03-08T19:40:03.526+0000] {logging_mixin.py:190} INFO - [2025-03-08T19:40:03.525+0000] {dag.py:4180} INFO - Setting next_dagrun for example_skip_dag to 2025-03-07 00:00:00+00:00, run_after=2025-03-08 00:00:00+00:00
[2025-03-08T19:40:03.567+0000] {processor.py:208} INFO - Processing /home/airflow/.local/lib/python3.12/site-packages/airflow/example_dags/example_skip_dag.py took 0.173 seconds
[2025-03-08T19:40:34.728+0000] {processor.py:186} INFO - Started process (PID=25301) to work on /home/airflow/.local/lib/python3.12/site-packages/airflow/example_dags/example_skip_dag.py
[2025-03-08T19:40:34.729+0000] {processor.py:914} INFO - Processing file /home/airflow/.local/lib/python3.12/site-packages/airflow/example_dags/example_skip_dag.py for tasks to queue
[2025-03-08T19:40:34.733+0000] {logging_mixin.py:190} INFO - [2025-03-08T19:40:34.732+0000] {dagbag.py:588} INFO - Filling up the DagBag from /home/airflow/.local/lib/python3.12/site-packages/airflow/example_dags/example_skip_dag.py
[2025-03-08T19:40:34.750+0000] {processor.py:925} INFO - DAG(s) 'example_skip_dag' retrieved from /home/airflow/.local/lib/python3.12/site-packages/airflow/example_dags/example_skip_dag.py
[2025-03-08T19:40:34.795+0000] {logging_mixin.py:190} INFO - [2025-03-08T19:40:34.794+0000] {dag.py:3239} INFO - Sync 1 DAGs
[2025-03-08T19:40:34.853+0000] {logging_mixin.py:190} INFO - [2025-03-08T19:40:34.852+0000] {dag.py:4180} INFO - Setting next_dagrun for example_skip_dag to 2025-03-07 00:00:00+00:00, run_after=2025-03-08 00:00:00+00:00
[2025-03-08T19:40:34.892+0000] {processor.py:208} INFO - Processing /home/airflow/.local/lib/python3.12/site-packages/airflow/example_dags/example_skip_dag.py took 0.175 seconds
[2025-03-08T19:41:06.117+0000] {processor.py:186} INFO - Started process (PID=25365) to work on /home/airflow/.local/lib/python3.12/site-packages/airflow/example_dags/example_skip_dag.py
[2025-03-08T19:41:06.119+0000] {processor.py:914} INFO - Processing file /home/airflow/.local/lib/python3.12/site-packages/airflow/example_dags/example_skip_dag.py for tasks to queue
[2025-03-08T19:41:06.123+0000] {logging_mixin.py:190} INFO - [2025-03-08T19:41:06.123+0000] {dagbag.py:588} INFO - Filling up the DagBag from /home/airflow/.local/lib/python3.12/site-packages/airflow/example_dags/example_skip_dag.py
[2025-03-08T19:41:06.141+0000] {processor.py:925} INFO - DAG(s) 'example_skip_dag' retrieved from /home/airflow/.local/lib/python3.12/site-packages/airflow/example_dags/example_skip_dag.py
[2025-03-08T19:41:06.182+0000] {logging_mixin.py:190} INFO - [2025-03-08T19:41:06.181+0000] {dag.py:3239} INFO - Sync 1 DAGs
[2025-03-08T19:41:06.239+0000] {logging_mixin.py:190} INFO - [2025-03-08T19:41:06.239+0000] {dag.py:4180} INFO - Setting next_dagrun for example_skip_dag to 2025-03-07 00:00:00+00:00, run_after=2025-03-08 00:00:00+00:00
[2025-03-08T19:41:06.276+0000] {processor.py:208} INFO - Processing /home/airflow/.local/lib/python3.12/site-packages/airflow/example_dags/example_skip_dag.py took 0.171 seconds
[2025-03-08T19:41:37.828+0000] {processor.py:186} INFO - Started process (PID=25428) to work on /home/airflow/.local/lib/python3.12/site-packages/airflow/example_dags/example_skip_dag.py
[2025-03-08T19:41:37.829+0000] {processor.py:914} INFO - Processing file /home/airflow/.local/lib/python3.12/site-packages/airflow/example_dags/example_skip_dag.py for tasks to queue
[2025-03-08T19:41:37.835+0000] {logging_mixin.py:190} INFO - [2025-03-08T19:41:37.834+0000] {dagbag.py:588} INFO - Filling up the DagBag from /home/airflow/.local/lib/python3.12/site-packages/airflow/example_dags/example_skip_dag.py
[2025-03-08T19:41:37.851+0000] {processor.py:925} INFO - DAG(s) 'example_skip_dag' retrieved from /home/airflow/.local/lib/python3.12/site-packages/airflow/example_dags/example_skip_dag.py
[2025-03-08T19:41:37.894+0000] {logging_mixin.py:190} INFO - [2025-03-08T19:41:37.894+0000] {dag.py:3239} INFO - Sync 1 DAGs
[2025-03-08T19:41:37.952+0000] {logging_mixin.py:190} INFO - [2025-03-08T19:41:37.951+0000] {dag.py:4180} INFO - Setting next_dagrun for example_skip_dag to 2025-03-07 00:00:00+00:00, run_after=2025-03-08 00:00:00+00:00
[2025-03-08T19:41:37.991+0000] {processor.py:208} INFO - Processing /home/airflow/.local/lib/python3.12/site-packages/airflow/example_dags/example_skip_dag.py took 0.176 seconds
[2025-03-08T19:42:10.116+0000] {processor.py:186} INFO - Started process (PID=25496) to work on /home/airflow/.local/lib/python3.12/site-packages/airflow/example_dags/example_skip_dag.py
[2025-03-08T19:42:10.117+0000] {processor.py:914} INFO - Processing file /home/airflow/.local/lib/python3.12/site-packages/airflow/example_dags/example_skip_dag.py for tasks to queue
[2025-03-08T19:42:10.123+0000] {logging_mixin.py:190} INFO - [2025-03-08T19:42:10.122+0000] {dagbag.py:588} INFO - Filling up the DagBag from /home/airflow/.local/lib/python3.12/site-packages/airflow/example_dags/example_skip_dag.py
[2025-03-08T19:42:10.139+0000] {processor.py:925} INFO - DAG(s) 'example_skip_dag' retrieved from /home/airflow/.local/lib/python3.12/site-packages/airflow/example_dags/example_skip_dag.py
[2025-03-08T19:42:10.191+0000] {logging_mixin.py:190} INFO - [2025-03-08T19:42:10.190+0000] {dag.py:3239} INFO - Sync 1 DAGs
[2025-03-08T19:42:10.249+0000] {logging_mixin.py:190} INFO - [2025-03-08T19:42:10.249+0000] {dag.py:4180} INFO - Setting next_dagrun for example_skip_dag to 2025-03-07 00:00:00+00:00, run_after=2025-03-08 00:00:00+00:00
[2025-03-08T19:42:10.288+0000] {processor.py:208} INFO - Processing /home/airflow/.local/lib/python3.12/site-packages/airflow/example_dags/example_skip_dag.py took 0.187 seconds
[2025-03-08T19:42:41.496+0000] {processor.py:186} INFO - Started process (PID=25559) to work on /home/airflow/.local/lib/python3.12/site-packages/airflow/example_dags/example_skip_dag.py
[2025-03-08T19:42:41.498+0000] {processor.py:914} INFO - Processing file /home/airflow/.local/lib/python3.12/site-packages/airflow/example_dags/example_skip_dag.py for tasks to queue
[2025-03-08T19:42:41.503+0000] {logging_mixin.py:190} INFO - [2025-03-08T19:42:41.502+0000] {dagbag.py:588} INFO - Filling up the DagBag from /home/airflow/.local/lib/python3.12/site-packages/airflow/example_dags/example_skip_dag.py
[2025-03-08T19:42:41.520+0000] {processor.py:925} INFO - DAG(s) 'example_skip_dag' retrieved from /home/airflow/.local/lib/python3.12/site-packages/airflow/example_dags/example_skip_dag.py
[2025-03-08T19:42:41.566+0000] {logging_mixin.py:190} INFO - [2025-03-08T19:42:41.565+0000] {dag.py:3239} INFO - Sync 1 DAGs
[2025-03-08T19:42:41.623+0000] {logging_mixin.py:190} INFO - [2025-03-08T19:42:41.623+0000] {dag.py:4180} INFO - Setting next_dagrun for example_skip_dag to 2025-03-07 00:00:00+00:00, run_after=2025-03-08 00:00:00+00:00
[2025-03-08T19:42:41.657+0000] {processor.py:208} INFO - Processing /home/airflow/.local/lib/python3.12/site-packages/airflow/example_dags/example_skip_dag.py took 0.173 seconds
[2025-03-08T19:43:13.341+0000] {processor.py:186} INFO - Started process (PID=25622) to work on /home/airflow/.local/lib/python3.12/site-packages/airflow/example_dags/example_skip_dag.py
[2025-03-08T19:43:13.343+0000] {processor.py:914} INFO - Processing file /home/airflow/.local/lib/python3.12/site-packages/airflow/example_dags/example_skip_dag.py for tasks to queue
[2025-03-08T19:43:13.348+0000] {logging_mixin.py:190} INFO - [2025-03-08T19:43:13.347+0000] {dagbag.py:588} INFO - Filling up the DagBag from /home/airflow/.local/lib/python3.12/site-packages/airflow/example_dags/example_skip_dag.py
[2025-03-08T19:43:13.364+0000] {processor.py:925} INFO - DAG(s) 'example_skip_dag' retrieved from /home/airflow/.local/lib/python3.12/site-packages/airflow/example_dags/example_skip_dag.py
[2025-03-08T19:43:13.407+0000] {logging_mixin.py:190} INFO - [2025-03-08T19:43:13.407+0000] {dag.py:3239} INFO - Sync 1 DAGs
[2025-03-08T19:43:13.464+0000] {logging_mixin.py:190} INFO - [2025-03-08T19:43:13.463+0000] {dag.py:4180} INFO - Setting next_dagrun for example_skip_dag to 2025-03-07 00:00:00+00:00, run_after=2025-03-08 00:00:00+00:00
[2025-03-08T19:43:13.501+0000] {processor.py:208} INFO - Processing /home/airflow/.local/lib/python3.12/site-packages/airflow/example_dags/example_skip_dag.py took 0.172 seconds
[2025-03-08T19:43:44.960+0000] {processor.py:186} INFO - Started process (PID=25685) to work on /home/airflow/.local/lib/python3.12/site-packages/airflow/example_dags/example_skip_dag.py
[2025-03-08T19:43:44.961+0000] {processor.py:914} INFO - Processing file /home/airflow/.local/lib/python3.12/site-packages/airflow/example_dags/example_skip_dag.py for tasks to queue
[2025-03-08T19:43:44.966+0000] {logging_mixin.py:190} INFO - [2025-03-08T19:43:44.965+0000] {dagbag.py:588} INFO - Filling up the DagBag from /home/airflow/.local/lib/python3.12/site-packages/airflow/example_dags/example_skip_dag.py
[2025-03-08T19:43:44.979+0000] {processor.py:925} INFO - DAG(s) 'example_skip_dag' retrieved from /home/airflow/.local/lib/python3.12/site-packages/airflow/example_dags/example_skip_dag.py
[2025-03-08T19:43:45.018+0000] {logging_mixin.py:190} INFO - [2025-03-08T19:43:45.018+0000] {dag.py:3239} INFO - Sync 1 DAGs
[2025-03-08T19:43:45.075+0000] {logging_mixin.py:190} INFO - [2025-03-08T19:43:45.075+0000] {dag.py:4180} INFO - Setting next_dagrun for example_skip_dag to 2025-03-07 00:00:00+00:00, run_after=2025-03-08 00:00:00+00:00
[2025-03-08T19:43:45.118+0000] {processor.py:208} INFO - Processing /home/airflow/.local/lib/python3.12/site-packages/airflow/example_dags/example_skip_dag.py took 0.168 seconds
[2025-03-08T19:44:17.426+0000] {processor.py:186} INFO - Started process (PID=25748) to work on /home/airflow/.local/lib/python3.12/site-packages/airflow/example_dags/example_skip_dag.py
[2025-03-08T19:44:17.427+0000] {processor.py:914} INFO - Processing file /home/airflow/.local/lib/python3.12/site-packages/airflow/example_dags/example_skip_dag.py for tasks to queue
[2025-03-08T19:44:17.432+0000] {logging_mixin.py:190} INFO - [2025-03-08T19:44:17.432+0000] {dagbag.py:588} INFO - Filling up the DagBag from /home/airflow/.local/lib/python3.12/site-packages/airflow/example_dags/example_skip_dag.py
[2025-03-08T19:44:17.449+0000] {processor.py:925} INFO - DAG(s) 'example_skip_dag' retrieved from /home/airflow/.local/lib/python3.12/site-packages/airflow/example_dags/example_skip_dag.py
[2025-03-08T19:44:17.497+0000] {logging_mixin.py:190} INFO - [2025-03-08T19:44:17.496+0000] {dag.py:3239} INFO - Sync 1 DAGs
[2025-03-08T19:44:17.557+0000] {logging_mixin.py:190} INFO - [2025-03-08T19:44:17.557+0000] {dag.py:4180} INFO - Setting next_dagrun for example_skip_dag to 2025-03-07 00:00:00+00:00, run_after=2025-03-08 00:00:00+00:00
[2025-03-08T19:44:17.598+0000] {processor.py:208} INFO - Processing /home/airflow/.local/lib/python3.12/site-packages/airflow/example_dags/example_skip_dag.py took 0.185 seconds
[2025-03-08T19:44:49.304+0000] {processor.py:186} INFO - Started process (PID=25811) to work on /home/airflow/.local/lib/python3.12/site-packages/airflow/example_dags/example_skip_dag.py
[2025-03-08T19:44:49.305+0000] {processor.py:914} INFO - Processing file /home/airflow/.local/lib/python3.12/site-packages/airflow/example_dags/example_skip_dag.py for tasks to queue
[2025-03-08T19:44:49.310+0000] {logging_mixin.py:190} INFO - [2025-03-08T19:44:49.309+0000] {dagbag.py:588} INFO - Filling up the DagBag from /home/airflow/.local/lib/python3.12/site-packages/airflow/example_dags/example_skip_dag.py
[2025-03-08T19:44:49.326+0000] {processor.py:925} INFO - DAG(s) 'example_skip_dag' retrieved from /home/airflow/.local/lib/python3.12/site-packages/airflow/example_dags/example_skip_dag.py
[2025-03-08T19:44:49.370+0000] {logging_mixin.py:190} INFO - [2025-03-08T19:44:49.369+0000] {dag.py:3239} INFO - Sync 1 DAGs
[2025-03-08T19:44:49.427+0000] {logging_mixin.py:190} INFO - [2025-03-08T19:44:49.427+0000] {dag.py:4180} INFO - Setting next_dagrun for example_skip_dag to 2025-03-07 00:00:00+00:00, run_after=2025-03-08 00:00:00+00:00
[2025-03-08T19:44:49.466+0000] {processor.py:208} INFO - Processing /home/airflow/.local/lib/python3.12/site-packages/airflow/example_dags/example_skip_dag.py took 0.174 seconds
[2025-03-08T19:45:21.084+0000] {processor.py:186} INFO - Started process (PID=25880) to work on /home/airflow/.local/lib/python3.12/site-packages/airflow/example_dags/example_skip_dag.py
[2025-03-08T19:45:21.085+0000] {processor.py:914} INFO - Processing file /home/airflow/.local/lib/python3.12/site-packages/airflow/example_dags/example_skip_dag.py for tasks to queue
[2025-03-08T19:45:21.089+0000] {logging_mixin.py:190} INFO - [2025-03-08T19:45:21.088+0000] {dagbag.py:588} INFO - Filling up the DagBag from /home/airflow/.local/lib/python3.12/site-packages/airflow/example_dags/example_skip_dag.py
[2025-03-08T19:45:21.102+0000] {processor.py:925} INFO - DAG(s) 'example_skip_dag' retrieved from /home/airflow/.local/lib/python3.12/site-packages/airflow/example_dags/example_skip_dag.py
[2025-03-08T19:45:21.141+0000] {logging_mixin.py:190} INFO - [2025-03-08T19:45:21.141+0000] {dag.py:3239} INFO - Sync 1 DAGs
[2025-03-08T19:45:21.191+0000] {logging_mixin.py:190} INFO - [2025-03-08T19:45:21.190+0000] {dag.py:4180} INFO - Setting next_dagrun for example_skip_dag to 2025-03-07 00:00:00+00:00, run_after=2025-03-08 00:00:00+00:00
[2025-03-08T19:45:21.229+0000] {processor.py:208} INFO - Processing /home/airflow/.local/lib/python3.12/site-packages/airflow/example_dags/example_skip_dag.py took 0.155 seconds
[2025-03-08T19:45:52.861+0000] {processor.py:186} INFO - Started process (PID=25945) to work on /home/airflow/.local/lib/python3.12/site-packages/airflow/example_dags/example_skip_dag.py
[2025-03-08T19:45:52.862+0000] {processor.py:914} INFO - Processing file /home/airflow/.local/lib/python3.12/site-packages/airflow/example_dags/example_skip_dag.py for tasks to queue
[2025-03-08T19:45:52.866+0000] {logging_mixin.py:190} INFO - [2025-03-08T19:45:52.865+0000] {dagbag.py:588} INFO - Filling up the DagBag from /home/airflow/.local/lib/python3.12/site-packages/airflow/example_dags/example_skip_dag.py
[2025-03-08T19:45:52.880+0000] {processor.py:925} INFO - DAG(s) 'example_skip_dag' retrieved from /home/airflow/.local/lib/python3.12/site-packages/airflow/example_dags/example_skip_dag.py
[2025-03-08T19:45:52.918+0000] {logging_mixin.py:190} INFO - [2025-03-08T19:45:52.917+0000] {dag.py:3239} INFO - Sync 1 DAGs
[2025-03-08T19:45:52.963+0000] {logging_mixin.py:190} INFO - [2025-03-08T19:45:52.962+0000] {dag.py:4180} INFO - Setting next_dagrun for example_skip_dag to 2025-03-07 00:00:00+00:00, run_after=2025-03-08 00:00:00+00:00
[2025-03-08T19:45:52.995+0000] {processor.py:208} INFO - Processing /home/airflow/.local/lib/python3.12/site-packages/airflow/example_dags/example_skip_dag.py took 0.144 seconds
[2025-03-08T19:46:24.948+0000] {processor.py:186} INFO - Started process (PID=26008) to work on /home/airflow/.local/lib/python3.12/site-packages/airflow/example_dags/example_skip_dag.py
[2025-03-08T19:46:24.950+0000] {processor.py:914} INFO - Processing file /home/airflow/.local/lib/python3.12/site-packages/airflow/example_dags/example_skip_dag.py for tasks to queue
[2025-03-08T19:46:24.954+0000] {logging_mixin.py:190} INFO - [2025-03-08T19:46:24.954+0000] {dagbag.py:588} INFO - Filling up the DagBag from /home/airflow/.local/lib/python3.12/site-packages/airflow/example_dags/example_skip_dag.py
[2025-03-08T19:46:24.967+0000] {processor.py:925} INFO - DAG(s) 'example_skip_dag' retrieved from /home/airflow/.local/lib/python3.12/site-packages/airflow/example_dags/example_skip_dag.py
[2025-03-08T19:46:25.003+0000] {logging_mixin.py:190} INFO - [2025-03-08T19:46:25.002+0000] {dag.py:3239} INFO - Sync 1 DAGs
[2025-03-08T19:46:25.046+0000] {logging_mixin.py:190} INFO - [2025-03-08T19:46:25.046+0000] {dag.py:4180} INFO - Setting next_dagrun for example_skip_dag to 2025-03-07 00:00:00+00:00, run_after=2025-03-08 00:00:00+00:00
[2025-03-08T19:46:25.079+0000] {processor.py:208} INFO - Processing /home/airflow/.local/lib/python3.12/site-packages/airflow/example_dags/example_skip_dag.py took 0.142 seconds
[2025-03-08T19:46:56.325+0000] {processor.py:186} INFO - Started process (PID=26071) to work on /home/airflow/.local/lib/python3.12/site-packages/airflow/example_dags/example_skip_dag.py
[2025-03-08T19:46:56.327+0000] {processor.py:914} INFO - Processing file /home/airflow/.local/lib/python3.12/site-packages/airflow/example_dags/example_skip_dag.py for tasks to queue
[2025-03-08T19:46:56.330+0000] {logging_mixin.py:190} INFO - [2025-03-08T19:46:56.330+0000] {dagbag.py:588} INFO - Filling up the DagBag from /home/airflow/.local/lib/python3.12/site-packages/airflow/example_dags/example_skip_dag.py
[2025-03-08T19:46:56.341+0000] {processor.py:925} INFO - DAG(s) 'example_skip_dag' retrieved from /home/airflow/.local/lib/python3.12/site-packages/airflow/example_dags/example_skip_dag.py
[2025-03-08T19:46:56.374+0000] {logging_mixin.py:190} INFO - [2025-03-08T19:46:56.373+0000] {dag.py:3239} INFO - Sync 1 DAGs
[2025-03-08T19:46:56.414+0000] {logging_mixin.py:190} INFO - [2025-03-08T19:46:56.414+0000] {dag.py:4180} INFO - Setting next_dagrun for example_skip_dag to 2025-03-07 00:00:00+00:00, run_after=2025-03-08 00:00:00+00:00
[2025-03-08T19:46:56.449+0000] {processor.py:208} INFO - Processing /home/airflow/.local/lib/python3.12/site-packages/airflow/example_dags/example_skip_dag.py took 0.132 seconds
[2025-03-08T19:47:28.474+0000] {processor.py:186} INFO - Started process (PID=26144) to work on /home/airflow/.local/lib/python3.12/site-packages/airflow/example_dags/example_skip_dag.py
[2025-03-08T19:47:28.475+0000] {processor.py:914} INFO - Processing file /home/airflow/.local/lib/python3.12/site-packages/airflow/example_dags/example_skip_dag.py for tasks to queue
[2025-03-08T19:47:28.478+0000] {logging_mixin.py:190} INFO - [2025-03-08T19:47:28.477+0000] {dagbag.py:588} INFO - Filling up the DagBag from /home/airflow/.local/lib/python3.12/site-packages/airflow/example_dags/example_skip_dag.py
[2025-03-08T19:47:28.489+0000] {processor.py:925} INFO - DAG(s) 'example_skip_dag' retrieved from /home/airflow/.local/lib/python3.12/site-packages/airflow/example_dags/example_skip_dag.py
[2025-03-08T19:47:28.523+0000] {logging_mixin.py:190} INFO - [2025-03-08T19:47:28.522+0000] {dag.py:3239} INFO - Sync 1 DAGs
[2025-03-08T19:47:28.561+0000] {logging_mixin.py:190} INFO - [2025-03-08T19:47:28.561+0000] {dag.py:4180} INFO - Setting next_dagrun for example_skip_dag to 2025-03-07 00:00:00+00:00, run_after=2025-03-08 00:00:00+00:00
[2025-03-08T19:47:28.591+0000] {processor.py:208} INFO - Processing /home/airflow/.local/lib/python3.12/site-packages/airflow/example_dags/example_skip_dag.py took 0.126 seconds
[2025-03-08T19:48:00.146+0000] {processor.py:186} INFO - Started process (PID=26208) to work on /home/airflow/.local/lib/python3.12/site-packages/airflow/example_dags/example_skip_dag.py
[2025-03-08T19:48:00.147+0000] {processor.py:914} INFO - Processing file /home/airflow/.local/lib/python3.12/site-packages/airflow/example_dags/example_skip_dag.py for tasks to queue
[2025-03-08T19:48:00.150+0000] {logging_mixin.py:190} INFO - [2025-03-08T19:48:00.149+0000] {dagbag.py:588} INFO - Filling up the DagBag from /home/airflow/.local/lib/python3.12/site-packages/airflow/example_dags/example_skip_dag.py
[2025-03-08T19:48:00.162+0000] {processor.py:925} INFO - DAG(s) 'example_skip_dag' retrieved from /home/airflow/.local/lib/python3.12/site-packages/airflow/example_dags/example_skip_dag.py
[2025-03-08T19:48:00.194+0000] {logging_mixin.py:190} INFO - [2025-03-08T19:48:00.193+0000] {dag.py:3239} INFO - Sync 1 DAGs
[2025-03-08T19:48:00.237+0000] {logging_mixin.py:190} INFO - [2025-03-08T19:48:00.237+0000] {dag.py:4180} INFO - Setting next_dagrun for example_skip_dag to 2025-03-07 00:00:00+00:00, run_after=2025-03-08 00:00:00+00:00
[2025-03-08T19:48:00.271+0000] {processor.py:208} INFO - Processing /home/airflow/.local/lib/python3.12/site-packages/airflow/example_dags/example_skip_dag.py took 0.134 seconds
[2025-03-08T19:48:32.293+0000] {processor.py:186} INFO - Started process (PID=26273) to work on /home/airflow/.local/lib/python3.12/site-packages/airflow/example_dags/example_skip_dag.py
[2025-03-08T19:48:32.294+0000] {processor.py:914} INFO - Processing file /home/airflow/.local/lib/python3.12/site-packages/airflow/example_dags/example_skip_dag.py for tasks to queue
[2025-03-08T19:48:32.297+0000] {logging_mixin.py:190} INFO - [2025-03-08T19:48:32.297+0000] {dagbag.py:588} INFO - Filling up the DagBag from /home/airflow/.local/lib/python3.12/site-packages/airflow/example_dags/example_skip_dag.py
[2025-03-08T19:48:32.309+0000] {processor.py:925} INFO - DAG(s) 'example_skip_dag' retrieved from /home/airflow/.local/lib/python3.12/site-packages/airflow/example_dags/example_skip_dag.py
[2025-03-08T19:48:32.339+0000] {logging_mixin.py:190} INFO - [2025-03-08T19:48:32.339+0000] {dag.py:3239} INFO - Sync 1 DAGs
[2025-03-08T19:48:32.379+0000] {logging_mixin.py:190} INFO - [2025-03-08T19:48:32.379+0000] {dag.py:4180} INFO - Setting next_dagrun for example_skip_dag to 2025-03-07 00:00:00+00:00, run_after=2025-03-08 00:00:00+00:00
[2025-03-08T19:48:32.407+0000] {processor.py:208} INFO - Processing /home/airflow/.local/lib/python3.12/site-packages/airflow/example_dags/example_skip_dag.py took 0.123 seconds
[2025-03-08T19:49:03.587+0000] {processor.py:186} INFO - Started process (PID=26336) to work on /home/airflow/.local/lib/python3.12/site-packages/airflow/example_dags/example_skip_dag.py
[2025-03-08T19:49:03.588+0000] {processor.py:914} INFO - Processing file /home/airflow/.local/lib/python3.12/site-packages/airflow/example_dags/example_skip_dag.py for tasks to queue
[2025-03-08T19:49:03.591+0000] {logging_mixin.py:190} INFO - [2025-03-08T19:49:03.590+0000] {dagbag.py:588} INFO - Filling up the DagBag from /home/airflow/.local/lib/python3.12/site-packages/airflow/example_dags/example_skip_dag.py
[2025-03-08T19:49:03.602+0000] {processor.py:925} INFO - DAG(s) 'example_skip_dag' retrieved from /home/airflow/.local/lib/python3.12/site-packages/airflow/example_dags/example_skip_dag.py
[2025-03-08T19:49:03.642+0000] {logging_mixin.py:190} INFO - [2025-03-08T19:49:03.642+0000] {dag.py:3239} INFO - Sync 1 DAGs
[2025-03-08T19:49:03.687+0000] {logging_mixin.py:190} INFO - [2025-03-08T19:49:03.687+0000] {dag.py:4180} INFO - Setting next_dagrun for example_skip_dag to 2025-03-07 00:00:00+00:00, run_after=2025-03-08 00:00:00+00:00
[2025-03-08T19:49:03.718+0000] {processor.py:208} INFO - Processing /home/airflow/.local/lib/python3.12/site-packages/airflow/example_dags/example_skip_dag.py took 0.141 seconds
[2025-03-08T19:49:34.805+0000] {processor.py:186} INFO - Started process (PID=26399) to work on /home/airflow/.local/lib/python3.12/site-packages/airflow/example_dags/example_skip_dag.py
[2025-03-08T19:49:34.806+0000] {processor.py:914} INFO - Processing file /home/airflow/.local/lib/python3.12/site-packages/airflow/example_dags/example_skip_dag.py for tasks to queue
[2025-03-08T19:49:34.809+0000] {logging_mixin.py:190} INFO - [2025-03-08T19:49:34.808+0000] {dagbag.py:588} INFO - Filling up the DagBag from /home/airflow/.local/lib/python3.12/site-packages/airflow/example_dags/example_skip_dag.py
[2025-03-08T19:49:34.820+0000] {processor.py:925} INFO - DAG(s) 'example_skip_dag' retrieved from /home/airflow/.local/lib/python3.12/site-packages/airflow/example_dags/example_skip_dag.py
[2025-03-08T19:49:34.853+0000] {logging_mixin.py:190} INFO - [2025-03-08T19:49:34.853+0000] {dag.py:3239} INFO - Sync 1 DAGs
[2025-03-08T19:49:34.893+0000] {logging_mixin.py:190} INFO - [2025-03-08T19:49:34.893+0000] {dag.py:4180} INFO - Setting next_dagrun for example_skip_dag to 2025-03-07 00:00:00+00:00, run_after=2025-03-08 00:00:00+00:00
[2025-03-08T19:49:34.922+0000] {processor.py:208} INFO - Processing /home/airflow/.local/lib/python3.12/site-packages/airflow/example_dags/example_skip_dag.py took 0.125 seconds
[2025-03-08T19:50:06.025+0000] {processor.py:186} INFO - Started process (PID=26461) to work on /home/airflow/.local/lib/python3.12/site-packages/airflow/example_dags/example_skip_dag.py
[2025-03-08T19:50:06.026+0000] {processor.py:914} INFO - Processing file /home/airflow/.local/lib/python3.12/site-packages/airflow/example_dags/example_skip_dag.py for tasks to queue
[2025-03-08T19:50:06.029+0000] {logging_mixin.py:190} INFO - [2025-03-08T19:50:06.028+0000] {dagbag.py:588} INFO - Filling up the DagBag from /home/airflow/.local/lib/python3.12/site-packages/airflow/example_dags/example_skip_dag.py
[2025-03-08T19:50:06.040+0000] {processor.py:925} INFO - DAG(s) 'example_skip_dag' retrieved from /home/airflow/.local/lib/python3.12/site-packages/airflow/example_dags/example_skip_dag.py
[2025-03-08T19:50:06.072+0000] {logging_mixin.py:190} INFO - [2025-03-08T19:50:06.072+0000] {dag.py:3239} INFO - Sync 1 DAGs
[2025-03-08T19:50:06.111+0000] {logging_mixin.py:190} INFO - [2025-03-08T19:50:06.111+0000] {dag.py:4180} INFO - Setting next_dagrun for example_skip_dag to 2025-03-07 00:00:00+00:00, run_after=2025-03-08 00:00:00+00:00
[2025-03-08T19:50:06.139+0000] {processor.py:208} INFO - Processing /home/airflow/.local/lib/python3.12/site-packages/airflow/example_dags/example_skip_dag.py took 0.123 seconds
[2025-03-08T19:50:37.341+0000] {processor.py:186} INFO - Started process (PID=26524) to work on /home/airflow/.local/lib/python3.12/site-packages/airflow/example_dags/example_skip_dag.py
[2025-03-08T19:50:37.342+0000] {processor.py:914} INFO - Processing file /home/airflow/.local/lib/python3.12/site-packages/airflow/example_dags/example_skip_dag.py for tasks to queue
[2025-03-08T19:50:37.345+0000] {logging_mixin.py:190} INFO - [2025-03-08T19:50:37.344+0000] {dagbag.py:588} INFO - Filling up the DagBag from /home/airflow/.local/lib/python3.12/site-packages/airflow/example_dags/example_skip_dag.py
[2025-03-08T19:50:37.357+0000] {processor.py:925} INFO - DAG(s) 'example_skip_dag' retrieved from /home/airflow/.local/lib/python3.12/site-packages/airflow/example_dags/example_skip_dag.py
[2025-03-08T19:50:37.388+0000] {logging_mixin.py:190} INFO - [2025-03-08T19:50:37.388+0000] {dag.py:3239} INFO - Sync 1 DAGs
[2025-03-08T19:50:37.430+0000] {logging_mixin.py:190} INFO - [2025-03-08T19:50:37.430+0000] {dag.py:4180} INFO - Setting next_dagrun for example_skip_dag to 2025-03-07 00:00:00+00:00, run_after=2025-03-08 00:00:00+00:00
[2025-03-08T19:50:37.460+0000] {processor.py:208} INFO - Processing /home/airflow/.local/lib/python3.12/site-packages/airflow/example_dags/example_skip_dag.py took 0.127 seconds
[2025-03-08T19:51:08.807+0000] {processor.py:186} INFO - Started process (PID=26587) to work on /home/airflow/.local/lib/python3.12/site-packages/airflow/example_dags/example_skip_dag.py
[2025-03-08T19:51:08.808+0000] {processor.py:914} INFO - Processing file /home/airflow/.local/lib/python3.12/site-packages/airflow/example_dags/example_skip_dag.py for tasks to queue
[2025-03-08T19:51:08.811+0000] {logging_mixin.py:190} INFO - [2025-03-08T19:51:08.811+0000] {dagbag.py:588} INFO - Filling up the DagBag from /home/airflow/.local/lib/python3.12/site-packages/airflow/example_dags/example_skip_dag.py
[2025-03-08T19:51:08.823+0000] {processor.py:925} INFO - DAG(s) 'example_skip_dag' retrieved from /home/airflow/.local/lib/python3.12/site-packages/airflow/example_dags/example_skip_dag.py
[2025-03-08T19:51:08.866+0000] {logging_mixin.py:190} INFO - [2025-03-08T19:51:08.866+0000] {dag.py:3239} INFO - Sync 1 DAGs
[2025-03-08T19:51:08.922+0000] {logging_mixin.py:190} INFO - [2025-03-08T19:51:08.921+0000] {dag.py:4180} INFO - Setting next_dagrun for example_skip_dag to 2025-03-07 00:00:00+00:00, run_after=2025-03-08 00:00:00+00:00
[2025-03-08T19:51:08.959+0000] {processor.py:208} INFO - Processing /home/airflow/.local/lib/python3.12/site-packages/airflow/example_dags/example_skip_dag.py took 0.160 seconds
[2025-03-08T19:51:40.030+0000] {processor.py:186} INFO - Started process (PID=26650) to work on /home/airflow/.local/lib/python3.12/site-packages/airflow/example_dags/example_skip_dag.py
[2025-03-08T19:51:40.031+0000] {processor.py:914} INFO - Processing file /home/airflow/.local/lib/python3.12/site-packages/airflow/example_dags/example_skip_dag.py for tasks to queue
[2025-03-08T19:51:40.034+0000] {logging_mixin.py:190} INFO - [2025-03-08T19:51:40.034+0000] {dagbag.py:588} INFO - Filling up the DagBag from /home/airflow/.local/lib/python3.12/site-packages/airflow/example_dags/example_skip_dag.py
[2025-03-08T19:51:40.046+0000] {processor.py:925} INFO - DAG(s) 'example_skip_dag' retrieved from /home/airflow/.local/lib/python3.12/site-packages/airflow/example_dags/example_skip_dag.py
[2025-03-08T19:51:40.087+0000] {logging_mixin.py:190} INFO - [2025-03-08T19:51:40.086+0000] {dag.py:3239} INFO - Sync 1 DAGs
[2025-03-08T19:51:40.138+0000] {logging_mixin.py:190} INFO - [2025-03-08T19:51:40.137+0000] {dag.py:4180} INFO - Setting next_dagrun for example_skip_dag to 2025-03-07 00:00:00+00:00, run_after=2025-03-08 00:00:00+00:00
[2025-03-08T19:51:40.166+0000] {processor.py:208} INFO - Processing /home/airflow/.local/lib/python3.12/site-packages/airflow/example_dags/example_skip_dag.py took 0.145 seconds
[2025-03-08T19:52:12.124+0000] {processor.py:186} INFO - Started process (PID=26716) to work on /home/airflow/.local/lib/python3.12/site-packages/airflow/example_dags/example_skip_dag.py
[2025-03-08T19:52:12.126+0000] {processor.py:914} INFO - Processing file /home/airflow/.local/lib/python3.12/site-packages/airflow/example_dags/example_skip_dag.py for tasks to queue
[2025-03-08T19:52:12.129+0000] {logging_mixin.py:190} INFO - [2025-03-08T19:52:12.128+0000] {dagbag.py:588} INFO - Filling up the DagBag from /home/airflow/.local/lib/python3.12/site-packages/airflow/example_dags/example_skip_dag.py
[2025-03-08T19:52:12.140+0000] {processor.py:925} INFO - DAG(s) 'example_skip_dag' retrieved from /home/airflow/.local/lib/python3.12/site-packages/airflow/example_dags/example_skip_dag.py
[2025-03-08T19:52:12.173+0000] {logging_mixin.py:190} INFO - [2025-03-08T19:52:12.172+0000] {dag.py:3239} INFO - Sync 1 DAGs
[2025-03-08T19:52:12.215+0000] {logging_mixin.py:190} INFO - [2025-03-08T19:52:12.214+0000] {dag.py:4180} INFO - Setting next_dagrun for example_skip_dag to 2025-03-07 00:00:00+00:00, run_after=2025-03-08 00:00:00+00:00
[2025-03-08T19:52:12.246+0000] {processor.py:208} INFO - Processing /home/airflow/.local/lib/python3.12/site-packages/airflow/example_dags/example_skip_dag.py took 0.131 seconds
[2025-03-08T19:52:43.681+0000] {processor.py:186} INFO - Started process (PID=26787) to work on /home/airflow/.local/lib/python3.12/site-packages/airflow/example_dags/example_skip_dag.py
[2025-03-08T19:52:43.683+0000] {processor.py:914} INFO - Processing file /home/airflow/.local/lib/python3.12/site-packages/airflow/example_dags/example_skip_dag.py for tasks to queue
[2025-03-08T19:52:43.686+0000] {logging_mixin.py:190} INFO - [2025-03-08T19:52:43.685+0000] {dagbag.py:588} INFO - Filling up the DagBag from /home/airflow/.local/lib/python3.12/site-packages/airflow/example_dags/example_skip_dag.py
[2025-03-08T19:52:43.697+0000] {processor.py:925} INFO - DAG(s) 'example_skip_dag' retrieved from /home/airflow/.local/lib/python3.12/site-packages/airflow/example_dags/example_skip_dag.py
[2025-03-08T19:52:43.740+0000] {logging_mixin.py:190} INFO - [2025-03-08T19:52:43.739+0000] {dag.py:3239} INFO - Sync 1 DAGs
[2025-03-08T19:52:43.779+0000] {logging_mixin.py:190} INFO - [2025-03-08T19:52:43.778+0000] {dag.py:4180} INFO - Setting next_dagrun for example_skip_dag to 2025-03-07 00:00:00+00:00, run_after=2025-03-08 00:00:00+00:00
[2025-03-08T19:52:43.815+0000] {processor.py:208} INFO - Processing /home/airflow/.local/lib/python3.12/site-packages/airflow/example_dags/example_skip_dag.py took 0.142 seconds
[2025-03-08T19:53:15.471+0000] {processor.py:186} INFO - Started process (PID=26850) to work on /home/airflow/.local/lib/python3.12/site-packages/airflow/example_dags/example_skip_dag.py
[2025-03-08T19:53:15.472+0000] {processor.py:914} INFO - Processing file /home/airflow/.local/lib/python3.12/site-packages/airflow/example_dags/example_skip_dag.py for tasks to queue
[2025-03-08T19:53:15.475+0000] {logging_mixin.py:190} INFO - [2025-03-08T19:53:15.474+0000] {dagbag.py:588} INFO - Filling up the DagBag from /home/airflow/.local/lib/python3.12/site-packages/airflow/example_dags/example_skip_dag.py
[2025-03-08T19:53:15.488+0000] {processor.py:925} INFO - DAG(s) 'example_skip_dag' retrieved from /home/airflow/.local/lib/python3.12/site-packages/airflow/example_dags/example_skip_dag.py
[2025-03-08T19:53:15.524+0000] {logging_mixin.py:190} INFO - [2025-03-08T19:53:15.524+0000] {dag.py:3239} INFO - Sync 1 DAGs
[2025-03-08T19:53:15.569+0000] {logging_mixin.py:190} INFO - [2025-03-08T19:53:15.569+0000] {dag.py:4180} INFO - Setting next_dagrun for example_skip_dag to 2025-03-07 00:00:00+00:00, run_after=2025-03-08 00:00:00+00:00
[2025-03-08T19:53:15.598+0000] {processor.py:208} INFO - Processing /home/airflow/.local/lib/python3.12/site-packages/airflow/example_dags/example_skip_dag.py took 0.136 seconds
[2025-03-08T19:53:46.969+0000] {processor.py:186} INFO - Started process (PID=26914) to work on /home/airflow/.local/lib/python3.12/site-packages/airflow/example_dags/example_skip_dag.py
[2025-03-08T19:53:46.970+0000] {processor.py:914} INFO - Processing file /home/airflow/.local/lib/python3.12/site-packages/airflow/example_dags/example_skip_dag.py for tasks to queue
[2025-03-08T19:53:46.972+0000] {logging_mixin.py:190} INFO - [2025-03-08T19:53:46.972+0000] {dagbag.py:588} INFO - Filling up the DagBag from /home/airflow/.local/lib/python3.12/site-packages/airflow/example_dags/example_skip_dag.py
[2025-03-08T19:53:46.984+0000] {processor.py:925} INFO - DAG(s) 'example_skip_dag' retrieved from /home/airflow/.local/lib/python3.12/site-packages/airflow/example_dags/example_skip_dag.py
[2025-03-08T19:53:47.016+0000] {logging_mixin.py:190} INFO - [2025-03-08T19:53:47.015+0000] {dag.py:3239} INFO - Sync 1 DAGs
[2025-03-08T19:53:47.054+0000] {logging_mixin.py:190} INFO - [2025-03-08T19:53:47.053+0000] {dag.py:4180} INFO - Setting next_dagrun for example_skip_dag to 2025-03-07 00:00:00+00:00, run_after=2025-03-08 00:00:00+00:00
[2025-03-08T19:53:47.084+0000] {processor.py:208} INFO - Processing /home/airflow/.local/lib/python3.12/site-packages/airflow/example_dags/example_skip_dag.py took 0.123 seconds
[2025-03-08T19:54:18.133+0000] {processor.py:186} INFO - Started process (PID=26977) to work on /home/airflow/.local/lib/python3.12/site-packages/airflow/example_dags/example_skip_dag.py
[2025-03-08T19:54:18.134+0000] {processor.py:914} INFO - Processing file /home/airflow/.local/lib/python3.12/site-packages/airflow/example_dags/example_skip_dag.py for tasks to queue
[2025-03-08T19:54:18.136+0000] {logging_mixin.py:190} INFO - [2025-03-08T19:54:18.136+0000] {dagbag.py:588} INFO - Filling up the DagBag from /home/airflow/.local/lib/python3.12/site-packages/airflow/example_dags/example_skip_dag.py
[2025-03-08T19:54:18.148+0000] {processor.py:925} INFO - DAG(s) 'example_skip_dag' retrieved from /home/airflow/.local/lib/python3.12/site-packages/airflow/example_dags/example_skip_dag.py
[2025-03-08T19:54:18.180+0000] {logging_mixin.py:190} INFO - [2025-03-08T19:54:18.179+0000] {dag.py:3239} INFO - Sync 1 DAGs
[2025-03-08T19:54:18.225+0000] {logging_mixin.py:190} INFO - [2025-03-08T19:54:18.224+0000] {dag.py:4180} INFO - Setting next_dagrun for example_skip_dag to 2025-03-07 00:00:00+00:00, run_after=2025-03-08 00:00:00+00:00
[2025-03-08T19:54:18.268+0000] {processor.py:208} INFO - Processing /home/airflow/.local/lib/python3.12/site-packages/airflow/example_dags/example_skip_dag.py took 0.144 seconds
[2025-03-08T19:54:49.960+0000] {processor.py:186} INFO - Started process (PID=27040) to work on /home/airflow/.local/lib/python3.12/site-packages/airflow/example_dags/example_skip_dag.py
[2025-03-08T19:54:49.961+0000] {processor.py:914} INFO - Processing file /home/airflow/.local/lib/python3.12/site-packages/airflow/example_dags/example_skip_dag.py for tasks to queue
[2025-03-08T19:54:49.964+0000] {logging_mixin.py:190} INFO - [2025-03-08T19:54:49.963+0000] {dagbag.py:588} INFO - Filling up the DagBag from /home/airflow/.local/lib/python3.12/site-packages/airflow/example_dags/example_skip_dag.py
[2025-03-08T19:54:49.975+0000] {processor.py:925} INFO - DAG(s) 'example_skip_dag' retrieved from /home/airflow/.local/lib/python3.12/site-packages/airflow/example_dags/example_skip_dag.py
[2025-03-08T19:54:50.008+0000] {logging_mixin.py:190} INFO - [2025-03-08T19:54:50.007+0000] {dag.py:3239} INFO - Sync 1 DAGs
[2025-03-08T19:54:50.048+0000] {logging_mixin.py:190} INFO - [2025-03-08T19:54:50.048+0000] {dag.py:4180} INFO - Setting next_dagrun for example_skip_dag to 2025-03-07 00:00:00+00:00, run_after=2025-03-08 00:00:00+00:00
[2025-03-08T19:54:50.076+0000] {processor.py:208} INFO - Processing /home/airflow/.local/lib/python3.12/site-packages/airflow/example_dags/example_skip_dag.py took 0.124 seconds
[2025-03-08T19:55:21.557+0000] {processor.py:186} INFO - Started process (PID=27103) to work on /home/airflow/.local/lib/python3.12/site-packages/airflow/example_dags/example_skip_dag.py
[2025-03-08T19:55:21.558+0000] {processor.py:914} INFO - Processing file /home/airflow/.local/lib/python3.12/site-packages/airflow/example_dags/example_skip_dag.py for tasks to queue
[2025-03-08T19:55:21.561+0000] {logging_mixin.py:190} INFO - [2025-03-08T19:55:21.561+0000] {dagbag.py:588} INFO - Filling up the DagBag from /home/airflow/.local/lib/python3.12/site-packages/airflow/example_dags/example_skip_dag.py
[2025-03-08T19:55:21.573+0000] {processor.py:925} INFO - DAG(s) 'example_skip_dag' retrieved from /home/airflow/.local/lib/python3.12/site-packages/airflow/example_dags/example_skip_dag.py
[2025-03-08T19:55:21.604+0000] {logging_mixin.py:190} INFO - [2025-03-08T19:55:21.603+0000] {dag.py:3239} INFO - Sync 1 DAGs
[2025-03-08T19:55:21.643+0000] {logging_mixin.py:190} INFO - [2025-03-08T19:55:21.643+0000] {dag.py:4180} INFO - Setting next_dagrun for example_skip_dag to 2025-03-07 00:00:00+00:00, run_after=2025-03-08 00:00:00+00:00
[2025-03-08T19:55:21.671+0000] {processor.py:208} INFO - Processing /home/airflow/.local/lib/python3.12/site-packages/airflow/example_dags/example_skip_dag.py took 0.123 seconds
[2025-03-08T19:55:53.746+0000] {processor.py:186} INFO - Started process (PID=27172) to work on /home/airflow/.local/lib/python3.12/site-packages/airflow/example_dags/example_skip_dag.py
[2025-03-08T19:55:53.747+0000] {processor.py:914} INFO - Processing file /home/airflow/.local/lib/python3.12/site-packages/airflow/example_dags/example_skip_dag.py for tasks to queue
[2025-03-08T19:55:53.750+0000] {logging_mixin.py:190} INFO - [2025-03-08T19:55:53.750+0000] {dagbag.py:588} INFO - Filling up the DagBag from /home/airflow/.local/lib/python3.12/site-packages/airflow/example_dags/example_skip_dag.py
[2025-03-08T19:55:53.762+0000] {processor.py:925} INFO - DAG(s) 'example_skip_dag' retrieved from /home/airflow/.local/lib/python3.12/site-packages/airflow/example_dags/example_skip_dag.py
[2025-03-08T19:55:53.794+0000] {logging_mixin.py:190} INFO - [2025-03-08T19:55:53.793+0000] {dag.py:3239} INFO - Sync 1 DAGs
[2025-03-08T19:55:53.832+0000] {logging_mixin.py:190} INFO - [2025-03-08T19:55:53.832+0000] {dag.py:4180} INFO - Setting next_dagrun for example_skip_dag to 2025-03-07 00:00:00+00:00, run_after=2025-03-08 00:00:00+00:00
[2025-03-08T19:55:53.860+0000] {processor.py:208} INFO - Processing /home/airflow/.local/lib/python3.12/site-packages/airflow/example_dags/example_skip_dag.py took 0.123 seconds
[2025-03-08T20:31:15.701+0000] {processor.py:186} INFO - Started process (PID=27243) to work on /home/airflow/.local/lib/python3.12/site-packages/airflow/example_dags/example_skip_dag.py
[2025-03-08T20:31:15.702+0000] {processor.py:914} INFO - Processing file /home/airflow/.local/lib/python3.12/site-packages/airflow/example_dags/example_skip_dag.py for tasks to queue
[2025-03-08T20:31:15.715+0000] {logging_mixin.py:190} INFO - [2025-03-08T20:31:15.706+0000] {dagbag.py:588} INFO - Filling up the DagBag from /home/airflow/.local/lib/python3.12/site-packages/airflow/example_dags/example_skip_dag.py
[2025-03-08T20:31:15.749+0000] {processor.py:925} INFO - DAG(s) 'example_skip_dag' retrieved from /home/airflow/.local/lib/python3.12/site-packages/airflow/example_dags/example_skip_dag.py
[2025-03-08T20:31:15.896+0000] {logging_mixin.py:190} INFO - [2025-03-08T20:31:15.895+0000] {dag.py:3239} INFO - Sync 1 DAGs
[2025-03-08T20:31:15.985+0000] {logging_mixin.py:190} INFO - [2025-03-08T20:31:15.984+0000] {dag.py:4180} INFO - Setting next_dagrun for example_skip_dag to 2025-03-07 00:00:00+00:00, run_after=2025-03-08 00:00:00+00:00
[2025-03-08T20:31:16.035+0000] {processor.py:208} INFO - Processing /home/airflow/.local/lib/python3.12/site-packages/airflow/example_dags/example_skip_dag.py took 0.383 seconds
[2025-03-08T20:31:46.835+0000] {processor.py:186} INFO - Started process (PID=27305) to work on /home/airflow/.local/lib/python3.12/site-packages/airflow/example_dags/example_skip_dag.py
[2025-03-08T20:31:46.836+0000] {processor.py:914} INFO - Processing file /home/airflow/.local/lib/python3.12/site-packages/airflow/example_dags/example_skip_dag.py for tasks to queue
[2025-03-08T20:31:46.839+0000] {logging_mixin.py:190} INFO - [2025-03-08T20:31:46.838+0000] {dagbag.py:588} INFO - Filling up the DagBag from /home/airflow/.local/lib/python3.12/site-packages/airflow/example_dags/example_skip_dag.py
[2025-03-08T20:31:46.851+0000] {processor.py:925} INFO - DAG(s) 'example_skip_dag' retrieved from /home/airflow/.local/lib/python3.12/site-packages/airflow/example_dags/example_skip_dag.py
[2025-03-08T20:31:46.896+0000] {logging_mixin.py:190} INFO - [2025-03-08T20:31:46.896+0000] {dag.py:3239} INFO - Sync 1 DAGs
[2025-03-08T20:31:46.937+0000] {logging_mixin.py:190} INFO - [2025-03-08T20:31:46.936+0000] {dag.py:4180} INFO - Setting next_dagrun for example_skip_dag to 2025-03-07 00:00:00+00:00, run_after=2025-03-08 00:00:00+00:00
[2025-03-08T20:31:46.967+0000] {processor.py:208} INFO - Processing /home/airflow/.local/lib/python3.12/site-packages/airflow/example_dags/example_skip_dag.py took 0.141 seconds
[2025-03-08T20:32:18.552+0000] {processor.py:186} INFO - Started process (PID=27369) to work on /home/airflow/.local/lib/python3.12/site-packages/airflow/example_dags/example_skip_dag.py
[2025-03-08T20:32:18.553+0000] {processor.py:914} INFO - Processing file /home/airflow/.local/lib/python3.12/site-packages/airflow/example_dags/example_skip_dag.py for tasks to queue
[2025-03-08T20:32:18.557+0000] {logging_mixin.py:190} INFO - [2025-03-08T20:32:18.557+0000] {dagbag.py:588} INFO - Filling up the DagBag from /home/airflow/.local/lib/python3.12/site-packages/airflow/example_dags/example_skip_dag.py
[2025-03-08T20:32:18.574+0000] {processor.py:925} INFO - DAG(s) 'example_skip_dag' retrieved from /home/airflow/.local/lib/python3.12/site-packages/airflow/example_dags/example_skip_dag.py
[2025-03-08T20:32:18.622+0000] {logging_mixin.py:190} INFO - [2025-03-08T20:32:18.621+0000] {dag.py:3239} INFO - Sync 1 DAGs
[2025-03-08T20:32:18.680+0000] {logging_mixin.py:190} INFO - [2025-03-08T20:32:18.680+0000] {dag.py:4180} INFO - Setting next_dagrun for example_skip_dag to 2025-03-07 00:00:00+00:00, run_after=2025-03-08 00:00:00+00:00
[2025-03-08T20:32:18.721+0000] {processor.py:208} INFO - Processing /home/airflow/.local/lib/python3.12/site-packages/airflow/example_dags/example_skip_dag.py took 0.181 seconds
[2025-03-08T20:32:50.153+0000] {processor.py:186} INFO - Started process (PID=27433) to work on /home/airflow/.local/lib/python3.12/site-packages/airflow/example_dags/example_skip_dag.py
[2025-03-08T20:32:50.155+0000] {processor.py:914} INFO - Processing file /home/airflow/.local/lib/python3.12/site-packages/airflow/example_dags/example_skip_dag.py for tasks to queue
[2025-03-08T20:32:50.159+0000] {logging_mixin.py:190} INFO - [2025-03-08T20:32:50.158+0000] {dagbag.py:588} INFO - Filling up the DagBag from /home/airflow/.local/lib/python3.12/site-packages/airflow/example_dags/example_skip_dag.py
[2025-03-08T20:32:50.177+0000] {processor.py:925} INFO - DAG(s) 'example_skip_dag' retrieved from /home/airflow/.local/lib/python3.12/site-packages/airflow/example_dags/example_skip_dag.py
[2025-03-08T20:32:50.236+0000] {logging_mixin.py:190} INFO - [2025-03-08T20:32:50.236+0000] {dag.py:3239} INFO - Sync 1 DAGs
[2025-03-08T20:32:50.297+0000] {logging_mixin.py:190} INFO - [2025-03-08T20:32:50.297+0000] {dag.py:4180} INFO - Setting next_dagrun for example_skip_dag to 2025-03-07 00:00:00+00:00, run_after=2025-03-08 00:00:00+00:00
[2025-03-08T20:32:50.336+0000] {processor.py:208} INFO - Processing /home/airflow/.local/lib/python3.12/site-packages/airflow/example_dags/example_skip_dag.py took 0.195 seconds
[2025-03-08T20:33:21.424+0000] {processor.py:186} INFO - Started process (PID=27496) to work on /home/airflow/.local/lib/python3.12/site-packages/airflow/example_dags/example_skip_dag.py
[2025-03-08T20:33:21.425+0000] {processor.py:914} INFO - Processing file /home/airflow/.local/lib/python3.12/site-packages/airflow/example_dags/example_skip_dag.py for tasks to queue
[2025-03-08T20:33:21.429+0000] {logging_mixin.py:190} INFO - [2025-03-08T20:33:21.428+0000] {dagbag.py:588} INFO - Filling up the DagBag from /home/airflow/.local/lib/python3.12/site-packages/airflow/example_dags/example_skip_dag.py
[2025-03-08T20:33:21.446+0000] {processor.py:925} INFO - DAG(s) 'example_skip_dag' retrieved from /home/airflow/.local/lib/python3.12/site-packages/airflow/example_dags/example_skip_dag.py
[2025-03-08T20:33:21.486+0000] {logging_mixin.py:190} INFO - [2025-03-08T20:33:21.485+0000] {dag.py:3239} INFO - Sync 1 DAGs
[2025-03-08T20:33:21.541+0000] {logging_mixin.py:190} INFO - [2025-03-08T20:33:21.540+0000] {dag.py:4180} INFO - Setting next_dagrun for example_skip_dag to 2025-03-07 00:00:00+00:00, run_after=2025-03-08 00:00:00+00:00
[2025-03-08T20:33:21.577+0000] {processor.py:208} INFO - Processing /home/airflow/.local/lib/python3.12/site-packages/airflow/example_dags/example_skip_dag.py took 0.162 seconds
[2025-03-08T20:33:53.248+0000] {processor.py:186} INFO - Started process (PID=27559) to work on /home/airflow/.local/lib/python3.12/site-packages/airflow/example_dags/example_skip_dag.py
[2025-03-08T20:33:53.249+0000] {processor.py:914} INFO - Processing file /home/airflow/.local/lib/python3.12/site-packages/airflow/example_dags/example_skip_dag.py for tasks to queue
[2025-03-08T20:33:53.254+0000] {logging_mixin.py:190} INFO - [2025-03-08T20:33:53.253+0000] {dagbag.py:588} INFO - Filling up the DagBag from /home/airflow/.local/lib/python3.12/site-packages/airflow/example_dags/example_skip_dag.py
[2025-03-08T20:33:53.270+0000] {processor.py:925} INFO - DAG(s) 'example_skip_dag' retrieved from /home/airflow/.local/lib/python3.12/site-packages/airflow/example_dags/example_skip_dag.py
[2025-03-08T20:33:53.316+0000] {logging_mixin.py:190} INFO - [2025-03-08T20:33:53.316+0000] {dag.py:3239} INFO - Sync 1 DAGs
[2025-03-08T20:33:53.374+0000] {logging_mixin.py:190} INFO - [2025-03-08T20:33:53.374+0000] {dag.py:4180} INFO - Setting next_dagrun for example_skip_dag to 2025-03-07 00:00:00+00:00, run_after=2025-03-08 00:00:00+00:00
[2025-03-08T20:33:53.413+0000] {processor.py:208} INFO - Processing /home/airflow/.local/lib/python3.12/site-packages/airflow/example_dags/example_skip_dag.py took 0.176 seconds
[2025-03-08T20:34:24.724+0000] {processor.py:186} INFO - Started process (PID=27622) to work on /home/airflow/.local/lib/python3.12/site-packages/airflow/example_dags/example_skip_dag.py
[2025-03-08T20:34:24.725+0000] {processor.py:914} INFO - Processing file /home/airflow/.local/lib/python3.12/site-packages/airflow/example_dags/example_skip_dag.py for tasks to queue
[2025-03-08T20:34:24.728+0000] {logging_mixin.py:190} INFO - [2025-03-08T20:34:24.728+0000] {dagbag.py:588} INFO - Filling up the DagBag from /home/airflow/.local/lib/python3.12/site-packages/airflow/example_dags/example_skip_dag.py
[2025-03-08T20:34:24.740+0000] {processor.py:925} INFO - DAG(s) 'example_skip_dag' retrieved from /home/airflow/.local/lib/python3.12/site-packages/airflow/example_dags/example_skip_dag.py
[2025-03-08T20:34:24.772+0000] {logging_mixin.py:190} INFO - [2025-03-08T20:34:24.772+0000] {dag.py:3239} INFO - Sync 1 DAGs
[2025-03-08T20:34:24.811+0000] {logging_mixin.py:190} INFO - [2025-03-08T20:34:24.810+0000] {dag.py:4180} INFO - Setting next_dagrun for example_skip_dag to 2025-03-07 00:00:00+00:00, run_after=2025-03-08 00:00:00+00:00
[2025-03-08T20:34:24.840+0000] {processor.py:208} INFO - Processing /home/airflow/.local/lib/python3.12/site-packages/airflow/example_dags/example_skip_dag.py took 0.124 seconds
[2025-03-08T20:34:56.564+0000] {processor.py:186} INFO - Started process (PID=27685) to work on /home/airflow/.local/lib/python3.12/site-packages/airflow/example_dags/example_skip_dag.py
[2025-03-08T20:34:56.565+0000] {processor.py:914} INFO - Processing file /home/airflow/.local/lib/python3.12/site-packages/airflow/example_dags/example_skip_dag.py for tasks to queue
[2025-03-08T20:34:56.568+0000] {logging_mixin.py:190} INFO - [2025-03-08T20:34:56.567+0000] {dagbag.py:588} INFO - Filling up the DagBag from /home/airflow/.local/lib/python3.12/site-packages/airflow/example_dags/example_skip_dag.py
[2025-03-08T20:34:56.580+0000] {processor.py:925} INFO - DAG(s) 'example_skip_dag' retrieved from /home/airflow/.local/lib/python3.12/site-packages/airflow/example_dags/example_skip_dag.py
[2025-03-08T20:34:56.612+0000] {logging_mixin.py:190} INFO - [2025-03-08T20:34:56.611+0000] {dag.py:3239} INFO - Sync 1 DAGs
[2025-03-08T20:34:56.657+0000] {logging_mixin.py:190} INFO - [2025-03-08T20:34:56.657+0000] {dag.py:4180} INFO - Setting next_dagrun for example_skip_dag to 2025-03-07 00:00:00+00:00, run_after=2025-03-08 00:00:00+00:00
[2025-03-08T20:34:56.689+0000] {processor.py:208} INFO - Processing /home/airflow/.local/lib/python3.12/site-packages/airflow/example_dags/example_skip_dag.py took 0.134 seconds
[2025-03-08T20:35:28.262+0000] {processor.py:186} INFO - Started process (PID=27748) to work on /home/airflow/.local/lib/python3.12/site-packages/airflow/example_dags/example_skip_dag.py
[2025-03-08T20:35:28.263+0000] {processor.py:914} INFO - Processing file /home/airflow/.local/lib/python3.12/site-packages/airflow/example_dags/example_skip_dag.py for tasks to queue
[2025-03-08T20:35:28.266+0000] {logging_mixin.py:190} INFO - [2025-03-08T20:35:28.266+0000] {dagbag.py:588} INFO - Filling up the DagBag from /home/airflow/.local/lib/python3.12/site-packages/airflow/example_dags/example_skip_dag.py
[2025-03-08T20:35:28.278+0000] {processor.py:925} INFO - DAG(s) 'example_skip_dag' retrieved from /home/airflow/.local/lib/python3.12/site-packages/airflow/example_dags/example_skip_dag.py
[2025-03-08T20:35:28.310+0000] {logging_mixin.py:190} INFO - [2025-03-08T20:35:28.309+0000] {dag.py:3239} INFO - Sync 1 DAGs
[2025-03-08T20:35:28.349+0000] {logging_mixin.py:190} INFO - [2025-03-08T20:35:28.348+0000] {dag.py:4180} INFO - Setting next_dagrun for example_skip_dag to 2025-03-07 00:00:00+00:00, run_after=2025-03-08 00:00:00+00:00
[2025-03-08T20:35:28.377+0000] {processor.py:208} INFO - Processing /home/airflow/.local/lib/python3.12/site-packages/airflow/example_dags/example_skip_dag.py took 0.122 seconds
[2025-03-08T20:36:00.062+0000] {processor.py:186} INFO - Started process (PID=27811) to work on /home/airflow/.local/lib/python3.12/site-packages/airflow/example_dags/example_skip_dag.py
[2025-03-08T20:36:00.063+0000] {processor.py:914} INFO - Processing file /home/airflow/.local/lib/python3.12/site-packages/airflow/example_dags/example_skip_dag.py for tasks to queue
[2025-03-08T20:36:00.066+0000] {logging_mixin.py:190} INFO - [2025-03-08T20:36:00.066+0000] {dagbag.py:588} INFO - Filling up the DagBag from /home/airflow/.local/lib/python3.12/site-packages/airflow/example_dags/example_skip_dag.py
[2025-03-08T20:36:00.078+0000] {processor.py:925} INFO - DAG(s) 'example_skip_dag' retrieved from /home/airflow/.local/lib/python3.12/site-packages/airflow/example_dags/example_skip_dag.py
[2025-03-08T20:36:00.112+0000] {logging_mixin.py:190} INFO - [2025-03-08T20:36:00.111+0000] {dag.py:3239} INFO - Sync 1 DAGs
[2025-03-08T20:36:00.153+0000] {logging_mixin.py:190} INFO - [2025-03-08T20:36:00.153+0000] {dag.py:4180} INFO - Setting next_dagrun for example_skip_dag to 2025-03-07 00:00:00+00:00, run_after=2025-03-08 00:00:00+00:00
[2025-03-08T20:36:00.181+0000] {processor.py:208} INFO - Processing /home/airflow/.local/lib/python3.12/site-packages/airflow/example_dags/example_skip_dag.py took 0.127 seconds
[2025-03-08T20:36:31.249+0000] {processor.py:186} INFO - Started process (PID=27874) to work on /home/airflow/.local/lib/python3.12/site-packages/airflow/example_dags/example_skip_dag.py
[2025-03-08T20:36:31.250+0000] {processor.py:914} INFO - Processing file /home/airflow/.local/lib/python3.12/site-packages/airflow/example_dags/example_skip_dag.py for tasks to queue
[2025-03-08T20:36:31.253+0000] {logging_mixin.py:190} INFO - [2025-03-08T20:36:31.253+0000] {dagbag.py:588} INFO - Filling up the DagBag from /home/airflow/.local/lib/python3.12/site-packages/airflow/example_dags/example_skip_dag.py
[2025-03-08T20:36:31.265+0000] {processor.py:925} INFO - DAG(s) 'example_skip_dag' retrieved from /home/airflow/.local/lib/python3.12/site-packages/airflow/example_dags/example_skip_dag.py
[2025-03-08T20:36:31.297+0000] {logging_mixin.py:190} INFO - [2025-03-08T20:36:31.297+0000] {dag.py:3239} INFO - Sync 1 DAGs
[2025-03-08T20:36:31.342+0000] {logging_mixin.py:190} INFO - [2025-03-08T20:36:31.342+0000] {dag.py:4180} INFO - Setting next_dagrun for example_skip_dag to 2025-03-07 00:00:00+00:00, run_after=2025-03-08 00:00:00+00:00
[2025-03-08T20:36:31.370+0000] {processor.py:208} INFO - Processing /home/airflow/.local/lib/python3.12/site-packages/airflow/example_dags/example_skip_dag.py took 0.130 seconds
[2025-03-08T20:37:02.833+0000] {processor.py:186} INFO - Started process (PID=27937) to work on /home/airflow/.local/lib/python3.12/site-packages/airflow/example_dags/example_skip_dag.py
[2025-03-08T20:37:02.835+0000] {processor.py:914} INFO - Processing file /home/airflow/.local/lib/python3.12/site-packages/airflow/example_dags/example_skip_dag.py for tasks to queue
[2025-03-08T20:37:02.838+0000] {logging_mixin.py:190} INFO - [2025-03-08T20:37:02.837+0000] {dagbag.py:588} INFO - Filling up the DagBag from /home/airflow/.local/lib/python3.12/site-packages/airflow/example_dags/example_skip_dag.py
[2025-03-08T20:37:02.850+0000] {processor.py:925} INFO - DAG(s) 'example_skip_dag' retrieved from /home/airflow/.local/lib/python3.12/site-packages/airflow/example_dags/example_skip_dag.py
[2025-03-08T20:37:02.904+0000] {logging_mixin.py:190} INFO - [2025-03-08T20:37:02.904+0000] {dag.py:3239} INFO - Sync 1 DAGs
[2025-03-08T20:37:02.943+0000] {logging_mixin.py:190} INFO - [2025-03-08T20:37:02.943+0000] {dag.py:4180} INFO - Setting next_dagrun for example_skip_dag to 2025-03-07 00:00:00+00:00, run_after=2025-03-08 00:00:00+00:00
[2025-03-08T20:37:02.971+0000] {processor.py:208} INFO - Processing /home/airflow/.local/lib/python3.12/site-packages/airflow/example_dags/example_skip_dag.py took 0.146 seconds
[2025-03-08T20:37:34.530+0000] {processor.py:186} INFO - Started process (PID=28000) to work on /home/airflow/.local/lib/python3.12/site-packages/airflow/example_dags/example_skip_dag.py
[2025-03-08T20:37:34.531+0000] {processor.py:914} INFO - Processing file /home/airflow/.local/lib/python3.12/site-packages/airflow/example_dags/example_skip_dag.py for tasks to queue
[2025-03-08T20:37:34.533+0000] {logging_mixin.py:190} INFO - [2025-03-08T20:37:34.533+0000] {dagbag.py:588} INFO - Filling up the DagBag from /home/airflow/.local/lib/python3.12/site-packages/airflow/example_dags/example_skip_dag.py
[2025-03-08T20:37:34.545+0000] {processor.py:925} INFO - DAG(s) 'example_skip_dag' retrieved from /home/airflow/.local/lib/python3.12/site-packages/airflow/example_dags/example_skip_dag.py
[2025-03-08T20:37:34.580+0000] {logging_mixin.py:190} INFO - [2025-03-08T20:37:34.579+0000] {dag.py:3239} INFO - Sync 1 DAGs
[2025-03-08T20:37:34.624+0000] {logging_mixin.py:190} INFO - [2025-03-08T20:37:34.623+0000] {dag.py:4180} INFO - Setting next_dagrun for example_skip_dag to 2025-03-07 00:00:00+00:00, run_after=2025-03-08 00:00:00+00:00
[2025-03-08T20:37:34.656+0000] {processor.py:208} INFO - Processing /home/airflow/.local/lib/python3.12/site-packages/airflow/example_dags/example_skip_dag.py took 0.135 seconds
[2025-03-08T20:38:06.059+0000] {processor.py:186} INFO - Started process (PID=28063) to work on /home/airflow/.local/lib/python3.12/site-packages/airflow/example_dags/example_skip_dag.py
[2025-03-08T20:38:06.061+0000] {processor.py:914} INFO - Processing file /home/airflow/.local/lib/python3.12/site-packages/airflow/example_dags/example_skip_dag.py for tasks to queue
[2025-03-08T20:38:06.063+0000] {logging_mixin.py:190} INFO - [2025-03-08T20:38:06.063+0000] {dagbag.py:588} INFO - Filling up the DagBag from /home/airflow/.local/lib/python3.12/site-packages/airflow/example_dags/example_skip_dag.py
[2025-03-08T20:38:06.075+0000] {processor.py:925} INFO - DAG(s) 'example_skip_dag' retrieved from /home/airflow/.local/lib/python3.12/site-packages/airflow/example_dags/example_skip_dag.py
[2025-03-08T20:38:06.106+0000] {logging_mixin.py:190} INFO - [2025-03-08T20:38:06.106+0000] {dag.py:3239} INFO - Sync 1 DAGs
[2025-03-08T20:38:06.145+0000] {logging_mixin.py:190} INFO - [2025-03-08T20:38:06.144+0000] {dag.py:4180} INFO - Setting next_dagrun for example_skip_dag to 2025-03-07 00:00:00+00:00, run_after=2025-03-08 00:00:00+00:00
[2025-03-08T20:38:06.173+0000] {processor.py:208} INFO - Processing /home/airflow/.local/lib/python3.12/site-packages/airflow/example_dags/example_skip_dag.py took 0.122 seconds
[2025-03-08T20:38:37.753+0000] {processor.py:186} INFO - Started process (PID=28126) to work on /home/airflow/.local/lib/python3.12/site-packages/airflow/example_dags/example_skip_dag.py
[2025-03-08T20:38:37.755+0000] {processor.py:914} INFO - Processing file /home/airflow/.local/lib/python3.12/site-packages/airflow/example_dags/example_skip_dag.py for tasks to queue
[2025-03-08T20:38:37.757+0000] {logging_mixin.py:190} INFO - [2025-03-08T20:38:37.757+0000] {dagbag.py:588} INFO - Filling up the DagBag from /home/airflow/.local/lib/python3.12/site-packages/airflow/example_dags/example_skip_dag.py
[2025-03-08T20:38:37.770+0000] {processor.py:925} INFO - DAG(s) 'example_skip_dag' retrieved from /home/airflow/.local/lib/python3.12/site-packages/airflow/example_dags/example_skip_dag.py
[2025-03-08T20:38:37.813+0000] {logging_mixin.py:190} INFO - [2025-03-08T20:38:37.812+0000] {dag.py:3239} INFO - Sync 1 DAGs
[2025-03-08T20:38:37.863+0000] {logging_mixin.py:190} INFO - [2025-03-08T20:38:37.863+0000] {dag.py:4180} INFO - Setting next_dagrun for example_skip_dag to 2025-03-07 00:00:00+00:00, run_after=2025-03-08 00:00:00+00:00
[2025-03-08T20:38:37.894+0000] {processor.py:208} INFO - Processing /home/airflow/.local/lib/python3.12/site-packages/airflow/example_dags/example_skip_dag.py took 0.149 seconds
[2025-03-08T20:39:09.492+0000] {processor.py:186} INFO - Started process (PID=28189) to work on /home/airflow/.local/lib/python3.12/site-packages/airflow/example_dags/example_skip_dag.py
[2025-03-08T20:39:09.493+0000] {processor.py:914} INFO - Processing file /home/airflow/.local/lib/python3.12/site-packages/airflow/example_dags/example_skip_dag.py for tasks to queue
[2025-03-08T20:39:09.496+0000] {logging_mixin.py:190} INFO - [2025-03-08T20:39:09.496+0000] {dagbag.py:588} INFO - Filling up the DagBag from /home/airflow/.local/lib/python3.12/site-packages/airflow/example_dags/example_skip_dag.py
[2025-03-08T20:39:09.508+0000] {processor.py:925} INFO - DAG(s) 'example_skip_dag' retrieved from /home/airflow/.local/lib/python3.12/site-packages/airflow/example_dags/example_skip_dag.py
[2025-03-08T20:39:09.540+0000] {logging_mixin.py:190} INFO - [2025-03-08T20:39:09.540+0000] {dag.py:3239} INFO - Sync 1 DAGs
[2025-03-08T20:39:09.582+0000] {logging_mixin.py:190} INFO - [2025-03-08T20:39:09.581+0000] {dag.py:4180} INFO - Setting next_dagrun for example_skip_dag to 2025-03-07 00:00:00+00:00, run_after=2025-03-08 00:00:00+00:00
[2025-03-08T20:39:09.611+0000] {processor.py:208} INFO - Processing /home/airflow/.local/lib/python3.12/site-packages/airflow/example_dags/example_skip_dag.py took 0.127 seconds
[2025-03-08T20:39:41.408+0000] {processor.py:186} INFO - Started process (PID=28258) to work on /home/airflow/.local/lib/python3.12/site-packages/airflow/example_dags/example_skip_dag.py
[2025-03-08T20:39:41.409+0000] {processor.py:914} INFO - Processing file /home/airflow/.local/lib/python3.12/site-packages/airflow/example_dags/example_skip_dag.py for tasks to queue
[2025-03-08T20:39:41.412+0000] {logging_mixin.py:190} INFO - [2025-03-08T20:39:41.412+0000] {dagbag.py:588} INFO - Filling up the DagBag from /home/airflow/.local/lib/python3.12/site-packages/airflow/example_dags/example_skip_dag.py
[2025-03-08T20:39:41.424+0000] {processor.py:925} INFO - DAG(s) 'example_skip_dag' retrieved from /home/airflow/.local/lib/python3.12/site-packages/airflow/example_dags/example_skip_dag.py
[2025-03-08T20:39:41.460+0000] {logging_mixin.py:190} INFO - [2025-03-08T20:39:41.460+0000] {dag.py:3239} INFO - Sync 1 DAGs
[2025-03-08T20:39:41.502+0000] {logging_mixin.py:190} INFO - [2025-03-08T20:39:41.502+0000] {dag.py:4180} INFO - Setting next_dagrun for example_skip_dag to 2025-03-07 00:00:00+00:00, run_after=2025-03-08 00:00:00+00:00
[2025-03-08T20:39:41.532+0000] {processor.py:208} INFO - Processing /home/airflow/.local/lib/python3.12/site-packages/airflow/example_dags/example_skip_dag.py took 0.133 seconds
[2025-03-08T20:40:13.236+0000] {processor.py:186} INFO - Started process (PID=28320) to work on /home/airflow/.local/lib/python3.12/site-packages/airflow/example_dags/example_skip_dag.py
[2025-03-08T20:40:13.237+0000] {processor.py:914} INFO - Processing file /home/airflow/.local/lib/python3.12/site-packages/airflow/example_dags/example_skip_dag.py for tasks to queue
[2025-03-08T20:40:13.240+0000] {logging_mixin.py:190} INFO - [2025-03-08T20:40:13.239+0000] {dagbag.py:588} INFO - Filling up the DagBag from /home/airflow/.local/lib/python3.12/site-packages/airflow/example_dags/example_skip_dag.py
[2025-03-08T20:40:13.252+0000] {processor.py:925} INFO - DAG(s) 'example_skip_dag' retrieved from /home/airflow/.local/lib/python3.12/site-packages/airflow/example_dags/example_skip_dag.py
[2025-03-08T20:40:13.283+0000] {logging_mixin.py:190} INFO - [2025-03-08T20:40:13.283+0000] {dag.py:3239} INFO - Sync 1 DAGs
[2025-03-08T20:40:13.321+0000] {logging_mixin.py:190} INFO - [2025-03-08T20:40:13.321+0000] {dag.py:4180} INFO - Setting next_dagrun for example_skip_dag to 2025-03-07 00:00:00+00:00, run_after=2025-03-08 00:00:00+00:00
[2025-03-08T20:40:13.352+0000] {processor.py:208} INFO - Processing /home/airflow/.local/lib/python3.12/site-packages/airflow/example_dags/example_skip_dag.py took 0.125 seconds
[2025-03-08T20:40:44.841+0000] {processor.py:186} INFO - Started process (PID=28382) to work on /home/airflow/.local/lib/python3.12/site-packages/airflow/example_dags/example_skip_dag.py
[2025-03-08T20:40:44.842+0000] {processor.py:914} INFO - Processing file /home/airflow/.local/lib/python3.12/site-packages/airflow/example_dags/example_skip_dag.py for tasks to queue
[2025-03-08T20:40:44.845+0000] {logging_mixin.py:190} INFO - [2025-03-08T20:40:44.845+0000] {dagbag.py:588} INFO - Filling up the DagBag from /home/airflow/.local/lib/python3.12/site-packages/airflow/example_dags/example_skip_dag.py
[2025-03-08T20:40:44.857+0000] {processor.py:925} INFO - DAG(s) 'example_skip_dag' retrieved from /home/airflow/.local/lib/python3.12/site-packages/airflow/example_dags/example_skip_dag.py
[2025-03-08T20:40:44.888+0000] {logging_mixin.py:190} INFO - [2025-03-08T20:40:44.887+0000] {dag.py:3239} INFO - Sync 1 DAGs
[2025-03-08T20:40:44.927+0000] {logging_mixin.py:190} INFO - [2025-03-08T20:40:44.927+0000] {dag.py:4180} INFO - Setting next_dagrun for example_skip_dag to 2025-03-07 00:00:00+00:00, run_after=2025-03-08 00:00:00+00:00
[2025-03-08T20:40:44.955+0000] {processor.py:208} INFO - Processing /home/airflow/.local/lib/python3.12/site-packages/airflow/example_dags/example_skip_dag.py took 0.122 seconds
[2025-03-08T20:41:16.292+0000] {processor.py:186} INFO - Started process (PID=28445) to work on /home/airflow/.local/lib/python3.12/site-packages/airflow/example_dags/example_skip_dag.py
[2025-03-08T20:41:16.293+0000] {processor.py:914} INFO - Processing file /home/airflow/.local/lib/python3.12/site-packages/airflow/example_dags/example_skip_dag.py for tasks to queue
[2025-03-08T20:41:16.296+0000] {logging_mixin.py:190} INFO - [2025-03-08T20:41:16.296+0000] {dagbag.py:588} INFO - Filling up the DagBag from /home/airflow/.local/lib/python3.12/site-packages/airflow/example_dags/example_skip_dag.py
[2025-03-08T20:41:16.308+0000] {processor.py:925} INFO - DAG(s) 'example_skip_dag' retrieved from /home/airflow/.local/lib/python3.12/site-packages/airflow/example_dags/example_skip_dag.py
[2025-03-08T20:41:16.343+0000] {logging_mixin.py:190} INFO - [2025-03-08T20:41:16.343+0000] {dag.py:3239} INFO - Sync 1 DAGs
[2025-03-08T20:41:16.381+0000] {logging_mixin.py:190} INFO - [2025-03-08T20:41:16.381+0000] {dag.py:4180} INFO - Setting next_dagrun for example_skip_dag to 2025-03-07 00:00:00+00:00, run_after=2025-03-08 00:00:00+00:00
[2025-03-08T20:41:16.412+0000] {processor.py:208} INFO - Processing /home/airflow/.local/lib/python3.12/site-packages/airflow/example_dags/example_skip_dag.py took 0.128 seconds
[2025-03-08T20:41:47.891+0000] {processor.py:186} INFO - Started process (PID=28508) to work on /home/airflow/.local/lib/python3.12/site-packages/airflow/example_dags/example_skip_dag.py
[2025-03-08T20:41:47.893+0000] {processor.py:914} INFO - Processing file /home/airflow/.local/lib/python3.12/site-packages/airflow/example_dags/example_skip_dag.py for tasks to queue
[2025-03-08T20:41:47.896+0000] {logging_mixin.py:190} INFO - [2025-03-08T20:41:47.895+0000] {dagbag.py:588} INFO - Filling up the DagBag from /home/airflow/.local/lib/python3.12/site-packages/airflow/example_dags/example_skip_dag.py
[2025-03-08T20:41:47.907+0000] {processor.py:925} INFO - DAG(s) 'example_skip_dag' retrieved from /home/airflow/.local/lib/python3.12/site-packages/airflow/example_dags/example_skip_dag.py
[2025-03-08T20:41:47.939+0000] {logging_mixin.py:190} INFO - [2025-03-08T20:41:47.939+0000] {dag.py:3239} INFO - Sync 1 DAGs
[2025-03-08T20:41:47.979+0000] {logging_mixin.py:190} INFO - [2025-03-08T20:41:47.978+0000] {dag.py:4180} INFO - Setting next_dagrun for example_skip_dag to 2025-03-07 00:00:00+00:00, run_after=2025-03-08 00:00:00+00:00
[2025-03-08T20:41:48.007+0000] {processor.py:208} INFO - Processing /home/airflow/.local/lib/python3.12/site-packages/airflow/example_dags/example_skip_dag.py took 0.126 seconds
[2025-03-08T20:42:19.758+0000] {processor.py:186} INFO - Started process (PID=28571) to work on /home/airflow/.local/lib/python3.12/site-packages/airflow/example_dags/example_skip_dag.py
[2025-03-08T20:42:19.759+0000] {processor.py:914} INFO - Processing file /home/airflow/.local/lib/python3.12/site-packages/airflow/example_dags/example_skip_dag.py for tasks to queue
[2025-03-08T20:42:19.762+0000] {logging_mixin.py:190} INFO - [2025-03-08T20:42:19.761+0000] {dagbag.py:588} INFO - Filling up the DagBag from /home/airflow/.local/lib/python3.12/site-packages/airflow/example_dags/example_skip_dag.py
[2025-03-08T20:42:19.775+0000] {processor.py:925} INFO - DAG(s) 'example_skip_dag' retrieved from /home/airflow/.local/lib/python3.12/site-packages/airflow/example_dags/example_skip_dag.py
[2025-03-08T20:42:19.808+0000] {logging_mixin.py:190} INFO - [2025-03-08T20:42:19.807+0000] {dag.py:3239} INFO - Sync 1 DAGs
[2025-03-08T20:42:19.847+0000] {logging_mixin.py:190} INFO - [2025-03-08T20:42:19.847+0000] {dag.py:4180} INFO - Setting next_dagrun for example_skip_dag to 2025-03-07 00:00:00+00:00, run_after=2025-03-08 00:00:00+00:00
[2025-03-08T20:42:19.884+0000] {processor.py:208} INFO - Processing /home/airflow/.local/lib/python3.12/site-packages/airflow/example_dags/example_skip_dag.py took 0.135 seconds
[2025-03-08T20:42:51.327+0000] {processor.py:186} INFO - Started process (PID=28634) to work on /home/airflow/.local/lib/python3.12/site-packages/airflow/example_dags/example_skip_dag.py
[2025-03-08T20:42:51.328+0000] {processor.py:914} INFO - Processing file /home/airflow/.local/lib/python3.12/site-packages/airflow/example_dags/example_skip_dag.py for tasks to queue
[2025-03-08T20:42:51.331+0000] {logging_mixin.py:190} INFO - [2025-03-08T20:42:51.330+0000] {dagbag.py:588} INFO - Filling up the DagBag from /home/airflow/.local/lib/python3.12/site-packages/airflow/example_dags/example_skip_dag.py
[2025-03-08T20:42:51.342+0000] {processor.py:925} INFO - DAG(s) 'example_skip_dag' retrieved from /home/airflow/.local/lib/python3.12/site-packages/airflow/example_dags/example_skip_dag.py
[2025-03-08T20:42:51.374+0000] {logging_mixin.py:190} INFO - [2025-03-08T20:42:51.374+0000] {dag.py:3239} INFO - Sync 1 DAGs
[2025-03-08T20:42:51.413+0000] {logging_mixin.py:190} INFO - [2025-03-08T20:42:51.413+0000] {dag.py:4180} INFO - Setting next_dagrun for example_skip_dag to 2025-03-07 00:00:00+00:00, run_after=2025-03-08 00:00:00+00:00
[2025-03-08T20:42:51.442+0000] {processor.py:208} INFO - Processing /home/airflow/.local/lib/python3.12/site-packages/airflow/example_dags/example_skip_dag.py took 0.123 seconds
[2025-03-08T20:43:23.471+0000] {processor.py:186} INFO - Started process (PID=28700) to work on /home/airflow/.local/lib/python3.12/site-packages/airflow/example_dags/example_skip_dag.py
[2025-03-08T20:43:23.472+0000] {processor.py:914} INFO - Processing file /home/airflow/.local/lib/python3.12/site-packages/airflow/example_dags/example_skip_dag.py for tasks to queue
[2025-03-08T20:43:23.475+0000] {logging_mixin.py:190} INFO - [2025-03-08T20:43:23.475+0000] {dagbag.py:588} INFO - Filling up the DagBag from /home/airflow/.local/lib/python3.12/site-packages/airflow/example_dags/example_skip_dag.py
[2025-03-08T20:43:23.487+0000] {processor.py:925} INFO - DAG(s) 'example_skip_dag' retrieved from /home/airflow/.local/lib/python3.12/site-packages/airflow/example_dags/example_skip_dag.py
[2025-03-08T20:43:23.519+0000] {logging_mixin.py:190} INFO - [2025-03-08T20:43:23.519+0000] {dag.py:3239} INFO - Sync 1 DAGs
[2025-03-08T20:43:23.557+0000] {logging_mixin.py:190} INFO - [2025-03-08T20:43:23.557+0000] {dag.py:4180} INFO - Setting next_dagrun for example_skip_dag to 2025-03-07 00:00:00+00:00, run_after=2025-03-08 00:00:00+00:00
[2025-03-08T20:43:23.587+0000] {processor.py:208} INFO - Processing /home/airflow/.local/lib/python3.12/site-packages/airflow/example_dags/example_skip_dag.py took 0.124 seconds
[2025-03-08T20:43:54.807+0000] {processor.py:186} INFO - Started process (PID=28763) to work on /home/airflow/.local/lib/python3.12/site-packages/airflow/example_dags/example_skip_dag.py
[2025-03-08T20:43:54.808+0000] {processor.py:914} INFO - Processing file /home/airflow/.local/lib/python3.12/site-packages/airflow/example_dags/example_skip_dag.py for tasks to queue
[2025-03-08T20:43:54.811+0000] {logging_mixin.py:190} INFO - [2025-03-08T20:43:54.810+0000] {dagbag.py:588} INFO - Filling up the DagBag from /home/airflow/.local/lib/python3.12/site-packages/airflow/example_dags/example_skip_dag.py
[2025-03-08T20:43:54.822+0000] {processor.py:925} INFO - DAG(s) 'example_skip_dag' retrieved from /home/airflow/.local/lib/python3.12/site-packages/airflow/example_dags/example_skip_dag.py
[2025-03-08T20:43:54.857+0000] {logging_mixin.py:190} INFO - [2025-03-08T20:43:54.856+0000] {dag.py:3239} INFO - Sync 1 DAGs
[2025-03-08T20:43:54.895+0000] {logging_mixin.py:190} INFO - [2025-03-08T20:43:54.894+0000] {dag.py:4180} INFO - Setting next_dagrun for example_skip_dag to 2025-03-07 00:00:00+00:00, run_after=2025-03-08 00:00:00+00:00
[2025-03-08T20:43:54.923+0000] {processor.py:208} INFO - Processing /home/airflow/.local/lib/python3.12/site-packages/airflow/example_dags/example_skip_dag.py took 0.125 seconds
[2025-03-08T20:44:26.748+0000] {processor.py:186} INFO - Started process (PID=28828) to work on /home/airflow/.local/lib/python3.12/site-packages/airflow/example_dags/example_skip_dag.py
[2025-03-08T20:44:26.749+0000] {processor.py:914} INFO - Processing file /home/airflow/.local/lib/python3.12/site-packages/airflow/example_dags/example_skip_dag.py for tasks to queue
[2025-03-08T20:44:26.752+0000] {logging_mixin.py:190} INFO - [2025-03-08T20:44:26.752+0000] {dagbag.py:588} INFO - Filling up the DagBag from /home/airflow/.local/lib/python3.12/site-packages/airflow/example_dags/example_skip_dag.py
[2025-03-08T20:44:26.764+0000] {processor.py:925} INFO - DAG(s) 'example_skip_dag' retrieved from /home/airflow/.local/lib/python3.12/site-packages/airflow/example_dags/example_skip_dag.py
[2025-03-08T20:44:26.797+0000] {logging_mixin.py:190} INFO - [2025-03-08T20:44:26.796+0000] {dag.py:3239} INFO - Sync 1 DAGs
[2025-03-08T20:44:26.836+0000] {logging_mixin.py:190} INFO - [2025-03-08T20:44:26.836+0000] {dag.py:4180} INFO - Setting next_dagrun for example_skip_dag to 2025-03-07 00:00:00+00:00, run_after=2025-03-08 00:00:00+00:00
[2025-03-08T20:44:26.864+0000] {processor.py:208} INFO - Processing /home/airflow/.local/lib/python3.12/site-packages/airflow/example_dags/example_skip_dag.py took 0.125 seconds
[2025-03-08T20:44:57.988+0000] {processor.py:186} INFO - Started process (PID=28891) to work on /home/airflow/.local/lib/python3.12/site-packages/airflow/example_dags/example_skip_dag.py
[2025-03-08T20:44:57.989+0000] {processor.py:914} INFO - Processing file /home/airflow/.local/lib/python3.12/site-packages/airflow/example_dags/example_skip_dag.py for tasks to queue
[2025-03-08T20:44:57.992+0000] {logging_mixin.py:190} INFO - [2025-03-08T20:44:57.991+0000] {dagbag.py:588} INFO - Filling up the DagBag from /home/airflow/.local/lib/python3.12/site-packages/airflow/example_dags/example_skip_dag.py
[2025-03-08T20:44:58.005+0000] {processor.py:925} INFO - DAG(s) 'example_skip_dag' retrieved from /home/airflow/.local/lib/python3.12/site-packages/airflow/example_dags/example_skip_dag.py
[2025-03-08T20:44:58.039+0000] {logging_mixin.py:190} INFO - [2025-03-08T20:44:58.038+0000] {dag.py:3239} INFO - Sync 1 DAGs
[2025-03-08T20:44:58.077+0000] {logging_mixin.py:190} INFO - [2025-03-08T20:44:58.076+0000] {dag.py:4180} INFO - Setting next_dagrun for example_skip_dag to 2025-03-07 00:00:00+00:00, run_after=2025-03-08 00:00:00+00:00
[2025-03-08T20:44:58.107+0000] {processor.py:208} INFO - Processing /home/airflow/.local/lib/python3.12/site-packages/airflow/example_dags/example_skip_dag.py took 0.128 seconds
[2025-03-08T20:45:29.310+0000] {processor.py:186} INFO - Started process (PID=28955) to work on /home/airflow/.local/lib/python3.12/site-packages/airflow/example_dags/example_skip_dag.py
[2025-03-08T20:45:29.311+0000] {processor.py:914} INFO - Processing file /home/airflow/.local/lib/python3.12/site-packages/airflow/example_dags/example_skip_dag.py for tasks to queue
[2025-03-08T20:45:29.314+0000] {logging_mixin.py:190} INFO - [2025-03-08T20:45:29.314+0000] {dagbag.py:588} INFO - Filling up the DagBag from /home/airflow/.local/lib/python3.12/site-packages/airflow/example_dags/example_skip_dag.py
[2025-03-08T20:45:29.326+0000] {processor.py:925} INFO - DAG(s) 'example_skip_dag' retrieved from /home/airflow/.local/lib/python3.12/site-packages/airflow/example_dags/example_skip_dag.py
[2025-03-08T20:45:29.358+0000] {logging_mixin.py:190} INFO - [2025-03-08T20:45:29.357+0000] {dag.py:3239} INFO - Sync 1 DAGs
[2025-03-08T20:45:29.396+0000] {logging_mixin.py:190} INFO - [2025-03-08T20:45:29.396+0000] {dag.py:4180} INFO - Setting next_dagrun for example_skip_dag to 2025-03-07 00:00:00+00:00, run_after=2025-03-08 00:00:00+00:00
[2025-03-08T20:45:29.424+0000] {processor.py:208} INFO - Processing /home/airflow/.local/lib/python3.12/site-packages/airflow/example_dags/example_skip_dag.py took 0.122 seconds
[2025-03-08T20:46:01.721+0000] {processor.py:186} INFO - Started process (PID=29018) to work on /home/airflow/.local/lib/python3.12/site-packages/airflow/example_dags/example_skip_dag.py
[2025-03-08T20:46:01.722+0000] {processor.py:914} INFO - Processing file /home/airflow/.local/lib/python3.12/site-packages/airflow/example_dags/example_skip_dag.py for tasks to queue
[2025-03-08T20:46:01.724+0000] {logging_mixin.py:190} INFO - [2025-03-08T20:46:01.724+0000] {dagbag.py:588} INFO - Filling up the DagBag from /home/airflow/.local/lib/python3.12/site-packages/airflow/example_dags/example_skip_dag.py
[2025-03-08T20:46:01.736+0000] {processor.py:925} INFO - DAG(s) 'example_skip_dag' retrieved from /home/airflow/.local/lib/python3.12/site-packages/airflow/example_dags/example_skip_dag.py
[2025-03-08T20:46:01.768+0000] {logging_mixin.py:190} INFO - [2025-03-08T20:46:01.767+0000] {dag.py:3239} INFO - Sync 1 DAGs
[2025-03-08T20:46:01.805+0000] {logging_mixin.py:190} INFO - [2025-03-08T20:46:01.804+0000] {dag.py:4180} INFO - Setting next_dagrun for example_skip_dag to 2025-03-07 00:00:00+00:00, run_after=2025-03-08 00:00:00+00:00
[2025-03-08T20:46:01.832+0000] {processor.py:208} INFO - Processing /home/airflow/.local/lib/python3.12/site-packages/airflow/example_dags/example_skip_dag.py took 0.119 seconds
[2025-03-08T20:46:34.364+0000] {processor.py:186} INFO - Started process (PID=29089) to work on /home/airflow/.local/lib/python3.12/site-packages/airflow/example_dags/example_skip_dag.py
[2025-03-08T20:46:34.365+0000] {processor.py:914} INFO - Processing file /home/airflow/.local/lib/python3.12/site-packages/airflow/example_dags/example_skip_dag.py for tasks to queue
[2025-03-08T20:46:34.368+0000] {logging_mixin.py:190} INFO - [2025-03-08T20:46:34.368+0000] {dagbag.py:588} INFO - Filling up the DagBag from /home/airflow/.local/lib/python3.12/site-packages/airflow/example_dags/example_skip_dag.py
[2025-03-08T20:46:34.380+0000] {processor.py:925} INFO - DAG(s) 'example_skip_dag' retrieved from /home/airflow/.local/lib/python3.12/site-packages/airflow/example_dags/example_skip_dag.py
[2025-03-08T20:46:34.412+0000] {logging_mixin.py:190} INFO - [2025-03-08T20:46:34.411+0000] {dag.py:3239} INFO - Sync 1 DAGs
[2025-03-08T20:46:34.450+0000] {logging_mixin.py:190} INFO - [2025-03-08T20:46:34.449+0000] {dag.py:4180} INFO - Setting next_dagrun for example_skip_dag to 2025-03-07 00:00:00+00:00, run_after=2025-03-08 00:00:00+00:00
[2025-03-08T20:46:34.477+0000] {processor.py:208} INFO - Processing /home/airflow/.local/lib/python3.12/site-packages/airflow/example_dags/example_skip_dag.py took 0.121 seconds
[2025-03-08T20:47:05.885+0000] {processor.py:186} INFO - Started process (PID=29156) to work on /home/airflow/.local/lib/python3.12/site-packages/airflow/example_dags/example_skip_dag.py
[2025-03-08T20:47:05.886+0000] {processor.py:914} INFO - Processing file /home/airflow/.local/lib/python3.12/site-packages/airflow/example_dags/example_skip_dag.py for tasks to queue
[2025-03-08T20:47:05.889+0000] {logging_mixin.py:190} INFO - [2025-03-08T20:47:05.888+0000] {dagbag.py:588} INFO - Filling up the DagBag from /home/airflow/.local/lib/python3.12/site-packages/airflow/example_dags/example_skip_dag.py
[2025-03-08T20:47:05.901+0000] {processor.py:925} INFO - DAG(s) 'example_skip_dag' retrieved from /home/airflow/.local/lib/python3.12/site-packages/airflow/example_dags/example_skip_dag.py
[2025-03-08T20:47:05.933+0000] {logging_mixin.py:190} INFO - [2025-03-08T20:47:05.933+0000] {dag.py:3239} INFO - Sync 1 DAGs
[2025-03-08T20:47:05.972+0000] {logging_mixin.py:190} INFO - [2025-03-08T20:47:05.972+0000] {dag.py:4180} INFO - Setting next_dagrun for example_skip_dag to 2025-03-07 00:00:00+00:00, run_after=2025-03-08 00:00:00+00:00
[2025-03-08T20:47:06.003+0000] {processor.py:208} INFO - Processing /home/airflow/.local/lib/python3.12/site-packages/airflow/example_dags/example_skip_dag.py took 0.129 seconds
[2025-03-08T20:47:36.821+0000] {processor.py:186} INFO - Started process (PID=29219) to work on /home/airflow/.local/lib/python3.12/site-packages/airflow/example_dags/example_skip_dag.py
[2025-03-08T20:47:36.822+0000] {processor.py:914} INFO - Processing file /home/airflow/.local/lib/python3.12/site-packages/airflow/example_dags/example_skip_dag.py for tasks to queue
[2025-03-08T20:47:36.825+0000] {logging_mixin.py:190} INFO - [2025-03-08T20:47:36.824+0000] {dagbag.py:588} INFO - Filling up the DagBag from /home/airflow/.local/lib/python3.12/site-packages/airflow/example_dags/example_skip_dag.py
[2025-03-08T20:47:36.837+0000] {processor.py:925} INFO - DAG(s) 'example_skip_dag' retrieved from /home/airflow/.local/lib/python3.12/site-packages/airflow/example_dags/example_skip_dag.py
[2025-03-08T20:47:36.871+0000] {logging_mixin.py:190} INFO - [2025-03-08T20:47:36.871+0000] {dag.py:3239} INFO - Sync 1 DAGs
[2025-03-08T20:47:36.910+0000] {logging_mixin.py:190} INFO - [2025-03-08T20:47:36.909+0000] {dag.py:4180} INFO - Setting next_dagrun for example_skip_dag to 2025-03-07 00:00:00+00:00, run_after=2025-03-08 00:00:00+00:00
[2025-03-08T20:47:36.938+0000] {processor.py:208} INFO - Processing /home/airflow/.local/lib/python3.12/site-packages/airflow/example_dags/example_skip_dag.py took 0.126 seconds
[2025-03-08T20:48:09.226+0000] {processor.py:186} INFO - Started process (PID=29283) to work on /home/airflow/.local/lib/python3.12/site-packages/airflow/example_dags/example_skip_dag.py
[2025-03-08T20:48:09.227+0000] {processor.py:914} INFO - Processing file /home/airflow/.local/lib/python3.12/site-packages/airflow/example_dags/example_skip_dag.py for tasks to queue
[2025-03-08T20:48:09.230+0000] {logging_mixin.py:190} INFO - [2025-03-08T20:48:09.230+0000] {dagbag.py:588} INFO - Filling up the DagBag from /home/airflow/.local/lib/python3.12/site-packages/airflow/example_dags/example_skip_dag.py
[2025-03-08T20:48:09.242+0000] {processor.py:925} INFO - DAG(s) 'example_skip_dag' retrieved from /home/airflow/.local/lib/python3.12/site-packages/airflow/example_dags/example_skip_dag.py
[2025-03-08T20:48:09.274+0000] {logging_mixin.py:190} INFO - [2025-03-08T20:48:09.273+0000] {dag.py:3239} INFO - Sync 1 DAGs
[2025-03-08T20:48:09.311+0000] {logging_mixin.py:190} INFO - [2025-03-08T20:48:09.311+0000] {dag.py:4180} INFO - Setting next_dagrun for example_skip_dag to 2025-03-07 00:00:00+00:00, run_after=2025-03-08 00:00:00+00:00
[2025-03-08T20:48:09.344+0000] {processor.py:208} INFO - Processing /home/airflow/.local/lib/python3.12/site-packages/airflow/example_dags/example_skip_dag.py took 0.126 seconds
[2025-03-08T20:48:40.223+0000] {processor.py:186} INFO - Started process (PID=29346) to work on /home/airflow/.local/lib/python3.12/site-packages/airflow/example_dags/example_skip_dag.py
[2025-03-08T20:48:40.224+0000] {processor.py:914} INFO - Processing file /home/airflow/.local/lib/python3.12/site-packages/airflow/example_dags/example_skip_dag.py for tasks to queue
[2025-03-08T20:48:40.227+0000] {logging_mixin.py:190} INFO - [2025-03-08T20:48:40.227+0000] {dagbag.py:588} INFO - Filling up the DagBag from /home/airflow/.local/lib/python3.12/site-packages/airflow/example_dags/example_skip_dag.py
[2025-03-08T20:48:40.239+0000] {processor.py:925} INFO - DAG(s) 'example_skip_dag' retrieved from /home/airflow/.local/lib/python3.12/site-packages/airflow/example_dags/example_skip_dag.py
[2025-03-08T20:48:40.271+0000] {logging_mixin.py:190} INFO - [2025-03-08T20:48:40.271+0000] {dag.py:3239} INFO - Sync 1 DAGs
[2025-03-08T20:48:40.309+0000] {logging_mixin.py:190} INFO - [2025-03-08T20:48:40.309+0000] {dag.py:4180} INFO - Setting next_dagrun for example_skip_dag to 2025-03-07 00:00:00+00:00, run_after=2025-03-08 00:00:00+00:00
[2025-03-08T20:48:40.336+0000] {processor.py:208} INFO - Processing /home/airflow/.local/lib/python3.12/site-packages/airflow/example_dags/example_skip_dag.py took 0.121 seconds
[2025-03-08T20:49:12.366+0000] {processor.py:186} INFO - Started process (PID=29418) to work on /home/airflow/.local/lib/python3.12/site-packages/airflow/example_dags/example_skip_dag.py
[2025-03-08T20:49:12.367+0000] {processor.py:914} INFO - Processing file /home/airflow/.local/lib/python3.12/site-packages/airflow/example_dags/example_skip_dag.py for tasks to queue
[2025-03-08T20:49:12.370+0000] {logging_mixin.py:190} INFO - [2025-03-08T20:49:12.369+0000] {dagbag.py:588} INFO - Filling up the DagBag from /home/airflow/.local/lib/python3.12/site-packages/airflow/example_dags/example_skip_dag.py
[2025-03-08T20:49:12.382+0000] {processor.py:925} INFO - DAG(s) 'example_skip_dag' retrieved from /home/airflow/.local/lib/python3.12/site-packages/airflow/example_dags/example_skip_dag.py
[2025-03-08T20:49:12.416+0000] {logging_mixin.py:190} INFO - [2025-03-08T20:49:12.415+0000] {dag.py:3239} INFO - Sync 1 DAGs
[2025-03-08T20:49:12.459+0000] {logging_mixin.py:190} INFO - [2025-03-08T20:49:12.459+0000] {dag.py:4180} INFO - Setting next_dagrun for example_skip_dag to 2025-03-07 00:00:00+00:00, run_after=2025-03-08 00:00:00+00:00
[2025-03-08T20:49:12.488+0000] {processor.py:208} INFO - Processing /home/airflow/.local/lib/python3.12/site-packages/airflow/example_dags/example_skip_dag.py took 0.131 seconds
[2025-03-08T20:49:44.171+0000] {processor.py:186} INFO - Started process (PID=29481) to work on /home/airflow/.local/lib/python3.12/site-packages/airflow/example_dags/example_skip_dag.py
[2025-03-08T20:49:44.172+0000] {processor.py:914} INFO - Processing file /home/airflow/.local/lib/python3.12/site-packages/airflow/example_dags/example_skip_dag.py for tasks to queue
[2025-03-08T20:49:44.175+0000] {logging_mixin.py:190} INFO - [2025-03-08T20:49:44.174+0000] {dagbag.py:588} INFO - Filling up the DagBag from /home/airflow/.local/lib/python3.12/site-packages/airflow/example_dags/example_skip_dag.py
[2025-03-08T20:49:44.187+0000] {processor.py:925} INFO - DAG(s) 'example_skip_dag' retrieved from /home/airflow/.local/lib/python3.12/site-packages/airflow/example_dags/example_skip_dag.py
[2025-03-08T20:49:44.218+0000] {logging_mixin.py:190} INFO - [2025-03-08T20:49:44.218+0000] {dag.py:3239} INFO - Sync 1 DAGs
[2025-03-08T20:49:44.257+0000] {logging_mixin.py:190} INFO - [2025-03-08T20:49:44.256+0000] {dag.py:4180} INFO - Setting next_dagrun for example_skip_dag to 2025-03-07 00:00:00+00:00, run_after=2025-03-08 00:00:00+00:00
[2025-03-08T20:49:44.285+0000] {processor.py:208} INFO - Processing /home/airflow/.local/lib/python3.12/site-packages/airflow/example_dags/example_skip_dag.py took 0.122 seconds
[2025-03-08T20:50:15.437+0000] {processor.py:186} INFO - Started process (PID=29544) to work on /home/airflow/.local/lib/python3.12/site-packages/airflow/example_dags/example_skip_dag.py
[2025-03-08T20:50:15.438+0000] {processor.py:914} INFO - Processing file /home/airflow/.local/lib/python3.12/site-packages/airflow/example_dags/example_skip_dag.py for tasks to queue
[2025-03-08T20:50:15.441+0000] {logging_mixin.py:190} INFO - [2025-03-08T20:50:15.441+0000] {dagbag.py:588} INFO - Filling up the DagBag from /home/airflow/.local/lib/python3.12/site-packages/airflow/example_dags/example_skip_dag.py
[2025-03-08T20:50:15.453+0000] {processor.py:925} INFO - DAG(s) 'example_skip_dag' retrieved from /home/airflow/.local/lib/python3.12/site-packages/airflow/example_dags/example_skip_dag.py
[2025-03-08T20:50:15.484+0000] {logging_mixin.py:190} INFO - [2025-03-08T20:50:15.484+0000] {dag.py:3239} INFO - Sync 1 DAGs
[2025-03-08T20:50:15.528+0000] {logging_mixin.py:190} INFO - [2025-03-08T20:50:15.528+0000] {dag.py:4180} INFO - Setting next_dagrun for example_skip_dag to 2025-03-07 00:00:00+00:00, run_after=2025-03-08 00:00:00+00:00
[2025-03-08T20:50:15.556+0000] {processor.py:208} INFO - Processing /home/airflow/.local/lib/python3.12/site-packages/airflow/example_dags/example_skip_dag.py took 0.128 seconds
[2025-03-08T20:50:47.132+0000] {processor.py:186} INFO - Started process (PID=29610) to work on /home/airflow/.local/lib/python3.12/site-packages/airflow/example_dags/example_skip_dag.py
[2025-03-08T20:50:47.133+0000] {processor.py:914} INFO - Processing file /home/airflow/.local/lib/python3.12/site-packages/airflow/example_dags/example_skip_dag.py for tasks to queue
[2025-03-08T20:50:47.136+0000] {logging_mixin.py:190} INFO - [2025-03-08T20:50:47.136+0000] {dagbag.py:588} INFO - Filling up the DagBag from /home/airflow/.local/lib/python3.12/site-packages/airflow/example_dags/example_skip_dag.py
[2025-03-08T20:50:47.148+0000] {processor.py:925} INFO - DAG(s) 'example_skip_dag' retrieved from /home/airflow/.local/lib/python3.12/site-packages/airflow/example_dags/example_skip_dag.py
[2025-03-08T20:50:47.180+0000] {logging_mixin.py:190} INFO - [2025-03-08T20:50:47.180+0000] {dag.py:3239} INFO - Sync 1 DAGs
[2025-03-08T20:50:47.219+0000] {logging_mixin.py:190} INFO - [2025-03-08T20:50:47.219+0000] {dag.py:4180} INFO - Setting next_dagrun for example_skip_dag to 2025-03-07 00:00:00+00:00, run_after=2025-03-08 00:00:00+00:00
[2025-03-08T20:50:47.248+0000] {processor.py:208} INFO - Processing /home/airflow/.local/lib/python3.12/site-packages/airflow/example_dags/example_skip_dag.py took 0.124 seconds
