[2025-03-08T19:36:21.406+0000] {processor.py:186} INFO - Started process (PID=24809) to work on /home/airflow/.local/lib/python3.12/site-packages/airflow/example_dags/example_complex.py
[2025-03-08T19:36:21.408+0000] {processor.py:914} INFO - Processing file /home/airflow/.local/lib/python3.12/site-packages/airflow/example_dags/example_complex.py for tasks to queue
[2025-03-08T19:36:21.412+0000] {logging_mixin.py:190} INFO - [2025-03-08T19:36:21.411+0000] {dagbag.py:588} INFO - Filling up the DagBag from /home/airflow/.local/lib/python3.12/site-packages/airflow/example_dags/example_complex.py
[2025-03-08T19:36:21.444+0000] {processor.py:925} INFO - DAG(s) 'example_complex' retrieved from /home/airflow/.local/lib/python3.12/site-packages/airflow/example_dags/example_complex.py
[2025-03-08T19:36:21.567+0000] {logging_mixin.py:190} INFO - [2025-03-08T19:36:21.567+0000] {dag.py:3239} INFO - Sync 1 DAGs
[2025-03-08T19:36:21.605+0000] {logging_mixin.py:190} INFO - [2025-03-08T19:36:21.605+0000] {dag.py:4180} INFO - Setting next_dagrun for example_complex to None, run_after=None
[2025-03-08T19:36:21.648+0000] {processor.py:208} INFO - Processing /home/airflow/.local/lib/python3.12/site-packages/airflow/example_dags/example_complex.py took 0.254 seconds
[2025-03-08T19:36:56.299+0000] {processor.py:186} INFO - Started process (PID=24871) to work on /home/airflow/.local/lib/python3.12/site-packages/airflow/example_dags/example_complex.py
[2025-03-08T19:36:56.305+0000] {processor.py:914} INFO - Processing file /home/airflow/.local/lib/python3.12/site-packages/airflow/example_dags/example_complex.py for tasks to queue
[2025-03-08T19:36:56.310+0000] {logging_mixin.py:190} INFO - [2025-03-08T19:36:56.309+0000] {dagbag.py:588} INFO - Filling up the DagBag from /home/airflow/.local/lib/python3.12/site-packages/airflow/example_dags/example_complex.py
[2025-03-08T19:36:56.423+0000] {processor.py:925} INFO - DAG(s) 'example_complex' retrieved from /home/airflow/.local/lib/python3.12/site-packages/airflow/example_dags/example_complex.py
[2025-03-08T19:36:56.542+0000] {logging_mixin.py:190} INFO - [2025-03-08T19:36:56.541+0000] {dag.py:3239} INFO - Sync 1 DAGs
[2025-03-08T19:36:56.593+0000] {logging_mixin.py:190} INFO - [2025-03-08T19:36:56.593+0000] {dag.py:4180} INFO - Setting next_dagrun for example_complex to None, run_after=None
[2025-03-08T19:36:56.647+0000] {processor.py:208} INFO - Processing /home/airflow/.local/lib/python3.12/site-packages/airflow/example_dags/example_complex.py took 0.365 seconds
[2025-03-08T19:37:29.205+0000] {processor.py:186} INFO - Started process (PID=24934) to work on /home/airflow/.local/lib/python3.12/site-packages/airflow/example_dags/example_complex.py
[2025-03-08T19:37:29.211+0000] {processor.py:914} INFO - Processing file /home/airflow/.local/lib/python3.12/site-packages/airflow/example_dags/example_complex.py for tasks to queue
[2025-03-08T19:37:29.216+0000] {logging_mixin.py:190} INFO - [2025-03-08T19:37:29.215+0000] {dagbag.py:588} INFO - Filling up the DagBag from /home/airflow/.local/lib/python3.12/site-packages/airflow/example_dags/example_complex.py
[2025-03-08T19:37:29.255+0000] {processor.py:925} INFO - DAG(s) 'example_complex' retrieved from /home/airflow/.local/lib/python3.12/site-packages/airflow/example_dags/example_complex.py
[2025-03-08T19:37:29.375+0000] {logging_mixin.py:190} INFO - [2025-03-08T19:37:29.374+0000] {dag.py:3239} INFO - Sync 1 DAGs
[2025-03-08T19:37:29.423+0000] {logging_mixin.py:190} INFO - [2025-03-08T19:37:29.422+0000] {dag.py:4180} INFO - Setting next_dagrun for example_complex to None, run_after=None
[2025-03-08T19:37:29.489+0000] {processor.py:208} INFO - Processing /home/airflow/.local/lib/python3.12/site-packages/airflow/example_dags/example_complex.py took 0.305 seconds
[2025-03-08T19:38:00.523+0000] {processor.py:186} INFO - Started process (PID=24996) to work on /home/airflow/.local/lib/python3.12/site-packages/airflow/example_dags/example_complex.py
[2025-03-08T19:38:00.526+0000] {processor.py:914} INFO - Processing file /home/airflow/.local/lib/python3.12/site-packages/airflow/example_dags/example_complex.py for tasks to queue
[2025-03-08T19:38:00.531+0000] {logging_mixin.py:190} INFO - [2025-03-08T19:38:00.530+0000] {dagbag.py:588} INFO - Filling up the DagBag from /home/airflow/.local/lib/python3.12/site-packages/airflow/example_dags/example_complex.py
[2025-03-08T19:38:00.564+0000] {processor.py:925} INFO - DAG(s) 'example_complex' retrieved from /home/airflow/.local/lib/python3.12/site-packages/airflow/example_dags/example_complex.py
[2025-03-08T19:38:00.693+0000] {logging_mixin.py:190} INFO - [2025-03-08T19:38:00.692+0000] {dag.py:3239} INFO - Sync 1 DAGs
[2025-03-08T19:38:00.746+0000] {logging_mixin.py:190} INFO - [2025-03-08T19:38:00.745+0000] {dag.py:4180} INFO - Setting next_dagrun for example_complex to None, run_after=None
[2025-03-08T19:38:00.834+0000] {processor.py:208} INFO - Processing /home/airflow/.local/lib/python3.12/site-packages/airflow/example_dags/example_complex.py took 0.324 seconds
[2025-03-08T19:38:31.256+0000] {processor.py:186} INFO - Started process (PID=25059) to work on /home/airflow/.local/lib/python3.12/site-packages/airflow/example_dags/example_complex.py
[2025-03-08T19:38:31.257+0000] {processor.py:914} INFO - Processing file /home/airflow/.local/lib/python3.12/site-packages/airflow/example_dags/example_complex.py for tasks to queue
[2025-03-08T19:38:31.262+0000] {logging_mixin.py:190} INFO - [2025-03-08T19:38:31.261+0000] {dagbag.py:588} INFO - Filling up the DagBag from /home/airflow/.local/lib/python3.12/site-packages/airflow/example_dags/example_complex.py
[2025-03-08T19:38:31.326+0000] {processor.py:925} INFO - DAG(s) 'example_complex' retrieved from /home/airflow/.local/lib/python3.12/site-packages/airflow/example_dags/example_complex.py
[2025-03-08T19:38:31.414+0000] {logging_mixin.py:190} INFO - [2025-03-08T19:38:31.414+0000] {dag.py:3239} INFO - Sync 1 DAGs
[2025-03-08T19:38:31.461+0000] {logging_mixin.py:190} INFO - [2025-03-08T19:38:31.460+0000] {dag.py:4180} INFO - Setting next_dagrun for example_complex to None, run_after=None
[2025-03-08T19:38:31.514+0000] {processor.py:208} INFO - Processing /home/airflow/.local/lib/python3.12/site-packages/airflow/example_dags/example_complex.py took 0.287 seconds
[2025-03-08T19:39:01.816+0000] {processor.py:186} INFO - Started process (PID=25121) to work on /home/airflow/.local/lib/python3.12/site-packages/airflow/example_dags/example_complex.py
[2025-03-08T19:39:01.826+0000] {processor.py:914} INFO - Processing file /home/airflow/.local/lib/python3.12/site-packages/airflow/example_dags/example_complex.py for tasks to queue
[2025-03-08T19:39:01.831+0000] {logging_mixin.py:190} INFO - [2025-03-08T19:39:01.830+0000] {dagbag.py:588} INFO - Filling up the DagBag from /home/airflow/.local/lib/python3.12/site-packages/airflow/example_dags/example_complex.py
[2025-03-08T19:39:01.870+0000] {processor.py:925} INFO - DAG(s) 'example_complex' retrieved from /home/airflow/.local/lib/python3.12/site-packages/airflow/example_dags/example_complex.py
[2025-03-08T19:39:01.963+0000] {logging_mixin.py:190} INFO - [2025-03-08T19:39:01.963+0000] {dag.py:3239} INFO - Sync 1 DAGs
[2025-03-08T19:39:02.001+0000] {logging_mixin.py:190} INFO - [2025-03-08T19:39:02.000+0000] {dag.py:4180} INFO - Setting next_dagrun for example_complex to None, run_after=None
[2025-03-08T19:39:02.045+0000] {processor.py:208} INFO - Processing /home/airflow/.local/lib/python3.12/site-packages/airflow/example_dags/example_complex.py took 0.242 seconds
[2025-03-08T19:39:33.007+0000] {processor.py:186} INFO - Started process (PID=25184) to work on /home/airflow/.local/lib/python3.12/site-packages/airflow/example_dags/example_complex.py
[2025-03-08T19:39:33.008+0000] {processor.py:914} INFO - Processing file /home/airflow/.local/lib/python3.12/site-packages/airflow/example_dags/example_complex.py for tasks to queue
[2025-03-08T19:39:33.012+0000] {logging_mixin.py:190} INFO - [2025-03-08T19:39:33.012+0000] {dagbag.py:588} INFO - Filling up the DagBag from /home/airflow/.local/lib/python3.12/site-packages/airflow/example_dags/example_complex.py
[2025-03-08T19:39:33.034+0000] {processor.py:925} INFO - DAG(s) 'example_complex' retrieved from /home/airflow/.local/lib/python3.12/site-packages/airflow/example_dags/example_complex.py
[2025-03-08T19:39:33.106+0000] {logging_mixin.py:190} INFO - [2025-03-08T19:39:33.105+0000] {dag.py:3239} INFO - Sync 1 DAGs
[2025-03-08T19:39:33.131+0000] {logging_mixin.py:190} INFO - [2025-03-08T19:39:33.131+0000] {dag.py:4180} INFO - Setting next_dagrun for example_complex to None, run_after=None
[2025-03-08T19:39:33.163+0000] {processor.py:208} INFO - Processing /home/airflow/.local/lib/python3.12/site-packages/airflow/example_dags/example_complex.py took 0.166 seconds
[2025-03-08T19:40:04.510+0000] {processor.py:186} INFO - Started process (PID=25247) to work on /home/airflow/.local/lib/python3.12/site-packages/airflow/example_dags/example_complex.py
[2025-03-08T19:40:04.511+0000] {processor.py:914} INFO - Processing file /home/airflow/.local/lib/python3.12/site-packages/airflow/example_dags/example_complex.py for tasks to queue
[2025-03-08T19:40:04.515+0000] {logging_mixin.py:190} INFO - [2025-03-08T19:40:04.515+0000] {dagbag.py:588} INFO - Filling up the DagBag from /home/airflow/.local/lib/python3.12/site-packages/airflow/example_dags/example_complex.py
[2025-03-08T19:40:04.548+0000] {processor.py:925} INFO - DAG(s) 'example_complex' retrieved from /home/airflow/.local/lib/python3.12/site-packages/airflow/example_dags/example_complex.py
[2025-03-08T19:40:04.632+0000] {logging_mixin.py:190} INFO - [2025-03-08T19:40:04.631+0000] {dag.py:3239} INFO - Sync 1 DAGs
[2025-03-08T19:40:04.672+0000] {logging_mixin.py:190} INFO - [2025-03-08T19:40:04.672+0000] {dag.py:4180} INFO - Setting next_dagrun for example_complex to None, run_after=None
[2025-03-08T19:40:04.710+0000] {processor.py:208} INFO - Processing /home/airflow/.local/lib/python3.12/site-packages/airflow/example_dags/example_complex.py took 0.213 seconds
[2025-03-08T19:40:35.764+0000] {processor.py:186} INFO - Started process (PID=25310) to work on /home/airflow/.local/lib/python3.12/site-packages/airflow/example_dags/example_complex.py
[2025-03-08T19:40:35.766+0000] {processor.py:914} INFO - Processing file /home/airflow/.local/lib/python3.12/site-packages/airflow/example_dags/example_complex.py for tasks to queue
[2025-03-08T19:40:35.770+0000] {logging_mixin.py:190} INFO - [2025-03-08T19:40:35.769+0000] {dagbag.py:588} INFO - Filling up the DagBag from /home/airflow/.local/lib/python3.12/site-packages/airflow/example_dags/example_complex.py
[2025-03-08T19:40:35.803+0000] {processor.py:925} INFO - DAG(s) 'example_complex' retrieved from /home/airflow/.local/lib/python3.12/site-packages/airflow/example_dags/example_complex.py
[2025-03-08T19:40:35.882+0000] {logging_mixin.py:190} INFO - [2025-03-08T19:40:35.881+0000] {dag.py:3239} INFO - Sync 1 DAGs
[2025-03-08T19:40:35.915+0000] {logging_mixin.py:190} INFO - [2025-03-08T19:40:35.915+0000] {dag.py:4180} INFO - Setting next_dagrun for example_complex to None, run_after=None
[2025-03-08T19:40:35.954+0000] {processor.py:208} INFO - Processing /home/airflow/.local/lib/python3.12/site-packages/airflow/example_dags/example_complex.py took 0.202 seconds
[2025-03-08T19:41:07.135+0000] {processor.py:186} INFO - Started process (PID=25374) to work on /home/airflow/.local/lib/python3.12/site-packages/airflow/example_dags/example_complex.py
[2025-03-08T19:41:07.141+0000] {processor.py:914} INFO - Processing file /home/airflow/.local/lib/python3.12/site-packages/airflow/example_dags/example_complex.py for tasks to queue
[2025-03-08T19:41:07.146+0000] {logging_mixin.py:190} INFO - [2025-03-08T19:41:07.145+0000] {dagbag.py:588} INFO - Filling up the DagBag from /home/airflow/.local/lib/python3.12/site-packages/airflow/example_dags/example_complex.py
[2025-03-08T19:41:07.179+0000] {processor.py:925} INFO - DAG(s) 'example_complex' retrieved from /home/airflow/.local/lib/python3.12/site-packages/airflow/example_dags/example_complex.py
[2025-03-08T19:41:07.266+0000] {logging_mixin.py:190} INFO - [2025-03-08T19:41:07.266+0000] {dag.py:3239} INFO - Sync 1 DAGs
[2025-03-08T19:41:07.304+0000] {logging_mixin.py:190} INFO - [2025-03-08T19:41:07.304+0000] {dag.py:4180} INFO - Setting next_dagrun for example_complex to None, run_after=None
[2025-03-08T19:41:07.343+0000] {processor.py:208} INFO - Processing /home/airflow/.local/lib/python3.12/site-packages/airflow/example_dags/example_complex.py took 0.220 seconds
[2025-03-08T19:41:38.843+0000] {processor.py:186} INFO - Started process (PID=25437) to work on /home/airflow/.local/lib/python3.12/site-packages/airflow/example_dags/example_complex.py
[2025-03-08T19:41:38.844+0000] {processor.py:914} INFO - Processing file /home/airflow/.local/lib/python3.12/site-packages/airflow/example_dags/example_complex.py for tasks to queue
[2025-03-08T19:41:38.848+0000] {logging_mixin.py:190} INFO - [2025-03-08T19:41:38.848+0000] {dagbag.py:588} INFO - Filling up the DagBag from /home/airflow/.local/lib/python3.12/site-packages/airflow/example_dags/example_complex.py
[2025-03-08T19:41:38.876+0000] {processor.py:925} INFO - DAG(s) 'example_complex' retrieved from /home/airflow/.local/lib/python3.12/site-packages/airflow/example_dags/example_complex.py
[2025-03-08T19:41:38.954+0000] {logging_mixin.py:190} INFO - [2025-03-08T19:41:38.954+0000] {dag.py:3239} INFO - Sync 1 DAGs
[2025-03-08T19:41:38.992+0000] {logging_mixin.py:190} INFO - [2025-03-08T19:41:38.991+0000] {dag.py:4180} INFO - Setting next_dagrun for example_complex to None, run_after=None
[2025-03-08T19:41:39.031+0000] {processor.py:208} INFO - Processing /home/airflow/.local/lib/python3.12/site-packages/airflow/example_dags/example_complex.py took 0.200 seconds
[2025-03-08T19:42:11.241+0000] {processor.py:186} INFO - Started process (PID=25505) to work on /home/airflow/.local/lib/python3.12/site-packages/airflow/example_dags/example_complex.py
[2025-03-08T19:42:11.244+0000] {processor.py:914} INFO - Processing file /home/airflow/.local/lib/python3.12/site-packages/airflow/example_dags/example_complex.py for tasks to queue
[2025-03-08T19:42:11.248+0000] {logging_mixin.py:190} INFO - [2025-03-08T19:42:11.247+0000] {dagbag.py:588} INFO - Filling up the DagBag from /home/airflow/.local/lib/python3.12/site-packages/airflow/example_dags/example_complex.py
[2025-03-08T19:42:11.279+0000] {processor.py:925} INFO - DAG(s) 'example_complex' retrieved from /home/airflow/.local/lib/python3.12/site-packages/airflow/example_dags/example_complex.py
[2025-03-08T19:42:11.352+0000] {logging_mixin.py:190} INFO - [2025-03-08T19:42:11.352+0000] {dag.py:3239} INFO - Sync 1 DAGs
[2025-03-08T19:42:11.379+0000] {logging_mixin.py:190} INFO - [2025-03-08T19:42:11.378+0000] {dag.py:4180} INFO - Setting next_dagrun for example_complex to None, run_after=None
[2025-03-08T19:42:11.414+0000] {processor.py:208} INFO - Processing /home/airflow/.local/lib/python3.12/site-packages/airflow/example_dags/example_complex.py took 0.186 seconds
[2025-03-08T19:42:42.319+0000] {processor.py:186} INFO - Started process (PID=25568) to work on /home/airflow/.local/lib/python3.12/site-packages/airflow/example_dags/example_complex.py
[2025-03-08T19:42:42.320+0000] {processor.py:914} INFO - Processing file /home/airflow/.local/lib/python3.12/site-packages/airflow/example_dags/example_complex.py for tasks to queue
[2025-03-08T19:42:42.325+0000] {logging_mixin.py:190} INFO - [2025-03-08T19:42:42.324+0000] {dagbag.py:588} INFO - Filling up the DagBag from /home/airflow/.local/lib/python3.12/site-packages/airflow/example_dags/example_complex.py
[2025-03-08T19:42:42.356+0000] {processor.py:925} INFO - DAG(s) 'example_complex' retrieved from /home/airflow/.local/lib/python3.12/site-packages/airflow/example_dags/example_complex.py
[2025-03-08T19:42:42.423+0000] {logging_mixin.py:190} INFO - [2025-03-08T19:42:42.423+0000] {dag.py:3239} INFO - Sync 1 DAGs
[2025-03-08T19:42:42.458+0000] {logging_mixin.py:190} INFO - [2025-03-08T19:42:42.457+0000] {dag.py:4180} INFO - Setting next_dagrun for example_complex to None, run_after=None
[2025-03-08T19:42:42.496+0000] {processor.py:208} INFO - Processing /home/airflow/.local/lib/python3.12/site-packages/airflow/example_dags/example_complex.py took 0.189 seconds
[2025-03-08T19:43:14.389+0000] {processor.py:186} INFO - Started process (PID=25631) to work on /home/airflow/.local/lib/python3.12/site-packages/airflow/example_dags/example_complex.py
[2025-03-08T19:43:14.391+0000] {processor.py:914} INFO - Processing file /home/airflow/.local/lib/python3.12/site-packages/airflow/example_dags/example_complex.py for tasks to queue
[2025-03-08T19:43:14.395+0000] {logging_mixin.py:190} INFO - [2025-03-08T19:43:14.394+0000] {dagbag.py:588} INFO - Filling up the DagBag from /home/airflow/.local/lib/python3.12/site-packages/airflow/example_dags/example_complex.py
[2025-03-08T19:43:14.427+0000] {processor.py:925} INFO - DAG(s) 'example_complex' retrieved from /home/airflow/.local/lib/python3.12/site-packages/airflow/example_dags/example_complex.py
[2025-03-08T19:43:14.512+0000] {logging_mixin.py:190} INFO - [2025-03-08T19:43:14.511+0000] {dag.py:3239} INFO - Sync 1 DAGs
[2025-03-08T19:43:14.547+0000] {logging_mixin.py:190} INFO - [2025-03-08T19:43:14.547+0000] {dag.py:4180} INFO - Setting next_dagrun for example_complex to None, run_after=None
[2025-03-08T19:43:14.590+0000] {processor.py:208} INFO - Processing /home/airflow/.local/lib/python3.12/site-packages/airflow/example_dags/example_complex.py took 0.214 seconds
[2025-03-08T19:43:45.926+0000] {processor.py:186} INFO - Started process (PID=25694) to work on /home/airflow/.local/lib/python3.12/site-packages/airflow/example_dags/example_complex.py
[2025-03-08T19:43:45.928+0000] {processor.py:914} INFO - Processing file /home/airflow/.local/lib/python3.12/site-packages/airflow/example_dags/example_complex.py for tasks to queue
[2025-03-08T19:43:45.931+0000] {logging_mixin.py:190} INFO - [2025-03-08T19:43:45.931+0000] {dagbag.py:588} INFO - Filling up the DagBag from /home/airflow/.local/lib/python3.12/site-packages/airflow/example_dags/example_complex.py
[2025-03-08T19:43:45.959+0000] {processor.py:925} INFO - DAG(s) 'example_complex' retrieved from /home/airflow/.local/lib/python3.12/site-packages/airflow/example_dags/example_complex.py
[2025-03-08T19:43:46.040+0000] {logging_mixin.py:190} INFO - [2025-03-08T19:43:46.039+0000] {dag.py:3239} INFO - Sync 1 DAGs
[2025-03-08T19:43:46.074+0000] {logging_mixin.py:190} INFO - [2025-03-08T19:43:46.073+0000] {dag.py:4180} INFO - Setting next_dagrun for example_complex to None, run_after=None
[2025-03-08T19:43:46.114+0000] {processor.py:208} INFO - Processing /home/airflow/.local/lib/python3.12/site-packages/airflow/example_dags/example_complex.py took 0.199 seconds
[2025-03-08T19:44:19.458+0000] {processor.py:186} INFO - Started process (PID=25765) to work on /home/airflow/.local/lib/python3.12/site-packages/airflow/example_dags/example_complex.py
[2025-03-08T19:44:19.461+0000] {processor.py:914} INFO - Processing file /home/airflow/.local/lib/python3.12/site-packages/airflow/example_dags/example_complex.py for tasks to queue
[2025-03-08T19:44:19.465+0000] {logging_mixin.py:190} INFO - [2025-03-08T19:44:19.465+0000] {dagbag.py:588} INFO - Filling up the DagBag from /home/airflow/.local/lib/python3.12/site-packages/airflow/example_dags/example_complex.py
[2025-03-08T19:44:19.499+0000] {processor.py:925} INFO - DAG(s) 'example_complex' retrieved from /home/airflow/.local/lib/python3.12/site-packages/airflow/example_dags/example_complex.py
[2025-03-08T19:44:19.586+0000] {logging_mixin.py:190} INFO - [2025-03-08T19:44:19.585+0000] {dag.py:3239} INFO - Sync 1 DAGs
[2025-03-08T19:44:19.617+0000] {logging_mixin.py:190} INFO - [2025-03-08T19:44:19.616+0000] {dag.py:4180} INFO - Setting next_dagrun for example_complex to None, run_after=None
[2025-03-08T19:44:19.658+0000] {processor.py:208} INFO - Processing /home/airflow/.local/lib/python3.12/site-packages/airflow/example_dags/example_complex.py took 0.212 seconds
[2025-03-08T19:44:52.406+0000] {processor.py:186} INFO - Started process (PID=25835) to work on /home/airflow/.local/lib/python3.12/site-packages/airflow/example_dags/example_complex.py
[2025-03-08T19:44:52.407+0000] {processor.py:914} INFO - Processing file /home/airflow/.local/lib/python3.12/site-packages/airflow/example_dags/example_complex.py for tasks to queue
[2025-03-08T19:44:52.410+0000] {logging_mixin.py:190} INFO - [2025-03-08T19:44:52.410+0000] {dagbag.py:588} INFO - Filling up the DagBag from /home/airflow/.local/lib/python3.12/site-packages/airflow/example_dags/example_complex.py
[2025-03-08T19:44:52.441+0000] {processor.py:925} INFO - DAG(s) 'example_complex' retrieved from /home/airflow/.local/lib/python3.12/site-packages/airflow/example_dags/example_complex.py
[2025-03-08T19:44:52.513+0000] {logging_mixin.py:190} INFO - [2025-03-08T19:44:52.513+0000] {dag.py:3239} INFO - Sync 1 DAGs
[2025-03-08T19:44:52.549+0000] {logging_mixin.py:190} INFO - [2025-03-08T19:44:52.548+0000] {dag.py:4180} INFO - Setting next_dagrun for example_complex to None, run_after=None
[2025-03-08T19:44:52.586+0000] {processor.py:208} INFO - Processing /home/airflow/.local/lib/python3.12/site-packages/airflow/example_dags/example_complex.py took 0.192 seconds
[2025-03-08T19:45:22.832+0000] {processor.py:186} INFO - Started process (PID=25898) to work on /home/airflow/.local/lib/python3.12/site-packages/airflow/example_dags/example_complex.py
[2025-03-08T19:45:22.833+0000] {processor.py:914} INFO - Processing file /home/airflow/.local/lib/python3.12/site-packages/airflow/example_dags/example_complex.py for tasks to queue
[2025-03-08T19:45:22.837+0000] {logging_mixin.py:190} INFO - [2025-03-08T19:45:22.836+0000] {dagbag.py:588} INFO - Filling up the DagBag from /home/airflow/.local/lib/python3.12/site-packages/airflow/example_dags/example_complex.py
[2025-03-08T19:45:22.868+0000] {processor.py:925} INFO - DAG(s) 'example_complex' retrieved from /home/airflow/.local/lib/python3.12/site-packages/airflow/example_dags/example_complex.py
[2025-03-08T19:45:22.946+0000] {logging_mixin.py:190} INFO - [2025-03-08T19:45:22.946+0000] {dag.py:3239} INFO - Sync 1 DAGs
[2025-03-08T19:45:22.981+0000] {logging_mixin.py:190} INFO - [2025-03-08T19:45:22.980+0000] {dag.py:4180} INFO - Setting next_dagrun for example_complex to None, run_after=None
[2025-03-08T19:45:23.019+0000] {processor.py:208} INFO - Processing /home/airflow/.local/lib/python3.12/site-packages/airflow/example_dags/example_complex.py took 0.199 seconds
[2025-03-08T19:45:54.325+0000] {processor.py:186} INFO - Started process (PID=25961) to work on /home/airflow/.local/lib/python3.12/site-packages/airflow/example_dags/example_complex.py
[2025-03-08T19:45:54.326+0000] {processor.py:914} INFO - Processing file /home/airflow/.local/lib/python3.12/site-packages/airflow/example_dags/example_complex.py for tasks to queue
[2025-03-08T19:45:54.329+0000] {logging_mixin.py:190} INFO - [2025-03-08T19:45:54.329+0000] {dagbag.py:588} INFO - Filling up the DagBag from /home/airflow/.local/lib/python3.12/site-packages/airflow/example_dags/example_complex.py
[2025-03-08T19:45:54.354+0000] {processor.py:925} INFO - DAG(s) 'example_complex' retrieved from /home/airflow/.local/lib/python3.12/site-packages/airflow/example_dags/example_complex.py
[2025-03-08T19:45:54.416+0000] {logging_mixin.py:190} INFO - [2025-03-08T19:45:54.415+0000] {dag.py:3239} INFO - Sync 1 DAGs
[2025-03-08T19:45:54.442+0000] {logging_mixin.py:190} INFO - [2025-03-08T19:45:54.442+0000] {dag.py:4180} INFO - Setting next_dagrun for example_complex to None, run_after=None
[2025-03-08T19:45:54.474+0000] {processor.py:208} INFO - Processing /home/airflow/.local/lib/python3.12/site-packages/airflow/example_dags/example_complex.py took 0.157 seconds
[2025-03-08T19:46:26.744+0000] {processor.py:186} INFO - Started process (PID=26027) to work on /home/airflow/.local/lib/python3.12/site-packages/airflow/example_dags/example_complex.py
[2025-03-08T19:46:26.745+0000] {processor.py:914} INFO - Processing file /home/airflow/.local/lib/python3.12/site-packages/airflow/example_dags/example_complex.py for tasks to queue
[2025-03-08T19:46:26.748+0000] {logging_mixin.py:190} INFO - [2025-03-08T19:46:26.747+0000] {dagbag.py:588} INFO - Filling up the DagBag from /home/airflow/.local/lib/python3.12/site-packages/airflow/example_dags/example_complex.py
[2025-03-08T19:46:26.768+0000] {processor.py:925} INFO - DAG(s) 'example_complex' retrieved from /home/airflow/.local/lib/python3.12/site-packages/airflow/example_dags/example_complex.py
[2025-03-08T19:46:26.822+0000] {logging_mixin.py:190} INFO - [2025-03-08T19:46:26.821+0000] {dag.py:3239} INFO - Sync 1 DAGs
[2025-03-08T19:46:26.852+0000] {logging_mixin.py:190} INFO - [2025-03-08T19:46:26.851+0000] {dag.py:4180} INFO - Setting next_dagrun for example_complex to None, run_after=None
[2025-03-08T19:46:26.880+0000] {processor.py:208} INFO - Processing /home/airflow/.local/lib/python3.12/site-packages/airflow/example_dags/example_complex.py took 0.145 seconds
[2025-03-08T19:46:57.983+0000] {processor.py:186} INFO - Started process (PID=26090) to work on /home/airflow/.local/lib/python3.12/site-packages/airflow/example_dags/example_complex.py
[2025-03-08T19:46:57.984+0000] {processor.py:914} INFO - Processing file /home/airflow/.local/lib/python3.12/site-packages/airflow/example_dags/example_complex.py for tasks to queue
[2025-03-08T19:46:57.987+0000] {logging_mixin.py:190} INFO - [2025-03-08T19:46:57.987+0000] {dagbag.py:588} INFO - Filling up the DagBag from /home/airflow/.local/lib/python3.12/site-packages/airflow/example_dags/example_complex.py
[2025-03-08T19:46:58.007+0000] {processor.py:925} INFO - DAG(s) 'example_complex' retrieved from /home/airflow/.local/lib/python3.12/site-packages/airflow/example_dags/example_complex.py
[2025-03-08T19:46:58.062+0000] {logging_mixin.py:190} INFO - [2025-03-08T19:46:58.061+0000] {dag.py:3239} INFO - Sync 1 DAGs
[2025-03-08T19:46:58.087+0000] {logging_mixin.py:190} INFO - [2025-03-08T19:46:58.087+0000] {dag.py:4180} INFO - Setting next_dagrun for example_complex to None, run_after=None
[2025-03-08T19:46:58.116+0000] {processor.py:208} INFO - Processing /home/airflow/.local/lib/python3.12/site-packages/airflow/example_dags/example_complex.py took 0.141 seconds
[2025-03-08T19:47:29.271+0000] {processor.py:186} INFO - Started process (PID=26154) to work on /home/airflow/.local/lib/python3.12/site-packages/airflow/example_dags/example_complex.py
[2025-03-08T19:47:29.272+0000] {processor.py:914} INFO - Processing file /home/airflow/.local/lib/python3.12/site-packages/airflow/example_dags/example_complex.py for tasks to queue
[2025-03-08T19:47:29.275+0000] {logging_mixin.py:190} INFO - [2025-03-08T19:47:29.274+0000] {dagbag.py:588} INFO - Filling up the DagBag from /home/airflow/.local/lib/python3.12/site-packages/airflow/example_dags/example_complex.py
[2025-03-08T19:47:29.295+0000] {processor.py:925} INFO - DAG(s) 'example_complex' retrieved from /home/airflow/.local/lib/python3.12/site-packages/airflow/example_dags/example_complex.py
[2025-03-08T19:47:29.348+0000] {logging_mixin.py:190} INFO - [2025-03-08T19:47:29.347+0000] {dag.py:3239} INFO - Sync 1 DAGs
[2025-03-08T19:47:29.371+0000] {logging_mixin.py:190} INFO - [2025-03-08T19:47:29.370+0000] {dag.py:4180} INFO - Setting next_dagrun for example_complex to None, run_after=None
[2025-03-08T19:47:29.408+0000] {processor.py:208} INFO - Processing /home/airflow/.local/lib/python3.12/site-packages/airflow/example_dags/example_complex.py took 0.146 seconds
[2025-03-08T19:48:01.048+0000] {processor.py:186} INFO - Started process (PID=26219) to work on /home/airflow/.local/lib/python3.12/site-packages/airflow/example_dags/example_complex.py
[2025-03-08T19:48:01.049+0000] {processor.py:914} INFO - Processing file /home/airflow/.local/lib/python3.12/site-packages/airflow/example_dags/example_complex.py for tasks to queue
[2025-03-08T19:48:01.052+0000] {logging_mixin.py:190} INFO - [2025-03-08T19:48:01.051+0000] {dagbag.py:588} INFO - Filling up the DagBag from /home/airflow/.local/lib/python3.12/site-packages/airflow/example_dags/example_complex.py
[2025-03-08T19:48:01.073+0000] {processor.py:925} INFO - DAG(s) 'example_complex' retrieved from /home/airflow/.local/lib/python3.12/site-packages/airflow/example_dags/example_complex.py
[2025-03-08T19:48:01.129+0000] {logging_mixin.py:190} INFO - [2025-03-08T19:48:01.129+0000] {dag.py:3239} INFO - Sync 1 DAGs
[2025-03-08T19:48:01.154+0000] {logging_mixin.py:190} INFO - [2025-03-08T19:48:01.154+0000] {dag.py:4180} INFO - Setting next_dagrun for example_complex to None, run_after=None
[2025-03-08T19:48:01.187+0000] {processor.py:208} INFO - Processing /home/airflow/.local/lib/python3.12/site-packages/airflow/example_dags/example_complex.py took 0.150 seconds
[2025-03-08T19:48:33.104+0000] {processor.py:186} INFO - Started process (PID=26282) to work on /home/airflow/.local/lib/python3.12/site-packages/airflow/example_dags/example_complex.py
[2025-03-08T19:48:33.105+0000] {processor.py:914} INFO - Processing file /home/airflow/.local/lib/python3.12/site-packages/airflow/example_dags/example_complex.py for tasks to queue
[2025-03-08T19:48:33.108+0000] {logging_mixin.py:190} INFO - [2025-03-08T19:48:33.107+0000] {dagbag.py:588} INFO - Filling up the DagBag from /home/airflow/.local/lib/python3.12/site-packages/airflow/example_dags/example_complex.py
[2025-03-08T19:48:33.127+0000] {processor.py:925} INFO - DAG(s) 'example_complex' retrieved from /home/airflow/.local/lib/python3.12/site-packages/airflow/example_dags/example_complex.py
[2025-03-08T19:48:33.181+0000] {logging_mixin.py:190} INFO - [2025-03-08T19:48:33.181+0000] {dag.py:3239} INFO - Sync 1 DAGs
[2025-03-08T19:48:33.205+0000] {logging_mixin.py:190} INFO - [2025-03-08T19:48:33.204+0000] {dag.py:4180} INFO - Setting next_dagrun for example_complex to None, run_after=None
[2025-03-08T19:48:33.236+0000] {processor.py:208} INFO - Processing /home/airflow/.local/lib/python3.12/site-packages/airflow/example_dags/example_complex.py took 0.140 seconds
[2025-03-08T19:49:04.255+0000] {processor.py:186} INFO - Started process (PID=26345) to work on /home/airflow/.local/lib/python3.12/site-packages/airflow/example_dags/example_complex.py
[2025-03-08T19:49:04.256+0000] {processor.py:914} INFO - Processing file /home/airflow/.local/lib/python3.12/site-packages/airflow/example_dags/example_complex.py for tasks to queue
[2025-03-08T19:49:04.259+0000] {logging_mixin.py:190} INFO - [2025-03-08T19:49:04.259+0000] {dagbag.py:588} INFO - Filling up the DagBag from /home/airflow/.local/lib/python3.12/site-packages/airflow/example_dags/example_complex.py
[2025-03-08T19:49:04.279+0000] {processor.py:925} INFO - DAG(s) 'example_complex' retrieved from /home/airflow/.local/lib/python3.12/site-packages/airflow/example_dags/example_complex.py
[2025-03-08T19:49:04.331+0000] {logging_mixin.py:190} INFO - [2025-03-08T19:49:04.331+0000] {dag.py:3239} INFO - Sync 1 DAGs
[2025-03-08T19:49:04.355+0000] {logging_mixin.py:190} INFO - [2025-03-08T19:49:04.354+0000] {dag.py:4180} INFO - Setting next_dagrun for example_complex to None, run_after=None
[2025-03-08T19:49:04.384+0000] {processor.py:208} INFO - Processing /home/airflow/.local/lib/python3.12/site-packages/airflow/example_dags/example_complex.py took 0.138 seconds
[2025-03-08T19:49:35.518+0000] {processor.py:186} INFO - Started process (PID=26408) to work on /home/airflow/.local/lib/python3.12/site-packages/airflow/example_dags/example_complex.py
[2025-03-08T19:49:35.520+0000] {processor.py:914} INFO - Processing file /home/airflow/.local/lib/python3.12/site-packages/airflow/example_dags/example_complex.py for tasks to queue
[2025-03-08T19:49:35.523+0000] {logging_mixin.py:190} INFO - [2025-03-08T19:49:35.522+0000] {dagbag.py:588} INFO - Filling up the DagBag from /home/airflow/.local/lib/python3.12/site-packages/airflow/example_dags/example_complex.py
[2025-03-08T19:49:35.543+0000] {processor.py:925} INFO - DAG(s) 'example_complex' retrieved from /home/airflow/.local/lib/python3.12/site-packages/airflow/example_dags/example_complex.py
[2025-03-08T19:49:35.595+0000] {logging_mixin.py:190} INFO - [2025-03-08T19:49:35.594+0000] {dag.py:3239} INFO - Sync 1 DAGs
[2025-03-08T19:49:35.618+0000] {logging_mixin.py:190} INFO - [2025-03-08T19:49:35.618+0000] {dag.py:4180} INFO - Setting next_dagrun for example_complex to None, run_after=None
[2025-03-08T19:49:35.647+0000] {processor.py:208} INFO - Processing /home/airflow/.local/lib/python3.12/site-packages/airflow/example_dags/example_complex.py took 0.138 seconds
[2025-03-08T19:50:06.817+0000] {processor.py:186} INFO - Started process (PID=26470) to work on /home/airflow/.local/lib/python3.12/site-packages/airflow/example_dags/example_complex.py
[2025-03-08T19:50:06.818+0000] {processor.py:914} INFO - Processing file /home/airflow/.local/lib/python3.12/site-packages/airflow/example_dags/example_complex.py for tasks to queue
[2025-03-08T19:50:06.821+0000] {logging_mixin.py:190} INFO - [2025-03-08T19:50:06.820+0000] {dagbag.py:588} INFO - Filling up the DagBag from /home/airflow/.local/lib/python3.12/site-packages/airflow/example_dags/example_complex.py
[2025-03-08T19:50:06.841+0000] {processor.py:925} INFO - DAG(s) 'example_complex' retrieved from /home/airflow/.local/lib/python3.12/site-packages/airflow/example_dags/example_complex.py
[2025-03-08T19:50:06.894+0000] {logging_mixin.py:190} INFO - [2025-03-08T19:50:06.893+0000] {dag.py:3239} INFO - Sync 1 DAGs
[2025-03-08T19:50:06.919+0000] {logging_mixin.py:190} INFO - [2025-03-08T19:50:06.919+0000] {dag.py:4180} INFO - Setting next_dagrun for example_complex to None, run_after=None
[2025-03-08T19:50:06.957+0000] {processor.py:208} INFO - Processing /home/airflow/.local/lib/python3.12/site-packages/airflow/example_dags/example_complex.py took 0.149 seconds
[2025-03-08T19:50:38.468+0000] {processor.py:186} INFO - Started process (PID=26536) to work on /home/airflow/.local/lib/python3.12/site-packages/airflow/example_dags/example_complex.py
[2025-03-08T19:50:38.469+0000] {processor.py:914} INFO - Processing file /home/airflow/.local/lib/python3.12/site-packages/airflow/example_dags/example_complex.py for tasks to queue
[2025-03-08T19:50:38.472+0000] {logging_mixin.py:190} INFO - [2025-03-08T19:50:38.471+0000] {dagbag.py:588} INFO - Filling up the DagBag from /home/airflow/.local/lib/python3.12/site-packages/airflow/example_dags/example_complex.py
[2025-03-08T19:50:38.491+0000] {processor.py:925} INFO - DAG(s) 'example_complex' retrieved from /home/airflow/.local/lib/python3.12/site-packages/airflow/example_dags/example_complex.py
[2025-03-08T19:50:38.544+0000] {logging_mixin.py:190} INFO - [2025-03-08T19:50:38.544+0000] {dag.py:3239} INFO - Sync 1 DAGs
[2025-03-08T19:50:38.568+0000] {logging_mixin.py:190} INFO - [2025-03-08T19:50:38.567+0000] {dag.py:4180} INFO - Setting next_dagrun for example_complex to None, run_after=None
[2025-03-08T19:50:38.604+0000] {processor.py:208} INFO - Processing /home/airflow/.local/lib/python3.12/site-packages/airflow/example_dags/example_complex.py took 0.145 seconds
[2025-03-08T19:51:10.029+0000] {processor.py:186} INFO - Started process (PID=26599) to work on /home/airflow/.local/lib/python3.12/site-packages/airflow/example_dags/example_complex.py
[2025-03-08T19:51:10.030+0000] {processor.py:914} INFO - Processing file /home/airflow/.local/lib/python3.12/site-packages/airflow/example_dags/example_complex.py for tasks to queue
[2025-03-08T19:51:10.033+0000] {logging_mixin.py:190} INFO - [2025-03-08T19:51:10.033+0000] {dagbag.py:588} INFO - Filling up the DagBag from /home/airflow/.local/lib/python3.12/site-packages/airflow/example_dags/example_complex.py
[2025-03-08T19:51:10.054+0000] {processor.py:925} INFO - DAG(s) 'example_complex' retrieved from /home/airflow/.local/lib/python3.12/site-packages/airflow/example_dags/example_complex.py
[2025-03-08T19:51:10.108+0000] {logging_mixin.py:190} INFO - [2025-03-08T19:51:10.107+0000] {dag.py:3239} INFO - Sync 1 DAGs
[2025-03-08T19:51:10.132+0000] {logging_mixin.py:190} INFO - [2025-03-08T19:51:10.132+0000] {dag.py:4180} INFO - Setting next_dagrun for example_complex to None, run_after=None
[2025-03-08T19:51:10.161+0000] {processor.py:208} INFO - Processing /home/airflow/.local/lib/python3.12/site-packages/airflow/example_dags/example_complex.py took 0.141 seconds
[2025-03-08T19:51:41.075+0000] {processor.py:186} INFO - Started process (PID=26662) to work on /home/airflow/.local/lib/python3.12/site-packages/airflow/example_dags/example_complex.py
[2025-03-08T19:51:41.076+0000] {processor.py:914} INFO - Processing file /home/airflow/.local/lib/python3.12/site-packages/airflow/example_dags/example_complex.py for tasks to queue
[2025-03-08T19:51:41.079+0000] {logging_mixin.py:190} INFO - [2025-03-08T19:51:41.078+0000] {dagbag.py:588} INFO - Filling up the DagBag from /home/airflow/.local/lib/python3.12/site-packages/airflow/example_dags/example_complex.py
[2025-03-08T19:51:41.099+0000] {processor.py:925} INFO - DAG(s) 'example_complex' retrieved from /home/airflow/.local/lib/python3.12/site-packages/airflow/example_dags/example_complex.py
[2025-03-08T19:51:41.157+0000] {logging_mixin.py:190} INFO - [2025-03-08T19:51:41.157+0000] {dag.py:3239} INFO - Sync 1 DAGs
[2025-03-08T19:51:41.181+0000] {logging_mixin.py:190} INFO - [2025-03-08T19:51:41.181+0000] {dag.py:4180} INFO - Setting next_dagrun for example_complex to None, run_after=None
[2025-03-08T19:51:41.209+0000] {processor.py:208} INFO - Processing /home/airflow/.local/lib/python3.12/site-packages/airflow/example_dags/example_complex.py took 0.143 seconds
[2025-03-08T19:52:13.236+0000] {processor.py:186} INFO - Started process (PID=26733) to work on /home/airflow/.local/lib/python3.12/site-packages/airflow/example_dags/example_complex.py
[2025-03-08T19:52:13.237+0000] {processor.py:914} INFO - Processing file /home/airflow/.local/lib/python3.12/site-packages/airflow/example_dags/example_complex.py for tasks to queue
[2025-03-08T19:52:13.241+0000] {logging_mixin.py:190} INFO - [2025-03-08T19:52:13.240+0000] {dagbag.py:588} INFO - Filling up the DagBag from /home/airflow/.local/lib/python3.12/site-packages/airflow/example_dags/example_complex.py
[2025-03-08T19:52:13.262+0000] {processor.py:925} INFO - DAG(s) 'example_complex' retrieved from /home/airflow/.local/lib/python3.12/site-packages/airflow/example_dags/example_complex.py
[2025-03-08T19:52:13.321+0000] {logging_mixin.py:190} INFO - [2025-03-08T19:52:13.320+0000] {dag.py:3239} INFO - Sync 1 DAGs
[2025-03-08T19:52:13.349+0000] {logging_mixin.py:190} INFO - [2025-03-08T19:52:13.348+0000] {dag.py:4180} INFO - Setting next_dagrun for example_complex to None, run_after=None
[2025-03-08T19:52:13.391+0000] {processor.py:208} INFO - Processing /home/airflow/.local/lib/python3.12/site-packages/airflow/example_dags/example_complex.py took 0.164 seconds
[2025-03-08T19:52:44.685+0000] {processor.py:186} INFO - Started process (PID=26796) to work on /home/airflow/.local/lib/python3.12/site-packages/airflow/example_dags/example_complex.py
[2025-03-08T19:52:44.687+0000] {processor.py:914} INFO - Processing file /home/airflow/.local/lib/python3.12/site-packages/airflow/example_dags/example_complex.py for tasks to queue
[2025-03-08T19:52:44.691+0000] {logging_mixin.py:190} INFO - [2025-03-08T19:52:44.690+0000] {dagbag.py:588} INFO - Filling up the DagBag from /home/airflow/.local/lib/python3.12/site-packages/airflow/example_dags/example_complex.py
[2025-03-08T19:52:44.717+0000] {processor.py:925} INFO - DAG(s) 'example_complex' retrieved from /home/airflow/.local/lib/python3.12/site-packages/airflow/example_dags/example_complex.py
[2025-03-08T19:52:44.775+0000] {logging_mixin.py:190} INFO - [2025-03-08T19:52:44.774+0000] {dag.py:3239} INFO - Sync 1 DAGs
[2025-03-08T19:52:44.800+0000] {logging_mixin.py:190} INFO - [2025-03-08T19:52:44.800+0000] {dag.py:4180} INFO - Setting next_dagrun for example_complex to None, run_after=None
[2025-03-08T19:52:44.838+0000] {processor.py:208} INFO - Processing /home/airflow/.local/lib/python3.12/site-packages/airflow/example_dags/example_complex.py took 0.162 seconds
[2025-03-08T19:53:16.388+0000] {processor.py:186} INFO - Started process (PID=26861) to work on /home/airflow/.local/lib/python3.12/site-packages/airflow/example_dags/example_complex.py
[2025-03-08T19:53:16.389+0000] {processor.py:914} INFO - Processing file /home/airflow/.local/lib/python3.12/site-packages/airflow/example_dags/example_complex.py for tasks to queue
[2025-03-08T19:53:16.392+0000] {logging_mixin.py:190} INFO - [2025-03-08T19:53:16.391+0000] {dagbag.py:588} INFO - Filling up the DagBag from /home/airflow/.local/lib/python3.12/site-packages/airflow/example_dags/example_complex.py
[2025-03-08T19:53:16.411+0000] {processor.py:925} INFO - DAG(s) 'example_complex' retrieved from /home/airflow/.local/lib/python3.12/site-packages/airflow/example_dags/example_complex.py
[2025-03-08T19:53:16.464+0000] {logging_mixin.py:190} INFO - [2025-03-08T19:53:16.463+0000] {dag.py:3239} INFO - Sync 1 DAGs
[2025-03-08T19:53:16.487+0000] {logging_mixin.py:190} INFO - [2025-03-08T19:53:16.487+0000] {dag.py:4180} INFO - Setting next_dagrun for example_complex to None, run_after=None
[2025-03-08T19:53:16.516+0000] {processor.py:208} INFO - Processing /home/airflow/.local/lib/python3.12/site-packages/airflow/example_dags/example_complex.py took 0.137 seconds
[2025-03-08T19:53:48.215+0000] {processor.py:186} INFO - Started process (PID=26926) to work on /home/airflow/.local/lib/python3.12/site-packages/airflow/example_dags/example_complex.py
[2025-03-08T19:53:48.216+0000] {processor.py:914} INFO - Processing file /home/airflow/.local/lib/python3.12/site-packages/airflow/example_dags/example_complex.py for tasks to queue
[2025-03-08T19:53:48.220+0000] {logging_mixin.py:190} INFO - [2025-03-08T19:53:48.219+0000] {dagbag.py:588} INFO - Filling up the DagBag from /home/airflow/.local/lib/python3.12/site-packages/airflow/example_dags/example_complex.py
[2025-03-08T19:53:48.239+0000] {processor.py:925} INFO - DAG(s) 'example_complex' retrieved from /home/airflow/.local/lib/python3.12/site-packages/airflow/example_dags/example_complex.py
[2025-03-08T19:53:48.291+0000] {logging_mixin.py:190} INFO - [2025-03-08T19:53:48.291+0000] {dag.py:3239} INFO - Sync 1 DAGs
[2025-03-08T19:53:48.315+0000] {logging_mixin.py:190} INFO - [2025-03-08T19:53:48.315+0000] {dag.py:4180} INFO - Setting next_dagrun for example_complex to None, run_after=None
[2025-03-08T19:53:48.343+0000] {processor.py:208} INFO - Processing /home/airflow/.local/lib/python3.12/site-packages/airflow/example_dags/example_complex.py took 0.136 seconds
[2025-03-08T19:54:19.479+0000] {processor.py:186} INFO - Started process (PID=26993) to work on /home/airflow/.local/lib/python3.12/site-packages/airflow/example_dags/example_complex.py
[2025-03-08T19:54:19.480+0000] {processor.py:914} INFO - Processing file /home/airflow/.local/lib/python3.12/site-packages/airflow/example_dags/example_complex.py for tasks to queue
[2025-03-08T19:54:19.483+0000] {logging_mixin.py:190} INFO - [2025-03-08T19:54:19.482+0000] {dagbag.py:588} INFO - Filling up the DagBag from /home/airflow/.local/lib/python3.12/site-packages/airflow/example_dags/example_complex.py
[2025-03-08T19:54:19.503+0000] {processor.py:925} INFO - DAG(s) 'example_complex' retrieved from /home/airflow/.local/lib/python3.12/site-packages/airflow/example_dags/example_complex.py
[2025-03-08T19:54:19.555+0000] {logging_mixin.py:190} INFO - [2025-03-08T19:54:19.555+0000] {dag.py:3239} INFO - Sync 1 DAGs
[2025-03-08T19:54:19.578+0000] {logging_mixin.py:190} INFO - [2025-03-08T19:54:19.578+0000] {dag.py:4180} INFO - Setting next_dagrun for example_complex to None, run_after=None
[2025-03-08T19:54:19.607+0000] {processor.py:208} INFO - Processing /home/airflow/.local/lib/python3.12/site-packages/airflow/example_dags/example_complex.py took 0.136 seconds
[2025-03-08T19:54:51.089+0000] {processor.py:186} INFO - Started process (PID=27055) to work on /home/airflow/.local/lib/python3.12/site-packages/airflow/example_dags/example_complex.py
[2025-03-08T19:54:51.090+0000] {processor.py:914} INFO - Processing file /home/airflow/.local/lib/python3.12/site-packages/airflow/example_dags/example_complex.py for tasks to queue
[2025-03-08T19:54:51.093+0000] {logging_mixin.py:190} INFO - [2025-03-08T19:54:51.092+0000] {dagbag.py:588} INFO - Filling up the DagBag from /home/airflow/.local/lib/python3.12/site-packages/airflow/example_dags/example_complex.py
[2025-03-08T19:54:51.113+0000] {processor.py:925} INFO - DAG(s) 'example_complex' retrieved from /home/airflow/.local/lib/python3.12/site-packages/airflow/example_dags/example_complex.py
[2025-03-08T19:54:51.165+0000] {logging_mixin.py:190} INFO - [2025-03-08T19:54:51.164+0000] {dag.py:3239} INFO - Sync 1 DAGs
[2025-03-08T19:54:51.188+0000] {logging_mixin.py:190} INFO - [2025-03-08T19:54:51.188+0000] {dag.py:4180} INFO - Setting next_dagrun for example_complex to None, run_after=None
[2025-03-08T19:54:51.216+0000] {processor.py:208} INFO - Processing /home/airflow/.local/lib/python3.12/site-packages/airflow/example_dags/example_complex.py took 0.136 seconds
[2025-03-08T19:55:22.684+0000] {processor.py:186} INFO - Started process (PID=27118) to work on /home/airflow/.local/lib/python3.12/site-packages/airflow/example_dags/example_complex.py
[2025-03-08T19:55:22.685+0000] {processor.py:914} INFO - Processing file /home/airflow/.local/lib/python3.12/site-packages/airflow/example_dags/example_complex.py for tasks to queue
[2025-03-08T19:55:22.688+0000] {logging_mixin.py:190} INFO - [2025-03-08T19:55:22.688+0000] {dagbag.py:588} INFO - Filling up the DagBag from /home/airflow/.local/lib/python3.12/site-packages/airflow/example_dags/example_complex.py
[2025-03-08T19:55:22.708+0000] {processor.py:925} INFO - DAG(s) 'example_complex' retrieved from /home/airflow/.local/lib/python3.12/site-packages/airflow/example_dags/example_complex.py
[2025-03-08T19:55:22.761+0000] {logging_mixin.py:190} INFO - [2025-03-08T19:55:22.760+0000] {dag.py:3239} INFO - Sync 1 DAGs
[2025-03-08T19:55:22.785+0000] {logging_mixin.py:190} INFO - [2025-03-08T19:55:22.785+0000] {dag.py:4180} INFO - Setting next_dagrun for example_complex to None, run_after=None
[2025-03-08T19:55:22.813+0000] {processor.py:208} INFO - Processing /home/airflow/.local/lib/python3.12/site-packages/airflow/example_dags/example_complex.py took 0.138 seconds
[2025-03-08T19:55:54.504+0000] {processor.py:186} INFO - Started process (PID=27181) to work on /home/airflow/.local/lib/python3.12/site-packages/airflow/example_dags/example_complex.py
[2025-03-08T19:55:54.506+0000] {processor.py:914} INFO - Processing file /home/airflow/.local/lib/python3.12/site-packages/airflow/example_dags/example_complex.py for tasks to queue
[2025-03-08T19:55:54.509+0000] {logging_mixin.py:190} INFO - [2025-03-08T19:55:54.508+0000] {dagbag.py:588} INFO - Filling up the DagBag from /home/airflow/.local/lib/python3.12/site-packages/airflow/example_dags/example_complex.py
[2025-03-08T19:55:54.529+0000] {processor.py:925} INFO - DAG(s) 'example_complex' retrieved from /home/airflow/.local/lib/python3.12/site-packages/airflow/example_dags/example_complex.py
[2025-03-08T19:55:54.582+0000] {logging_mixin.py:190} INFO - [2025-03-08T19:55:54.581+0000] {dag.py:3239} INFO - Sync 1 DAGs
[2025-03-08T19:55:54.613+0000] {logging_mixin.py:190} INFO - [2025-03-08T19:55:54.612+0000] {dag.py:4180} INFO - Setting next_dagrun for example_complex to None, run_after=None
[2025-03-08T19:55:54.641+0000] {processor.py:208} INFO - Processing /home/airflow/.local/lib/python3.12/site-packages/airflow/example_dags/example_complex.py took 0.146 seconds
[2025-03-08T20:31:17.990+0000] {processor.py:186} INFO - Started process (PID=27252) to work on /home/airflow/.local/lib/python3.12/site-packages/airflow/example_dags/example_complex.py
[2025-03-08T20:31:18.003+0000] {processor.py:914} INFO - Processing file /home/airflow/.local/lib/python3.12/site-packages/airflow/example_dags/example_complex.py for tasks to queue
[2025-03-08T20:31:18.008+0000] {logging_mixin.py:190} INFO - [2025-03-08T20:31:18.007+0000] {dagbag.py:588} INFO - Filling up the DagBag from /home/airflow/.local/lib/python3.12/site-packages/airflow/example_dags/example_complex.py
[2025-03-08T20:31:18.066+0000] {processor.py:925} INFO - DAG(s) 'example_complex' retrieved from /home/airflow/.local/lib/python3.12/site-packages/airflow/example_dags/example_complex.py
[2025-03-08T20:31:18.188+0000] {logging_mixin.py:190} INFO - [2025-03-08T20:31:18.188+0000] {dag.py:3239} INFO - Sync 1 DAGs
[2025-03-08T20:31:18.234+0000] {logging_mixin.py:190} INFO - [2025-03-08T20:31:18.233+0000] {dag.py:4180} INFO - Setting next_dagrun for example_complex to None, run_after=None
[2025-03-08T20:31:18.293+0000] {processor.py:208} INFO - Processing /home/airflow/.local/lib/python3.12/site-packages/airflow/example_dags/example_complex.py took 0.316 seconds
[2025-03-08T20:31:49.104+0000] {processor.py:186} INFO - Started process (PID=27315) to work on /home/airflow/.local/lib/python3.12/site-packages/airflow/example_dags/example_complex.py
[2025-03-08T20:31:49.105+0000] {processor.py:914} INFO - Processing file /home/airflow/.local/lib/python3.12/site-packages/airflow/example_dags/example_complex.py for tasks to queue
[2025-03-08T20:31:49.110+0000] {logging_mixin.py:190} INFO - [2025-03-08T20:31:49.109+0000] {dagbag.py:588} INFO - Filling up the DagBag from /home/airflow/.local/lib/python3.12/site-packages/airflow/example_dags/example_complex.py
[2025-03-08T20:31:49.143+0000] {processor.py:925} INFO - DAG(s) 'example_complex' retrieved from /home/airflow/.local/lib/python3.12/site-packages/airflow/example_dags/example_complex.py
[2025-03-08T20:31:49.232+0000] {logging_mixin.py:190} INFO - [2025-03-08T20:31:49.232+0000] {dag.py:3239} INFO - Sync 1 DAGs
[2025-03-08T20:31:49.271+0000] {logging_mixin.py:190} INFO - [2025-03-08T20:31:49.271+0000] {dag.py:4180} INFO - Setting next_dagrun for example_complex to None, run_after=None
[2025-03-08T20:31:49.319+0000] {processor.py:208} INFO - Processing /home/airflow/.local/lib/python3.12/site-packages/airflow/example_dags/example_complex.py took 0.228 seconds
[2025-03-08T20:32:19.622+0000] {processor.py:186} INFO - Started process (PID=27378) to work on /home/airflow/.local/lib/python3.12/site-packages/airflow/example_dags/example_complex.py
[2025-03-08T20:32:19.623+0000] {processor.py:914} INFO - Processing file /home/airflow/.local/lib/python3.12/site-packages/airflow/example_dags/example_complex.py for tasks to queue
[2025-03-08T20:32:19.627+0000] {logging_mixin.py:190} INFO - [2025-03-08T20:32:19.627+0000] {dagbag.py:588} INFO - Filling up the DagBag from /home/airflow/.local/lib/python3.12/site-packages/airflow/example_dags/example_complex.py
[2025-03-08T20:32:19.657+0000] {processor.py:925} INFO - DAG(s) 'example_complex' retrieved from /home/airflow/.local/lib/python3.12/site-packages/airflow/example_dags/example_complex.py
[2025-03-08T20:32:19.733+0000] {logging_mixin.py:190} INFO - [2025-03-08T20:32:19.733+0000] {dag.py:3239} INFO - Sync 1 DAGs
[2025-03-08T20:32:19.773+0000] {logging_mixin.py:190} INFO - [2025-03-08T20:32:19.772+0000] {dag.py:4180} INFO - Setting next_dagrun for example_complex to None, run_after=None
[2025-03-08T20:32:19.813+0000] {processor.py:208} INFO - Processing /home/airflow/.local/lib/python3.12/site-packages/airflow/example_dags/example_complex.py took 0.204 seconds
[2025-03-08T20:32:51.259+0000] {processor.py:186} INFO - Started process (PID=27442) to work on /home/airflow/.local/lib/python3.12/site-packages/airflow/example_dags/example_complex.py
[2025-03-08T20:32:51.260+0000] {processor.py:914} INFO - Processing file /home/airflow/.local/lib/python3.12/site-packages/airflow/example_dags/example_complex.py for tasks to queue
[2025-03-08T20:32:51.264+0000] {logging_mixin.py:190} INFO - [2025-03-08T20:32:51.264+0000] {dagbag.py:588} INFO - Filling up the DagBag from /home/airflow/.local/lib/python3.12/site-packages/airflow/example_dags/example_complex.py
[2025-03-08T20:32:51.297+0000] {processor.py:925} INFO - DAG(s) 'example_complex' retrieved from /home/airflow/.local/lib/python3.12/site-packages/airflow/example_dags/example_complex.py
[2025-03-08T20:32:51.368+0000] {logging_mixin.py:190} INFO - [2025-03-08T20:32:51.367+0000] {dag.py:3239} INFO - Sync 1 DAGs
[2025-03-08T20:32:51.401+0000] {logging_mixin.py:190} INFO - [2025-03-08T20:32:51.401+0000] {dag.py:4180} INFO - Setting next_dagrun for example_complex to None, run_after=None
[2025-03-08T20:32:51.439+0000] {processor.py:208} INFO - Processing /home/airflow/.local/lib/python3.12/site-packages/airflow/example_dags/example_complex.py took 0.193 seconds
[2025-03-08T20:33:22.302+0000] {processor.py:186} INFO - Started process (PID=27505) to work on /home/airflow/.local/lib/python3.12/site-packages/airflow/example_dags/example_complex.py
[2025-03-08T20:33:22.303+0000] {processor.py:914} INFO - Processing file /home/airflow/.local/lib/python3.12/site-packages/airflow/example_dags/example_complex.py for tasks to queue
[2025-03-08T20:33:22.307+0000] {logging_mixin.py:190} INFO - [2025-03-08T20:33:22.306+0000] {dagbag.py:588} INFO - Filling up the DagBag from /home/airflow/.local/lib/python3.12/site-packages/airflow/example_dags/example_complex.py
[2025-03-08T20:33:22.338+0000] {processor.py:925} INFO - DAG(s) 'example_complex' retrieved from /home/airflow/.local/lib/python3.12/site-packages/airflow/example_dags/example_complex.py
[2025-03-08T20:33:22.407+0000] {logging_mixin.py:190} INFO - [2025-03-08T20:33:22.406+0000] {dag.py:3239} INFO - Sync 1 DAGs
[2025-03-08T20:33:22.437+0000] {logging_mixin.py:190} INFO - [2025-03-08T20:33:22.437+0000] {dag.py:4180} INFO - Setting next_dagrun for example_complex to None, run_after=None
[2025-03-08T20:33:22.476+0000] {processor.py:208} INFO - Processing /home/airflow/.local/lib/python3.12/site-packages/airflow/example_dags/example_complex.py took 0.187 seconds
[2025-03-08T20:33:54.246+0000] {processor.py:186} INFO - Started process (PID=27568) to work on /home/airflow/.local/lib/python3.12/site-packages/airflow/example_dags/example_complex.py
[2025-03-08T20:33:54.247+0000] {processor.py:914} INFO - Processing file /home/airflow/.local/lib/python3.12/site-packages/airflow/example_dags/example_complex.py for tasks to queue
[2025-03-08T20:33:54.251+0000] {logging_mixin.py:190} INFO - [2025-03-08T20:33:54.251+0000] {dagbag.py:588} INFO - Filling up the DagBag from /home/airflow/.local/lib/python3.12/site-packages/airflow/example_dags/example_complex.py
[2025-03-08T20:33:54.280+0000] {processor.py:925} INFO - DAG(s) 'example_complex' retrieved from /home/airflow/.local/lib/python3.12/site-packages/airflow/example_dags/example_complex.py
[2025-03-08T20:33:54.346+0000] {logging_mixin.py:190} INFO - [2025-03-08T20:33:54.345+0000] {dag.py:3239} INFO - Sync 1 DAGs
[2025-03-08T20:33:54.378+0000] {logging_mixin.py:190} INFO - [2025-03-08T20:33:54.377+0000] {dag.py:4180} INFO - Setting next_dagrun for example_complex to None, run_after=None
[2025-03-08T20:33:54.411+0000] {processor.py:208} INFO - Processing /home/airflow/.local/lib/python3.12/site-packages/airflow/example_dags/example_complex.py took 0.174 seconds
[2025-03-08T20:34:25.474+0000] {processor.py:186} INFO - Started process (PID=27631) to work on /home/airflow/.local/lib/python3.12/site-packages/airflow/example_dags/example_complex.py
[2025-03-08T20:34:25.475+0000] {processor.py:914} INFO - Processing file /home/airflow/.local/lib/python3.12/site-packages/airflow/example_dags/example_complex.py for tasks to queue
[2025-03-08T20:34:25.478+0000] {logging_mixin.py:190} INFO - [2025-03-08T20:34:25.478+0000] {dagbag.py:588} INFO - Filling up the DagBag from /home/airflow/.local/lib/python3.12/site-packages/airflow/example_dags/example_complex.py
[2025-03-08T20:34:25.497+0000] {processor.py:925} INFO - DAG(s) 'example_complex' retrieved from /home/airflow/.local/lib/python3.12/site-packages/airflow/example_dags/example_complex.py
[2025-03-08T20:34:25.551+0000] {logging_mixin.py:190} INFO - [2025-03-08T20:34:25.550+0000] {dag.py:3239} INFO - Sync 1 DAGs
[2025-03-08T20:34:25.574+0000] {logging_mixin.py:190} INFO - [2025-03-08T20:34:25.574+0000] {dag.py:4180} INFO - Setting next_dagrun for example_complex to None, run_after=None
[2025-03-08T20:34:25.610+0000] {processor.py:208} INFO - Processing /home/airflow/.local/lib/python3.12/site-packages/airflow/example_dags/example_complex.py took 0.144 seconds
[2025-03-08T20:34:57.307+0000] {processor.py:186} INFO - Started process (PID=27694) to work on /home/airflow/.local/lib/python3.12/site-packages/airflow/example_dags/example_complex.py
[2025-03-08T20:34:57.308+0000] {processor.py:914} INFO - Processing file /home/airflow/.local/lib/python3.12/site-packages/airflow/example_dags/example_complex.py for tasks to queue
[2025-03-08T20:34:57.311+0000] {logging_mixin.py:190} INFO - [2025-03-08T20:34:57.311+0000] {dagbag.py:588} INFO - Filling up the DagBag from /home/airflow/.local/lib/python3.12/site-packages/airflow/example_dags/example_complex.py
[2025-03-08T20:34:57.331+0000] {processor.py:925} INFO - DAG(s) 'example_complex' retrieved from /home/airflow/.local/lib/python3.12/site-packages/airflow/example_dags/example_complex.py
[2025-03-08T20:34:57.383+0000] {logging_mixin.py:190} INFO - [2025-03-08T20:34:57.383+0000] {dag.py:3239} INFO - Sync 1 DAGs
[2025-03-08T20:34:57.406+0000] {logging_mixin.py:190} INFO - [2025-03-08T20:34:57.406+0000] {dag.py:4180} INFO - Setting next_dagrun for example_complex to None, run_after=None
[2025-03-08T20:34:57.441+0000] {processor.py:208} INFO - Processing /home/airflow/.local/lib/python3.12/site-packages/airflow/example_dags/example_complex.py took 0.142 seconds
[2025-03-08T20:35:29.039+0000] {processor.py:186} INFO - Started process (PID=27757) to work on /home/airflow/.local/lib/python3.12/site-packages/airflow/example_dags/example_complex.py
[2025-03-08T20:35:29.040+0000] {processor.py:914} INFO - Processing file /home/airflow/.local/lib/python3.12/site-packages/airflow/example_dags/example_complex.py for tasks to queue
[2025-03-08T20:35:29.043+0000] {logging_mixin.py:190} INFO - [2025-03-08T20:35:29.043+0000] {dagbag.py:588} INFO - Filling up the DagBag from /home/airflow/.local/lib/python3.12/site-packages/airflow/example_dags/example_complex.py
[2025-03-08T20:35:29.063+0000] {processor.py:925} INFO - DAG(s) 'example_complex' retrieved from /home/airflow/.local/lib/python3.12/site-packages/airflow/example_dags/example_complex.py
[2025-03-08T20:35:29.116+0000] {logging_mixin.py:190} INFO - [2025-03-08T20:35:29.115+0000] {dag.py:3239} INFO - Sync 1 DAGs
[2025-03-08T20:35:29.140+0000] {logging_mixin.py:190} INFO - [2025-03-08T20:35:29.140+0000] {dag.py:4180} INFO - Setting next_dagrun for example_complex to None, run_after=None
[2025-03-08T20:35:29.169+0000] {processor.py:208} INFO - Processing /home/airflow/.local/lib/python3.12/site-packages/airflow/example_dags/example_complex.py took 0.138 seconds
[2025-03-08T20:36:00.833+0000] {processor.py:186} INFO - Started process (PID=27820) to work on /home/airflow/.local/lib/python3.12/site-packages/airflow/example_dags/example_complex.py
[2025-03-08T20:36:00.835+0000] {processor.py:914} INFO - Processing file /home/airflow/.local/lib/python3.12/site-packages/airflow/example_dags/example_complex.py for tasks to queue
[2025-03-08T20:36:00.838+0000] {logging_mixin.py:190} INFO - [2025-03-08T20:36:00.837+0000] {dagbag.py:588} INFO - Filling up the DagBag from /home/airflow/.local/lib/python3.12/site-packages/airflow/example_dags/example_complex.py
[2025-03-08T20:36:00.858+0000] {processor.py:925} INFO - DAG(s) 'example_complex' retrieved from /home/airflow/.local/lib/python3.12/site-packages/airflow/example_dags/example_complex.py
[2025-03-08T20:36:00.913+0000] {logging_mixin.py:190} INFO - [2025-03-08T20:36:00.913+0000] {dag.py:3239} INFO - Sync 1 DAGs
[2025-03-08T20:36:00.938+0000] {logging_mixin.py:190} INFO - [2025-03-08T20:36:00.938+0000] {dag.py:4180} INFO - Setting next_dagrun for example_complex to None, run_after=None
[2025-03-08T20:36:00.967+0000] {processor.py:208} INFO - Processing /home/airflow/.local/lib/python3.12/site-packages/airflow/example_dags/example_complex.py took 0.143 seconds
[2025-03-08T20:36:31.981+0000] {processor.py:186} INFO - Started process (PID=27883) to work on /home/airflow/.local/lib/python3.12/site-packages/airflow/example_dags/example_complex.py
[2025-03-08T20:36:31.982+0000] {processor.py:914} INFO - Processing file /home/airflow/.local/lib/python3.12/site-packages/airflow/example_dags/example_complex.py for tasks to queue
[2025-03-08T20:36:31.985+0000] {logging_mixin.py:190} INFO - [2025-03-08T20:36:31.985+0000] {dagbag.py:588} INFO - Filling up the DagBag from /home/airflow/.local/lib/python3.12/site-packages/airflow/example_dags/example_complex.py
[2025-03-08T20:36:32.005+0000] {processor.py:925} INFO - DAG(s) 'example_complex' retrieved from /home/airflow/.local/lib/python3.12/site-packages/airflow/example_dags/example_complex.py
[2025-03-08T20:36:32.057+0000] {logging_mixin.py:190} INFO - [2025-03-08T20:36:32.056+0000] {dag.py:3239} INFO - Sync 1 DAGs
[2025-03-08T20:36:32.080+0000] {logging_mixin.py:190} INFO - [2025-03-08T20:36:32.079+0000] {dag.py:4180} INFO - Setting next_dagrun for example_complex to None, run_after=None
[2025-03-08T20:36:32.115+0000] {processor.py:208} INFO - Processing /home/airflow/.local/lib/python3.12/site-packages/airflow/example_dags/example_complex.py took 0.142 seconds
[2025-03-08T20:37:03.547+0000] {processor.py:186} INFO - Started process (PID=27946) to work on /home/airflow/.local/lib/python3.12/site-packages/airflow/example_dags/example_complex.py
[2025-03-08T20:37:03.548+0000] {processor.py:914} INFO - Processing file /home/airflow/.local/lib/python3.12/site-packages/airflow/example_dags/example_complex.py for tasks to queue
[2025-03-08T20:37:03.551+0000] {logging_mixin.py:190} INFO - [2025-03-08T20:37:03.550+0000] {dagbag.py:588} INFO - Filling up the DagBag from /home/airflow/.local/lib/python3.12/site-packages/airflow/example_dags/example_complex.py
[2025-03-08T20:37:03.571+0000] {processor.py:925} INFO - DAG(s) 'example_complex' retrieved from /home/airflow/.local/lib/python3.12/site-packages/airflow/example_dags/example_complex.py
[2025-03-08T20:37:03.633+0000] {logging_mixin.py:190} INFO - [2025-03-08T20:37:03.633+0000] {dag.py:3239} INFO - Sync 1 DAGs
[2025-03-08T20:37:03.658+0000] {logging_mixin.py:190} INFO - [2025-03-08T20:37:03.658+0000] {dag.py:4180} INFO - Setting next_dagrun for example_complex to None, run_after=None
[2025-03-08T20:37:03.686+0000] {processor.py:208} INFO - Processing /home/airflow/.local/lib/python3.12/site-packages/airflow/example_dags/example_complex.py took 0.148 seconds
[2025-03-08T20:37:35.222+0000] {processor.py:186} INFO - Started process (PID=28009) to work on /home/airflow/.local/lib/python3.12/site-packages/airflow/example_dags/example_complex.py
[2025-03-08T20:37:35.224+0000] {processor.py:914} INFO - Processing file /home/airflow/.local/lib/python3.12/site-packages/airflow/example_dags/example_complex.py for tasks to queue
[2025-03-08T20:37:35.227+0000] {logging_mixin.py:190} INFO - [2025-03-08T20:37:35.226+0000] {dagbag.py:588} INFO - Filling up the DagBag from /home/airflow/.local/lib/python3.12/site-packages/airflow/example_dags/example_complex.py
[2025-03-08T20:37:35.247+0000] {processor.py:925} INFO - DAG(s) 'example_complex' retrieved from /home/airflow/.local/lib/python3.12/site-packages/airflow/example_dags/example_complex.py
[2025-03-08T20:37:35.300+0000] {logging_mixin.py:190} INFO - [2025-03-08T20:37:35.300+0000] {dag.py:3239} INFO - Sync 1 DAGs
[2025-03-08T20:37:35.325+0000] {logging_mixin.py:190} INFO - [2025-03-08T20:37:35.324+0000] {dag.py:4180} INFO - Setting next_dagrun for example_complex to None, run_after=None
[2025-03-08T20:37:35.353+0000] {processor.py:208} INFO - Processing /home/airflow/.local/lib/python3.12/site-packages/airflow/example_dags/example_complex.py took 0.140 seconds
[2025-03-08T20:38:06.763+0000] {processor.py:186} INFO - Started process (PID=28072) to work on /home/airflow/.local/lib/python3.12/site-packages/airflow/example_dags/example_complex.py
[2025-03-08T20:38:06.765+0000] {processor.py:914} INFO - Processing file /home/airflow/.local/lib/python3.12/site-packages/airflow/example_dags/example_complex.py for tasks to queue
[2025-03-08T20:38:06.769+0000] {logging_mixin.py:190} INFO - [2025-03-08T20:38:06.768+0000] {dagbag.py:588} INFO - Filling up the DagBag from /home/airflow/.local/lib/python3.12/site-packages/airflow/example_dags/example_complex.py
[2025-03-08T20:38:06.795+0000] {processor.py:925} INFO - DAG(s) 'example_complex' retrieved from /home/airflow/.local/lib/python3.12/site-packages/airflow/example_dags/example_complex.py
[2025-03-08T20:38:06.848+0000] {logging_mixin.py:190} INFO - [2025-03-08T20:38:06.847+0000] {dag.py:3239} INFO - Sync 1 DAGs
[2025-03-08T20:38:06.872+0000] {logging_mixin.py:190} INFO - [2025-03-08T20:38:06.872+0000] {dag.py:4180} INFO - Setting next_dagrun for example_complex to None, run_after=None
[2025-03-08T20:38:06.901+0000] {processor.py:208} INFO - Processing /home/airflow/.local/lib/python3.12/site-packages/airflow/example_dags/example_complex.py took 0.149 seconds
[2025-03-08T20:38:38.558+0000] {processor.py:186} INFO - Started process (PID=28135) to work on /home/airflow/.local/lib/python3.12/site-packages/airflow/example_dags/example_complex.py
[2025-03-08T20:38:38.559+0000] {processor.py:914} INFO - Processing file /home/airflow/.local/lib/python3.12/site-packages/airflow/example_dags/example_complex.py for tasks to queue
[2025-03-08T20:38:38.562+0000] {logging_mixin.py:190} INFO - [2025-03-08T20:38:38.561+0000] {dagbag.py:588} INFO - Filling up the DagBag from /home/airflow/.local/lib/python3.12/site-packages/airflow/example_dags/example_complex.py
[2025-03-08T20:38:38.589+0000] {processor.py:925} INFO - DAG(s) 'example_complex' retrieved from /home/airflow/.local/lib/python3.12/site-packages/airflow/example_dags/example_complex.py
[2025-03-08T20:38:38.643+0000] {logging_mixin.py:190} INFO - [2025-03-08T20:38:38.642+0000] {dag.py:3239} INFO - Sync 1 DAGs
[2025-03-08T20:38:38.667+0000] {logging_mixin.py:190} INFO - [2025-03-08T20:38:38.666+0000] {dag.py:4180} INFO - Setting next_dagrun for example_complex to None, run_after=None
[2025-03-08T20:38:38.697+0000] {processor.py:208} INFO - Processing /home/airflow/.local/lib/python3.12/site-packages/airflow/example_dags/example_complex.py took 0.148 seconds
[2025-03-08T20:39:10.325+0000] {processor.py:186} INFO - Started process (PID=28204) to work on /home/airflow/.local/lib/python3.12/site-packages/airflow/example_dags/example_complex.py
[2025-03-08T20:39:10.326+0000] {processor.py:914} INFO - Processing file /home/airflow/.local/lib/python3.12/site-packages/airflow/example_dags/example_complex.py for tasks to queue
[2025-03-08T20:39:10.329+0000] {logging_mixin.py:190} INFO - [2025-03-08T20:39:10.329+0000] {dagbag.py:588} INFO - Filling up the DagBag from /home/airflow/.local/lib/python3.12/site-packages/airflow/example_dags/example_complex.py
[2025-03-08T20:39:10.349+0000] {processor.py:925} INFO - DAG(s) 'example_complex' retrieved from /home/airflow/.local/lib/python3.12/site-packages/airflow/example_dags/example_complex.py
[2025-03-08T20:39:10.421+0000] {logging_mixin.py:190} INFO - [2025-03-08T20:39:10.421+0000] {dag.py:3239} INFO - Sync 1 DAGs
[2025-03-08T20:39:10.446+0000] {logging_mixin.py:190} INFO - [2025-03-08T20:39:10.446+0000] {dag.py:4180} INFO - Setting next_dagrun for example_complex to None, run_after=None
[2025-03-08T20:39:10.477+0000] {processor.py:208} INFO - Processing /home/airflow/.local/lib/python3.12/site-packages/airflow/example_dags/example_complex.py took 0.161 seconds
[2025-03-08T20:39:42.240+0000] {processor.py:186} INFO - Started process (PID=28267) to work on /home/airflow/.local/lib/python3.12/site-packages/airflow/example_dags/example_complex.py
[2025-03-08T20:39:42.241+0000] {processor.py:914} INFO - Processing file /home/airflow/.local/lib/python3.12/site-packages/airflow/example_dags/example_complex.py for tasks to queue
[2025-03-08T20:39:42.244+0000] {logging_mixin.py:190} INFO - [2025-03-08T20:39:42.244+0000] {dagbag.py:588} INFO - Filling up the DagBag from /home/airflow/.local/lib/python3.12/site-packages/airflow/example_dags/example_complex.py
[2025-03-08T20:39:42.264+0000] {processor.py:925} INFO - DAG(s) 'example_complex' retrieved from /home/airflow/.local/lib/python3.12/site-packages/airflow/example_dags/example_complex.py
[2025-03-08T20:39:42.318+0000] {logging_mixin.py:190} INFO - [2025-03-08T20:39:42.318+0000] {dag.py:3239} INFO - Sync 1 DAGs
[2025-03-08T20:39:42.345+0000] {logging_mixin.py:190} INFO - [2025-03-08T20:39:42.345+0000] {dag.py:4180} INFO - Setting next_dagrun for example_complex to None, run_after=None
[2025-03-08T20:39:42.374+0000] {processor.py:208} INFO - Processing /home/airflow/.local/lib/python3.12/site-packages/airflow/example_dags/example_complex.py took 0.143 seconds
[2025-03-08T20:40:13.934+0000] {processor.py:186} INFO - Started process (PID=28329) to work on /home/airflow/.local/lib/python3.12/site-packages/airflow/example_dags/example_complex.py
[2025-03-08T20:40:13.935+0000] {processor.py:914} INFO - Processing file /home/airflow/.local/lib/python3.12/site-packages/airflow/example_dags/example_complex.py for tasks to queue
[2025-03-08T20:40:13.939+0000] {logging_mixin.py:190} INFO - [2025-03-08T20:40:13.938+0000] {dagbag.py:588} INFO - Filling up the DagBag from /home/airflow/.local/lib/python3.12/site-packages/airflow/example_dags/example_complex.py
[2025-03-08T20:40:13.960+0000] {processor.py:925} INFO - DAG(s) 'example_complex' retrieved from /home/airflow/.local/lib/python3.12/site-packages/airflow/example_dags/example_complex.py
[2025-03-08T20:40:14.020+0000] {logging_mixin.py:190} INFO - [2025-03-08T20:40:14.020+0000] {dag.py:3239} INFO - Sync 1 DAGs
[2025-03-08T20:40:14.046+0000] {logging_mixin.py:190} INFO - [2025-03-08T20:40:14.045+0000] {dag.py:4180} INFO - Setting next_dagrun for example_complex to None, run_after=None
[2025-03-08T20:40:14.076+0000] {processor.py:208} INFO - Processing /home/airflow/.local/lib/python3.12/site-packages/airflow/example_dags/example_complex.py took 0.150 seconds
[2025-03-08T20:40:45.511+0000] {processor.py:186} INFO - Started process (PID=28391) to work on /home/airflow/.local/lib/python3.12/site-packages/airflow/example_dags/example_complex.py
[2025-03-08T20:40:45.513+0000] {processor.py:914} INFO - Processing file /home/airflow/.local/lib/python3.12/site-packages/airflow/example_dags/example_complex.py for tasks to queue
[2025-03-08T20:40:45.516+0000] {logging_mixin.py:190} INFO - [2025-03-08T20:40:45.515+0000] {dagbag.py:588} INFO - Filling up the DagBag from /home/airflow/.local/lib/python3.12/site-packages/airflow/example_dags/example_complex.py
[2025-03-08T20:40:45.536+0000] {processor.py:925} INFO - DAG(s) 'example_complex' retrieved from /home/airflow/.local/lib/python3.12/site-packages/airflow/example_dags/example_complex.py
[2025-03-08T20:40:45.589+0000] {logging_mixin.py:190} INFO - [2025-03-08T20:40:45.588+0000] {dag.py:3239} INFO - Sync 1 DAGs
[2025-03-08T20:40:45.612+0000] {logging_mixin.py:190} INFO - [2025-03-08T20:40:45.612+0000] {dag.py:4180} INFO - Setting next_dagrun for example_complex to None, run_after=None
[2025-03-08T20:40:45.641+0000] {processor.py:208} INFO - Processing /home/airflow/.local/lib/python3.12/site-packages/airflow/example_dags/example_complex.py took 0.139 seconds
[2025-03-08T20:41:17.031+0000] {processor.py:186} INFO - Started process (PID=28454) to work on /home/airflow/.local/lib/python3.12/site-packages/airflow/example_dags/example_complex.py
[2025-03-08T20:41:17.032+0000] {processor.py:914} INFO - Processing file /home/airflow/.local/lib/python3.12/site-packages/airflow/example_dags/example_complex.py for tasks to queue
[2025-03-08T20:41:17.035+0000] {logging_mixin.py:190} INFO - [2025-03-08T20:41:17.035+0000] {dagbag.py:588} INFO - Filling up the DagBag from /home/airflow/.local/lib/python3.12/site-packages/airflow/example_dags/example_complex.py
[2025-03-08T20:41:17.055+0000] {processor.py:925} INFO - DAG(s) 'example_complex' retrieved from /home/airflow/.local/lib/python3.12/site-packages/airflow/example_dags/example_complex.py
[2025-03-08T20:41:17.106+0000] {logging_mixin.py:190} INFO - [2025-03-08T20:41:17.106+0000] {dag.py:3239} INFO - Sync 1 DAGs
[2025-03-08T20:41:17.129+0000] {logging_mixin.py:190} INFO - [2025-03-08T20:41:17.129+0000] {dag.py:4180} INFO - Setting next_dagrun for example_complex to None, run_after=None
[2025-03-08T20:41:17.157+0000] {processor.py:208} INFO - Processing /home/airflow/.local/lib/python3.12/site-packages/airflow/example_dags/example_complex.py took 0.134 seconds
[2025-03-08T20:41:48.571+0000] {processor.py:186} INFO - Started process (PID=28517) to work on /home/airflow/.local/lib/python3.12/site-packages/airflow/example_dags/example_complex.py
[2025-03-08T20:41:48.572+0000] {processor.py:914} INFO - Processing file /home/airflow/.local/lib/python3.12/site-packages/airflow/example_dags/example_complex.py for tasks to queue
[2025-03-08T20:41:48.575+0000] {logging_mixin.py:190} INFO - [2025-03-08T20:41:48.575+0000] {dagbag.py:588} INFO - Filling up the DagBag from /home/airflow/.local/lib/python3.12/site-packages/airflow/example_dags/example_complex.py
[2025-03-08T20:41:48.596+0000] {processor.py:925} INFO - DAG(s) 'example_complex' retrieved from /home/airflow/.local/lib/python3.12/site-packages/airflow/example_dags/example_complex.py
[2025-03-08T20:41:48.648+0000] {logging_mixin.py:190} INFO - [2025-03-08T20:41:48.648+0000] {dag.py:3239} INFO - Sync 1 DAGs
[2025-03-08T20:41:48.673+0000] {logging_mixin.py:190} INFO - [2025-03-08T20:41:48.672+0000] {dag.py:4180} INFO - Setting next_dagrun for example_complex to None, run_after=None
[2025-03-08T20:41:48.701+0000] {processor.py:208} INFO - Processing /home/airflow/.local/lib/python3.12/site-packages/airflow/example_dags/example_complex.py took 0.139 seconds
[2025-03-08T20:42:20.554+0000] {processor.py:186} INFO - Started process (PID=28580) to work on /home/airflow/.local/lib/python3.12/site-packages/airflow/example_dags/example_complex.py
[2025-03-08T20:42:20.555+0000] {processor.py:914} INFO - Processing file /home/airflow/.local/lib/python3.12/site-packages/airflow/example_dags/example_complex.py for tasks to queue
[2025-03-08T20:42:20.558+0000] {logging_mixin.py:190} INFO - [2025-03-08T20:42:20.558+0000] {dagbag.py:588} INFO - Filling up the DagBag from /home/airflow/.local/lib/python3.12/site-packages/airflow/example_dags/example_complex.py
[2025-03-08T20:42:20.578+0000] {processor.py:925} INFO - DAG(s) 'example_complex' retrieved from /home/airflow/.local/lib/python3.12/site-packages/airflow/example_dags/example_complex.py
[2025-03-08T20:42:20.637+0000] {logging_mixin.py:190} INFO - [2025-03-08T20:42:20.636+0000] {dag.py:3239} INFO - Sync 1 DAGs
[2025-03-08T20:42:20.661+0000] {logging_mixin.py:190} INFO - [2025-03-08T20:42:20.661+0000] {dag.py:4180} INFO - Setting next_dagrun for example_complex to None, run_after=None
[2025-03-08T20:42:20.696+0000] {processor.py:208} INFO - Processing /home/airflow/.local/lib/python3.12/site-packages/airflow/example_dags/example_complex.py took 0.151 seconds
[2025-03-08T20:42:52.048+0000] {processor.py:186} INFO - Started process (PID=28643) to work on /home/airflow/.local/lib/python3.12/site-packages/airflow/example_dags/example_complex.py
[2025-03-08T20:42:52.049+0000] {processor.py:914} INFO - Processing file /home/airflow/.local/lib/python3.12/site-packages/airflow/example_dags/example_complex.py for tasks to queue
[2025-03-08T20:42:52.052+0000] {logging_mixin.py:190} INFO - [2025-03-08T20:42:52.052+0000] {dagbag.py:588} INFO - Filling up the DagBag from /home/airflow/.local/lib/python3.12/site-packages/airflow/example_dags/example_complex.py
[2025-03-08T20:42:52.073+0000] {processor.py:925} INFO - DAG(s) 'example_complex' retrieved from /home/airflow/.local/lib/python3.12/site-packages/airflow/example_dags/example_complex.py
[2025-03-08T20:42:52.146+0000] {logging_mixin.py:190} INFO - [2025-03-08T20:42:52.146+0000] {dag.py:3239} INFO - Sync 1 DAGs
[2025-03-08T20:42:52.170+0000] {logging_mixin.py:190} INFO - [2025-03-08T20:42:52.169+0000] {dag.py:4180} INFO - Setting next_dagrun for example_complex to None, run_after=None
[2025-03-08T20:42:52.198+0000] {processor.py:208} INFO - Processing /home/airflow/.local/lib/python3.12/site-packages/airflow/example_dags/example_complex.py took 0.159 seconds
[2025-03-08T20:43:24.358+0000] {processor.py:186} INFO - Started process (PID=28709) to work on /home/airflow/.local/lib/python3.12/site-packages/airflow/example_dags/example_complex.py
[2025-03-08T20:43:24.359+0000] {processor.py:914} INFO - Processing file /home/airflow/.local/lib/python3.12/site-packages/airflow/example_dags/example_complex.py for tasks to queue
[2025-03-08T20:43:24.363+0000] {logging_mixin.py:190} INFO - [2025-03-08T20:43:24.363+0000] {dagbag.py:588} INFO - Filling up the DagBag from /home/airflow/.local/lib/python3.12/site-packages/airflow/example_dags/example_complex.py
[2025-03-08T20:43:24.384+0000] {processor.py:925} INFO - DAG(s) 'example_complex' retrieved from /home/airflow/.local/lib/python3.12/site-packages/airflow/example_dags/example_complex.py
[2025-03-08T20:43:24.461+0000] {logging_mixin.py:190} INFO - [2025-03-08T20:43:24.460+0000] {dag.py:3239} INFO - Sync 1 DAGs
[2025-03-08T20:43:24.492+0000] {logging_mixin.py:190} INFO - [2025-03-08T20:43:24.492+0000] {dag.py:4180} INFO - Setting next_dagrun for example_complex to None, run_after=None
[2025-03-08T20:43:24.524+0000] {processor.py:208} INFO - Processing /home/airflow/.local/lib/python3.12/site-packages/airflow/example_dags/example_complex.py took 0.178 seconds
[2025-03-08T20:43:55.727+0000] {processor.py:186} INFO - Started process (PID=28773) to work on /home/airflow/.local/lib/python3.12/site-packages/airflow/example_dags/example_complex.py
[2025-03-08T20:43:55.728+0000] {processor.py:914} INFO - Processing file /home/airflow/.local/lib/python3.12/site-packages/airflow/example_dags/example_complex.py for tasks to queue
[2025-03-08T20:43:55.731+0000] {logging_mixin.py:190} INFO - [2025-03-08T20:43:55.731+0000] {dagbag.py:588} INFO - Filling up the DagBag from /home/airflow/.local/lib/python3.12/site-packages/airflow/example_dags/example_complex.py
[2025-03-08T20:43:55.751+0000] {processor.py:925} INFO - DAG(s) 'example_complex' retrieved from /home/airflow/.local/lib/python3.12/site-packages/airflow/example_dags/example_complex.py
[2025-03-08T20:43:55.805+0000] {logging_mixin.py:190} INFO - [2025-03-08T20:43:55.805+0000] {dag.py:3239} INFO - Sync 1 DAGs
[2025-03-08T20:43:55.834+0000] {logging_mixin.py:190} INFO - [2025-03-08T20:43:55.833+0000] {dag.py:4180} INFO - Setting next_dagrun for example_complex to None, run_after=None
[2025-03-08T20:43:55.868+0000] {processor.py:208} INFO - Processing /home/airflow/.local/lib/python3.12/site-packages/airflow/example_dags/example_complex.py took 0.149 seconds
[2025-03-08T20:44:27.431+0000] {processor.py:186} INFO - Started process (PID=28837) to work on /home/airflow/.local/lib/python3.12/site-packages/airflow/example_dags/example_complex.py
[2025-03-08T20:44:27.432+0000] {processor.py:914} INFO - Processing file /home/airflow/.local/lib/python3.12/site-packages/airflow/example_dags/example_complex.py for tasks to queue
[2025-03-08T20:44:27.436+0000] {logging_mixin.py:190} INFO - [2025-03-08T20:44:27.435+0000] {dagbag.py:588} INFO - Filling up the DagBag from /home/airflow/.local/lib/python3.12/site-packages/airflow/example_dags/example_complex.py
[2025-03-08T20:44:27.456+0000] {processor.py:925} INFO - DAG(s) 'example_complex' retrieved from /home/airflow/.local/lib/python3.12/site-packages/airflow/example_dags/example_complex.py
[2025-03-08T20:44:27.516+0000] {logging_mixin.py:190} INFO - [2025-03-08T20:44:27.516+0000] {dag.py:3239} INFO - Sync 1 DAGs
[2025-03-08T20:44:27.541+0000] {logging_mixin.py:190} INFO - [2025-03-08T20:44:27.540+0000] {dag.py:4180} INFO - Setting next_dagrun for example_complex to None, run_after=None
[2025-03-08T20:44:27.569+0000] {processor.py:208} INFO - Processing /home/airflow/.local/lib/python3.12/site-packages/airflow/example_dags/example_complex.py took 0.146 seconds
[2025-03-08T20:44:58.913+0000] {processor.py:186} INFO - Started process (PID=28903) to work on /home/airflow/.local/lib/python3.12/site-packages/airflow/example_dags/example_complex.py
[2025-03-08T20:44:58.914+0000] {processor.py:914} INFO - Processing file /home/airflow/.local/lib/python3.12/site-packages/airflow/example_dags/example_complex.py for tasks to queue
[2025-03-08T20:44:58.917+0000] {logging_mixin.py:190} INFO - [2025-03-08T20:44:58.916+0000] {dagbag.py:588} INFO - Filling up the DagBag from /home/airflow/.local/lib/python3.12/site-packages/airflow/example_dags/example_complex.py
[2025-03-08T20:44:58.936+0000] {processor.py:925} INFO - DAG(s) 'example_complex' retrieved from /home/airflow/.local/lib/python3.12/site-packages/airflow/example_dags/example_complex.py
[2025-03-08T20:44:58.988+0000] {logging_mixin.py:190} INFO - [2025-03-08T20:44:58.987+0000] {dag.py:3239} INFO - Sync 1 DAGs
[2025-03-08T20:44:59.011+0000] {logging_mixin.py:190} INFO - [2025-03-08T20:44:59.011+0000] {dag.py:4180} INFO - Setting next_dagrun for example_complex to None, run_after=None
[2025-03-08T20:44:59.046+0000] {processor.py:208} INFO - Processing /home/airflow/.local/lib/python3.12/site-packages/airflow/example_dags/example_complex.py took 0.141 seconds
[2025-03-08T20:45:30.126+0000] {processor.py:186} INFO - Started process (PID=28966) to work on /home/airflow/.local/lib/python3.12/site-packages/airflow/example_dags/example_complex.py
[2025-03-08T20:45:30.127+0000] {processor.py:914} INFO - Processing file /home/airflow/.local/lib/python3.12/site-packages/airflow/example_dags/example_complex.py for tasks to queue
[2025-03-08T20:45:30.130+0000] {logging_mixin.py:190} INFO - [2025-03-08T20:45:30.130+0000] {dagbag.py:588} INFO - Filling up the DagBag from /home/airflow/.local/lib/python3.12/site-packages/airflow/example_dags/example_complex.py
[2025-03-08T20:45:30.150+0000] {processor.py:925} INFO - DAG(s) 'example_complex' retrieved from /home/airflow/.local/lib/python3.12/site-packages/airflow/example_dags/example_complex.py
[2025-03-08T20:45:30.202+0000] {logging_mixin.py:190} INFO - [2025-03-08T20:45:30.201+0000] {dag.py:3239} INFO - Sync 1 DAGs
[2025-03-08T20:45:30.226+0000] {logging_mixin.py:190} INFO - [2025-03-08T20:45:30.225+0000] {dag.py:4180} INFO - Setting next_dagrun for example_complex to None, run_after=None
[2025-03-08T20:45:30.256+0000] {processor.py:208} INFO - Processing /home/airflow/.local/lib/python3.12/site-packages/airflow/example_dags/example_complex.py took 0.138 seconds
[2025-03-08T20:46:03.771+0000] {processor.py:186} INFO - Started process (PID=29038) to work on /home/airflow/.local/lib/python3.12/site-packages/airflow/example_dags/example_complex.py
[2025-03-08T20:46:03.772+0000] {processor.py:914} INFO - Processing file /home/airflow/.local/lib/python3.12/site-packages/airflow/example_dags/example_complex.py for tasks to queue
[2025-03-08T20:46:03.775+0000] {logging_mixin.py:190} INFO - [2025-03-08T20:46:03.775+0000] {dagbag.py:588} INFO - Filling up the DagBag from /home/airflow/.local/lib/python3.12/site-packages/airflow/example_dags/example_complex.py
[2025-03-08T20:46:03.795+0000] {processor.py:925} INFO - DAG(s) 'example_complex' retrieved from /home/airflow/.local/lib/python3.12/site-packages/airflow/example_dags/example_complex.py
[2025-03-08T20:46:03.847+0000] {logging_mixin.py:190} INFO - [2025-03-08T20:46:03.847+0000] {dag.py:3239} INFO - Sync 1 DAGs
[2025-03-08T20:46:03.871+0000] {logging_mixin.py:190} INFO - [2025-03-08T20:46:03.871+0000] {dag.py:4180} INFO - Setting next_dagrun for example_complex to None, run_after=None
[2025-03-08T20:46:03.899+0000] {processor.py:208} INFO - Processing /home/airflow/.local/lib/python3.12/site-packages/airflow/example_dags/example_complex.py took 0.136 seconds
[2025-03-08T20:46:35.442+0000] {processor.py:186} INFO - Started process (PID=29102) to work on /home/airflow/.local/lib/python3.12/site-packages/airflow/example_dags/example_complex.py
[2025-03-08T20:46:35.443+0000] {processor.py:914} INFO - Processing file /home/airflow/.local/lib/python3.12/site-packages/airflow/example_dags/example_complex.py for tasks to queue
[2025-03-08T20:46:35.446+0000] {logging_mixin.py:190} INFO - [2025-03-08T20:46:35.446+0000] {dagbag.py:588} INFO - Filling up the DagBag from /home/airflow/.local/lib/python3.12/site-packages/airflow/example_dags/example_complex.py
[2025-03-08T20:46:35.467+0000] {processor.py:925} INFO - DAG(s) 'example_complex' retrieved from /home/airflow/.local/lib/python3.12/site-packages/airflow/example_dags/example_complex.py
[2025-03-08T20:46:35.522+0000] {logging_mixin.py:190} INFO - [2025-03-08T20:46:35.521+0000] {dag.py:3239} INFO - Sync 1 DAGs
[2025-03-08T20:46:35.552+0000] {logging_mixin.py:190} INFO - [2025-03-08T20:46:35.552+0000] {dag.py:4180} INFO - Setting next_dagrun for example_complex to None, run_after=None
[2025-03-08T20:46:35.581+0000] {processor.py:208} INFO - Processing /home/airflow/.local/lib/python3.12/site-packages/airflow/example_dags/example_complex.py took 0.147 seconds
[2025-03-08T20:47:06.703+0000] {processor.py:186} INFO - Started process (PID=29166) to work on /home/airflow/.local/lib/python3.12/site-packages/airflow/example_dags/example_complex.py
[2025-03-08T20:47:06.704+0000] {processor.py:914} INFO - Processing file /home/airflow/.local/lib/python3.12/site-packages/airflow/example_dags/example_complex.py for tasks to queue
[2025-03-08T20:47:06.707+0000] {logging_mixin.py:190} INFO - [2025-03-08T20:47:06.707+0000] {dagbag.py:588} INFO - Filling up the DagBag from /home/airflow/.local/lib/python3.12/site-packages/airflow/example_dags/example_complex.py
[2025-03-08T20:47:06.727+0000] {processor.py:925} INFO - DAG(s) 'example_complex' retrieved from /home/airflow/.local/lib/python3.12/site-packages/airflow/example_dags/example_complex.py
[2025-03-08T20:47:06.781+0000] {logging_mixin.py:190} INFO - [2025-03-08T20:47:06.780+0000] {dag.py:3239} INFO - Sync 1 DAGs
[2025-03-08T20:47:06.804+0000] {logging_mixin.py:190} INFO - [2025-03-08T20:47:06.804+0000] {dag.py:4180} INFO - Setting next_dagrun for example_complex to None, run_after=None
[2025-03-08T20:47:06.836+0000] {processor.py:208} INFO - Processing /home/airflow/.local/lib/python3.12/site-packages/airflow/example_dags/example_complex.py took 0.142 seconds
[2025-03-08T20:47:37.606+0000] {processor.py:186} INFO - Started process (PID=29229) to work on /home/airflow/.local/lib/python3.12/site-packages/airflow/example_dags/example_complex.py
[2025-03-08T20:47:37.607+0000] {processor.py:914} INFO - Processing file /home/airflow/.local/lib/python3.12/site-packages/airflow/example_dags/example_complex.py for tasks to queue
[2025-03-08T20:47:37.610+0000] {logging_mixin.py:190} INFO - [2025-03-08T20:47:37.610+0000] {dagbag.py:588} INFO - Filling up the DagBag from /home/airflow/.local/lib/python3.12/site-packages/airflow/example_dags/example_complex.py
[2025-03-08T20:47:37.630+0000] {processor.py:925} INFO - DAG(s) 'example_complex' retrieved from /home/airflow/.local/lib/python3.12/site-packages/airflow/example_dags/example_complex.py
[2025-03-08T20:47:37.683+0000] {logging_mixin.py:190} INFO - [2025-03-08T20:47:37.682+0000] {dag.py:3239} INFO - Sync 1 DAGs
[2025-03-08T20:47:37.706+0000] {logging_mixin.py:190} INFO - [2025-03-08T20:47:37.706+0000] {dag.py:4180} INFO - Setting next_dagrun for example_complex to None, run_after=None
[2025-03-08T20:47:37.733+0000] {processor.py:208} INFO - Processing /home/airflow/.local/lib/python3.12/site-packages/airflow/example_dags/example_complex.py took 0.135 seconds
[2025-03-08T20:48:10.143+0000] {processor.py:186} INFO - Started process (PID=29292) to work on /home/airflow/.local/lib/python3.12/site-packages/airflow/example_dags/example_complex.py
[2025-03-08T20:48:10.144+0000] {processor.py:914} INFO - Processing file /home/airflow/.local/lib/python3.12/site-packages/airflow/example_dags/example_complex.py for tasks to queue
[2025-03-08T20:48:10.146+0000] {logging_mixin.py:190} INFO - [2025-03-08T20:48:10.146+0000] {dagbag.py:588} INFO - Filling up the DagBag from /home/airflow/.local/lib/python3.12/site-packages/airflow/example_dags/example_complex.py
[2025-03-08T20:48:10.166+0000] {processor.py:925} INFO - DAG(s) 'example_complex' retrieved from /home/airflow/.local/lib/python3.12/site-packages/airflow/example_dags/example_complex.py
[2025-03-08T20:48:10.218+0000] {logging_mixin.py:190} INFO - [2025-03-08T20:48:10.218+0000] {dag.py:3239} INFO - Sync 1 DAGs
[2025-03-08T20:48:10.242+0000] {logging_mixin.py:190} INFO - [2025-03-08T20:48:10.241+0000] {dag.py:4180} INFO - Setting next_dagrun for example_complex to None, run_after=None
[2025-03-08T20:48:10.273+0000] {processor.py:208} INFO - Processing /home/airflow/.local/lib/python3.12/site-packages/airflow/example_dags/example_complex.py took 0.138 seconds
[2025-03-08T20:48:41.223+0000] {processor.py:186} INFO - Started process (PID=29358) to work on /home/airflow/.local/lib/python3.12/site-packages/airflow/example_dags/example_complex.py
[2025-03-08T20:48:41.224+0000] {processor.py:914} INFO - Processing file /home/airflow/.local/lib/python3.12/site-packages/airflow/example_dags/example_complex.py for tasks to queue
[2025-03-08T20:48:41.227+0000] {logging_mixin.py:190} INFO - [2025-03-08T20:48:41.226+0000] {dagbag.py:588} INFO - Filling up the DagBag from /home/airflow/.local/lib/python3.12/site-packages/airflow/example_dags/example_complex.py
[2025-03-08T20:48:41.246+0000] {processor.py:925} INFO - DAG(s) 'example_complex' retrieved from /home/airflow/.local/lib/python3.12/site-packages/airflow/example_dags/example_complex.py
[2025-03-08T20:48:41.299+0000] {logging_mixin.py:190} INFO - [2025-03-08T20:48:41.298+0000] {dag.py:3239} INFO - Sync 1 DAGs
[2025-03-08T20:48:41.323+0000] {logging_mixin.py:190} INFO - [2025-03-08T20:48:41.322+0000] {dag.py:4180} INFO - Setting next_dagrun for example_complex to None, run_after=None
[2025-03-08T20:48:41.358+0000] {processor.py:208} INFO - Processing /home/airflow/.local/lib/python3.12/site-packages/airflow/example_dags/example_complex.py took 0.143 seconds
[2025-03-08T20:49:13.410+0000] {processor.py:186} INFO - Started process (PID=29430) to work on /home/airflow/.local/lib/python3.12/site-packages/airflow/example_dags/example_complex.py
[2025-03-08T20:49:13.411+0000] {processor.py:914} INFO - Processing file /home/airflow/.local/lib/python3.12/site-packages/airflow/example_dags/example_complex.py for tasks to queue
[2025-03-08T20:49:13.414+0000] {logging_mixin.py:190} INFO - [2025-03-08T20:49:13.413+0000] {dagbag.py:588} INFO - Filling up the DagBag from /home/airflow/.local/lib/python3.12/site-packages/airflow/example_dags/example_complex.py
[2025-03-08T20:49:13.437+0000] {processor.py:925} INFO - DAG(s) 'example_complex' retrieved from /home/airflow/.local/lib/python3.12/site-packages/airflow/example_dags/example_complex.py
[2025-03-08T20:49:13.490+0000] {logging_mixin.py:190} INFO - [2025-03-08T20:49:13.489+0000] {dag.py:3239} INFO - Sync 1 DAGs
[2025-03-08T20:49:13.514+0000] {logging_mixin.py:190} INFO - [2025-03-08T20:49:13.514+0000] {dag.py:4180} INFO - Setting next_dagrun for example_complex to None, run_after=None
[2025-03-08T20:49:13.543+0000] {processor.py:208} INFO - Processing /home/airflow/.local/lib/python3.12/site-packages/airflow/example_dags/example_complex.py took 0.142 seconds
[2025-03-08T20:49:45.143+0000] {processor.py:186} INFO - Started process (PID=29493) to work on /home/airflow/.local/lib/python3.12/site-packages/airflow/example_dags/example_complex.py
[2025-03-08T20:49:45.144+0000] {processor.py:914} INFO - Processing file /home/airflow/.local/lib/python3.12/site-packages/airflow/example_dags/example_complex.py for tasks to queue
[2025-03-08T20:49:45.147+0000] {logging_mixin.py:190} INFO - [2025-03-08T20:49:45.147+0000] {dagbag.py:588} INFO - Filling up the DagBag from /home/airflow/.local/lib/python3.12/site-packages/airflow/example_dags/example_complex.py
[2025-03-08T20:49:45.168+0000] {processor.py:925} INFO - DAG(s) 'example_complex' retrieved from /home/airflow/.local/lib/python3.12/site-packages/airflow/example_dags/example_complex.py
[2025-03-08T20:49:45.222+0000] {logging_mixin.py:190} INFO - [2025-03-08T20:49:45.221+0000] {dag.py:3239} INFO - Sync 1 DAGs
[2025-03-08T20:49:45.246+0000] {logging_mixin.py:190} INFO - [2025-03-08T20:49:45.246+0000] {dag.py:4180} INFO - Setting next_dagrun for example_complex to None, run_after=None
[2025-03-08T20:49:45.277+0000] {processor.py:208} INFO - Processing /home/airflow/.local/lib/python3.12/site-packages/airflow/example_dags/example_complex.py took 0.142 seconds
[2025-03-08T20:50:16.389+0000] {processor.py:186} INFO - Started process (PID=29556) to work on /home/airflow/.local/lib/python3.12/site-packages/airflow/example_dags/example_complex.py
[2025-03-08T20:50:16.390+0000] {processor.py:914} INFO - Processing file /home/airflow/.local/lib/python3.12/site-packages/airflow/example_dags/example_complex.py for tasks to queue
[2025-03-08T20:50:16.393+0000] {logging_mixin.py:190} INFO - [2025-03-08T20:50:16.392+0000] {dagbag.py:588} INFO - Filling up the DagBag from /home/airflow/.local/lib/python3.12/site-packages/airflow/example_dags/example_complex.py
[2025-03-08T20:50:16.412+0000] {processor.py:925} INFO - DAG(s) 'example_complex' retrieved from /home/airflow/.local/lib/python3.12/site-packages/airflow/example_dags/example_complex.py
[2025-03-08T20:50:16.464+0000] {logging_mixin.py:190} INFO - [2025-03-08T20:50:16.464+0000] {dag.py:3239} INFO - Sync 1 DAGs
[2025-03-08T20:50:16.487+0000] {logging_mixin.py:190} INFO - [2025-03-08T20:50:16.487+0000] {dag.py:4180} INFO - Setting next_dagrun for example_complex to None, run_after=None
[2025-03-08T20:50:16.526+0000] {processor.py:208} INFO - Processing /home/airflow/.local/lib/python3.12/site-packages/airflow/example_dags/example_complex.py took 0.145 seconds
[2025-03-08T20:50:47.844+0000] {processor.py:186} INFO - Started process (PID=29619) to work on /home/airflow/.local/lib/python3.12/site-packages/airflow/example_dags/example_complex.py
[2025-03-08T20:50:47.845+0000] {processor.py:914} INFO - Processing file /home/airflow/.local/lib/python3.12/site-packages/airflow/example_dags/example_complex.py for tasks to queue
[2025-03-08T20:50:47.848+0000] {logging_mixin.py:190} INFO - [2025-03-08T20:50:47.848+0000] {dagbag.py:588} INFO - Filling up the DagBag from /home/airflow/.local/lib/python3.12/site-packages/airflow/example_dags/example_complex.py
[2025-03-08T20:50:47.868+0000] {processor.py:925} INFO - DAG(s) 'example_complex' retrieved from /home/airflow/.local/lib/python3.12/site-packages/airflow/example_dags/example_complex.py
[2025-03-08T20:50:47.927+0000] {logging_mixin.py:190} INFO - [2025-03-08T20:50:47.926+0000] {dag.py:3239} INFO - Sync 1 DAGs
[2025-03-08T20:50:47.951+0000] {logging_mixin.py:190} INFO - [2025-03-08T20:50:47.950+0000] {dag.py:4180} INFO - Setting next_dagrun for example_complex to None, run_after=None
[2025-03-08T20:50:47.979+0000] {processor.py:208} INFO - Processing /home/airflow/.local/lib/python3.12/site-packages/airflow/example_dags/example_complex.py took 0.143 seconds
