[2025-03-08T19:36:21.286+0000] {processor.py:186} INFO - Started process (PID=24808) to work on /home/airflow/.local/lib/python3.12/site-packages/airflow/example_dags/example_display_name.py
[2025-03-08T19:36:21.288+0000] {processor.py:914} INFO - Processing file /home/airflow/.local/lib/python3.12/site-packages/airflow/example_dags/example_display_name.py for tasks to queue
[2025-03-08T19:36:21.293+0000] {logging_mixin.py:190} INFO - [2025-03-08T19:36:21.292+0000] {dagbag.py:588} INFO - Filling up the DagBag from /home/airflow/.local/lib/python3.12/site-packages/airflow/example_dags/example_display_name.py
[2025-03-08T19:36:21.309+0000] {processor.py:925} INFO - DAG(s) 'example_display_name' retrieved from /home/airflow/.local/lib/python3.12/site-packages/airflow/example_dags/example_display_name.py
[2025-03-08T19:36:21.354+0000] {logging_mixin.py:190} INFO - [2025-03-08T19:36:21.354+0000] {dag.py:3239} INFO - Sync 1 DAGs
[2025-03-08T19:36:21.397+0000] {logging_mixin.py:190} INFO - [2025-03-08T19:36:21.397+0000] {dag.py:4180} INFO - Setting next_dagrun for example_display_name to None, run_after=None
[2025-03-08T19:36:21.455+0000] {processor.py:208} INFO - Processing /home/airflow/.local/lib/python3.12/site-packages/airflow/example_dags/example_display_name.py took 0.211 seconds
[2025-03-08T19:36:56.096+0000] {processor.py:186} INFO - Started process (PID=24870) to work on /home/airflow/.local/lib/python3.12/site-packages/airflow/example_dags/example_display_name.py
[2025-03-08T19:36:56.098+0000] {processor.py:914} INFO - Processing file /home/airflow/.local/lib/python3.12/site-packages/airflow/example_dags/example_display_name.py for tasks to queue
[2025-03-08T19:36:56.103+0000] {logging_mixin.py:190} INFO - [2025-03-08T19:36:56.102+0000] {dagbag.py:588} INFO - Filling up the DagBag from /home/airflow/.local/lib/python3.12/site-packages/airflow/example_dags/example_display_name.py
[2025-03-08T19:36:56.120+0000] {processor.py:925} INFO - DAG(s) 'example_display_name' retrieved from /home/airflow/.local/lib/python3.12/site-packages/airflow/example_dags/example_display_name.py
[2025-03-08T19:36:56.210+0000] {logging_mixin.py:190} INFO - [2025-03-08T19:36:56.209+0000] {dag.py:3239} INFO - Sync 1 DAGs
[2025-03-08T19:36:56.249+0000] {logging_mixin.py:190} INFO - [2025-03-08T19:36:56.248+0000] {dag.py:4180} INFO - Setting next_dagrun for example_display_name to None, run_after=None
[2025-03-08T19:36:56.321+0000] {processor.py:208} INFO - Processing /home/airflow/.local/lib/python3.12/site-packages/airflow/example_dags/example_display_name.py took 0.242 seconds
[2025-03-08T19:37:29.095+0000] {processor.py:186} INFO - Started process (PID=24933) to work on /home/airflow/.local/lib/python3.12/site-packages/airflow/example_dags/example_display_name.py
[2025-03-08T19:37:29.097+0000] {processor.py:914} INFO - Processing file /home/airflow/.local/lib/python3.12/site-packages/airflow/example_dags/example_display_name.py for tasks to queue
[2025-03-08T19:37:29.103+0000] {logging_mixin.py:190} INFO - [2025-03-08T19:37:29.102+0000] {dagbag.py:588} INFO - Filling up the DagBag from /home/airflow/.local/lib/python3.12/site-packages/airflow/example_dags/example_display_name.py
[2025-03-08T19:37:29.122+0000] {processor.py:925} INFO - DAG(s) 'example_display_name' retrieved from /home/airflow/.local/lib/python3.12/site-packages/airflow/example_dags/example_display_name.py
[2025-03-08T19:37:29.188+0000] {logging_mixin.py:190} INFO - [2025-03-08T19:37:29.188+0000] {dag.py:3239} INFO - Sync 1 DAGs
[2025-03-08T19:37:29.227+0000] {logging_mixin.py:190} INFO - [2025-03-08T19:37:29.226+0000] {dag.py:4180} INFO - Setting next_dagrun for example_display_name to None, run_after=None
[2025-03-08T19:37:29.271+0000] {processor.py:208} INFO - Processing /home/airflow/.local/lib/python3.12/site-packages/airflow/example_dags/example_display_name.py took 0.193 seconds
[2025-03-08T19:38:00.292+0000] {processor.py:186} INFO - Started process (PID=24995) to work on /home/airflow/.local/lib/python3.12/site-packages/airflow/example_dags/example_display_name.py
[2025-03-08T19:38:00.300+0000] {processor.py:914} INFO - Processing file /home/airflow/.local/lib/python3.12/site-packages/airflow/example_dags/example_display_name.py for tasks to queue
[2025-03-08T19:38:00.305+0000] {logging_mixin.py:190} INFO - [2025-03-08T19:38:00.304+0000] {dagbag.py:588} INFO - Filling up the DagBag from /home/airflow/.local/lib/python3.12/site-packages/airflow/example_dags/example_display_name.py
[2025-03-08T19:38:00.320+0000] {processor.py:925} INFO - DAG(s) 'example_display_name' retrieved from /home/airflow/.local/lib/python3.12/site-packages/airflow/example_dags/example_display_name.py
[2025-03-08T19:38:00.360+0000] {logging_mixin.py:190} INFO - [2025-03-08T19:38:00.360+0000] {dag.py:3239} INFO - Sync 1 DAGs
[2025-03-08T19:38:00.401+0000] {logging_mixin.py:190} INFO - [2025-03-08T19:38:00.400+0000] {dag.py:4180} INFO - Setting next_dagrun for example_display_name to None, run_after=None
[2025-03-08T19:38:00.442+0000] {processor.py:208} INFO - Processing /home/airflow/.local/lib/python3.12/site-packages/airflow/example_dags/example_display_name.py took 0.163 seconds
[2025-03-08T19:38:30.888+0000] {processor.py:186} INFO - Started process (PID=25057) to work on /home/airflow/.local/lib/python3.12/site-packages/airflow/example_dags/example_display_name.py
[2025-03-08T19:38:30.897+0000] {processor.py:914} INFO - Processing file /home/airflow/.local/lib/python3.12/site-packages/airflow/example_dags/example_display_name.py for tasks to queue
[2025-03-08T19:38:30.903+0000] {logging_mixin.py:190} INFO - [2025-03-08T19:38:30.902+0000] {dagbag.py:588} INFO - Filling up the DagBag from /home/airflow/.local/lib/python3.12/site-packages/airflow/example_dags/example_display_name.py
[2025-03-08T19:38:30.937+0000] {processor.py:925} INFO - DAG(s) 'example_display_name' retrieved from /home/airflow/.local/lib/python3.12/site-packages/airflow/example_dags/example_display_name.py
[2025-03-08T19:38:30.998+0000] {logging_mixin.py:190} INFO - [2025-03-08T19:38:30.998+0000] {dag.py:3239} INFO - Sync 1 DAGs
[2025-03-08T19:38:31.043+0000] {logging_mixin.py:190} INFO - [2025-03-08T19:38:31.043+0000] {dag.py:4180} INFO - Setting next_dagrun for example_display_name to None, run_after=None
[2025-03-08T19:38:31.115+0000] {processor.py:208} INFO - Processing /home/airflow/.local/lib/python3.12/site-packages/airflow/example_dags/example_display_name.py took 0.253 seconds
[2025-03-08T19:39:01.666+0000] {processor.py:186} INFO - Started process (PID=25120) to work on /home/airflow/.local/lib/python3.12/site-packages/airflow/example_dags/example_display_name.py
[2025-03-08T19:39:01.668+0000] {processor.py:914} INFO - Processing file /home/airflow/.local/lib/python3.12/site-packages/airflow/example_dags/example_display_name.py for tasks to queue
[2025-03-08T19:39:01.673+0000] {logging_mixin.py:190} INFO - [2025-03-08T19:39:01.672+0000] {dagbag.py:588} INFO - Filling up the DagBag from /home/airflow/.local/lib/python3.12/site-packages/airflow/example_dags/example_display_name.py
[2025-03-08T19:39:01.688+0000] {processor.py:925} INFO - DAG(s) 'example_display_name' retrieved from /home/airflow/.local/lib/python3.12/site-packages/airflow/example_dags/example_display_name.py
[2025-03-08T19:39:01.729+0000] {logging_mixin.py:190} INFO - [2025-03-08T19:39:01.729+0000] {dag.py:3239} INFO - Sync 1 DAGs
[2025-03-08T19:39:01.766+0000] {logging_mixin.py:190} INFO - [2025-03-08T19:39:01.766+0000] {dag.py:4180} INFO - Setting next_dagrun for example_display_name to None, run_after=None
[2025-03-08T19:39:01.809+0000] {processor.py:208} INFO - Processing /home/airflow/.local/lib/python3.12/site-packages/airflow/example_dags/example_display_name.py took 0.158 seconds
[2025-03-08T19:39:32.829+0000] {processor.py:186} INFO - Started process (PID=25183) to work on /home/airflow/.local/lib/python3.12/site-packages/airflow/example_dags/example_display_name.py
[2025-03-08T19:39:32.831+0000] {processor.py:914} INFO - Processing file /home/airflow/.local/lib/python3.12/site-packages/airflow/example_dags/example_display_name.py for tasks to queue
[2025-03-08T19:39:32.834+0000] {logging_mixin.py:190} INFO - [2025-03-08T19:39:32.834+0000] {dagbag.py:588} INFO - Filling up the DagBag from /home/airflow/.local/lib/python3.12/site-packages/airflow/example_dags/example_display_name.py
[2025-03-08T19:39:32.846+0000] {processor.py:925} INFO - DAG(s) 'example_display_name' retrieved from /home/airflow/.local/lib/python3.12/site-packages/airflow/example_dags/example_display_name.py
[2025-03-08T19:39:32.883+0000] {logging_mixin.py:190} INFO - [2025-03-08T19:39:32.883+0000] {dag.py:3239} INFO - Sync 1 DAGs
[2025-03-08T19:39:32.911+0000] {logging_mixin.py:190} INFO - [2025-03-08T19:39:32.911+0000] {dag.py:4180} INFO - Setting next_dagrun for example_display_name to None, run_after=None
[2025-03-08T19:39:32.953+0000] {processor.py:208} INFO - Processing /home/airflow/.local/lib/python3.12/site-packages/airflow/example_dags/example_display_name.py took 0.131 seconds
[2025-03-08T19:40:04.447+0000] {processor.py:186} INFO - Started process (PID=25246) to work on /home/airflow/.local/lib/python3.12/site-packages/airflow/example_dags/example_display_name.py
[2025-03-08T19:40:04.448+0000] {processor.py:914} INFO - Processing file /home/airflow/.local/lib/python3.12/site-packages/airflow/example_dags/example_display_name.py for tasks to queue
[2025-03-08T19:40:04.454+0000] {logging_mixin.py:190} INFO - [2025-03-08T19:40:04.452+0000] {dagbag.py:588} INFO - Filling up the DagBag from /home/airflow/.local/lib/python3.12/site-packages/airflow/example_dags/example_display_name.py
[2025-03-08T19:40:04.467+0000] {processor.py:925} INFO - DAG(s) 'example_display_name' retrieved from /home/airflow/.local/lib/python3.12/site-packages/airflow/example_dags/example_display_name.py
[2025-03-08T19:40:04.505+0000] {logging_mixin.py:190} INFO - [2025-03-08T19:40:04.505+0000] {dag.py:3239} INFO - Sync 1 DAGs
[2025-03-08T19:40:04.537+0000] {logging_mixin.py:190} INFO - [2025-03-08T19:40:04.537+0000] {dag.py:4180} INFO - Setting next_dagrun for example_display_name to None, run_after=None
[2025-03-08T19:40:04.578+0000] {processor.py:208} INFO - Processing /home/airflow/.local/lib/python3.12/site-packages/airflow/example_dags/example_display_name.py took 0.143 seconds
[2025-03-08T19:40:35.583+0000] {processor.py:186} INFO - Started process (PID=25309) to work on /home/airflow/.local/lib/python3.12/site-packages/airflow/example_dags/example_display_name.py
[2025-03-08T19:40:35.585+0000] {processor.py:914} INFO - Processing file /home/airflow/.local/lib/python3.12/site-packages/airflow/example_dags/example_display_name.py for tasks to queue
[2025-03-08T19:40:35.589+0000] {logging_mixin.py:190} INFO - [2025-03-08T19:40:35.588+0000] {dagbag.py:588} INFO - Filling up the DagBag from /home/airflow/.local/lib/python3.12/site-packages/airflow/example_dags/example_display_name.py
[2025-03-08T19:40:35.605+0000] {processor.py:925} INFO - DAG(s) 'example_display_name' retrieved from /home/airflow/.local/lib/python3.12/site-packages/airflow/example_dags/example_display_name.py
[2025-03-08T19:40:35.644+0000] {logging_mixin.py:190} INFO - [2025-03-08T19:40:35.643+0000] {dag.py:3239} INFO - Sync 1 DAGs
[2025-03-08T19:40:35.681+0000] {logging_mixin.py:190} INFO - [2025-03-08T19:40:35.681+0000] {dag.py:4180} INFO - Setting next_dagrun for example_display_name to None, run_after=None
[2025-03-08T19:40:35.719+0000] {processor.py:208} INFO - Processing /home/airflow/.local/lib/python3.12/site-packages/airflow/example_dags/example_display_name.py took 0.148 seconds
[2025-03-08T19:41:06.939+0000] {processor.py:186} INFO - Started process (PID=25373) to work on /home/airflow/.local/lib/python3.12/site-packages/airflow/example_dags/example_display_name.py
[2025-03-08T19:41:06.941+0000] {processor.py:914} INFO - Processing file /home/airflow/.local/lib/python3.12/site-packages/airflow/example_dags/example_display_name.py for tasks to queue
[2025-03-08T19:41:06.945+0000] {logging_mixin.py:190} INFO - [2025-03-08T19:41:06.944+0000] {dagbag.py:588} INFO - Filling up the DagBag from /home/airflow/.local/lib/python3.12/site-packages/airflow/example_dags/example_display_name.py
[2025-03-08T19:41:06.962+0000] {processor.py:925} INFO - DAG(s) 'example_display_name' retrieved from /home/airflow/.local/lib/python3.12/site-packages/airflow/example_dags/example_display_name.py
[2025-03-08T19:41:07.001+0000] {logging_mixin.py:190} INFO - [2025-03-08T19:41:07.000+0000] {dag.py:3239} INFO - Sync 1 DAGs
[2025-03-08T19:41:07.031+0000] {logging_mixin.py:190} INFO - [2025-03-08T19:41:07.031+0000] {dag.py:4180} INFO - Setting next_dagrun for example_display_name to None, run_after=None
[2025-03-08T19:41:07.071+0000] {processor.py:208} INFO - Processing /home/airflow/.local/lib/python3.12/site-packages/airflow/example_dags/example_display_name.py took 0.153 seconds
[2025-03-08T19:41:38.654+0000] {processor.py:186} INFO - Started process (PID=25436) to work on /home/airflow/.local/lib/python3.12/site-packages/airflow/example_dags/example_display_name.py
[2025-03-08T19:41:38.655+0000] {processor.py:914} INFO - Processing file /home/airflow/.local/lib/python3.12/site-packages/airflow/example_dags/example_display_name.py for tasks to queue
[2025-03-08T19:41:38.660+0000] {logging_mixin.py:190} INFO - [2025-03-08T19:41:38.659+0000] {dagbag.py:588} INFO - Filling up the DagBag from /home/airflow/.local/lib/python3.12/site-packages/airflow/example_dags/example_display_name.py
[2025-03-08T19:41:38.675+0000] {processor.py:925} INFO - DAG(s) 'example_display_name' retrieved from /home/airflow/.local/lib/python3.12/site-packages/airflow/example_dags/example_display_name.py
[2025-03-08T19:41:38.713+0000] {logging_mixin.py:190} INFO - [2025-03-08T19:41:38.712+0000] {dag.py:3239} INFO - Sync 1 DAGs
[2025-03-08T19:41:38.750+0000] {logging_mixin.py:190} INFO - [2025-03-08T19:41:38.750+0000] {dag.py:4180} INFO - Setting next_dagrun for example_display_name to None, run_after=None
[2025-03-08T19:41:38.786+0000] {processor.py:208} INFO - Processing /home/airflow/.local/lib/python3.12/site-packages/airflow/example_dags/example_display_name.py took 0.144 seconds
[2025-03-08T19:42:11.085+0000] {processor.py:186} INFO - Started process (PID=25504) to work on /home/airflow/.local/lib/python3.12/site-packages/airflow/example_dags/example_display_name.py
[2025-03-08T19:42:11.087+0000] {processor.py:914} INFO - Processing file /home/airflow/.local/lib/python3.12/site-packages/airflow/example_dags/example_display_name.py for tasks to queue
[2025-03-08T19:42:11.091+0000] {logging_mixin.py:190} INFO - [2025-03-08T19:42:11.090+0000] {dagbag.py:588} INFO - Filling up the DagBag from /home/airflow/.local/lib/python3.12/site-packages/airflow/example_dags/example_display_name.py
[2025-03-08T19:42:11.106+0000] {processor.py:925} INFO - DAG(s) 'example_display_name' retrieved from /home/airflow/.local/lib/python3.12/site-packages/airflow/example_dags/example_display_name.py
[2025-03-08T19:42:11.143+0000] {logging_mixin.py:190} INFO - [2025-03-08T19:42:11.142+0000] {dag.py:3239} INFO - Sync 1 DAGs
[2025-03-08T19:42:11.178+0000] {logging_mixin.py:190} INFO - [2025-03-08T19:42:11.178+0000] {dag.py:4180} INFO - Setting next_dagrun for example_display_name to None, run_after=None
[2025-03-08T19:42:11.217+0000] {processor.py:208} INFO - Processing /home/airflow/.local/lib/python3.12/site-packages/airflow/example_dags/example_display_name.py took 0.144 seconds
[2025-03-08T19:42:42.258+0000] {processor.py:186} INFO - Started process (PID=25567) to work on /home/airflow/.local/lib/python3.12/site-packages/airflow/example_dags/example_display_name.py
[2025-03-08T19:42:42.259+0000] {processor.py:914} INFO - Processing file /home/airflow/.local/lib/python3.12/site-packages/airflow/example_dags/example_display_name.py for tasks to queue
[2025-03-08T19:42:42.262+0000] {logging_mixin.py:190} INFO - [2025-03-08T19:42:42.262+0000] {dagbag.py:588} INFO - Filling up the DagBag from /home/airflow/.local/lib/python3.12/site-packages/airflow/example_dags/example_display_name.py
[2025-03-08T19:42:42.277+0000] {processor.py:925} INFO - DAG(s) 'example_display_name' retrieved from /home/airflow/.local/lib/python3.12/site-packages/airflow/example_dags/example_display_name.py
[2025-03-08T19:42:42.310+0000] {logging_mixin.py:190} INFO - [2025-03-08T19:42:42.310+0000] {dag.py:3239} INFO - Sync 1 DAGs
[2025-03-08T19:42:42.347+0000] {logging_mixin.py:190} INFO - [2025-03-08T19:42:42.346+0000] {dag.py:4180} INFO - Setting next_dagrun for example_display_name to None, run_after=None
[2025-03-08T19:42:42.385+0000] {processor.py:208} INFO - Processing /home/airflow/.local/lib/python3.12/site-packages/airflow/example_dags/example_display_name.py took 0.137 seconds
[2025-03-08T19:43:14.178+0000] {processor.py:186} INFO - Started process (PID=25630) to work on /home/airflow/.local/lib/python3.12/site-packages/airflow/example_dags/example_display_name.py
[2025-03-08T19:43:14.180+0000] {processor.py:914} INFO - Processing file /home/airflow/.local/lib/python3.12/site-packages/airflow/example_dags/example_display_name.py for tasks to queue
[2025-03-08T19:43:14.184+0000] {logging_mixin.py:190} INFO - [2025-03-08T19:43:14.183+0000] {dagbag.py:588} INFO - Filling up the DagBag from /home/airflow/.local/lib/python3.12/site-packages/airflow/example_dags/example_display_name.py
[2025-03-08T19:43:14.202+0000] {processor.py:925} INFO - DAG(s) 'example_display_name' retrieved from /home/airflow/.local/lib/python3.12/site-packages/airflow/example_dags/example_display_name.py
[2025-03-08T19:43:14.244+0000] {logging_mixin.py:190} INFO - [2025-03-08T19:43:14.244+0000] {dag.py:3239} INFO - Sync 1 DAGs
[2025-03-08T19:43:14.282+0000] {logging_mixin.py:190} INFO - [2025-03-08T19:43:14.281+0000] {dag.py:4180} INFO - Setting next_dagrun for example_display_name to None, run_after=None
[2025-03-08T19:43:14.326+0000] {processor.py:208} INFO - Processing /home/airflow/.local/lib/python3.12/site-packages/airflow/example_dags/example_display_name.py took 0.163 seconds
[2025-03-08T19:43:45.742+0000] {processor.py:186} INFO - Started process (PID=25693) to work on /home/airflow/.local/lib/python3.12/site-packages/airflow/example_dags/example_display_name.py
[2025-03-08T19:43:45.743+0000] {processor.py:914} INFO - Processing file /home/airflow/.local/lib/python3.12/site-packages/airflow/example_dags/example_display_name.py for tasks to queue
[2025-03-08T19:43:45.748+0000] {logging_mixin.py:190} INFO - [2025-03-08T19:43:45.747+0000] {dagbag.py:588} INFO - Filling up the DagBag from /home/airflow/.local/lib/python3.12/site-packages/airflow/example_dags/example_display_name.py
[2025-03-08T19:43:45.763+0000] {processor.py:925} INFO - DAG(s) 'example_display_name' retrieved from /home/airflow/.local/lib/python3.12/site-packages/airflow/example_dags/example_display_name.py
[2025-03-08T19:43:45.792+0000] {logging_mixin.py:190} INFO - [2025-03-08T19:43:45.791+0000] {dag.py:3239} INFO - Sync 1 DAGs
[2025-03-08T19:43:45.828+0000] {logging_mixin.py:190} INFO - [2025-03-08T19:43:45.827+0000] {dag.py:4180} INFO - Setting next_dagrun for example_display_name to None, run_after=None
[2025-03-08T19:43:45.865+0000] {processor.py:208} INFO - Processing /home/airflow/.local/lib/python3.12/site-packages/airflow/example_dags/example_display_name.py took 0.136 seconds
[2025-03-08T19:44:19.357+0000] {processor.py:186} INFO - Started process (PID=25764) to work on /home/airflow/.local/lib/python3.12/site-packages/airflow/example_dags/example_display_name.py
[2025-03-08T19:44:19.359+0000] {processor.py:914} INFO - Processing file /home/airflow/.local/lib/python3.12/site-packages/airflow/example_dags/example_display_name.py for tasks to queue
[2025-03-08T19:44:19.363+0000] {logging_mixin.py:190} INFO - [2025-03-08T19:44:19.362+0000] {dagbag.py:588} INFO - Filling up the DagBag from /home/airflow/.local/lib/python3.12/site-packages/airflow/example_dags/example_display_name.py
[2025-03-08T19:44:19.378+0000] {processor.py:925} INFO - DAG(s) 'example_display_name' retrieved from /home/airflow/.local/lib/python3.12/site-packages/airflow/example_dags/example_display_name.py
[2025-03-08T19:44:19.417+0000] {logging_mixin.py:190} INFO - [2025-03-08T19:44:19.416+0000] {dag.py:3239} INFO - Sync 1 DAGs
[2025-03-08T19:44:19.454+0000] {logging_mixin.py:190} INFO - [2025-03-08T19:44:19.453+0000] {dag.py:4180} INFO - Setting next_dagrun for example_display_name to None, run_after=None
[2025-03-08T19:44:19.494+0000] {processor.py:208} INFO - Processing /home/airflow/.local/lib/python3.12/site-packages/airflow/example_dags/example_display_name.py took 0.148 seconds
[2025-03-08T19:44:52.339+0000] {processor.py:186} INFO - Started process (PID=25834) to work on /home/airflow/.local/lib/python3.12/site-packages/airflow/example_dags/example_display_name.py
[2025-03-08T19:44:52.340+0000] {processor.py:914} INFO - Processing file /home/airflow/.local/lib/python3.12/site-packages/airflow/example_dags/example_display_name.py for tasks to queue
[2025-03-08T19:44:52.344+0000] {logging_mixin.py:190} INFO - [2025-03-08T19:44:52.343+0000] {dagbag.py:588} INFO - Filling up the DagBag from /home/airflow/.local/lib/python3.12/site-packages/airflow/example_dags/example_display_name.py
[2025-03-08T19:44:52.358+0000] {processor.py:925} INFO - DAG(s) 'example_display_name' retrieved from /home/airflow/.local/lib/python3.12/site-packages/airflow/example_dags/example_display_name.py
[2025-03-08T19:44:52.393+0000] {logging_mixin.py:190} INFO - [2025-03-08T19:44:52.393+0000] {dag.py:3239} INFO - Sync 1 DAGs
[2025-03-08T19:44:52.426+0000] {logging_mixin.py:190} INFO - [2025-03-08T19:44:52.426+0000] {dag.py:4180} INFO - Setting next_dagrun for example_display_name to None, run_after=None
[2025-03-08T19:44:52.459+0000] {processor.py:208} INFO - Processing /home/airflow/.local/lib/python3.12/site-packages/airflow/example_dags/example_display_name.py took 0.129 seconds
[2025-03-08T19:45:22.658+0000] {processor.py:186} INFO - Started process (PID=25897) to work on /home/airflow/.local/lib/python3.12/site-packages/airflow/example_dags/example_display_name.py
[2025-03-08T19:45:22.659+0000] {processor.py:914} INFO - Processing file /home/airflow/.local/lib/python3.12/site-packages/airflow/example_dags/example_display_name.py for tasks to queue
[2025-03-08T19:45:22.663+0000] {logging_mixin.py:190} INFO - [2025-03-08T19:45:22.662+0000] {dagbag.py:588} INFO - Filling up the DagBag from /home/airflow/.local/lib/python3.12/site-packages/airflow/example_dags/example_display_name.py
[2025-03-08T19:45:22.678+0000] {processor.py:925} INFO - DAG(s) 'example_display_name' retrieved from /home/airflow/.local/lib/python3.12/site-packages/airflow/example_dags/example_display_name.py
[2025-03-08T19:45:22.712+0000] {logging_mixin.py:190} INFO - [2025-03-08T19:45:22.711+0000] {dag.py:3239} INFO - Sync 1 DAGs
[2025-03-08T19:45:22.747+0000] {logging_mixin.py:190} INFO - [2025-03-08T19:45:22.747+0000] {dag.py:4180} INFO - Setting next_dagrun for example_display_name to None, run_after=None
[2025-03-08T19:45:22.786+0000] {processor.py:208} INFO - Processing /home/airflow/.local/lib/python3.12/site-packages/airflow/example_dags/example_display_name.py took 0.140 seconds
[2025-03-08T19:45:54.155+0000] {processor.py:186} INFO - Started process (PID=25960) to work on /home/airflow/.local/lib/python3.12/site-packages/airflow/example_dags/example_display_name.py
[2025-03-08T19:45:54.156+0000] {processor.py:914} INFO - Processing file /home/airflow/.local/lib/python3.12/site-packages/airflow/example_dags/example_display_name.py for tasks to queue
[2025-03-08T19:45:54.159+0000] {logging_mixin.py:190} INFO - [2025-03-08T19:45:54.159+0000] {dagbag.py:588} INFO - Filling up the DagBag from /home/airflow/.local/lib/python3.12/site-packages/airflow/example_dags/example_display_name.py
[2025-03-08T19:45:54.173+0000] {processor.py:925} INFO - DAG(s) 'example_display_name' retrieved from /home/airflow/.local/lib/python3.12/site-packages/airflow/example_dags/example_display_name.py
[2025-03-08T19:45:54.209+0000] {logging_mixin.py:190} INFO - [2025-03-08T19:45:54.209+0000] {dag.py:3239} INFO - Sync 1 DAGs
[2025-03-08T19:45:54.242+0000] {logging_mixin.py:190} INFO - [2025-03-08T19:45:54.241+0000] {dag.py:4180} INFO - Setting next_dagrun for example_display_name to None, run_after=None
[2025-03-08T19:45:54.280+0000] {processor.py:208} INFO - Processing /home/airflow/.local/lib/python3.12/site-packages/airflow/example_dags/example_display_name.py took 0.135 seconds
[2025-03-08T19:46:26.711+0000] {processor.py:186} INFO - Started process (PID=26026) to work on /home/airflow/.local/lib/python3.12/site-packages/airflow/example_dags/example_display_name.py
[2025-03-08T19:46:26.712+0000] {processor.py:914} INFO - Processing file /home/airflow/.local/lib/python3.12/site-packages/airflow/example_dags/example_display_name.py for tasks to queue
[2025-03-08T19:46:26.717+0000] {logging_mixin.py:190} INFO - [2025-03-08T19:46:26.716+0000] {dagbag.py:588} INFO - Filling up the DagBag from /home/airflow/.local/lib/python3.12/site-packages/airflow/example_dags/example_display_name.py
[2025-03-08T19:46:26.730+0000] {processor.py:925} INFO - DAG(s) 'example_display_name' retrieved from /home/airflow/.local/lib/python3.12/site-packages/airflow/example_dags/example_display_name.py
[2025-03-08T19:46:26.756+0000] {logging_mixin.py:190} INFO - [2025-03-08T19:46:26.756+0000] {dag.py:3239} INFO - Sync 1 DAGs
[2025-03-08T19:46:26.780+0000] {logging_mixin.py:190} INFO - [2025-03-08T19:46:26.780+0000] {dag.py:4180} INFO - Setting next_dagrun for example_display_name to None, run_after=None
[2025-03-08T19:46:26.807+0000] {processor.py:208} INFO - Processing /home/airflow/.local/lib/python3.12/site-packages/airflow/example_dags/example_display_name.py took 0.107 seconds
[2025-03-08T19:46:57.900+0000] {processor.py:186} INFO - Started process (PID=26089) to work on /home/airflow/.local/lib/python3.12/site-packages/airflow/example_dags/example_display_name.py
[2025-03-08T19:46:57.901+0000] {processor.py:914} INFO - Processing file /home/airflow/.local/lib/python3.12/site-packages/airflow/example_dags/example_display_name.py for tasks to queue
[2025-03-08T19:46:57.904+0000] {logging_mixin.py:190} INFO - [2025-03-08T19:46:57.904+0000] {dagbag.py:588} INFO - Filling up the DagBag from /home/airflow/.local/lib/python3.12/site-packages/airflow/example_dags/example_display_name.py
[2025-03-08T19:46:57.917+0000] {processor.py:925} INFO - DAG(s) 'example_display_name' retrieved from /home/airflow/.local/lib/python3.12/site-packages/airflow/example_dags/example_display_name.py
[2025-03-08T19:46:57.948+0000] {logging_mixin.py:190} INFO - [2025-03-08T19:46:57.948+0000] {dag.py:3239} INFO - Sync 1 DAGs
[2025-03-08T19:46:57.972+0000] {logging_mixin.py:190} INFO - [2025-03-08T19:46:57.971+0000] {dag.py:4180} INFO - Setting next_dagrun for example_display_name to None, run_after=None
[2025-03-08T19:46:57.998+0000] {processor.py:208} INFO - Processing /home/airflow/.local/lib/python3.12/site-packages/airflow/example_dags/example_display_name.py took 0.106 seconds
[2025-03-08T19:47:29.150+0000] {processor.py:186} INFO - Started process (PID=26153) to work on /home/airflow/.local/lib/python3.12/site-packages/airflow/example_dags/example_display_name.py
[2025-03-08T19:47:29.151+0000] {processor.py:914} INFO - Processing file /home/airflow/.local/lib/python3.12/site-packages/airflow/example_dags/example_display_name.py for tasks to queue
[2025-03-08T19:47:29.154+0000] {logging_mixin.py:190} INFO - [2025-03-08T19:47:29.154+0000] {dagbag.py:588} INFO - Filling up the DagBag from /home/airflow/.local/lib/python3.12/site-packages/airflow/example_dags/example_display_name.py
[2025-03-08T19:47:29.165+0000] {processor.py:925} INFO - DAG(s) 'example_display_name' retrieved from /home/airflow/.local/lib/python3.12/site-packages/airflow/example_dags/example_display_name.py
[2025-03-08T19:47:29.195+0000] {logging_mixin.py:190} INFO - [2025-03-08T19:47:29.194+0000] {dag.py:3239} INFO - Sync 1 DAGs
[2025-03-08T19:47:29.218+0000] {logging_mixin.py:190} INFO - [2025-03-08T19:47:29.217+0000] {dag.py:4180} INFO - Setting next_dagrun for example_display_name to None, run_after=None
[2025-03-08T19:47:29.245+0000] {processor.py:208} INFO - Processing /home/airflow/.local/lib/python3.12/site-packages/airflow/example_dags/example_display_name.py took 0.102 seconds
[2025-03-08T19:48:00.946+0000] {processor.py:186} INFO - Started process (PID=26218) to work on /home/airflow/.local/lib/python3.12/site-packages/airflow/example_dags/example_display_name.py
[2025-03-08T19:48:00.947+0000] {processor.py:914} INFO - Processing file /home/airflow/.local/lib/python3.12/site-packages/airflow/example_dags/example_display_name.py for tasks to queue
[2025-03-08T19:48:00.950+0000] {logging_mixin.py:190} INFO - [2025-03-08T19:48:00.950+0000] {dagbag.py:588} INFO - Filling up the DagBag from /home/airflow/.local/lib/python3.12/site-packages/airflow/example_dags/example_display_name.py
[2025-03-08T19:48:00.961+0000] {processor.py:925} INFO - DAG(s) 'example_display_name' retrieved from /home/airflow/.local/lib/python3.12/site-packages/airflow/example_dags/example_display_name.py
[2025-03-08T19:48:00.990+0000] {logging_mixin.py:190} INFO - [2025-03-08T19:48:00.989+0000] {dag.py:3239} INFO - Sync 1 DAGs
[2025-03-08T19:48:01.017+0000] {logging_mixin.py:190} INFO - [2025-03-08T19:48:01.016+0000] {dag.py:4180} INFO - Setting next_dagrun for example_display_name to None, run_after=None
[2025-03-08T19:48:01.045+0000] {processor.py:208} INFO - Processing /home/airflow/.local/lib/python3.12/site-packages/airflow/example_dags/example_display_name.py took 0.107 seconds
[2025-03-08T19:48:33.070+0000] {processor.py:186} INFO - Started process (PID=26281) to work on /home/airflow/.local/lib/python3.12/site-packages/airflow/example_dags/example_display_name.py
[2025-03-08T19:48:33.071+0000] {processor.py:914} INFO - Processing file /home/airflow/.local/lib/python3.12/site-packages/airflow/example_dags/example_display_name.py for tasks to queue
[2025-03-08T19:48:33.074+0000] {logging_mixin.py:190} INFO - [2025-03-08T19:48:33.074+0000] {dagbag.py:588} INFO - Filling up the DagBag from /home/airflow/.local/lib/python3.12/site-packages/airflow/example_dags/example_display_name.py
[2025-03-08T19:48:33.085+0000] {processor.py:925} INFO - DAG(s) 'example_display_name' retrieved from /home/airflow/.local/lib/python3.12/site-packages/airflow/example_dags/example_display_name.py
[2025-03-08T19:48:33.112+0000] {logging_mixin.py:190} INFO - [2025-03-08T19:48:33.111+0000] {dag.py:3239} INFO - Sync 1 DAGs
[2025-03-08T19:48:33.136+0000] {logging_mixin.py:190} INFO - [2025-03-08T19:48:33.135+0000] {dag.py:4180} INFO - Setting next_dagrun for example_display_name to None, run_after=None
[2025-03-08T19:48:33.164+0000] {processor.py:208} INFO - Processing /home/airflow/.local/lib/python3.12/site-packages/airflow/example_dags/example_display_name.py took 0.103 seconds
[2025-03-08T19:49:04.179+0000] {processor.py:186} INFO - Started process (PID=26344) to work on /home/airflow/.local/lib/python3.12/site-packages/airflow/example_dags/example_display_name.py
[2025-03-08T19:49:04.180+0000] {processor.py:914} INFO - Processing file /home/airflow/.local/lib/python3.12/site-packages/airflow/example_dags/example_display_name.py for tasks to queue
[2025-03-08T19:49:04.183+0000] {logging_mixin.py:190} INFO - [2025-03-08T19:49:04.182+0000] {dagbag.py:588} INFO - Filling up the DagBag from /home/airflow/.local/lib/python3.12/site-packages/airflow/example_dags/example_display_name.py
[2025-03-08T19:49:04.194+0000] {processor.py:925} INFO - DAG(s) 'example_display_name' retrieved from /home/airflow/.local/lib/python3.12/site-packages/airflow/example_dags/example_display_name.py
[2025-03-08T19:49:04.222+0000] {logging_mixin.py:190} INFO - [2025-03-08T19:49:04.222+0000] {dag.py:3239} INFO - Sync 1 DAGs
[2025-03-08T19:49:04.246+0000] {logging_mixin.py:190} INFO - [2025-03-08T19:49:04.245+0000] {dag.py:4180} INFO - Setting next_dagrun for example_display_name to None, run_after=None
[2025-03-08T19:49:04.273+0000] {processor.py:208} INFO - Processing /home/airflow/.local/lib/python3.12/site-packages/airflow/example_dags/example_display_name.py took 0.102 seconds
[2025-03-08T19:49:35.433+0000] {processor.py:186} INFO - Started process (PID=26407) to work on /home/airflow/.local/lib/python3.12/site-packages/airflow/example_dags/example_display_name.py
[2025-03-08T19:49:35.434+0000] {processor.py:914} INFO - Processing file /home/airflow/.local/lib/python3.12/site-packages/airflow/example_dags/example_display_name.py for tasks to queue
[2025-03-08T19:49:35.437+0000] {logging_mixin.py:190} INFO - [2025-03-08T19:49:35.436+0000] {dagbag.py:588} INFO - Filling up the DagBag from /home/airflow/.local/lib/python3.12/site-packages/airflow/example_dags/example_display_name.py
[2025-03-08T19:49:35.448+0000] {processor.py:925} INFO - DAG(s) 'example_display_name' retrieved from /home/airflow/.local/lib/python3.12/site-packages/airflow/example_dags/example_display_name.py
[2025-03-08T19:49:35.475+0000] {logging_mixin.py:190} INFO - [2025-03-08T19:49:35.475+0000] {dag.py:3239} INFO - Sync 1 DAGs
[2025-03-08T19:49:35.500+0000] {logging_mixin.py:190} INFO - [2025-03-08T19:49:35.499+0000] {dag.py:4180} INFO - Setting next_dagrun for example_display_name to None, run_after=None
[2025-03-08T19:49:35.534+0000] {processor.py:208} INFO - Processing /home/airflow/.local/lib/python3.12/site-packages/airflow/example_dags/example_display_name.py took 0.110 seconds
[2025-03-08T19:50:06.657+0000] {processor.py:186} INFO - Started process (PID=26469) to work on /home/airflow/.local/lib/python3.12/site-packages/airflow/example_dags/example_display_name.py
[2025-03-08T19:50:06.658+0000] {processor.py:914} INFO - Processing file /home/airflow/.local/lib/python3.12/site-packages/airflow/example_dags/example_display_name.py for tasks to queue
[2025-03-08T19:50:06.661+0000] {logging_mixin.py:190} INFO - [2025-03-08T19:50:06.661+0000] {dagbag.py:588} INFO - Filling up the DagBag from /home/airflow/.local/lib/python3.12/site-packages/airflow/example_dags/example_display_name.py
[2025-03-08T19:50:06.672+0000] {processor.py:925} INFO - DAG(s) 'example_display_name' retrieved from /home/airflow/.local/lib/python3.12/site-packages/airflow/example_dags/example_display_name.py
[2025-03-08T19:50:06.703+0000] {logging_mixin.py:190} INFO - [2025-03-08T19:50:06.702+0000] {dag.py:3239} INFO - Sync 1 DAGs
[2025-03-08T19:50:06.731+0000] {logging_mixin.py:190} INFO - [2025-03-08T19:50:06.730+0000] {dag.py:4180} INFO - Setting next_dagrun for example_display_name to None, run_after=None
[2025-03-08T19:50:06.765+0000] {processor.py:208} INFO - Processing /home/airflow/.local/lib/python3.12/site-packages/airflow/example_dags/example_display_name.py took 0.116 seconds
[2025-03-08T19:50:38.349+0000] {processor.py:186} INFO - Started process (PID=26535) to work on /home/airflow/.local/lib/python3.12/site-packages/airflow/example_dags/example_display_name.py
[2025-03-08T19:50:38.350+0000] {processor.py:914} INFO - Processing file /home/airflow/.local/lib/python3.12/site-packages/airflow/example_dags/example_display_name.py for tasks to queue
[2025-03-08T19:50:38.353+0000] {logging_mixin.py:190} INFO - [2025-03-08T19:50:38.353+0000] {dagbag.py:588} INFO - Filling up the DagBag from /home/airflow/.local/lib/python3.12/site-packages/airflow/example_dags/example_display_name.py
[2025-03-08T19:50:38.364+0000] {processor.py:925} INFO - DAG(s) 'example_display_name' retrieved from /home/airflow/.local/lib/python3.12/site-packages/airflow/example_dags/example_display_name.py
[2025-03-08T19:50:38.392+0000] {logging_mixin.py:190} INFO - [2025-03-08T19:50:38.391+0000] {dag.py:3239} INFO - Sync 1 DAGs
[2025-03-08T19:50:38.415+0000] {logging_mixin.py:190} INFO - [2025-03-08T19:50:38.415+0000] {dag.py:4180} INFO - Setting next_dagrun for example_display_name to None, run_after=None
[2025-03-08T19:50:38.444+0000] {processor.py:208} INFO - Processing /home/airflow/.local/lib/python3.12/site-packages/airflow/example_dags/example_display_name.py took 0.103 seconds
[2025-03-08T19:51:09.932+0000] {processor.py:186} INFO - Started process (PID=26598) to work on /home/airflow/.local/lib/python3.12/site-packages/airflow/example_dags/example_display_name.py
[2025-03-08T19:51:09.933+0000] {processor.py:914} INFO - Processing file /home/airflow/.local/lib/python3.12/site-packages/airflow/example_dags/example_display_name.py for tasks to queue
[2025-03-08T19:51:09.936+0000] {logging_mixin.py:190} INFO - [2025-03-08T19:51:09.936+0000] {dagbag.py:588} INFO - Filling up the DagBag from /home/airflow/.local/lib/python3.12/site-packages/airflow/example_dags/example_display_name.py
[2025-03-08T19:51:09.947+0000] {processor.py:925} INFO - DAG(s) 'example_display_name' retrieved from /home/airflow/.local/lib/python3.12/site-packages/airflow/example_dags/example_display_name.py
[2025-03-08T19:51:09.980+0000] {logging_mixin.py:190} INFO - [2025-03-08T19:51:09.979+0000] {dag.py:3239} INFO - Sync 1 DAGs
[2025-03-08T19:51:10.005+0000] {logging_mixin.py:190} INFO - [2025-03-08T19:51:10.004+0000] {dag.py:4180} INFO - Setting next_dagrun for example_display_name to None, run_after=None
[2025-03-08T19:51:10.033+0000] {processor.py:208} INFO - Processing /home/airflow/.local/lib/python3.12/site-packages/airflow/example_dags/example_display_name.py took 0.109 seconds
[2025-03-08T19:51:41.006+0000] {processor.py:186} INFO - Started process (PID=26661) to work on /home/airflow/.local/lib/python3.12/site-packages/airflow/example_dags/example_display_name.py
[2025-03-08T19:51:41.007+0000] {processor.py:914} INFO - Processing file /home/airflow/.local/lib/python3.12/site-packages/airflow/example_dags/example_display_name.py for tasks to queue
[2025-03-08T19:51:41.011+0000] {logging_mixin.py:190} INFO - [2025-03-08T19:51:41.010+0000] {dagbag.py:588} INFO - Filling up the DagBag from /home/airflow/.local/lib/python3.12/site-packages/airflow/example_dags/example_display_name.py
[2025-03-08T19:51:41.022+0000] {processor.py:925} INFO - DAG(s) 'example_display_name' retrieved from /home/airflow/.local/lib/python3.12/site-packages/airflow/example_dags/example_display_name.py
[2025-03-08T19:51:41.049+0000] {logging_mixin.py:190} INFO - [2025-03-08T19:51:41.048+0000] {dag.py:3239} INFO - Sync 1 DAGs
[2025-03-08T19:51:41.073+0000] {logging_mixin.py:190} INFO - [2025-03-08T19:51:41.073+0000] {dag.py:4180} INFO - Setting next_dagrun for example_display_name to None, run_after=None
[2025-03-08T19:51:41.101+0000] {processor.py:208} INFO - Processing /home/airflow/.local/lib/python3.12/site-packages/airflow/example_dags/example_display_name.py took 0.104 seconds
[2025-03-08T19:52:13.153+0000] {processor.py:186} INFO - Started process (PID=26732) to work on /home/airflow/.local/lib/python3.12/site-packages/airflow/example_dags/example_display_name.py
[2025-03-08T19:52:13.154+0000] {processor.py:914} INFO - Processing file /home/airflow/.local/lib/python3.12/site-packages/airflow/example_dags/example_display_name.py for tasks to queue
[2025-03-08T19:52:13.159+0000] {logging_mixin.py:190} INFO - [2025-03-08T19:52:13.157+0000] {dagbag.py:588} INFO - Filling up the DagBag from /home/airflow/.local/lib/python3.12/site-packages/airflow/example_dags/example_display_name.py
[2025-03-08T19:52:13.170+0000] {processor.py:925} INFO - DAG(s) 'example_display_name' retrieved from /home/airflow/.local/lib/python3.12/site-packages/airflow/example_dags/example_display_name.py
[2025-03-08T19:52:13.198+0000] {logging_mixin.py:190} INFO - [2025-03-08T19:52:13.197+0000] {dag.py:3239} INFO - Sync 1 DAGs
[2025-03-08T19:52:13.222+0000] {logging_mixin.py:190} INFO - [2025-03-08T19:52:13.222+0000] {dag.py:4180} INFO - Setting next_dagrun for example_display_name to None, run_after=None
[2025-03-08T19:52:13.251+0000] {processor.py:208} INFO - Processing /home/airflow/.local/lib/python3.12/site-packages/airflow/example_dags/example_display_name.py took 0.111 seconds
[2025-03-08T19:52:44.535+0000] {processor.py:186} INFO - Started process (PID=26795) to work on /home/airflow/.local/lib/python3.12/site-packages/airflow/example_dags/example_display_name.py
[2025-03-08T19:52:44.536+0000] {processor.py:914} INFO - Processing file /home/airflow/.local/lib/python3.12/site-packages/airflow/example_dags/example_display_name.py for tasks to queue
[2025-03-08T19:52:44.539+0000] {logging_mixin.py:190} INFO - [2025-03-08T19:52:44.538+0000] {dagbag.py:588} INFO - Filling up the DagBag from /home/airflow/.local/lib/python3.12/site-packages/airflow/example_dags/example_display_name.py
[2025-03-08T19:52:44.550+0000] {processor.py:925} INFO - DAG(s) 'example_display_name' retrieved from /home/airflow/.local/lib/python3.12/site-packages/airflow/example_dags/example_display_name.py
[2025-03-08T19:52:44.577+0000] {logging_mixin.py:190} INFO - [2025-03-08T19:52:44.577+0000] {dag.py:3239} INFO - Sync 1 DAGs
[2025-03-08T19:52:44.603+0000] {logging_mixin.py:190} INFO - [2025-03-08T19:52:44.602+0000] {dag.py:4180} INFO - Setting next_dagrun for example_display_name to None, run_after=None
[2025-03-08T19:52:44.635+0000] {processor.py:208} INFO - Processing /home/airflow/.local/lib/python3.12/site-packages/airflow/example_dags/example_display_name.py took 0.109 seconds
[2025-03-08T19:53:16.284+0000] {processor.py:186} INFO - Started process (PID=26860) to work on /home/airflow/.local/lib/python3.12/site-packages/airflow/example_dags/example_display_name.py
[2025-03-08T19:53:16.285+0000] {processor.py:914} INFO - Processing file /home/airflow/.local/lib/python3.12/site-packages/airflow/example_dags/example_display_name.py for tasks to queue
[2025-03-08T19:53:16.288+0000] {logging_mixin.py:190} INFO - [2025-03-08T19:53:16.288+0000] {dagbag.py:588} INFO - Filling up the DagBag from /home/airflow/.local/lib/python3.12/site-packages/airflow/example_dags/example_display_name.py
[2025-03-08T19:53:16.299+0000] {processor.py:925} INFO - DAG(s) 'example_display_name' retrieved from /home/airflow/.local/lib/python3.12/site-packages/airflow/example_dags/example_display_name.py
[2025-03-08T19:53:16.326+0000] {logging_mixin.py:190} INFO - [2025-03-08T19:53:16.326+0000] {dag.py:3239} INFO - Sync 1 DAGs
[2025-03-08T19:53:16.350+0000] {logging_mixin.py:190} INFO - [2025-03-08T19:53:16.350+0000] {dag.py:4180} INFO - Setting next_dagrun for example_display_name to None, run_after=None
[2025-03-08T19:53:16.379+0000] {processor.py:208} INFO - Processing /home/airflow/.local/lib/python3.12/site-packages/airflow/example_dags/example_display_name.py took 0.103 seconds
[2025-03-08T19:53:48.081+0000] {processor.py:186} INFO - Started process (PID=26925) to work on /home/airflow/.local/lib/python3.12/site-packages/airflow/example_dags/example_display_name.py
[2025-03-08T19:53:48.082+0000] {processor.py:914} INFO - Processing file /home/airflow/.local/lib/python3.12/site-packages/airflow/example_dags/example_display_name.py for tasks to queue
[2025-03-08T19:53:48.085+0000] {logging_mixin.py:190} INFO - [2025-03-08T19:53:48.084+0000] {dagbag.py:588} INFO - Filling up the DagBag from /home/airflow/.local/lib/python3.12/site-packages/airflow/example_dags/example_display_name.py
[2025-03-08T19:53:48.095+0000] {processor.py:925} INFO - DAG(s) 'example_display_name' retrieved from /home/airflow/.local/lib/python3.12/site-packages/airflow/example_dags/example_display_name.py
[2025-03-08T19:53:48.123+0000] {logging_mixin.py:190} INFO - [2025-03-08T19:53:48.122+0000] {dag.py:3239} INFO - Sync 1 DAGs
[2025-03-08T19:53:48.146+0000] {logging_mixin.py:190} INFO - [2025-03-08T19:53:48.146+0000] {dag.py:4180} INFO - Setting next_dagrun for example_display_name to None, run_after=None
[2025-03-08T19:53:48.173+0000] {processor.py:208} INFO - Processing /home/airflow/.local/lib/python3.12/site-packages/airflow/example_dags/example_display_name.py took 0.101 seconds
[2025-03-08T19:54:19.077+0000] {processor.py:186} INFO - Started process (PID=26988) to work on /home/airflow/.local/lib/python3.12/site-packages/airflow/example_dags/example_display_name.py
[2025-03-08T19:54:19.078+0000] {processor.py:914} INFO - Processing file /home/airflow/.local/lib/python3.12/site-packages/airflow/example_dags/example_display_name.py for tasks to queue
[2025-03-08T19:54:19.081+0000] {logging_mixin.py:190} INFO - [2025-03-08T19:54:19.081+0000] {dagbag.py:588} INFO - Filling up the DagBag from /home/airflow/.local/lib/python3.12/site-packages/airflow/example_dags/example_display_name.py
[2025-03-08T19:54:19.093+0000] {processor.py:925} INFO - DAG(s) 'example_display_name' retrieved from /home/airflow/.local/lib/python3.12/site-packages/airflow/example_dags/example_display_name.py
[2025-03-08T19:54:19.120+0000] {logging_mixin.py:190} INFO - [2025-03-08T19:54:19.120+0000] {dag.py:3239} INFO - Sync 1 DAGs
[2025-03-08T19:54:19.144+0000] {logging_mixin.py:190} INFO - [2025-03-08T19:54:19.143+0000] {dag.py:4180} INFO - Setting next_dagrun for example_display_name to None, run_after=None
[2025-03-08T19:54:19.173+0000] {processor.py:208} INFO - Processing /home/airflow/.local/lib/python3.12/site-packages/airflow/example_dags/example_display_name.py took 0.104 seconds
[2025-03-08T19:54:51.005+0000] {processor.py:186} INFO - Started process (PID=27054) to work on /home/airflow/.local/lib/python3.12/site-packages/airflow/example_dags/example_display_name.py
[2025-03-08T19:54:51.006+0000] {processor.py:914} INFO - Processing file /home/airflow/.local/lib/python3.12/site-packages/airflow/example_dags/example_display_name.py for tasks to queue
[2025-03-08T19:54:51.008+0000] {logging_mixin.py:190} INFO - [2025-03-08T19:54:51.008+0000] {dagbag.py:588} INFO - Filling up the DagBag from /home/airflow/.local/lib/python3.12/site-packages/airflow/example_dags/example_display_name.py
[2025-03-08T19:54:51.019+0000] {processor.py:925} INFO - DAG(s) 'example_display_name' retrieved from /home/airflow/.local/lib/python3.12/site-packages/airflow/example_dags/example_display_name.py
[2025-03-08T19:54:51.047+0000] {logging_mixin.py:190} INFO - [2025-03-08T19:54:51.046+0000] {dag.py:3239} INFO - Sync 1 DAGs
[2025-03-08T19:54:51.070+0000] {logging_mixin.py:190} INFO - [2025-03-08T19:54:51.070+0000] {dag.py:4180} INFO - Setting next_dagrun for example_display_name to None, run_after=None
[2025-03-08T19:54:51.101+0000] {processor.py:208} INFO - Processing /home/airflow/.local/lib/python3.12/site-packages/airflow/example_dags/example_display_name.py took 0.107 seconds
[2025-03-08T19:55:22.606+0000] {processor.py:186} INFO - Started process (PID=27117) to work on /home/airflow/.local/lib/python3.12/site-packages/airflow/example_dags/example_display_name.py
[2025-03-08T19:55:22.607+0000] {processor.py:914} INFO - Processing file /home/airflow/.local/lib/python3.12/site-packages/airflow/example_dags/example_display_name.py for tasks to queue
[2025-03-08T19:55:22.610+0000] {logging_mixin.py:190} INFO - [2025-03-08T19:55:22.609+0000] {dagbag.py:588} INFO - Filling up the DagBag from /home/airflow/.local/lib/python3.12/site-packages/airflow/example_dags/example_display_name.py
[2025-03-08T19:55:22.621+0000] {processor.py:925} INFO - DAG(s) 'example_display_name' retrieved from /home/airflow/.local/lib/python3.12/site-packages/airflow/example_dags/example_display_name.py
[2025-03-08T19:55:22.649+0000] {logging_mixin.py:190} INFO - [2025-03-08T19:55:22.649+0000] {dag.py:3239} INFO - Sync 1 DAGs
[2025-03-08T19:55:22.672+0000] {logging_mixin.py:190} INFO - [2025-03-08T19:55:22.672+0000] {dag.py:4180} INFO - Setting next_dagrun for example_display_name to None, run_after=None
[2025-03-08T19:55:22.702+0000] {processor.py:208} INFO - Processing /home/airflow/.local/lib/python3.12/site-packages/airflow/example_dags/example_display_name.py took 0.105 seconds
[2025-03-08T19:55:54.476+0000] {processor.py:186} INFO - Started process (PID=27180) to work on /home/airflow/.local/lib/python3.12/site-packages/airflow/example_dags/example_display_name.py
[2025-03-08T19:55:54.478+0000] {processor.py:914} INFO - Processing file /home/airflow/.local/lib/python3.12/site-packages/airflow/example_dags/example_display_name.py for tasks to queue
[2025-03-08T19:55:54.480+0000] {logging_mixin.py:190} INFO - [2025-03-08T19:55:54.480+0000] {dagbag.py:588} INFO - Filling up the DagBag from /home/airflow/.local/lib/python3.12/site-packages/airflow/example_dags/example_display_name.py
[2025-03-08T19:55:54.491+0000] {processor.py:925} INFO - DAG(s) 'example_display_name' retrieved from /home/airflow/.local/lib/python3.12/site-packages/airflow/example_dags/example_display_name.py
[2025-03-08T19:55:54.518+0000] {logging_mixin.py:190} INFO - [2025-03-08T19:55:54.517+0000] {dag.py:3239} INFO - Sync 1 DAGs
[2025-03-08T19:55:54.541+0000] {logging_mixin.py:190} INFO - [2025-03-08T19:55:54.540+0000] {dag.py:4180} INFO - Setting next_dagrun for example_display_name to None, run_after=None
[2025-03-08T19:55:54.568+0000] {processor.py:208} INFO - Processing /home/airflow/.local/lib/python3.12/site-packages/airflow/example_dags/example_display_name.py took 0.100 seconds
[2025-03-08T20:31:17.866+0000] {processor.py:186} INFO - Started process (PID=27251) to work on /home/airflow/.local/lib/python3.12/site-packages/airflow/example_dags/example_display_name.py
[2025-03-08T20:31:17.873+0000] {processor.py:914} INFO - Processing file /home/airflow/.local/lib/python3.12/site-packages/airflow/example_dags/example_display_name.py for tasks to queue
[2025-03-08T20:31:17.878+0000] {logging_mixin.py:190} INFO - [2025-03-08T20:31:17.877+0000] {dagbag.py:588} INFO - Filling up the DagBag from /home/airflow/.local/lib/python3.12/site-packages/airflow/example_dags/example_display_name.py
[2025-03-08T20:31:17.899+0000] {processor.py:925} INFO - DAG(s) 'example_display_name' retrieved from /home/airflow/.local/lib/python3.12/site-packages/airflow/example_dags/example_display_name.py
[2025-03-08T20:31:17.946+0000] {logging_mixin.py:190} INFO - [2025-03-08T20:31:17.946+0000] {dag.py:3239} INFO - Sync 1 DAGs
[2025-03-08T20:31:17.990+0000] {logging_mixin.py:190} INFO - [2025-03-08T20:31:17.990+0000] {dag.py:4180} INFO - Setting next_dagrun for example_display_name to None, run_after=None
[2025-03-08T20:31:18.074+0000] {processor.py:208} INFO - Processing /home/airflow/.local/lib/python3.12/site-packages/airflow/example_dags/example_display_name.py took 0.221 seconds
[2025-03-08T20:31:48.892+0000] {processor.py:186} INFO - Started process (PID=27314) to work on /home/airflow/.local/lib/python3.12/site-packages/airflow/example_dags/example_display_name.py
[2025-03-08T20:31:48.893+0000] {processor.py:914} INFO - Processing file /home/airflow/.local/lib/python3.12/site-packages/airflow/example_dags/example_display_name.py for tasks to queue
[2025-03-08T20:31:48.898+0000] {logging_mixin.py:190} INFO - [2025-03-08T20:31:48.897+0000] {dagbag.py:588} INFO - Filling up the DagBag from /home/airflow/.local/lib/python3.12/site-packages/airflow/example_dags/example_display_name.py
[2025-03-08T20:31:48.913+0000] {processor.py:925} INFO - DAG(s) 'example_display_name' retrieved from /home/airflow/.local/lib/python3.12/site-packages/airflow/example_dags/example_display_name.py
[2025-03-08T20:31:48.955+0000] {logging_mixin.py:190} INFO - [2025-03-08T20:31:48.955+0000] {dag.py:3239} INFO - Sync 1 DAGs
[2025-03-08T20:31:48.994+0000] {logging_mixin.py:190} INFO - [2025-03-08T20:31:48.993+0000] {dag.py:4180} INFO - Setting next_dagrun for example_display_name to None, run_after=None
[2025-03-08T20:31:49.036+0000] {processor.py:208} INFO - Processing /home/airflow/.local/lib/python3.12/site-packages/airflow/example_dags/example_display_name.py took 0.157 seconds
[2025-03-08T20:32:19.493+0000] {processor.py:186} INFO - Started process (PID=27377) to work on /home/airflow/.local/lib/python3.12/site-packages/airflow/example_dags/example_display_name.py
[2025-03-08T20:32:19.495+0000] {processor.py:914} INFO - Processing file /home/airflow/.local/lib/python3.12/site-packages/airflow/example_dags/example_display_name.py for tasks to queue
[2025-03-08T20:32:19.499+0000] {logging_mixin.py:190} INFO - [2025-03-08T20:32:19.498+0000] {dagbag.py:588} INFO - Filling up the DagBag from /home/airflow/.local/lib/python3.12/site-packages/airflow/example_dags/example_display_name.py
[2025-03-08T20:32:19.515+0000] {processor.py:925} INFO - DAG(s) 'example_display_name' retrieved from /home/airflow/.local/lib/python3.12/site-packages/airflow/example_dags/example_display_name.py
[2025-03-08T20:32:19.553+0000] {logging_mixin.py:190} INFO - [2025-03-08T20:32:19.553+0000] {dag.py:3239} INFO - Sync 1 DAGs
[2025-03-08T20:32:19.587+0000] {logging_mixin.py:190} INFO - [2025-03-08T20:32:19.587+0000] {dag.py:4180} INFO - Setting next_dagrun for example_display_name to None, run_after=None
[2025-03-08T20:32:19.626+0000] {processor.py:208} INFO - Processing /home/airflow/.local/lib/python3.12/site-packages/airflow/example_dags/example_display_name.py took 0.146 seconds
[2025-03-08T20:32:51.237+0000] {processor.py:186} INFO - Started process (PID=27441) to work on /home/airflow/.local/lib/python3.12/site-packages/airflow/example_dags/example_display_name.py
[2025-03-08T20:32:51.238+0000] {processor.py:914} INFO - Processing file /home/airflow/.local/lib/python3.12/site-packages/airflow/example_dags/example_display_name.py for tasks to queue
[2025-03-08T20:32:51.242+0000] {logging_mixin.py:190} INFO - [2025-03-08T20:32:51.242+0000] {dagbag.py:588} INFO - Filling up the DagBag from /home/airflow/.local/lib/python3.12/site-packages/airflow/example_dags/example_display_name.py
[2025-03-08T20:32:51.258+0000] {processor.py:925} INFO - DAG(s) 'example_display_name' retrieved from /home/airflow/.local/lib/python3.12/site-packages/airflow/example_dags/example_display_name.py
[2025-03-08T20:32:51.296+0000] {logging_mixin.py:190} INFO - [2025-03-08T20:32:51.295+0000] {dag.py:3239} INFO - Sync 1 DAGs
[2025-03-08T20:32:51.334+0000] {logging_mixin.py:190} INFO - [2025-03-08T20:32:51.334+0000] {dag.py:4180} INFO - Setting next_dagrun for example_display_name to None, run_after=None
[2025-03-08T20:32:51.374+0000] {processor.py:208} INFO - Processing /home/airflow/.local/lib/python3.12/site-packages/airflow/example_dags/example_display_name.py took 0.148 seconds
[2025-03-08T20:33:22.195+0000] {processor.py:186} INFO - Started process (PID=27504) to work on /home/airflow/.local/lib/python3.12/site-packages/airflow/example_dags/example_display_name.py
[2025-03-08T20:33:22.196+0000] {processor.py:914} INFO - Processing file /home/airflow/.local/lib/python3.12/site-packages/airflow/example_dags/example_display_name.py for tasks to queue
[2025-03-08T20:33:22.201+0000] {logging_mixin.py:190} INFO - [2025-03-08T20:33:22.200+0000] {dagbag.py:588} INFO - Filling up the DagBag from /home/airflow/.local/lib/python3.12/site-packages/airflow/example_dags/example_display_name.py
[2025-03-08T20:33:22.215+0000] {processor.py:925} INFO - DAG(s) 'example_display_name' retrieved from /home/airflow/.local/lib/python3.12/site-packages/airflow/example_dags/example_display_name.py
[2025-03-08T20:33:22.251+0000] {logging_mixin.py:190} INFO - [2025-03-08T20:33:22.250+0000] {dag.py:3239} INFO - Sync 1 DAGs
[2025-03-08T20:33:22.288+0000] {logging_mixin.py:190} INFO - [2025-03-08T20:33:22.287+0000] {dag.py:4180} INFO - Setting next_dagrun for example_display_name to None, run_after=None
[2025-03-08T20:33:22.324+0000] {processor.py:208} INFO - Processing /home/airflow/.local/lib/python3.12/site-packages/airflow/example_dags/example_display_name.py took 0.141 seconds
[2025-03-08T20:33:54.198+0000] {processor.py:186} INFO - Started process (PID=27567) to work on /home/airflow/.local/lib/python3.12/site-packages/airflow/example_dags/example_display_name.py
[2025-03-08T20:33:54.199+0000] {processor.py:914} INFO - Processing file /home/airflow/.local/lib/python3.12/site-packages/airflow/example_dags/example_display_name.py for tasks to queue
[2025-03-08T20:33:54.203+0000] {logging_mixin.py:190} INFO - [2025-03-08T20:33:54.203+0000] {dagbag.py:588} INFO - Filling up the DagBag from /home/airflow/.local/lib/python3.12/site-packages/airflow/example_dags/example_display_name.py
[2025-03-08T20:33:54.214+0000] {processor.py:925} INFO - DAG(s) 'example_display_name' retrieved from /home/airflow/.local/lib/python3.12/site-packages/airflow/example_dags/example_display_name.py
[2025-03-08T20:33:54.243+0000] {logging_mixin.py:190} INFO - [2025-03-08T20:33:54.243+0000] {dag.py:3239} INFO - Sync 1 DAGs
[2025-03-08T20:33:54.267+0000] {logging_mixin.py:190} INFO - [2025-03-08T20:33:54.267+0000] {dag.py:4180} INFO - Setting next_dagrun for example_display_name to None, run_after=None
[2025-03-08T20:33:54.301+0000] {processor.py:208} INFO - Processing /home/airflow/.local/lib/python3.12/site-packages/airflow/example_dags/example_display_name.py took 0.112 seconds
[2025-03-08T20:34:25.337+0000] {processor.py:186} INFO - Started process (PID=27630) to work on /home/airflow/.local/lib/python3.12/site-packages/airflow/example_dags/example_display_name.py
[2025-03-08T20:34:25.338+0000] {processor.py:914} INFO - Processing file /home/airflow/.local/lib/python3.12/site-packages/airflow/example_dags/example_display_name.py for tasks to queue
[2025-03-08T20:34:25.341+0000] {logging_mixin.py:190} INFO - [2025-03-08T20:34:25.341+0000] {dagbag.py:588} INFO - Filling up the DagBag from /home/airflow/.local/lib/python3.12/site-packages/airflow/example_dags/example_display_name.py
[2025-03-08T20:34:25.352+0000] {processor.py:925} INFO - DAG(s) 'example_display_name' retrieved from /home/airflow/.local/lib/python3.12/site-packages/airflow/example_dags/example_display_name.py
[2025-03-08T20:34:25.380+0000] {logging_mixin.py:190} INFO - [2025-03-08T20:34:25.380+0000] {dag.py:3239} INFO - Sync 1 DAGs
[2025-03-08T20:34:25.406+0000] {logging_mixin.py:190} INFO - [2025-03-08T20:34:25.405+0000] {dag.py:4180} INFO - Setting next_dagrun for example_display_name to None, run_after=None
[2025-03-08T20:34:25.435+0000] {processor.py:208} INFO - Processing /home/airflow/.local/lib/python3.12/site-packages/airflow/example_dags/example_display_name.py took 0.107 seconds
[2025-03-08T20:34:57.170+0000] {processor.py:186} INFO - Started process (PID=27693) to work on /home/airflow/.local/lib/python3.12/site-packages/airflow/example_dags/example_display_name.py
[2025-03-08T20:34:57.171+0000] {processor.py:914} INFO - Processing file /home/airflow/.local/lib/python3.12/site-packages/airflow/example_dags/example_display_name.py for tasks to queue
[2025-03-08T20:34:57.175+0000] {logging_mixin.py:190} INFO - [2025-03-08T20:34:57.175+0000] {dagbag.py:588} INFO - Filling up the DagBag from /home/airflow/.local/lib/python3.12/site-packages/airflow/example_dags/example_display_name.py
[2025-03-08T20:34:57.185+0000] {processor.py:925} INFO - DAG(s) 'example_display_name' retrieved from /home/airflow/.local/lib/python3.12/site-packages/airflow/example_dags/example_display_name.py
[2025-03-08T20:34:57.213+0000] {logging_mixin.py:190} INFO - [2025-03-08T20:34:57.213+0000] {dag.py:3239} INFO - Sync 1 DAGs
[2025-03-08T20:34:57.236+0000] {logging_mixin.py:190} INFO - [2025-03-08T20:34:57.236+0000] {dag.py:4180} INFO - Setting next_dagrun for example_display_name to None, run_after=None
[2025-03-08T20:34:57.267+0000] {processor.py:208} INFO - Processing /home/airflow/.local/lib/python3.12/site-packages/airflow/example_dags/example_display_name.py took 0.105 seconds
[2025-03-08T20:35:29.004+0000] {processor.py:186} INFO - Started process (PID=27756) to work on /home/airflow/.local/lib/python3.12/site-packages/airflow/example_dags/example_display_name.py
[2025-03-08T20:35:29.005+0000] {processor.py:914} INFO - Processing file /home/airflow/.local/lib/python3.12/site-packages/airflow/example_dags/example_display_name.py for tasks to queue
[2025-03-08T20:35:29.009+0000] {logging_mixin.py:190} INFO - [2025-03-08T20:35:29.008+0000] {dagbag.py:588} INFO - Filling up the DagBag from /home/airflow/.local/lib/python3.12/site-packages/airflow/example_dags/example_display_name.py
[2025-03-08T20:35:29.019+0000] {processor.py:925} INFO - DAG(s) 'example_display_name' retrieved from /home/airflow/.local/lib/python3.12/site-packages/airflow/example_dags/example_display_name.py
[2025-03-08T20:35:29.046+0000] {logging_mixin.py:190} INFO - [2025-03-08T20:35:29.045+0000] {dag.py:3239} INFO - Sync 1 DAGs
[2025-03-08T20:35:29.069+0000] {logging_mixin.py:190} INFO - [2025-03-08T20:35:29.069+0000] {dag.py:4180} INFO - Setting next_dagrun for example_display_name to None, run_after=None
[2025-03-08T20:35:29.098+0000] {processor.py:208} INFO - Processing /home/airflow/.local/lib/python3.12/site-packages/airflow/example_dags/example_display_name.py took 0.103 seconds
[2025-03-08T20:36:00.821+0000] {processor.py:186} INFO - Started process (PID=27819) to work on /home/airflow/.local/lib/python3.12/site-packages/airflow/example_dags/example_display_name.py
[2025-03-08T20:36:00.822+0000] {processor.py:914} INFO - Processing file /home/airflow/.local/lib/python3.12/site-packages/airflow/example_dags/example_display_name.py for tasks to queue
[2025-03-08T20:36:00.826+0000] {logging_mixin.py:190} INFO - [2025-03-08T20:36:00.825+0000] {dagbag.py:588} INFO - Filling up the DagBag from /home/airflow/.local/lib/python3.12/site-packages/airflow/example_dags/example_display_name.py
[2025-03-08T20:36:00.838+0000] {processor.py:925} INFO - DAG(s) 'example_display_name' retrieved from /home/airflow/.local/lib/python3.12/site-packages/airflow/example_dags/example_display_name.py
[2025-03-08T20:36:00.869+0000] {logging_mixin.py:190} INFO - [2025-03-08T20:36:00.868+0000] {dag.py:3239} INFO - Sync 1 DAGs
[2025-03-08T20:36:00.893+0000] {logging_mixin.py:190} INFO - [2025-03-08T20:36:00.893+0000] {dag.py:4180} INFO - Setting next_dagrun for example_display_name to None, run_after=None
[2025-03-08T20:36:00.922+0000] {processor.py:208} INFO - Processing /home/airflow/.local/lib/python3.12/site-packages/airflow/example_dags/example_display_name.py took 0.110 seconds
[2025-03-08T20:36:31.852+0000] {processor.py:186} INFO - Started process (PID=27882) to work on /home/airflow/.local/lib/python3.12/site-packages/airflow/example_dags/example_display_name.py
[2025-03-08T20:36:31.853+0000] {processor.py:914} INFO - Processing file /home/airflow/.local/lib/python3.12/site-packages/airflow/example_dags/example_display_name.py for tasks to queue
[2025-03-08T20:36:31.857+0000] {logging_mixin.py:190} INFO - [2025-03-08T20:36:31.856+0000] {dagbag.py:588} INFO - Filling up the DagBag from /home/airflow/.local/lib/python3.12/site-packages/airflow/example_dags/example_display_name.py
[2025-03-08T20:36:31.867+0000] {processor.py:925} INFO - DAG(s) 'example_display_name' retrieved from /home/airflow/.local/lib/python3.12/site-packages/airflow/example_dags/example_display_name.py
[2025-03-08T20:36:31.894+0000] {logging_mixin.py:190} INFO - [2025-03-08T20:36:31.894+0000] {dag.py:3239} INFO - Sync 1 DAGs
[2025-03-08T20:36:31.917+0000] {logging_mixin.py:190} INFO - [2025-03-08T20:36:31.917+0000] {dag.py:4180} INFO - Setting next_dagrun for example_display_name to None, run_after=None
[2025-03-08T20:36:31.945+0000] {processor.py:208} INFO - Processing /home/airflow/.local/lib/python3.12/site-packages/airflow/example_dags/example_display_name.py took 0.102 seconds
[2025-03-08T20:37:03.444+0000] {processor.py:186} INFO - Started process (PID=27945) to work on /home/airflow/.local/lib/python3.12/site-packages/airflow/example_dags/example_display_name.py
[2025-03-08T20:37:03.445+0000] {processor.py:914} INFO - Processing file /home/airflow/.local/lib/python3.12/site-packages/airflow/example_dags/example_display_name.py for tasks to queue
[2025-03-08T20:37:03.448+0000] {logging_mixin.py:190} INFO - [2025-03-08T20:37:03.448+0000] {dagbag.py:588} INFO - Filling up the DagBag from /home/airflow/.local/lib/python3.12/site-packages/airflow/example_dags/example_display_name.py
[2025-03-08T20:37:03.459+0000] {processor.py:925} INFO - DAG(s) 'example_display_name' retrieved from /home/airflow/.local/lib/python3.12/site-packages/airflow/example_dags/example_display_name.py
[2025-03-08T20:37:03.486+0000] {logging_mixin.py:190} INFO - [2025-03-08T20:37:03.486+0000] {dag.py:3239} INFO - Sync 1 DAGs
[2025-03-08T20:37:03.510+0000] {logging_mixin.py:190} INFO - [2025-03-08T20:37:03.509+0000] {dag.py:4180} INFO - Setting next_dagrun for example_display_name to None, run_after=None
[2025-03-08T20:37:03.538+0000] {processor.py:208} INFO - Processing /home/airflow/.local/lib/python3.12/site-packages/airflow/example_dags/example_display_name.py took 0.103 seconds
[2025-03-08T20:37:35.130+0000] {processor.py:186} INFO - Started process (PID=28008) to work on /home/airflow/.local/lib/python3.12/site-packages/airflow/example_dags/example_display_name.py
[2025-03-08T20:37:35.131+0000] {processor.py:914} INFO - Processing file /home/airflow/.local/lib/python3.12/site-packages/airflow/example_dags/example_display_name.py for tasks to queue
[2025-03-08T20:37:35.134+0000] {logging_mixin.py:190} INFO - [2025-03-08T20:37:35.134+0000] {dagbag.py:588} INFO - Filling up the DagBag from /home/airflow/.local/lib/python3.12/site-packages/airflow/example_dags/example_display_name.py
[2025-03-08T20:37:35.145+0000] {processor.py:925} INFO - DAG(s) 'example_display_name' retrieved from /home/airflow/.local/lib/python3.12/site-packages/airflow/example_dags/example_display_name.py
[2025-03-08T20:37:35.172+0000] {logging_mixin.py:190} INFO - [2025-03-08T20:37:35.172+0000] {dag.py:3239} INFO - Sync 1 DAGs
[2025-03-08T20:37:35.196+0000] {logging_mixin.py:190} INFO - [2025-03-08T20:37:35.196+0000] {dag.py:4180} INFO - Setting next_dagrun for example_display_name to None, run_after=None
[2025-03-08T20:37:35.227+0000] {processor.py:208} INFO - Processing /home/airflow/.local/lib/python3.12/site-packages/airflow/example_dags/example_display_name.py took 0.106 seconds
[2025-03-08T20:38:06.672+0000] {processor.py:186} INFO - Started process (PID=28071) to work on /home/airflow/.local/lib/python3.12/site-packages/airflow/example_dags/example_display_name.py
[2025-03-08T20:38:06.673+0000] {processor.py:914} INFO - Processing file /home/airflow/.local/lib/python3.12/site-packages/airflow/example_dags/example_display_name.py for tasks to queue
[2025-03-08T20:38:06.676+0000] {logging_mixin.py:190} INFO - [2025-03-08T20:38:06.676+0000] {dagbag.py:588} INFO - Filling up the DagBag from /home/airflow/.local/lib/python3.12/site-packages/airflow/example_dags/example_display_name.py
[2025-03-08T20:38:06.687+0000] {processor.py:925} INFO - DAG(s) 'example_display_name' retrieved from /home/airflow/.local/lib/python3.12/site-packages/airflow/example_dags/example_display_name.py
[2025-03-08T20:38:06.714+0000] {logging_mixin.py:190} INFO - [2025-03-08T20:38:06.714+0000] {dag.py:3239} INFO - Sync 1 DAGs
[2025-03-08T20:38:06.738+0000] {logging_mixin.py:190} INFO - [2025-03-08T20:38:06.737+0000] {dag.py:4180} INFO - Setting next_dagrun for example_display_name to None, run_after=None
[2025-03-08T20:38:06.772+0000] {processor.py:208} INFO - Processing /home/airflow/.local/lib/python3.12/site-packages/airflow/example_dags/example_display_name.py took 0.109 seconds
[2025-03-08T20:38:38.529+0000] {processor.py:186} INFO - Started process (PID=28134) to work on /home/airflow/.local/lib/python3.12/site-packages/airflow/example_dags/example_display_name.py
[2025-03-08T20:38:38.531+0000] {processor.py:914} INFO - Processing file /home/airflow/.local/lib/python3.12/site-packages/airflow/example_dags/example_display_name.py for tasks to queue
[2025-03-08T20:38:38.535+0000] {logging_mixin.py:190} INFO - [2025-03-08T20:38:38.534+0000] {dagbag.py:588} INFO - Filling up the DagBag from /home/airflow/.local/lib/python3.12/site-packages/airflow/example_dags/example_display_name.py
[2025-03-08T20:38:38.546+0000] {processor.py:925} INFO - DAG(s) 'example_display_name' retrieved from /home/airflow/.local/lib/python3.12/site-packages/airflow/example_dags/example_display_name.py
[2025-03-08T20:38:38.572+0000] {logging_mixin.py:190} INFO - [2025-03-08T20:38:38.572+0000] {dag.py:3239} INFO - Sync 1 DAGs
[2025-03-08T20:38:38.598+0000] {logging_mixin.py:190} INFO - [2025-03-08T20:38:38.598+0000] {dag.py:4180} INFO - Setting next_dagrun for example_display_name to None, run_after=None
[2025-03-08T20:38:38.630+0000] {processor.py:208} INFO - Processing /home/airflow/.local/lib/python3.12/site-packages/airflow/example_dags/example_display_name.py took 0.114 seconds
[2025-03-08T20:39:10.291+0000] {processor.py:186} INFO - Started process (PID=28203) to work on /home/airflow/.local/lib/python3.12/site-packages/airflow/example_dags/example_display_name.py
[2025-03-08T20:39:10.292+0000] {processor.py:914} INFO - Processing file /home/airflow/.local/lib/python3.12/site-packages/airflow/example_dags/example_display_name.py for tasks to queue
[2025-03-08T20:39:10.295+0000] {logging_mixin.py:190} INFO - [2025-03-08T20:39:10.295+0000] {dagbag.py:588} INFO - Filling up the DagBag from /home/airflow/.local/lib/python3.12/site-packages/airflow/example_dags/example_display_name.py
[2025-03-08T20:39:10.307+0000] {processor.py:925} INFO - DAG(s) 'example_display_name' retrieved from /home/airflow/.local/lib/python3.12/site-packages/airflow/example_dags/example_display_name.py
[2025-03-08T20:39:10.335+0000] {logging_mixin.py:190} INFO - [2025-03-08T20:39:10.334+0000] {dag.py:3239} INFO - Sync 1 DAGs
[2025-03-08T20:39:10.359+0000] {logging_mixin.py:190} INFO - [2025-03-08T20:39:10.358+0000] {dag.py:4180} INFO - Setting next_dagrun for example_display_name to None, run_after=None
[2025-03-08T20:39:10.395+0000] {processor.py:208} INFO - Processing /home/airflow/.local/lib/python3.12/site-packages/airflow/example_dags/example_display_name.py took 0.113 seconds
[2025-03-08T20:39:42.211+0000] {processor.py:186} INFO - Started process (PID=28266) to work on /home/airflow/.local/lib/python3.12/site-packages/airflow/example_dags/example_display_name.py
[2025-03-08T20:39:42.212+0000] {processor.py:914} INFO - Processing file /home/airflow/.local/lib/python3.12/site-packages/airflow/example_dags/example_display_name.py for tasks to queue
[2025-03-08T20:39:42.216+0000] {logging_mixin.py:190} INFO - [2025-03-08T20:39:42.216+0000] {dagbag.py:588} INFO - Filling up the DagBag from /home/airflow/.local/lib/python3.12/site-packages/airflow/example_dags/example_display_name.py
[2025-03-08T20:39:42.227+0000] {processor.py:925} INFO - DAG(s) 'example_display_name' retrieved from /home/airflow/.local/lib/python3.12/site-packages/airflow/example_dags/example_display_name.py
[2025-03-08T20:39:42.255+0000] {logging_mixin.py:190} INFO - [2025-03-08T20:39:42.254+0000] {dag.py:3239} INFO - Sync 1 DAGs
[2025-03-08T20:39:42.279+0000] {logging_mixin.py:190} INFO - [2025-03-08T20:39:42.279+0000] {dag.py:4180} INFO - Setting next_dagrun for example_display_name to None, run_after=None
[2025-03-08T20:39:42.308+0000] {processor.py:208} INFO - Processing /home/airflow/.local/lib/python3.12/site-packages/airflow/example_dags/example_display_name.py took 0.106 seconds
[2025-03-08T20:40:13.872+0000] {processor.py:186} INFO - Started process (PID=28328) to work on /home/airflow/.local/lib/python3.12/site-packages/airflow/example_dags/example_display_name.py
[2025-03-08T20:40:13.873+0000] {processor.py:914} INFO - Processing file /home/airflow/.local/lib/python3.12/site-packages/airflow/example_dags/example_display_name.py for tasks to queue
[2025-03-08T20:40:13.877+0000] {logging_mixin.py:190} INFO - [2025-03-08T20:40:13.876+0000] {dagbag.py:588} INFO - Filling up the DagBag from /home/airflow/.local/lib/python3.12/site-packages/airflow/example_dags/example_display_name.py
[2025-03-08T20:40:13.887+0000] {processor.py:925} INFO - DAG(s) 'example_display_name' retrieved from /home/airflow/.local/lib/python3.12/site-packages/airflow/example_dags/example_display_name.py
[2025-03-08T20:40:13.915+0000] {logging_mixin.py:190} INFO - [2025-03-08T20:40:13.915+0000] {dag.py:3239} INFO - Sync 1 DAGs
[2025-03-08T20:40:13.939+0000] {logging_mixin.py:190} INFO - [2025-03-08T20:40:13.939+0000] {dag.py:4180} INFO - Setting next_dagrun for example_display_name to None, run_after=None
[2025-03-08T20:40:13.969+0000] {processor.py:208} INFO - Processing /home/airflow/.local/lib/python3.12/site-packages/airflow/example_dags/example_display_name.py took 0.105 seconds
[2025-03-08T20:40:45.438+0000] {processor.py:186} INFO - Started process (PID=28390) to work on /home/airflow/.local/lib/python3.12/site-packages/airflow/example_dags/example_display_name.py
[2025-03-08T20:40:45.439+0000] {processor.py:914} INFO - Processing file /home/airflow/.local/lib/python3.12/site-packages/airflow/example_dags/example_display_name.py for tasks to queue
[2025-03-08T20:40:45.443+0000] {logging_mixin.py:190} INFO - [2025-03-08T20:40:45.442+0000] {dagbag.py:588} INFO - Filling up the DagBag from /home/airflow/.local/lib/python3.12/site-packages/airflow/example_dags/example_display_name.py
[2025-03-08T20:40:45.453+0000] {processor.py:925} INFO - DAG(s) 'example_display_name' retrieved from /home/airflow/.local/lib/python3.12/site-packages/airflow/example_dags/example_display_name.py
[2025-03-08T20:40:45.481+0000] {logging_mixin.py:190} INFO - [2025-03-08T20:40:45.480+0000] {dag.py:3239} INFO - Sync 1 DAGs
[2025-03-08T20:40:45.509+0000] {logging_mixin.py:190} INFO - [2025-03-08T20:40:45.509+0000] {dag.py:4180} INFO - Setting next_dagrun for example_display_name to None, run_after=None
[2025-03-08T20:40:45.538+0000] {processor.py:208} INFO - Processing /home/airflow/.local/lib/python3.12/site-packages/airflow/example_dags/example_display_name.py took 0.108 seconds
[2025-03-08T20:41:16.943+0000] {processor.py:186} INFO - Started process (PID=28453) to work on /home/airflow/.local/lib/python3.12/site-packages/airflow/example_dags/example_display_name.py
[2025-03-08T20:41:16.944+0000] {processor.py:914} INFO - Processing file /home/airflow/.local/lib/python3.12/site-packages/airflow/example_dags/example_display_name.py for tasks to queue
[2025-03-08T20:41:16.947+0000] {logging_mixin.py:190} INFO - [2025-03-08T20:41:16.947+0000] {dagbag.py:588} INFO - Filling up the DagBag from /home/airflow/.local/lib/python3.12/site-packages/airflow/example_dags/example_display_name.py
[2025-03-08T20:41:16.958+0000] {processor.py:925} INFO - DAG(s) 'example_display_name' retrieved from /home/airflow/.local/lib/python3.12/site-packages/airflow/example_dags/example_display_name.py
[2025-03-08T20:41:16.985+0000] {logging_mixin.py:190} INFO - [2025-03-08T20:41:16.985+0000] {dag.py:3239} INFO - Sync 1 DAGs
[2025-03-08T20:41:17.008+0000] {logging_mixin.py:190} INFO - [2025-03-08T20:41:17.008+0000] {dag.py:4180} INFO - Setting next_dagrun for example_display_name to None, run_after=None
[2025-03-08T20:41:17.035+0000] {processor.py:208} INFO - Processing /home/airflow/.local/lib/python3.12/site-packages/airflow/example_dags/example_display_name.py took 0.101 seconds
[2025-03-08T20:41:48.478+0000] {processor.py:186} INFO - Started process (PID=28516) to work on /home/airflow/.local/lib/python3.12/site-packages/airflow/example_dags/example_display_name.py
[2025-03-08T20:41:48.480+0000] {processor.py:914} INFO - Processing file /home/airflow/.local/lib/python3.12/site-packages/airflow/example_dags/example_display_name.py for tasks to queue
[2025-03-08T20:41:48.483+0000] {logging_mixin.py:190} INFO - [2025-03-08T20:41:48.483+0000] {dagbag.py:588} INFO - Filling up the DagBag from /home/airflow/.local/lib/python3.12/site-packages/airflow/example_dags/example_display_name.py
[2025-03-08T20:41:48.496+0000] {processor.py:925} INFO - DAG(s) 'example_display_name' retrieved from /home/airflow/.local/lib/python3.12/site-packages/airflow/example_dags/example_display_name.py
[2025-03-08T20:41:48.524+0000] {logging_mixin.py:190} INFO - [2025-03-08T20:41:48.524+0000] {dag.py:3239} INFO - Sync 1 DAGs
[2025-03-08T20:41:48.548+0000] {logging_mixin.py:190} INFO - [2025-03-08T20:41:48.548+0000] {dag.py:4180} INFO - Setting next_dagrun for example_display_name to None, run_after=None
[2025-03-08T20:41:48.578+0000] {processor.py:208} INFO - Processing /home/airflow/.local/lib/python3.12/site-packages/airflow/example_dags/example_display_name.py took 0.108 seconds
[2025-03-08T20:42:20.411+0000] {processor.py:186} INFO - Started process (PID=28579) to work on /home/airflow/.local/lib/python3.12/site-packages/airflow/example_dags/example_display_name.py
[2025-03-08T20:42:20.412+0000] {processor.py:914} INFO - Processing file /home/airflow/.local/lib/python3.12/site-packages/airflow/example_dags/example_display_name.py for tasks to queue
[2025-03-08T20:42:20.415+0000] {logging_mixin.py:190} INFO - [2025-03-08T20:42:20.415+0000] {dagbag.py:588} INFO - Filling up the DagBag from /home/airflow/.local/lib/python3.12/site-packages/airflow/example_dags/example_display_name.py
[2025-03-08T20:42:20.427+0000] {processor.py:925} INFO - DAG(s) 'example_display_name' retrieved from /home/airflow/.local/lib/python3.12/site-packages/airflow/example_dags/example_display_name.py
[2025-03-08T20:42:20.454+0000] {logging_mixin.py:190} INFO - [2025-03-08T20:42:20.454+0000] {dag.py:3239} INFO - Sync 1 DAGs
[2025-03-08T20:42:20.477+0000] {logging_mixin.py:190} INFO - [2025-03-08T20:42:20.477+0000] {dag.py:4180} INFO - Setting next_dagrun for example_display_name to None, run_after=None
[2025-03-08T20:42:20.510+0000] {processor.py:208} INFO - Processing /home/airflow/.local/lib/python3.12/site-packages/airflow/example_dags/example_display_name.py took 0.107 seconds
[2025-03-08T20:42:51.937+0000] {processor.py:186} INFO - Started process (PID=28642) to work on /home/airflow/.local/lib/python3.12/site-packages/airflow/example_dags/example_display_name.py
[2025-03-08T20:42:51.938+0000] {processor.py:914} INFO - Processing file /home/airflow/.local/lib/python3.12/site-packages/airflow/example_dags/example_display_name.py for tasks to queue
[2025-03-08T20:42:51.942+0000] {logging_mixin.py:190} INFO - [2025-03-08T20:42:51.942+0000] {dagbag.py:588} INFO - Filling up the DagBag from /home/airflow/.local/lib/python3.12/site-packages/airflow/example_dags/example_display_name.py
[2025-03-08T20:42:51.952+0000] {processor.py:925} INFO - DAG(s) 'example_display_name' retrieved from /home/airflow/.local/lib/python3.12/site-packages/airflow/example_dags/example_display_name.py
[2025-03-08T20:42:51.985+0000] {logging_mixin.py:190} INFO - [2025-03-08T20:42:51.985+0000] {dag.py:3239} INFO - Sync 1 DAGs
[2025-03-08T20:42:52.020+0000] {logging_mixin.py:190} INFO - [2025-03-08T20:42:52.020+0000] {dag.py:4180} INFO - Setting next_dagrun for example_display_name to None, run_after=None
[2025-03-08T20:42:52.056+0000] {processor.py:208} INFO - Processing /home/airflow/.local/lib/python3.12/site-packages/airflow/example_dags/example_display_name.py took 0.130 seconds
[2025-03-08T20:43:24.219+0000] {processor.py:186} INFO - Started process (PID=28708) to work on /home/airflow/.local/lib/python3.12/site-packages/airflow/example_dags/example_display_name.py
[2025-03-08T20:43:24.220+0000] {processor.py:914} INFO - Processing file /home/airflow/.local/lib/python3.12/site-packages/airflow/example_dags/example_display_name.py for tasks to queue
[2025-03-08T20:43:24.223+0000] {logging_mixin.py:190} INFO - [2025-03-08T20:43:24.223+0000] {dagbag.py:588} INFO - Filling up the DagBag from /home/airflow/.local/lib/python3.12/site-packages/airflow/example_dags/example_display_name.py
[2025-03-08T20:43:24.234+0000] {processor.py:925} INFO - DAG(s) 'example_display_name' retrieved from /home/airflow/.local/lib/python3.12/site-packages/airflow/example_dags/example_display_name.py
[2025-03-08T20:43:24.261+0000] {logging_mixin.py:190} INFO - [2025-03-08T20:43:24.261+0000] {dag.py:3239} INFO - Sync 1 DAGs
[2025-03-08T20:43:24.285+0000] {logging_mixin.py:190} INFO - [2025-03-08T20:43:24.284+0000] {dag.py:4180} INFO - Setting next_dagrun for example_display_name to None, run_after=None
[2025-03-08T20:43:24.312+0000] {processor.py:208} INFO - Processing /home/airflow/.local/lib/python3.12/site-packages/airflow/example_dags/example_display_name.py took 0.101 seconds
[2025-03-08T20:43:55.697+0000] {processor.py:186} INFO - Started process (PID=28772) to work on /home/airflow/.local/lib/python3.12/site-packages/airflow/example_dags/example_display_name.py
[2025-03-08T20:43:55.698+0000] {processor.py:914} INFO - Processing file /home/airflow/.local/lib/python3.12/site-packages/airflow/example_dags/example_display_name.py for tasks to queue
[2025-03-08T20:43:55.701+0000] {logging_mixin.py:190} INFO - [2025-03-08T20:43:55.700+0000] {dagbag.py:588} INFO - Filling up the DagBag from /home/airflow/.local/lib/python3.12/site-packages/airflow/example_dags/example_display_name.py
[2025-03-08T20:43:55.711+0000] {processor.py:925} INFO - DAG(s) 'example_display_name' retrieved from /home/airflow/.local/lib/python3.12/site-packages/airflow/example_dags/example_display_name.py
[2025-03-08T20:43:55.746+0000] {logging_mixin.py:190} INFO - [2025-03-08T20:43:55.745+0000] {dag.py:3239} INFO - Sync 1 DAGs
[2025-03-08T20:43:55.779+0000] {logging_mixin.py:190} INFO - [2025-03-08T20:43:55.779+0000] {dag.py:4180} INFO - Setting next_dagrun for example_display_name to None, run_after=None
[2025-03-08T20:43:55.817+0000] {processor.py:208} INFO - Processing /home/airflow/.local/lib/python3.12/site-packages/airflow/example_dags/example_display_name.py took 0.128 seconds
[2025-03-08T20:44:27.332+0000] {processor.py:186} INFO - Started process (PID=28836) to work on /home/airflow/.local/lib/python3.12/site-packages/airflow/example_dags/example_display_name.py
[2025-03-08T20:44:27.333+0000] {processor.py:914} INFO - Processing file /home/airflow/.local/lib/python3.12/site-packages/airflow/example_dags/example_display_name.py for tasks to queue
[2025-03-08T20:44:27.336+0000] {logging_mixin.py:190} INFO - [2025-03-08T20:44:27.336+0000] {dagbag.py:588} INFO - Filling up the DagBag from /home/airflow/.local/lib/python3.12/site-packages/airflow/example_dags/example_display_name.py
[2025-03-08T20:44:27.347+0000] {processor.py:925} INFO - DAG(s) 'example_display_name' retrieved from /home/airflow/.local/lib/python3.12/site-packages/airflow/example_dags/example_display_name.py
[2025-03-08T20:44:27.373+0000] {logging_mixin.py:190} INFO - [2025-03-08T20:44:27.373+0000] {dag.py:3239} INFO - Sync 1 DAGs
[2025-03-08T20:44:27.399+0000] {logging_mixin.py:190} INFO - [2025-03-08T20:44:27.399+0000] {dag.py:4180} INFO - Setting next_dagrun for example_display_name to None, run_after=None
[2025-03-08T20:44:27.432+0000] {processor.py:208} INFO - Processing /home/airflow/.local/lib/python3.12/site-packages/airflow/example_dags/example_display_name.py took 0.109 seconds
[2025-03-08T20:44:58.799+0000] {processor.py:186} INFO - Started process (PID=28902) to work on /home/airflow/.local/lib/python3.12/site-packages/airflow/example_dags/example_display_name.py
[2025-03-08T20:44:58.800+0000] {processor.py:914} INFO - Processing file /home/airflow/.local/lib/python3.12/site-packages/airflow/example_dags/example_display_name.py for tasks to queue
[2025-03-08T20:44:58.803+0000] {logging_mixin.py:190} INFO - [2025-03-08T20:44:58.803+0000] {dagbag.py:588} INFO - Filling up the DagBag from /home/airflow/.local/lib/python3.12/site-packages/airflow/example_dags/example_display_name.py
[2025-03-08T20:44:58.814+0000] {processor.py:925} INFO - DAG(s) 'example_display_name' retrieved from /home/airflow/.local/lib/python3.12/site-packages/airflow/example_dags/example_display_name.py
[2025-03-08T20:44:58.841+0000] {logging_mixin.py:190} INFO - [2025-03-08T20:44:58.841+0000] {dag.py:3239} INFO - Sync 1 DAGs
[2025-03-08T20:44:58.865+0000] {logging_mixin.py:190} INFO - [2025-03-08T20:44:58.864+0000] {dag.py:4180} INFO - Setting next_dagrun for example_display_name to None, run_after=None
[2025-03-08T20:44:58.893+0000] {processor.py:208} INFO - Processing /home/airflow/.local/lib/python3.12/site-packages/airflow/example_dags/example_display_name.py took 0.103 seconds
[2025-03-08T20:45:30.041+0000] {processor.py:186} INFO - Started process (PID=28965) to work on /home/airflow/.local/lib/python3.12/site-packages/airflow/example_dags/example_display_name.py
[2025-03-08T20:45:30.042+0000] {processor.py:914} INFO - Processing file /home/airflow/.local/lib/python3.12/site-packages/airflow/example_dags/example_display_name.py for tasks to queue
[2025-03-08T20:45:30.046+0000] {logging_mixin.py:190} INFO - [2025-03-08T20:45:30.045+0000] {dagbag.py:588} INFO - Filling up the DagBag from /home/airflow/.local/lib/python3.12/site-packages/airflow/example_dags/example_display_name.py
[2025-03-08T20:45:30.056+0000] {processor.py:925} INFO - DAG(s) 'example_display_name' retrieved from /home/airflow/.local/lib/python3.12/site-packages/airflow/example_dags/example_display_name.py
[2025-03-08T20:45:30.089+0000] {logging_mixin.py:190} INFO - [2025-03-08T20:45:30.088+0000] {dag.py:3239} INFO - Sync 1 DAGs
[2025-03-08T20:45:30.117+0000] {logging_mixin.py:190} INFO - [2025-03-08T20:45:30.116+0000] {dag.py:4180} INFO - Setting next_dagrun for example_display_name to None, run_after=None
[2025-03-08T20:45:30.145+0000] {processor.py:208} INFO - Processing /home/airflow/.local/lib/python3.12/site-packages/airflow/example_dags/example_display_name.py took 0.112 seconds
[2025-03-08T20:46:03.631+0000] {processor.py:186} INFO - Started process (PID=29037) to work on /home/airflow/.local/lib/python3.12/site-packages/airflow/example_dags/example_display_name.py
[2025-03-08T20:46:03.632+0000] {processor.py:914} INFO - Processing file /home/airflow/.local/lib/python3.12/site-packages/airflow/example_dags/example_display_name.py for tasks to queue
[2025-03-08T20:46:03.635+0000] {logging_mixin.py:190} INFO - [2025-03-08T20:46:03.635+0000] {dagbag.py:588} INFO - Filling up the DagBag from /home/airflow/.local/lib/python3.12/site-packages/airflow/example_dags/example_display_name.py
[2025-03-08T20:46:03.646+0000] {processor.py:925} INFO - DAG(s) 'example_display_name' retrieved from /home/airflow/.local/lib/python3.12/site-packages/airflow/example_dags/example_display_name.py
[2025-03-08T20:46:03.674+0000] {logging_mixin.py:190} INFO - [2025-03-08T20:46:03.673+0000] {dag.py:3239} INFO - Sync 1 DAGs
[2025-03-08T20:46:03.697+0000] {logging_mixin.py:190} INFO - [2025-03-08T20:46:03.697+0000] {dag.py:4180} INFO - Setting next_dagrun for example_display_name to None, run_after=None
[2025-03-08T20:46:03.724+0000] {processor.py:208} INFO - Processing /home/airflow/.local/lib/python3.12/site-packages/airflow/example_dags/example_display_name.py took 0.101 seconds
[2025-03-08T20:46:35.343+0000] {processor.py:186} INFO - Started process (PID=29101) to work on /home/airflow/.local/lib/python3.12/site-packages/airflow/example_dags/example_display_name.py
[2025-03-08T20:46:35.344+0000] {processor.py:914} INFO - Processing file /home/airflow/.local/lib/python3.12/site-packages/airflow/example_dags/example_display_name.py for tasks to queue
[2025-03-08T20:46:35.346+0000] {logging_mixin.py:190} INFO - [2025-03-08T20:46:35.346+0000] {dagbag.py:588} INFO - Filling up the DagBag from /home/airflow/.local/lib/python3.12/site-packages/airflow/example_dags/example_display_name.py
[2025-03-08T20:46:35.357+0000] {processor.py:925} INFO - DAG(s) 'example_display_name' retrieved from /home/airflow/.local/lib/python3.12/site-packages/airflow/example_dags/example_display_name.py
[2025-03-08T20:46:35.385+0000] {logging_mixin.py:190} INFO - [2025-03-08T20:46:35.385+0000] {dag.py:3239} INFO - Sync 1 DAGs
[2025-03-08T20:46:35.412+0000] {logging_mixin.py:190} INFO - [2025-03-08T20:46:35.412+0000] {dag.py:4180} INFO - Setting next_dagrun for example_display_name to None, run_after=None
[2025-03-08T20:46:35.440+0000] {processor.py:208} INFO - Processing /home/airflow/.local/lib/python3.12/site-packages/airflow/example_dags/example_display_name.py took 0.106 seconds
[2025-03-08T20:47:06.658+0000] {processor.py:186} INFO - Started process (PID=29165) to work on /home/airflow/.local/lib/python3.12/site-packages/airflow/example_dags/example_display_name.py
[2025-03-08T20:47:06.659+0000] {processor.py:914} INFO - Processing file /home/airflow/.local/lib/python3.12/site-packages/airflow/example_dags/example_display_name.py for tasks to queue
[2025-03-08T20:47:06.662+0000] {logging_mixin.py:190} INFO - [2025-03-08T20:47:06.662+0000] {dagbag.py:588} INFO - Filling up the DagBag from /home/airflow/.local/lib/python3.12/site-packages/airflow/example_dags/example_display_name.py
[2025-03-08T20:47:06.673+0000] {processor.py:925} INFO - DAG(s) 'example_display_name' retrieved from /home/airflow/.local/lib/python3.12/site-packages/airflow/example_dags/example_display_name.py
[2025-03-08T20:47:06.700+0000] {logging_mixin.py:190} INFO - [2025-03-08T20:47:06.700+0000] {dag.py:3239} INFO - Sync 1 DAGs
[2025-03-08T20:47:06.724+0000] {logging_mixin.py:190} INFO - [2025-03-08T20:47:06.724+0000] {dag.py:4180} INFO - Setting next_dagrun for example_display_name to None, run_after=None
[2025-03-08T20:47:06.752+0000] {processor.py:208} INFO - Processing /home/airflow/.local/lib/python3.12/site-packages/airflow/example_dags/example_display_name.py took 0.102 seconds
[2025-03-08T20:47:37.524+0000] {processor.py:186} INFO - Started process (PID=29228) to work on /home/airflow/.local/lib/python3.12/site-packages/airflow/example_dags/example_display_name.py
[2025-03-08T20:47:37.525+0000] {processor.py:914} INFO - Processing file /home/airflow/.local/lib/python3.12/site-packages/airflow/example_dags/example_display_name.py for tasks to queue
[2025-03-08T20:47:37.529+0000] {logging_mixin.py:190} INFO - [2025-03-08T20:47:37.528+0000] {dagbag.py:588} INFO - Filling up the DagBag from /home/airflow/.local/lib/python3.12/site-packages/airflow/example_dags/example_display_name.py
[2025-03-08T20:47:37.539+0000] {processor.py:925} INFO - DAG(s) 'example_display_name' retrieved from /home/airflow/.local/lib/python3.12/site-packages/airflow/example_dags/example_display_name.py
[2025-03-08T20:47:37.567+0000] {logging_mixin.py:190} INFO - [2025-03-08T20:47:37.566+0000] {dag.py:3239} INFO - Sync 1 DAGs
[2025-03-08T20:47:37.591+0000] {logging_mixin.py:190} INFO - [2025-03-08T20:47:37.591+0000] {dag.py:4180} INFO - Setting next_dagrun for example_display_name to None, run_after=None
[2025-03-08T20:47:37.619+0000] {processor.py:208} INFO - Processing /home/airflow/.local/lib/python3.12/site-packages/airflow/example_dags/example_display_name.py took 0.105 seconds
[2025-03-08T20:48:09.998+0000] {processor.py:186} INFO - Started process (PID=29291) to work on /home/airflow/.local/lib/python3.12/site-packages/airflow/example_dags/example_display_name.py
[2025-03-08T20:48:09.999+0000] {processor.py:914} INFO - Processing file /home/airflow/.local/lib/python3.12/site-packages/airflow/example_dags/example_display_name.py for tasks to queue
[2025-03-08T20:48:10.002+0000] {logging_mixin.py:190} INFO - [2025-03-08T20:48:10.001+0000] {dagbag.py:588} INFO - Filling up the DagBag from /home/airflow/.local/lib/python3.12/site-packages/airflow/example_dags/example_display_name.py
[2025-03-08T20:48:10.012+0000] {processor.py:925} INFO - DAG(s) 'example_display_name' retrieved from /home/airflow/.local/lib/python3.12/site-packages/airflow/example_dags/example_display_name.py
[2025-03-08T20:48:10.046+0000] {logging_mixin.py:190} INFO - [2025-03-08T20:48:10.045+0000] {dag.py:3239} INFO - Sync 1 DAGs
[2025-03-08T20:48:10.072+0000] {logging_mixin.py:190} INFO - [2025-03-08T20:48:10.072+0000] {dag.py:4180} INFO - Setting next_dagrun for example_display_name to None, run_after=None
[2025-03-08T20:48:10.100+0000] {processor.py:208} INFO - Processing /home/airflow/.local/lib/python3.12/site-packages/airflow/example_dags/example_display_name.py took 0.111 seconds
[2025-03-08T20:48:41.089+0000] {processor.py:186} INFO - Started process (PID=29357) to work on /home/airflow/.local/lib/python3.12/site-packages/airflow/example_dags/example_display_name.py
[2025-03-08T20:48:41.090+0000] {processor.py:914} INFO - Processing file /home/airflow/.local/lib/python3.12/site-packages/airflow/example_dags/example_display_name.py for tasks to queue
[2025-03-08T20:48:41.094+0000] {logging_mixin.py:190} INFO - [2025-03-08T20:48:41.093+0000] {dagbag.py:588} INFO - Filling up the DagBag from /home/airflow/.local/lib/python3.12/site-packages/airflow/example_dags/example_display_name.py
[2025-03-08T20:48:41.105+0000] {processor.py:925} INFO - DAG(s) 'example_display_name' retrieved from /home/airflow/.local/lib/python3.12/site-packages/airflow/example_dags/example_display_name.py
[2025-03-08T20:48:41.132+0000] {logging_mixin.py:190} INFO - [2025-03-08T20:48:41.132+0000] {dag.py:3239} INFO - Sync 1 DAGs
[2025-03-08T20:48:41.158+0000] {logging_mixin.py:190} INFO - [2025-03-08T20:48:41.157+0000] {dag.py:4180} INFO - Setting next_dagrun for example_display_name to None, run_after=None
[2025-03-08T20:48:41.190+0000] {processor.py:208} INFO - Processing /home/airflow/.local/lib/python3.12/site-packages/airflow/example_dags/example_display_name.py took 0.113 seconds
[2025-03-08T20:49:12.969+0000] {processor.py:186} INFO - Started process (PID=29426) to work on /home/airflow/.local/lib/python3.12/site-packages/airflow/example_dags/example_display_name.py
[2025-03-08T20:49:12.970+0000] {processor.py:914} INFO - Processing file /home/airflow/.local/lib/python3.12/site-packages/airflow/example_dags/example_display_name.py for tasks to queue
[2025-03-08T20:49:12.974+0000] {logging_mixin.py:190} INFO - [2025-03-08T20:49:12.974+0000] {dagbag.py:588} INFO - Filling up the DagBag from /home/airflow/.local/lib/python3.12/site-packages/airflow/example_dags/example_display_name.py
[2025-03-08T20:49:12.985+0000] {processor.py:925} INFO - DAG(s) 'example_display_name' retrieved from /home/airflow/.local/lib/python3.12/site-packages/airflow/example_dags/example_display_name.py
[2025-03-08T20:49:13.016+0000] {logging_mixin.py:190} INFO - [2025-03-08T20:49:13.015+0000] {dag.py:3239} INFO - Sync 1 DAGs
[2025-03-08T20:49:13.040+0000] {logging_mixin.py:190} INFO - [2025-03-08T20:49:13.040+0000] {dag.py:4180} INFO - Setting next_dagrun for example_display_name to None, run_after=None
[2025-03-08T20:49:13.071+0000] {processor.py:208} INFO - Processing /home/airflow/.local/lib/python3.12/site-packages/airflow/example_dags/example_display_name.py took 0.110 seconds
[2025-03-08T20:49:45.131+0000] {processor.py:186} INFO - Started process (PID=29492) to work on /home/airflow/.local/lib/python3.12/site-packages/airflow/example_dags/example_display_name.py
[2025-03-08T20:49:45.132+0000] {processor.py:914} INFO - Processing file /home/airflow/.local/lib/python3.12/site-packages/airflow/example_dags/example_display_name.py for tasks to queue
[2025-03-08T20:49:45.135+0000] {logging_mixin.py:190} INFO - [2025-03-08T20:49:45.135+0000] {dagbag.py:588} INFO - Filling up the DagBag from /home/airflow/.local/lib/python3.12/site-packages/airflow/example_dags/example_display_name.py
[2025-03-08T20:49:45.146+0000] {processor.py:925} INFO - DAG(s) 'example_display_name' retrieved from /home/airflow/.local/lib/python3.12/site-packages/airflow/example_dags/example_display_name.py
[2025-03-08T20:49:45.174+0000] {logging_mixin.py:190} INFO - [2025-03-08T20:49:45.173+0000] {dag.py:3239} INFO - Sync 1 DAGs
[2025-03-08T20:49:45.197+0000] {logging_mixin.py:190} INFO - [2025-03-08T20:49:45.196+0000] {dag.py:4180} INFO - Setting next_dagrun for example_display_name to None, run_after=None
[2025-03-08T20:49:45.224+0000] {processor.py:208} INFO - Processing /home/airflow/.local/lib/python3.12/site-packages/airflow/example_dags/example_display_name.py took 0.101 seconds
[2025-03-08T20:50:16.256+0000] {processor.py:186} INFO - Started process (PID=29555) to work on /home/airflow/.local/lib/python3.12/site-packages/airflow/example_dags/example_display_name.py
[2025-03-08T20:50:16.258+0000] {processor.py:914} INFO - Processing file /home/airflow/.local/lib/python3.12/site-packages/airflow/example_dags/example_display_name.py for tasks to queue
[2025-03-08T20:50:16.261+0000] {logging_mixin.py:190} INFO - [2025-03-08T20:50:16.261+0000] {dagbag.py:588} INFO - Filling up the DagBag from /home/airflow/.local/lib/python3.12/site-packages/airflow/example_dags/example_display_name.py
[2025-03-08T20:50:16.272+0000] {processor.py:925} INFO - DAG(s) 'example_display_name' retrieved from /home/airflow/.local/lib/python3.12/site-packages/airflow/example_dags/example_display_name.py
[2025-03-08T20:50:16.299+0000] {logging_mixin.py:190} INFO - [2025-03-08T20:50:16.299+0000] {dag.py:3239} INFO - Sync 1 DAGs
[2025-03-08T20:50:16.322+0000] {logging_mixin.py:190} INFO - [2025-03-08T20:50:16.322+0000] {dag.py:4180} INFO - Setting next_dagrun for example_display_name to None, run_after=None
[2025-03-08T20:50:16.350+0000] {processor.py:208} INFO - Processing /home/airflow/.local/lib/python3.12/site-packages/airflow/example_dags/example_display_name.py took 0.102 seconds
[2025-03-08T20:50:47.727+0000] {processor.py:186} INFO - Started process (PID=29618) to work on /home/airflow/.local/lib/python3.12/site-packages/airflow/example_dags/example_display_name.py
[2025-03-08T20:50:47.728+0000] {processor.py:914} INFO - Processing file /home/airflow/.local/lib/python3.12/site-packages/airflow/example_dags/example_display_name.py for tasks to queue
[2025-03-08T20:50:47.732+0000] {logging_mixin.py:190} INFO - [2025-03-08T20:50:47.732+0000] {dagbag.py:588} INFO - Filling up the DagBag from /home/airflow/.local/lib/python3.12/site-packages/airflow/example_dags/example_display_name.py
[2025-03-08T20:50:47.742+0000] {processor.py:925} INFO - DAG(s) 'example_display_name' retrieved from /home/airflow/.local/lib/python3.12/site-packages/airflow/example_dags/example_display_name.py
[2025-03-08T20:50:47.771+0000] {logging_mixin.py:190} INFO - [2025-03-08T20:50:47.771+0000] {dag.py:3239} INFO - Sync 1 DAGs
[2025-03-08T20:50:47.794+0000] {logging_mixin.py:190} INFO - [2025-03-08T20:50:47.794+0000] {dag.py:4180} INFO - Setting next_dagrun for example_display_name to None, run_after=None
[2025-03-08T20:50:47.823+0000] {processor.py:208} INFO - Processing /home/airflow/.local/lib/python3.12/site-packages/airflow/example_dags/example_display_name.py took 0.104 seconds
