[2025-03-08T19:36:16.891+0000] {processor.py:186} INFO - Started process (PID=24795) to work on /home/airflow/.local/lib/python3.12/site-packages/airflow/example_dags/example_task_group.py
[2025-03-08T19:36:16.893+0000] {processor.py:914} INFO - Processing file /home/airflow/.local/lib/python3.12/site-packages/airflow/example_dags/example_task_group.py for tasks to queue
[2025-03-08T19:36:16.897+0000] {logging_mixin.py:190} INFO - [2025-03-08T19:36:16.896+0000] {dagbag.py:588} INFO - Filling up the DagBag from /home/airflow/.local/lib/python3.12/site-packages/airflow/example_dags/example_task_group.py
[2025-03-08T19:36:16.918+0000] {processor.py:925} INFO - DAG(s) 'example_task_group' retrieved from /home/airflow/.local/lib/python3.12/site-packages/airflow/example_dags/example_task_group.py
[2025-03-08T19:36:16.976+0000] {logging_mixin.py:190} INFO - [2025-03-08T19:36:16.976+0000] {dag.py:3239} INFO - Sync 1 DAGs
[2025-03-08T19:36:17.012+0000] {logging_mixin.py:190} INFO - [2025-03-08T19:36:17.012+0000] {dag.py:4180} INFO - Setting next_dagrun for example_task_group to None, run_after=None
[2025-03-08T19:36:17.082+0000] {processor.py:208} INFO - Processing /home/airflow/.local/lib/python3.12/site-packages/airflow/example_dags/example_task_group.py took 0.206 seconds
[2025-03-08T19:36:52.904+0000] {processor.py:186} INFO - Started process (PID=24857) to work on /home/airflow/.local/lib/python3.12/site-packages/airflow/example_dags/example_task_group.py
[2025-03-08T19:36:52.917+0000] {processor.py:914} INFO - Processing file /home/airflow/.local/lib/python3.12/site-packages/airflow/example_dags/example_task_group.py for tasks to queue
[2025-03-08T19:36:52.922+0000] {logging_mixin.py:190} INFO - [2025-03-08T19:36:52.921+0000] {dagbag.py:588} INFO - Filling up the DagBag from /home/airflow/.local/lib/python3.12/site-packages/airflow/example_dags/example_task_group.py
[2025-03-08T19:36:52.972+0000] {processor.py:925} INFO - DAG(s) 'example_task_group' retrieved from /home/airflow/.local/lib/python3.12/site-packages/airflow/example_dags/example_task_group.py
[2025-03-08T19:36:53.073+0000] {logging_mixin.py:190} INFO - [2025-03-08T19:36:53.073+0000] {dag.py:3239} INFO - Sync 1 DAGs
[2025-03-08T19:36:53.115+0000] {logging_mixin.py:190} INFO - [2025-03-08T19:36:53.115+0000] {dag.py:4180} INFO - Setting next_dagrun for example_task_group to None, run_after=None
[2025-03-08T19:36:53.166+0000] {processor.py:208} INFO - Processing /home/airflow/.local/lib/python3.12/site-packages/airflow/example_dags/example_task_group.py took 0.295 seconds
[2025-03-08T19:37:25.431+0000] {processor.py:186} INFO - Started process (PID=24920) to work on /home/airflow/.local/lib/python3.12/site-packages/airflow/example_dags/example_task_group.py
[2025-03-08T19:37:25.433+0000] {processor.py:914} INFO - Processing file /home/airflow/.local/lib/python3.12/site-packages/airflow/example_dags/example_task_group.py for tasks to queue
[2025-03-08T19:37:25.445+0000] {logging_mixin.py:190} INFO - [2025-03-08T19:37:25.437+0000] {dagbag.py:588} INFO - Filling up the DagBag from /home/airflow/.local/lib/python3.12/site-packages/airflow/example_dags/example_task_group.py
[2025-03-08T19:37:25.477+0000] {processor.py:925} INFO - DAG(s) 'example_task_group' retrieved from /home/airflow/.local/lib/python3.12/site-packages/airflow/example_dags/example_task_group.py
[2025-03-08T19:37:25.601+0000] {logging_mixin.py:190} INFO - [2025-03-08T19:37:25.601+0000] {dag.py:3239} INFO - Sync 1 DAGs
[2025-03-08T19:37:25.734+0000] {logging_mixin.py:190} INFO - [2025-03-08T19:37:25.734+0000] {dag.py:4180} INFO - Setting next_dagrun for example_task_group to None, run_after=None
[2025-03-08T19:37:25.795+0000] {processor.py:208} INFO - Processing /home/airflow/.local/lib/python3.12/site-packages/airflow/example_dags/example_task_group.py took 0.388 seconds
[2025-03-08T19:37:56.925+0000] {processor.py:186} INFO - Started process (PID=24982) to work on /home/airflow/.local/lib/python3.12/site-packages/airflow/example_dags/example_task_group.py
[2025-03-08T19:37:56.927+0000] {processor.py:914} INFO - Processing file /home/airflow/.local/lib/python3.12/site-packages/airflow/example_dags/example_task_group.py for tasks to queue
[2025-03-08T19:37:56.931+0000] {logging_mixin.py:190} INFO - [2025-03-08T19:37:56.930+0000] {dagbag.py:588} INFO - Filling up the DagBag from /home/airflow/.local/lib/python3.12/site-packages/airflow/example_dags/example_task_group.py
[2025-03-08T19:37:56.949+0000] {processor.py:925} INFO - DAG(s) 'example_task_group' retrieved from /home/airflow/.local/lib/python3.12/site-packages/airflow/example_dags/example_task_group.py
[2025-03-08T19:37:57.016+0000] {logging_mixin.py:190} INFO - [2025-03-08T19:37:57.015+0000] {dag.py:3239} INFO - Sync 1 DAGs
[2025-03-08T19:37:57.052+0000] {logging_mixin.py:190} INFO - [2025-03-08T19:37:57.051+0000] {dag.py:4180} INFO - Setting next_dagrun for example_task_group to None, run_after=None
[2025-03-08T19:37:57.128+0000] {processor.py:208} INFO - Processing /home/airflow/.local/lib/python3.12/site-packages/airflow/example_dags/example_task_group.py took 0.215 seconds
[2025-03-08T19:38:29.143+0000] {processor.py:186} INFO - Started process (PID=25045) to work on /home/airflow/.local/lib/python3.12/site-packages/airflow/example_dags/example_task_group.py
[2025-03-08T19:38:29.145+0000] {processor.py:914} INFO - Processing file /home/airflow/.local/lib/python3.12/site-packages/airflow/example_dags/example_task_group.py for tasks to queue
[2025-03-08T19:38:29.149+0000] {logging_mixin.py:190} INFO - [2025-03-08T19:38:29.148+0000] {dagbag.py:588} INFO - Filling up the DagBag from /home/airflow/.local/lib/python3.12/site-packages/airflow/example_dags/example_task_group.py
[2025-03-08T19:38:29.185+0000] {processor.py:925} INFO - DAG(s) 'example_task_group' retrieved from /home/airflow/.local/lib/python3.12/site-packages/airflow/example_dags/example_task_group.py
[2025-03-08T19:38:29.233+0000] {logging_mixin.py:190} INFO - [2025-03-08T19:38:29.233+0000] {dag.py:3239} INFO - Sync 1 DAGs
[2025-03-08T19:38:29.272+0000] {logging_mixin.py:190} INFO - [2025-03-08T19:38:29.271+0000] {dag.py:4180} INFO - Setting next_dagrun for example_task_group to None, run_after=None
[2025-03-08T19:38:29.326+0000] {processor.py:208} INFO - Processing /home/airflow/.local/lib/python3.12/site-packages/airflow/example_dags/example_task_group.py took 0.217 seconds
[2025-03-08T19:39:00.258+0000] {processor.py:186} INFO - Started process (PID=25108) to work on /home/airflow/.local/lib/python3.12/site-packages/airflow/example_dags/example_task_group.py
[2025-03-08T19:39:00.265+0000] {processor.py:914} INFO - Processing file /home/airflow/.local/lib/python3.12/site-packages/airflow/example_dags/example_task_group.py for tasks to queue
[2025-03-08T19:39:00.270+0000] {logging_mixin.py:190} INFO - [2025-03-08T19:39:00.269+0000] {dagbag.py:588} INFO - Filling up the DagBag from /home/airflow/.local/lib/python3.12/site-packages/airflow/example_dags/example_task_group.py
[2025-03-08T19:39:00.290+0000] {processor.py:925} INFO - DAG(s) 'example_task_group' retrieved from /home/airflow/.local/lib/python3.12/site-packages/airflow/example_dags/example_task_group.py
[2025-03-08T19:39:00.338+0000] {logging_mixin.py:190} INFO - [2025-03-08T19:39:00.337+0000] {dag.py:3239} INFO - Sync 1 DAGs
[2025-03-08T19:39:00.376+0000] {logging_mixin.py:190} INFO - [2025-03-08T19:39:00.375+0000] {dag.py:4180} INFO - Setting next_dagrun for example_task_group to None, run_after=None
[2025-03-08T19:39:00.420+0000] {processor.py:208} INFO - Processing /home/airflow/.local/lib/python3.12/site-packages/airflow/example_dags/example_task_group.py took 0.175 seconds
[2025-03-08T19:39:31.497+0000] {processor.py:186} INFO - Started process (PID=25171) to work on /home/airflow/.local/lib/python3.12/site-packages/airflow/example_dags/example_task_group.py
[2025-03-08T19:39:31.499+0000] {processor.py:914} INFO - Processing file /home/airflow/.local/lib/python3.12/site-packages/airflow/example_dags/example_task_group.py for tasks to queue
[2025-03-08T19:39:31.502+0000] {logging_mixin.py:190} INFO - [2025-03-08T19:39:31.501+0000] {dagbag.py:588} INFO - Filling up the DagBag from /home/airflow/.local/lib/python3.12/site-packages/airflow/example_dags/example_task_group.py
[2025-03-08T19:39:31.515+0000] {processor.py:925} INFO - DAG(s) 'example_task_group' retrieved from /home/airflow/.local/lib/python3.12/site-packages/airflow/example_dags/example_task_group.py
[2025-03-08T19:39:31.558+0000] {logging_mixin.py:190} INFO - [2025-03-08T19:39:31.557+0000] {dag.py:3239} INFO - Sync 1 DAGs
[2025-03-08T19:39:31.583+0000] {logging_mixin.py:190} INFO - [2025-03-08T19:39:31.582+0000] {dag.py:4180} INFO - Setting next_dagrun for example_task_group to None, run_after=None
[2025-03-08T19:39:31.615+0000] {processor.py:208} INFO - Processing /home/airflow/.local/lib/python3.12/site-packages/airflow/example_dags/example_task_group.py took 0.128 seconds
[2025-03-08T19:40:02.589+0000] {processor.py:186} INFO - Started process (PID=25234) to work on /home/airflow/.local/lib/python3.12/site-packages/airflow/example_dags/example_task_group.py
[2025-03-08T19:40:02.590+0000] {processor.py:914} INFO - Processing file /home/airflow/.local/lib/python3.12/site-packages/airflow/example_dags/example_task_group.py for tasks to queue
[2025-03-08T19:40:02.595+0000] {logging_mixin.py:190} INFO - [2025-03-08T19:40:02.594+0000] {dagbag.py:588} INFO - Filling up the DagBag from /home/airflow/.local/lib/python3.12/site-packages/airflow/example_dags/example_task_group.py
[2025-03-08T19:40:02.614+0000] {processor.py:925} INFO - DAG(s) 'example_task_group' retrieved from /home/airflow/.local/lib/python3.12/site-packages/airflow/example_dags/example_task_group.py
[2025-03-08T19:40:02.658+0000] {logging_mixin.py:190} INFO - [2025-03-08T19:40:02.658+0000] {dag.py:3239} INFO - Sync 1 DAGs
[2025-03-08T19:40:02.694+0000] {logging_mixin.py:190} INFO - [2025-03-08T19:40:02.694+0000] {dag.py:4180} INFO - Setting next_dagrun for example_task_group to None, run_after=None
[2025-03-08T19:40:02.735+0000] {processor.py:208} INFO - Processing /home/airflow/.local/lib/python3.12/site-packages/airflow/example_dags/example_task_group.py took 0.159 seconds
[2025-03-08T19:40:33.050+0000] {processor.py:186} INFO - Started process (PID=25296) to work on /home/airflow/.local/lib/python3.12/site-packages/airflow/example_dags/example_task_group.py
[2025-03-08T19:40:33.051+0000] {processor.py:914} INFO - Processing file /home/airflow/.local/lib/python3.12/site-packages/airflow/example_dags/example_task_group.py for tasks to queue
[2025-03-08T19:40:33.055+0000] {logging_mixin.py:190} INFO - [2025-03-08T19:40:33.054+0000] {dagbag.py:588} INFO - Filling up the DagBag from /home/airflow/.local/lib/python3.12/site-packages/airflow/example_dags/example_task_group.py
[2025-03-08T19:40:33.073+0000] {processor.py:925} INFO - DAG(s) 'example_task_group' retrieved from /home/airflow/.local/lib/python3.12/site-packages/airflow/example_dags/example_task_group.py
[2025-03-08T19:40:33.120+0000] {logging_mixin.py:190} INFO - [2025-03-08T19:40:33.120+0000] {dag.py:3239} INFO - Sync 1 DAGs
[2025-03-08T19:40:33.158+0000] {logging_mixin.py:190} INFO - [2025-03-08T19:40:33.157+0000] {dag.py:4180} INFO - Setting next_dagrun for example_task_group to None, run_after=None
[2025-03-08T19:40:33.198+0000] {processor.py:208} INFO - Processing /home/airflow/.local/lib/python3.12/site-packages/airflow/example_dags/example_task_group.py took 0.161 seconds
[2025-03-08T19:41:03.283+0000] {processor.py:186} INFO - Started process (PID=25359) to work on /home/airflow/.local/lib/python3.12/site-packages/airflow/example_dags/example_task_group.py
[2025-03-08T19:41:03.286+0000] {processor.py:914} INFO - Processing file /home/airflow/.local/lib/python3.12/site-packages/airflow/example_dags/example_task_group.py for tasks to queue
[2025-03-08T19:41:03.289+0000] {logging_mixin.py:190} INFO - [2025-03-08T19:41:03.288+0000] {dagbag.py:588} INFO - Filling up the DagBag from /home/airflow/.local/lib/python3.12/site-packages/airflow/example_dags/example_task_group.py
[2025-03-08T19:41:03.302+0000] {processor.py:925} INFO - DAG(s) 'example_task_group' retrieved from /home/airflow/.local/lib/python3.12/site-packages/airflow/example_dags/example_task_group.py
[2025-03-08T19:41:03.345+0000] {logging_mixin.py:190} INFO - [2025-03-08T19:41:03.345+0000] {dag.py:3239} INFO - Sync 1 DAGs
[2025-03-08T19:41:03.388+0000] {logging_mixin.py:190} INFO - [2025-03-08T19:41:03.388+0000] {dag.py:4180} INFO - Setting next_dagrun for example_task_group to None, run_after=None
[2025-03-08T19:41:03.435+0000] {processor.py:208} INFO - Processing /home/airflow/.local/lib/python3.12/site-packages/airflow/example_dags/example_task_group.py took 0.161 seconds
[2025-03-08T19:41:34.079+0000] {processor.py:186} INFO - Started process (PID=25422) to work on /home/airflow/.local/lib/python3.12/site-packages/airflow/example_dags/example_task_group.py
[2025-03-08T19:41:34.081+0000] {processor.py:914} INFO - Processing file /home/airflow/.local/lib/python3.12/site-packages/airflow/example_dags/example_task_group.py for tasks to queue
[2025-03-08T19:41:34.085+0000] {logging_mixin.py:190} INFO - [2025-03-08T19:41:34.084+0000] {dagbag.py:588} INFO - Filling up the DagBag from /home/airflow/.local/lib/python3.12/site-packages/airflow/example_dags/example_task_group.py
[2025-03-08T19:41:34.104+0000] {processor.py:925} INFO - DAG(s) 'example_task_group' retrieved from /home/airflow/.local/lib/python3.12/site-packages/airflow/example_dags/example_task_group.py
[2025-03-08T19:41:34.142+0000] {logging_mixin.py:190} INFO - [2025-03-08T19:41:34.141+0000] {dag.py:3239} INFO - Sync 1 DAGs
[2025-03-08T19:41:34.173+0000] {logging_mixin.py:190} INFO - [2025-03-08T19:41:34.172+0000] {dag.py:4180} INFO - Setting next_dagrun for example_task_group to None, run_after=None
[2025-03-08T19:41:34.208+0000] {processor.py:208} INFO - Processing /home/airflow/.local/lib/python3.12/site-packages/airflow/example_dags/example_task_group.py took 0.143 seconds
[2025-03-08T19:42:05.357+0000] {processor.py:186} INFO - Started process (PID=25485) to work on /home/airflow/.local/lib/python3.12/site-packages/airflow/example_dags/example_task_group.py
[2025-03-08T19:42:05.358+0000] {processor.py:914} INFO - Processing file /home/airflow/.local/lib/python3.12/site-packages/airflow/example_dags/example_task_group.py for tasks to queue
[2025-03-08T19:42:05.363+0000] {logging_mixin.py:190} INFO - [2025-03-08T19:42:05.362+0000] {dagbag.py:588} INFO - Filling up the DagBag from /home/airflow/.local/lib/python3.12/site-packages/airflow/example_dags/example_task_group.py
[2025-03-08T19:42:05.381+0000] {processor.py:925} INFO - DAG(s) 'example_task_group' retrieved from /home/airflow/.local/lib/python3.12/site-packages/airflow/example_dags/example_task_group.py
[2025-03-08T19:42:05.426+0000] {logging_mixin.py:190} INFO - [2025-03-08T19:42:05.426+0000] {dag.py:3239} INFO - Sync 1 DAGs
[2025-03-08T19:42:05.458+0000] {logging_mixin.py:190} INFO - [2025-03-08T19:42:05.458+0000] {dag.py:4180} INFO - Setting next_dagrun for example_task_group to None, run_after=None
[2025-03-08T19:42:05.498+0000] {processor.py:208} INFO - Processing /home/airflow/.local/lib/python3.12/site-packages/airflow/example_dags/example_task_group.py took 0.153 seconds
[2025-03-08T19:42:36.804+0000] {processor.py:186} INFO - Started process (PID=25547) to work on /home/airflow/.local/lib/python3.12/site-packages/airflow/example_dags/example_task_group.py
[2025-03-08T19:42:36.805+0000] {processor.py:914} INFO - Processing file /home/airflow/.local/lib/python3.12/site-packages/airflow/example_dags/example_task_group.py for tasks to queue
[2025-03-08T19:42:36.808+0000] {logging_mixin.py:190} INFO - [2025-03-08T19:42:36.807+0000] {dagbag.py:588} INFO - Filling up the DagBag from /home/airflow/.local/lib/python3.12/site-packages/airflow/example_dags/example_task_group.py
[2025-03-08T19:42:36.825+0000] {processor.py:925} INFO - DAG(s) 'example_task_group' retrieved from /home/airflow/.local/lib/python3.12/site-packages/airflow/example_dags/example_task_group.py
[2025-03-08T19:42:36.871+0000] {logging_mixin.py:190} INFO - [2025-03-08T19:42:36.870+0000] {dag.py:3239} INFO - Sync 1 DAGs
[2025-03-08T19:42:36.908+0000] {logging_mixin.py:190} INFO - [2025-03-08T19:42:36.908+0000] {dag.py:4180} INFO - Setting next_dagrun for example_task_group to None, run_after=None
[2025-03-08T19:42:36.948+0000] {processor.py:208} INFO - Processing /home/airflow/.local/lib/python3.12/site-packages/airflow/example_dags/example_task_group.py took 0.155 seconds
[2025-03-08T19:43:08.508+0000] {processor.py:186} INFO - Started process (PID=25610) to work on /home/airflow/.local/lib/python3.12/site-packages/airflow/example_dags/example_task_group.py
[2025-03-08T19:43:08.509+0000] {processor.py:914} INFO - Processing file /home/airflow/.local/lib/python3.12/site-packages/airflow/example_dags/example_task_group.py for tasks to queue
[2025-03-08T19:43:08.513+0000] {logging_mixin.py:190} INFO - [2025-03-08T19:43:08.513+0000] {dagbag.py:588} INFO - Filling up the DagBag from /home/airflow/.local/lib/python3.12/site-packages/airflow/example_dags/example_task_group.py
[2025-03-08T19:43:08.533+0000] {processor.py:925} INFO - DAG(s) 'example_task_group' retrieved from /home/airflow/.local/lib/python3.12/site-packages/airflow/example_dags/example_task_group.py
[2025-03-08T19:43:08.580+0000] {logging_mixin.py:190} INFO - [2025-03-08T19:43:08.579+0000] {dag.py:3239} INFO - Sync 1 DAGs
[2025-03-08T19:43:08.615+0000] {logging_mixin.py:190} INFO - [2025-03-08T19:43:08.614+0000] {dag.py:4180} INFO - Setting next_dagrun for example_task_group to None, run_after=None
[2025-03-08T19:43:08.657+0000] {processor.py:208} INFO - Processing /home/airflow/.local/lib/python3.12/site-packages/airflow/example_dags/example_task_group.py took 0.162 seconds
[2025-03-08T19:43:39.959+0000] {processor.py:186} INFO - Started process (PID=25673) to work on /home/airflow/.local/lib/python3.12/site-packages/airflow/example_dags/example_task_group.py
[2025-03-08T19:43:39.960+0000] {processor.py:914} INFO - Processing file /home/airflow/.local/lib/python3.12/site-packages/airflow/example_dags/example_task_group.py for tasks to queue
[2025-03-08T19:43:39.965+0000] {logging_mixin.py:190} INFO - [2025-03-08T19:43:39.964+0000] {dagbag.py:588} INFO - Filling up the DagBag from /home/airflow/.local/lib/python3.12/site-packages/airflow/example_dags/example_task_group.py
[2025-03-08T19:43:39.983+0000] {processor.py:925} INFO - DAG(s) 'example_task_group' retrieved from /home/airflow/.local/lib/python3.12/site-packages/airflow/example_dags/example_task_group.py
[2025-03-08T19:43:40.025+0000] {logging_mixin.py:190} INFO - [2025-03-08T19:43:40.025+0000] {dag.py:3239} INFO - Sync 1 DAGs
[2025-03-08T19:43:40.054+0000] {logging_mixin.py:190} INFO - [2025-03-08T19:43:40.054+0000] {dag.py:4180} INFO - Setting next_dagrun for example_task_group to None, run_after=None
[2025-03-08T19:43:40.085+0000] {processor.py:208} INFO - Processing /home/airflow/.local/lib/python3.12/site-packages/airflow/example_dags/example_task_group.py took 0.138 seconds
[2025-03-08T19:44:10.379+0000] {processor.py:186} INFO - Started process (PID=25735) to work on /home/airflow/.local/lib/python3.12/site-packages/airflow/example_dags/example_task_group.py
[2025-03-08T19:44:10.381+0000] {processor.py:914} INFO - Processing file /home/airflow/.local/lib/python3.12/site-packages/airflow/example_dags/example_task_group.py for tasks to queue
[2025-03-08T19:44:10.385+0000] {logging_mixin.py:190} INFO - [2025-03-08T19:44:10.384+0000] {dagbag.py:588} INFO - Filling up the DagBag from /home/airflow/.local/lib/python3.12/site-packages/airflow/example_dags/example_task_group.py
[2025-03-08T19:44:10.405+0000] {processor.py:925} INFO - DAG(s) 'example_task_group' retrieved from /home/airflow/.local/lib/python3.12/site-packages/airflow/example_dags/example_task_group.py
[2025-03-08T19:44:10.452+0000] {logging_mixin.py:190} INFO - [2025-03-08T19:44:10.451+0000] {dag.py:3239} INFO - Sync 1 DAGs
[2025-03-08T19:44:10.487+0000] {logging_mixin.py:190} INFO - [2025-03-08T19:44:10.487+0000] {dag.py:4180} INFO - Setting next_dagrun for example_task_group to None, run_after=None
[2025-03-08T19:44:10.527+0000] {processor.py:208} INFO - Processing /home/airflow/.local/lib/python3.12/site-packages/airflow/example_dags/example_task_group.py took 0.160 seconds
[2025-03-08T19:44:40.696+0000] {processor.py:186} INFO - Started process (PID=25803) to work on /home/airflow/.local/lib/python3.12/site-packages/airflow/example_dags/example_task_group.py
[2025-03-08T19:44:40.698+0000] {processor.py:914} INFO - Processing file /home/airflow/.local/lib/python3.12/site-packages/airflow/example_dags/example_task_group.py for tasks to queue
[2025-03-08T19:44:40.702+0000] {logging_mixin.py:190} INFO - [2025-03-08T19:44:40.701+0000] {dagbag.py:588} INFO - Filling up the DagBag from /home/airflow/.local/lib/python3.12/site-packages/airflow/example_dags/example_task_group.py
[2025-03-08T19:44:40.720+0000] {processor.py:925} INFO - DAG(s) 'example_task_group' retrieved from /home/airflow/.local/lib/python3.12/site-packages/airflow/example_dags/example_task_group.py
[2025-03-08T19:44:40.763+0000] {logging_mixin.py:190} INFO - [2025-03-08T19:44:40.762+0000] {dag.py:3239} INFO - Sync 1 DAGs
[2025-03-08T19:44:40.796+0000] {logging_mixin.py:190} INFO - [2025-03-08T19:44:40.796+0000] {dag.py:4180} INFO - Setting next_dagrun for example_task_group to None, run_after=None
[2025-03-08T19:44:40.835+0000] {processor.py:208} INFO - Processing /home/airflow/.local/lib/python3.12/site-packages/airflow/example_dags/example_task_group.py took 0.152 seconds
[2025-03-08T19:45:10.954+0000] {processor.py:186} INFO - Started process (PID=25866) to work on /home/airflow/.local/lib/python3.12/site-packages/airflow/example_dags/example_task_group.py
[2025-03-08T19:45:10.955+0000] {processor.py:914} INFO - Processing file /home/airflow/.local/lib/python3.12/site-packages/airflow/example_dags/example_task_group.py for tasks to queue
[2025-03-08T19:45:10.958+0000] {logging_mixin.py:190} INFO - [2025-03-08T19:45:10.958+0000] {dagbag.py:588} INFO - Filling up the DagBag from /home/airflow/.local/lib/python3.12/site-packages/airflow/example_dags/example_task_group.py
[2025-03-08T19:45:10.972+0000] {processor.py:925} INFO - DAG(s) 'example_task_group' retrieved from /home/airflow/.local/lib/python3.12/site-packages/airflow/example_dags/example_task_group.py
[2025-03-08T19:45:11.014+0000] {logging_mixin.py:190} INFO - [2025-03-08T19:45:11.013+0000] {dag.py:3239} INFO - Sync 1 DAGs
[2025-03-08T19:45:11.046+0000] {logging_mixin.py:190} INFO - [2025-03-08T19:45:11.046+0000] {dag.py:4180} INFO - Setting next_dagrun for example_task_group to None, run_after=None
[2025-03-08T19:45:11.080+0000] {processor.py:208} INFO - Processing /home/airflow/.local/lib/python3.12/site-packages/airflow/example_dags/example_task_group.py took 0.135 seconds
[2025-03-08T19:45:41.272+0000] {processor.py:186} INFO - Started process (PID=25929) to work on /home/airflow/.local/lib/python3.12/site-packages/airflow/example_dags/example_task_group.py
[2025-03-08T19:45:41.273+0000] {processor.py:914} INFO - Processing file /home/airflow/.local/lib/python3.12/site-packages/airflow/example_dags/example_task_group.py for tasks to queue
[2025-03-08T19:45:41.276+0000] {logging_mixin.py:190} INFO - [2025-03-08T19:45:41.275+0000] {dagbag.py:588} INFO - Filling up the DagBag from /home/airflow/.local/lib/python3.12/site-packages/airflow/example_dags/example_task_group.py
[2025-03-08T19:45:41.290+0000] {processor.py:925} INFO - DAG(s) 'example_task_group' retrieved from /home/airflow/.local/lib/python3.12/site-packages/airflow/example_dags/example_task_group.py
[2025-03-08T19:45:41.328+0000] {logging_mixin.py:190} INFO - [2025-03-08T19:45:41.328+0000] {dag.py:3239} INFO - Sync 1 DAGs
[2025-03-08T19:45:41.360+0000] {logging_mixin.py:190} INFO - [2025-03-08T19:45:41.360+0000] {dag.py:4180} INFO - Setting next_dagrun for example_task_group to None, run_after=None
[2025-03-08T19:45:41.396+0000] {processor.py:208} INFO - Processing /home/airflow/.local/lib/python3.12/site-packages/airflow/example_dags/example_task_group.py took 0.134 seconds
[2025-03-08T19:46:11.616+0000] {processor.py:186} INFO - Started process (PID=25992) to work on /home/airflow/.local/lib/python3.12/site-packages/airflow/example_dags/example_task_group.py
[2025-03-08T19:46:11.617+0000] {processor.py:914} INFO - Processing file /home/airflow/.local/lib/python3.12/site-packages/airflow/example_dags/example_task_group.py for tasks to queue
[2025-03-08T19:46:11.620+0000] {logging_mixin.py:190} INFO - [2025-03-08T19:46:11.620+0000] {dagbag.py:588} INFO - Filling up the DagBag from /home/airflow/.local/lib/python3.12/site-packages/airflow/example_dags/example_task_group.py
[2025-03-08T19:46:11.633+0000] {processor.py:925} INFO - DAG(s) 'example_task_group' retrieved from /home/airflow/.local/lib/python3.12/site-packages/airflow/example_dags/example_task_group.py
[2025-03-08T19:46:11.668+0000] {logging_mixin.py:190} INFO - [2025-03-08T19:46:11.668+0000] {dag.py:3239} INFO - Sync 1 DAGs
[2025-03-08T19:46:11.692+0000] {logging_mixin.py:190} INFO - [2025-03-08T19:46:11.691+0000] {dag.py:4180} INFO - Setting next_dagrun for example_task_group to None, run_after=None
[2025-03-08T19:46:11.725+0000] {processor.py:208} INFO - Processing /home/airflow/.local/lib/python3.12/site-packages/airflow/example_dags/example_task_group.py took 0.118 seconds
[2025-03-08T19:46:42.013+0000] {processor.py:186} INFO - Started process (PID=26055) to work on /home/airflow/.local/lib/python3.12/site-packages/airflow/example_dags/example_task_group.py
[2025-03-08T19:46:42.014+0000] {processor.py:914} INFO - Processing file /home/airflow/.local/lib/python3.12/site-packages/airflow/example_dags/example_task_group.py for tasks to queue
[2025-03-08T19:46:42.017+0000] {logging_mixin.py:190} INFO - [2025-03-08T19:46:42.017+0000] {dagbag.py:588} INFO - Filling up the DagBag from /home/airflow/.local/lib/python3.12/site-packages/airflow/example_dags/example_task_group.py
[2025-03-08T19:46:42.030+0000] {processor.py:925} INFO - DAG(s) 'example_task_group' retrieved from /home/airflow/.local/lib/python3.12/site-packages/airflow/example_dags/example_task_group.py
[2025-03-08T19:46:42.064+0000] {logging_mixin.py:190} INFO - [2025-03-08T19:46:42.063+0000] {dag.py:3239} INFO - Sync 1 DAGs
[2025-03-08T19:46:42.095+0000] {logging_mixin.py:190} INFO - [2025-03-08T19:46:42.095+0000] {dag.py:4180} INFO - Setting next_dagrun for example_task_group to None, run_after=None
[2025-03-08T19:46:42.139+0000] {processor.py:208} INFO - Processing /home/airflow/.local/lib/python3.12/site-packages/airflow/example_dags/example_task_group.py took 0.134 seconds
[2025-03-08T19:47:12.218+0000] {processor.py:186} INFO - Started process (PID=26118) to work on /home/airflow/.local/lib/python3.12/site-packages/airflow/example_dags/example_task_group.py
[2025-03-08T19:47:12.219+0000] {processor.py:914} INFO - Processing file /home/airflow/.local/lib/python3.12/site-packages/airflow/example_dags/example_task_group.py for tasks to queue
[2025-03-08T19:47:12.222+0000] {logging_mixin.py:190} INFO - [2025-03-08T19:47:12.222+0000] {dagbag.py:588} INFO - Filling up the DagBag from /home/airflow/.local/lib/python3.12/site-packages/airflow/example_dags/example_task_group.py
[2025-03-08T19:47:12.236+0000] {processor.py:925} INFO - DAG(s) 'example_task_group' retrieved from /home/airflow/.local/lib/python3.12/site-packages/airflow/example_dags/example_task_group.py
[2025-03-08T19:47:12.269+0000] {logging_mixin.py:190} INFO - [2025-03-08T19:47:12.268+0000] {dag.py:3239} INFO - Sync 1 DAGs
[2025-03-08T19:47:12.292+0000] {logging_mixin.py:190} INFO - [2025-03-08T19:47:12.292+0000] {dag.py:4180} INFO - Setting next_dagrun for example_task_group to None, run_after=None
[2025-03-08T19:47:12.323+0000] {processor.py:208} INFO - Processing /home/airflow/.local/lib/python3.12/site-packages/airflow/example_dags/example_task_group.py took 0.114 seconds
[2025-03-08T19:47:42.416+0000] {processor.py:186} INFO - Started process (PID=26181) to work on /home/airflow/.local/lib/python3.12/site-packages/airflow/example_dags/example_task_group.py
[2025-03-08T19:47:42.417+0000] {processor.py:914} INFO - Processing file /home/airflow/.local/lib/python3.12/site-packages/airflow/example_dags/example_task_group.py for tasks to queue
[2025-03-08T19:47:42.420+0000] {logging_mixin.py:190} INFO - [2025-03-08T19:47:42.420+0000] {dagbag.py:588} INFO - Filling up the DagBag from /home/airflow/.local/lib/python3.12/site-packages/airflow/example_dags/example_task_group.py
[2025-03-08T19:47:42.433+0000] {processor.py:925} INFO - DAG(s) 'example_task_group' retrieved from /home/airflow/.local/lib/python3.12/site-packages/airflow/example_dags/example_task_group.py
[2025-03-08T19:47:42.466+0000] {logging_mixin.py:190} INFO - [2025-03-08T19:47:42.465+0000] {dag.py:3239} INFO - Sync 1 DAGs
[2025-03-08T19:47:42.490+0000] {logging_mixin.py:190} INFO - [2025-03-08T19:47:42.489+0000] {dag.py:4180} INFO - Setting next_dagrun for example_task_group to None, run_after=None
[2025-03-08T19:47:42.518+0000] {processor.py:208} INFO - Processing /home/airflow/.local/lib/python3.12/site-packages/airflow/example_dags/example_task_group.py took 0.110 seconds
[2025-03-08T19:48:12.644+0000] {processor.py:186} INFO - Started process (PID=26244) to work on /home/airflow/.local/lib/python3.12/site-packages/airflow/example_dags/example_task_group.py
[2025-03-08T19:48:12.645+0000] {processor.py:914} INFO - Processing file /home/airflow/.local/lib/python3.12/site-packages/airflow/example_dags/example_task_group.py for tasks to queue
[2025-03-08T19:48:12.648+0000] {logging_mixin.py:190} INFO - [2025-03-08T19:48:12.647+0000] {dagbag.py:588} INFO - Filling up the DagBag from /home/airflow/.local/lib/python3.12/site-packages/airflow/example_dags/example_task_group.py
[2025-03-08T19:48:12.660+0000] {processor.py:925} INFO - DAG(s) 'example_task_group' retrieved from /home/airflow/.local/lib/python3.12/site-packages/airflow/example_dags/example_task_group.py
[2025-03-08T19:48:12.692+0000] {logging_mixin.py:190} INFO - [2025-03-08T19:48:12.692+0000] {dag.py:3239} INFO - Sync 1 DAGs
[2025-03-08T19:48:12.715+0000] {logging_mixin.py:190} INFO - [2025-03-08T19:48:12.714+0000] {dag.py:4180} INFO - Setting next_dagrun for example_task_group to None, run_after=None
[2025-03-08T19:48:12.743+0000] {processor.py:208} INFO - Processing /home/airflow/.local/lib/python3.12/site-packages/airflow/example_dags/example_task_group.py took 0.108 seconds
[2025-03-08T19:48:42.847+0000] {processor.py:186} INFO - Started process (PID=26307) to work on /home/airflow/.local/lib/python3.12/site-packages/airflow/example_dags/example_task_group.py
[2025-03-08T19:48:42.848+0000] {processor.py:914} INFO - Processing file /home/airflow/.local/lib/python3.12/site-packages/airflow/example_dags/example_task_group.py for tasks to queue
[2025-03-08T19:48:42.850+0000] {logging_mixin.py:190} INFO - [2025-03-08T19:48:42.850+0000] {dagbag.py:588} INFO - Filling up the DagBag from /home/airflow/.local/lib/python3.12/site-packages/airflow/example_dags/example_task_group.py
[2025-03-08T19:48:42.863+0000] {processor.py:925} INFO - DAG(s) 'example_task_group' retrieved from /home/airflow/.local/lib/python3.12/site-packages/airflow/example_dags/example_task_group.py
[2025-03-08T19:48:42.895+0000] {logging_mixin.py:190} INFO - [2025-03-08T19:48:42.895+0000] {dag.py:3239} INFO - Sync 1 DAGs
[2025-03-08T19:48:42.918+0000] {logging_mixin.py:190} INFO - [2025-03-08T19:48:42.918+0000] {dag.py:4180} INFO - Setting next_dagrun for example_task_group to None, run_after=None
[2025-03-08T19:48:42.947+0000] {processor.py:208} INFO - Processing /home/airflow/.local/lib/python3.12/site-packages/airflow/example_dags/example_task_group.py took 0.109 seconds
[2025-03-08T19:49:13.077+0000] {processor.py:186} INFO - Started process (PID=26370) to work on /home/airflow/.local/lib/python3.12/site-packages/airflow/example_dags/example_task_group.py
[2025-03-08T19:49:13.079+0000] {processor.py:914} INFO - Processing file /home/airflow/.local/lib/python3.12/site-packages/airflow/example_dags/example_task_group.py for tasks to queue
[2025-03-08T19:49:13.082+0000] {logging_mixin.py:190} INFO - [2025-03-08T19:49:13.081+0000] {dagbag.py:588} INFO - Filling up the DagBag from /home/airflow/.local/lib/python3.12/site-packages/airflow/example_dags/example_task_group.py
[2025-03-08T19:49:13.095+0000] {processor.py:925} INFO - DAG(s) 'example_task_group' retrieved from /home/airflow/.local/lib/python3.12/site-packages/airflow/example_dags/example_task_group.py
[2025-03-08T19:49:13.139+0000] {logging_mixin.py:190} INFO - [2025-03-08T19:49:13.139+0000] {dag.py:3239} INFO - Sync 1 DAGs
[2025-03-08T19:49:13.165+0000] {logging_mixin.py:190} INFO - [2025-03-08T19:49:13.164+0000] {dag.py:4180} INFO - Setting next_dagrun for example_task_group to None, run_after=None
[2025-03-08T19:49:13.193+0000] {processor.py:208} INFO - Processing /home/airflow/.local/lib/python3.12/site-packages/airflow/example_dags/example_task_group.py took 0.125 seconds
[2025-03-08T19:49:43.434+0000] {processor.py:186} INFO - Started process (PID=26432) to work on /home/airflow/.local/lib/python3.12/site-packages/airflow/example_dags/example_task_group.py
[2025-03-08T19:49:43.435+0000] {processor.py:914} INFO - Processing file /home/airflow/.local/lib/python3.12/site-packages/airflow/example_dags/example_task_group.py for tasks to queue
[2025-03-08T19:49:43.438+0000] {logging_mixin.py:190} INFO - [2025-03-08T19:49:43.437+0000] {dagbag.py:588} INFO - Filling up the DagBag from /home/airflow/.local/lib/python3.12/site-packages/airflow/example_dags/example_task_group.py
[2025-03-08T19:49:43.451+0000] {processor.py:925} INFO - DAG(s) 'example_task_group' retrieved from /home/airflow/.local/lib/python3.12/site-packages/airflow/example_dags/example_task_group.py
[2025-03-08T19:49:43.483+0000] {logging_mixin.py:190} INFO - [2025-03-08T19:49:43.483+0000] {dag.py:3239} INFO - Sync 1 DAGs
[2025-03-08T19:49:43.506+0000] {logging_mixin.py:190} INFO - [2025-03-08T19:49:43.506+0000] {dag.py:4180} INFO - Setting next_dagrun for example_task_group to None, run_after=None
[2025-03-08T19:49:43.535+0000] {processor.py:208} INFO - Processing /home/airflow/.local/lib/python3.12/site-packages/airflow/example_dags/example_task_group.py took 0.110 seconds
[2025-03-08T19:50:14.560+0000] {processor.py:186} INFO - Started process (PID=26495) to work on /home/airflow/.local/lib/python3.12/site-packages/airflow/example_dags/example_task_group.py
[2025-03-08T19:50:14.561+0000] {processor.py:914} INFO - Processing file /home/airflow/.local/lib/python3.12/site-packages/airflow/example_dags/example_task_group.py for tasks to queue
[2025-03-08T19:50:14.564+0000] {logging_mixin.py:190} INFO - [2025-03-08T19:50:14.563+0000] {dagbag.py:588} INFO - Filling up the DagBag from /home/airflow/.local/lib/python3.12/site-packages/airflow/example_dags/example_task_group.py
[2025-03-08T19:50:14.577+0000] {processor.py:925} INFO - DAG(s) 'example_task_group' retrieved from /home/airflow/.local/lib/python3.12/site-packages/airflow/example_dags/example_task_group.py
[2025-03-08T19:50:14.609+0000] {logging_mixin.py:190} INFO - [2025-03-08T19:50:14.609+0000] {dag.py:3239} INFO - Sync 1 DAGs
[2025-03-08T19:50:14.637+0000] {logging_mixin.py:190} INFO - [2025-03-08T19:50:14.636+0000] {dag.py:4180} INFO - Setting next_dagrun for example_task_group to None, run_after=None
[2025-03-08T19:50:14.666+0000] {processor.py:208} INFO - Processing /home/airflow/.local/lib/python3.12/site-packages/airflow/example_dags/example_task_group.py took 0.115 seconds
[2025-03-08T19:50:44.819+0000] {processor.py:186} INFO - Started process (PID=26558) to work on /home/airflow/.local/lib/python3.12/site-packages/airflow/example_dags/example_task_group.py
[2025-03-08T19:50:44.820+0000] {processor.py:914} INFO - Processing file /home/airflow/.local/lib/python3.12/site-packages/airflow/example_dags/example_task_group.py for tasks to queue
[2025-03-08T19:50:44.823+0000] {logging_mixin.py:190} INFO - [2025-03-08T19:50:44.822+0000] {dagbag.py:588} INFO - Filling up the DagBag from /home/airflow/.local/lib/python3.12/site-packages/airflow/example_dags/example_task_group.py
[2025-03-08T19:50:44.836+0000] {processor.py:925} INFO - DAG(s) 'example_task_group' retrieved from /home/airflow/.local/lib/python3.12/site-packages/airflow/example_dags/example_task_group.py
[2025-03-08T19:50:44.871+0000] {logging_mixin.py:190} INFO - [2025-03-08T19:50:44.870+0000] {dag.py:3239} INFO - Sync 1 DAGs
[2025-03-08T19:50:44.895+0000] {logging_mixin.py:190} INFO - [2025-03-08T19:50:44.895+0000] {dag.py:4180} INFO - Setting next_dagrun for example_task_group to None, run_after=None
[2025-03-08T19:50:44.931+0000] {processor.py:208} INFO - Processing /home/airflow/.local/lib/python3.12/site-packages/airflow/example_dags/example_task_group.py took 0.121 seconds
[2025-03-08T19:51:15.047+0000] {processor.py:186} INFO - Started process (PID=26621) to work on /home/airflow/.local/lib/python3.12/site-packages/airflow/example_dags/example_task_group.py
[2025-03-08T19:51:15.048+0000] {processor.py:914} INFO - Processing file /home/airflow/.local/lib/python3.12/site-packages/airflow/example_dags/example_task_group.py for tasks to queue
[2025-03-08T19:51:15.052+0000] {logging_mixin.py:190} INFO - [2025-03-08T19:51:15.051+0000] {dagbag.py:588} INFO - Filling up the DagBag from /home/airflow/.local/lib/python3.12/site-packages/airflow/example_dags/example_task_group.py
[2025-03-08T19:51:15.065+0000] {processor.py:925} INFO - DAG(s) 'example_task_group' retrieved from /home/airflow/.local/lib/python3.12/site-packages/airflow/example_dags/example_task_group.py
[2025-03-08T19:51:15.100+0000] {logging_mixin.py:190} INFO - [2025-03-08T19:51:15.100+0000] {dag.py:3239} INFO - Sync 1 DAGs
[2025-03-08T19:51:15.129+0000] {logging_mixin.py:190} INFO - [2025-03-08T19:51:15.128+0000] {dag.py:4180} INFO - Setting next_dagrun for example_task_group to None, run_after=None
[2025-03-08T19:51:15.163+0000] {processor.py:208} INFO - Processing /home/airflow/.local/lib/python3.12/site-packages/airflow/example_dags/example_task_group.py took 0.124 seconds
[2025-03-08T19:51:46.030+0000] {processor.py:186} INFO - Started process (PID=26684) to work on /home/airflow/.local/lib/python3.12/site-packages/airflow/example_dags/example_task_group.py
[2025-03-08T19:51:46.031+0000] {processor.py:914} INFO - Processing file /home/airflow/.local/lib/python3.12/site-packages/airflow/example_dags/example_task_group.py for tasks to queue
[2025-03-08T19:51:46.035+0000] {logging_mixin.py:190} INFO - [2025-03-08T19:51:46.034+0000] {dagbag.py:588} INFO - Filling up the DagBag from /home/airflow/.local/lib/python3.12/site-packages/airflow/example_dags/example_task_group.py
[2025-03-08T19:51:46.049+0000] {processor.py:925} INFO - DAG(s) 'example_task_group' retrieved from /home/airflow/.local/lib/python3.12/site-packages/airflow/example_dags/example_task_group.py
[2025-03-08T19:51:46.081+0000] {logging_mixin.py:190} INFO - [2025-03-08T19:51:46.081+0000] {dag.py:3239} INFO - Sync 1 DAGs
[2025-03-08T19:51:46.104+0000] {logging_mixin.py:190} INFO - [2025-03-08T19:51:46.103+0000] {dag.py:4180} INFO - Setting next_dagrun for example_task_group to None, run_after=None
[2025-03-08T19:51:46.132+0000] {processor.py:208} INFO - Processing /home/airflow/.local/lib/python3.12/site-packages/airflow/example_dags/example_task_group.py took 0.110 seconds
[2025-03-08T19:52:16.372+0000] {processor.py:186} INFO - Started process (PID=26747) to work on /home/airflow/.local/lib/python3.12/site-packages/airflow/example_dags/example_task_group.py
[2025-03-08T19:52:16.373+0000] {processor.py:914} INFO - Processing file /home/airflow/.local/lib/python3.12/site-packages/airflow/example_dags/example_task_group.py for tasks to queue
[2025-03-08T19:52:16.376+0000] {logging_mixin.py:190} INFO - [2025-03-08T19:52:16.376+0000] {dagbag.py:588} INFO - Filling up the DagBag from /home/airflow/.local/lib/python3.12/site-packages/airflow/example_dags/example_task_group.py
[2025-03-08T19:52:16.389+0000] {processor.py:925} INFO - DAG(s) 'example_task_group' retrieved from /home/airflow/.local/lib/python3.12/site-packages/airflow/example_dags/example_task_group.py
[2025-03-08T19:52:16.420+0000] {logging_mixin.py:190} INFO - [2025-03-08T19:52:16.420+0000] {dag.py:3239} INFO - Sync 1 DAGs
[2025-03-08T19:52:16.444+0000] {logging_mixin.py:190} INFO - [2025-03-08T19:52:16.444+0000] {dag.py:4180} INFO - Setting next_dagrun for example_task_group to None, run_after=None
[2025-03-08T19:52:16.472+0000] {processor.py:208} INFO - Processing /home/airflow/.local/lib/python3.12/site-packages/airflow/example_dags/example_task_group.py took 0.108 seconds
[2025-03-08T19:52:47.042+0000] {processor.py:186} INFO - Started process (PID=26810) to work on /home/airflow/.local/lib/python3.12/site-packages/airflow/example_dags/example_task_group.py
[2025-03-08T19:52:47.043+0000] {processor.py:914} INFO - Processing file /home/airflow/.local/lib/python3.12/site-packages/airflow/example_dags/example_task_group.py for tasks to queue
[2025-03-08T19:52:47.046+0000] {logging_mixin.py:190} INFO - [2025-03-08T19:52:47.045+0000] {dagbag.py:588} INFO - Filling up the DagBag from /home/airflow/.local/lib/python3.12/site-packages/airflow/example_dags/example_task_group.py
[2025-03-08T19:52:47.059+0000] {processor.py:925} INFO - DAG(s) 'example_task_group' retrieved from /home/airflow/.local/lib/python3.12/site-packages/airflow/example_dags/example_task_group.py
[2025-03-08T19:52:47.100+0000] {logging_mixin.py:190} INFO - [2025-03-08T19:52:47.099+0000] {dag.py:3239} INFO - Sync 1 DAGs
[2025-03-08T19:52:47.134+0000] {logging_mixin.py:190} INFO - [2025-03-08T19:52:47.133+0000] {dag.py:4180} INFO - Setting next_dagrun for example_task_group to None, run_after=None
[2025-03-08T19:52:47.175+0000] {processor.py:208} INFO - Processing /home/airflow/.local/lib/python3.12/site-packages/airflow/example_dags/example_task_group.py took 0.141 seconds
[2025-03-08T19:53:17.417+0000] {processor.py:186} INFO - Started process (PID=26873) to work on /home/airflow/.local/lib/python3.12/site-packages/airflow/example_dags/example_task_group.py
[2025-03-08T19:53:17.418+0000] {processor.py:914} INFO - Processing file /home/airflow/.local/lib/python3.12/site-packages/airflow/example_dags/example_task_group.py for tasks to queue
[2025-03-08T19:53:17.421+0000] {logging_mixin.py:190} INFO - [2025-03-08T19:53:17.421+0000] {dagbag.py:588} INFO - Filling up the DagBag from /home/airflow/.local/lib/python3.12/site-packages/airflow/example_dags/example_task_group.py
[2025-03-08T19:53:17.434+0000] {processor.py:925} INFO - DAG(s) 'example_task_group' retrieved from /home/airflow/.local/lib/python3.12/site-packages/airflow/example_dags/example_task_group.py
[2025-03-08T19:53:17.468+0000] {logging_mixin.py:190} INFO - [2025-03-08T19:53:17.468+0000] {dag.py:3239} INFO - Sync 1 DAGs
[2025-03-08T19:53:17.494+0000] {logging_mixin.py:190} INFO - [2025-03-08T19:53:17.493+0000] {dag.py:4180} INFO - Setting next_dagrun for example_task_group to None, run_after=None
[2025-03-08T19:53:17.523+0000] {processor.py:208} INFO - Processing /home/airflow/.local/lib/python3.12/site-packages/airflow/example_dags/example_task_group.py took 0.114 seconds
[2025-03-08T19:53:48.890+0000] {processor.py:186} INFO - Started process (PID=26935) to work on /home/airflow/.local/lib/python3.12/site-packages/airflow/example_dags/example_task_group.py
[2025-03-08T19:53:48.891+0000] {processor.py:914} INFO - Processing file /home/airflow/.local/lib/python3.12/site-packages/airflow/example_dags/example_task_group.py for tasks to queue
[2025-03-08T19:53:48.894+0000] {logging_mixin.py:190} INFO - [2025-03-08T19:53:48.893+0000] {dagbag.py:588} INFO - Filling up the DagBag from /home/airflow/.local/lib/python3.12/site-packages/airflow/example_dags/example_task_group.py
[2025-03-08T19:53:48.906+0000] {processor.py:925} INFO - DAG(s) 'example_task_group' retrieved from /home/airflow/.local/lib/python3.12/site-packages/airflow/example_dags/example_task_group.py
[2025-03-08T19:53:48.939+0000] {logging_mixin.py:190} INFO - [2025-03-08T19:53:48.939+0000] {dag.py:3239} INFO - Sync 1 DAGs
[2025-03-08T19:53:48.965+0000] {logging_mixin.py:190} INFO - [2025-03-08T19:53:48.964+0000] {dag.py:4180} INFO - Setting next_dagrun for example_task_group to None, run_after=None
[2025-03-08T19:53:48.993+0000] {processor.py:208} INFO - Processing /home/airflow/.local/lib/python3.12/site-packages/airflow/example_dags/example_task_group.py took 0.112 seconds
[2025-03-08T19:54:19.213+0000] {processor.py:186} INFO - Started process (PID=26990) to work on /home/airflow/.local/lib/python3.12/site-packages/airflow/example_dags/example_task_group.py
[2025-03-08T19:54:19.214+0000] {processor.py:914} INFO - Processing file /home/airflow/.local/lib/python3.12/site-packages/airflow/example_dags/example_task_group.py for tasks to queue
[2025-03-08T19:54:19.217+0000] {logging_mixin.py:190} INFO - [2025-03-08T19:54:19.216+0000] {dagbag.py:588} INFO - Filling up the DagBag from /home/airflow/.local/lib/python3.12/site-packages/airflow/example_dags/example_task_group.py
[2025-03-08T19:54:19.230+0000] {processor.py:925} INFO - DAG(s) 'example_task_group' retrieved from /home/airflow/.local/lib/python3.12/site-packages/airflow/example_dags/example_task_group.py
[2025-03-08T19:54:19.262+0000] {logging_mixin.py:190} INFO - [2025-03-08T19:54:19.262+0000] {dag.py:3239} INFO - Sync 1 DAGs
[2025-03-08T19:54:19.285+0000] {logging_mixin.py:190} INFO - [2025-03-08T19:54:19.285+0000] {dag.py:4180} INFO - Setting next_dagrun for example_task_group to None, run_after=None
[2025-03-08T19:54:19.314+0000] {processor.py:208} INFO - Processing /home/airflow/.local/lib/python3.12/site-packages/airflow/example_dags/example_task_group.py took 0.109 seconds
[2025-03-08T19:54:50.271+0000] {processor.py:186} INFO - Started process (PID=27044) to work on /home/airflow/.local/lib/python3.12/site-packages/airflow/example_dags/example_task_group.py
[2025-03-08T19:54:50.272+0000] {processor.py:914} INFO - Processing file /home/airflow/.local/lib/python3.12/site-packages/airflow/example_dags/example_task_group.py for tasks to queue
[2025-03-08T19:54:50.275+0000] {logging_mixin.py:190} INFO - [2025-03-08T19:54:50.275+0000] {dagbag.py:588} INFO - Filling up the DagBag from /home/airflow/.local/lib/python3.12/site-packages/airflow/example_dags/example_task_group.py
[2025-03-08T19:54:50.288+0000] {processor.py:925} INFO - DAG(s) 'example_task_group' retrieved from /home/airflow/.local/lib/python3.12/site-packages/airflow/example_dags/example_task_group.py
[2025-03-08T19:54:50.322+0000] {logging_mixin.py:190} INFO - [2025-03-08T19:54:50.322+0000] {dag.py:3239} INFO - Sync 1 DAGs
[2025-03-08T19:54:50.345+0000] {logging_mixin.py:190} INFO - [2025-03-08T19:54:50.345+0000] {dag.py:4180} INFO - Setting next_dagrun for example_task_group to None, run_after=None
[2025-03-08T19:54:50.376+0000] {processor.py:208} INFO - Processing /home/airflow/.local/lib/python3.12/site-packages/airflow/example_dags/example_task_group.py took 0.113 seconds
[2025-03-08T19:55:21.869+0000] {processor.py:186} INFO - Started process (PID=27107) to work on /home/airflow/.local/lib/python3.12/site-packages/airflow/example_dags/example_task_group.py
[2025-03-08T19:55:21.870+0000] {processor.py:914} INFO - Processing file /home/airflow/.local/lib/python3.12/site-packages/airflow/example_dags/example_task_group.py for tasks to queue
[2025-03-08T19:55:21.873+0000] {logging_mixin.py:190} INFO - [2025-03-08T19:55:21.873+0000] {dagbag.py:588} INFO - Filling up the DagBag from /home/airflow/.local/lib/python3.12/site-packages/airflow/example_dags/example_task_group.py
[2025-03-08T19:55:21.886+0000] {processor.py:925} INFO - DAG(s) 'example_task_group' retrieved from /home/airflow/.local/lib/python3.12/site-packages/airflow/example_dags/example_task_group.py
[2025-03-08T19:55:21.920+0000] {logging_mixin.py:190} INFO - [2025-03-08T19:55:21.919+0000] {dag.py:3239} INFO - Sync 1 DAGs
[2025-03-08T19:55:21.943+0000] {logging_mixin.py:190} INFO - [2025-03-08T19:55:21.943+0000] {dag.py:4180} INFO - Setting next_dagrun for example_task_group to None, run_after=None
[2025-03-08T19:55:21.973+0000] {processor.py:208} INFO - Processing /home/airflow/.local/lib/python3.12/site-packages/airflow/example_dags/example_task_group.py took 0.113 seconds
[2025-03-08T19:55:53.457+0000] {processor.py:186} INFO - Started process (PID=27169) to work on /home/airflow/.local/lib/python3.12/site-packages/airflow/example_dags/example_task_group.py
[2025-03-08T19:55:53.458+0000] {processor.py:914} INFO - Processing file /home/airflow/.local/lib/python3.12/site-packages/airflow/example_dags/example_task_group.py for tasks to queue
[2025-03-08T19:55:53.461+0000] {logging_mixin.py:190} INFO - [2025-03-08T19:55:53.461+0000] {dagbag.py:588} INFO - Filling up the DagBag from /home/airflow/.local/lib/python3.12/site-packages/airflow/example_dags/example_task_group.py
[2025-03-08T19:55:53.474+0000] {processor.py:925} INFO - DAG(s) 'example_task_group' retrieved from /home/airflow/.local/lib/python3.12/site-packages/airflow/example_dags/example_task_group.py
[2025-03-08T19:55:53.508+0000] {logging_mixin.py:190} INFO - [2025-03-08T19:55:53.507+0000] {dag.py:3239} INFO - Sync 1 DAGs
[2025-03-08T19:55:53.531+0000] {logging_mixin.py:190} INFO - [2025-03-08T19:55:53.531+0000] {dag.py:4180} INFO - Setting next_dagrun for example_task_group to None, run_after=None
[2025-03-08T19:55:53.560+0000] {processor.py:208} INFO - Processing /home/airflow/.local/lib/python3.12/site-packages/airflow/example_dags/example_task_group.py took 0.111 seconds
[2025-03-08T20:31:14.787+0000] {processor.py:186} INFO - Started process (PID=27238) to work on /home/airflow/.local/lib/python3.12/site-packages/airflow/example_dags/example_task_group.py
[2025-03-08T20:31:14.795+0000] {processor.py:914} INFO - Processing file /home/airflow/.local/lib/python3.12/site-packages/airflow/example_dags/example_task_group.py for tasks to queue
[2025-03-08T20:31:14.799+0000] {logging_mixin.py:190} INFO - [2025-03-08T20:31:14.799+0000] {dagbag.py:588} INFO - Filling up the DagBag from /home/airflow/.local/lib/python3.12/site-packages/airflow/example_dags/example_task_group.py
[2025-03-08T20:31:14.828+0000] {processor.py:925} INFO - DAG(s) 'example_task_group' retrieved from /home/airflow/.local/lib/python3.12/site-packages/airflow/example_dags/example_task_group.py
[2025-03-08T20:31:14.933+0000] {logging_mixin.py:190} INFO - [2025-03-08T20:31:14.932+0000] {dag.py:3239} INFO - Sync 1 DAGs
[2025-03-08T20:31:14.977+0000] {logging_mixin.py:190} INFO - [2025-03-08T20:31:14.976+0000] {dag.py:4180} INFO - Setting next_dagrun for example_task_group to None, run_after=None
[2025-03-08T20:31:15.028+0000] {processor.py:208} INFO - Processing /home/airflow/.local/lib/python3.12/site-packages/airflow/example_dags/example_task_group.py took 0.291 seconds
[2025-03-08T20:31:46.428+0000] {processor.py:186} INFO - Started process (PID=27301) to work on /home/airflow/.local/lib/python3.12/site-packages/airflow/example_dags/example_task_group.py
[2025-03-08T20:31:46.430+0000] {processor.py:914} INFO - Processing file /home/airflow/.local/lib/python3.12/site-packages/airflow/example_dags/example_task_group.py for tasks to queue
[2025-03-08T20:31:46.434+0000] {logging_mixin.py:190} INFO - [2025-03-08T20:31:46.433+0000] {dagbag.py:588} INFO - Filling up the DagBag from /home/airflow/.local/lib/python3.12/site-packages/airflow/example_dags/example_task_group.py
[2025-03-08T20:31:46.455+0000] {processor.py:925} INFO - DAG(s) 'example_task_group' retrieved from /home/airflow/.local/lib/python3.12/site-packages/airflow/example_dags/example_task_group.py
[2025-03-08T20:31:46.502+0000] {logging_mixin.py:190} INFO - [2025-03-08T20:31:46.502+0000] {dag.py:3239} INFO - Sync 1 DAGs
[2025-03-08T20:31:46.539+0000] {logging_mixin.py:190} INFO - [2025-03-08T20:31:46.539+0000] {dag.py:4180} INFO - Setting next_dagrun for example_task_group to None, run_after=None
[2025-03-08T20:31:46.573+0000] {processor.py:208} INFO - Processing /home/airflow/.local/lib/python3.12/site-packages/airflow/example_dags/example_task_group.py took 0.157 seconds
[2025-03-08T20:32:18.131+0000] {processor.py:186} INFO - Started process (PID=27365) to work on /home/airflow/.local/lib/python3.12/site-packages/airflow/example_dags/example_task_group.py
[2025-03-08T20:32:18.132+0000] {processor.py:914} INFO - Processing file /home/airflow/.local/lib/python3.12/site-packages/airflow/example_dags/example_task_group.py for tasks to queue
[2025-03-08T20:32:18.137+0000] {logging_mixin.py:190} INFO - [2025-03-08T20:32:18.136+0000] {dagbag.py:588} INFO - Filling up the DagBag from /home/airflow/.local/lib/python3.12/site-packages/airflow/example_dags/example_task_group.py
[2025-03-08T20:32:18.155+0000] {processor.py:925} INFO - DAG(s) 'example_task_group' retrieved from /home/airflow/.local/lib/python3.12/site-packages/airflow/example_dags/example_task_group.py
[2025-03-08T20:32:18.195+0000] {logging_mixin.py:190} INFO - [2025-03-08T20:32:18.195+0000] {dag.py:3239} INFO - Sync 1 DAGs
[2025-03-08T20:32:18.224+0000] {logging_mixin.py:190} INFO - [2025-03-08T20:32:18.223+0000] {dag.py:4180} INFO - Setting next_dagrun for example_task_group to None, run_after=None
[2025-03-08T20:32:18.257+0000] {processor.py:208} INFO - Processing /home/airflow/.local/lib/python3.12/site-packages/airflow/example_dags/example_task_group.py took 0.138 seconds
[2025-03-08T20:32:49.736+0000] {processor.py:186} INFO - Started process (PID=27429) to work on /home/airflow/.local/lib/python3.12/site-packages/airflow/example_dags/example_task_group.py
[2025-03-08T20:32:49.737+0000] {processor.py:914} INFO - Processing file /home/airflow/.local/lib/python3.12/site-packages/airflow/example_dags/example_task_group.py for tasks to queue
[2025-03-08T20:32:49.741+0000] {logging_mixin.py:190} INFO - [2025-03-08T20:32:49.741+0000] {dagbag.py:588} INFO - Filling up the DagBag from /home/airflow/.local/lib/python3.12/site-packages/airflow/example_dags/example_task_group.py
[2025-03-08T20:32:49.760+0000] {processor.py:925} INFO - DAG(s) 'example_task_group' retrieved from /home/airflow/.local/lib/python3.12/site-packages/airflow/example_dags/example_task_group.py
[2025-03-08T20:32:49.805+0000] {logging_mixin.py:190} INFO - [2025-03-08T20:32:49.805+0000] {dag.py:3239} INFO - Sync 1 DAGs
[2025-03-08T20:32:49.842+0000] {logging_mixin.py:190} INFO - [2025-03-08T20:32:49.841+0000] {dag.py:4180} INFO - Setting next_dagrun for example_task_group to None, run_after=None
[2025-03-08T20:32:49.883+0000] {processor.py:208} INFO - Processing /home/airflow/.local/lib/python3.12/site-packages/airflow/example_dags/example_task_group.py took 0.159 seconds
[2025-03-08T20:33:21.064+0000] {processor.py:186} INFO - Started process (PID=27492) to work on /home/airflow/.local/lib/python3.12/site-packages/airflow/example_dags/example_task_group.py
[2025-03-08T20:33:21.066+0000] {processor.py:914} INFO - Processing file /home/airflow/.local/lib/python3.12/site-packages/airflow/example_dags/example_task_group.py for tasks to queue
[2025-03-08T20:33:21.070+0000] {logging_mixin.py:190} INFO - [2025-03-08T20:33:21.069+0000] {dagbag.py:588} INFO - Filling up the DagBag from /home/airflow/.local/lib/python3.12/site-packages/airflow/example_dags/example_task_group.py
[2025-03-08T20:33:21.087+0000] {processor.py:925} INFO - DAG(s) 'example_task_group' retrieved from /home/airflow/.local/lib/python3.12/site-packages/airflow/example_dags/example_task_group.py
[2025-03-08T20:33:21.129+0000] {logging_mixin.py:190} INFO - [2025-03-08T20:33:21.129+0000] {dag.py:3239} INFO - Sync 1 DAGs
[2025-03-08T20:33:21.164+0000] {logging_mixin.py:190} INFO - [2025-03-08T20:33:21.164+0000] {dag.py:4180} INFO - Setting next_dagrun for example_task_group to None, run_after=None
[2025-03-08T20:33:21.199+0000] {processor.py:208} INFO - Processing /home/airflow/.local/lib/python3.12/site-packages/airflow/example_dags/example_task_group.py took 0.147 seconds
[2025-03-08T20:33:52.748+0000] {processor.py:186} INFO - Started process (PID=27555) to work on /home/airflow/.local/lib/python3.12/site-packages/airflow/example_dags/example_task_group.py
[2025-03-08T20:33:52.749+0000] {processor.py:914} INFO - Processing file /home/airflow/.local/lib/python3.12/site-packages/airflow/example_dags/example_task_group.py for tasks to queue
[2025-03-08T20:33:52.752+0000] {logging_mixin.py:190} INFO - [2025-03-08T20:33:52.752+0000] {dagbag.py:588} INFO - Filling up the DagBag from /home/airflow/.local/lib/python3.12/site-packages/airflow/example_dags/example_task_group.py
[2025-03-08T20:33:52.766+0000] {processor.py:925} INFO - DAG(s) 'example_task_group' retrieved from /home/airflow/.local/lib/python3.12/site-packages/airflow/example_dags/example_task_group.py
[2025-03-08T20:33:52.809+0000] {logging_mixin.py:190} INFO - [2025-03-08T20:33:52.809+0000] {dag.py:3239} INFO - Sync 1 DAGs
[2025-03-08T20:33:52.843+0000] {logging_mixin.py:190} INFO - [2025-03-08T20:33:52.842+0000] {dag.py:4180} INFO - Setting next_dagrun for example_task_group to None, run_after=None
[2025-03-08T20:33:52.882+0000] {processor.py:208} INFO - Processing /home/airflow/.local/lib/python3.12/site-packages/airflow/example_dags/example_task_group.py took 0.144 seconds
[2025-03-08T20:34:24.424+0000] {processor.py:186} INFO - Started process (PID=27618) to work on /home/airflow/.local/lib/python3.12/site-packages/airflow/example_dags/example_task_group.py
[2025-03-08T20:34:24.425+0000] {processor.py:914} INFO - Processing file /home/airflow/.local/lib/python3.12/site-packages/airflow/example_dags/example_task_group.py for tasks to queue
[2025-03-08T20:34:24.428+0000] {logging_mixin.py:190} INFO - [2025-03-08T20:34:24.428+0000] {dagbag.py:588} INFO - Filling up the DagBag from /home/airflow/.local/lib/python3.12/site-packages/airflow/example_dags/example_task_group.py
[2025-03-08T20:34:24.441+0000] {processor.py:925} INFO - DAG(s) 'example_task_group' retrieved from /home/airflow/.local/lib/python3.12/site-packages/airflow/example_dags/example_task_group.py
[2025-03-08T20:34:24.473+0000] {logging_mixin.py:190} INFO - [2025-03-08T20:34:24.472+0000] {dag.py:3239} INFO - Sync 1 DAGs
[2025-03-08T20:34:24.496+0000] {logging_mixin.py:190} INFO - [2025-03-08T20:34:24.496+0000] {dag.py:4180} INFO - Setting next_dagrun for example_task_group to None, run_after=None
[2025-03-08T20:34:24.525+0000] {processor.py:208} INFO - Processing /home/airflow/.local/lib/python3.12/site-packages/airflow/example_dags/example_task_group.py took 0.109 seconds
[2025-03-08T20:34:56.267+0000] {processor.py:186} INFO - Started process (PID=27681) to work on /home/airflow/.local/lib/python3.12/site-packages/airflow/example_dags/example_task_group.py
[2025-03-08T20:34:56.268+0000] {processor.py:914} INFO - Processing file /home/airflow/.local/lib/python3.12/site-packages/airflow/example_dags/example_task_group.py for tasks to queue
[2025-03-08T20:34:56.271+0000] {logging_mixin.py:190} INFO - [2025-03-08T20:34:56.270+0000] {dagbag.py:588} INFO - Filling up the DagBag from /home/airflow/.local/lib/python3.12/site-packages/airflow/example_dags/example_task_group.py
[2025-03-08T20:34:56.286+0000] {processor.py:925} INFO - DAG(s) 'example_task_group' retrieved from /home/airflow/.local/lib/python3.12/site-packages/airflow/example_dags/example_task_group.py
[2025-03-08T20:34:56.321+0000] {logging_mixin.py:190} INFO - [2025-03-08T20:34:56.321+0000] {dag.py:3239} INFO - Sync 1 DAGs
[2025-03-08T20:34:56.345+0000] {logging_mixin.py:190} INFO - [2025-03-08T20:34:56.344+0000] {dag.py:4180} INFO - Setting next_dagrun for example_task_group to None, run_after=None
[2025-03-08T20:34:56.373+0000] {processor.py:208} INFO - Processing /home/airflow/.local/lib/python3.12/site-packages/airflow/example_dags/example_task_group.py took 0.115 seconds
[2025-03-08T20:35:27.966+0000] {processor.py:186} INFO - Started process (PID=27744) to work on /home/airflow/.local/lib/python3.12/site-packages/airflow/example_dags/example_task_group.py
[2025-03-08T20:35:27.968+0000] {processor.py:914} INFO - Processing file /home/airflow/.local/lib/python3.12/site-packages/airflow/example_dags/example_task_group.py for tasks to queue
[2025-03-08T20:35:27.971+0000] {logging_mixin.py:190} INFO - [2025-03-08T20:35:27.971+0000] {dagbag.py:588} INFO - Filling up the DagBag from /home/airflow/.local/lib/python3.12/site-packages/airflow/example_dags/example_task_group.py
[2025-03-08T20:35:27.987+0000] {processor.py:925} INFO - DAG(s) 'example_task_group' retrieved from /home/airflow/.local/lib/python3.12/site-packages/airflow/example_dags/example_task_group.py
[2025-03-08T20:35:28.020+0000] {logging_mixin.py:190} INFO - [2025-03-08T20:35:28.020+0000] {dag.py:3239} INFO - Sync 1 DAGs
[2025-03-08T20:35:28.044+0000] {logging_mixin.py:190} INFO - [2025-03-08T20:35:28.043+0000] {dag.py:4180} INFO - Setting next_dagrun for example_task_group to None, run_after=None
[2025-03-08T20:35:28.073+0000] {processor.py:208} INFO - Processing /home/airflow/.local/lib/python3.12/site-packages/airflow/example_dags/example_task_group.py took 0.117 seconds
[2025-03-08T20:35:59.630+0000] {processor.py:186} INFO - Started process (PID=27807) to work on /home/airflow/.local/lib/python3.12/site-packages/airflow/example_dags/example_task_group.py
[2025-03-08T20:35:59.631+0000] {processor.py:914} INFO - Processing file /home/airflow/.local/lib/python3.12/site-packages/airflow/example_dags/example_task_group.py for tasks to queue
[2025-03-08T20:35:59.634+0000] {logging_mixin.py:190} INFO - [2025-03-08T20:35:59.633+0000] {dagbag.py:588} INFO - Filling up the DagBag from /home/airflow/.local/lib/python3.12/site-packages/airflow/example_dags/example_task_group.py
[2025-03-08T20:35:59.647+0000] {processor.py:925} INFO - DAG(s) 'example_task_group' retrieved from /home/airflow/.local/lib/python3.12/site-packages/airflow/example_dags/example_task_group.py
[2025-03-08T20:35:59.680+0000] {logging_mixin.py:190} INFO - [2025-03-08T20:35:59.680+0000] {dag.py:3239} INFO - Sync 1 DAGs
[2025-03-08T20:35:59.704+0000] {logging_mixin.py:190} INFO - [2025-03-08T20:35:59.703+0000] {dag.py:4180} INFO - Setting next_dagrun for example_task_group to None, run_after=None
[2025-03-08T20:35:59.735+0000] {processor.py:208} INFO - Processing /home/airflow/.local/lib/python3.12/site-packages/airflow/example_dags/example_task_group.py took 0.114 seconds
[2025-03-08T20:36:30.932+0000] {processor.py:186} INFO - Started process (PID=27870) to work on /home/airflow/.local/lib/python3.12/site-packages/airflow/example_dags/example_task_group.py
[2025-03-08T20:36:30.933+0000] {processor.py:914} INFO - Processing file /home/airflow/.local/lib/python3.12/site-packages/airflow/example_dags/example_task_group.py for tasks to queue
[2025-03-08T20:36:30.936+0000] {logging_mixin.py:190} INFO - [2025-03-08T20:36:30.935+0000] {dagbag.py:588} INFO - Filling up the DagBag from /home/airflow/.local/lib/python3.12/site-packages/airflow/example_dags/example_task_group.py
[2025-03-08T20:36:30.949+0000] {processor.py:925} INFO - DAG(s) 'example_task_group' retrieved from /home/airflow/.local/lib/python3.12/site-packages/airflow/example_dags/example_task_group.py
[2025-03-08T20:36:30.981+0000] {logging_mixin.py:190} INFO - [2025-03-08T20:36:30.981+0000] {dag.py:3239} INFO - Sync 1 DAGs
[2025-03-08T20:36:31.005+0000] {logging_mixin.py:190} INFO - [2025-03-08T20:36:31.004+0000] {dag.py:4180} INFO - Setting next_dagrun for example_task_group to None, run_after=None
[2025-03-08T20:36:31.034+0000] {processor.py:208} INFO - Processing /home/airflow/.local/lib/python3.12/site-packages/airflow/example_dags/example_task_group.py took 0.110 seconds
[2025-03-08T20:37:02.544+0000] {processor.py:186} INFO - Started process (PID=27933) to work on /home/airflow/.local/lib/python3.12/site-packages/airflow/example_dags/example_task_group.py
[2025-03-08T20:37:02.545+0000] {processor.py:914} INFO - Processing file /home/airflow/.local/lib/python3.12/site-packages/airflow/example_dags/example_task_group.py for tasks to queue
[2025-03-08T20:37:02.548+0000] {logging_mixin.py:190} INFO - [2025-03-08T20:37:02.547+0000] {dagbag.py:588} INFO - Filling up the DagBag from /home/airflow/.local/lib/python3.12/site-packages/airflow/example_dags/example_task_group.py
[2025-03-08T20:37:02.561+0000] {processor.py:925} INFO - DAG(s) 'example_task_group' retrieved from /home/airflow/.local/lib/python3.12/site-packages/airflow/example_dags/example_task_group.py
[2025-03-08T20:37:02.594+0000] {logging_mixin.py:190} INFO - [2025-03-08T20:37:02.594+0000] {dag.py:3239} INFO - Sync 1 DAGs
[2025-03-08T20:37:02.618+0000] {logging_mixin.py:190} INFO - [2025-03-08T20:37:02.617+0000] {dag.py:4180} INFO - Setting next_dagrun for example_task_group to None, run_after=None
[2025-03-08T20:37:02.646+0000] {processor.py:208} INFO - Processing /home/airflow/.local/lib/python3.12/site-packages/airflow/example_dags/example_task_group.py took 0.111 seconds
[2025-03-08T20:37:34.236+0000] {processor.py:186} INFO - Started process (PID=27996) to work on /home/airflow/.local/lib/python3.12/site-packages/airflow/example_dags/example_task_group.py
[2025-03-08T20:37:34.237+0000] {processor.py:914} INFO - Processing file /home/airflow/.local/lib/python3.12/site-packages/airflow/example_dags/example_task_group.py for tasks to queue
[2025-03-08T20:37:34.240+0000] {logging_mixin.py:190} INFO - [2025-03-08T20:37:34.239+0000] {dagbag.py:588} INFO - Filling up the DagBag from /home/airflow/.local/lib/python3.12/site-packages/airflow/example_dags/example_task_group.py
[2025-03-08T20:37:34.253+0000] {processor.py:925} INFO - DAG(s) 'example_task_group' retrieved from /home/airflow/.local/lib/python3.12/site-packages/airflow/example_dags/example_task_group.py
[2025-03-08T20:37:34.285+0000] {logging_mixin.py:190} INFO - [2025-03-08T20:37:34.284+0000] {dag.py:3239} INFO - Sync 1 DAGs
[2025-03-08T20:37:34.309+0000] {logging_mixin.py:190} INFO - [2025-03-08T20:37:34.309+0000] {dag.py:4180} INFO - Setting next_dagrun for example_task_group to None, run_after=None
[2025-03-08T20:37:34.337+0000] {processor.py:208} INFO - Processing /home/airflow/.local/lib/python3.12/site-packages/airflow/example_dags/example_task_group.py took 0.110 seconds
[2025-03-08T20:38:05.733+0000] {processor.py:186} INFO - Started process (PID=28059) to work on /home/airflow/.local/lib/python3.12/site-packages/airflow/example_dags/example_task_group.py
[2025-03-08T20:38:05.734+0000] {processor.py:914} INFO - Processing file /home/airflow/.local/lib/python3.12/site-packages/airflow/example_dags/example_task_group.py for tasks to queue
[2025-03-08T20:38:05.738+0000] {logging_mixin.py:190} INFO - [2025-03-08T20:38:05.738+0000] {dagbag.py:588} INFO - Filling up the DagBag from /home/airflow/.local/lib/python3.12/site-packages/airflow/example_dags/example_task_group.py
[2025-03-08T20:38:05.752+0000] {processor.py:925} INFO - DAG(s) 'example_task_group' retrieved from /home/airflow/.local/lib/python3.12/site-packages/airflow/example_dags/example_task_group.py
[2025-03-08T20:38:05.786+0000] {logging_mixin.py:190} INFO - [2025-03-08T20:38:05.786+0000] {dag.py:3239} INFO - Sync 1 DAGs
[2025-03-08T20:38:05.811+0000] {logging_mixin.py:190} INFO - [2025-03-08T20:38:05.810+0000] {dag.py:4180} INFO - Setting next_dagrun for example_task_group to None, run_after=None
[2025-03-08T20:38:05.841+0000] {processor.py:208} INFO - Processing /home/airflow/.local/lib/python3.12/site-packages/airflow/example_dags/example_task_group.py took 0.118 seconds
[2025-03-08T20:38:37.441+0000] {processor.py:186} INFO - Started process (PID=28122) to work on /home/airflow/.local/lib/python3.12/site-packages/airflow/example_dags/example_task_group.py
[2025-03-08T20:38:37.442+0000] {processor.py:914} INFO - Processing file /home/airflow/.local/lib/python3.12/site-packages/airflow/example_dags/example_task_group.py for tasks to queue
[2025-03-08T20:38:37.445+0000] {logging_mixin.py:190} INFO - [2025-03-08T20:38:37.445+0000] {dagbag.py:588} INFO - Filling up the DagBag from /home/airflow/.local/lib/python3.12/site-packages/airflow/example_dags/example_task_group.py
[2025-03-08T20:38:37.458+0000] {processor.py:925} INFO - DAG(s) 'example_task_group' retrieved from /home/airflow/.local/lib/python3.12/site-packages/airflow/example_dags/example_task_group.py
[2025-03-08T20:38:37.489+0000] {logging_mixin.py:190} INFO - [2025-03-08T20:38:37.489+0000] {dag.py:3239} INFO - Sync 1 DAGs
[2025-03-08T20:38:37.519+0000] {logging_mixin.py:190} INFO - [2025-03-08T20:38:37.519+0000] {dag.py:4180} INFO - Setting next_dagrun for example_task_group to None, run_after=None
[2025-03-08T20:38:37.557+0000] {processor.py:208} INFO - Processing /home/airflow/.local/lib/python3.12/site-packages/airflow/example_dags/example_task_group.py took 0.125 seconds
[2025-03-08T20:39:09.134+0000] {processor.py:186} INFO - Started process (PID=28185) to work on /home/airflow/.local/lib/python3.12/site-packages/airflow/example_dags/example_task_group.py
[2025-03-08T20:39:09.134+0000] {processor.py:914} INFO - Processing file /home/airflow/.local/lib/python3.12/site-packages/airflow/example_dags/example_task_group.py for tasks to queue
[2025-03-08T20:39:09.137+0000] {logging_mixin.py:190} INFO - [2025-03-08T20:39:09.137+0000] {dagbag.py:588} INFO - Filling up the DagBag from /home/airflow/.local/lib/python3.12/site-packages/airflow/example_dags/example_task_group.py
[2025-03-08T20:39:09.150+0000] {processor.py:925} INFO - DAG(s) 'example_task_group' retrieved from /home/airflow/.local/lib/python3.12/site-packages/airflow/example_dags/example_task_group.py
[2025-03-08T20:39:09.193+0000] {logging_mixin.py:190} INFO - [2025-03-08T20:39:09.193+0000] {dag.py:3239} INFO - Sync 1 DAGs
[2025-03-08T20:39:09.229+0000] {logging_mixin.py:190} INFO - [2025-03-08T20:39:09.229+0000] {dag.py:4180} INFO - Setting next_dagrun for example_task_group to None, run_after=None
[2025-03-08T20:39:09.268+0000] {processor.py:208} INFO - Processing /home/airflow/.local/lib/python3.12/site-packages/airflow/example_dags/example_task_group.py took 0.143 seconds
[2025-03-08T20:39:41.114+0000] {processor.py:186} INFO - Started process (PID=28254) to work on /home/airflow/.local/lib/python3.12/site-packages/airflow/example_dags/example_task_group.py
[2025-03-08T20:39:41.115+0000] {processor.py:914} INFO - Processing file /home/airflow/.local/lib/python3.12/site-packages/airflow/example_dags/example_task_group.py for tasks to queue
[2025-03-08T20:39:41.119+0000] {logging_mixin.py:190} INFO - [2025-03-08T20:39:41.118+0000] {dagbag.py:588} INFO - Filling up the DagBag from /home/airflow/.local/lib/python3.12/site-packages/airflow/example_dags/example_task_group.py
[2025-03-08T20:39:41.132+0000] {processor.py:925} INFO - DAG(s) 'example_task_group' retrieved from /home/airflow/.local/lib/python3.12/site-packages/airflow/example_dags/example_task_group.py
[2025-03-08T20:39:41.166+0000] {logging_mixin.py:190} INFO - [2025-03-08T20:39:41.166+0000] {dag.py:3239} INFO - Sync 1 DAGs
[2025-03-08T20:39:41.190+0000] {logging_mixin.py:190} INFO - [2025-03-08T20:39:41.190+0000] {dag.py:4180} INFO - Setting next_dagrun for example_task_group to None, run_after=None
[2025-03-08T20:39:41.222+0000] {processor.py:208} INFO - Processing /home/airflow/.local/lib/python3.12/site-packages/airflow/example_dags/example_task_group.py took 0.116 seconds
[2025-03-08T20:40:12.941+0000] {processor.py:186} INFO - Started process (PID=28316) to work on /home/airflow/.local/lib/python3.12/site-packages/airflow/example_dags/example_task_group.py
[2025-03-08T20:40:12.942+0000] {processor.py:914} INFO - Processing file /home/airflow/.local/lib/python3.12/site-packages/airflow/example_dags/example_task_group.py for tasks to queue
[2025-03-08T20:40:12.945+0000] {logging_mixin.py:190} INFO - [2025-03-08T20:40:12.945+0000] {dagbag.py:588} INFO - Filling up the DagBag from /home/airflow/.local/lib/python3.12/site-packages/airflow/example_dags/example_task_group.py
[2025-03-08T20:40:12.958+0000] {processor.py:925} INFO - DAG(s) 'example_task_group' retrieved from /home/airflow/.local/lib/python3.12/site-packages/airflow/example_dags/example_task_group.py
[2025-03-08T20:40:12.990+0000] {logging_mixin.py:190} INFO - [2025-03-08T20:40:12.990+0000] {dag.py:3239} INFO - Sync 1 DAGs
[2025-03-08T20:40:13.014+0000] {logging_mixin.py:190} INFO - [2025-03-08T20:40:13.014+0000] {dag.py:4180} INFO - Setting next_dagrun for example_task_group to None, run_after=None
[2025-03-08T20:40:13.043+0000] {processor.py:208} INFO - Processing /home/airflow/.local/lib/python3.12/site-packages/airflow/example_dags/example_task_group.py took 0.111 seconds
[2025-03-08T20:40:44.553+0000] {processor.py:186} INFO - Started process (PID=28378) to work on /home/airflow/.local/lib/python3.12/site-packages/airflow/example_dags/example_task_group.py
[2025-03-08T20:40:44.555+0000] {processor.py:914} INFO - Processing file /home/airflow/.local/lib/python3.12/site-packages/airflow/example_dags/example_task_group.py for tasks to queue
[2025-03-08T20:40:44.558+0000] {logging_mixin.py:190} INFO - [2025-03-08T20:40:44.558+0000] {dagbag.py:588} INFO - Filling up the DagBag from /home/airflow/.local/lib/python3.12/site-packages/airflow/example_dags/example_task_group.py
[2025-03-08T20:40:44.571+0000] {processor.py:925} INFO - DAG(s) 'example_task_group' retrieved from /home/airflow/.local/lib/python3.12/site-packages/airflow/example_dags/example_task_group.py
[2025-03-08T20:40:44.603+0000] {logging_mixin.py:190} INFO - [2025-03-08T20:40:44.602+0000] {dag.py:3239} INFO - Sync 1 DAGs
[2025-03-08T20:40:44.626+0000] {logging_mixin.py:190} INFO - [2025-03-08T20:40:44.626+0000] {dag.py:4180} INFO - Setting next_dagrun for example_task_group to None, run_after=None
[2025-03-08T20:40:44.654+0000] {processor.py:208} INFO - Processing /home/airflow/.local/lib/python3.12/site-packages/airflow/example_dags/example_task_group.py took 0.109 seconds
[2025-03-08T20:41:16.006+0000] {processor.py:186} INFO - Started process (PID=28441) to work on /home/airflow/.local/lib/python3.12/site-packages/airflow/example_dags/example_task_group.py
[2025-03-08T20:41:16.007+0000] {processor.py:914} INFO - Processing file /home/airflow/.local/lib/python3.12/site-packages/airflow/example_dags/example_task_group.py for tasks to queue
[2025-03-08T20:41:16.010+0000] {logging_mixin.py:190} INFO - [2025-03-08T20:41:16.009+0000] {dagbag.py:588} INFO - Filling up the DagBag from /home/airflow/.local/lib/python3.12/site-packages/airflow/example_dags/example_task_group.py
[2025-03-08T20:41:16.023+0000] {processor.py:925} INFO - DAG(s) 'example_task_group' retrieved from /home/airflow/.local/lib/python3.12/site-packages/airflow/example_dags/example_task_group.py
[2025-03-08T20:41:16.054+0000] {logging_mixin.py:190} INFO - [2025-03-08T20:41:16.054+0000] {dag.py:3239} INFO - Sync 1 DAGs
[2025-03-08T20:41:16.077+0000] {logging_mixin.py:190} INFO - [2025-03-08T20:41:16.077+0000] {dag.py:4180} INFO - Setting next_dagrun for example_task_group to None, run_after=None
[2025-03-08T20:41:16.105+0000] {processor.py:208} INFO - Processing /home/airflow/.local/lib/python3.12/site-packages/airflow/example_dags/example_task_group.py took 0.108 seconds
[2025-03-08T20:41:47.565+0000] {processor.py:186} INFO - Started process (PID=28504) to work on /home/airflow/.local/lib/python3.12/site-packages/airflow/example_dags/example_task_group.py
[2025-03-08T20:41:47.566+0000] {processor.py:914} INFO - Processing file /home/airflow/.local/lib/python3.12/site-packages/airflow/example_dags/example_task_group.py for tasks to queue
[2025-03-08T20:41:47.570+0000] {logging_mixin.py:190} INFO - [2025-03-08T20:41:47.569+0000] {dagbag.py:588} INFO - Filling up the DagBag from /home/airflow/.local/lib/python3.12/site-packages/airflow/example_dags/example_task_group.py
[2025-03-08T20:41:47.584+0000] {processor.py:925} INFO - DAG(s) 'example_task_group' retrieved from /home/airflow/.local/lib/python3.12/site-packages/airflow/example_dags/example_task_group.py
[2025-03-08T20:41:47.620+0000] {logging_mixin.py:190} INFO - [2025-03-08T20:41:47.619+0000] {dag.py:3239} INFO - Sync 1 DAGs
[2025-03-08T20:41:47.648+0000] {logging_mixin.py:190} INFO - [2025-03-08T20:41:47.648+0000] {dag.py:4180} INFO - Setting next_dagrun for example_task_group to None, run_after=None
[2025-03-08T20:41:47.679+0000] {processor.py:208} INFO - Processing /home/airflow/.local/lib/python3.12/site-packages/airflow/example_dags/example_task_group.py took 0.123 seconds
[2025-03-08T20:42:19.436+0000] {processor.py:186} INFO - Started process (PID=28567) to work on /home/airflow/.local/lib/python3.12/site-packages/airflow/example_dags/example_task_group.py
[2025-03-08T20:42:19.437+0000] {processor.py:914} INFO - Processing file /home/airflow/.local/lib/python3.12/site-packages/airflow/example_dags/example_task_group.py for tasks to queue
[2025-03-08T20:42:19.440+0000] {logging_mixin.py:190} INFO - [2025-03-08T20:42:19.439+0000] {dagbag.py:588} INFO - Filling up the DagBag from /home/airflow/.local/lib/python3.12/site-packages/airflow/example_dags/example_task_group.py
[2025-03-08T20:42:19.453+0000] {processor.py:925} INFO - DAG(s) 'example_task_group' retrieved from /home/airflow/.local/lib/python3.12/site-packages/airflow/example_dags/example_task_group.py
[2025-03-08T20:42:19.496+0000] {logging_mixin.py:190} INFO - [2025-03-08T20:42:19.496+0000] {dag.py:3239} INFO - Sync 1 DAGs
[2025-03-08T20:42:19.531+0000] {logging_mixin.py:190} INFO - [2025-03-08T20:42:19.531+0000] {dag.py:4180} INFO - Setting next_dagrun for example_task_group to None, run_after=None
[2025-03-08T20:42:19.565+0000] {processor.py:208} INFO - Processing /home/airflow/.local/lib/python3.12/site-packages/airflow/example_dags/example_task_group.py took 0.138 seconds
[2025-03-08T20:42:51.143+0000] {processor.py:186} INFO - Started process (PID=28631) to work on /home/airflow/.local/lib/python3.12/site-packages/airflow/example_dags/example_task_group.py
[2025-03-08T20:42:51.144+0000] {processor.py:914} INFO - Processing file /home/airflow/.local/lib/python3.12/site-packages/airflow/example_dags/example_task_group.py for tasks to queue
[2025-03-08T20:42:51.147+0000] {logging_mixin.py:190} INFO - [2025-03-08T20:42:51.146+0000] {dagbag.py:588} INFO - Filling up the DagBag from /home/airflow/.local/lib/python3.12/site-packages/airflow/example_dags/example_task_group.py
[2025-03-08T20:42:51.159+0000] {processor.py:925} INFO - DAG(s) 'example_task_group' retrieved from /home/airflow/.local/lib/python3.12/site-packages/airflow/example_dags/example_task_group.py
[2025-03-08T20:42:51.191+0000] {logging_mixin.py:190} INFO - [2025-03-08T20:42:51.190+0000] {dag.py:3239} INFO - Sync 1 DAGs
[2025-03-08T20:42:51.214+0000] {logging_mixin.py:190} INFO - [2025-03-08T20:42:51.214+0000] {dag.py:4180} INFO - Setting next_dagrun for example_task_group to None, run_after=None
[2025-03-08T20:42:51.243+0000] {processor.py:208} INFO - Processing /home/airflow/.local/lib/python3.12/site-packages/airflow/example_dags/example_task_group.py took 0.109 seconds
[2025-03-08T20:43:22.824+0000] {processor.py:186} INFO - Started process (PID=28693) to work on /home/airflow/.local/lib/python3.12/site-packages/airflow/example_dags/example_task_group.py
[2025-03-08T20:43:22.825+0000] {processor.py:914} INFO - Processing file /home/airflow/.local/lib/python3.12/site-packages/airflow/example_dags/example_task_group.py for tasks to queue
[2025-03-08T20:43:22.828+0000] {logging_mixin.py:190} INFO - [2025-03-08T20:43:22.827+0000] {dagbag.py:588} INFO - Filling up the DagBag from /home/airflow/.local/lib/python3.12/site-packages/airflow/example_dags/example_task_group.py
[2025-03-08T20:43:22.841+0000] {processor.py:925} INFO - DAG(s) 'example_task_group' retrieved from /home/airflow/.local/lib/python3.12/site-packages/airflow/example_dags/example_task_group.py
[2025-03-08T20:43:22.873+0000] {logging_mixin.py:190} INFO - [2025-03-08T20:43:22.873+0000] {dag.py:3239} INFO - Sync 1 DAGs
[2025-03-08T20:43:22.897+0000] {logging_mixin.py:190} INFO - [2025-03-08T20:43:22.897+0000] {dag.py:4180} INFO - Setting next_dagrun for example_task_group to None, run_after=None
[2025-03-08T20:43:22.926+0000] {processor.py:208} INFO - Processing /home/airflow/.local/lib/python3.12/site-packages/airflow/example_dags/example_task_group.py took 0.110 seconds
[2025-03-08T20:43:54.367+0000] {processor.py:186} INFO - Started process (PID=28759) to work on /home/airflow/.local/lib/python3.12/site-packages/airflow/example_dags/example_task_group.py
[2025-03-08T20:43:54.368+0000] {processor.py:914} INFO - Processing file /home/airflow/.local/lib/python3.12/site-packages/airflow/example_dags/example_task_group.py for tasks to queue
[2025-03-08T20:43:54.371+0000] {logging_mixin.py:190} INFO - [2025-03-08T20:43:54.371+0000] {dagbag.py:588} INFO - Filling up the DagBag from /home/airflow/.local/lib/python3.12/site-packages/airflow/example_dags/example_task_group.py
[2025-03-08T20:43:54.384+0000] {processor.py:925} INFO - DAG(s) 'example_task_group' retrieved from /home/airflow/.local/lib/python3.12/site-packages/airflow/example_dags/example_task_group.py
[2025-03-08T20:43:54.417+0000] {logging_mixin.py:190} INFO - [2025-03-08T20:43:54.416+0000] {dag.py:3239} INFO - Sync 1 DAGs
[2025-03-08T20:43:54.442+0000] {logging_mixin.py:190} INFO - [2025-03-08T20:43:54.442+0000] {dag.py:4180} INFO - Setting next_dagrun for example_task_group to None, run_after=None
[2025-03-08T20:43:54.474+0000] {processor.py:208} INFO - Processing /home/airflow/.local/lib/python3.12/site-packages/airflow/example_dags/example_task_group.py took 0.115 seconds
[2025-03-08T20:44:26.280+0000] {processor.py:186} INFO - Started process (PID=28822) to work on /home/airflow/.local/lib/python3.12/site-packages/airflow/example_dags/example_task_group.py
[2025-03-08T20:44:26.281+0000] {processor.py:914} INFO - Processing file /home/airflow/.local/lib/python3.12/site-packages/airflow/example_dags/example_task_group.py for tasks to queue
[2025-03-08T20:44:26.284+0000] {logging_mixin.py:190} INFO - [2025-03-08T20:44:26.283+0000] {dagbag.py:588} INFO - Filling up the DagBag from /home/airflow/.local/lib/python3.12/site-packages/airflow/example_dags/example_task_group.py
[2025-03-08T20:44:26.296+0000] {processor.py:925} INFO - DAG(s) 'example_task_group' retrieved from /home/airflow/.local/lib/python3.12/site-packages/airflow/example_dags/example_task_group.py
[2025-03-08T20:44:26.328+0000] {logging_mixin.py:190} INFO - [2025-03-08T20:44:26.327+0000] {dag.py:3239} INFO - Sync 1 DAGs
[2025-03-08T20:44:26.352+0000] {logging_mixin.py:190} INFO - [2025-03-08T20:44:26.352+0000] {dag.py:4180} INFO - Setting next_dagrun for example_task_group to None, run_after=None
[2025-03-08T20:44:26.384+0000] {processor.py:208} INFO - Processing /home/airflow/.local/lib/python3.12/site-packages/airflow/example_dags/example_task_group.py took 0.113 seconds
[2025-03-08T20:44:57.688+0000] {processor.py:186} INFO - Started process (PID=28887) to work on /home/airflow/.local/lib/python3.12/site-packages/airflow/example_dags/example_task_group.py
[2025-03-08T20:44:57.689+0000] {processor.py:914} INFO - Processing file /home/airflow/.local/lib/python3.12/site-packages/airflow/example_dags/example_task_group.py for tasks to queue
[2025-03-08T20:44:57.692+0000] {logging_mixin.py:190} INFO - [2025-03-08T20:44:57.691+0000] {dagbag.py:588} INFO - Filling up the DagBag from /home/airflow/.local/lib/python3.12/site-packages/airflow/example_dags/example_task_group.py
[2025-03-08T20:44:57.705+0000] {processor.py:925} INFO - DAG(s) 'example_task_group' retrieved from /home/airflow/.local/lib/python3.12/site-packages/airflow/example_dags/example_task_group.py
[2025-03-08T20:44:57.737+0000] {logging_mixin.py:190} INFO - [2025-03-08T20:44:57.736+0000] {dag.py:3239} INFO - Sync 1 DAGs
[2025-03-08T20:44:57.760+0000] {logging_mixin.py:190} INFO - [2025-03-08T20:44:57.760+0000] {dag.py:4180} INFO - Setting next_dagrun for example_task_group to None, run_after=None
[2025-03-08T20:44:57.790+0000] {processor.py:208} INFO - Processing /home/airflow/.local/lib/python3.12/site-packages/airflow/example_dags/example_task_group.py took 0.111 seconds
[2025-03-08T20:45:29.016+0000] {processor.py:186} INFO - Started process (PID=28951) to work on /home/airflow/.local/lib/python3.12/site-packages/airflow/example_dags/example_task_group.py
[2025-03-08T20:45:29.017+0000] {processor.py:914} INFO - Processing file /home/airflow/.local/lib/python3.12/site-packages/airflow/example_dags/example_task_group.py for tasks to queue
[2025-03-08T20:45:29.020+0000] {logging_mixin.py:190} INFO - [2025-03-08T20:45:29.019+0000] {dagbag.py:588} INFO - Filling up the DagBag from /home/airflow/.local/lib/python3.12/site-packages/airflow/example_dags/example_task_group.py
[2025-03-08T20:45:29.034+0000] {processor.py:925} INFO - DAG(s) 'example_task_group' retrieved from /home/airflow/.local/lib/python3.12/site-packages/airflow/example_dags/example_task_group.py
[2025-03-08T20:45:29.071+0000] {logging_mixin.py:190} INFO - [2025-03-08T20:45:29.070+0000] {dag.py:3239} INFO - Sync 1 DAGs
[2025-03-08T20:45:29.096+0000] {logging_mixin.py:190} INFO - [2025-03-08T20:45:29.096+0000] {dag.py:4180} INFO - Setting next_dagrun for example_task_group to None, run_after=None
[2025-03-08T20:45:29.125+0000] {processor.py:208} INFO - Processing /home/airflow/.local/lib/python3.12/site-packages/airflow/example_dags/example_task_group.py took 0.119 seconds
[2025-03-08T20:46:01.311+0000] {processor.py:186} INFO - Started process (PID=29014) to work on /home/airflow/.local/lib/python3.12/site-packages/airflow/example_dags/example_task_group.py
[2025-03-08T20:46:01.312+0000] {processor.py:914} INFO - Processing file /home/airflow/.local/lib/python3.12/site-packages/airflow/example_dags/example_task_group.py for tasks to queue
[2025-03-08T20:46:01.315+0000] {logging_mixin.py:190} INFO - [2025-03-08T20:46:01.314+0000] {dagbag.py:588} INFO - Filling up the DagBag from /home/airflow/.local/lib/python3.12/site-packages/airflow/example_dags/example_task_group.py
[2025-03-08T20:46:01.328+0000] {processor.py:925} INFO - DAG(s) 'example_task_group' retrieved from /home/airflow/.local/lib/python3.12/site-packages/airflow/example_dags/example_task_group.py
[2025-03-08T20:46:01.360+0000] {logging_mixin.py:190} INFO - [2025-03-08T20:46:01.360+0000] {dag.py:3239} INFO - Sync 1 DAGs
[2025-03-08T20:46:01.383+0000] {logging_mixin.py:190} INFO - [2025-03-08T20:46:01.383+0000] {dag.py:4180} INFO - Setting next_dagrun for example_task_group to None, run_after=None
[2025-03-08T20:46:01.412+0000] {processor.py:208} INFO - Processing /home/airflow/.local/lib/python3.12/site-packages/airflow/example_dags/example_task_group.py took 0.109 seconds
[2025-03-08T20:46:33.950+0000] {processor.py:186} INFO - Started process (PID=29085) to work on /home/airflow/.local/lib/python3.12/site-packages/airflow/example_dags/example_task_group.py
[2025-03-08T20:46:33.952+0000] {processor.py:914} INFO - Processing file /home/airflow/.local/lib/python3.12/site-packages/airflow/example_dags/example_task_group.py for tasks to queue
[2025-03-08T20:46:33.956+0000] {logging_mixin.py:190} INFO - [2025-03-08T20:46:33.955+0000] {dagbag.py:588} INFO - Filling up the DagBag from /home/airflow/.local/lib/python3.12/site-packages/airflow/example_dags/example_task_group.py
[2025-03-08T20:46:33.975+0000] {processor.py:925} INFO - DAG(s) 'example_task_group' retrieved from /home/airflow/.local/lib/python3.12/site-packages/airflow/example_dags/example_task_group.py
[2025-03-08T20:46:34.007+0000] {logging_mixin.py:190} INFO - [2025-03-08T20:46:34.007+0000] {dag.py:3239} INFO - Sync 1 DAGs
[2025-03-08T20:46:34.033+0000] {logging_mixin.py:190} INFO - [2025-03-08T20:46:34.033+0000] {dag.py:4180} INFO - Setting next_dagrun for example_task_group to None, run_after=None
[2025-03-08T20:46:34.064+0000] {processor.py:208} INFO - Processing /home/airflow/.local/lib/python3.12/site-packages/airflow/example_dags/example_task_group.py took 0.126 seconds
[2025-03-08T20:47:05.572+0000] {processor.py:186} INFO - Started process (PID=29152) to work on /home/airflow/.local/lib/python3.12/site-packages/airflow/example_dags/example_task_group.py
[2025-03-08T20:47:05.573+0000] {processor.py:914} INFO - Processing file /home/airflow/.local/lib/python3.12/site-packages/airflow/example_dags/example_task_group.py for tasks to queue
[2025-03-08T20:47:05.576+0000] {logging_mixin.py:190} INFO - [2025-03-08T20:47:05.576+0000] {dagbag.py:588} INFO - Filling up the DagBag from /home/airflow/.local/lib/python3.12/site-packages/airflow/example_dags/example_task_group.py
[2025-03-08T20:47:05.589+0000] {processor.py:925} INFO - DAG(s) 'example_task_group' retrieved from /home/airflow/.local/lib/python3.12/site-packages/airflow/example_dags/example_task_group.py
[2025-03-08T20:47:05.621+0000] {logging_mixin.py:190} INFO - [2025-03-08T20:47:05.621+0000] {dag.py:3239} INFO - Sync 1 DAGs
[2025-03-08T20:47:05.645+0000] {logging_mixin.py:190} INFO - [2025-03-08T20:47:05.645+0000] {dag.py:4180} INFO - Setting next_dagrun for example_task_group to None, run_after=None
[2025-03-08T20:47:05.676+0000] {processor.py:208} INFO - Processing /home/airflow/.local/lib/python3.12/site-packages/airflow/example_dags/example_task_group.py took 0.112 seconds
[2025-03-08T20:47:36.529+0000] {processor.py:186} INFO - Started process (PID=29215) to work on /home/airflow/.local/lib/python3.12/site-packages/airflow/example_dags/example_task_group.py
[2025-03-08T20:47:36.530+0000] {processor.py:914} INFO - Processing file /home/airflow/.local/lib/python3.12/site-packages/airflow/example_dags/example_task_group.py for tasks to queue
[2025-03-08T20:47:36.533+0000] {logging_mixin.py:190} INFO - [2025-03-08T20:47:36.532+0000] {dagbag.py:588} INFO - Filling up the DagBag from /home/airflow/.local/lib/python3.12/site-packages/airflow/example_dags/example_task_group.py
[2025-03-08T20:47:36.545+0000] {processor.py:925} INFO - DAG(s) 'example_task_group' retrieved from /home/airflow/.local/lib/python3.12/site-packages/airflow/example_dags/example_task_group.py
[2025-03-08T20:47:36.577+0000] {logging_mixin.py:190} INFO - [2025-03-08T20:47:36.577+0000] {dag.py:3239} INFO - Sync 1 DAGs
[2025-03-08T20:47:36.601+0000] {logging_mixin.py:190} INFO - [2025-03-08T20:47:36.600+0000] {dag.py:4180} INFO - Setting next_dagrun for example_task_group to None, run_after=None
[2025-03-08T20:47:36.630+0000] {processor.py:208} INFO - Processing /home/airflow/.local/lib/python3.12/site-packages/airflow/example_dags/example_task_group.py took 0.110 seconds
[2025-03-08T20:48:08.801+0000] {processor.py:186} INFO - Started process (PID=29279) to work on /home/airflow/.local/lib/python3.12/site-packages/airflow/example_dags/example_task_group.py
[2025-03-08T20:48:08.803+0000] {processor.py:914} INFO - Processing file /home/airflow/.local/lib/python3.12/site-packages/airflow/example_dags/example_task_group.py for tasks to queue
[2025-03-08T20:48:08.806+0000] {logging_mixin.py:190} INFO - [2025-03-08T20:48:08.805+0000] {dagbag.py:588} INFO - Filling up the DagBag from /home/airflow/.local/lib/python3.12/site-packages/airflow/example_dags/example_task_group.py
[2025-03-08T20:48:08.818+0000] {processor.py:925} INFO - DAG(s) 'example_task_group' retrieved from /home/airflow/.local/lib/python3.12/site-packages/airflow/example_dags/example_task_group.py
[2025-03-08T20:48:08.853+0000] {logging_mixin.py:190} INFO - [2025-03-08T20:48:08.853+0000] {dag.py:3239} INFO - Sync 1 DAGs
[2025-03-08T20:48:08.877+0000] {logging_mixin.py:190} INFO - [2025-03-08T20:48:08.877+0000] {dag.py:4180} INFO - Setting next_dagrun for example_task_group to None, run_after=None
[2025-03-08T20:48:08.906+0000] {processor.py:208} INFO - Processing /home/airflow/.local/lib/python3.12/site-packages/airflow/example_dags/example_task_group.py took 0.114 seconds
[2025-03-08T20:48:39.917+0000] {processor.py:186} INFO - Started process (PID=29342) to work on /home/airflow/.local/lib/python3.12/site-packages/airflow/example_dags/example_task_group.py
[2025-03-08T20:48:39.918+0000] {processor.py:914} INFO - Processing file /home/airflow/.local/lib/python3.12/site-packages/airflow/example_dags/example_task_group.py for tasks to queue
[2025-03-08T20:48:39.920+0000] {logging_mixin.py:190} INFO - [2025-03-08T20:48:39.920+0000] {dagbag.py:588} INFO - Filling up the DagBag from /home/airflow/.local/lib/python3.12/site-packages/airflow/example_dags/example_task_group.py
[2025-03-08T20:48:39.933+0000] {processor.py:925} INFO - DAG(s) 'example_task_group' retrieved from /home/airflow/.local/lib/python3.12/site-packages/airflow/example_dags/example_task_group.py
[2025-03-08T20:48:39.969+0000] {logging_mixin.py:190} INFO - [2025-03-08T20:48:39.968+0000] {dag.py:3239} INFO - Sync 1 DAGs
[2025-03-08T20:48:39.995+0000] {logging_mixin.py:190} INFO - [2025-03-08T20:48:39.995+0000] {dag.py:4180} INFO - Setting next_dagrun for example_task_group to None, run_after=None
[2025-03-08T20:48:40.025+0000] {processor.py:208} INFO - Processing /home/airflow/.local/lib/python3.12/site-packages/airflow/example_dags/example_task_group.py took 0.117 seconds
[2025-03-08T20:49:12.065+0000] {processor.py:186} INFO - Started process (PID=29408) to work on /home/airflow/.local/lib/python3.12/site-packages/airflow/example_dags/example_task_group.py
[2025-03-08T20:49:12.066+0000] {processor.py:914} INFO - Processing file /home/airflow/.local/lib/python3.12/site-packages/airflow/example_dags/example_task_group.py for tasks to queue
[2025-03-08T20:49:12.069+0000] {logging_mixin.py:190} INFO - [2025-03-08T20:49:12.069+0000] {dagbag.py:588} INFO - Filling up the DagBag from /home/airflow/.local/lib/python3.12/site-packages/airflow/example_dags/example_task_group.py
[2025-03-08T20:49:12.082+0000] {processor.py:925} INFO - DAG(s) 'example_task_group' retrieved from /home/airflow/.local/lib/python3.12/site-packages/airflow/example_dags/example_task_group.py
[2025-03-08T20:49:12.114+0000] {logging_mixin.py:190} INFO - [2025-03-08T20:49:12.113+0000] {dag.py:3239} INFO - Sync 1 DAGs
[2025-03-08T20:49:12.137+0000] {logging_mixin.py:190} INFO - [2025-03-08T20:49:12.137+0000] {dag.py:4180} INFO - Setting next_dagrun for example_task_group to None, run_after=None
[2025-03-08T20:49:12.167+0000] {processor.py:208} INFO - Processing /home/airflow/.local/lib/python3.12/site-packages/airflow/example_dags/example_task_group.py took 0.110 seconds
[2025-03-08T20:49:43.876+0000] {processor.py:186} INFO - Started process (PID=29477) to work on /home/airflow/.local/lib/python3.12/site-packages/airflow/example_dags/example_task_group.py
[2025-03-08T20:49:43.877+0000] {processor.py:914} INFO - Processing file /home/airflow/.local/lib/python3.12/site-packages/airflow/example_dags/example_task_group.py for tasks to queue
[2025-03-08T20:49:43.881+0000] {logging_mixin.py:190} INFO - [2025-03-08T20:49:43.880+0000] {dagbag.py:588} INFO - Filling up the DagBag from /home/airflow/.local/lib/python3.12/site-packages/airflow/example_dags/example_task_group.py
[2025-03-08T20:49:43.895+0000] {processor.py:925} INFO - DAG(s) 'example_task_group' retrieved from /home/airflow/.local/lib/python3.12/site-packages/airflow/example_dags/example_task_group.py
[2025-03-08T20:49:43.926+0000] {logging_mixin.py:190} INFO - [2025-03-08T20:49:43.925+0000] {dag.py:3239} INFO - Sync 1 DAGs
[2025-03-08T20:49:43.949+0000] {logging_mixin.py:190} INFO - [2025-03-08T20:49:43.948+0000] {dag.py:4180} INFO - Setting next_dagrun for example_task_group to None, run_after=None
[2025-03-08T20:49:43.981+0000] {processor.py:208} INFO - Processing /home/airflow/.local/lib/python3.12/site-packages/airflow/example_dags/example_task_group.py took 0.114 seconds
[2025-03-08T20:50:15.078+0000] {processor.py:186} INFO - Started process (PID=29540) to work on /home/airflow/.local/lib/python3.12/site-packages/airflow/example_dags/example_task_group.py
[2025-03-08T20:50:15.079+0000] {processor.py:914} INFO - Processing file /home/airflow/.local/lib/python3.12/site-packages/airflow/example_dags/example_task_group.py for tasks to queue
[2025-03-08T20:50:15.082+0000] {logging_mixin.py:190} INFO - [2025-03-08T20:50:15.082+0000] {dagbag.py:588} INFO - Filling up the DagBag from /home/airflow/.local/lib/python3.12/site-packages/airflow/example_dags/example_task_group.py
[2025-03-08T20:50:15.095+0000] {processor.py:925} INFO - DAG(s) 'example_task_group' retrieved from /home/airflow/.local/lib/python3.12/site-packages/airflow/example_dags/example_task_group.py
[2025-03-08T20:50:15.127+0000] {logging_mixin.py:190} INFO - [2025-03-08T20:50:15.127+0000] {dag.py:3239} INFO - Sync 1 DAGs
[2025-03-08T20:50:15.150+0000] {logging_mixin.py:190} INFO - [2025-03-08T20:50:15.150+0000] {dag.py:4180} INFO - Setting next_dagrun for example_task_group to None, run_after=None
[2025-03-08T20:50:15.179+0000] {processor.py:208} INFO - Processing /home/airflow/.local/lib/python3.12/site-packages/airflow/example_dags/example_task_group.py took 0.110 seconds
[2025-03-08T20:50:46.327+0000] {processor.py:186} INFO - Started process (PID=29603) to work on /home/airflow/.local/lib/python3.12/site-packages/airflow/example_dags/example_task_group.py
[2025-03-08T20:50:46.328+0000] {processor.py:914} INFO - Processing file /home/airflow/.local/lib/python3.12/site-packages/airflow/example_dags/example_task_group.py for tasks to queue
[2025-03-08T20:50:46.331+0000] {logging_mixin.py:190} INFO - [2025-03-08T20:50:46.331+0000] {dagbag.py:588} INFO - Filling up the DagBag from /home/airflow/.local/lib/python3.12/site-packages/airflow/example_dags/example_task_group.py
[2025-03-08T20:50:46.344+0000] {processor.py:925} INFO - DAG(s) 'example_task_group' retrieved from /home/airflow/.local/lib/python3.12/site-packages/airflow/example_dags/example_task_group.py
[2025-03-08T20:50:46.376+0000] {logging_mixin.py:190} INFO - [2025-03-08T20:50:46.376+0000] {dag.py:3239} INFO - Sync 1 DAGs
[2025-03-08T20:50:46.400+0000] {logging_mixin.py:190} INFO - [2025-03-08T20:50:46.400+0000] {dag.py:4180} INFO - Setting next_dagrun for example_task_group to None, run_after=None
[2025-03-08T20:50:46.429+0000] {processor.py:208} INFO - Processing /home/airflow/.local/lib/python3.12/site-packages/airflow/example_dags/example_task_group.py took 0.111 seconds
