[2025-03-08T19:36:10.431+0000] {processor.py:186} INFO - Started process (PID=24774) to work on /home/airflow/.local/lib/python3.12/site-packages/airflow/example_dags/tutorial.py
[2025-03-08T19:36:10.433+0000] {processor.py:914} INFO - Processing file /home/airflow/.local/lib/python3.12/site-packages/airflow/example_dags/tutorial.py for tasks to queue
[2025-03-08T19:36:10.439+0000] {logging_mixin.py:190} INFO - [2025-03-08T19:36:10.438+0000] {dagbag.py:588} INFO - Filling up the DagBag from /home/airflow/.local/lib/python3.12/site-packages/airflow/example_dags/tutorial.py
[2025-03-08T19:36:10.457+0000] {processor.py:925} INFO - DAG(s) 'tutorial' retrieved from /home/airflow/.local/lib/python3.12/site-packages/airflow/example_dags/tutorial.py
[2025-03-08T19:36:10.510+0000] {logging_mixin.py:190} INFO - [2025-03-08T19:36:10.509+0000] {dag.py:3239} INFO - Sync 1 DAGs
[2025-03-08T19:36:10.576+0000] {logging_mixin.py:190} INFO - [2025-03-08T19:36:10.575+0000] {dag.py:4180} INFO - Setting next_dagrun for tutorial to 2025-03-07 00:00:00+00:00, run_after=2025-03-08 00:00:00+00:00
[2025-03-08T19:36:10.622+0000] {processor.py:208} INFO - Processing /home/airflow/.local/lib/python3.12/site-packages/airflow/example_dags/tutorial.py took 0.204 seconds
[2025-03-08T19:36:41.821+0000] {processor.py:186} INFO - Started process (PID=24835) to work on /home/airflow/.local/lib/python3.12/site-packages/airflow/example_dags/tutorial.py
[2025-03-08T19:36:41.829+0000] {processor.py:914} INFO - Processing file /home/airflow/.local/lib/python3.12/site-packages/airflow/example_dags/tutorial.py for tasks to queue
[2025-03-08T19:36:41.833+0000] {logging_mixin.py:190} INFO - [2025-03-08T19:36:41.833+0000] {dagbag.py:588} INFO - Filling up the DagBag from /home/airflow/.local/lib/python3.12/site-packages/airflow/example_dags/tutorial.py
[2025-03-08T19:36:41.880+0000] {processor.py:925} INFO - DAG(s) 'tutorial' retrieved from /home/airflow/.local/lib/python3.12/site-packages/airflow/example_dags/tutorial.py
[2025-03-08T19:36:41.963+0000] {logging_mixin.py:190} INFO - [2025-03-08T19:36:41.963+0000] {dag.py:3239} INFO - Sync 1 DAGs
[2025-03-08T19:36:42.102+0000] {logging_mixin.py:190} INFO - [2025-03-08T19:36:42.102+0000] {dag.py:4180} INFO - Setting next_dagrun for tutorial to 2025-03-07 00:00:00+00:00, run_after=2025-03-08 00:00:00+00:00
[2025-03-08T19:36:42.211+0000] {processor.py:208} INFO - Processing /home/airflow/.local/lib/python3.12/site-packages/airflow/example_dags/tutorial.py took 0.415 seconds
[2025-03-08T19:37:12.639+0000] {processor.py:186} INFO - Started process (PID=24898) to work on /home/airflow/.local/lib/python3.12/site-packages/airflow/example_dags/tutorial.py
[2025-03-08T19:37:12.645+0000] {processor.py:914} INFO - Processing file /home/airflow/.local/lib/python3.12/site-packages/airflow/example_dags/tutorial.py for tasks to queue
[2025-03-08T19:37:12.650+0000] {logging_mixin.py:190} INFO - [2025-03-08T19:37:12.649+0000] {dagbag.py:588} INFO - Filling up the DagBag from /home/airflow/.local/lib/python3.12/site-packages/airflow/example_dags/tutorial.py
[2025-03-08T19:37:12.682+0000] {processor.py:925} INFO - DAG(s) 'tutorial' retrieved from /home/airflow/.local/lib/python3.12/site-packages/airflow/example_dags/tutorial.py
[2025-03-08T19:37:12.757+0000] {logging_mixin.py:190} INFO - [2025-03-08T19:37:12.756+0000] {dag.py:3239} INFO - Sync 1 DAGs
[2025-03-08T19:37:12.826+0000] {logging_mixin.py:190} INFO - [2025-03-08T19:37:12.826+0000] {dag.py:4180} INFO - Setting next_dagrun for tutorial to 2025-03-07 00:00:00+00:00, run_after=2025-03-08 00:00:00+00:00
[2025-03-08T19:37:12.899+0000] {processor.py:208} INFO - Processing /home/airflow/.local/lib/python3.12/site-packages/airflow/example_dags/tutorial.py took 0.280 seconds
[2025-03-08T19:37:43.807+0000] {processor.py:186} INFO - Started process (PID=24960) to work on /home/airflow/.local/lib/python3.12/site-packages/airflow/example_dags/tutorial.py
[2025-03-08T19:37:43.810+0000] {processor.py:914} INFO - Processing file /home/airflow/.local/lib/python3.12/site-packages/airflow/example_dags/tutorial.py for tasks to queue
[2025-03-08T19:37:43.815+0000] {logging_mixin.py:190} INFO - [2025-03-08T19:37:43.814+0000] {dagbag.py:588} INFO - Filling up the DagBag from /home/airflow/.local/lib/python3.12/site-packages/airflow/example_dags/tutorial.py
[2025-03-08T19:37:43.847+0000] {processor.py:925} INFO - DAG(s) 'tutorial' retrieved from /home/airflow/.local/lib/python3.12/site-packages/airflow/example_dags/tutorial.py
[2025-03-08T19:37:43.899+0000] {logging_mixin.py:190} INFO - [2025-03-08T19:37:43.898+0000] {dag.py:3239} INFO - Sync 1 DAGs
[2025-03-08T19:37:43.961+0000] {logging_mixin.py:190} INFO - [2025-03-08T19:37:43.960+0000] {dag.py:4180} INFO - Setting next_dagrun for tutorial to 2025-03-07 00:00:00+00:00, run_after=2025-03-08 00:00:00+00:00
[2025-03-08T19:37:44.008+0000] {processor.py:208} INFO - Processing /home/airflow/.local/lib/python3.12/site-packages/airflow/example_dags/tutorial.py took 0.222 seconds
[2025-03-08T19:38:14.819+0000] {processor.py:186} INFO - Started process (PID=25023) to work on /home/airflow/.local/lib/python3.12/site-packages/airflow/example_dags/tutorial.py
[2025-03-08T19:38:14.822+0000] {processor.py:914} INFO - Processing file /home/airflow/.local/lib/python3.12/site-packages/airflow/example_dags/tutorial.py for tasks to queue
[2025-03-08T19:38:14.826+0000] {logging_mixin.py:190} INFO - [2025-03-08T19:38:14.825+0000] {dagbag.py:588} INFO - Filling up the DagBag from /home/airflow/.local/lib/python3.12/site-packages/airflow/example_dags/tutorial.py
[2025-03-08T19:38:14.843+0000] {processor.py:925} INFO - DAG(s) 'tutorial' retrieved from /home/airflow/.local/lib/python3.12/site-packages/airflow/example_dags/tutorial.py
[2025-03-08T19:38:14.889+0000] {logging_mixin.py:190} INFO - [2025-03-08T19:38:14.889+0000] {dag.py:3239} INFO - Sync 1 DAGs
[2025-03-08T19:38:14.949+0000] {logging_mixin.py:190} INFO - [2025-03-08T19:38:14.949+0000] {dag.py:4180} INFO - Setting next_dagrun for tutorial to 2025-03-07 00:00:00+00:00, run_after=2025-03-08 00:00:00+00:00
[2025-03-08T19:38:14.997+0000] {processor.py:208} INFO - Processing /home/airflow/.local/lib/python3.12/site-packages/airflow/example_dags/tutorial.py took 0.191 seconds
[2025-03-08T19:38:45.875+0000] {processor.py:186} INFO - Started process (PID=25086) to work on /home/airflow/.local/lib/python3.12/site-packages/airflow/example_dags/tutorial.py
[2025-03-08T19:38:45.876+0000] {processor.py:914} INFO - Processing file /home/airflow/.local/lib/python3.12/site-packages/airflow/example_dags/tutorial.py for tasks to queue
[2025-03-08T19:38:45.880+0000] {logging_mixin.py:190} INFO - [2025-03-08T19:38:45.880+0000] {dagbag.py:588} INFO - Filling up the DagBag from /home/airflow/.local/lib/python3.12/site-packages/airflow/example_dags/tutorial.py
[2025-03-08T19:38:45.900+0000] {processor.py:925} INFO - DAG(s) 'tutorial' retrieved from /home/airflow/.local/lib/python3.12/site-packages/airflow/example_dags/tutorial.py
[2025-03-08T19:38:45.943+0000] {logging_mixin.py:190} INFO - [2025-03-08T19:38:45.943+0000] {dag.py:3239} INFO - Sync 1 DAGs
[2025-03-08T19:38:46.003+0000] {logging_mixin.py:190} INFO - [2025-03-08T19:38:46.002+0000] {dag.py:4180} INFO - Setting next_dagrun for tutorial to 2025-03-07 00:00:00+00:00, run_after=2025-03-08 00:00:00+00:00
[2025-03-08T19:38:46.056+0000] {processor.py:208} INFO - Processing /home/airflow/.local/lib/python3.12/site-packages/airflow/example_dags/tutorial.py took 0.195 seconds
[2025-03-08T19:39:16.572+0000] {processor.py:186} INFO - Started process (PID=25149) to work on /home/airflow/.local/lib/python3.12/site-packages/airflow/example_dags/tutorial.py
[2025-03-08T19:39:16.573+0000] {processor.py:914} INFO - Processing file /home/airflow/.local/lib/python3.12/site-packages/airflow/example_dags/tutorial.py for tasks to queue
[2025-03-08T19:39:16.577+0000] {logging_mixin.py:190} INFO - [2025-03-08T19:39:16.577+0000] {dagbag.py:588} INFO - Filling up the DagBag from /home/airflow/.local/lib/python3.12/site-packages/airflow/example_dags/tutorial.py
[2025-03-08T19:39:16.594+0000] {processor.py:925} INFO - DAG(s) 'tutorial' retrieved from /home/airflow/.local/lib/python3.12/site-packages/airflow/example_dags/tutorial.py
[2025-03-08T19:39:16.635+0000] {logging_mixin.py:190} INFO - [2025-03-08T19:39:16.635+0000] {dag.py:3239} INFO - Sync 1 DAGs
[2025-03-08T19:39:16.697+0000] {logging_mixin.py:190} INFO - [2025-03-08T19:39:16.696+0000] {dag.py:4180} INFO - Setting next_dagrun for tutorial to 2025-03-07 00:00:00+00:00, run_after=2025-03-08 00:00:00+00:00
[2025-03-08T19:39:16.741+0000] {processor.py:208} INFO - Processing /home/airflow/.local/lib/python3.12/site-packages/airflow/example_dags/tutorial.py took 0.182 seconds
[2025-03-08T19:39:46.902+0000] {processor.py:186} INFO - Started process (PID=25211) to work on /home/airflow/.local/lib/python3.12/site-packages/airflow/example_dags/tutorial.py
[2025-03-08T19:39:46.904+0000] {processor.py:914} INFO - Processing file /home/airflow/.local/lib/python3.12/site-packages/airflow/example_dags/tutorial.py for tasks to queue
[2025-03-08T19:39:46.908+0000] {logging_mixin.py:190} INFO - [2025-03-08T19:39:46.908+0000] {dagbag.py:588} INFO - Filling up the DagBag from /home/airflow/.local/lib/python3.12/site-packages/airflow/example_dags/tutorial.py
[2025-03-08T19:39:46.925+0000] {processor.py:925} INFO - DAG(s) 'tutorial' retrieved from /home/airflow/.local/lib/python3.12/site-packages/airflow/example_dags/tutorial.py
[2025-03-08T19:39:46.966+0000] {logging_mixin.py:190} INFO - [2025-03-08T19:39:46.965+0000] {dag.py:3239} INFO - Sync 1 DAGs
[2025-03-08T19:39:47.025+0000] {logging_mixin.py:190} INFO - [2025-03-08T19:39:47.024+0000] {dag.py:4180} INFO - Setting next_dagrun for tutorial to 2025-03-07 00:00:00+00:00, run_after=2025-03-08 00:00:00+00:00
[2025-03-08T19:39:47.064+0000] {processor.py:208} INFO - Processing /home/airflow/.local/lib/python3.12/site-packages/airflow/example_dags/tutorial.py took 0.174 seconds
[2025-03-08T19:40:17.375+0000] {processor.py:186} INFO - Started process (PID=25274) to work on /home/airflow/.local/lib/python3.12/site-packages/airflow/example_dags/tutorial.py
[2025-03-08T19:40:17.377+0000] {processor.py:914} INFO - Processing file /home/airflow/.local/lib/python3.12/site-packages/airflow/example_dags/tutorial.py for tasks to queue
[2025-03-08T19:40:17.381+0000] {logging_mixin.py:190} INFO - [2025-03-08T19:40:17.380+0000] {dagbag.py:588} INFO - Filling up the DagBag from /home/airflow/.local/lib/python3.12/site-packages/airflow/example_dags/tutorial.py
[2025-03-08T19:40:17.396+0000] {processor.py:925} INFO - DAG(s) 'tutorial' retrieved from /home/airflow/.local/lib/python3.12/site-packages/airflow/example_dags/tutorial.py
[2025-03-08T19:40:17.435+0000] {logging_mixin.py:190} INFO - [2025-03-08T19:40:17.435+0000] {dag.py:3239} INFO - Sync 1 DAGs
[2025-03-08T19:40:17.493+0000] {logging_mixin.py:190} INFO - [2025-03-08T19:40:17.492+0000] {dag.py:4180} INFO - Setting next_dagrun for tutorial to 2025-03-07 00:00:00+00:00, run_after=2025-03-08 00:00:00+00:00
[2025-03-08T19:40:17.526+0000] {processor.py:208} INFO - Processing /home/airflow/.local/lib/python3.12/site-packages/airflow/example_dags/tutorial.py took 0.163 seconds
[2025-03-08T19:40:47.774+0000] {processor.py:186} INFO - Started process (PID=25338) to work on /home/airflow/.local/lib/python3.12/site-packages/airflow/example_dags/tutorial.py
[2025-03-08T19:40:47.775+0000] {processor.py:914} INFO - Processing file /home/airflow/.local/lib/python3.12/site-packages/airflow/example_dags/tutorial.py for tasks to queue
[2025-03-08T19:40:47.779+0000] {logging_mixin.py:190} INFO - [2025-03-08T19:40:47.778+0000] {dagbag.py:588} INFO - Filling up the DagBag from /home/airflow/.local/lib/python3.12/site-packages/airflow/example_dags/tutorial.py
[2025-03-08T19:40:47.793+0000] {processor.py:925} INFO - DAG(s) 'tutorial' retrieved from /home/airflow/.local/lib/python3.12/site-packages/airflow/example_dags/tutorial.py
[2025-03-08T19:40:47.833+0000] {logging_mixin.py:190} INFO - [2025-03-08T19:40:47.832+0000] {dag.py:3239} INFO - Sync 1 DAGs
[2025-03-08T19:40:47.888+0000] {logging_mixin.py:190} INFO - [2025-03-08T19:40:47.887+0000] {dag.py:4180} INFO - Setting next_dagrun for tutorial to 2025-03-07 00:00:00+00:00, run_after=2025-03-08 00:00:00+00:00
[2025-03-08T19:40:47.930+0000] {processor.py:208} INFO - Processing /home/airflow/.local/lib/python3.12/site-packages/airflow/example_dags/tutorial.py took 0.168 seconds
[2025-03-08T19:41:18.067+0000] {processor.py:186} INFO - Started process (PID=25401) to work on /home/airflow/.local/lib/python3.12/site-packages/airflow/example_dags/tutorial.py
[2025-03-08T19:41:18.068+0000] {processor.py:914} INFO - Processing file /home/airflow/.local/lib/python3.12/site-packages/airflow/example_dags/tutorial.py for tasks to queue
[2025-03-08T19:41:18.072+0000] {logging_mixin.py:190} INFO - [2025-03-08T19:41:18.072+0000] {dagbag.py:588} INFO - Filling up the DagBag from /home/airflow/.local/lib/python3.12/site-packages/airflow/example_dags/tutorial.py
[2025-03-08T19:41:18.088+0000] {processor.py:925} INFO - DAG(s) 'tutorial' retrieved from /home/airflow/.local/lib/python3.12/site-packages/airflow/example_dags/tutorial.py
[2025-03-08T19:41:18.126+0000] {logging_mixin.py:190} INFO - [2025-03-08T19:41:18.125+0000] {dag.py:3239} INFO - Sync 1 DAGs
[2025-03-08T19:41:18.179+0000] {logging_mixin.py:190} INFO - [2025-03-08T19:41:18.178+0000] {dag.py:4180} INFO - Setting next_dagrun for tutorial to 2025-03-07 00:00:00+00:00, run_after=2025-03-08 00:00:00+00:00
[2025-03-08T19:41:18.218+0000] {processor.py:208} INFO - Processing /home/airflow/.local/lib/python3.12/site-packages/airflow/example_dags/tutorial.py took 0.163 seconds
[2025-03-08T19:41:48.693+0000] {processor.py:186} INFO - Started process (PID=25464) to work on /home/airflow/.local/lib/python3.12/site-packages/airflow/example_dags/tutorial.py
[2025-03-08T19:41:48.695+0000] {processor.py:914} INFO - Processing file /home/airflow/.local/lib/python3.12/site-packages/airflow/example_dags/tutorial.py for tasks to queue
[2025-03-08T19:41:48.698+0000] {logging_mixin.py:190} INFO - [2025-03-08T19:41:48.697+0000] {dagbag.py:588} INFO - Filling up the DagBag from /home/airflow/.local/lib/python3.12/site-packages/airflow/example_dags/tutorial.py
[2025-03-08T19:41:48.710+0000] {processor.py:925} INFO - DAG(s) 'tutorial' retrieved from /home/airflow/.local/lib/python3.12/site-packages/airflow/example_dags/tutorial.py
[2025-03-08T19:41:48.748+0000] {logging_mixin.py:190} INFO - [2025-03-08T19:41:48.748+0000] {dag.py:3239} INFO - Sync 1 DAGs
[2025-03-08T19:41:48.802+0000] {logging_mixin.py:190} INFO - [2025-03-08T19:41:48.801+0000] {dag.py:4180} INFO - Setting next_dagrun for tutorial to 2025-03-07 00:00:00+00:00, run_after=2025-03-08 00:00:00+00:00
[2025-03-08T19:41:48.840+0000] {processor.py:208} INFO - Processing /home/airflow/.local/lib/python3.12/site-packages/airflow/example_dags/tutorial.py took 0.157 seconds
[2025-03-08T19:42:19.045+0000] {processor.py:186} INFO - Started process (PID=25526) to work on /home/airflow/.local/lib/python3.12/site-packages/airflow/example_dags/tutorial.py
[2025-03-08T19:42:19.047+0000] {processor.py:914} INFO - Processing file /home/airflow/.local/lib/python3.12/site-packages/airflow/example_dags/tutorial.py for tasks to queue
[2025-03-08T19:42:19.051+0000] {logging_mixin.py:190} INFO - [2025-03-08T19:42:19.050+0000] {dagbag.py:588} INFO - Filling up the DagBag from /home/airflow/.local/lib/python3.12/site-packages/airflow/example_dags/tutorial.py
[2025-03-08T19:42:19.069+0000] {processor.py:925} INFO - DAG(s) 'tutorial' retrieved from /home/airflow/.local/lib/python3.12/site-packages/airflow/example_dags/tutorial.py
[2025-03-08T19:42:19.109+0000] {logging_mixin.py:190} INFO - [2025-03-08T19:42:19.108+0000] {dag.py:3239} INFO - Sync 1 DAGs
[2025-03-08T19:42:19.169+0000] {logging_mixin.py:190} INFO - [2025-03-08T19:42:19.168+0000] {dag.py:4180} INFO - Setting next_dagrun for tutorial to 2025-03-07 00:00:00+00:00, run_after=2025-03-08 00:00:00+00:00
[2025-03-08T19:42:19.207+0000] {processor.py:208} INFO - Processing /home/airflow/.local/lib/python3.12/site-packages/airflow/example_dags/tutorial.py took 0.175 seconds
[2025-03-08T19:42:49.318+0000] {processor.py:186} INFO - Started process (PID=25589) to work on /home/airflow/.local/lib/python3.12/site-packages/airflow/example_dags/tutorial.py
[2025-03-08T19:42:49.320+0000] {processor.py:914} INFO - Processing file /home/airflow/.local/lib/python3.12/site-packages/airflow/example_dags/tutorial.py for tasks to queue
[2025-03-08T19:42:49.324+0000] {logging_mixin.py:190} INFO - [2025-03-08T19:42:49.323+0000] {dagbag.py:588} INFO - Filling up the DagBag from /home/airflow/.local/lib/python3.12/site-packages/airflow/example_dags/tutorial.py
[2025-03-08T19:42:49.339+0000] {processor.py:925} INFO - DAG(s) 'tutorial' retrieved from /home/airflow/.local/lib/python3.12/site-packages/airflow/example_dags/tutorial.py
[2025-03-08T19:42:49.367+0000] {logging_mixin.py:190} INFO - [2025-03-08T19:42:49.366+0000] {dag.py:3239} INFO - Sync 1 DAGs
[2025-03-08T19:42:49.411+0000] {logging_mixin.py:190} INFO - [2025-03-08T19:42:49.410+0000] {dag.py:4180} INFO - Setting next_dagrun for tutorial to 2025-03-07 00:00:00+00:00, run_after=2025-03-08 00:00:00+00:00
[2025-03-08T19:42:49.446+0000] {processor.py:208} INFO - Processing /home/airflow/.local/lib/python3.12/site-packages/airflow/example_dags/tutorial.py took 0.139 seconds
[2025-03-08T19:43:19.985+0000] {processor.py:186} INFO - Started process (PID=25652) to work on /home/airflow/.local/lib/python3.12/site-packages/airflow/example_dags/tutorial.py
[2025-03-08T19:43:19.986+0000] {processor.py:914} INFO - Processing file /home/airflow/.local/lib/python3.12/site-packages/airflow/example_dags/tutorial.py for tasks to queue
[2025-03-08T19:43:19.991+0000] {logging_mixin.py:190} INFO - [2025-03-08T19:43:19.990+0000] {dagbag.py:588} INFO - Filling up the DagBag from /home/airflow/.local/lib/python3.12/site-packages/airflow/example_dags/tutorial.py
[2025-03-08T19:43:20.007+0000] {processor.py:925} INFO - DAG(s) 'tutorial' retrieved from /home/airflow/.local/lib/python3.12/site-packages/airflow/example_dags/tutorial.py
[2025-03-08T19:43:20.046+0000] {logging_mixin.py:190} INFO - [2025-03-08T19:43:20.045+0000] {dag.py:3239} INFO - Sync 1 DAGs
[2025-03-08T19:43:20.105+0000] {logging_mixin.py:190} INFO - [2025-03-08T19:43:20.104+0000] {dag.py:4180} INFO - Setting next_dagrun for tutorial to 2025-03-07 00:00:00+00:00, run_after=2025-03-08 00:00:00+00:00
[2025-03-08T19:43:20.144+0000] {processor.py:208} INFO - Processing /home/airflow/.local/lib/python3.12/site-packages/airflow/example_dags/tutorial.py took 0.171 seconds
[2025-03-08T19:43:50.272+0000] {processor.py:186} INFO - Started process (PID=25715) to work on /home/airflow/.local/lib/python3.12/site-packages/airflow/example_dags/tutorial.py
[2025-03-08T19:43:50.274+0000] {processor.py:914} INFO - Processing file /home/airflow/.local/lib/python3.12/site-packages/airflow/example_dags/tutorial.py for tasks to queue
[2025-03-08T19:43:50.278+0000] {logging_mixin.py:190} INFO - [2025-03-08T19:43:50.277+0000] {dagbag.py:588} INFO - Filling up the DagBag from /home/airflow/.local/lib/python3.12/site-packages/airflow/example_dags/tutorial.py
[2025-03-08T19:43:50.294+0000] {processor.py:925} INFO - DAG(s) 'tutorial' retrieved from /home/airflow/.local/lib/python3.12/site-packages/airflow/example_dags/tutorial.py
[2025-03-08T19:43:50.333+0000] {logging_mixin.py:190} INFO - [2025-03-08T19:43:50.333+0000] {dag.py:3239} INFO - Sync 1 DAGs
[2025-03-08T19:43:50.392+0000] {logging_mixin.py:190} INFO - [2025-03-08T19:43:50.392+0000] {dag.py:4180} INFO - Setting next_dagrun for tutorial to 2025-03-07 00:00:00+00:00, run_after=2025-03-08 00:00:00+00:00
[2025-03-08T19:43:50.431+0000] {processor.py:208} INFO - Processing /home/airflow/.local/lib/python3.12/site-packages/airflow/example_dags/tutorial.py took 0.171 seconds
[2025-03-08T19:44:20.849+0000] {processor.py:186} INFO - Started process (PID=25778) to work on /home/airflow/.local/lib/python3.12/site-packages/airflow/example_dags/tutorial.py
[2025-03-08T19:44:20.851+0000] {processor.py:914} INFO - Processing file /home/airflow/.local/lib/python3.12/site-packages/airflow/example_dags/tutorial.py for tasks to queue
[2025-03-08T19:44:20.855+0000] {logging_mixin.py:190} INFO - [2025-03-08T19:44:20.854+0000] {dagbag.py:588} INFO - Filling up the DagBag from /home/airflow/.local/lib/python3.12/site-packages/airflow/example_dags/tutorial.py
[2025-03-08T19:44:20.871+0000] {processor.py:925} INFO - DAG(s) 'tutorial' retrieved from /home/airflow/.local/lib/python3.12/site-packages/airflow/example_dags/tutorial.py
[2025-03-08T19:44:20.907+0000] {logging_mixin.py:190} INFO - [2025-03-08T19:44:20.906+0000] {dag.py:3239} INFO - Sync 1 DAGs
[2025-03-08T19:44:20.965+0000] {logging_mixin.py:190} INFO - [2025-03-08T19:44:20.965+0000] {dag.py:4180} INFO - Setting next_dagrun for tutorial to 2025-03-07 00:00:00+00:00, run_after=2025-03-08 00:00:00+00:00
[2025-03-08T19:44:21.003+0000] {processor.py:208} INFO - Processing /home/airflow/.local/lib/python3.12/site-packages/airflow/example_dags/tutorial.py took 0.165 seconds
[2025-03-08T19:44:51.975+0000] {processor.py:186} INFO - Started process (PID=25831) to work on /home/airflow/.local/lib/python3.12/site-packages/airflow/example_dags/tutorial.py
[2025-03-08T19:44:51.981+0000] {processor.py:914} INFO - Processing file /home/airflow/.local/lib/python3.12/site-packages/airflow/example_dags/tutorial.py for tasks to queue
[2025-03-08T19:44:51.985+0000] {logging_mixin.py:190} INFO - [2025-03-08T19:44:51.984+0000] {dagbag.py:588} INFO - Filling up the DagBag from /home/airflow/.local/lib/python3.12/site-packages/airflow/example_dags/tutorial.py
[2025-03-08T19:44:52.001+0000] {processor.py:925} INFO - DAG(s) 'tutorial' retrieved from /home/airflow/.local/lib/python3.12/site-packages/airflow/example_dags/tutorial.py
[2025-03-08T19:44:52.041+0000] {logging_mixin.py:190} INFO - [2025-03-08T19:44:52.041+0000] {dag.py:3239} INFO - Sync 1 DAGs
[2025-03-08T19:44:52.088+0000] {logging_mixin.py:190} INFO - [2025-03-08T19:44:52.087+0000] {dag.py:4180} INFO - Setting next_dagrun for tutorial to 2025-03-07 00:00:00+00:00, run_after=2025-03-08 00:00:00+00:00
[2025-03-08T19:44:52.128+0000] {processor.py:208} INFO - Processing /home/airflow/.local/lib/python3.12/site-packages/airflow/example_dags/tutorial.py took 0.166 seconds
[2025-03-08T19:45:22.400+0000] {processor.py:186} INFO - Started process (PID=25894) to work on /home/airflow/.local/lib/python3.12/site-packages/airflow/example_dags/tutorial.py
[2025-03-08T19:45:22.401+0000] {processor.py:914} INFO - Processing file /home/airflow/.local/lib/python3.12/site-packages/airflow/example_dags/tutorial.py for tasks to queue
[2025-03-08T19:45:22.404+0000] {logging_mixin.py:190} INFO - [2025-03-08T19:45:22.403+0000] {dagbag.py:588} INFO - Filling up the DagBag from /home/airflow/.local/lib/python3.12/site-packages/airflow/example_dags/tutorial.py
[2025-03-08T19:45:22.416+0000] {processor.py:925} INFO - DAG(s) 'tutorial' retrieved from /home/airflow/.local/lib/python3.12/site-packages/airflow/example_dags/tutorial.py
[2025-03-08T19:45:22.446+0000] {logging_mixin.py:190} INFO - [2025-03-08T19:45:22.446+0000] {dag.py:3239} INFO - Sync 1 DAGs
[2025-03-08T19:45:22.494+0000] {logging_mixin.py:190} INFO - [2025-03-08T19:45:22.493+0000] {dag.py:4180} INFO - Setting next_dagrun for tutorial to 2025-03-07 00:00:00+00:00, run_after=2025-03-08 00:00:00+00:00
[2025-03-08T19:45:22.526+0000] {processor.py:208} INFO - Processing /home/airflow/.local/lib/python3.12/site-packages/airflow/example_dags/tutorial.py took 0.135 seconds
[2025-03-08T19:45:53.652+0000] {processor.py:186} INFO - Started process (PID=25954) to work on /home/airflow/.local/lib/python3.12/site-packages/airflow/example_dags/tutorial.py
[2025-03-08T19:45:53.653+0000] {processor.py:914} INFO - Processing file /home/airflow/.local/lib/python3.12/site-packages/airflow/example_dags/tutorial.py for tasks to queue
[2025-03-08T19:45:53.656+0000] {logging_mixin.py:190} INFO - [2025-03-08T19:45:53.655+0000] {dagbag.py:588} INFO - Filling up the DagBag from /home/airflow/.local/lib/python3.12/site-packages/airflow/example_dags/tutorial.py
[2025-03-08T19:45:53.668+0000] {processor.py:925} INFO - DAG(s) 'tutorial' retrieved from /home/airflow/.local/lib/python3.12/site-packages/airflow/example_dags/tutorial.py
[2025-03-08T19:45:53.702+0000] {logging_mixin.py:190} INFO - [2025-03-08T19:45:53.701+0000] {dag.py:3239} INFO - Sync 1 DAGs
[2025-03-08T19:45:53.748+0000] {logging_mixin.py:190} INFO - [2025-03-08T19:45:53.748+0000] {dag.py:4180} INFO - Setting next_dagrun for tutorial to 2025-03-07 00:00:00+00:00, run_after=2025-03-08 00:00:00+00:00
[2025-03-08T19:45:53.778+0000] {processor.py:208} INFO - Processing /home/airflow/.local/lib/python3.12/site-packages/airflow/example_dags/tutorial.py took 0.135 seconds
[2025-03-08T19:46:25.467+0000] {processor.py:186} INFO - Started process (PID=26014) to work on /home/airflow/.local/lib/python3.12/site-packages/airflow/example_dags/tutorial.py
[2025-03-08T19:46:25.468+0000] {processor.py:914} INFO - Processing file /home/airflow/.local/lib/python3.12/site-packages/airflow/example_dags/tutorial.py for tasks to queue
[2025-03-08T19:46:25.471+0000] {logging_mixin.py:190} INFO - [2025-03-08T19:46:25.470+0000] {dagbag.py:588} INFO - Filling up the DagBag from /home/airflow/.local/lib/python3.12/site-packages/airflow/example_dags/tutorial.py
[2025-03-08T19:46:25.482+0000] {processor.py:925} INFO - DAG(s) 'tutorial' retrieved from /home/airflow/.local/lib/python3.12/site-packages/airflow/example_dags/tutorial.py
[2025-03-08T19:46:25.511+0000] {logging_mixin.py:190} INFO - [2025-03-08T19:46:25.511+0000] {dag.py:3239} INFO - Sync 1 DAGs
[2025-03-08T19:46:25.556+0000] {logging_mixin.py:190} INFO - [2025-03-08T19:46:25.556+0000] {dag.py:4180} INFO - Setting next_dagrun for tutorial to 2025-03-07 00:00:00+00:00, run_after=2025-03-08 00:00:00+00:00
[2025-03-08T19:46:25.585+0000] {processor.py:208} INFO - Processing /home/airflow/.local/lib/python3.12/site-packages/airflow/example_dags/tutorial.py took 0.126 seconds
[2025-03-08T19:46:56.835+0000] {processor.py:186} INFO - Started process (PID=26076) to work on /home/airflow/.local/lib/python3.12/site-packages/airflow/example_dags/tutorial.py
[2025-03-08T19:46:56.836+0000] {processor.py:914} INFO - Processing file /home/airflow/.local/lib/python3.12/site-packages/airflow/example_dags/tutorial.py for tasks to queue
[2025-03-08T19:46:56.839+0000] {logging_mixin.py:190} INFO - [2025-03-08T19:46:56.839+0000] {dagbag.py:588} INFO - Filling up the DagBag from /home/airflow/.local/lib/python3.12/site-packages/airflow/example_dags/tutorial.py
[2025-03-08T19:46:56.850+0000] {processor.py:925} INFO - DAG(s) 'tutorial' retrieved from /home/airflow/.local/lib/python3.12/site-packages/airflow/example_dags/tutorial.py
[2025-03-08T19:46:56.884+0000] {logging_mixin.py:190} INFO - [2025-03-08T19:46:56.883+0000] {dag.py:3239} INFO - Sync 1 DAGs
[2025-03-08T19:46:56.922+0000] {logging_mixin.py:190} INFO - [2025-03-08T19:46:56.922+0000] {dag.py:4180} INFO - Setting next_dagrun for tutorial to 2025-03-07 00:00:00+00:00, run_after=2025-03-08 00:00:00+00:00
[2025-03-08T19:46:56.952+0000] {processor.py:208} INFO - Processing /home/airflow/.local/lib/python3.12/site-packages/airflow/example_dags/tutorial.py took 0.125 seconds
[2025-03-08T19:47:27.963+0000] {processor.py:186} INFO - Started process (PID=26138) to work on /home/airflow/.local/lib/python3.12/site-packages/airflow/example_dags/tutorial.py
[2025-03-08T19:47:27.964+0000] {processor.py:914} INFO - Processing file /home/airflow/.local/lib/python3.12/site-packages/airflow/example_dags/tutorial.py for tasks to queue
[2025-03-08T19:47:27.967+0000] {logging_mixin.py:190} INFO - [2025-03-08T19:47:27.966+0000] {dagbag.py:588} INFO - Filling up the DagBag from /home/airflow/.local/lib/python3.12/site-packages/airflow/example_dags/tutorial.py
[2025-03-08T19:47:27.978+0000] {processor.py:925} INFO - DAG(s) 'tutorial' retrieved from /home/airflow/.local/lib/python3.12/site-packages/airflow/example_dags/tutorial.py
[2025-03-08T19:47:28.006+0000] {logging_mixin.py:190} INFO - [2025-03-08T19:47:28.006+0000] {dag.py:3239} INFO - Sync 1 DAGs
[2025-03-08T19:47:28.044+0000] {logging_mixin.py:190} INFO - [2025-03-08T19:47:28.044+0000] {dag.py:4180} INFO - Setting next_dagrun for tutorial to 2025-03-07 00:00:00+00:00, run_after=2025-03-08 00:00:00+00:00
[2025-03-08T19:47:28.071+0000] {processor.py:208} INFO - Processing /home/airflow/.local/lib/python3.12/site-packages/airflow/example_dags/tutorial.py took 0.116 seconds
[2025-03-08T19:47:59.467+0000] {processor.py:186} INFO - Started process (PID=26201) to work on /home/airflow/.local/lib/python3.12/site-packages/airflow/example_dags/tutorial.py
[2025-03-08T19:47:59.468+0000] {processor.py:914} INFO - Processing file /home/airflow/.local/lib/python3.12/site-packages/airflow/example_dags/tutorial.py for tasks to queue
[2025-03-08T19:47:59.471+0000] {logging_mixin.py:190} INFO - [2025-03-08T19:47:59.471+0000] {dagbag.py:588} INFO - Filling up the DagBag from /home/airflow/.local/lib/python3.12/site-packages/airflow/example_dags/tutorial.py
[2025-03-08T19:47:59.485+0000] {processor.py:925} INFO - DAG(s) 'tutorial' retrieved from /home/airflow/.local/lib/python3.12/site-packages/airflow/example_dags/tutorial.py
[2025-03-08T19:47:59.521+0000] {logging_mixin.py:190} INFO - [2025-03-08T19:47:59.520+0000] {dag.py:3239} INFO - Sync 1 DAGs
[2025-03-08T19:47:59.574+0000] {logging_mixin.py:190} INFO - [2025-03-08T19:47:59.574+0000] {dag.py:4180} INFO - Setting next_dagrun for tutorial to 2025-03-07 00:00:00+00:00, run_after=2025-03-08 00:00:00+00:00
[2025-03-08T19:47:59.607+0000] {processor.py:208} INFO - Processing /home/airflow/.local/lib/python3.12/site-packages/airflow/example_dags/tutorial.py took 0.148 seconds
[2025-03-08T19:48:30.103+0000] {processor.py:186} INFO - Started process (PID=26261) to work on /home/airflow/.local/lib/python3.12/site-packages/airflow/example_dags/tutorial.py
[2025-03-08T19:48:30.104+0000] {processor.py:914} INFO - Processing file /home/airflow/.local/lib/python3.12/site-packages/airflow/example_dags/tutorial.py for tasks to queue
[2025-03-08T19:48:30.107+0000] {logging_mixin.py:190} INFO - [2025-03-08T19:48:30.107+0000] {dagbag.py:588} INFO - Filling up the DagBag from /home/airflow/.local/lib/python3.12/site-packages/airflow/example_dags/tutorial.py
[2025-03-08T19:48:30.119+0000] {processor.py:925} INFO - DAG(s) 'tutorial' retrieved from /home/airflow/.local/lib/python3.12/site-packages/airflow/example_dags/tutorial.py
[2025-03-08T19:48:30.148+0000] {logging_mixin.py:190} INFO - [2025-03-08T19:48:30.147+0000] {dag.py:3239} INFO - Sync 1 DAGs
[2025-03-08T19:48:30.190+0000] {logging_mixin.py:190} INFO - [2025-03-08T19:48:30.189+0000] {dag.py:4180} INFO - Setting next_dagrun for tutorial to 2025-03-07 00:00:00+00:00, run_after=2025-03-08 00:00:00+00:00
[2025-03-08T19:48:30.222+0000] {processor.py:208} INFO - Processing /home/airflow/.local/lib/python3.12/site-packages/airflow/example_dags/tutorial.py took 0.127 seconds
[2025-03-08T19:49:00.325+0000] {processor.py:186} INFO - Started process (PID=26324) to work on /home/airflow/.local/lib/python3.12/site-packages/airflow/example_dags/tutorial.py
[2025-03-08T19:49:00.326+0000] {processor.py:914} INFO - Processing file /home/airflow/.local/lib/python3.12/site-packages/airflow/example_dags/tutorial.py for tasks to queue
[2025-03-08T19:49:00.329+0000] {logging_mixin.py:190} INFO - [2025-03-08T19:49:00.328+0000] {dagbag.py:588} INFO - Filling up the DagBag from /home/airflow/.local/lib/python3.12/site-packages/airflow/example_dags/tutorial.py
[2025-03-08T19:49:00.340+0000] {processor.py:925} INFO - DAG(s) 'tutorial' retrieved from /home/airflow/.local/lib/python3.12/site-packages/airflow/example_dags/tutorial.py
[2025-03-08T19:49:00.372+0000] {logging_mixin.py:190} INFO - [2025-03-08T19:49:00.372+0000] {dag.py:3239} INFO - Sync 1 DAGs
[2025-03-08T19:49:00.410+0000] {logging_mixin.py:190} INFO - [2025-03-08T19:49:00.410+0000] {dag.py:4180} INFO - Setting next_dagrun for tutorial to 2025-03-07 00:00:00+00:00, run_after=2025-03-08 00:00:00+00:00
[2025-03-08T19:49:00.438+0000] {processor.py:208} INFO - Processing /home/airflow/.local/lib/python3.12/site-packages/airflow/example_dags/tutorial.py took 0.122 seconds
[2025-03-08T19:49:30.662+0000] {processor.py:186} INFO - Started process (PID=26387) to work on /home/airflow/.local/lib/python3.12/site-packages/airflow/example_dags/tutorial.py
[2025-03-08T19:49:30.663+0000] {processor.py:914} INFO - Processing file /home/airflow/.local/lib/python3.12/site-packages/airflow/example_dags/tutorial.py for tasks to queue
[2025-03-08T19:49:30.666+0000] {logging_mixin.py:190} INFO - [2025-03-08T19:49:30.666+0000] {dagbag.py:588} INFO - Filling up the DagBag from /home/airflow/.local/lib/python3.12/site-packages/airflow/example_dags/tutorial.py
[2025-03-08T19:49:30.680+0000] {processor.py:925} INFO - DAG(s) 'tutorial' retrieved from /home/airflow/.local/lib/python3.12/site-packages/airflow/example_dags/tutorial.py
[2025-03-08T19:49:30.709+0000] {logging_mixin.py:190} INFO - [2025-03-08T19:49:30.708+0000] {dag.py:3239} INFO - Sync 1 DAGs
[2025-03-08T19:49:30.746+0000] {logging_mixin.py:190} INFO - [2025-03-08T19:49:30.746+0000] {dag.py:4180} INFO - Setting next_dagrun for tutorial to 2025-03-07 00:00:00+00:00, run_after=2025-03-08 00:00:00+00:00
[2025-03-08T19:49:30.774+0000] {processor.py:208} INFO - Processing /home/airflow/.local/lib/python3.12/site-packages/airflow/example_dags/tutorial.py took 0.122 seconds
[2025-03-08T19:50:00.896+0000] {processor.py:186} INFO - Started process (PID=26449) to work on /home/airflow/.local/lib/python3.12/site-packages/airflow/example_dags/tutorial.py
[2025-03-08T19:50:00.897+0000] {processor.py:914} INFO - Processing file /home/airflow/.local/lib/python3.12/site-packages/airflow/example_dags/tutorial.py for tasks to queue
[2025-03-08T19:50:00.900+0000] {logging_mixin.py:190} INFO - [2025-03-08T19:50:00.900+0000] {dagbag.py:588} INFO - Filling up the DagBag from /home/airflow/.local/lib/python3.12/site-packages/airflow/example_dags/tutorial.py
[2025-03-08T19:50:00.911+0000] {processor.py:925} INFO - DAG(s) 'tutorial' retrieved from /home/airflow/.local/lib/python3.12/site-packages/airflow/example_dags/tutorial.py
[2025-03-08T19:50:00.939+0000] {logging_mixin.py:190} INFO - [2025-03-08T19:50:00.939+0000] {dag.py:3239} INFO - Sync 1 DAGs
[2025-03-08T19:50:00.978+0000] {logging_mixin.py:190} INFO - [2025-03-08T19:50:00.978+0000] {dag.py:4180} INFO - Setting next_dagrun for tutorial to 2025-03-07 00:00:00+00:00, run_after=2025-03-08 00:00:00+00:00
[2025-03-08T19:50:01.004+0000] {processor.py:208} INFO - Processing /home/airflow/.local/lib/python3.12/site-packages/airflow/example_dags/tutorial.py took 0.117 seconds
[2025-03-08T19:50:31.254+0000] {processor.py:186} INFO - Started process (PID=26512) to work on /home/airflow/.local/lib/python3.12/site-packages/airflow/example_dags/tutorial.py
[2025-03-08T19:50:31.255+0000] {processor.py:914} INFO - Processing file /home/airflow/.local/lib/python3.12/site-packages/airflow/example_dags/tutorial.py for tasks to queue
[2025-03-08T19:50:31.258+0000] {logging_mixin.py:190} INFO - [2025-03-08T19:50:31.257+0000] {dagbag.py:588} INFO - Filling up the DagBag from /home/airflow/.local/lib/python3.12/site-packages/airflow/example_dags/tutorial.py
[2025-03-08T19:50:31.269+0000] {processor.py:925} INFO - DAG(s) 'tutorial' retrieved from /home/airflow/.local/lib/python3.12/site-packages/airflow/example_dags/tutorial.py
[2025-03-08T19:50:31.298+0000] {logging_mixin.py:190} INFO - [2025-03-08T19:50:31.298+0000] {dag.py:3239} INFO - Sync 1 DAGs
[2025-03-08T19:50:31.336+0000] {logging_mixin.py:190} INFO - [2025-03-08T19:50:31.336+0000] {dag.py:4180} INFO - Setting next_dagrun for tutorial to 2025-03-07 00:00:00+00:00, run_after=2025-03-08 00:00:00+00:00
[2025-03-08T19:50:31.363+0000] {processor.py:208} INFO - Processing /home/airflow/.local/lib/python3.12/site-packages/airflow/example_dags/tutorial.py took 0.117 seconds
[2025-03-08T19:51:01.659+0000] {processor.py:186} INFO - Started process (PID=26575) to work on /home/airflow/.local/lib/python3.12/site-packages/airflow/example_dags/tutorial.py
[2025-03-08T19:51:01.660+0000] {processor.py:914} INFO - Processing file /home/airflow/.local/lib/python3.12/site-packages/airflow/example_dags/tutorial.py for tasks to queue
[2025-03-08T19:51:01.663+0000] {logging_mixin.py:190} INFO - [2025-03-08T19:51:01.663+0000] {dagbag.py:588} INFO - Filling up the DagBag from /home/airflow/.local/lib/python3.12/site-packages/airflow/example_dags/tutorial.py
[2025-03-08T19:51:01.674+0000] {processor.py:925} INFO - DAG(s) 'tutorial' retrieved from /home/airflow/.local/lib/python3.12/site-packages/airflow/example_dags/tutorial.py
[2025-03-08T19:51:01.703+0000] {logging_mixin.py:190} INFO - [2025-03-08T19:51:01.703+0000] {dag.py:3239} INFO - Sync 1 DAGs
[2025-03-08T19:51:01.742+0000] {logging_mixin.py:190} INFO - [2025-03-08T19:51:01.741+0000] {dag.py:4180} INFO - Setting next_dagrun for tutorial to 2025-03-07 00:00:00+00:00, run_after=2025-03-08 00:00:00+00:00
[2025-03-08T19:51:01.778+0000] {processor.py:208} INFO - Processing /home/airflow/.local/lib/python3.12/site-packages/airflow/example_dags/tutorial.py took 0.128 seconds
[2025-03-08T19:51:31.909+0000] {processor.py:186} INFO - Started process (PID=26637) to work on /home/airflow/.local/lib/python3.12/site-packages/airflow/example_dags/tutorial.py
[2025-03-08T19:51:31.910+0000] {processor.py:914} INFO - Processing file /home/airflow/.local/lib/python3.12/site-packages/airflow/example_dags/tutorial.py for tasks to queue
[2025-03-08T19:51:31.913+0000] {logging_mixin.py:190} INFO - [2025-03-08T19:51:31.912+0000] {dagbag.py:588} INFO - Filling up the DagBag from /home/airflow/.local/lib/python3.12/site-packages/airflow/example_dags/tutorial.py
[2025-03-08T19:51:31.927+0000] {processor.py:925} INFO - DAG(s) 'tutorial' retrieved from /home/airflow/.local/lib/python3.12/site-packages/airflow/example_dags/tutorial.py
[2025-03-08T19:51:31.966+0000] {logging_mixin.py:190} INFO - [2025-03-08T19:51:31.966+0000] {dag.py:3239} INFO - Sync 1 DAGs
[2025-03-08T19:51:32.022+0000] {logging_mixin.py:190} INFO - [2025-03-08T19:51:32.021+0000] {dag.py:4180} INFO - Setting next_dagrun for tutorial to 2025-03-07 00:00:00+00:00, run_after=2025-03-08 00:00:00+00:00
[2025-03-08T19:51:32.051+0000] {processor.py:208} INFO - Processing /home/airflow/.local/lib/python3.12/site-packages/airflow/example_dags/tutorial.py took 0.151 seconds
[2025-03-08T19:52:03.356+0000] {processor.py:186} INFO - Started process (PID=26700) to work on /home/airflow/.local/lib/python3.12/site-packages/airflow/example_dags/tutorial.py
[2025-03-08T19:52:03.365+0000] {processor.py:914} INFO - Processing file /home/airflow/.local/lib/python3.12/site-packages/airflow/example_dags/tutorial.py for tasks to queue
[2025-03-08T19:52:03.368+0000] {logging_mixin.py:190} INFO - [2025-03-08T19:52:03.367+0000] {dagbag.py:588} INFO - Filling up the DagBag from /home/airflow/.local/lib/python3.12/site-packages/airflow/example_dags/tutorial.py
[2025-03-08T19:52:03.379+0000] {processor.py:925} INFO - DAG(s) 'tutorial' retrieved from /home/airflow/.local/lib/python3.12/site-packages/airflow/example_dags/tutorial.py
[2025-03-08T19:52:03.408+0000] {logging_mixin.py:190} INFO - [2025-03-08T19:52:03.408+0000] {dag.py:3239} INFO - Sync 1 DAGs
[2025-03-08T19:52:03.446+0000] {logging_mixin.py:190} INFO - [2025-03-08T19:52:03.446+0000] {dag.py:4180} INFO - Setting next_dagrun for tutorial to 2025-03-07 00:00:00+00:00, run_after=2025-03-08 00:00:00+00:00
[2025-03-08T19:52:03.474+0000] {processor.py:208} INFO - Processing /home/airflow/.local/lib/python3.12/site-packages/airflow/example_dags/tutorial.py took 0.126 seconds
[2025-03-08T19:52:33.605+0000] {processor.py:186} INFO - Started process (PID=26762) to work on /home/airflow/.local/lib/python3.12/site-packages/airflow/example_dags/tutorial.py
[2025-03-08T19:52:33.606+0000] {processor.py:914} INFO - Processing file /home/airflow/.local/lib/python3.12/site-packages/airflow/example_dags/tutorial.py for tasks to queue
[2025-03-08T19:52:33.609+0000] {logging_mixin.py:190} INFO - [2025-03-08T19:52:33.609+0000] {dagbag.py:588} INFO - Filling up the DagBag from /home/airflow/.local/lib/python3.12/site-packages/airflow/example_dags/tutorial.py
[2025-03-08T19:52:33.620+0000] {processor.py:925} INFO - DAG(s) 'tutorial' retrieved from /home/airflow/.local/lib/python3.12/site-packages/airflow/example_dags/tutorial.py
[2025-03-08T19:52:33.650+0000] {logging_mixin.py:190} INFO - [2025-03-08T19:52:33.649+0000] {dag.py:3239} INFO - Sync 1 DAGs
[2025-03-08T19:52:33.687+0000] {logging_mixin.py:190} INFO - [2025-03-08T19:52:33.686+0000] {dag.py:4180} INFO - Setting next_dagrun for tutorial to 2025-03-07 00:00:00+00:00, run_after=2025-03-08 00:00:00+00:00
[2025-03-08T19:52:33.714+0000] {processor.py:208} INFO - Processing /home/airflow/.local/lib/python3.12/site-packages/airflow/example_dags/tutorial.py took 0.117 seconds
[2025-03-08T19:53:04.291+0000] {processor.py:186} INFO - Started process (PID=26825) to work on /home/airflow/.local/lib/python3.12/site-packages/airflow/example_dags/tutorial.py
[2025-03-08T19:53:04.292+0000] {processor.py:914} INFO - Processing file /home/airflow/.local/lib/python3.12/site-packages/airflow/example_dags/tutorial.py for tasks to queue
[2025-03-08T19:53:04.295+0000] {logging_mixin.py:190} INFO - [2025-03-08T19:53:04.295+0000] {dagbag.py:588} INFO - Filling up the DagBag from /home/airflow/.local/lib/python3.12/site-packages/airflow/example_dags/tutorial.py
[2025-03-08T19:53:04.307+0000] {processor.py:925} INFO - DAG(s) 'tutorial' retrieved from /home/airflow/.local/lib/python3.12/site-packages/airflow/example_dags/tutorial.py
[2025-03-08T19:53:04.335+0000] {logging_mixin.py:190} INFO - [2025-03-08T19:53:04.335+0000] {dag.py:3239} INFO - Sync 1 DAGs
[2025-03-08T19:53:04.374+0000] {logging_mixin.py:190} INFO - [2025-03-08T19:53:04.374+0000] {dag.py:4180} INFO - Setting next_dagrun for tutorial to 2025-03-07 00:00:00+00:00, run_after=2025-03-08 00:00:00+00:00
[2025-03-08T19:53:04.402+0000] {processor.py:208} INFO - Processing /home/airflow/.local/lib/python3.12/site-packages/airflow/example_dags/tutorial.py took 0.118 seconds
[2025-03-08T19:53:34.892+0000] {processor.py:186} INFO - Started process (PID=26888) to work on /home/airflow/.local/lib/python3.12/site-packages/airflow/example_dags/tutorial.py
[2025-03-08T19:53:34.894+0000] {processor.py:914} INFO - Processing file /home/airflow/.local/lib/python3.12/site-packages/airflow/example_dags/tutorial.py for tasks to queue
[2025-03-08T19:53:34.896+0000] {logging_mixin.py:190} INFO - [2025-03-08T19:53:34.896+0000] {dagbag.py:588} INFO - Filling up the DagBag from /home/airflow/.local/lib/python3.12/site-packages/airflow/example_dags/tutorial.py
[2025-03-08T19:53:34.908+0000] {processor.py:925} INFO - DAG(s) 'tutorial' retrieved from /home/airflow/.local/lib/python3.12/site-packages/airflow/example_dags/tutorial.py
[2025-03-08T19:53:34.936+0000] {logging_mixin.py:190} INFO - [2025-03-08T19:53:34.936+0000] {dag.py:3239} INFO - Sync 1 DAGs
[2025-03-08T19:53:34.975+0000] {logging_mixin.py:190} INFO - [2025-03-08T19:53:34.975+0000] {dag.py:4180} INFO - Setting next_dagrun for tutorial to 2025-03-07 00:00:00+00:00, run_after=2025-03-08 00:00:00+00:00
[2025-03-08T19:53:35.003+0000] {processor.py:208} INFO - Processing /home/airflow/.local/lib/python3.12/site-packages/airflow/example_dags/tutorial.py took 0.119 seconds
[2025-03-08T19:54:05.442+0000] {processor.py:186} INFO - Started process (PID=26951) to work on /home/airflow/.local/lib/python3.12/site-packages/airflow/example_dags/tutorial.py
[2025-03-08T19:54:05.443+0000] {processor.py:914} INFO - Processing file /home/airflow/.local/lib/python3.12/site-packages/airflow/example_dags/tutorial.py for tasks to queue
[2025-03-08T19:54:05.446+0000] {logging_mixin.py:190} INFO - [2025-03-08T19:54:05.445+0000] {dagbag.py:588} INFO - Filling up the DagBag from /home/airflow/.local/lib/python3.12/site-packages/airflow/example_dags/tutorial.py
[2025-03-08T19:54:05.457+0000] {processor.py:925} INFO - DAG(s) 'tutorial' retrieved from /home/airflow/.local/lib/python3.12/site-packages/airflow/example_dags/tutorial.py
[2025-03-08T19:54:05.486+0000] {logging_mixin.py:190} INFO - [2025-03-08T19:54:05.486+0000] {dag.py:3239} INFO - Sync 1 DAGs
[2025-03-08T19:54:05.524+0000] {logging_mixin.py:190} INFO - [2025-03-08T19:54:05.524+0000] {dag.py:4180} INFO - Setting next_dagrun for tutorial to 2025-03-07 00:00:00+00:00, run_after=2025-03-08 00:00:00+00:00
[2025-03-08T19:54:05.552+0000] {processor.py:208} INFO - Processing /home/airflow/.local/lib/python3.12/site-packages/airflow/example_dags/tutorial.py took 0.119 seconds
[2025-03-08T19:54:36.189+0000] {processor.py:186} INFO - Started process (PID=27014) to work on /home/airflow/.local/lib/python3.12/site-packages/airflow/example_dags/tutorial.py
[2025-03-08T19:54:36.191+0000] {processor.py:914} INFO - Processing file /home/airflow/.local/lib/python3.12/site-packages/airflow/example_dags/tutorial.py for tasks to queue
[2025-03-08T19:54:36.194+0000] {logging_mixin.py:190} INFO - [2025-03-08T19:54:36.193+0000] {dagbag.py:588} INFO - Filling up the DagBag from /home/airflow/.local/lib/python3.12/site-packages/airflow/example_dags/tutorial.py
[2025-03-08T19:54:36.206+0000] {processor.py:925} INFO - DAG(s) 'tutorial' retrieved from /home/airflow/.local/lib/python3.12/site-packages/airflow/example_dags/tutorial.py
[2025-03-08T19:54:36.236+0000] {logging_mixin.py:190} INFO - [2025-03-08T19:54:36.235+0000] {dag.py:3239} INFO - Sync 1 DAGs
[2025-03-08T19:54:36.286+0000] {logging_mixin.py:190} INFO - [2025-03-08T19:54:36.286+0000] {dag.py:4180} INFO - Setting next_dagrun for tutorial to 2025-03-07 00:00:00+00:00, run_after=2025-03-08 00:00:00+00:00
[2025-03-08T19:54:36.316+0000] {processor.py:208} INFO - Processing /home/airflow/.local/lib/python3.12/site-packages/airflow/example_dags/tutorial.py took 0.135 seconds
[2025-03-08T19:55:06.519+0000] {processor.py:186} INFO - Started process (PID=27076) to work on /home/airflow/.local/lib/python3.12/site-packages/airflow/example_dags/tutorial.py
[2025-03-08T19:55:06.520+0000] {processor.py:914} INFO - Processing file /home/airflow/.local/lib/python3.12/site-packages/airflow/example_dags/tutorial.py for tasks to queue
[2025-03-08T19:55:06.523+0000] {logging_mixin.py:190} INFO - [2025-03-08T19:55:06.522+0000] {dagbag.py:588} INFO - Filling up the DagBag from /home/airflow/.local/lib/python3.12/site-packages/airflow/example_dags/tutorial.py
[2025-03-08T19:55:06.536+0000] {processor.py:925} INFO - DAG(s) 'tutorial' retrieved from /home/airflow/.local/lib/python3.12/site-packages/airflow/example_dags/tutorial.py
[2025-03-08T19:55:06.564+0000] {logging_mixin.py:190} INFO - [2025-03-08T19:55:06.564+0000] {dag.py:3239} INFO - Sync 1 DAGs
[2025-03-08T19:55:06.612+0000] {logging_mixin.py:190} INFO - [2025-03-08T19:55:06.611+0000] {dag.py:4180} INFO - Setting next_dagrun for tutorial to 2025-03-07 00:00:00+00:00, run_after=2025-03-08 00:00:00+00:00
[2025-03-08T19:55:06.643+0000] {processor.py:208} INFO - Processing /home/airflow/.local/lib/python3.12/site-packages/airflow/example_dags/tutorial.py took 0.133 seconds
[2025-03-08T19:55:37.110+0000] {processor.py:186} INFO - Started process (PID=27139) to work on /home/airflow/.local/lib/python3.12/site-packages/airflow/example_dags/tutorial.py
[2025-03-08T19:55:37.111+0000] {processor.py:914} INFO - Processing file /home/airflow/.local/lib/python3.12/site-packages/airflow/example_dags/tutorial.py for tasks to queue
[2025-03-08T19:55:37.114+0000] {logging_mixin.py:190} INFO - [2025-03-08T19:55:37.113+0000] {dagbag.py:588} INFO - Filling up the DagBag from /home/airflow/.local/lib/python3.12/site-packages/airflow/example_dags/tutorial.py
[2025-03-08T19:55:37.126+0000] {processor.py:925} INFO - DAG(s) 'tutorial' retrieved from /home/airflow/.local/lib/python3.12/site-packages/airflow/example_dags/tutorial.py
[2025-03-08T19:55:37.155+0000] {logging_mixin.py:190} INFO - [2025-03-08T19:55:37.154+0000] {dag.py:3239} INFO - Sync 1 DAGs
[2025-03-08T19:55:37.194+0000] {logging_mixin.py:190} INFO - [2025-03-08T19:55:37.193+0000] {dag.py:4180} INFO - Setting next_dagrun for tutorial to 2025-03-07 00:00:00+00:00, run_after=2025-03-08 00:00:00+00:00
[2025-03-08T19:55:37.222+0000] {processor.py:208} INFO - Processing /home/airflow/.local/lib/python3.12/site-packages/airflow/example_dags/tutorial.py took 0.121 seconds
[2025-03-08T20:31:09.602+0000] {processor.py:186} INFO - Started process (PID=27217) to work on /home/airflow/.local/lib/python3.12/site-packages/airflow/example_dags/tutorial.py
[2025-03-08T20:31:09.603+0000] {processor.py:914} INFO - Processing file /home/airflow/.local/lib/python3.12/site-packages/airflow/example_dags/tutorial.py for tasks to queue
[2025-03-08T20:31:09.608+0000] {logging_mixin.py:190} INFO - [2025-03-08T20:31:09.607+0000] {dagbag.py:588} INFO - Filling up the DagBag from /home/airflow/.local/lib/python3.12/site-packages/airflow/example_dags/tutorial.py
[2025-03-08T20:31:09.624+0000] {processor.py:925} INFO - DAG(s) 'tutorial' retrieved from /home/airflow/.local/lib/python3.12/site-packages/airflow/example_dags/tutorial.py
[2025-03-08T20:31:09.671+0000] {logging_mixin.py:190} INFO - [2025-03-08T20:31:09.671+0000] {dag.py:3239} INFO - Sync 1 DAGs
[2025-03-08T20:31:09.720+0000] {logging_mixin.py:190} INFO - [2025-03-08T20:31:09.719+0000] {dag.py:4180} INFO - Setting next_dagrun for tutorial to 2025-03-07 00:00:00+00:00, run_after=2025-03-08 00:00:00+00:00
[2025-03-08T20:31:09.759+0000] {processor.py:208} INFO - Processing /home/airflow/.local/lib/python3.12/site-packages/airflow/example_dags/tutorial.py took 0.175 seconds
[2025-03-08T20:31:40.460+0000] {processor.py:186} INFO - Started process (PID=27279) to work on /home/airflow/.local/lib/python3.12/site-packages/airflow/example_dags/tutorial.py
[2025-03-08T20:31:40.462+0000] {processor.py:914} INFO - Processing file /home/airflow/.local/lib/python3.12/site-packages/airflow/example_dags/tutorial.py for tasks to queue
[2025-03-08T20:31:40.466+0000] {logging_mixin.py:190} INFO - [2025-03-08T20:31:40.465+0000] {dagbag.py:588} INFO - Filling up the DagBag from /home/airflow/.local/lib/python3.12/site-packages/airflow/example_dags/tutorial.py
[2025-03-08T20:31:40.482+0000] {processor.py:925} INFO - DAG(s) 'tutorial' retrieved from /home/airflow/.local/lib/python3.12/site-packages/airflow/example_dags/tutorial.py
[2025-03-08T20:31:40.528+0000] {logging_mixin.py:190} INFO - [2025-03-08T20:31:40.528+0000] {dag.py:3239} INFO - Sync 1 DAGs
[2025-03-08T20:31:40.576+0000] {logging_mixin.py:190} INFO - [2025-03-08T20:31:40.576+0000] {dag.py:4180} INFO - Setting next_dagrun for tutorial to 2025-03-07 00:00:00+00:00, run_after=2025-03-08 00:00:00+00:00
[2025-03-08T20:31:40.619+0000] {processor.py:208} INFO - Processing /home/airflow/.local/lib/python3.12/site-packages/airflow/example_dags/tutorial.py took 0.178 seconds
[2025-03-08T20:32:11.128+0000] {processor.py:186} INFO - Started process (PID=27343) to work on /home/airflow/.local/lib/python3.12/site-packages/airflow/example_dags/tutorial.py
[2025-03-08T20:32:11.129+0000] {processor.py:914} INFO - Processing file /home/airflow/.local/lib/python3.12/site-packages/airflow/example_dags/tutorial.py for tasks to queue
[2025-03-08T20:32:11.134+0000] {logging_mixin.py:190} INFO - [2025-03-08T20:32:11.133+0000] {dagbag.py:588} INFO - Filling up the DagBag from /home/airflow/.local/lib/python3.12/site-packages/airflow/example_dags/tutorial.py
[2025-03-08T20:32:11.150+0000] {processor.py:925} INFO - DAG(s) 'tutorial' retrieved from /home/airflow/.local/lib/python3.12/site-packages/airflow/example_dags/tutorial.py
[2025-03-08T20:32:11.191+0000] {logging_mixin.py:190} INFO - [2025-03-08T20:32:11.190+0000] {dag.py:3239} INFO - Sync 1 DAGs
[2025-03-08T20:32:11.242+0000] {logging_mixin.py:190} INFO - [2025-03-08T20:32:11.242+0000] {dag.py:4180} INFO - Setting next_dagrun for tutorial to 2025-03-07 00:00:00+00:00, run_after=2025-03-08 00:00:00+00:00
[2025-03-08T20:32:11.280+0000] {processor.py:208} INFO - Processing /home/airflow/.local/lib/python3.12/site-packages/airflow/example_dags/tutorial.py took 0.164 seconds
[2025-03-08T20:32:41.829+0000] {processor.py:186} INFO - Started process (PID=27407) to work on /home/airflow/.local/lib/python3.12/site-packages/airflow/example_dags/tutorial.py
[2025-03-08T20:32:41.830+0000] {processor.py:914} INFO - Processing file /home/airflow/.local/lib/python3.12/site-packages/airflow/example_dags/tutorial.py for tasks to queue
[2025-03-08T20:32:41.835+0000] {logging_mixin.py:190} INFO - [2025-03-08T20:32:41.834+0000] {dagbag.py:588} INFO - Filling up the DagBag from /home/airflow/.local/lib/python3.12/site-packages/airflow/example_dags/tutorial.py
[2025-03-08T20:32:41.852+0000] {processor.py:925} INFO - DAG(s) 'tutorial' retrieved from /home/airflow/.local/lib/python3.12/site-packages/airflow/example_dags/tutorial.py
[2025-03-08T20:32:41.890+0000] {logging_mixin.py:190} INFO - [2025-03-08T20:32:41.890+0000] {dag.py:3239} INFO - Sync 1 DAGs
[2025-03-08T20:32:41.949+0000] {logging_mixin.py:190} INFO - [2025-03-08T20:32:41.949+0000] {dag.py:4180} INFO - Setting next_dagrun for tutorial to 2025-03-07 00:00:00+00:00, run_after=2025-03-08 00:00:00+00:00
[2025-03-08T20:32:41.990+0000] {processor.py:208} INFO - Processing /home/airflow/.local/lib/python3.12/site-packages/airflow/example_dags/tutorial.py took 0.173 seconds
[2025-03-08T20:33:13.069+0000] {processor.py:186} INFO - Started process (PID=27470) to work on /home/airflow/.local/lib/python3.12/site-packages/airflow/example_dags/tutorial.py
[2025-03-08T20:33:13.079+0000] {processor.py:914} INFO - Processing file /home/airflow/.local/lib/python3.12/site-packages/airflow/example_dags/tutorial.py for tasks to queue
[2025-03-08T20:33:13.084+0000] {logging_mixin.py:190} INFO - [2025-03-08T20:33:13.082+0000] {dagbag.py:588} INFO - Filling up the DagBag from /home/airflow/.local/lib/python3.12/site-packages/airflow/example_dags/tutorial.py
[2025-03-08T20:33:13.103+0000] {processor.py:925} INFO - DAG(s) 'tutorial' retrieved from /home/airflow/.local/lib/python3.12/site-packages/airflow/example_dags/tutorial.py
[2025-03-08T20:33:13.142+0000] {logging_mixin.py:190} INFO - [2025-03-08T20:33:13.141+0000] {dag.py:3239} INFO - Sync 1 DAGs
[2025-03-08T20:33:13.192+0000] {logging_mixin.py:190} INFO - [2025-03-08T20:33:13.192+0000] {dag.py:4180} INFO - Setting next_dagrun for tutorial to 2025-03-07 00:00:00+00:00, run_after=2025-03-08 00:00:00+00:00
[2025-03-08T20:33:13.231+0000] {processor.py:208} INFO - Processing /home/airflow/.local/lib/python3.12/site-packages/airflow/example_dags/tutorial.py took 0.174 seconds
[2025-03-08T20:33:43.771+0000] {processor.py:186} INFO - Started process (PID=27533) to work on /home/airflow/.local/lib/python3.12/site-packages/airflow/example_dags/tutorial.py
[2025-03-08T20:33:43.772+0000] {processor.py:914} INFO - Processing file /home/airflow/.local/lib/python3.12/site-packages/airflow/example_dags/tutorial.py for tasks to queue
[2025-03-08T20:33:43.775+0000] {logging_mixin.py:190} INFO - [2025-03-08T20:33:43.775+0000] {dagbag.py:588} INFO - Filling up the DagBag from /home/airflow/.local/lib/python3.12/site-packages/airflow/example_dags/tutorial.py
[2025-03-08T20:33:43.787+0000] {processor.py:925} INFO - DAG(s) 'tutorial' retrieved from /home/airflow/.local/lib/python3.12/site-packages/airflow/example_dags/tutorial.py
[2025-03-08T20:33:43.816+0000] {logging_mixin.py:190} INFO - [2025-03-08T20:33:43.815+0000] {dag.py:3239} INFO - Sync 1 DAGs
[2025-03-08T20:33:43.856+0000] {logging_mixin.py:190} INFO - [2025-03-08T20:33:43.856+0000] {dag.py:4180} INFO - Setting next_dagrun for tutorial to 2025-03-07 00:00:00+00:00, run_after=2025-03-08 00:00:00+00:00
[2025-03-08T20:33:43.888+0000] {processor.py:208} INFO - Processing /home/airflow/.local/lib/python3.12/site-packages/airflow/example_dags/tutorial.py took 0.125 seconds
[2025-03-08T20:34:14.379+0000] {processor.py:186} INFO - Started process (PID=27596) to work on /home/airflow/.local/lib/python3.12/site-packages/airflow/example_dags/tutorial.py
[2025-03-08T20:34:14.381+0000] {processor.py:914} INFO - Processing file /home/airflow/.local/lib/python3.12/site-packages/airflow/example_dags/tutorial.py for tasks to queue
[2025-03-08T20:34:14.385+0000] {logging_mixin.py:190} INFO - [2025-03-08T20:34:14.384+0000] {dagbag.py:588} INFO - Filling up the DagBag from /home/airflow/.local/lib/python3.12/site-packages/airflow/example_dags/tutorial.py
[2025-03-08T20:34:14.399+0000] {processor.py:925} INFO - DAG(s) 'tutorial' retrieved from /home/airflow/.local/lib/python3.12/site-packages/airflow/example_dags/tutorial.py
[2025-03-08T20:34:14.437+0000] {logging_mixin.py:190} INFO - [2025-03-08T20:34:14.436+0000] {dag.py:3239} INFO - Sync 1 DAGs
[2025-03-08T20:34:14.493+0000] {logging_mixin.py:190} INFO - [2025-03-08T20:34:14.492+0000] {dag.py:4180} INFO - Setting next_dagrun for tutorial to 2025-03-07 00:00:00+00:00, run_after=2025-03-08 00:00:00+00:00
[2025-03-08T20:34:14.530+0000] {processor.py:208} INFO - Processing /home/airflow/.local/lib/python3.12/site-packages/airflow/example_dags/tutorial.py took 0.162 seconds
[2025-03-08T20:34:45.456+0000] {processor.py:186} INFO - Started process (PID=27659) to work on /home/airflow/.local/lib/python3.12/site-packages/airflow/example_dags/tutorial.py
[2025-03-08T20:34:45.458+0000] {processor.py:914} INFO - Processing file /home/airflow/.local/lib/python3.12/site-packages/airflow/example_dags/tutorial.py for tasks to queue
[2025-03-08T20:34:45.462+0000] {logging_mixin.py:190} INFO - [2025-03-08T20:34:45.461+0000] {dagbag.py:588} INFO - Filling up the DagBag from /home/airflow/.local/lib/python3.12/site-packages/airflow/example_dags/tutorial.py
[2025-03-08T20:34:45.474+0000] {processor.py:925} INFO - DAG(s) 'tutorial' retrieved from /home/airflow/.local/lib/python3.12/site-packages/airflow/example_dags/tutorial.py
[2025-03-08T20:34:45.501+0000] {logging_mixin.py:190} INFO - [2025-03-08T20:34:45.501+0000] {dag.py:3239} INFO - Sync 1 DAGs
[2025-03-08T20:34:45.549+0000] {logging_mixin.py:190} INFO - [2025-03-08T20:34:45.548+0000] {dag.py:4180} INFO - Setting next_dagrun for tutorial to 2025-03-07 00:00:00+00:00, run_after=2025-03-08 00:00:00+00:00
[2025-03-08T20:34:45.577+0000] {processor.py:208} INFO - Processing /home/airflow/.local/lib/python3.12/site-packages/airflow/example_dags/tutorial.py took 0.133 seconds
[2025-03-08T20:35:16.100+0000] {processor.py:186} INFO - Started process (PID=27722) to work on /home/airflow/.local/lib/python3.12/site-packages/airflow/example_dags/tutorial.py
[2025-03-08T20:35:16.101+0000] {processor.py:914} INFO - Processing file /home/airflow/.local/lib/python3.12/site-packages/airflow/example_dags/tutorial.py for tasks to queue
[2025-03-08T20:35:16.104+0000] {logging_mixin.py:190} INFO - [2025-03-08T20:35:16.103+0000] {dagbag.py:588} INFO - Filling up the DagBag from /home/airflow/.local/lib/python3.12/site-packages/airflow/example_dags/tutorial.py
[2025-03-08T20:35:16.115+0000] {processor.py:925} INFO - DAG(s) 'tutorial' retrieved from /home/airflow/.local/lib/python3.12/site-packages/airflow/example_dags/tutorial.py
[2025-03-08T20:35:16.143+0000] {logging_mixin.py:190} INFO - [2025-03-08T20:35:16.142+0000] {dag.py:3239} INFO - Sync 1 DAGs
[2025-03-08T20:35:16.183+0000] {logging_mixin.py:190} INFO - [2025-03-08T20:35:16.183+0000] {dag.py:4180} INFO - Setting next_dagrun for tutorial to 2025-03-07 00:00:00+00:00, run_after=2025-03-08 00:00:00+00:00
[2025-03-08T20:35:16.213+0000] {processor.py:208} INFO - Processing /home/airflow/.local/lib/python3.12/site-packages/airflow/example_dags/tutorial.py took 0.122 seconds
[2025-03-08T20:35:46.833+0000] {processor.py:186} INFO - Started process (PID=27785) to work on /home/airflow/.local/lib/python3.12/site-packages/airflow/example_dags/tutorial.py
[2025-03-08T20:35:46.834+0000] {processor.py:914} INFO - Processing file /home/airflow/.local/lib/python3.12/site-packages/airflow/example_dags/tutorial.py for tasks to queue
[2025-03-08T20:35:46.837+0000] {logging_mixin.py:190} INFO - [2025-03-08T20:35:46.836+0000] {dagbag.py:588} INFO - Filling up the DagBag from /home/airflow/.local/lib/python3.12/site-packages/airflow/example_dags/tutorial.py
[2025-03-08T20:35:46.848+0000] {processor.py:925} INFO - DAG(s) 'tutorial' retrieved from /home/airflow/.local/lib/python3.12/site-packages/airflow/example_dags/tutorial.py
[2025-03-08T20:35:46.884+0000] {logging_mixin.py:190} INFO - [2025-03-08T20:35:46.883+0000] {dag.py:3239} INFO - Sync 1 DAGs
[2025-03-08T20:35:46.927+0000] {logging_mixin.py:190} INFO - [2025-03-08T20:35:46.927+0000] {dag.py:4180} INFO - Setting next_dagrun for tutorial to 2025-03-07 00:00:00+00:00, run_after=2025-03-08 00:00:00+00:00
[2025-03-08T20:35:46.954+0000] {processor.py:208} INFO - Processing /home/airflow/.local/lib/python3.12/site-packages/airflow/example_dags/tutorial.py took 0.130 seconds
[2025-03-08T20:36:17.728+0000] {processor.py:186} INFO - Started process (PID=27848) to work on /home/airflow/.local/lib/python3.12/site-packages/airflow/example_dags/tutorial.py
[2025-03-08T20:36:17.729+0000] {processor.py:914} INFO - Processing file /home/airflow/.local/lib/python3.12/site-packages/airflow/example_dags/tutorial.py for tasks to queue
[2025-03-08T20:36:17.732+0000] {logging_mixin.py:190} INFO - [2025-03-08T20:36:17.732+0000] {dagbag.py:588} INFO - Filling up the DagBag from /home/airflow/.local/lib/python3.12/site-packages/airflow/example_dags/tutorial.py
[2025-03-08T20:36:17.744+0000] {processor.py:925} INFO - DAG(s) 'tutorial' retrieved from /home/airflow/.local/lib/python3.12/site-packages/airflow/example_dags/tutorial.py
[2025-03-08T20:36:17.774+0000] {logging_mixin.py:190} INFO - [2025-03-08T20:36:17.774+0000] {dag.py:3239} INFO - Sync 1 DAGs
[2025-03-08T20:36:17.815+0000] {logging_mixin.py:190} INFO - [2025-03-08T20:36:17.815+0000] {dag.py:4180} INFO - Setting next_dagrun for tutorial to 2025-03-07 00:00:00+00:00, run_after=2025-03-08 00:00:00+00:00
[2025-03-08T20:36:17.844+0000] {processor.py:208} INFO - Processing /home/airflow/.local/lib/python3.12/site-packages/airflow/example_dags/tutorial.py took 0.124 seconds
[2025-03-08T20:36:48.703+0000] {processor.py:186} INFO - Started process (PID=27911) to work on /home/airflow/.local/lib/python3.12/site-packages/airflow/example_dags/tutorial.py
[2025-03-08T20:36:48.704+0000] {processor.py:914} INFO - Processing file /home/airflow/.local/lib/python3.12/site-packages/airflow/example_dags/tutorial.py for tasks to queue
[2025-03-08T20:36:48.707+0000] {logging_mixin.py:190} INFO - [2025-03-08T20:36:48.707+0000] {dagbag.py:588} INFO - Filling up the DagBag from /home/airflow/.local/lib/python3.12/site-packages/airflow/example_dags/tutorial.py
[2025-03-08T20:36:48.719+0000] {processor.py:925} INFO - DAG(s) 'tutorial' retrieved from /home/airflow/.local/lib/python3.12/site-packages/airflow/example_dags/tutorial.py
[2025-03-08T20:36:48.748+0000] {logging_mixin.py:190} INFO - [2025-03-08T20:36:48.747+0000] {dag.py:3239} INFO - Sync 1 DAGs
[2025-03-08T20:36:48.789+0000] {logging_mixin.py:190} INFO - [2025-03-08T20:36:48.789+0000] {dag.py:4180} INFO - Setting next_dagrun for tutorial to 2025-03-07 00:00:00+00:00, run_after=2025-03-08 00:00:00+00:00
[2025-03-08T20:36:48.819+0000] {processor.py:208} INFO - Processing /home/airflow/.local/lib/python3.12/site-packages/airflow/example_dags/tutorial.py took 0.124 seconds
[2025-03-08T20:37:19.348+0000] {processor.py:186} INFO - Started process (PID=27974) to work on /home/airflow/.local/lib/python3.12/site-packages/airflow/example_dags/tutorial.py
[2025-03-08T20:37:19.349+0000] {processor.py:914} INFO - Processing file /home/airflow/.local/lib/python3.12/site-packages/airflow/example_dags/tutorial.py for tasks to queue
[2025-03-08T20:37:19.353+0000] {logging_mixin.py:190} INFO - [2025-03-08T20:37:19.353+0000] {dagbag.py:588} INFO - Filling up the DagBag from /home/airflow/.local/lib/python3.12/site-packages/airflow/example_dags/tutorial.py
[2025-03-08T20:37:19.367+0000] {processor.py:925} INFO - DAG(s) 'tutorial' retrieved from /home/airflow/.local/lib/python3.12/site-packages/airflow/example_dags/tutorial.py
[2025-03-08T20:37:19.397+0000] {logging_mixin.py:190} INFO - [2025-03-08T20:37:19.397+0000] {dag.py:3239} INFO - Sync 1 DAGs
[2025-03-08T20:37:19.444+0000] {logging_mixin.py:190} INFO - [2025-03-08T20:37:19.444+0000] {dag.py:4180} INFO - Setting next_dagrun for tutorial to 2025-03-07 00:00:00+00:00, run_after=2025-03-08 00:00:00+00:00
[2025-03-08T20:37:19.478+0000] {processor.py:208} INFO - Processing /home/airflow/.local/lib/python3.12/site-packages/airflow/example_dags/tutorial.py took 0.138 seconds
[2025-03-08T20:37:49.913+0000] {processor.py:186} INFO - Started process (PID=28037) to work on /home/airflow/.local/lib/python3.12/site-packages/airflow/example_dags/tutorial.py
[2025-03-08T20:37:49.914+0000] {processor.py:914} INFO - Processing file /home/airflow/.local/lib/python3.12/site-packages/airflow/example_dags/tutorial.py for tasks to queue
[2025-03-08T20:37:49.917+0000] {logging_mixin.py:190} INFO - [2025-03-08T20:37:49.916+0000] {dagbag.py:588} INFO - Filling up the DagBag from /home/airflow/.local/lib/python3.12/site-packages/airflow/example_dags/tutorial.py
[2025-03-08T20:37:49.928+0000] {processor.py:925} INFO - DAG(s) 'tutorial' retrieved from /home/airflow/.local/lib/python3.12/site-packages/airflow/example_dags/tutorial.py
[2025-03-08T20:37:49.956+0000] {logging_mixin.py:190} INFO - [2025-03-08T20:37:49.956+0000] {dag.py:3239} INFO - Sync 1 DAGs
[2025-03-08T20:37:49.994+0000] {logging_mixin.py:190} INFO - [2025-03-08T20:37:49.994+0000] {dag.py:4180} INFO - Setting next_dagrun for tutorial to 2025-03-07 00:00:00+00:00, run_after=2025-03-08 00:00:00+00:00
[2025-03-08T20:37:50.023+0000] {processor.py:208} INFO - Processing /home/airflow/.local/lib/python3.12/site-packages/airflow/example_dags/tutorial.py took 0.119 seconds
[2025-03-08T20:38:20.488+0000] {processor.py:186} INFO - Started process (PID=28100) to work on /home/airflow/.local/lib/python3.12/site-packages/airflow/example_dags/tutorial.py
[2025-03-08T20:38:20.489+0000] {processor.py:914} INFO - Processing file /home/airflow/.local/lib/python3.12/site-packages/airflow/example_dags/tutorial.py for tasks to queue
[2025-03-08T20:38:20.493+0000] {logging_mixin.py:190} INFO - [2025-03-08T20:38:20.492+0000] {dagbag.py:588} INFO - Filling up the DagBag from /home/airflow/.local/lib/python3.12/site-packages/airflow/example_dags/tutorial.py
[2025-03-08T20:38:20.509+0000] {processor.py:925} INFO - DAG(s) 'tutorial' retrieved from /home/airflow/.local/lib/python3.12/site-packages/airflow/example_dags/tutorial.py
[2025-03-08T20:38:20.548+0000] {logging_mixin.py:190} INFO - [2025-03-08T20:38:20.547+0000] {dag.py:3239} INFO - Sync 1 DAGs
[2025-03-08T20:38:20.605+0000] {logging_mixin.py:190} INFO - [2025-03-08T20:38:20.604+0000] {dag.py:4180} INFO - Setting next_dagrun for tutorial to 2025-03-07 00:00:00+00:00, run_after=2025-03-08 00:00:00+00:00
[2025-03-08T20:38:20.642+0000] {processor.py:208} INFO - Processing /home/airflow/.local/lib/python3.12/site-packages/airflow/example_dags/tutorial.py took 0.166 seconds
[2025-03-08T20:38:51.335+0000] {processor.py:186} INFO - Started process (PID=28163) to work on /home/airflow/.local/lib/python3.12/site-packages/airflow/example_dags/tutorial.py
[2025-03-08T20:38:51.336+0000] {processor.py:914} INFO - Processing file /home/airflow/.local/lib/python3.12/site-packages/airflow/example_dags/tutorial.py for tasks to queue
[2025-03-08T20:38:51.339+0000] {logging_mixin.py:190} INFO - [2025-03-08T20:38:51.338+0000] {dagbag.py:588} INFO - Filling up the DagBag from /home/airflow/.local/lib/python3.12/site-packages/airflow/example_dags/tutorial.py
[2025-03-08T20:38:51.350+0000] {processor.py:925} INFO - DAG(s) 'tutorial' retrieved from /home/airflow/.local/lib/python3.12/site-packages/airflow/example_dags/tutorial.py
[2025-03-08T20:38:51.377+0000] {logging_mixin.py:190} INFO - [2025-03-08T20:38:51.377+0000] {dag.py:3239} INFO - Sync 1 DAGs
[2025-03-08T20:38:51.416+0000] {logging_mixin.py:190} INFO - [2025-03-08T20:38:51.416+0000] {dag.py:4180} INFO - Setting next_dagrun for tutorial to 2025-03-07 00:00:00+00:00, run_after=2025-03-08 00:00:00+00:00
[2025-03-08T20:38:51.446+0000] {processor.py:208} INFO - Processing /home/airflow/.local/lib/python3.12/site-packages/airflow/example_dags/tutorial.py took 0.119 seconds
[2025-03-08T20:39:22.255+0000] {processor.py:186} INFO - Started process (PID=28226) to work on /home/airflow/.local/lib/python3.12/site-packages/airflow/example_dags/tutorial.py
[2025-03-08T20:39:22.256+0000] {processor.py:914} INFO - Processing file /home/airflow/.local/lib/python3.12/site-packages/airflow/example_dags/tutorial.py for tasks to queue
[2025-03-08T20:39:22.259+0000] {logging_mixin.py:190} INFO - [2025-03-08T20:39:22.258+0000] {dagbag.py:588} INFO - Filling up the DagBag from /home/airflow/.local/lib/python3.12/site-packages/airflow/example_dags/tutorial.py
[2025-03-08T20:39:22.272+0000] {processor.py:925} INFO - DAG(s) 'tutorial' retrieved from /home/airflow/.local/lib/python3.12/site-packages/airflow/example_dags/tutorial.py
[2025-03-08T20:39:22.300+0000] {logging_mixin.py:190} INFO - [2025-03-08T20:39:22.300+0000] {dag.py:3239} INFO - Sync 1 DAGs
[2025-03-08T20:39:22.338+0000] {logging_mixin.py:190} INFO - [2025-03-08T20:39:22.338+0000] {dag.py:4180} INFO - Setting next_dagrun for tutorial to 2025-03-07 00:00:00+00:00, run_after=2025-03-08 00:00:00+00:00
[2025-03-08T20:39:22.366+0000] {processor.py:208} INFO - Processing /home/airflow/.local/lib/python3.12/site-packages/airflow/example_dags/tutorial.py took 0.119 seconds
[2025-03-08T20:39:53.000+0000] {processor.py:186} INFO - Started process (PID=28289) to work on /home/airflow/.local/lib/python3.12/site-packages/airflow/example_dags/tutorial.py
[2025-03-08T20:39:53.001+0000] {processor.py:914} INFO - Processing file /home/airflow/.local/lib/python3.12/site-packages/airflow/example_dags/tutorial.py for tasks to queue
[2025-03-08T20:39:53.004+0000] {logging_mixin.py:190} INFO - [2025-03-08T20:39:53.003+0000] {dagbag.py:588} INFO - Filling up the DagBag from /home/airflow/.local/lib/python3.12/site-packages/airflow/example_dags/tutorial.py
[2025-03-08T20:39:53.017+0000] {processor.py:925} INFO - DAG(s) 'tutorial' retrieved from /home/airflow/.local/lib/python3.12/site-packages/airflow/example_dags/tutorial.py
[2025-03-08T20:39:53.045+0000] {logging_mixin.py:190} INFO - [2025-03-08T20:39:53.045+0000] {dag.py:3239} INFO - Sync 1 DAGs
[2025-03-08T20:39:53.084+0000] {logging_mixin.py:190} INFO - [2025-03-08T20:39:53.083+0000] {dag.py:4180} INFO - Setting next_dagrun for tutorial to 2025-03-07 00:00:00+00:00, run_after=2025-03-08 00:00:00+00:00
[2025-03-08T20:39:53.111+0000] {processor.py:208} INFO - Processing /home/airflow/.local/lib/python3.12/site-packages/airflow/example_dags/tutorial.py took 0.120 seconds
[2025-03-08T20:40:23.643+0000] {processor.py:186} INFO - Started process (PID=28351) to work on /home/airflow/.local/lib/python3.12/site-packages/airflow/example_dags/tutorial.py
[2025-03-08T20:40:23.644+0000] {processor.py:914} INFO - Processing file /home/airflow/.local/lib/python3.12/site-packages/airflow/example_dags/tutorial.py for tasks to queue
[2025-03-08T20:40:23.647+0000] {logging_mixin.py:190} INFO - [2025-03-08T20:40:23.647+0000] {dagbag.py:588} INFO - Filling up the DagBag from /home/airflow/.local/lib/python3.12/site-packages/airflow/example_dags/tutorial.py
[2025-03-08T20:40:23.658+0000] {processor.py:925} INFO - DAG(s) 'tutorial' retrieved from /home/airflow/.local/lib/python3.12/site-packages/airflow/example_dags/tutorial.py
[2025-03-08T20:40:23.693+0000] {logging_mixin.py:190} INFO - [2025-03-08T20:40:23.692+0000] {dag.py:3239} INFO - Sync 1 DAGs
[2025-03-08T20:40:23.736+0000] {logging_mixin.py:190} INFO - [2025-03-08T20:40:23.736+0000] {dag.py:4180} INFO - Setting next_dagrun for tutorial to 2025-03-07 00:00:00+00:00, run_after=2025-03-08 00:00:00+00:00
[2025-03-08T20:40:23.765+0000] {processor.py:208} INFO - Processing /home/airflow/.local/lib/python3.12/site-packages/airflow/example_dags/tutorial.py took 0.131 seconds
[2025-03-08T20:40:54.036+0000] {processor.py:186} INFO - Started process (PID=28413) to work on /home/airflow/.local/lib/python3.12/site-packages/airflow/example_dags/tutorial.py
[2025-03-08T20:40:54.037+0000] {processor.py:914} INFO - Processing file /home/airflow/.local/lib/python3.12/site-packages/airflow/example_dags/tutorial.py for tasks to queue
[2025-03-08T20:40:54.040+0000] {logging_mixin.py:190} INFO - [2025-03-08T20:40:54.039+0000] {dagbag.py:588} INFO - Filling up the DagBag from /home/airflow/.local/lib/python3.12/site-packages/airflow/example_dags/tutorial.py
[2025-03-08T20:40:54.051+0000] {processor.py:925} INFO - DAG(s) 'tutorial' retrieved from /home/airflow/.local/lib/python3.12/site-packages/airflow/example_dags/tutorial.py
[2025-03-08T20:40:54.080+0000] {logging_mixin.py:190} INFO - [2025-03-08T20:40:54.080+0000] {dag.py:3239} INFO - Sync 1 DAGs
[2025-03-08T20:40:54.119+0000] {logging_mixin.py:190} INFO - [2025-03-08T20:40:54.119+0000] {dag.py:4180} INFO - Setting next_dagrun for tutorial to 2025-03-07 00:00:00+00:00, run_after=2025-03-08 00:00:00+00:00
[2025-03-08T20:40:54.148+0000] {processor.py:208} INFO - Processing /home/airflow/.local/lib/python3.12/site-packages/airflow/example_dags/tutorial.py took 0.120 seconds
[2025-03-08T20:41:24.552+0000] {processor.py:186} INFO - Started process (PID=28476) to work on /home/airflow/.local/lib/python3.12/site-packages/airflow/example_dags/tutorial.py
[2025-03-08T20:41:24.553+0000] {processor.py:914} INFO - Processing file /home/airflow/.local/lib/python3.12/site-packages/airflow/example_dags/tutorial.py for tasks to queue
[2025-03-08T20:41:24.556+0000] {logging_mixin.py:190} INFO - [2025-03-08T20:41:24.556+0000] {dagbag.py:588} INFO - Filling up the DagBag from /home/airflow/.local/lib/python3.12/site-packages/airflow/example_dags/tutorial.py
[2025-03-08T20:41:24.568+0000] {processor.py:925} INFO - DAG(s) 'tutorial' retrieved from /home/airflow/.local/lib/python3.12/site-packages/airflow/example_dags/tutorial.py
[2025-03-08T20:41:24.596+0000] {logging_mixin.py:190} INFO - [2025-03-08T20:41:24.596+0000] {dag.py:3239} INFO - Sync 1 DAGs
[2025-03-08T20:41:24.636+0000] {logging_mixin.py:190} INFO - [2025-03-08T20:41:24.635+0000] {dag.py:4180} INFO - Setting next_dagrun for tutorial to 2025-03-07 00:00:00+00:00, run_after=2025-03-08 00:00:00+00:00
[2025-03-08T20:41:24.668+0000] {processor.py:208} INFO - Processing /home/airflow/.local/lib/python3.12/site-packages/airflow/example_dags/tutorial.py took 0.124 seconds
[2025-03-08T20:41:55.217+0000] {processor.py:186} INFO - Started process (PID=28539) to work on /home/airflow/.local/lib/python3.12/site-packages/airflow/example_dags/tutorial.py
[2025-03-08T20:41:55.218+0000] {processor.py:914} INFO - Processing file /home/airflow/.local/lib/python3.12/site-packages/airflow/example_dags/tutorial.py for tasks to queue
[2025-03-08T20:41:55.221+0000] {logging_mixin.py:190} INFO - [2025-03-08T20:41:55.221+0000] {dagbag.py:588} INFO - Filling up the DagBag from /home/airflow/.local/lib/python3.12/site-packages/airflow/example_dags/tutorial.py
[2025-03-08T20:41:55.233+0000] {processor.py:925} INFO - DAG(s) 'tutorial' retrieved from /home/airflow/.local/lib/python3.12/site-packages/airflow/example_dags/tutorial.py
[2025-03-08T20:41:55.263+0000] {logging_mixin.py:190} INFO - [2025-03-08T20:41:55.262+0000] {dag.py:3239} INFO - Sync 1 DAGs
[2025-03-08T20:41:55.303+0000] {logging_mixin.py:190} INFO - [2025-03-08T20:41:55.303+0000] {dag.py:4180} INFO - Setting next_dagrun for tutorial to 2025-03-07 00:00:00+00:00, run_after=2025-03-08 00:00:00+00:00
[2025-03-08T20:41:55.332+0000] {processor.py:208} INFO - Processing /home/airflow/.local/lib/python3.12/site-packages/airflow/example_dags/tutorial.py took 0.123 seconds
[2025-03-08T20:42:26.256+0000] {processor.py:186} INFO - Started process (PID=28602) to work on /home/airflow/.local/lib/python3.12/site-packages/airflow/example_dags/tutorial.py
[2025-03-08T20:42:26.257+0000] {processor.py:914} INFO - Processing file /home/airflow/.local/lib/python3.12/site-packages/airflow/example_dags/tutorial.py for tasks to queue
[2025-03-08T20:42:26.260+0000] {logging_mixin.py:190} INFO - [2025-03-08T20:42:26.259+0000] {dagbag.py:588} INFO - Filling up the DagBag from /home/airflow/.local/lib/python3.12/site-packages/airflow/example_dags/tutorial.py
[2025-03-08T20:42:26.271+0000] {processor.py:925} INFO - DAG(s) 'tutorial' retrieved from /home/airflow/.local/lib/python3.12/site-packages/airflow/example_dags/tutorial.py
[2025-03-08T20:42:26.299+0000] {logging_mixin.py:190} INFO - [2025-03-08T20:42:26.299+0000] {dag.py:3239} INFO - Sync 1 DAGs
[2025-03-08T20:42:26.338+0000] {logging_mixin.py:190} INFO - [2025-03-08T20:42:26.337+0000] {dag.py:4180} INFO - Setting next_dagrun for tutorial to 2025-03-07 00:00:00+00:00, run_after=2025-03-08 00:00:00+00:00
[2025-03-08T20:42:26.367+0000] {processor.py:208} INFO - Processing /home/airflow/.local/lib/python3.12/site-packages/airflow/example_dags/tutorial.py took 0.119 seconds
[2025-03-08T20:42:56.770+0000] {processor.py:186} INFO - Started process (PID=28665) to work on /home/airflow/.local/lib/python3.12/site-packages/airflow/example_dags/tutorial.py
[2025-03-08T20:42:56.771+0000] {processor.py:914} INFO - Processing file /home/airflow/.local/lib/python3.12/site-packages/airflow/example_dags/tutorial.py for tasks to queue
[2025-03-08T20:42:56.774+0000] {logging_mixin.py:190} INFO - [2025-03-08T20:42:56.773+0000] {dagbag.py:588} INFO - Filling up the DagBag from /home/airflow/.local/lib/python3.12/site-packages/airflow/example_dags/tutorial.py
[2025-03-08T20:42:56.785+0000] {processor.py:925} INFO - DAG(s) 'tutorial' retrieved from /home/airflow/.local/lib/python3.12/site-packages/airflow/example_dags/tutorial.py
[2025-03-08T20:42:56.813+0000] {logging_mixin.py:190} INFO - [2025-03-08T20:42:56.813+0000] {dag.py:3239} INFO - Sync 1 DAGs
[2025-03-08T20:42:56.853+0000] {logging_mixin.py:190} INFO - [2025-03-08T20:42:56.852+0000] {dag.py:4180} INFO - Setting next_dagrun for tutorial to 2025-03-07 00:00:00+00:00, run_after=2025-03-08 00:00:00+00:00
[2025-03-08T20:42:56.881+0000] {processor.py:208} INFO - Processing /home/airflow/.local/lib/python3.12/site-packages/airflow/example_dags/tutorial.py took 0.120 seconds
[2025-03-08T20:43:27.023+0000] {processor.py:186} INFO - Started process (PID=28728) to work on /home/airflow/.local/lib/python3.12/site-packages/airflow/example_dags/tutorial.py
[2025-03-08T20:43:27.024+0000] {processor.py:914} INFO - Processing file /home/airflow/.local/lib/python3.12/site-packages/airflow/example_dags/tutorial.py for tasks to queue
[2025-03-08T20:43:27.027+0000] {logging_mixin.py:190} INFO - [2025-03-08T20:43:27.026+0000] {dagbag.py:588} INFO - Filling up the DagBag from /home/airflow/.local/lib/python3.12/site-packages/airflow/example_dags/tutorial.py
[2025-03-08T20:43:27.038+0000] {processor.py:925} INFO - DAG(s) 'tutorial' retrieved from /home/airflow/.local/lib/python3.12/site-packages/airflow/example_dags/tutorial.py
[2025-03-08T20:43:27.067+0000] {logging_mixin.py:190} INFO - [2025-03-08T20:43:27.067+0000] {dag.py:3239} INFO - Sync 1 DAGs
[2025-03-08T20:43:27.108+0000] {logging_mixin.py:190} INFO - [2025-03-08T20:43:27.107+0000] {dag.py:4180} INFO - Setting next_dagrun for tutorial to 2025-03-07 00:00:00+00:00, run_after=2025-03-08 00:00:00+00:00
[2025-03-08T20:43:27.146+0000] {processor.py:208} INFO - Processing /home/airflow/.local/lib/python3.12/site-packages/airflow/example_dags/tutorial.py took 0.132 seconds
[2025-03-08T20:43:58.069+0000] {processor.py:186} INFO - Started process (PID=28791) to work on /home/airflow/.local/lib/python3.12/site-packages/airflow/example_dags/tutorial.py
[2025-03-08T20:43:58.070+0000] {processor.py:914} INFO - Processing file /home/airflow/.local/lib/python3.12/site-packages/airflow/example_dags/tutorial.py for tasks to queue
[2025-03-08T20:43:58.075+0000] {logging_mixin.py:190} INFO - [2025-03-08T20:43:58.074+0000] {dagbag.py:588} INFO - Filling up the DagBag from /home/airflow/.local/lib/python3.12/site-packages/airflow/example_dags/tutorial.py
[2025-03-08T20:43:58.091+0000] {processor.py:925} INFO - DAG(s) 'tutorial' retrieved from /home/airflow/.local/lib/python3.12/site-packages/airflow/example_dags/tutorial.py
[2025-03-08T20:43:58.120+0000] {logging_mixin.py:190} INFO - [2025-03-08T20:43:58.120+0000] {dag.py:3239} INFO - Sync 1 DAGs
[2025-03-08T20:43:58.165+0000] {logging_mixin.py:190} INFO - [2025-03-08T20:43:58.164+0000] {dag.py:4180} INFO - Setting next_dagrun for tutorial to 2025-03-07 00:00:00+00:00, run_after=2025-03-08 00:00:00+00:00
[2025-03-08T20:43:58.193+0000] {processor.py:208} INFO - Processing /home/airflow/.local/lib/python3.12/site-packages/airflow/example_dags/tutorial.py took 0.134 seconds
[2025-03-08T20:44:29.160+0000] {processor.py:186} INFO - Started process (PID=28854) to work on /home/airflow/.local/lib/python3.12/site-packages/airflow/example_dags/tutorial.py
[2025-03-08T20:44:29.161+0000] {processor.py:914} INFO - Processing file /home/airflow/.local/lib/python3.12/site-packages/airflow/example_dags/tutorial.py for tasks to queue
[2025-03-08T20:44:29.164+0000] {logging_mixin.py:190} INFO - [2025-03-08T20:44:29.163+0000] {dagbag.py:588} INFO - Filling up the DagBag from /home/airflow/.local/lib/python3.12/site-packages/airflow/example_dags/tutorial.py
[2025-03-08T20:44:29.175+0000] {processor.py:925} INFO - DAG(s) 'tutorial' retrieved from /home/airflow/.local/lib/python3.12/site-packages/airflow/example_dags/tutorial.py
[2025-03-08T20:44:29.204+0000] {logging_mixin.py:190} INFO - [2025-03-08T20:44:29.203+0000] {dag.py:3239} INFO - Sync 1 DAGs
[2025-03-08T20:44:29.242+0000] {logging_mixin.py:190} INFO - [2025-03-08T20:44:29.242+0000] {dag.py:4180} INFO - Setting next_dagrun for tutorial to 2025-03-07 00:00:00+00:00, run_after=2025-03-08 00:00:00+00:00
[2025-03-08T20:44:29.271+0000] {processor.py:208} INFO - Processing /home/airflow/.local/lib/python3.12/site-packages/airflow/example_dags/tutorial.py took 0.119 seconds
[2025-03-08T20:45:00.251+0000] {processor.py:186} INFO - Started process (PID=28916) to work on /home/airflow/.local/lib/python3.12/site-packages/airflow/example_dags/tutorial.py
[2025-03-08T20:45:00.252+0000] {processor.py:914} INFO - Processing file /home/airflow/.local/lib/python3.12/site-packages/airflow/example_dags/tutorial.py for tasks to queue
[2025-03-08T20:45:00.255+0000] {logging_mixin.py:190} INFO - [2025-03-08T20:45:00.254+0000] {dagbag.py:588} INFO - Filling up the DagBag from /home/airflow/.local/lib/python3.12/site-packages/airflow/example_dags/tutorial.py
[2025-03-08T20:45:00.267+0000] {processor.py:925} INFO - DAG(s) 'tutorial' retrieved from /home/airflow/.local/lib/python3.12/site-packages/airflow/example_dags/tutorial.py
[2025-03-08T20:45:00.297+0000] {logging_mixin.py:190} INFO - [2025-03-08T20:45:00.296+0000] {dag.py:3239} INFO - Sync 1 DAGs
[2025-03-08T20:45:00.339+0000] {logging_mixin.py:190} INFO - [2025-03-08T20:45:00.339+0000] {dag.py:4180} INFO - Setting next_dagrun for tutorial to 2025-03-07 00:00:00+00:00, run_after=2025-03-08 00:00:00+00:00
[2025-03-08T20:45:00.369+0000] {processor.py:208} INFO - Processing /home/airflow/.local/lib/python3.12/site-packages/airflow/example_dags/tutorial.py took 0.127 seconds
[2025-03-08T20:45:31.405+0000] {processor.py:186} INFO - Started process (PID=28979) to work on /home/airflow/.local/lib/python3.12/site-packages/airflow/example_dags/tutorial.py
[2025-03-08T20:45:31.406+0000] {processor.py:914} INFO - Processing file /home/airflow/.local/lib/python3.12/site-packages/airflow/example_dags/tutorial.py for tasks to queue
[2025-03-08T20:45:31.409+0000] {logging_mixin.py:190} INFO - [2025-03-08T20:45:31.408+0000] {dagbag.py:588} INFO - Filling up the DagBag from /home/airflow/.local/lib/python3.12/site-packages/airflow/example_dags/tutorial.py
[2025-03-08T20:45:31.420+0000] {processor.py:925} INFO - DAG(s) 'tutorial' retrieved from /home/airflow/.local/lib/python3.12/site-packages/airflow/example_dags/tutorial.py
[2025-03-08T20:45:31.449+0000] {logging_mixin.py:190} INFO - [2025-03-08T20:45:31.449+0000] {dag.py:3239} INFO - Sync 1 DAGs
[2025-03-08T20:45:31.486+0000] {logging_mixin.py:190} INFO - [2025-03-08T20:45:31.486+0000] {dag.py:4180} INFO - Setting next_dagrun for tutorial to 2025-03-07 00:00:00+00:00, run_after=2025-03-08 00:00:00+00:00
[2025-03-08T20:45:31.519+0000] {processor.py:208} INFO - Processing /home/airflow/.local/lib/python3.12/site-packages/airflow/example_dags/tutorial.py took 0.122 seconds
[2025-03-08T20:46:02.557+0000] {processor.py:186} INFO - Started process (PID=29026) to work on /home/airflow/.local/lib/python3.12/site-packages/airflow/example_dags/tutorial.py
[2025-03-08T20:46:02.558+0000] {processor.py:914} INFO - Processing file /home/airflow/.local/lib/python3.12/site-packages/airflow/example_dags/tutorial.py for tasks to queue
[2025-03-08T20:46:02.561+0000] {logging_mixin.py:190} INFO - [2025-03-08T20:46:02.561+0000] {dagbag.py:588} INFO - Filling up the DagBag from /home/airflow/.local/lib/python3.12/site-packages/airflow/example_dags/tutorial.py
[2025-03-08T20:46:02.573+0000] {processor.py:925} INFO - DAG(s) 'tutorial' retrieved from /home/airflow/.local/lib/python3.12/site-packages/airflow/example_dags/tutorial.py
[2025-03-08T20:46:02.602+0000] {logging_mixin.py:190} INFO - [2025-03-08T20:46:02.601+0000] {dag.py:3239} INFO - Sync 1 DAGs
[2025-03-08T20:46:02.640+0000] {logging_mixin.py:190} INFO - [2025-03-08T20:46:02.640+0000] {dag.py:4180} INFO - Setting next_dagrun for tutorial to 2025-03-07 00:00:00+00:00, run_after=2025-03-08 00:00:00+00:00
[2025-03-08T20:46:02.671+0000] {processor.py:208} INFO - Processing /home/airflow/.local/lib/python3.12/site-packages/airflow/example_dags/tutorial.py took 0.122 seconds
[2025-03-08T20:46:33.757+0000] {processor.py:186} INFO - Started process (PID=29083) to work on /home/airflow/.local/lib/python3.12/site-packages/airflow/example_dags/tutorial.py
[2025-03-08T20:46:33.758+0000] {processor.py:914} INFO - Processing file /home/airflow/.local/lib/python3.12/site-packages/airflow/example_dags/tutorial.py for tasks to queue
[2025-03-08T20:46:33.761+0000] {logging_mixin.py:190} INFO - [2025-03-08T20:46:33.760+0000] {dagbag.py:588} INFO - Filling up the DagBag from /home/airflow/.local/lib/python3.12/site-packages/airflow/example_dags/tutorial.py
[2025-03-08T20:46:33.772+0000] {processor.py:925} INFO - DAG(s) 'tutorial' retrieved from /home/airflow/.local/lib/python3.12/site-packages/airflow/example_dags/tutorial.py
[2025-03-08T20:46:33.801+0000] {logging_mixin.py:190} INFO - [2025-03-08T20:46:33.801+0000] {dag.py:3239} INFO - Sync 1 DAGs
[2025-03-08T20:46:33.844+0000] {logging_mixin.py:190} INFO - [2025-03-08T20:46:33.844+0000] {dag.py:4180} INFO - Setting next_dagrun for tutorial to 2025-03-07 00:00:00+00:00, run_after=2025-03-08 00:00:00+00:00
[2025-03-08T20:46:33.882+0000] {processor.py:208} INFO - Processing /home/airflow/.local/lib/python3.12/site-packages/airflow/example_dags/tutorial.py took 0.134 seconds
[2025-03-08T20:47:04.940+0000] {processor.py:186} INFO - Started process (PID=29146) to work on /home/airflow/.local/lib/python3.12/site-packages/airflow/example_dags/tutorial.py
[2025-03-08T20:47:04.941+0000] {processor.py:914} INFO - Processing file /home/airflow/.local/lib/python3.12/site-packages/airflow/example_dags/tutorial.py for tasks to queue
[2025-03-08T20:47:04.944+0000] {logging_mixin.py:190} INFO - [2025-03-08T20:47:04.943+0000] {dagbag.py:588} INFO - Filling up the DagBag from /home/airflow/.local/lib/python3.12/site-packages/airflow/example_dags/tutorial.py
[2025-03-08T20:47:04.955+0000] {processor.py:925} INFO - DAG(s) 'tutorial' retrieved from /home/airflow/.local/lib/python3.12/site-packages/airflow/example_dags/tutorial.py
[2025-03-08T20:47:04.984+0000] {logging_mixin.py:190} INFO - [2025-03-08T20:47:04.983+0000] {dag.py:3239} INFO - Sync 1 DAGs
[2025-03-08T20:47:05.023+0000] {logging_mixin.py:190} INFO - [2025-03-08T20:47:05.022+0000] {dag.py:4180} INFO - Setting next_dagrun for tutorial to 2025-03-07 00:00:00+00:00, run_after=2025-03-08 00:00:00+00:00
[2025-03-08T20:47:05.050+0000] {processor.py:208} INFO - Processing /home/airflow/.local/lib/python3.12/site-packages/airflow/example_dags/tutorial.py took 0.119 seconds
[2025-03-08T20:47:35.971+0000] {processor.py:186} INFO - Started process (PID=29208) to work on /home/airflow/.local/lib/python3.12/site-packages/airflow/example_dags/tutorial.py
[2025-03-08T20:47:35.972+0000] {processor.py:914} INFO - Processing file /home/airflow/.local/lib/python3.12/site-packages/airflow/example_dags/tutorial.py for tasks to queue
[2025-03-08T20:47:35.975+0000] {logging_mixin.py:190} INFO - [2025-03-08T20:47:35.975+0000] {dagbag.py:588} INFO - Filling up the DagBag from /home/airflow/.local/lib/python3.12/site-packages/airflow/example_dags/tutorial.py
[2025-03-08T20:47:35.986+0000] {processor.py:925} INFO - DAG(s) 'tutorial' retrieved from /home/airflow/.local/lib/python3.12/site-packages/airflow/example_dags/tutorial.py
[2025-03-08T20:47:36.016+0000] {logging_mixin.py:190} INFO - [2025-03-08T20:47:36.015+0000] {dag.py:3239} INFO - Sync 1 DAGs
[2025-03-08T20:47:36.054+0000] {logging_mixin.py:190} INFO - [2025-03-08T20:47:36.054+0000] {dag.py:4180} INFO - Setting next_dagrun for tutorial to 2025-03-07 00:00:00+00:00, run_after=2025-03-08 00:00:00+00:00
[2025-03-08T20:47:36.082+0000] {processor.py:208} INFO - Processing /home/airflow/.local/lib/python3.12/site-packages/airflow/example_dags/tutorial.py took 0.120 seconds
[2025-03-08T20:48:07.954+0000] {processor.py:186} INFO - Started process (PID=29271) to work on /home/airflow/.local/lib/python3.12/site-packages/airflow/example_dags/tutorial.py
[2025-03-08T20:48:07.955+0000] {processor.py:914} INFO - Processing file /home/airflow/.local/lib/python3.12/site-packages/airflow/example_dags/tutorial.py for tasks to queue
[2025-03-08T20:48:07.958+0000] {logging_mixin.py:190} INFO - [2025-03-08T20:48:07.957+0000] {dagbag.py:588} INFO - Filling up the DagBag from /home/airflow/.local/lib/python3.12/site-packages/airflow/example_dags/tutorial.py
[2025-03-08T20:48:07.969+0000] {processor.py:925} INFO - DAG(s) 'tutorial' retrieved from /home/airflow/.local/lib/python3.12/site-packages/airflow/example_dags/tutorial.py
[2025-03-08T20:48:08.000+0000] {logging_mixin.py:190} INFO - [2025-03-08T20:48:08.000+0000] {dag.py:3239} INFO - Sync 1 DAGs
[2025-03-08T20:48:08.048+0000] {logging_mixin.py:190} INFO - [2025-03-08T20:48:08.048+0000] {dag.py:4180} INFO - Setting next_dagrun for tutorial to 2025-03-07 00:00:00+00:00, run_after=2025-03-08 00:00:00+00:00
[2025-03-08T20:48:08.080+0000] {processor.py:208} INFO - Processing /home/airflow/.local/lib/python3.12/site-packages/airflow/example_dags/tutorial.py took 0.135 seconds
[2025-03-08T20:48:39.216+0000] {processor.py:186} INFO - Started process (PID=29334) to work on /home/airflow/.local/lib/python3.12/site-packages/airflow/example_dags/tutorial.py
[2025-03-08T20:48:39.217+0000] {processor.py:914} INFO - Processing file /home/airflow/.local/lib/python3.12/site-packages/airflow/example_dags/tutorial.py for tasks to queue
[2025-03-08T20:48:39.220+0000] {logging_mixin.py:190} INFO - [2025-03-08T20:48:39.220+0000] {dagbag.py:588} INFO - Filling up the DagBag from /home/airflow/.local/lib/python3.12/site-packages/airflow/example_dags/tutorial.py
[2025-03-08T20:48:39.232+0000] {processor.py:925} INFO - DAG(s) 'tutorial' retrieved from /home/airflow/.local/lib/python3.12/site-packages/airflow/example_dags/tutorial.py
[2025-03-08T20:48:39.263+0000] {logging_mixin.py:190} INFO - [2025-03-08T20:48:39.263+0000] {dag.py:3239} INFO - Sync 1 DAGs
[2025-03-08T20:48:39.313+0000] {logging_mixin.py:190} INFO - [2025-03-08T20:48:39.312+0000] {dag.py:4180} INFO - Setting next_dagrun for tutorial to 2025-03-07 00:00:00+00:00, run_after=2025-03-08 00:00:00+00:00
[2025-03-08T20:48:39.351+0000] {processor.py:208} INFO - Processing /home/airflow/.local/lib/python3.12/site-packages/airflow/example_dags/tutorial.py took 0.143 seconds
[2025-03-08T20:49:09.858+0000] {processor.py:186} INFO - Started process (PID=29394) to work on /home/airflow/.local/lib/python3.12/site-packages/airflow/example_dags/tutorial.py
[2025-03-08T20:49:09.860+0000] {processor.py:914} INFO - Processing file /home/airflow/.local/lib/python3.12/site-packages/airflow/example_dags/tutorial.py for tasks to queue
[2025-03-08T20:49:09.863+0000] {logging_mixin.py:190} INFO - [2025-03-08T20:49:09.862+0000] {dagbag.py:588} INFO - Filling up the DagBag from /home/airflow/.local/lib/python3.12/site-packages/airflow/example_dags/tutorial.py
[2025-03-08T20:49:09.875+0000] {processor.py:925} INFO - DAG(s) 'tutorial' retrieved from /home/airflow/.local/lib/python3.12/site-packages/airflow/example_dags/tutorial.py
[2025-03-08T20:49:09.902+0000] {logging_mixin.py:190} INFO - [2025-03-08T20:49:09.901+0000] {dag.py:3239} INFO - Sync 1 DAGs
[2025-03-08T20:49:09.939+0000] {logging_mixin.py:190} INFO - [2025-03-08T20:49:09.939+0000] {dag.py:4180} INFO - Setting next_dagrun for tutorial to 2025-03-07 00:00:00+00:00, run_after=2025-03-08 00:00:00+00:00
[2025-03-08T20:49:09.968+0000] {processor.py:208} INFO - Processing /home/airflow/.local/lib/python3.12/site-packages/airflow/example_dags/tutorial.py took 0.118 seconds
[2025-03-08T20:49:40.648+0000] {processor.py:186} INFO - Started process (PID=29455) to work on /home/airflow/.local/lib/python3.12/site-packages/airflow/example_dags/tutorial.py
[2025-03-08T20:49:40.649+0000] {processor.py:914} INFO - Processing file /home/airflow/.local/lib/python3.12/site-packages/airflow/example_dags/tutorial.py for tasks to queue
[2025-03-08T20:49:40.652+0000] {logging_mixin.py:190} INFO - [2025-03-08T20:49:40.651+0000] {dagbag.py:588} INFO - Filling up the DagBag from /home/airflow/.local/lib/python3.12/site-packages/airflow/example_dags/tutorial.py
[2025-03-08T20:49:40.663+0000] {processor.py:925} INFO - DAG(s) 'tutorial' retrieved from /home/airflow/.local/lib/python3.12/site-packages/airflow/example_dags/tutorial.py
[2025-03-08T20:49:40.691+0000] {logging_mixin.py:190} INFO - [2025-03-08T20:49:40.691+0000] {dag.py:3239} INFO - Sync 1 DAGs
[2025-03-08T20:49:40.729+0000] {logging_mixin.py:190} INFO - [2025-03-08T20:49:40.729+0000] {dag.py:4180} INFO - Setting next_dagrun for tutorial to 2025-03-07 00:00:00+00:00, run_after=2025-03-08 00:00:00+00:00
[2025-03-08T20:49:40.757+0000] {processor.py:208} INFO - Processing /home/airflow/.local/lib/python3.12/site-packages/airflow/example_dags/tutorial.py took 0.117 seconds
[2025-03-08T20:50:11.228+0000] {processor.py:186} INFO - Started process (PID=29517) to work on /home/airflow/.local/lib/python3.12/site-packages/airflow/example_dags/tutorial.py
[2025-03-08T20:50:11.229+0000] {processor.py:914} INFO - Processing file /home/airflow/.local/lib/python3.12/site-packages/airflow/example_dags/tutorial.py for tasks to queue
[2025-03-08T20:50:11.232+0000] {logging_mixin.py:190} INFO - [2025-03-08T20:50:11.232+0000] {dagbag.py:588} INFO - Filling up the DagBag from /home/airflow/.local/lib/python3.12/site-packages/airflow/example_dags/tutorial.py
[2025-03-08T20:50:11.244+0000] {processor.py:925} INFO - DAG(s) 'tutorial' retrieved from /home/airflow/.local/lib/python3.12/site-packages/airflow/example_dags/tutorial.py
[2025-03-08T20:50:11.273+0000] {logging_mixin.py:190} INFO - [2025-03-08T20:50:11.273+0000] {dag.py:3239} INFO - Sync 1 DAGs
[2025-03-08T20:50:11.312+0000] {logging_mixin.py:190} INFO - [2025-03-08T20:50:11.311+0000] {dag.py:4180} INFO - Setting next_dagrun for tutorial to 2025-03-07 00:00:00+00:00, run_after=2025-03-08 00:00:00+00:00
[2025-03-08T20:50:11.340+0000] {processor.py:208} INFO - Processing /home/airflow/.local/lib/python3.12/site-packages/airflow/example_dags/tutorial.py took 0.120 seconds
[2025-03-08T20:50:41.560+0000] {processor.py:186} INFO - Started process (PID=29580) to work on /home/airflow/.local/lib/python3.12/site-packages/airflow/example_dags/tutorial.py
[2025-03-08T20:50:41.561+0000] {processor.py:914} INFO - Processing file /home/airflow/.local/lib/python3.12/site-packages/airflow/example_dags/tutorial.py for tasks to queue
[2025-03-08T20:50:41.564+0000] {logging_mixin.py:190} INFO - [2025-03-08T20:50:41.563+0000] {dagbag.py:588} INFO - Filling up the DagBag from /home/airflow/.local/lib/python3.12/site-packages/airflow/example_dags/tutorial.py
[2025-03-08T20:50:41.575+0000] {processor.py:925} INFO - DAG(s) 'tutorial' retrieved from /home/airflow/.local/lib/python3.12/site-packages/airflow/example_dags/tutorial.py
[2025-03-08T20:50:41.603+0000] {logging_mixin.py:190} INFO - [2025-03-08T20:50:41.602+0000] {dag.py:3239} INFO - Sync 1 DAGs
[2025-03-08T20:50:41.642+0000] {logging_mixin.py:190} INFO - [2025-03-08T20:50:41.642+0000] {dag.py:4180} INFO - Setting next_dagrun for tutorial to 2025-03-07 00:00:00+00:00, run_after=2025-03-08 00:00:00+00:00
[2025-03-08T20:50:41.671+0000] {processor.py:208} INFO - Processing /home/airflow/.local/lib/python3.12/site-packages/airflow/example_dags/tutorial.py took 0.119 seconds
