[2025-03-08T19:36:17.377+0000] {processor.py:186} INFO - Started process (PID=24798) to work on /home/airflow/.local/lib/python3.12/site-packages/airflow/example_dags/tutorial_taskflow_api.py
[2025-03-08T19:36:17.378+0000] {processor.py:914} INFO - Processing file /home/airflow/.local/lib/python3.12/site-packages/airflow/example_dags/tutorial_taskflow_api.py for tasks to queue
[2025-03-08T19:36:17.383+0000] {logging_mixin.py:190} INFO - [2025-03-08T19:36:17.382+0000] {dagbag.py:588} INFO - Filling up the DagBag from /home/airflow/.local/lib/python3.12/site-packages/airflow/example_dags/tutorial_taskflow_api.py
[2025-03-08T19:36:17.404+0000] {processor.py:925} INFO - DAG(s) 'tutorial_taskflow_api' retrieved from /home/airflow/.local/lib/python3.12/site-packages/airflow/example_dags/tutorial_taskflow_api.py
[2025-03-08T19:36:17.482+0000] {logging_mixin.py:190} INFO - [2025-03-08T19:36:17.481+0000] {dag.py:3239} INFO - Sync 1 DAGs
[2025-03-08T19:36:17.547+0000] {logging_mixin.py:190} INFO - [2025-03-08T19:36:17.546+0000] {dag.py:4180} INFO - Setting next_dagrun for tutorial_taskflow_api to None, run_after=None
[2025-03-08T19:36:17.600+0000] {processor.py:208} INFO - Processing /home/airflow/.local/lib/python3.12/site-packages/airflow/example_dags/tutorial_taskflow_api.py took 0.236 seconds
[2025-03-08T19:36:53.570+0000] {processor.py:186} INFO - Started process (PID=24860) to work on /home/airflow/.local/lib/python3.12/site-packages/airflow/example_dags/tutorial_taskflow_api.py
[2025-03-08T19:36:53.588+0000] {processor.py:914} INFO - Processing file /home/airflow/.local/lib/python3.12/site-packages/airflow/example_dags/tutorial_taskflow_api.py for tasks to queue
[2025-03-08T19:36:53.592+0000] {logging_mixin.py:190} INFO - [2025-03-08T19:36:53.591+0000] {dagbag.py:588} INFO - Filling up the DagBag from /home/airflow/.local/lib/python3.12/site-packages/airflow/example_dags/tutorial_taskflow_api.py
[2025-03-08T19:36:53.616+0000] {processor.py:925} INFO - DAG(s) 'tutorial_taskflow_api' retrieved from /home/airflow/.local/lib/python3.12/site-packages/airflow/example_dags/tutorial_taskflow_api.py
[2025-03-08T19:36:53.682+0000] {logging_mixin.py:190} INFO - [2025-03-08T19:36:53.681+0000] {dag.py:3239} INFO - Sync 1 DAGs
[2025-03-08T19:36:53.721+0000] {logging_mixin.py:190} INFO - [2025-03-08T19:36:53.721+0000] {dag.py:4180} INFO - Setting next_dagrun for tutorial_taskflow_api to None, run_after=None
[2025-03-08T19:36:53.767+0000] {processor.py:208} INFO - Processing /home/airflow/.local/lib/python3.12/site-packages/airflow/example_dags/tutorial_taskflow_api.py took 0.220 seconds
[2025-03-08T19:37:25.996+0000] {processor.py:186} INFO - Started process (PID=24923) to work on /home/airflow/.local/lib/python3.12/site-packages/airflow/example_dags/tutorial_taskflow_api.py
[2025-03-08T19:37:26.009+0000] {processor.py:914} INFO - Processing file /home/airflow/.local/lib/python3.12/site-packages/airflow/example_dags/tutorial_taskflow_api.py for tasks to queue
[2025-03-08T19:37:26.029+0000] {logging_mixin.py:190} INFO - [2025-03-08T19:37:26.013+0000] {dagbag.py:588} INFO - Filling up the DagBag from /home/airflow/.local/lib/python3.12/site-packages/airflow/example_dags/tutorial_taskflow_api.py
[2025-03-08T19:37:26.071+0000] {processor.py:925} INFO - DAG(s) 'tutorial_taskflow_api' retrieved from /home/airflow/.local/lib/python3.12/site-packages/airflow/example_dags/tutorial_taskflow_api.py
[2025-03-08T19:37:26.199+0000] {logging_mixin.py:190} INFO - [2025-03-08T19:37:26.198+0000] {dag.py:3239} INFO - Sync 1 DAGs
[2025-03-08T19:37:26.266+0000] {logging_mixin.py:190} INFO - [2025-03-08T19:37:26.265+0000] {dag.py:4180} INFO - Setting next_dagrun for tutorial_taskflow_api to None, run_after=None
[2025-03-08T19:37:26.325+0000] {processor.py:208} INFO - Processing /home/airflow/.local/lib/python3.12/site-packages/airflow/example_dags/tutorial_taskflow_api.py took 0.373 seconds
[2025-03-08T19:37:57.372+0000] {processor.py:186} INFO - Started process (PID=24985) to work on /home/airflow/.local/lib/python3.12/site-packages/airflow/example_dags/tutorial_taskflow_api.py
[2025-03-08T19:37:57.377+0000] {processor.py:914} INFO - Processing file /home/airflow/.local/lib/python3.12/site-packages/airflow/example_dags/tutorial_taskflow_api.py for tasks to queue
[2025-03-08T19:37:57.382+0000] {logging_mixin.py:190} INFO - [2025-03-08T19:37:57.381+0000] {dagbag.py:588} INFO - Filling up the DagBag from /home/airflow/.local/lib/python3.12/site-packages/airflow/example_dags/tutorial_taskflow_api.py
[2025-03-08T19:37:57.404+0000] {processor.py:925} INFO - DAG(s) 'tutorial_taskflow_api' retrieved from /home/airflow/.local/lib/python3.12/site-packages/airflow/example_dags/tutorial_taskflow_api.py
[2025-03-08T19:37:57.463+0000] {logging_mixin.py:190} INFO - [2025-03-08T19:37:57.462+0000] {dag.py:3239} INFO - Sync 1 DAGs
[2025-03-08T19:37:57.511+0000] {logging_mixin.py:190} INFO - [2025-03-08T19:37:57.510+0000] {dag.py:4180} INFO - Setting next_dagrun for tutorial_taskflow_api to None, run_after=None
[2025-03-08T19:37:57.570+0000] {processor.py:208} INFO - Processing /home/airflow/.local/lib/python3.12/site-packages/airflow/example_dags/tutorial_taskflow_api.py took 0.211 seconds
[2025-03-08T19:38:29.577+0000] {processor.py:186} INFO - Started process (PID=25048) to work on /home/airflow/.local/lib/python3.12/site-packages/airflow/example_dags/tutorial_taskflow_api.py
[2025-03-08T19:38:29.580+0000] {processor.py:914} INFO - Processing file /home/airflow/.local/lib/python3.12/site-packages/airflow/example_dags/tutorial_taskflow_api.py for tasks to queue
[2025-03-08T19:38:29.585+0000] {logging_mixin.py:190} INFO - [2025-03-08T19:38:29.584+0000] {dagbag.py:588} INFO - Filling up the DagBag from /home/airflow/.local/lib/python3.12/site-packages/airflow/example_dags/tutorial_taskflow_api.py
[2025-03-08T19:38:29.609+0000] {processor.py:925} INFO - DAG(s) 'tutorial_taskflow_api' retrieved from /home/airflow/.local/lib/python3.12/site-packages/airflow/example_dags/tutorial_taskflow_api.py
[2025-03-08T19:38:29.669+0000] {logging_mixin.py:190} INFO - [2025-03-08T19:38:29.668+0000] {dag.py:3239} INFO - Sync 1 DAGs
[2025-03-08T19:38:29.722+0000] {logging_mixin.py:190} INFO - [2025-03-08T19:38:29.722+0000] {dag.py:4180} INFO - Setting next_dagrun for tutorial_taskflow_api to None, run_after=None
[2025-03-08T19:38:29.784+0000] {processor.py:208} INFO - Processing /home/airflow/.local/lib/python3.12/site-packages/airflow/example_dags/tutorial_taskflow_api.py took 0.220 seconds
[2025-03-08T19:39:00.604+0000] {processor.py:186} INFO - Started process (PID=25111) to work on /home/airflow/.local/lib/python3.12/site-packages/airflow/example_dags/tutorial_taskflow_api.py
[2025-03-08T19:39:00.607+0000] {processor.py:914} INFO - Processing file /home/airflow/.local/lib/python3.12/site-packages/airflow/example_dags/tutorial_taskflow_api.py for tasks to queue
[2025-03-08T19:39:00.612+0000] {logging_mixin.py:190} INFO - [2025-03-08T19:39:00.611+0000] {dagbag.py:588} INFO - Filling up the DagBag from /home/airflow/.local/lib/python3.12/site-packages/airflow/example_dags/tutorial_taskflow_api.py
[2025-03-08T19:39:00.629+0000] {processor.py:925} INFO - DAG(s) 'tutorial_taskflow_api' retrieved from /home/airflow/.local/lib/python3.12/site-packages/airflow/example_dags/tutorial_taskflow_api.py
[2025-03-08T19:39:00.671+0000] {logging_mixin.py:190} INFO - [2025-03-08T19:39:00.670+0000] {dag.py:3239} INFO - Sync 1 DAGs
[2025-03-08T19:39:00.708+0000] {logging_mixin.py:190} INFO - [2025-03-08T19:39:00.707+0000] {dag.py:4180} INFO - Setting next_dagrun for tutorial_taskflow_api to None, run_after=None
[2025-03-08T19:39:00.751+0000] {processor.py:208} INFO - Processing /home/airflow/.local/lib/python3.12/site-packages/airflow/example_dags/tutorial_taskflow_api.py took 0.160 seconds
[2025-03-08T19:39:31.839+0000] {processor.py:186} INFO - Started process (PID=25174) to work on /home/airflow/.local/lib/python3.12/site-packages/airflow/example_dags/tutorial_taskflow_api.py
[2025-03-08T19:39:31.840+0000] {processor.py:914} INFO - Processing file /home/airflow/.local/lib/python3.12/site-packages/airflow/example_dags/tutorial_taskflow_api.py for tasks to queue
[2025-03-08T19:39:31.844+0000] {logging_mixin.py:190} INFO - [2025-03-08T19:39:31.843+0000] {dagbag.py:588} INFO - Filling up the DagBag from /home/airflow/.local/lib/python3.12/site-packages/airflow/example_dags/tutorial_taskflow_api.py
[2025-03-08T19:39:31.861+0000] {processor.py:925} INFO - DAG(s) 'tutorial_taskflow_api' retrieved from /home/airflow/.local/lib/python3.12/site-packages/airflow/example_dags/tutorial_taskflow_api.py
[2025-03-08T19:39:31.898+0000] {logging_mixin.py:190} INFO - [2025-03-08T19:39:31.898+0000] {dag.py:3239} INFO - Sync 1 DAGs
[2025-03-08T19:39:31.930+0000] {logging_mixin.py:190} INFO - [2025-03-08T19:39:31.929+0000] {dag.py:4180} INFO - Setting next_dagrun for tutorial_taskflow_api to None, run_after=None
[2025-03-08T19:39:31.964+0000] {processor.py:208} INFO - Processing /home/airflow/.local/lib/python3.12/site-packages/airflow/example_dags/tutorial_taskflow_api.py took 0.134 seconds
[2025-03-08T19:40:03.215+0000] {processor.py:186} INFO - Started process (PID=25237) to work on /home/airflow/.local/lib/python3.12/site-packages/airflow/example_dags/tutorial_taskflow_api.py
[2025-03-08T19:40:03.217+0000] {processor.py:914} INFO - Processing file /home/airflow/.local/lib/python3.12/site-packages/airflow/example_dags/tutorial_taskflow_api.py for tasks to queue
[2025-03-08T19:40:03.221+0000] {logging_mixin.py:190} INFO - [2025-03-08T19:40:03.220+0000] {dagbag.py:588} INFO - Filling up the DagBag from /home/airflow/.local/lib/python3.12/site-packages/airflow/example_dags/tutorial_taskflow_api.py
[2025-03-08T19:40:03.238+0000] {processor.py:925} INFO - DAG(s) 'tutorial_taskflow_api' retrieved from /home/airflow/.local/lib/python3.12/site-packages/airflow/example_dags/tutorial_taskflow_api.py
[2025-03-08T19:40:03.276+0000] {logging_mixin.py:190} INFO - [2025-03-08T19:40:03.275+0000] {dag.py:3239} INFO - Sync 1 DAGs
[2025-03-08T19:40:03.311+0000] {logging_mixin.py:190} INFO - [2025-03-08T19:40:03.311+0000] {dag.py:4180} INFO - Setting next_dagrun for tutorial_taskflow_api to None, run_after=None
[2025-03-08T19:40:03.351+0000] {processor.py:208} INFO - Processing /home/airflow/.local/lib/python3.12/site-packages/airflow/example_dags/tutorial_taskflow_api.py took 0.148 seconds
[2025-03-08T19:40:34.535+0000] {processor.py:186} INFO - Started process (PID=25300) to work on /home/airflow/.local/lib/python3.12/site-packages/airflow/example_dags/tutorial_taskflow_api.py
[2025-03-08T19:40:34.537+0000] {processor.py:914} INFO - Processing file /home/airflow/.local/lib/python3.12/site-packages/airflow/example_dags/tutorial_taskflow_api.py for tasks to queue
[2025-03-08T19:40:34.541+0000] {logging_mixin.py:190} INFO - [2025-03-08T19:40:34.540+0000] {dagbag.py:588} INFO - Filling up the DagBag from /home/airflow/.local/lib/python3.12/site-packages/airflow/example_dags/tutorial_taskflow_api.py
[2025-03-08T19:40:34.558+0000] {processor.py:925} INFO - DAG(s) 'tutorial_taskflow_api' retrieved from /home/airflow/.local/lib/python3.12/site-packages/airflow/example_dags/tutorial_taskflow_api.py
[2025-03-08T19:40:34.598+0000] {logging_mixin.py:190} INFO - [2025-03-08T19:40:34.597+0000] {dag.py:3239} INFO - Sync 1 DAGs
[2025-03-08T19:40:34.633+0000] {logging_mixin.py:190} INFO - [2025-03-08T19:40:34.632+0000] {dag.py:4180} INFO - Setting next_dagrun for tutorial_taskflow_api to None, run_after=None
[2025-03-08T19:40:34.670+0000] {processor.py:208} INFO - Processing /home/airflow/.local/lib/python3.12/site-packages/airflow/example_dags/tutorial_taskflow_api.py took 0.145 seconds
[2025-03-08T19:41:05.922+0000] {processor.py:186} INFO - Started process (PID=25364) to work on /home/airflow/.local/lib/python3.12/site-packages/airflow/example_dags/tutorial_taskflow_api.py
[2025-03-08T19:41:05.924+0000] {processor.py:914} INFO - Processing file /home/airflow/.local/lib/python3.12/site-packages/airflow/example_dags/tutorial_taskflow_api.py for tasks to queue
[2025-03-08T19:41:05.928+0000] {logging_mixin.py:190} INFO - [2025-03-08T19:41:05.927+0000] {dagbag.py:588} INFO - Filling up the DagBag from /home/airflow/.local/lib/python3.12/site-packages/airflow/example_dags/tutorial_taskflow_api.py
[2025-03-08T19:41:05.947+0000] {processor.py:925} INFO - DAG(s) 'tutorial_taskflow_api' retrieved from /home/airflow/.local/lib/python3.12/site-packages/airflow/example_dags/tutorial_taskflow_api.py
[2025-03-08T19:41:05.989+0000] {logging_mixin.py:190} INFO - [2025-03-08T19:41:05.989+0000] {dag.py:3239} INFO - Sync 1 DAGs
[2025-03-08T19:41:06.027+0000] {logging_mixin.py:190} INFO - [2025-03-08T19:41:06.026+0000] {dag.py:4180} INFO - Setting next_dagrun for tutorial_taskflow_api to None, run_after=None
[2025-03-08T19:41:06.063+0000] {processor.py:208} INFO - Processing /home/airflow/.local/lib/python3.12/site-packages/airflow/example_dags/tutorial_taskflow_api.py took 0.153 seconds
[2025-03-08T19:41:37.799+0000] {processor.py:186} INFO - Started process (PID=25427) to work on /home/airflow/.local/lib/python3.12/site-packages/airflow/example_dags/tutorial_taskflow_api.py
[2025-03-08T19:41:37.800+0000] {processor.py:914} INFO - Processing file /home/airflow/.local/lib/python3.12/site-packages/airflow/example_dags/tutorial_taskflow_api.py for tasks to queue
[2025-03-08T19:41:37.805+0000] {logging_mixin.py:190} INFO - [2025-03-08T19:41:37.804+0000] {dagbag.py:588} INFO - Filling up the DagBag from /home/airflow/.local/lib/python3.12/site-packages/airflow/example_dags/tutorial_taskflow_api.py
[2025-03-08T19:41:37.820+0000] {processor.py:925} INFO - DAG(s) 'tutorial_taskflow_api' retrieved from /home/airflow/.local/lib/python3.12/site-packages/airflow/example_dags/tutorial_taskflow_api.py
[2025-03-08T19:41:37.857+0000] {logging_mixin.py:190} INFO - [2025-03-08T19:41:37.857+0000] {dag.py:3239} INFO - Sync 1 DAGs
[2025-03-08T19:41:37.891+0000] {logging_mixin.py:190} INFO - [2025-03-08T19:41:37.891+0000] {dag.py:4180} INFO - Setting next_dagrun for tutorial_taskflow_api to None, run_after=None
[2025-03-08T19:41:37.930+0000] {processor.py:208} INFO - Processing /home/airflow/.local/lib/python3.12/site-packages/airflow/example_dags/tutorial_taskflow_api.py took 0.143 seconds
[2025-03-08T19:42:10.082+0000] {processor.py:186} INFO - Started process (PID=25495) to work on /home/airflow/.local/lib/python3.12/site-packages/airflow/example_dags/tutorial_taskflow_api.py
[2025-03-08T19:42:10.084+0000] {processor.py:914} INFO - Processing file /home/airflow/.local/lib/python3.12/site-packages/airflow/example_dags/tutorial_taskflow_api.py for tasks to queue
[2025-03-08T19:42:10.089+0000] {logging_mixin.py:190} INFO - [2025-03-08T19:42:10.088+0000] {dagbag.py:588} INFO - Filling up the DagBag from /home/airflow/.local/lib/python3.12/site-packages/airflow/example_dags/tutorial_taskflow_api.py
[2025-03-08T19:42:10.105+0000] {processor.py:925} INFO - DAG(s) 'tutorial_taskflow_api' retrieved from /home/airflow/.local/lib/python3.12/site-packages/airflow/example_dags/tutorial_taskflow_api.py
[2025-03-08T19:42:10.145+0000] {logging_mixin.py:190} INFO - [2025-03-08T19:42:10.145+0000] {dag.py:3239} INFO - Sync 1 DAGs
[2025-03-08T19:42:10.183+0000] {logging_mixin.py:190} INFO - [2025-03-08T19:42:10.182+0000] {dag.py:4180} INFO - Setting next_dagrun for tutorial_taskflow_api to None, run_after=None
[2025-03-08T19:42:10.226+0000] {processor.py:208} INFO - Processing /home/airflow/.local/lib/python3.12/site-packages/airflow/example_dags/tutorial_taskflow_api.py took 0.158 seconds
[2025-03-08T19:42:41.418+0000] {processor.py:186} INFO - Started process (PID=25558) to work on /home/airflow/.local/lib/python3.12/site-packages/airflow/example_dags/tutorial_taskflow_api.py
[2025-03-08T19:42:41.419+0000] {processor.py:914} INFO - Processing file /home/airflow/.local/lib/python3.12/site-packages/airflow/example_dags/tutorial_taskflow_api.py for tasks to queue
[2025-03-08T19:42:41.423+0000] {logging_mixin.py:190} INFO - [2025-03-08T19:42:41.422+0000] {dagbag.py:588} INFO - Filling up the DagBag from /home/airflow/.local/lib/python3.12/site-packages/airflow/example_dags/tutorial_taskflow_api.py
[2025-03-08T19:42:41.435+0000] {processor.py:925} INFO - DAG(s) 'tutorial_taskflow_api' retrieved from /home/airflow/.local/lib/python3.12/site-packages/airflow/example_dags/tutorial_taskflow_api.py
[2025-03-08T19:42:41.473+0000] {logging_mixin.py:190} INFO - [2025-03-08T19:42:41.472+0000] {dag.py:3239} INFO - Sync 1 DAGs
[2025-03-08T19:42:41.499+0000] {logging_mixin.py:190} INFO - [2025-03-08T19:42:41.498+0000] {dag.py:4180} INFO - Setting next_dagrun for tutorial_taskflow_api to None, run_after=None
[2025-03-08T19:42:41.533+0000] {processor.py:208} INFO - Processing /home/airflow/.local/lib/python3.12/site-packages/airflow/example_dags/tutorial_taskflow_api.py took 0.123 seconds
[2025-03-08T19:43:13.289+0000] {processor.py:186} INFO - Started process (PID=25621) to work on /home/airflow/.local/lib/python3.12/site-packages/airflow/example_dags/tutorial_taskflow_api.py
[2025-03-08T19:43:13.292+0000] {processor.py:914} INFO - Processing file /home/airflow/.local/lib/python3.12/site-packages/airflow/example_dags/tutorial_taskflow_api.py for tasks to queue
[2025-03-08T19:43:13.297+0000] {logging_mixin.py:190} INFO - [2025-03-08T19:43:13.297+0000] {dagbag.py:588} INFO - Filling up the DagBag from /home/airflow/.local/lib/python3.12/site-packages/airflow/example_dags/tutorial_taskflow_api.py
[2025-03-08T19:43:13.314+0000] {processor.py:925} INFO - DAG(s) 'tutorial_taskflow_api' retrieved from /home/airflow/.local/lib/python3.12/site-packages/airflow/example_dags/tutorial_taskflow_api.py
[2025-03-08T19:43:13.355+0000] {logging_mixin.py:190} INFO - [2025-03-08T19:43:13.354+0000] {dag.py:3239} INFO - Sync 1 DAGs
[2025-03-08T19:43:13.390+0000] {logging_mixin.py:190} INFO - [2025-03-08T19:43:13.390+0000] {dag.py:4180} INFO - Setting next_dagrun for tutorial_taskflow_api to None, run_after=None
[2025-03-08T19:43:13.429+0000] {processor.py:208} INFO - Processing /home/airflow/.local/lib/python3.12/site-packages/airflow/example_dags/tutorial_taskflow_api.py took 0.153 seconds
[2025-03-08T19:43:44.910+0000] {processor.py:186} INFO - Started process (PID=25684) to work on /home/airflow/.local/lib/python3.12/site-packages/airflow/example_dags/tutorial_taskflow_api.py
[2025-03-08T19:43:44.911+0000] {processor.py:914} INFO - Processing file /home/airflow/.local/lib/python3.12/site-packages/airflow/example_dags/tutorial_taskflow_api.py for tasks to queue
[2025-03-08T19:43:44.915+0000] {logging_mixin.py:190} INFO - [2025-03-08T19:43:44.914+0000] {dagbag.py:588} INFO - Filling up the DagBag from /home/airflow/.local/lib/python3.12/site-packages/airflow/example_dags/tutorial_taskflow_api.py
[2025-03-08T19:43:44.929+0000] {processor.py:925} INFO - DAG(s) 'tutorial_taskflow_api' retrieved from /home/airflow/.local/lib/python3.12/site-packages/airflow/example_dags/tutorial_taskflow_api.py
[2025-03-08T19:43:44.966+0000] {logging_mixin.py:190} INFO - [2025-03-08T19:43:44.965+0000] {dag.py:3239} INFO - Sync 1 DAGs
[2025-03-08T19:43:45.001+0000] {logging_mixin.py:190} INFO - [2025-03-08T19:43:45.000+0000] {dag.py:4180} INFO - Setting next_dagrun for tutorial_taskflow_api to None, run_after=None
[2025-03-08T19:43:45.043+0000] {processor.py:208} INFO - Processing /home/airflow/.local/lib/python3.12/site-packages/airflow/example_dags/tutorial_taskflow_api.py took 0.142 seconds
[2025-03-08T19:44:17.235+0000] {processor.py:186} INFO - Started process (PID=25747) to work on /home/airflow/.local/lib/python3.12/site-packages/airflow/example_dags/tutorial_taskflow_api.py
[2025-03-08T19:44:17.237+0000] {processor.py:914} INFO - Processing file /home/airflow/.local/lib/python3.12/site-packages/airflow/example_dags/tutorial_taskflow_api.py for tasks to queue
[2025-03-08T19:44:17.242+0000] {logging_mixin.py:190} INFO - [2025-03-08T19:44:17.241+0000] {dagbag.py:588} INFO - Filling up the DagBag from /home/airflow/.local/lib/python3.12/site-packages/airflow/example_dags/tutorial_taskflow_api.py
[2025-03-08T19:44:17.259+0000] {processor.py:925} INFO - DAG(s) 'tutorial_taskflow_api' retrieved from /home/airflow/.local/lib/python3.12/site-packages/airflow/example_dags/tutorial_taskflow_api.py
[2025-03-08T19:44:17.295+0000] {logging_mixin.py:190} INFO - [2025-03-08T19:44:17.294+0000] {dag.py:3239} INFO - Sync 1 DAGs
[2025-03-08T19:44:17.329+0000] {logging_mixin.py:190} INFO - [2025-03-08T19:44:17.328+0000] {dag.py:4180} INFO - Setting next_dagrun for tutorial_taskflow_api to None, run_after=None
[2025-03-08T19:44:17.368+0000] {processor.py:208} INFO - Processing /home/airflow/.local/lib/python3.12/site-packages/airflow/example_dags/tutorial_taskflow_api.py took 0.146 seconds
[2025-03-08T19:44:49.259+0000] {processor.py:186} INFO - Started process (PID=25810) to work on /home/airflow/.local/lib/python3.12/site-packages/airflow/example_dags/tutorial_taskflow_api.py
[2025-03-08T19:44:49.260+0000] {processor.py:914} INFO - Processing file /home/airflow/.local/lib/python3.12/site-packages/airflow/example_dags/tutorial_taskflow_api.py for tasks to queue
[2025-03-08T19:44:49.265+0000] {logging_mixin.py:190} INFO - [2025-03-08T19:44:49.264+0000] {dagbag.py:588} INFO - Filling up the DagBag from /home/airflow/.local/lib/python3.12/site-packages/airflow/example_dags/tutorial_taskflow_api.py
[2025-03-08T19:44:49.282+0000] {processor.py:925} INFO - DAG(s) 'tutorial_taskflow_api' retrieved from /home/airflow/.local/lib/python3.12/site-packages/airflow/example_dags/tutorial_taskflow_api.py
[2025-03-08T19:44:49.320+0000] {logging_mixin.py:190} INFO - [2025-03-08T19:44:49.319+0000] {dag.py:3239} INFO - Sync 1 DAGs
[2025-03-08T19:44:49.357+0000] {logging_mixin.py:190} INFO - [2025-03-08T19:44:49.356+0000] {dag.py:4180} INFO - Setting next_dagrun for tutorial_taskflow_api to None, run_after=None
[2025-03-08T19:44:49.395+0000] {processor.py:208} INFO - Processing /home/airflow/.local/lib/python3.12/site-packages/airflow/example_dags/tutorial_taskflow_api.py took 0.150 seconds
[2025-03-08T19:45:20.958+0000] {processor.py:186} INFO - Started process (PID=25879) to work on /home/airflow/.local/lib/python3.12/site-packages/airflow/example_dags/tutorial_taskflow_api.py
[2025-03-08T19:45:20.959+0000] {processor.py:914} INFO - Processing file /home/airflow/.local/lib/python3.12/site-packages/airflow/example_dags/tutorial_taskflow_api.py for tasks to queue
[2025-03-08T19:45:20.963+0000] {logging_mixin.py:190} INFO - [2025-03-08T19:45:20.962+0000] {dagbag.py:588} INFO - Filling up the DagBag from /home/airflow/.local/lib/python3.12/site-packages/airflow/example_dags/tutorial_taskflow_api.py
[2025-03-08T19:45:20.979+0000] {processor.py:925} INFO - DAG(s) 'tutorial_taskflow_api' retrieved from /home/airflow/.local/lib/python3.12/site-packages/airflow/example_dags/tutorial_taskflow_api.py
[2025-03-08T19:45:21.019+0000] {logging_mixin.py:190} INFO - [2025-03-08T19:45:21.018+0000] {dag.py:3239} INFO - Sync 1 DAGs
[2025-03-08T19:45:21.053+0000] {logging_mixin.py:190} INFO - [2025-03-08T19:45:21.053+0000] {dag.py:4180} INFO - Setting next_dagrun for tutorial_taskflow_api to None, run_after=None
[2025-03-08T19:45:21.088+0000] {processor.py:208} INFO - Processing /home/airflow/.local/lib/python3.12/site-packages/airflow/example_dags/tutorial_taskflow_api.py took 0.142 seconds
[2025-03-08T19:45:52.758+0000] {processor.py:186} INFO - Started process (PID=25944) to work on /home/airflow/.local/lib/python3.12/site-packages/airflow/example_dags/tutorial_taskflow_api.py
[2025-03-08T19:45:52.759+0000] {processor.py:914} INFO - Processing file /home/airflow/.local/lib/python3.12/site-packages/airflow/example_dags/tutorial_taskflow_api.py for tasks to queue
[2025-03-08T19:45:52.763+0000] {logging_mixin.py:190} INFO - [2025-03-08T19:45:52.762+0000] {dagbag.py:588} INFO - Filling up the DagBag from /home/airflow/.local/lib/python3.12/site-packages/airflow/example_dags/tutorial_taskflow_api.py
[2025-03-08T19:45:52.778+0000] {processor.py:925} INFO - DAG(s) 'tutorial_taskflow_api' retrieved from /home/airflow/.local/lib/python3.12/site-packages/airflow/example_dags/tutorial_taskflow_api.py
[2025-03-08T19:45:52.813+0000] {logging_mixin.py:190} INFO - [2025-03-08T19:45:52.812+0000] {dag.py:3239} INFO - Sync 1 DAGs
[2025-03-08T19:45:52.842+0000] {logging_mixin.py:190} INFO - [2025-03-08T19:45:52.841+0000] {dag.py:4180} INFO - Setting next_dagrun for tutorial_taskflow_api to None, run_after=None
[2025-03-08T19:45:52.873+0000] {processor.py:208} INFO - Processing /home/airflow/.local/lib/python3.12/site-packages/airflow/example_dags/tutorial_taskflow_api.py took 0.126 seconds
[2025-03-08T19:46:24.925+0000] {processor.py:186} INFO - Started process (PID=26007) to work on /home/airflow/.local/lib/python3.12/site-packages/airflow/example_dags/tutorial_taskflow_api.py
[2025-03-08T19:46:24.926+0000] {processor.py:914} INFO - Processing file /home/airflow/.local/lib/python3.12/site-packages/airflow/example_dags/tutorial_taskflow_api.py for tasks to queue
[2025-03-08T19:46:24.929+0000] {logging_mixin.py:190} INFO - [2025-03-08T19:46:24.929+0000] {dagbag.py:588} INFO - Filling up the DagBag from /home/airflow/.local/lib/python3.12/site-packages/airflow/example_dags/tutorial_taskflow_api.py
[2025-03-08T19:46:24.940+0000] {processor.py:925} INFO - DAG(s) 'tutorial_taskflow_api' retrieved from /home/airflow/.local/lib/python3.12/site-packages/airflow/example_dags/tutorial_taskflow_api.py
[2025-03-08T19:46:24.973+0000] {logging_mixin.py:190} INFO - [2025-03-08T19:46:24.973+0000] {dag.py:3239} INFO - Sync 1 DAGs
[2025-03-08T19:46:25.002+0000] {logging_mixin.py:190} INFO - [2025-03-08T19:46:25.002+0000] {dag.py:4180} INFO - Setting next_dagrun for tutorial_taskflow_api to None, run_after=None
[2025-03-08T19:46:25.032+0000] {processor.py:208} INFO - Processing /home/airflow/.local/lib/python3.12/site-packages/airflow/example_dags/tutorial_taskflow_api.py took 0.115 seconds
[2025-03-08T19:46:56.183+0000] {processor.py:186} INFO - Started process (PID=26070) to work on /home/airflow/.local/lib/python3.12/site-packages/airflow/example_dags/tutorial_taskflow_api.py
[2025-03-08T19:46:56.185+0000] {processor.py:914} INFO - Processing file /home/airflow/.local/lib/python3.12/site-packages/airflow/example_dags/tutorial_taskflow_api.py for tasks to queue
[2025-03-08T19:46:56.188+0000] {logging_mixin.py:190} INFO - [2025-03-08T19:46:56.188+0000] {dagbag.py:588} INFO - Filling up the DagBag from /home/airflow/.local/lib/python3.12/site-packages/airflow/example_dags/tutorial_taskflow_api.py
[2025-03-08T19:46:56.199+0000] {processor.py:925} INFO - DAG(s) 'tutorial_taskflow_api' retrieved from /home/airflow/.local/lib/python3.12/site-packages/airflow/example_dags/tutorial_taskflow_api.py
[2025-03-08T19:46:56.234+0000] {logging_mixin.py:190} INFO - [2025-03-08T19:46:56.233+0000] {dag.py:3239} INFO - Sync 1 DAGs
[2025-03-08T19:46:56.259+0000] {logging_mixin.py:190} INFO - [2025-03-08T19:46:56.259+0000] {dag.py:4180} INFO - Setting next_dagrun for tutorial_taskflow_api to None, run_after=None
[2025-03-08T19:46:56.287+0000] {processor.py:208} INFO - Processing /home/airflow/.local/lib/python3.12/site-packages/airflow/example_dags/tutorial_taskflow_api.py took 0.112 seconds
[2025-03-08T19:47:27.443+0000] {processor.py:186} INFO - Started process (PID=26133) to work on /home/airflow/.local/lib/python3.12/site-packages/airflow/example_dags/tutorial_taskflow_api.py
[2025-03-08T19:47:27.444+0000] {processor.py:914} INFO - Processing file /home/airflow/.local/lib/python3.12/site-packages/airflow/example_dags/tutorial_taskflow_api.py for tasks to queue
[2025-03-08T19:47:27.448+0000] {logging_mixin.py:190} INFO - [2025-03-08T19:47:27.447+0000] {dagbag.py:588} INFO - Filling up the DagBag from /home/airflow/.local/lib/python3.12/site-packages/airflow/example_dags/tutorial_taskflow_api.py
[2025-03-08T19:47:27.459+0000] {processor.py:925} INFO - DAG(s) 'tutorial_taskflow_api' retrieved from /home/airflow/.local/lib/python3.12/site-packages/airflow/example_dags/tutorial_taskflow_api.py
[2025-03-08T19:47:27.487+0000] {logging_mixin.py:190} INFO - [2025-03-08T19:47:27.487+0000] {dag.py:3239} INFO - Sync 1 DAGs
[2025-03-08T19:47:27.510+0000] {logging_mixin.py:190} INFO - [2025-03-08T19:47:27.510+0000] {dag.py:4180} INFO - Setting next_dagrun for tutorial_taskflow_api to None, run_after=None
[2025-03-08T19:47:27.539+0000] {processor.py:208} INFO - Processing /home/airflow/.local/lib/python3.12/site-packages/airflow/example_dags/tutorial_taskflow_api.py took 0.104 seconds
[2025-03-08T19:47:58.921+0000] {processor.py:186} INFO - Started process (PID=26196) to work on /home/airflow/.local/lib/python3.12/site-packages/airflow/example_dags/tutorial_taskflow_api.py
[2025-03-08T19:47:58.922+0000] {processor.py:914} INFO - Processing file /home/airflow/.local/lib/python3.12/site-packages/airflow/example_dags/tutorial_taskflow_api.py for tasks to queue
[2025-03-08T19:47:58.925+0000] {logging_mixin.py:190} INFO - [2025-03-08T19:47:58.925+0000] {dagbag.py:588} INFO - Filling up the DagBag from /home/airflow/.local/lib/python3.12/site-packages/airflow/example_dags/tutorial_taskflow_api.py
[2025-03-08T19:47:58.937+0000] {processor.py:925} INFO - DAG(s) 'tutorial_taskflow_api' retrieved from /home/airflow/.local/lib/python3.12/site-packages/airflow/example_dags/tutorial_taskflow_api.py
[2025-03-08T19:47:58.966+0000] {logging_mixin.py:190} INFO - [2025-03-08T19:47:58.966+0000] {dag.py:3239} INFO - Sync 1 DAGs
[2025-03-08T19:47:58.993+0000] {logging_mixin.py:190} INFO - [2025-03-08T19:47:58.993+0000] {dag.py:4180} INFO - Setting next_dagrun for tutorial_taskflow_api to None, run_after=None
[2025-03-08T19:47:59.027+0000] {processor.py:208} INFO - Processing /home/airflow/.local/lib/python3.12/site-packages/airflow/example_dags/tutorial_taskflow_api.py took 0.115 seconds
[2025-03-08T19:48:31.447+0000] {processor.py:186} INFO - Started process (PID=26264) to work on /home/airflow/.local/lib/python3.12/site-packages/airflow/example_dags/tutorial_taskflow_api.py
[2025-03-08T19:48:31.448+0000] {processor.py:914} INFO - Processing file /home/airflow/.local/lib/python3.12/site-packages/airflow/example_dags/tutorial_taskflow_api.py for tasks to queue
[2025-03-08T19:48:31.451+0000] {logging_mixin.py:190} INFO - [2025-03-08T19:48:31.450+0000] {dagbag.py:588} INFO - Filling up the DagBag from /home/airflow/.local/lib/python3.12/site-packages/airflow/example_dags/tutorial_taskflow_api.py
[2025-03-08T19:48:31.463+0000] {processor.py:925} INFO - DAG(s) 'tutorial_taskflow_api' retrieved from /home/airflow/.local/lib/python3.12/site-packages/airflow/example_dags/tutorial_taskflow_api.py
[2025-03-08T19:48:31.491+0000] {logging_mixin.py:190} INFO - [2025-03-08T19:48:31.490+0000] {dag.py:3239} INFO - Sync 1 DAGs
[2025-03-08T19:48:31.515+0000] {logging_mixin.py:190} INFO - [2025-03-08T19:48:31.515+0000] {dag.py:4180} INFO - Setting next_dagrun for tutorial_taskflow_api to None, run_after=None
[2025-03-08T19:48:31.548+0000] {processor.py:208} INFO - Processing /home/airflow/.local/lib/python3.12/site-packages/airflow/example_dags/tutorial_taskflow_api.py took 0.110 seconds
[2025-03-08T19:49:03.446+0000] {processor.py:186} INFO - Started process (PID=26335) to work on /home/airflow/.local/lib/python3.12/site-packages/airflow/example_dags/tutorial_taskflow_api.py
[2025-03-08T19:49:03.447+0000] {processor.py:914} INFO - Processing file /home/airflow/.local/lib/python3.12/site-packages/airflow/example_dags/tutorial_taskflow_api.py for tasks to queue
[2025-03-08T19:49:03.450+0000] {logging_mixin.py:190} INFO - [2025-03-08T19:49:03.450+0000] {dagbag.py:588} INFO - Filling up the DagBag from /home/airflow/.local/lib/python3.12/site-packages/airflow/example_dags/tutorial_taskflow_api.py
[2025-03-08T19:49:03.463+0000] {processor.py:925} INFO - DAG(s) 'tutorial_taskflow_api' retrieved from /home/airflow/.local/lib/python3.12/site-packages/airflow/example_dags/tutorial_taskflow_api.py
[2025-03-08T19:49:03.491+0000] {logging_mixin.py:190} INFO - [2025-03-08T19:49:03.490+0000] {dag.py:3239} INFO - Sync 1 DAGs
[2025-03-08T19:49:03.516+0000] {logging_mixin.py:190} INFO - [2025-03-08T19:49:03.515+0000] {dag.py:4180} INFO - Setting next_dagrun for tutorial_taskflow_api to None, run_after=None
[2025-03-08T19:49:03.548+0000] {processor.py:208} INFO - Processing /home/airflow/.local/lib/python3.12/site-packages/airflow/example_dags/tutorial_taskflow_api.py took 0.110 seconds
[2025-03-08T19:49:34.766+0000] {processor.py:186} INFO - Started process (PID=26398) to work on /home/airflow/.local/lib/python3.12/site-packages/airflow/example_dags/tutorial_taskflow_api.py
[2025-03-08T19:49:34.767+0000] {processor.py:914} INFO - Processing file /home/airflow/.local/lib/python3.12/site-packages/airflow/example_dags/tutorial_taskflow_api.py for tasks to queue
[2025-03-08T19:49:34.770+0000] {logging_mixin.py:190} INFO - [2025-03-08T19:49:34.769+0000] {dagbag.py:588} INFO - Filling up the DagBag from /home/airflow/.local/lib/python3.12/site-packages/airflow/example_dags/tutorial_taskflow_api.py
[2025-03-08T19:49:34.782+0000] {processor.py:925} INFO - DAG(s) 'tutorial_taskflow_api' retrieved from /home/airflow/.local/lib/python3.12/site-packages/airflow/example_dags/tutorial_taskflow_api.py
[2025-03-08T19:49:34.809+0000] {logging_mixin.py:190} INFO - [2025-03-08T19:49:34.808+0000] {dag.py:3239} INFO - Sync 1 DAGs
[2025-03-08T19:49:34.832+0000] {logging_mixin.py:190} INFO - [2025-03-08T19:49:34.832+0000] {dag.py:4180} INFO - Setting next_dagrun for tutorial_taskflow_api to None, run_after=None
[2025-03-08T19:49:34.861+0000] {processor.py:208} INFO - Processing /home/airflow/.local/lib/python3.12/site-packages/airflow/example_dags/tutorial_taskflow_api.py took 0.104 seconds
[2025-03-08T19:50:05.989+0000] {processor.py:186} INFO - Started process (PID=26460) to work on /home/airflow/.local/lib/python3.12/site-packages/airflow/example_dags/tutorial_taskflow_api.py
[2025-03-08T19:50:05.990+0000] {processor.py:914} INFO - Processing file /home/airflow/.local/lib/python3.12/site-packages/airflow/example_dags/tutorial_taskflow_api.py for tasks to queue
[2025-03-08T19:50:05.993+0000] {logging_mixin.py:190} INFO - [2025-03-08T19:50:05.992+0000] {dagbag.py:588} INFO - Filling up the DagBag from /home/airflow/.local/lib/python3.12/site-packages/airflow/example_dags/tutorial_taskflow_api.py
[2025-03-08T19:50:06.005+0000] {processor.py:925} INFO - DAG(s) 'tutorial_taskflow_api' retrieved from /home/airflow/.local/lib/python3.12/site-packages/airflow/example_dags/tutorial_taskflow_api.py
[2025-03-08T19:50:06.033+0000] {logging_mixin.py:190} INFO - [2025-03-08T19:50:06.032+0000] {dag.py:3239} INFO - Sync 1 DAGs
[2025-03-08T19:50:06.057+0000] {logging_mixin.py:190} INFO - [2025-03-08T19:50:06.057+0000] {dag.py:4180} INFO - Setting next_dagrun for tutorial_taskflow_api to None, run_after=None
[2025-03-08T19:50:06.085+0000] {processor.py:208} INFO - Processing /home/airflow/.local/lib/python3.12/site-packages/airflow/example_dags/tutorial_taskflow_api.py took 0.105 seconds
[2025-03-08T19:50:37.297+0000] {processor.py:186} INFO - Started process (PID=26523) to work on /home/airflow/.local/lib/python3.12/site-packages/airflow/example_dags/tutorial_taskflow_api.py
[2025-03-08T19:50:37.299+0000] {processor.py:914} INFO - Processing file /home/airflow/.local/lib/python3.12/site-packages/airflow/example_dags/tutorial_taskflow_api.py for tasks to queue
[2025-03-08T19:50:37.301+0000] {logging_mixin.py:190} INFO - [2025-03-08T19:50:37.301+0000] {dagbag.py:588} INFO - Filling up the DagBag from /home/airflow/.local/lib/python3.12/site-packages/airflow/example_dags/tutorial_taskflow_api.py
[2025-03-08T19:50:37.314+0000] {processor.py:925} INFO - DAG(s) 'tutorial_taskflow_api' retrieved from /home/airflow/.local/lib/python3.12/site-packages/airflow/example_dags/tutorial_taskflow_api.py
[2025-03-08T19:50:37.340+0000] {logging_mixin.py:190} INFO - [2025-03-08T19:50:37.340+0000] {dag.py:3239} INFO - Sync 1 DAGs
[2025-03-08T19:50:37.364+0000] {logging_mixin.py:190} INFO - [2025-03-08T19:50:37.364+0000] {dag.py:4180} INFO - Setting next_dagrun for tutorial_taskflow_api to None, run_after=None
[2025-03-08T19:50:37.392+0000] {processor.py:208} INFO - Processing /home/airflow/.local/lib/python3.12/site-packages/airflow/example_dags/tutorial_taskflow_api.py took 0.103 seconds
[2025-03-08T19:51:08.790+0000] {processor.py:186} INFO - Started process (PID=26586) to work on /home/airflow/.local/lib/python3.12/site-packages/airflow/example_dags/tutorial_taskflow_api.py
[2025-03-08T19:51:08.791+0000] {processor.py:914} INFO - Processing file /home/airflow/.local/lib/python3.12/site-packages/airflow/example_dags/tutorial_taskflow_api.py for tasks to queue
[2025-03-08T19:51:08.795+0000] {logging_mixin.py:190} INFO - [2025-03-08T19:51:08.794+0000] {dagbag.py:588} INFO - Filling up the DagBag from /home/airflow/.local/lib/python3.12/site-packages/airflow/example_dags/tutorial_taskflow_api.py
[2025-03-08T19:51:08.809+0000] {processor.py:925} INFO - DAG(s) 'tutorial_taskflow_api' retrieved from /home/airflow/.local/lib/python3.12/site-packages/airflow/example_dags/tutorial_taskflow_api.py
[2025-03-08T19:51:08.842+0000] {logging_mixin.py:190} INFO - [2025-03-08T19:51:08.842+0000] {dag.py:3239} INFO - Sync 1 DAGs
[2025-03-08T19:51:08.876+0000] {logging_mixin.py:190} INFO - [2025-03-08T19:51:08.876+0000] {dag.py:4180} INFO - Setting next_dagrun for tutorial_taskflow_api to None, run_after=None
[2025-03-08T19:51:08.915+0000] {processor.py:208} INFO - Processing /home/airflow/.local/lib/python3.12/site-packages/airflow/example_dags/tutorial_taskflow_api.py took 0.134 seconds
[2025-03-08T19:51:39.997+0000] {processor.py:186} INFO - Started process (PID=26649) to work on /home/airflow/.local/lib/python3.12/site-packages/airflow/example_dags/tutorial_taskflow_api.py
[2025-03-08T19:51:39.998+0000] {processor.py:914} INFO - Processing file /home/airflow/.local/lib/python3.12/site-packages/airflow/example_dags/tutorial_taskflow_api.py for tasks to queue
[2025-03-08T19:51:40.001+0000] {logging_mixin.py:190} INFO - [2025-03-08T19:51:40.001+0000] {dagbag.py:588} INFO - Filling up the DagBag from /home/airflow/.local/lib/python3.12/site-packages/airflow/example_dags/tutorial_taskflow_api.py
[2025-03-08T19:51:40.013+0000] {processor.py:925} INFO - DAG(s) 'tutorial_taskflow_api' retrieved from /home/airflow/.local/lib/python3.12/site-packages/airflow/example_dags/tutorial_taskflow_api.py
[2025-03-08T19:51:40.041+0000] {logging_mixin.py:190} INFO - [2025-03-08T19:51:40.040+0000] {dag.py:3239} INFO - Sync 1 DAGs
[2025-03-08T19:51:40.069+0000] {logging_mixin.py:190} INFO - [2025-03-08T19:51:40.068+0000] {dag.py:4180} INFO - Setting next_dagrun for tutorial_taskflow_api to None, run_after=None
[2025-03-08T19:51:40.106+0000] {processor.py:208} INFO - Processing /home/airflow/.local/lib/python3.12/site-packages/airflow/example_dags/tutorial_taskflow_api.py took 0.117 seconds
[2025-03-08T19:52:11.981+0000] {processor.py:186} INFO - Started process (PID=26715) to work on /home/airflow/.local/lib/python3.12/site-packages/airflow/example_dags/tutorial_taskflow_api.py
[2025-03-08T19:52:11.982+0000] {processor.py:914} INFO - Processing file /home/airflow/.local/lib/python3.12/site-packages/airflow/example_dags/tutorial_taskflow_api.py for tasks to queue
[2025-03-08T19:52:11.986+0000] {logging_mixin.py:190} INFO - [2025-03-08T19:52:11.986+0000] {dagbag.py:588} INFO - Filling up the DagBag from /home/airflow/.local/lib/python3.12/site-packages/airflow/example_dags/tutorial_taskflow_api.py
[2025-03-08T19:52:12.000+0000] {processor.py:925} INFO - DAG(s) 'tutorial_taskflow_api' retrieved from /home/airflow/.local/lib/python3.12/site-packages/airflow/example_dags/tutorial_taskflow_api.py
[2025-03-08T19:52:12.028+0000] {logging_mixin.py:190} INFO - [2025-03-08T19:52:12.028+0000] {dag.py:3239} INFO - Sync 1 DAGs
[2025-03-08T19:52:12.052+0000] {logging_mixin.py:190} INFO - [2025-03-08T19:52:12.051+0000] {dag.py:4180} INFO - Setting next_dagrun for tutorial_taskflow_api to None, run_after=None
[2025-03-08T19:52:12.080+0000] {processor.py:208} INFO - Processing /home/airflow/.local/lib/python3.12/site-packages/airflow/example_dags/tutorial_taskflow_api.py took 0.108 seconds
[2025-03-08T19:52:43.310+0000] {processor.py:186} INFO - Started process (PID=26784) to work on /home/airflow/.local/lib/python3.12/site-packages/airflow/example_dags/tutorial_taskflow_api.py
[2025-03-08T19:52:43.311+0000] {processor.py:914} INFO - Processing file /home/airflow/.local/lib/python3.12/site-packages/airflow/example_dags/tutorial_taskflow_api.py for tasks to queue
[2025-03-08T19:52:43.314+0000] {logging_mixin.py:190} INFO - [2025-03-08T19:52:43.313+0000] {dagbag.py:588} INFO - Filling up the DagBag from /home/airflow/.local/lib/python3.12/site-packages/airflow/example_dags/tutorial_taskflow_api.py
[2025-03-08T19:52:43.329+0000] {processor.py:925} INFO - DAG(s) 'tutorial_taskflow_api' retrieved from /home/airflow/.local/lib/python3.12/site-packages/airflow/example_dags/tutorial_taskflow_api.py
[2025-03-08T19:52:43.367+0000] {logging_mixin.py:190} INFO - [2025-03-08T19:52:43.366+0000] {dag.py:3239} INFO - Sync 1 DAGs
[2025-03-08T19:52:43.404+0000] {logging_mixin.py:190} INFO - [2025-03-08T19:52:43.403+0000] {dag.py:4180} INFO - Setting next_dagrun for tutorial_taskflow_api to None, run_after=None
[2025-03-08T19:52:43.442+0000] {processor.py:208} INFO - Processing /home/airflow/.local/lib/python3.12/site-packages/airflow/example_dags/tutorial_taskflow_api.py took 0.142 seconds
[2025-03-08T19:53:15.411+0000] {processor.py:186} INFO - Started process (PID=26849) to work on /home/airflow/.local/lib/python3.12/site-packages/airflow/example_dags/tutorial_taskflow_api.py
[2025-03-08T19:53:15.412+0000] {processor.py:914} INFO - Processing file /home/airflow/.local/lib/python3.12/site-packages/airflow/example_dags/tutorial_taskflow_api.py for tasks to queue
[2025-03-08T19:53:15.415+0000] {logging_mixin.py:190} INFO - [2025-03-08T19:53:15.414+0000] {dagbag.py:588} INFO - Filling up the DagBag from /home/airflow/.local/lib/python3.12/site-packages/airflow/example_dags/tutorial_taskflow_api.py
[2025-03-08T19:53:15.427+0000] {processor.py:925} INFO - DAG(s) 'tutorial_taskflow_api' retrieved from /home/airflow/.local/lib/python3.12/site-packages/airflow/example_dags/tutorial_taskflow_api.py
[2025-03-08T19:53:15.458+0000] {logging_mixin.py:190} INFO - [2025-03-08T19:53:15.457+0000] {dag.py:3239} INFO - Sync 1 DAGs
[2025-03-08T19:53:15.487+0000] {logging_mixin.py:190} INFO - [2025-03-08T19:53:15.487+0000] {dag.py:4180} INFO - Setting next_dagrun for tutorial_taskflow_api to None, run_after=None
[2025-03-08T19:53:15.519+0000] {processor.py:208} INFO - Processing /home/airflow/.local/lib/python3.12/site-packages/airflow/example_dags/tutorial_taskflow_api.py took 0.117 seconds
[2025-03-08T19:53:46.834+0000] {processor.py:186} INFO - Started process (PID=26913) to work on /home/airflow/.local/lib/python3.12/site-packages/airflow/example_dags/tutorial_taskflow_api.py
[2025-03-08T19:53:46.836+0000] {processor.py:914} INFO - Processing file /home/airflow/.local/lib/python3.12/site-packages/airflow/example_dags/tutorial_taskflow_api.py for tasks to queue
[2025-03-08T19:53:46.838+0000] {logging_mixin.py:190} INFO - [2025-03-08T19:53:46.838+0000] {dagbag.py:588} INFO - Filling up the DagBag from /home/airflow/.local/lib/python3.12/site-packages/airflow/example_dags/tutorial_taskflow_api.py
[2025-03-08T19:53:46.850+0000] {processor.py:925} INFO - DAG(s) 'tutorial_taskflow_api' retrieved from /home/airflow/.local/lib/python3.12/site-packages/airflow/example_dags/tutorial_taskflow_api.py
[2025-03-08T19:53:46.879+0000] {logging_mixin.py:190} INFO - [2025-03-08T19:53:46.878+0000] {dag.py:3239} INFO - Sync 1 DAGs
[2025-03-08T19:53:46.902+0000] {logging_mixin.py:190} INFO - [2025-03-08T19:53:46.902+0000] {dag.py:4180} INFO - Setting next_dagrun for tutorial_taskflow_api to None, run_after=None
[2025-03-08T19:53:46.930+0000] {processor.py:208} INFO - Processing /home/airflow/.local/lib/python3.12/site-packages/airflow/example_dags/tutorial_taskflow_api.py took 0.104 seconds
[2025-03-08T19:54:17.995+0000] {processor.py:186} INFO - Started process (PID=26976) to work on /home/airflow/.local/lib/python3.12/site-packages/airflow/example_dags/tutorial_taskflow_api.py
[2025-03-08T19:54:17.996+0000] {processor.py:914} INFO - Processing file /home/airflow/.local/lib/python3.12/site-packages/airflow/example_dags/tutorial_taskflow_api.py for tasks to queue
[2025-03-08T19:54:18.000+0000] {logging_mixin.py:190} INFO - [2025-03-08T19:54:17.999+0000] {dagbag.py:588} INFO - Filling up the DagBag from /home/airflow/.local/lib/python3.12/site-packages/airflow/example_dags/tutorial_taskflow_api.py
[2025-03-08T19:54:18.013+0000] {processor.py:925} INFO - DAG(s) 'tutorial_taskflow_api' retrieved from /home/airflow/.local/lib/python3.12/site-packages/airflow/example_dags/tutorial_taskflow_api.py
[2025-03-08T19:54:18.042+0000] {logging_mixin.py:190} INFO - [2025-03-08T19:54:18.042+0000] {dag.py:3239} INFO - Sync 1 DAGs
[2025-03-08T19:54:18.066+0000] {logging_mixin.py:190} INFO - [2025-03-08T19:54:18.065+0000] {dag.py:4180} INFO - Setting next_dagrun for tutorial_taskflow_api to None, run_after=None
[2025-03-08T19:54:18.095+0000] {processor.py:208} INFO - Processing /home/airflow/.local/lib/python3.12/site-packages/airflow/example_dags/tutorial_taskflow_api.py took 0.108 seconds
[2025-03-08T19:54:49.826+0000] {processor.py:186} INFO - Started process (PID=27039) to work on /home/airflow/.local/lib/python3.12/site-packages/airflow/example_dags/tutorial_taskflow_api.py
[2025-03-08T19:54:49.827+0000] {processor.py:914} INFO - Processing file /home/airflow/.local/lib/python3.12/site-packages/airflow/example_dags/tutorial_taskflow_api.py for tasks to queue
[2025-03-08T19:54:49.830+0000] {logging_mixin.py:190} INFO - [2025-03-08T19:54:49.829+0000] {dagbag.py:588} INFO - Filling up the DagBag from /home/airflow/.local/lib/python3.12/site-packages/airflow/example_dags/tutorial_taskflow_api.py
[2025-03-08T19:54:49.842+0000] {processor.py:925} INFO - DAG(s) 'tutorial_taskflow_api' retrieved from /home/airflow/.local/lib/python3.12/site-packages/airflow/example_dags/tutorial_taskflow_api.py
[2025-03-08T19:54:49.870+0000] {logging_mixin.py:190} INFO - [2025-03-08T19:54:49.870+0000] {dag.py:3239} INFO - Sync 1 DAGs
[2025-03-08T19:54:49.894+0000] {logging_mixin.py:190} INFO - [2025-03-08T19:54:49.894+0000] {dag.py:4180} INFO - Setting next_dagrun for tutorial_taskflow_api to None, run_after=None
[2025-03-08T19:54:49.922+0000] {processor.py:208} INFO - Processing /home/airflow/.local/lib/python3.12/site-packages/airflow/example_dags/tutorial_taskflow_api.py took 0.105 seconds
[2025-03-08T19:55:21.420+0000] {processor.py:186} INFO - Started process (PID=27102) to work on /home/airflow/.local/lib/python3.12/site-packages/airflow/example_dags/tutorial_taskflow_api.py
[2025-03-08T19:55:21.421+0000] {processor.py:914} INFO - Processing file /home/airflow/.local/lib/python3.12/site-packages/airflow/example_dags/tutorial_taskflow_api.py for tasks to queue
[2025-03-08T19:55:21.424+0000] {logging_mixin.py:190} INFO - [2025-03-08T19:55:21.423+0000] {dagbag.py:588} INFO - Filling up the DagBag from /home/airflow/.local/lib/python3.12/site-packages/airflow/example_dags/tutorial_taskflow_api.py
[2025-03-08T19:55:21.436+0000] {processor.py:925} INFO - DAG(s) 'tutorial_taskflow_api' retrieved from /home/airflow/.local/lib/python3.12/site-packages/airflow/example_dags/tutorial_taskflow_api.py
[2025-03-08T19:55:21.465+0000] {logging_mixin.py:190} INFO - [2025-03-08T19:55:21.465+0000] {dag.py:3239} INFO - Sync 1 DAGs
[2025-03-08T19:55:21.488+0000] {logging_mixin.py:190} INFO - [2025-03-08T19:55:21.488+0000] {dag.py:4180} INFO - Setting next_dagrun for tutorial_taskflow_api to None, run_after=None
[2025-03-08T19:55:21.517+0000] {processor.py:208} INFO - Processing /home/airflow/.local/lib/python3.12/site-packages/airflow/example_dags/tutorial_taskflow_api.py took 0.106 seconds
[2025-03-08T19:55:52.985+0000] {processor.py:186} INFO - Started process (PID=27165) to work on /home/airflow/.local/lib/python3.12/site-packages/airflow/example_dags/tutorial_taskflow_api.py
[2025-03-08T19:55:52.986+0000] {processor.py:914} INFO - Processing file /home/airflow/.local/lib/python3.12/site-packages/airflow/example_dags/tutorial_taskflow_api.py for tasks to queue
[2025-03-08T19:55:52.989+0000] {logging_mixin.py:190} INFO - [2025-03-08T19:55:52.988+0000] {dagbag.py:588} INFO - Filling up the DagBag from /home/airflow/.local/lib/python3.12/site-packages/airflow/example_dags/tutorial_taskflow_api.py
[2025-03-08T19:55:53.001+0000] {processor.py:925} INFO - DAG(s) 'tutorial_taskflow_api' retrieved from /home/airflow/.local/lib/python3.12/site-packages/airflow/example_dags/tutorial_taskflow_api.py
[2025-03-08T19:55:53.029+0000] {logging_mixin.py:190} INFO - [2025-03-08T19:55:53.029+0000] {dag.py:3239} INFO - Sync 1 DAGs
[2025-03-08T19:55:53.052+0000] {logging_mixin.py:190} INFO - [2025-03-08T19:55:53.052+0000] {dag.py:4180} INFO - Setting next_dagrun for tutorial_taskflow_api to None, run_after=None
[2025-03-08T19:55:53.079+0000] {processor.py:208} INFO - Processing /home/airflow/.local/lib/python3.12/site-packages/airflow/example_dags/tutorial_taskflow_api.py took 0.102 seconds
[2025-03-08T20:31:15.341+0000] {processor.py:186} INFO - Started process (PID=27241) to work on /home/airflow/.local/lib/python3.12/site-packages/airflow/example_dags/tutorial_taskflow_api.py
[2025-03-08T20:31:15.351+0000] {processor.py:914} INFO - Processing file /home/airflow/.local/lib/python3.12/site-packages/airflow/example_dags/tutorial_taskflow_api.py for tasks to queue
[2025-03-08T20:31:15.355+0000] {logging_mixin.py:190} INFO - [2025-03-08T20:31:15.354+0000] {dagbag.py:588} INFO - Filling up the DagBag from /home/airflow/.local/lib/python3.12/site-packages/airflow/example_dags/tutorial_taskflow_api.py
[2025-03-08T20:31:15.388+0000] {processor.py:925} INFO - DAG(s) 'tutorial_taskflow_api' retrieved from /home/airflow/.local/lib/python3.12/site-packages/airflow/example_dags/tutorial_taskflow_api.py
[2025-03-08T20:31:15.470+0000] {logging_mixin.py:190} INFO - [2025-03-08T20:31:15.469+0000] {dag.py:3239} INFO - Sync 1 DAGs
[2025-03-08T20:31:15.533+0000] {logging_mixin.py:190} INFO - [2025-03-08T20:31:15.533+0000] {dag.py:4180} INFO - Setting next_dagrun for tutorial_taskflow_api to None, run_after=None
[2025-03-08T20:31:15.575+0000] {processor.py:208} INFO - Processing /home/airflow/.local/lib/python3.12/site-packages/airflow/example_dags/tutorial_taskflow_api.py took 0.251 seconds
[2025-03-08T20:31:46.664+0000] {processor.py:186} INFO - Started process (PID=27304) to work on /home/airflow/.local/lib/python3.12/site-packages/airflow/example_dags/tutorial_taskflow_api.py
[2025-03-08T20:31:46.665+0000] {processor.py:914} INFO - Processing file /home/airflow/.local/lib/python3.12/site-packages/airflow/example_dags/tutorial_taskflow_api.py for tasks to queue
[2025-03-08T20:31:46.668+0000] {logging_mixin.py:190} INFO - [2025-03-08T20:31:46.668+0000] {dagbag.py:588} INFO - Filling up the DagBag from /home/airflow/.local/lib/python3.12/site-packages/airflow/example_dags/tutorial_taskflow_api.py
[2025-03-08T20:31:46.682+0000] {processor.py:925} INFO - DAG(s) 'tutorial_taskflow_api' retrieved from /home/airflow/.local/lib/python3.12/site-packages/airflow/example_dags/tutorial_taskflow_api.py
[2025-03-08T20:31:46.720+0000] {logging_mixin.py:190} INFO - [2025-03-08T20:31:46.720+0000] {dag.py:3239} INFO - Sync 1 DAGs
[2025-03-08T20:31:46.755+0000] {logging_mixin.py:190} INFO - [2025-03-08T20:31:46.754+0000] {dag.py:4180} INFO - Setting next_dagrun for tutorial_taskflow_api to None, run_after=None
[2025-03-08T20:31:46.793+0000] {processor.py:208} INFO - Processing /home/airflow/.local/lib/python3.12/site-packages/airflow/example_dags/tutorial_taskflow_api.py took 0.142 seconds
[2025-03-08T20:32:18.523+0000] {processor.py:186} INFO - Started process (PID=27368) to work on /home/airflow/.local/lib/python3.12/site-packages/airflow/example_dags/tutorial_taskflow_api.py
[2025-03-08T20:32:18.525+0000] {processor.py:914} INFO - Processing file /home/airflow/.local/lib/python3.12/site-packages/airflow/example_dags/tutorial_taskflow_api.py for tasks to queue
[2025-03-08T20:32:18.529+0000] {logging_mixin.py:190} INFO - [2025-03-08T20:32:18.528+0000] {dagbag.py:588} INFO - Filling up the DagBag from /home/airflow/.local/lib/python3.12/site-packages/airflow/example_dags/tutorial_taskflow_api.py
[2025-03-08T20:32:18.546+0000] {processor.py:925} INFO - DAG(s) 'tutorial_taskflow_api' retrieved from /home/airflow/.local/lib/python3.12/site-packages/airflow/example_dags/tutorial_taskflow_api.py
[2025-03-08T20:32:18.583+0000] {logging_mixin.py:190} INFO - [2025-03-08T20:32:18.583+0000] {dag.py:3239} INFO - Sync 1 DAGs
[2025-03-08T20:32:18.618+0000] {logging_mixin.py:190} INFO - [2025-03-08T20:32:18.618+0000] {dag.py:4180} INFO - Setting next_dagrun for tutorial_taskflow_api to None, run_after=None
[2025-03-08T20:32:18.656+0000] {processor.py:208} INFO - Processing /home/airflow/.local/lib/python3.12/site-packages/airflow/example_dags/tutorial_taskflow_api.py took 0.146 seconds
[2025-03-08T20:32:50.005+0000] {processor.py:186} INFO - Started process (PID=27432) to work on /home/airflow/.local/lib/python3.12/site-packages/airflow/example_dags/tutorial_taskflow_api.py
[2025-03-08T20:32:50.006+0000] {processor.py:914} INFO - Processing file /home/airflow/.local/lib/python3.12/site-packages/airflow/example_dags/tutorial_taskflow_api.py for tasks to queue
[2025-03-08T20:32:50.011+0000] {logging_mixin.py:190} INFO - [2025-03-08T20:32:50.010+0000] {dagbag.py:588} INFO - Filling up the DagBag from /home/airflow/.local/lib/python3.12/site-packages/airflow/example_dags/tutorial_taskflow_api.py
[2025-03-08T20:32:50.029+0000] {processor.py:925} INFO - DAG(s) 'tutorial_taskflow_api' retrieved from /home/airflow/.local/lib/python3.12/site-packages/airflow/example_dags/tutorial_taskflow_api.py
[2025-03-08T20:32:50.066+0000] {logging_mixin.py:190} INFO - [2025-03-08T20:32:50.065+0000] {dag.py:3239} INFO - Sync 1 DAGs
[2025-03-08T20:32:50.106+0000] {logging_mixin.py:190} INFO - [2025-03-08T20:32:50.106+0000] {dag.py:4180} INFO - Setting next_dagrun for tutorial_taskflow_api to None, run_after=None
[2025-03-08T20:32:50.156+0000] {processor.py:208} INFO - Processing /home/airflow/.local/lib/python3.12/site-packages/airflow/example_dags/tutorial_taskflow_api.py took 0.168 seconds
[2025-03-08T20:33:21.338+0000] {processor.py:186} INFO - Started process (PID=27495) to work on /home/airflow/.local/lib/python3.12/site-packages/airflow/example_dags/tutorial_taskflow_api.py
[2025-03-08T20:33:21.339+0000] {processor.py:914} INFO - Processing file /home/airflow/.local/lib/python3.12/site-packages/airflow/example_dags/tutorial_taskflow_api.py for tasks to queue
[2025-03-08T20:33:21.342+0000] {logging_mixin.py:190} INFO - [2025-03-08T20:33:21.341+0000] {dagbag.py:588} INFO - Filling up the DagBag from /home/airflow/.local/lib/python3.12/site-packages/airflow/example_dags/tutorial_taskflow_api.py
[2025-03-08T20:33:21.355+0000] {processor.py:925} INFO - DAG(s) 'tutorial_taskflow_api' retrieved from /home/airflow/.local/lib/python3.12/site-packages/airflow/example_dags/tutorial_taskflow_api.py
[2025-03-08T20:33:21.384+0000] {logging_mixin.py:190} INFO - [2025-03-08T20:33:21.383+0000] {dag.py:3239} INFO - Sync 1 DAGs
[2025-03-08T20:33:21.418+0000] {logging_mixin.py:190} INFO - [2025-03-08T20:33:21.417+0000] {dag.py:4180} INFO - Setting next_dagrun for tutorial_taskflow_api to None, run_after=None
[2025-03-08T20:33:21.451+0000] {processor.py:208} INFO - Processing /home/airflow/.local/lib/python3.12/site-packages/airflow/example_dags/tutorial_taskflow_api.py took 0.123 seconds
[2025-03-08T20:33:53.110+0000] {processor.py:186} INFO - Started process (PID=27558) to work on /home/airflow/.local/lib/python3.12/site-packages/airflow/example_dags/tutorial_taskflow_api.py
[2025-03-08T20:33:53.111+0000] {processor.py:914} INFO - Processing file /home/airflow/.local/lib/python3.12/site-packages/airflow/example_dags/tutorial_taskflow_api.py for tasks to queue
[2025-03-08T20:33:53.115+0000] {logging_mixin.py:190} INFO - [2025-03-08T20:33:53.115+0000] {dagbag.py:588} INFO - Filling up the DagBag from /home/airflow/.local/lib/python3.12/site-packages/airflow/example_dags/tutorial_taskflow_api.py
[2025-03-08T20:33:53.132+0000] {processor.py:925} INFO - DAG(s) 'tutorial_taskflow_api' retrieved from /home/airflow/.local/lib/python3.12/site-packages/airflow/example_dags/tutorial_taskflow_api.py
[2025-03-08T20:33:53.169+0000] {logging_mixin.py:190} INFO - [2025-03-08T20:33:53.169+0000] {dag.py:3239} INFO - Sync 1 DAGs
[2025-03-08T20:33:53.205+0000] {logging_mixin.py:190} INFO - [2025-03-08T20:33:53.204+0000] {dag.py:4180} INFO - Setting next_dagrun for tutorial_taskflow_api to None, run_after=None
[2025-03-08T20:33:53.241+0000] {processor.py:208} INFO - Processing /home/airflow/.local/lib/python3.12/site-packages/airflow/example_dags/tutorial_taskflow_api.py took 0.143 seconds
[2025-03-08T20:34:24.700+0000] {processor.py:186} INFO - Started process (PID=27621) to work on /home/airflow/.local/lib/python3.12/site-packages/airflow/example_dags/tutorial_taskflow_api.py
[2025-03-08T20:34:24.701+0000] {processor.py:914} INFO - Processing file /home/airflow/.local/lib/python3.12/site-packages/airflow/example_dags/tutorial_taskflow_api.py for tasks to queue
[2025-03-08T20:34:24.704+0000] {logging_mixin.py:190} INFO - [2025-03-08T20:34:24.704+0000] {dagbag.py:588} INFO - Filling up the DagBag from /home/airflow/.local/lib/python3.12/site-packages/airflow/example_dags/tutorial_taskflow_api.py
[2025-03-08T20:34:24.716+0000] {processor.py:925} INFO - DAG(s) 'tutorial_taskflow_api' retrieved from /home/airflow/.local/lib/python3.12/site-packages/airflow/example_dags/tutorial_taskflow_api.py
[2025-03-08T20:34:24.744+0000] {logging_mixin.py:190} INFO - [2025-03-08T20:34:24.744+0000] {dag.py:3239} INFO - Sync 1 DAGs
[2025-03-08T20:34:24.767+0000] {logging_mixin.py:190} INFO - [2025-03-08T20:34:24.767+0000] {dag.py:4180} INFO - Setting next_dagrun for tutorial_taskflow_api to None, run_after=None
[2025-03-08T20:34:24.796+0000] {processor.py:208} INFO - Processing /home/airflow/.local/lib/python3.12/site-packages/airflow/example_dags/tutorial_taskflow_api.py took 0.104 seconds
[2025-03-08T20:34:56.554+0000] {processor.py:186} INFO - Started process (PID=27684) to work on /home/airflow/.local/lib/python3.12/site-packages/airflow/example_dags/tutorial_taskflow_api.py
[2025-03-08T20:34:56.555+0000] {processor.py:914} INFO - Processing file /home/airflow/.local/lib/python3.12/site-packages/airflow/example_dags/tutorial_taskflow_api.py for tasks to queue
[2025-03-08T20:34:56.558+0000] {logging_mixin.py:190} INFO - [2025-03-08T20:34:56.557+0000] {dagbag.py:588} INFO - Filling up the DagBag from /home/airflow/.local/lib/python3.12/site-packages/airflow/example_dags/tutorial_taskflow_api.py
[2025-03-08T20:34:56.570+0000] {processor.py:925} INFO - DAG(s) 'tutorial_taskflow_api' retrieved from /home/airflow/.local/lib/python3.12/site-packages/airflow/example_dags/tutorial_taskflow_api.py
[2025-03-08T20:34:56.599+0000] {logging_mixin.py:190} INFO - [2025-03-08T20:34:56.598+0000] {dag.py:3239} INFO - Sync 1 DAGs
[2025-03-08T20:34:56.622+0000] {logging_mixin.py:190} INFO - [2025-03-08T20:34:56.622+0000] {dag.py:4180} INFO - Setting next_dagrun for tutorial_taskflow_api to None, run_after=None
[2025-03-08T20:34:56.655+0000] {processor.py:208} INFO - Processing /home/airflow/.local/lib/python3.12/site-packages/airflow/example_dags/tutorial_taskflow_api.py took 0.110 seconds
[2025-03-08T20:35:28.137+0000] {processor.py:186} INFO - Started process (PID=27747) to work on /home/airflow/.local/lib/python3.12/site-packages/airflow/example_dags/tutorial_taskflow_api.py
[2025-03-08T20:35:28.138+0000] {processor.py:914} INFO - Processing file /home/airflow/.local/lib/python3.12/site-packages/airflow/example_dags/tutorial_taskflow_api.py for tasks to queue
[2025-03-08T20:35:28.141+0000] {logging_mixin.py:190} INFO - [2025-03-08T20:35:28.141+0000] {dagbag.py:588} INFO - Filling up the DagBag from /home/airflow/.local/lib/python3.12/site-packages/airflow/example_dags/tutorial_taskflow_api.py
[2025-03-08T20:35:28.153+0000] {processor.py:925} INFO - DAG(s) 'tutorial_taskflow_api' retrieved from /home/airflow/.local/lib/python3.12/site-packages/airflow/example_dags/tutorial_taskflow_api.py
[2025-03-08T20:35:28.183+0000] {logging_mixin.py:190} INFO - [2025-03-08T20:35:28.183+0000] {dag.py:3239} INFO - Sync 1 DAGs
[2025-03-08T20:35:28.212+0000] {logging_mixin.py:190} INFO - [2025-03-08T20:35:28.212+0000] {dag.py:4180} INFO - Setting next_dagrun for tutorial_taskflow_api to None, run_after=None
[2025-03-08T20:35:28.242+0000] {processor.py:208} INFO - Processing /home/airflow/.local/lib/python3.12/site-packages/airflow/example_dags/tutorial_taskflow_api.py took 0.113 seconds
[2025-03-08T20:35:59.921+0000] {processor.py:186} INFO - Started process (PID=27810) to work on /home/airflow/.local/lib/python3.12/site-packages/airflow/example_dags/tutorial_taskflow_api.py
[2025-03-08T20:35:59.922+0000] {processor.py:914} INFO - Processing file /home/airflow/.local/lib/python3.12/site-packages/airflow/example_dags/tutorial_taskflow_api.py for tasks to queue
[2025-03-08T20:35:59.925+0000] {logging_mixin.py:190} INFO - [2025-03-08T20:35:59.925+0000] {dagbag.py:588} INFO - Filling up the DagBag from /home/airflow/.local/lib/python3.12/site-packages/airflow/example_dags/tutorial_taskflow_api.py
[2025-03-08T20:35:59.937+0000] {processor.py:925} INFO - DAG(s) 'tutorial_taskflow_api' retrieved from /home/airflow/.local/lib/python3.12/site-packages/airflow/example_dags/tutorial_taskflow_api.py
[2025-03-08T20:35:59.965+0000] {logging_mixin.py:190} INFO - [2025-03-08T20:35:59.965+0000] {dag.py:3239} INFO - Sync 1 DAGs
[2025-03-08T20:35:59.988+0000] {logging_mixin.py:190} INFO - [2025-03-08T20:35:59.988+0000] {dag.py:4180} INFO - Setting next_dagrun for tutorial_taskflow_api to None, run_after=None
[2025-03-08T20:36:00.023+0000] {processor.py:208} INFO - Processing /home/airflow/.local/lib/python3.12/site-packages/airflow/example_dags/tutorial_taskflow_api.py took 0.110 seconds
[2025-03-08T20:36:31.233+0000] {processor.py:186} INFO - Started process (PID=27873) to work on /home/airflow/.local/lib/python3.12/site-packages/airflow/example_dags/tutorial_taskflow_api.py
[2025-03-08T20:36:31.234+0000] {processor.py:914} INFO - Processing file /home/airflow/.local/lib/python3.12/site-packages/airflow/example_dags/tutorial_taskflow_api.py for tasks to queue
[2025-03-08T20:36:31.237+0000] {logging_mixin.py:190} INFO - [2025-03-08T20:36:31.236+0000] {dagbag.py:588} INFO - Filling up the DagBag from /home/airflow/.local/lib/python3.12/site-packages/airflow/example_dags/tutorial_taskflow_api.py
[2025-03-08T20:36:31.251+0000] {processor.py:925} INFO - DAG(s) 'tutorial_taskflow_api' retrieved from /home/airflow/.local/lib/python3.12/site-packages/airflow/example_dags/tutorial_taskflow_api.py
[2025-03-08T20:36:31.280+0000] {logging_mixin.py:190} INFO - [2025-03-08T20:36:31.280+0000] {dag.py:3239} INFO - Sync 1 DAGs
[2025-03-08T20:36:31.304+0000] {logging_mixin.py:190} INFO - [2025-03-08T20:36:31.304+0000] {dag.py:4180} INFO - Setting next_dagrun for tutorial_taskflow_api to None, run_after=None
[2025-03-08T20:36:31.335+0000] {processor.py:208} INFO - Processing /home/airflow/.local/lib/python3.12/site-packages/airflow/example_dags/tutorial_taskflow_api.py took 0.111 seconds
[2025-03-08T20:37:02.783+0000] {processor.py:186} INFO - Started process (PID=27936) to work on /home/airflow/.local/lib/python3.12/site-packages/airflow/example_dags/tutorial_taskflow_api.py
[2025-03-08T20:37:02.784+0000] {processor.py:914} INFO - Processing file /home/airflow/.local/lib/python3.12/site-packages/airflow/example_dags/tutorial_taskflow_api.py for tasks to queue
[2025-03-08T20:37:02.787+0000] {logging_mixin.py:190} INFO - [2025-03-08T20:37:02.787+0000] {dagbag.py:588} INFO - Filling up the DagBag from /home/airflow/.local/lib/python3.12/site-packages/airflow/example_dags/tutorial_taskflow_api.py
[2025-03-08T20:37:02.800+0000] {processor.py:925} INFO - DAG(s) 'tutorial_taskflow_api' retrieved from /home/airflow/.local/lib/python3.12/site-packages/airflow/example_dags/tutorial_taskflow_api.py
[2025-03-08T20:37:02.829+0000] {logging_mixin.py:190} INFO - [2025-03-08T20:37:02.828+0000] {dag.py:3239} INFO - Sync 1 DAGs
[2025-03-08T20:37:02.854+0000] {logging_mixin.py:190} INFO - [2025-03-08T20:37:02.854+0000] {dag.py:4180} INFO - Setting next_dagrun for tutorial_taskflow_api to None, run_after=None
[2025-03-08T20:37:02.892+0000] {processor.py:208} INFO - Processing /home/airflow/.local/lib/python3.12/site-packages/airflow/example_dags/tutorial_taskflow_api.py took 0.117 seconds
[2025-03-08T20:37:34.471+0000] {processor.py:186} INFO - Started process (PID=27999) to work on /home/airflow/.local/lib/python3.12/site-packages/airflow/example_dags/tutorial_taskflow_api.py
[2025-03-08T20:37:34.473+0000] {processor.py:914} INFO - Processing file /home/airflow/.local/lib/python3.12/site-packages/airflow/example_dags/tutorial_taskflow_api.py for tasks to queue
[2025-03-08T20:37:34.476+0000] {logging_mixin.py:190} INFO - [2025-03-08T20:37:34.475+0000] {dagbag.py:588} INFO - Filling up the DagBag from /home/airflow/.local/lib/python3.12/site-packages/airflow/example_dags/tutorial_taskflow_api.py
[2025-03-08T20:37:34.489+0000] {processor.py:925} INFO - DAG(s) 'tutorial_taskflow_api' retrieved from /home/airflow/.local/lib/python3.12/site-packages/airflow/example_dags/tutorial_taskflow_api.py
[2025-03-08T20:37:34.517+0000] {logging_mixin.py:190} INFO - [2025-03-08T20:37:34.516+0000] {dag.py:3239} INFO - Sync 1 DAGs
[2025-03-08T20:37:34.541+0000] {logging_mixin.py:190} INFO - [2025-03-08T20:37:34.541+0000] {dag.py:4180} INFO - Setting next_dagrun for tutorial_taskflow_api to None, run_after=None
[2025-03-08T20:37:34.571+0000] {processor.py:208} INFO - Processing /home/airflow/.local/lib/python3.12/site-packages/airflow/example_dags/tutorial_taskflow_api.py took 0.108 seconds
[2025-03-08T20:38:05.976+0000] {processor.py:186} INFO - Started process (PID=28062) to work on /home/airflow/.local/lib/python3.12/site-packages/airflow/example_dags/tutorial_taskflow_api.py
[2025-03-08T20:38:05.977+0000] {processor.py:914} INFO - Processing file /home/airflow/.local/lib/python3.12/site-packages/airflow/example_dags/tutorial_taskflow_api.py for tasks to queue
[2025-03-08T20:38:05.980+0000] {logging_mixin.py:190} INFO - [2025-03-08T20:38:05.979+0000] {dagbag.py:588} INFO - Filling up the DagBag from /home/airflow/.local/lib/python3.12/site-packages/airflow/example_dags/tutorial_taskflow_api.py
[2025-03-08T20:38:05.992+0000] {processor.py:925} INFO - DAG(s) 'tutorial_taskflow_api' retrieved from /home/airflow/.local/lib/python3.12/site-packages/airflow/example_dags/tutorial_taskflow_api.py
[2025-03-08T20:38:06.024+0000] {logging_mixin.py:190} INFO - [2025-03-08T20:38:06.024+0000] {dag.py:3239} INFO - Sync 1 DAGs
[2025-03-08T20:38:06.049+0000] {logging_mixin.py:190} INFO - [2025-03-08T20:38:06.049+0000] {dag.py:4180} INFO - Setting next_dagrun for tutorial_taskflow_api to None, run_after=None
[2025-03-08T20:38:06.078+0000] {processor.py:208} INFO - Processing /home/airflow/.local/lib/python3.12/site-packages/airflow/example_dags/tutorial_taskflow_api.py took 0.111 seconds
[2025-03-08T20:38:37.632+0000] {processor.py:186} INFO - Started process (PID=28125) to work on /home/airflow/.local/lib/python3.12/site-packages/airflow/example_dags/tutorial_taskflow_api.py
[2025-03-08T20:38:37.633+0000] {processor.py:914} INFO - Processing file /home/airflow/.local/lib/python3.12/site-packages/airflow/example_dags/tutorial_taskflow_api.py for tasks to queue
[2025-03-08T20:38:37.636+0000] {logging_mixin.py:190} INFO - [2025-03-08T20:38:37.635+0000] {dagbag.py:588} INFO - Filling up the DagBag from /home/airflow/.local/lib/python3.12/site-packages/airflow/example_dags/tutorial_taskflow_api.py
[2025-03-08T20:38:37.648+0000] {processor.py:925} INFO - DAG(s) 'tutorial_taskflow_api' retrieved from /home/airflow/.local/lib/python3.12/site-packages/airflow/example_dags/tutorial_taskflow_api.py
[2025-03-08T20:38:37.676+0000] {logging_mixin.py:190} INFO - [2025-03-08T20:38:37.676+0000] {dag.py:3239} INFO - Sync 1 DAGs
[2025-03-08T20:38:37.700+0000] {logging_mixin.py:190} INFO - [2025-03-08T20:38:37.700+0000] {dag.py:4180} INFO - Setting next_dagrun for tutorial_taskflow_api to None, run_after=None
[2025-03-08T20:38:37.730+0000] {processor.py:208} INFO - Processing /home/airflow/.local/lib/python3.12/site-packages/airflow/example_dags/tutorial_taskflow_api.py took 0.107 seconds
[2025-03-08T20:39:09.382+0000] {processor.py:186} INFO - Started process (PID=28188) to work on /home/airflow/.local/lib/python3.12/site-packages/airflow/example_dags/tutorial_taskflow_api.py
[2025-03-08T20:39:09.383+0000] {processor.py:914} INFO - Processing file /home/airflow/.local/lib/python3.12/site-packages/airflow/example_dags/tutorial_taskflow_api.py for tasks to queue
[2025-03-08T20:39:09.386+0000] {logging_mixin.py:190} INFO - [2025-03-08T20:39:09.386+0000] {dagbag.py:588} INFO - Filling up the DagBag from /home/airflow/.local/lib/python3.12/site-packages/airflow/example_dags/tutorial_taskflow_api.py
[2025-03-08T20:39:09.398+0000] {processor.py:925} INFO - DAG(s) 'tutorial_taskflow_api' retrieved from /home/airflow/.local/lib/python3.12/site-packages/airflow/example_dags/tutorial_taskflow_api.py
[2025-03-08T20:39:09.428+0000] {logging_mixin.py:190} INFO - [2025-03-08T20:39:09.428+0000] {dag.py:3239} INFO - Sync 1 DAGs
[2025-03-08T20:39:09.454+0000] {logging_mixin.py:190} INFO - [2025-03-08T20:39:09.453+0000] {dag.py:4180} INFO - Setting next_dagrun for tutorial_taskflow_api to None, run_after=None
[2025-03-08T20:39:09.484+0000] {processor.py:208} INFO - Processing /home/airflow/.local/lib/python3.12/site-packages/airflow/example_dags/tutorial_taskflow_api.py took 0.110 seconds
[2025-03-08T20:39:41.292+0000] {processor.py:186} INFO - Started process (PID=28257) to work on /home/airflow/.local/lib/python3.12/site-packages/airflow/example_dags/tutorial_taskflow_api.py
[2025-03-08T20:39:41.294+0000] {processor.py:914} INFO - Processing file /home/airflow/.local/lib/python3.12/site-packages/airflow/example_dags/tutorial_taskflow_api.py for tasks to queue
[2025-03-08T20:39:41.296+0000] {logging_mixin.py:190} INFO - [2025-03-08T20:39:41.296+0000] {dagbag.py:588} INFO - Filling up the DagBag from /home/airflow/.local/lib/python3.12/site-packages/airflow/example_dags/tutorial_taskflow_api.py
[2025-03-08T20:39:41.309+0000] {processor.py:925} INFO - DAG(s) 'tutorial_taskflow_api' retrieved from /home/airflow/.local/lib/python3.12/site-packages/airflow/example_dags/tutorial_taskflow_api.py
[2025-03-08T20:39:41.337+0000] {logging_mixin.py:190} INFO - [2025-03-08T20:39:41.337+0000] {dag.py:3239} INFO - Sync 1 DAGs
[2025-03-08T20:39:41.361+0000] {logging_mixin.py:190} INFO - [2025-03-08T20:39:41.360+0000] {dag.py:4180} INFO - Setting next_dagrun for tutorial_taskflow_api to None, run_after=None
[2025-03-08T20:39:41.390+0000] {processor.py:208} INFO - Processing /home/airflow/.local/lib/python3.12/site-packages/airflow/example_dags/tutorial_taskflow_api.py took 0.106 seconds
[2025-03-08T20:40:13.130+0000] {processor.py:186} INFO - Started process (PID=28319) to work on /home/airflow/.local/lib/python3.12/site-packages/airflow/example_dags/tutorial_taskflow_api.py
[2025-03-08T20:40:13.131+0000] {processor.py:914} INFO - Processing file /home/airflow/.local/lib/python3.12/site-packages/airflow/example_dags/tutorial_taskflow_api.py for tasks to queue
[2025-03-08T20:40:13.134+0000] {logging_mixin.py:190} INFO - [2025-03-08T20:40:13.133+0000] {dagbag.py:588} INFO - Filling up the DagBag from /home/airflow/.local/lib/python3.12/site-packages/airflow/example_dags/tutorial_taskflow_api.py
[2025-03-08T20:40:13.146+0000] {processor.py:925} INFO - DAG(s) 'tutorial_taskflow_api' retrieved from /home/airflow/.local/lib/python3.12/site-packages/airflow/example_dags/tutorial_taskflow_api.py
[2025-03-08T20:40:13.177+0000] {logging_mixin.py:190} INFO - [2025-03-08T20:40:13.176+0000] {dag.py:3239} INFO - Sync 1 DAGs
[2025-03-08T20:40:13.205+0000] {logging_mixin.py:190} INFO - [2025-03-08T20:40:13.204+0000] {dag.py:4180} INFO - Setting next_dagrun for tutorial_taskflow_api to None, run_after=None
[2025-03-08T20:40:13.233+0000] {processor.py:208} INFO - Processing /home/airflow/.local/lib/python3.12/site-packages/airflow/example_dags/tutorial_taskflow_api.py took 0.112 seconds
[2025-03-08T20:40:44.742+0000] {processor.py:186} INFO - Started process (PID=28381) to work on /home/airflow/.local/lib/python3.12/site-packages/airflow/example_dags/tutorial_taskflow_api.py
[2025-03-08T20:40:44.743+0000] {processor.py:914} INFO - Processing file /home/airflow/.local/lib/python3.12/site-packages/airflow/example_dags/tutorial_taskflow_api.py for tasks to queue
[2025-03-08T20:40:44.746+0000] {logging_mixin.py:190} INFO - [2025-03-08T20:40:44.745+0000] {dagbag.py:588} INFO - Filling up the DagBag from /home/airflow/.local/lib/python3.12/site-packages/airflow/example_dags/tutorial_taskflow_api.py
[2025-03-08T20:40:44.758+0000] {processor.py:925} INFO - DAG(s) 'tutorial_taskflow_api' retrieved from /home/airflow/.local/lib/python3.12/site-packages/airflow/example_dags/tutorial_taskflow_api.py
[2025-03-08T20:40:44.786+0000] {logging_mixin.py:190} INFO - [2025-03-08T20:40:44.786+0000] {dag.py:3239} INFO - Sync 1 DAGs
[2025-03-08T20:40:44.810+0000] {logging_mixin.py:190} INFO - [2025-03-08T20:40:44.809+0000] {dag.py:4180} INFO - Setting next_dagrun for tutorial_taskflow_api to None, run_after=None
[2025-03-08T20:40:44.836+0000] {processor.py:208} INFO - Processing /home/airflow/.local/lib/python3.12/site-packages/airflow/example_dags/tutorial_taskflow_api.py took 0.103 seconds
[2025-03-08T20:41:16.217+0000] {processor.py:186} INFO - Started process (PID=28444) to work on /home/airflow/.local/lib/python3.12/site-packages/airflow/example_dags/tutorial_taskflow_api.py
[2025-03-08T20:41:16.218+0000] {processor.py:914} INFO - Processing file /home/airflow/.local/lib/python3.12/site-packages/airflow/example_dags/tutorial_taskflow_api.py for tasks to queue
[2025-03-08T20:41:16.220+0000] {logging_mixin.py:190} INFO - [2025-03-08T20:41:16.220+0000] {dagbag.py:588} INFO - Filling up the DagBag from /home/airflow/.local/lib/python3.12/site-packages/airflow/example_dags/tutorial_taskflow_api.py
[2025-03-08T20:41:16.233+0000] {processor.py:925} INFO - DAG(s) 'tutorial_taskflow_api' retrieved from /home/airflow/.local/lib/python3.12/site-packages/airflow/example_dags/tutorial_taskflow_api.py
[2025-03-08T20:41:16.263+0000] {logging_mixin.py:190} INFO - [2025-03-08T20:41:16.263+0000] {dag.py:3239} INFO - Sync 1 DAGs
[2025-03-08T20:41:16.286+0000] {logging_mixin.py:190} INFO - [2025-03-08T20:41:16.286+0000] {dag.py:4180} INFO - Setting next_dagrun for tutorial_taskflow_api to None, run_after=None
[2025-03-08T20:41:16.315+0000] {processor.py:208} INFO - Processing /home/airflow/.local/lib/python3.12/site-packages/airflow/example_dags/tutorial_taskflow_api.py took 0.107 seconds
[2025-03-08T20:41:47.812+0000] {processor.py:186} INFO - Started process (PID=28507) to work on /home/airflow/.local/lib/python3.12/site-packages/airflow/example_dags/tutorial_taskflow_api.py
[2025-03-08T20:41:47.813+0000] {processor.py:914} INFO - Processing file /home/airflow/.local/lib/python3.12/site-packages/airflow/example_dags/tutorial_taskflow_api.py for tasks to queue
[2025-03-08T20:41:47.816+0000] {logging_mixin.py:190} INFO - [2025-03-08T20:41:47.816+0000] {dagbag.py:588} INFO - Filling up the DagBag from /home/airflow/.local/lib/python3.12/site-packages/airflow/example_dags/tutorial_taskflow_api.py
[2025-03-08T20:41:47.832+0000] {processor.py:925} INFO - DAG(s) 'tutorial_taskflow_api' retrieved from /home/airflow/.local/lib/python3.12/site-packages/airflow/example_dags/tutorial_taskflow_api.py
[2025-03-08T20:41:47.864+0000] {logging_mixin.py:190} INFO - [2025-03-08T20:41:47.864+0000] {dag.py:3239} INFO - Sync 1 DAGs
[2025-03-08T20:41:47.888+0000] {logging_mixin.py:190} INFO - [2025-03-08T20:41:47.888+0000] {dag.py:4180} INFO - Setting next_dagrun for tutorial_taskflow_api to None, run_after=None
[2025-03-08T20:41:47.915+0000] {processor.py:208} INFO - Processing /home/airflow/.local/lib/python3.12/site-packages/airflow/example_dags/tutorial_taskflow_api.py took 0.113 seconds
[2025-03-08T20:42:19.612+0000] {processor.py:186} INFO - Started process (PID=28570) to work on /home/airflow/.local/lib/python3.12/site-packages/airflow/example_dags/tutorial_taskflow_api.py
[2025-03-08T20:42:19.613+0000] {processor.py:914} INFO - Processing file /home/airflow/.local/lib/python3.12/site-packages/airflow/example_dags/tutorial_taskflow_api.py for tasks to queue
[2025-03-08T20:42:19.616+0000] {logging_mixin.py:190} INFO - [2025-03-08T20:42:19.616+0000] {dagbag.py:588} INFO - Filling up the DagBag from /home/airflow/.local/lib/python3.12/site-packages/airflow/example_dags/tutorial_taskflow_api.py
[2025-03-08T20:42:19.628+0000] {processor.py:925} INFO - DAG(s) 'tutorial_taskflow_api' retrieved from /home/airflow/.local/lib/python3.12/site-packages/airflow/example_dags/tutorial_taskflow_api.py
[2025-03-08T20:42:19.657+0000] {logging_mixin.py:190} INFO - [2025-03-08T20:42:19.656+0000] {dag.py:3239} INFO - Sync 1 DAGs
[2025-03-08T20:42:19.682+0000] {logging_mixin.py:190} INFO - [2025-03-08T20:42:19.681+0000] {dag.py:4180} INFO - Setting next_dagrun for tutorial_taskflow_api to None, run_after=None
[2025-03-08T20:42:19.716+0000] {processor.py:208} INFO - Processing /home/airflow/.local/lib/python3.12/site-packages/airflow/example_dags/tutorial_taskflow_api.py took 0.113 seconds
[2025-03-08T20:42:51.282+0000] {processor.py:186} INFO - Started process (PID=28633) to work on /home/airflow/.local/lib/python3.12/site-packages/airflow/example_dags/tutorial_taskflow_api.py
[2025-03-08T20:42:51.283+0000] {processor.py:914} INFO - Processing file /home/airflow/.local/lib/python3.12/site-packages/airflow/example_dags/tutorial_taskflow_api.py for tasks to queue
[2025-03-08T20:42:51.286+0000] {logging_mixin.py:190} INFO - [2025-03-08T20:42:51.286+0000] {dagbag.py:588} INFO - Filling up the DagBag from /home/airflow/.local/lib/python3.12/site-packages/airflow/example_dags/tutorial_taskflow_api.py
[2025-03-08T20:42:51.299+0000] {processor.py:925} INFO - DAG(s) 'tutorial_taskflow_api' retrieved from /home/airflow/.local/lib/python3.12/site-packages/airflow/example_dags/tutorial_taskflow_api.py
[2025-03-08T20:42:51.327+0000] {logging_mixin.py:190} INFO - [2025-03-08T20:42:51.326+0000] {dag.py:3239} INFO - Sync 1 DAGs
[2025-03-08T20:42:51.351+0000] {logging_mixin.py:190} INFO - [2025-03-08T20:42:51.350+0000] {dag.py:4180} INFO - Setting next_dagrun for tutorial_taskflow_api to None, run_after=None
[2025-03-08T20:42:51.379+0000] {processor.py:208} INFO - Processing /home/airflow/.local/lib/python3.12/site-packages/airflow/example_dags/tutorial_taskflow_api.py took 0.105 seconds
[2025-03-08T20:43:23.326+0000] {processor.py:186} INFO - Started process (PID=28699) to work on /home/airflow/.local/lib/python3.12/site-packages/airflow/example_dags/tutorial_taskflow_api.py
[2025-03-08T20:43:23.327+0000] {processor.py:914} INFO - Processing file /home/airflow/.local/lib/python3.12/site-packages/airflow/example_dags/tutorial_taskflow_api.py for tasks to queue
[2025-03-08T20:43:23.330+0000] {logging_mixin.py:190} INFO - [2025-03-08T20:43:23.330+0000] {dagbag.py:588} INFO - Filling up the DagBag from /home/airflow/.local/lib/python3.12/site-packages/airflow/example_dags/tutorial_taskflow_api.py
[2025-03-08T20:43:23.343+0000] {processor.py:925} INFO - DAG(s) 'tutorial_taskflow_api' retrieved from /home/airflow/.local/lib/python3.12/site-packages/airflow/example_dags/tutorial_taskflow_api.py
[2025-03-08T20:43:23.373+0000] {logging_mixin.py:190} INFO - [2025-03-08T20:43:23.372+0000] {dag.py:3239} INFO - Sync 1 DAGs
[2025-03-08T20:43:23.398+0000] {logging_mixin.py:190} INFO - [2025-03-08T20:43:23.398+0000] {dag.py:4180} INFO - Setting next_dagrun for tutorial_taskflow_api to None, run_after=None
[2025-03-08T20:43:23.432+0000] {processor.py:208} INFO - Processing /home/airflow/.local/lib/python3.12/site-packages/airflow/example_dags/tutorial_taskflow_api.py took 0.114 seconds
[2025-03-08T20:43:54.662+0000] {processor.py:186} INFO - Started process (PID=28762) to work on /home/airflow/.local/lib/python3.12/site-packages/airflow/example_dags/tutorial_taskflow_api.py
[2025-03-08T20:43:54.663+0000] {processor.py:914} INFO - Processing file /home/airflow/.local/lib/python3.12/site-packages/airflow/example_dags/tutorial_taskflow_api.py for tasks to queue
[2025-03-08T20:43:54.666+0000] {logging_mixin.py:190} INFO - [2025-03-08T20:43:54.665+0000] {dagbag.py:588} INFO - Filling up the DagBag from /home/airflow/.local/lib/python3.12/site-packages/airflow/example_dags/tutorial_taskflow_api.py
[2025-03-08T20:43:54.678+0000] {processor.py:925} INFO - DAG(s) 'tutorial_taskflow_api' retrieved from /home/airflow/.local/lib/python3.12/site-packages/airflow/example_dags/tutorial_taskflow_api.py
[2025-03-08T20:43:54.714+0000] {logging_mixin.py:190} INFO - [2025-03-08T20:43:54.714+0000] {dag.py:3239} INFO - Sync 1 DAGs
[2025-03-08T20:43:54.738+0000] {logging_mixin.py:190} INFO - [2025-03-08T20:43:54.738+0000] {dag.py:4180} INFO - Setting next_dagrun for tutorial_taskflow_api to None, run_after=None
[2025-03-08T20:43:54.772+0000] {processor.py:208} INFO - Processing /home/airflow/.local/lib/python3.12/site-packages/airflow/example_dags/tutorial_taskflow_api.py took 0.119 seconds
[2025-03-08T20:44:26.664+0000] {processor.py:186} INFO - Started process (PID=28827) to work on /home/airflow/.local/lib/python3.12/site-packages/airflow/example_dags/tutorial_taskflow_api.py
[2025-03-08T20:44:26.665+0000] {processor.py:914} INFO - Processing file /home/airflow/.local/lib/python3.12/site-packages/airflow/example_dags/tutorial_taskflow_api.py for tasks to queue
[2025-03-08T20:44:26.668+0000] {logging_mixin.py:190} INFO - [2025-03-08T20:44:26.667+0000] {dagbag.py:588} INFO - Filling up the DagBag from /home/airflow/.local/lib/python3.12/site-packages/airflow/example_dags/tutorial_taskflow_api.py
[2025-03-08T20:44:26.680+0000] {processor.py:925} INFO - DAG(s) 'tutorial_taskflow_api' retrieved from /home/airflow/.local/lib/python3.12/site-packages/airflow/example_dags/tutorial_taskflow_api.py
[2025-03-08T20:44:26.709+0000] {logging_mixin.py:190} INFO - [2025-03-08T20:44:26.708+0000] {dag.py:3239} INFO - Sync 1 DAGs
[2025-03-08T20:44:26.738+0000] {logging_mixin.py:190} INFO - [2025-03-08T20:44:26.738+0000] {dag.py:4180} INFO - Setting next_dagrun for tutorial_taskflow_api to None, run_after=None
[2025-03-08T20:44:26.767+0000] {processor.py:208} INFO - Processing /home/airflow/.local/lib/python3.12/site-packages/airflow/example_dags/tutorial_taskflow_api.py took 0.111 seconds
[2025-03-08T20:44:57.897+0000] {processor.py:186} INFO - Started process (PID=28890) to work on /home/airflow/.local/lib/python3.12/site-packages/airflow/example_dags/tutorial_taskflow_api.py
[2025-03-08T20:44:57.898+0000] {processor.py:914} INFO - Processing file /home/airflow/.local/lib/python3.12/site-packages/airflow/example_dags/tutorial_taskflow_api.py for tasks to queue
[2025-03-08T20:44:57.901+0000] {logging_mixin.py:190} INFO - [2025-03-08T20:44:57.901+0000] {dagbag.py:588} INFO - Filling up the DagBag from /home/airflow/.local/lib/python3.12/site-packages/airflow/example_dags/tutorial_taskflow_api.py
[2025-03-08T20:44:57.913+0000] {processor.py:925} INFO - DAG(s) 'tutorial_taskflow_api' retrieved from /home/airflow/.local/lib/python3.12/site-packages/airflow/example_dags/tutorial_taskflow_api.py
[2025-03-08T20:44:57.940+0000] {logging_mixin.py:190} INFO - [2025-03-08T20:44:57.940+0000] {dag.py:3239} INFO - Sync 1 DAGs
[2025-03-08T20:44:57.964+0000] {logging_mixin.py:190} INFO - [2025-03-08T20:44:57.963+0000] {dag.py:4180} INFO - Setting next_dagrun for tutorial_taskflow_api to None, run_after=None
[2025-03-08T20:44:57.991+0000] {processor.py:208} INFO - Processing /home/airflow/.local/lib/python3.12/site-packages/airflow/example_dags/tutorial_taskflow_api.py took 0.103 seconds
[2025-03-08T20:45:29.224+0000] {processor.py:186} INFO - Started process (PID=28954) to work on /home/airflow/.local/lib/python3.12/site-packages/airflow/example_dags/tutorial_taskflow_api.py
[2025-03-08T20:45:29.225+0000] {processor.py:914} INFO - Processing file /home/airflow/.local/lib/python3.12/site-packages/airflow/example_dags/tutorial_taskflow_api.py for tasks to queue
[2025-03-08T20:45:29.228+0000] {logging_mixin.py:190} INFO - [2025-03-08T20:45:29.227+0000] {dagbag.py:588} INFO - Filling up the DagBag from /home/airflow/.local/lib/python3.12/site-packages/airflow/example_dags/tutorial_taskflow_api.py
[2025-03-08T20:45:29.240+0000] {processor.py:925} INFO - DAG(s) 'tutorial_taskflow_api' retrieved from /home/airflow/.local/lib/python3.12/site-packages/airflow/example_dags/tutorial_taskflow_api.py
[2025-03-08T20:45:29.269+0000] {logging_mixin.py:190} INFO - [2025-03-08T20:45:29.268+0000] {dag.py:3239} INFO - Sync 1 DAGs
[2025-03-08T20:45:29.293+0000] {logging_mixin.py:190} INFO - [2025-03-08T20:45:29.293+0000] {dag.py:4180} INFO - Setting next_dagrun for tutorial_taskflow_api to None, run_after=None
[2025-03-08T20:45:29.321+0000] {processor.py:208} INFO - Processing /home/airflow/.local/lib/python3.12/site-packages/airflow/example_dags/tutorial_taskflow_api.py took 0.106 seconds
[2025-03-08T20:46:01.587+0000] {processor.py:186} INFO - Started process (PID=29017) to work on /home/airflow/.local/lib/python3.12/site-packages/airflow/example_dags/tutorial_taskflow_api.py
[2025-03-08T20:46:01.588+0000] {processor.py:914} INFO - Processing file /home/airflow/.local/lib/python3.12/site-packages/airflow/example_dags/tutorial_taskflow_api.py for tasks to queue
[2025-03-08T20:46:01.591+0000] {logging_mixin.py:190} INFO - [2025-03-08T20:46:01.590+0000] {dagbag.py:588} INFO - Filling up the DagBag from /home/airflow/.local/lib/python3.12/site-packages/airflow/example_dags/tutorial_taskflow_api.py
[2025-03-08T20:46:01.603+0000] {processor.py:925} INFO - DAG(s) 'tutorial_taskflow_api' retrieved from /home/airflow/.local/lib/python3.12/site-packages/airflow/example_dags/tutorial_taskflow_api.py
[2025-03-08T20:46:01.631+0000] {logging_mixin.py:190} INFO - [2025-03-08T20:46:01.631+0000] {dag.py:3239} INFO - Sync 1 DAGs
[2025-03-08T20:46:01.655+0000] {logging_mixin.py:190} INFO - [2025-03-08T20:46:01.654+0000] {dag.py:4180} INFO - Setting next_dagrun for tutorial_taskflow_api to None, run_after=None
[2025-03-08T20:46:01.681+0000] {processor.py:208} INFO - Processing /home/airflow/.local/lib/python3.12/site-packages/airflow/example_dags/tutorial_taskflow_api.py took 0.103 seconds
[2025-03-08T20:46:34.231+0000] {processor.py:186} INFO - Started process (PID=29088) to work on /home/airflow/.local/lib/python3.12/site-packages/airflow/example_dags/tutorial_taskflow_api.py
[2025-03-08T20:46:34.232+0000] {processor.py:914} INFO - Processing file /home/airflow/.local/lib/python3.12/site-packages/airflow/example_dags/tutorial_taskflow_api.py for tasks to queue
[2025-03-08T20:46:34.235+0000] {logging_mixin.py:190} INFO - [2025-03-08T20:46:34.235+0000] {dagbag.py:588} INFO - Filling up the DagBag from /home/airflow/.local/lib/python3.12/site-packages/airflow/example_dags/tutorial_taskflow_api.py
[2025-03-08T20:46:34.248+0000] {processor.py:925} INFO - DAG(s) 'tutorial_taskflow_api' retrieved from /home/airflow/.local/lib/python3.12/site-packages/airflow/example_dags/tutorial_taskflow_api.py
[2025-03-08T20:46:34.276+0000] {logging_mixin.py:190} INFO - [2025-03-08T20:46:34.275+0000] {dag.py:3239} INFO - Sync 1 DAGs
[2025-03-08T20:46:34.300+0000] {logging_mixin.py:190} INFO - [2025-03-08T20:46:34.299+0000] {dag.py:4180} INFO - Setting next_dagrun for tutorial_taskflow_api to None, run_after=None
[2025-03-08T20:46:34.327+0000] {processor.py:208} INFO - Processing /home/airflow/.local/lib/python3.12/site-packages/airflow/example_dags/tutorial_taskflow_api.py took 0.104 seconds
[2025-03-08T20:47:05.870+0000] {processor.py:186} INFO - Started process (PID=29155) to work on /home/airflow/.local/lib/python3.12/site-packages/airflow/example_dags/tutorial_taskflow_api.py
[2025-03-08T20:47:05.871+0000] {processor.py:914} INFO - Processing file /home/airflow/.local/lib/python3.12/site-packages/airflow/example_dags/tutorial_taskflow_api.py for tasks to queue
[2025-03-08T20:47:05.874+0000] {logging_mixin.py:190} INFO - [2025-03-08T20:47:05.874+0000] {dagbag.py:588} INFO - Filling up the DagBag from /home/airflow/.local/lib/python3.12/site-packages/airflow/example_dags/tutorial_taskflow_api.py
[2025-03-08T20:47:05.887+0000] {processor.py:925} INFO - DAG(s) 'tutorial_taskflow_api' retrieved from /home/airflow/.local/lib/python3.12/site-packages/airflow/example_dags/tutorial_taskflow_api.py
[2025-03-08T20:47:05.915+0000] {logging_mixin.py:190} INFO - [2025-03-08T20:47:05.914+0000] {dag.py:3239} INFO - Sync 1 DAGs
[2025-03-08T20:47:05.949+0000] {logging_mixin.py:190} INFO - [2025-03-08T20:47:05.949+0000] {dag.py:4180} INFO - Setting next_dagrun for tutorial_taskflow_api to None, run_after=None
[2025-03-08T20:47:05.982+0000] {processor.py:208} INFO - Processing /home/airflow/.local/lib/python3.12/site-packages/airflow/example_dags/tutorial_taskflow_api.py took 0.120 seconds
[2025-03-08T20:47:36.756+0000] {processor.py:186} INFO - Started process (PID=29218) to work on /home/airflow/.local/lib/python3.12/site-packages/airflow/example_dags/tutorial_taskflow_api.py
[2025-03-08T20:47:36.757+0000] {processor.py:914} INFO - Processing file /home/airflow/.local/lib/python3.12/site-packages/airflow/example_dags/tutorial_taskflow_api.py for tasks to queue
[2025-03-08T20:47:36.761+0000] {logging_mixin.py:190} INFO - [2025-03-08T20:47:36.760+0000] {dagbag.py:588} INFO - Filling up the DagBag from /home/airflow/.local/lib/python3.12/site-packages/airflow/example_dags/tutorial_taskflow_api.py
[2025-03-08T20:47:36.775+0000] {processor.py:925} INFO - DAG(s) 'tutorial_taskflow_api' retrieved from /home/airflow/.local/lib/python3.12/site-packages/airflow/example_dags/tutorial_taskflow_api.py
[2025-03-08T20:47:36.804+0000] {logging_mixin.py:190} INFO - [2025-03-08T20:47:36.804+0000] {dag.py:3239} INFO - Sync 1 DAGs
[2025-03-08T20:47:36.828+0000] {logging_mixin.py:190} INFO - [2025-03-08T20:47:36.827+0000] {dag.py:4180} INFO - Setting next_dagrun for tutorial_taskflow_api to None, run_after=None
[2025-03-08T20:47:36.856+0000] {processor.py:208} INFO - Processing /home/airflow/.local/lib/python3.12/site-packages/airflow/example_dags/tutorial_taskflow_api.py took 0.110 seconds
[2025-03-08T20:48:09.094+0000] {processor.py:186} INFO - Started process (PID=29282) to work on /home/airflow/.local/lib/python3.12/site-packages/airflow/example_dags/tutorial_taskflow_api.py
[2025-03-08T20:48:09.095+0000] {processor.py:914} INFO - Processing file /home/airflow/.local/lib/python3.12/site-packages/airflow/example_dags/tutorial_taskflow_api.py for tasks to queue
[2025-03-08T20:48:09.098+0000] {logging_mixin.py:190} INFO - [2025-03-08T20:48:09.097+0000] {dagbag.py:588} INFO - Filling up the DagBag from /home/airflow/.local/lib/python3.12/site-packages/airflow/example_dags/tutorial_taskflow_api.py
[2025-03-08T20:48:09.110+0000] {processor.py:925} INFO - DAG(s) 'tutorial_taskflow_api' retrieved from /home/airflow/.local/lib/python3.12/site-packages/airflow/example_dags/tutorial_taskflow_api.py
[2025-03-08T20:48:09.138+0000] {logging_mixin.py:190} INFO - [2025-03-08T20:48:09.138+0000] {dag.py:3239} INFO - Sync 1 DAGs
[2025-03-08T20:48:09.161+0000] {logging_mixin.py:190} INFO - [2025-03-08T20:48:09.161+0000] {dag.py:4180} INFO - Setting next_dagrun for tutorial_taskflow_api to None, run_after=None
[2025-03-08T20:48:09.187+0000] {processor.py:208} INFO - Processing /home/airflow/.local/lib/python3.12/site-packages/airflow/example_dags/tutorial_taskflow_api.py took 0.102 seconds
[2025-03-08T20:48:40.150+0000] {processor.py:186} INFO - Started process (PID=29345) to work on /home/airflow/.local/lib/python3.12/site-packages/airflow/example_dags/tutorial_taskflow_api.py
[2025-03-08T20:48:40.152+0000] {processor.py:914} INFO - Processing file /home/airflow/.local/lib/python3.12/site-packages/airflow/example_dags/tutorial_taskflow_api.py for tasks to queue
[2025-03-08T20:48:40.155+0000] {logging_mixin.py:190} INFO - [2025-03-08T20:48:40.154+0000] {dagbag.py:588} INFO - Filling up the DagBag from /home/airflow/.local/lib/python3.12/site-packages/airflow/example_dags/tutorial_taskflow_api.py
[2025-03-08T20:48:40.167+0000] {processor.py:925} INFO - DAG(s) 'tutorial_taskflow_api' retrieved from /home/airflow/.local/lib/python3.12/site-packages/airflow/example_dags/tutorial_taskflow_api.py
[2025-03-08T20:48:40.194+0000] {logging_mixin.py:190} INFO - [2025-03-08T20:48:40.194+0000] {dag.py:3239} INFO - Sync 1 DAGs
[2025-03-08T20:48:40.219+0000] {logging_mixin.py:190} INFO - [2025-03-08T20:48:40.218+0000] {dag.py:4180} INFO - Setting next_dagrun for tutorial_taskflow_api to None, run_after=None
[2025-03-08T20:48:40.246+0000] {processor.py:208} INFO - Processing /home/airflow/.local/lib/python3.12/site-packages/airflow/example_dags/tutorial_taskflow_api.py took 0.104 seconds
[2025-03-08T20:49:12.250+0000] {processor.py:186} INFO - Started process (PID=29417) to work on /home/airflow/.local/lib/python3.12/site-packages/airflow/example_dags/tutorial_taskflow_api.py
[2025-03-08T20:49:12.251+0000] {processor.py:914} INFO - Processing file /home/airflow/.local/lib/python3.12/site-packages/airflow/example_dags/tutorial_taskflow_api.py for tasks to queue
[2025-03-08T20:49:12.254+0000] {logging_mixin.py:190} INFO - [2025-03-08T20:49:12.254+0000] {dagbag.py:588} INFO - Filling up the DagBag from /home/airflow/.local/lib/python3.12/site-packages/airflow/example_dags/tutorial_taskflow_api.py
[2025-03-08T20:49:12.267+0000] {processor.py:925} INFO - DAG(s) 'tutorial_taskflow_api' retrieved from /home/airflow/.local/lib/python3.12/site-packages/airflow/example_dags/tutorial_taskflow_api.py
[2025-03-08T20:49:12.303+0000] {logging_mixin.py:190} INFO - [2025-03-08T20:49:12.302+0000] {dag.py:3239} INFO - Sync 1 DAGs
[2025-03-08T20:49:12.328+0000] {logging_mixin.py:190} INFO - [2025-03-08T20:49:12.327+0000] {dag.py:4180} INFO - Setting next_dagrun for tutorial_taskflow_api to None, run_after=None
[2025-03-08T20:49:12.361+0000] {processor.py:208} INFO - Processing /home/airflow/.local/lib/python3.12/site-packages/airflow/example_dags/tutorial_taskflow_api.py took 0.120 seconds
[2025-03-08T20:49:44.064+0000] {processor.py:186} INFO - Started process (PID=29480) to work on /home/airflow/.local/lib/python3.12/site-packages/airflow/example_dags/tutorial_taskflow_api.py
[2025-03-08T20:49:44.065+0000] {processor.py:914} INFO - Processing file /home/airflow/.local/lib/python3.12/site-packages/airflow/example_dags/tutorial_taskflow_api.py for tasks to queue
[2025-03-08T20:49:44.068+0000] {logging_mixin.py:190} INFO - [2025-03-08T20:49:44.068+0000] {dagbag.py:588} INFO - Filling up the DagBag from /home/airflow/.local/lib/python3.12/site-packages/airflow/example_dags/tutorial_taskflow_api.py
[2025-03-08T20:49:44.080+0000] {processor.py:925} INFO - DAG(s) 'tutorial_taskflow_api' retrieved from /home/airflow/.local/lib/python3.12/site-packages/airflow/example_dags/tutorial_taskflow_api.py
[2025-03-08T20:49:44.115+0000] {logging_mixin.py:190} INFO - [2025-03-08T20:49:44.115+0000] {dag.py:3239} INFO - Sync 1 DAGs
[2025-03-08T20:49:44.138+0000] {logging_mixin.py:190} INFO - [2025-03-08T20:49:44.138+0000] {dag.py:4180} INFO - Setting next_dagrun for tutorial_taskflow_api to None, run_after=None
[2025-03-08T20:49:44.167+0000] {processor.py:208} INFO - Processing /home/airflow/.local/lib/python3.12/site-packages/airflow/example_dags/tutorial_taskflow_api.py took 0.111 seconds
[2025-03-08T20:50:15.353+0000] {processor.py:186} INFO - Started process (PID=29543) to work on /home/airflow/.local/lib/python3.12/site-packages/airflow/example_dags/tutorial_taskflow_api.py
[2025-03-08T20:50:15.355+0000] {processor.py:914} INFO - Processing file /home/airflow/.local/lib/python3.12/site-packages/airflow/example_dags/tutorial_taskflow_api.py for tasks to queue
[2025-03-08T20:50:15.358+0000] {logging_mixin.py:190} INFO - [2025-03-08T20:50:15.357+0000] {dagbag.py:588} INFO - Filling up the DagBag from /home/airflow/.local/lib/python3.12/site-packages/airflow/example_dags/tutorial_taskflow_api.py
[2025-03-08T20:50:15.369+0000] {processor.py:925} INFO - DAG(s) 'tutorial_taskflow_api' retrieved from /home/airflow/.local/lib/python3.12/site-packages/airflow/example_dags/tutorial_taskflow_api.py
[2025-03-08T20:50:15.398+0000] {logging_mixin.py:190} INFO - [2025-03-08T20:50:15.398+0000] {dag.py:3239} INFO - Sync 1 DAGs
[2025-03-08T20:50:15.422+0000] {logging_mixin.py:190} INFO - [2025-03-08T20:50:15.421+0000] {dag.py:4180} INFO - Setting next_dagrun for tutorial_taskflow_api to None, run_after=None
[2025-03-08T20:50:15.450+0000] {processor.py:208} INFO - Processing /home/airflow/.local/lib/python3.12/site-packages/airflow/example_dags/tutorial_taskflow_api.py took 0.105 seconds
[2025-03-08T20:50:47.099+0000] {processor.py:186} INFO - Started process (PID=29609) to work on /home/airflow/.local/lib/python3.12/site-packages/airflow/example_dags/tutorial_taskflow_api.py
[2025-03-08T20:50:47.100+0000] {processor.py:914} INFO - Processing file /home/airflow/.local/lib/python3.12/site-packages/airflow/example_dags/tutorial_taskflow_api.py for tasks to queue
[2025-03-08T20:50:47.103+0000] {logging_mixin.py:190} INFO - [2025-03-08T20:50:47.102+0000] {dagbag.py:588} INFO - Filling up the DagBag from /home/airflow/.local/lib/python3.12/site-packages/airflow/example_dags/tutorial_taskflow_api.py
[2025-03-08T20:50:47.114+0000] {processor.py:925} INFO - DAG(s) 'tutorial_taskflow_api' retrieved from /home/airflow/.local/lib/python3.12/site-packages/airflow/example_dags/tutorial_taskflow_api.py
[2025-03-08T20:50:47.142+0000] {logging_mixin.py:190} INFO - [2025-03-08T20:50:47.142+0000] {dag.py:3239} INFO - Sync 1 DAGs
[2025-03-08T20:50:47.166+0000] {logging_mixin.py:190} INFO - [2025-03-08T20:50:47.165+0000] {dag.py:4180} INFO - Setting next_dagrun for tutorial_taskflow_api to None, run_after=None
[2025-03-08T20:50:47.193+0000] {processor.py:208} INFO - Processing /home/airflow/.local/lib/python3.12/site-packages/airflow/example_dags/tutorial_taskflow_api.py took 0.103 seconds
