[2025-03-08T19:36:11.127+0000] {processor.py:186} INFO - Started process (PID=24776) to work on /home/airflow/.local/lib/python3.12/site-packages/airflow/example_dags/tutorial_dag.py
[2025-03-08T19:36:11.128+0000] {processor.py:914} INFO - Processing file /home/airflow/.local/lib/python3.12/site-packages/airflow/example_dags/tutorial_dag.py for tasks to queue
[2025-03-08T19:36:11.133+0000] {logging_mixin.py:190} INFO - [2025-03-08T19:36:11.132+0000] {dagbag.py:588} INFO - Filling up the DagBag from /home/airflow/.local/lib/python3.12/site-packages/airflow/example_dags/tutorial_dag.py
[2025-03-08T19:36:11.148+0000] {processor.py:925} INFO - DAG(s) 'tutorial_dag' retrieved from /home/airflow/.local/lib/python3.12/site-packages/airflow/example_dags/tutorial_dag.py
[2025-03-08T19:36:11.189+0000] {logging_mixin.py:190} INFO - [2025-03-08T19:36:11.188+0000] {dag.py:3239} INFO - Sync 1 DAGs
[2025-03-08T19:36:11.228+0000] {logging_mixin.py:190} INFO - [2025-03-08T19:36:11.227+0000] {dag.py:4180} INFO - Setting next_dagrun for tutorial_dag to None, run_after=None
[2025-03-08T19:36:11.272+0000] {processor.py:208} INFO - Processing /home/airflow/.local/lib/python3.12/site-packages/airflow/example_dags/tutorial_dag.py took 0.158 seconds
[2025-03-08T19:36:42.684+0000] {processor.py:186} INFO - Started process (PID=24838) to work on /home/airflow/.local/lib/python3.12/site-packages/airflow/example_dags/tutorial_dag.py
[2025-03-08T19:36:42.689+0000] {processor.py:914} INFO - Processing file /home/airflow/.local/lib/python3.12/site-packages/airflow/example_dags/tutorial_dag.py for tasks to queue
[2025-03-08T19:36:42.694+0000] {logging_mixin.py:190} INFO - [2025-03-08T19:36:42.693+0000] {dagbag.py:588} INFO - Filling up the DagBag from /home/airflow/.local/lib/python3.12/site-packages/airflow/example_dags/tutorial_dag.py
[2025-03-08T19:36:42.724+0000] {processor.py:925} INFO - DAG(s) 'tutorial_dag' retrieved from /home/airflow/.local/lib/python3.12/site-packages/airflow/example_dags/tutorial_dag.py
[2025-03-08T19:36:42.825+0000] {logging_mixin.py:190} INFO - [2025-03-08T19:36:42.825+0000] {dag.py:3239} INFO - Sync 1 DAGs
[2025-03-08T19:36:42.878+0000] {logging_mixin.py:190} INFO - [2025-03-08T19:36:42.877+0000] {dag.py:4180} INFO - Setting next_dagrun for tutorial_dag to None, run_after=None
[2025-03-08T19:36:42.953+0000] {processor.py:208} INFO - Processing /home/airflow/.local/lib/python3.12/site-packages/airflow/example_dags/tutorial_dag.py took 0.294 seconds
[2025-03-08T19:37:13.208+0000] {processor.py:186} INFO - Started process (PID=24900) to work on /home/airflow/.local/lib/python3.12/site-packages/airflow/example_dags/tutorial_dag.py
[2025-03-08T19:37:13.212+0000] {processor.py:914} INFO - Processing file /home/airflow/.local/lib/python3.12/site-packages/airflow/example_dags/tutorial_dag.py for tasks to queue
[2025-03-08T19:37:13.230+0000] {logging_mixin.py:190} INFO - [2025-03-08T19:37:13.228+0000] {dagbag.py:588} INFO - Filling up the DagBag from /home/airflow/.local/lib/python3.12/site-packages/airflow/example_dags/tutorial_dag.py
[2025-03-08T19:37:13.248+0000] {processor.py:925} INFO - DAG(s) 'tutorial_dag' retrieved from /home/airflow/.local/lib/python3.12/site-packages/airflow/example_dags/tutorial_dag.py
[2025-03-08T19:37:13.294+0000] {logging_mixin.py:190} INFO - [2025-03-08T19:37:13.293+0000] {dag.py:3239} INFO - Sync 1 DAGs
[2025-03-08T19:37:13.335+0000] {logging_mixin.py:190} INFO - [2025-03-08T19:37:13.334+0000] {dag.py:4180} INFO - Setting next_dagrun for tutorial_dag to None, run_after=None
[2025-03-08T19:37:13.384+0000] {processor.py:208} INFO - Processing /home/airflow/.local/lib/python3.12/site-packages/airflow/example_dags/tutorial_dag.py took 0.190 seconds
[2025-03-08T19:37:44.079+0000] {processor.py:186} INFO - Started process (PID=24962) to work on /home/airflow/.local/lib/python3.12/site-packages/airflow/example_dags/tutorial_dag.py
[2025-03-08T19:37:44.081+0000] {processor.py:914} INFO - Processing file /home/airflow/.local/lib/python3.12/site-packages/airflow/example_dags/tutorial_dag.py for tasks to queue
[2025-03-08T19:37:44.085+0000] {logging_mixin.py:190} INFO - [2025-03-08T19:37:44.084+0000] {dagbag.py:588} INFO - Filling up the DagBag from /home/airflow/.local/lib/python3.12/site-packages/airflow/example_dags/tutorial_dag.py
[2025-03-08T19:37:44.102+0000] {processor.py:925} INFO - DAG(s) 'tutorial_dag' retrieved from /home/airflow/.local/lib/python3.12/site-packages/airflow/example_dags/tutorial_dag.py
[2025-03-08T19:37:44.143+0000] {logging_mixin.py:190} INFO - [2025-03-08T19:37:44.143+0000] {dag.py:3239} INFO - Sync 1 DAGs
[2025-03-08T19:37:44.181+0000] {logging_mixin.py:190} INFO - [2025-03-08T19:37:44.180+0000] {dag.py:4180} INFO - Setting next_dagrun for tutorial_dag to None, run_after=None
[2025-03-08T19:37:44.232+0000] {processor.py:208} INFO - Processing /home/airflow/.local/lib/python3.12/site-packages/airflow/example_dags/tutorial_dag.py took 0.166 seconds
[2025-03-08T19:38:15.069+0000] {processor.py:186} INFO - Started process (PID=25025) to work on /home/airflow/.local/lib/python3.12/site-packages/airflow/example_dags/tutorial_dag.py
[2025-03-08T19:38:15.070+0000] {processor.py:914} INFO - Processing file /home/airflow/.local/lib/python3.12/site-packages/airflow/example_dags/tutorial_dag.py for tasks to queue
[2025-03-08T19:38:15.075+0000] {logging_mixin.py:190} INFO - [2025-03-08T19:38:15.074+0000] {dagbag.py:588} INFO - Filling up the DagBag from /home/airflow/.local/lib/python3.12/site-packages/airflow/example_dags/tutorial_dag.py
[2025-03-08T19:38:15.090+0000] {processor.py:925} INFO - DAG(s) 'tutorial_dag' retrieved from /home/airflow/.local/lib/python3.12/site-packages/airflow/example_dags/tutorial_dag.py
[2025-03-08T19:38:15.131+0000] {logging_mixin.py:190} INFO - [2025-03-08T19:38:15.131+0000] {dag.py:3239} INFO - Sync 1 DAGs
[2025-03-08T19:38:15.168+0000] {logging_mixin.py:190} INFO - [2025-03-08T19:38:15.168+0000] {dag.py:4180} INFO - Setting next_dagrun for tutorial_dag to None, run_after=None
[2025-03-08T19:38:15.209+0000] {processor.py:208} INFO - Processing /home/airflow/.local/lib/python3.12/site-packages/airflow/example_dags/tutorial_dag.py took 0.153 seconds
[2025-03-08T19:38:46.155+0000] {processor.py:186} INFO - Started process (PID=25088) to work on /home/airflow/.local/lib/python3.12/site-packages/airflow/example_dags/tutorial_dag.py
[2025-03-08T19:38:46.159+0000] {processor.py:914} INFO - Processing file /home/airflow/.local/lib/python3.12/site-packages/airflow/example_dags/tutorial_dag.py for tasks to queue
[2025-03-08T19:38:46.163+0000] {logging_mixin.py:190} INFO - [2025-03-08T19:38:46.162+0000] {dagbag.py:588} INFO - Filling up the DagBag from /home/airflow/.local/lib/python3.12/site-packages/airflow/example_dags/tutorial_dag.py
[2025-03-08T19:38:46.179+0000] {processor.py:925} INFO - DAG(s) 'tutorial_dag' retrieved from /home/airflow/.local/lib/python3.12/site-packages/airflow/example_dags/tutorial_dag.py
[2025-03-08T19:38:46.223+0000] {logging_mixin.py:190} INFO - [2025-03-08T19:38:46.222+0000] {dag.py:3239} INFO - Sync 1 DAGs
[2025-03-08T19:38:46.262+0000] {logging_mixin.py:190} INFO - [2025-03-08T19:38:46.261+0000] {dag.py:4180} INFO - Setting next_dagrun for tutorial_dag to None, run_after=None
[2025-03-08T19:38:46.310+0000] {processor.py:208} INFO - Processing /home/airflow/.local/lib/python3.12/site-packages/airflow/example_dags/tutorial_dag.py took 0.167 seconds
[2025-03-08T19:39:17.070+0000] {processor.py:186} INFO - Started process (PID=25151) to work on /home/airflow/.local/lib/python3.12/site-packages/airflow/example_dags/tutorial_dag.py
[2025-03-08T19:39:17.072+0000] {processor.py:914} INFO - Processing file /home/airflow/.local/lib/python3.12/site-packages/airflow/example_dags/tutorial_dag.py for tasks to queue
[2025-03-08T19:39:17.076+0000] {logging_mixin.py:190} INFO - [2025-03-08T19:39:17.076+0000] {dagbag.py:588} INFO - Filling up the DagBag from /home/airflow/.local/lib/python3.12/site-packages/airflow/example_dags/tutorial_dag.py
[2025-03-08T19:39:17.092+0000] {processor.py:925} INFO - DAG(s) 'tutorial_dag' retrieved from /home/airflow/.local/lib/python3.12/site-packages/airflow/example_dags/tutorial_dag.py
[2025-03-08T19:39:17.135+0000] {logging_mixin.py:190} INFO - [2025-03-08T19:39:17.134+0000] {dag.py:3239} INFO - Sync 1 DAGs
[2025-03-08T19:39:17.173+0000] {logging_mixin.py:190} INFO - [2025-03-08T19:39:17.172+0000] {dag.py:4180} INFO - Setting next_dagrun for tutorial_dag to None, run_after=None
[2025-03-08T19:39:17.215+0000] {processor.py:208} INFO - Processing /home/airflow/.local/lib/python3.12/site-packages/airflow/example_dags/tutorial_dag.py took 0.158 seconds
[2025-03-08T19:39:47.404+0000] {processor.py:186} INFO - Started process (PID=25214) to work on /home/airflow/.local/lib/python3.12/site-packages/airflow/example_dags/tutorial_dag.py
[2025-03-08T19:39:47.406+0000] {processor.py:914} INFO - Processing file /home/airflow/.local/lib/python3.12/site-packages/airflow/example_dags/tutorial_dag.py for tasks to queue
[2025-03-08T19:39:47.410+0000] {logging_mixin.py:190} INFO - [2025-03-08T19:39:47.409+0000] {dagbag.py:588} INFO - Filling up the DagBag from /home/airflow/.local/lib/python3.12/site-packages/airflow/example_dags/tutorial_dag.py
[2025-03-08T19:39:47.426+0000] {processor.py:925} INFO - DAG(s) 'tutorial_dag' retrieved from /home/airflow/.local/lib/python3.12/site-packages/airflow/example_dags/tutorial_dag.py
[2025-03-08T19:39:47.465+0000] {logging_mixin.py:190} INFO - [2025-03-08T19:39:47.465+0000] {dag.py:3239} INFO - Sync 1 DAGs
[2025-03-08T19:39:47.502+0000] {logging_mixin.py:190} INFO - [2025-03-08T19:39:47.502+0000] {dag.py:4180} INFO - Setting next_dagrun for tutorial_dag to None, run_after=None
[2025-03-08T19:39:47.545+0000] {processor.py:208} INFO - Processing /home/airflow/.local/lib/python3.12/site-packages/airflow/example_dags/tutorial_dag.py took 0.153 seconds
[2025-03-08T19:40:17.809+0000] {processor.py:186} INFO - Started process (PID=25277) to work on /home/airflow/.local/lib/python3.12/site-packages/airflow/example_dags/tutorial_dag.py
[2025-03-08T19:40:17.810+0000] {processor.py:914} INFO - Processing file /home/airflow/.local/lib/python3.12/site-packages/airflow/example_dags/tutorial_dag.py for tasks to queue
[2025-03-08T19:40:17.814+0000] {logging_mixin.py:190} INFO - [2025-03-08T19:40:17.813+0000] {dagbag.py:588} INFO - Filling up the DagBag from /home/airflow/.local/lib/python3.12/site-packages/airflow/example_dags/tutorial_dag.py
[2025-03-08T19:40:17.829+0000] {processor.py:925} INFO - DAG(s) 'tutorial_dag' retrieved from /home/airflow/.local/lib/python3.12/site-packages/airflow/example_dags/tutorial_dag.py
[2025-03-08T19:40:17.867+0000] {logging_mixin.py:190} INFO - [2025-03-08T19:40:17.866+0000] {dag.py:3239} INFO - Sync 1 DAGs
[2025-03-08T19:40:17.900+0000] {logging_mixin.py:190} INFO - [2025-03-08T19:40:17.899+0000] {dag.py:4180} INFO - Setting next_dagrun for tutorial_dag to None, run_after=None
[2025-03-08T19:40:17.938+0000] {processor.py:208} INFO - Processing /home/airflow/.local/lib/python3.12/site-packages/airflow/example_dags/tutorial_dag.py took 0.140 seconds
[2025-03-08T19:40:48.200+0000] {processor.py:186} INFO - Started process (PID=25340) to work on /home/airflow/.local/lib/python3.12/site-packages/airflow/example_dags/tutorial_dag.py
[2025-03-08T19:40:48.201+0000] {processor.py:914} INFO - Processing file /home/airflow/.local/lib/python3.12/site-packages/airflow/example_dags/tutorial_dag.py for tasks to queue
[2025-03-08T19:40:48.205+0000] {logging_mixin.py:190} INFO - [2025-03-08T19:40:48.205+0000] {dagbag.py:588} INFO - Filling up the DagBag from /home/airflow/.local/lib/python3.12/site-packages/airflow/example_dags/tutorial_dag.py
[2025-03-08T19:40:48.220+0000] {processor.py:925} INFO - DAG(s) 'tutorial_dag' retrieved from /home/airflow/.local/lib/python3.12/site-packages/airflow/example_dags/tutorial_dag.py
[2025-03-08T19:40:48.256+0000] {logging_mixin.py:190} INFO - [2025-03-08T19:40:48.256+0000] {dag.py:3239} INFO - Sync 1 DAGs
[2025-03-08T19:40:48.292+0000] {logging_mixin.py:190} INFO - [2025-03-08T19:40:48.292+0000] {dag.py:4180} INFO - Setting next_dagrun for tutorial_dag to None, run_after=None
[2025-03-08T19:40:48.331+0000] {processor.py:208} INFO - Processing /home/airflow/.local/lib/python3.12/site-packages/airflow/example_dags/tutorial_dag.py took 0.144 seconds
[2025-03-08T19:41:18.472+0000] {processor.py:186} INFO - Started process (PID=25403) to work on /home/airflow/.local/lib/python3.12/site-packages/airflow/example_dags/tutorial_dag.py
[2025-03-08T19:41:18.473+0000] {processor.py:914} INFO - Processing file /home/airflow/.local/lib/python3.12/site-packages/airflow/example_dags/tutorial_dag.py for tasks to queue
[2025-03-08T19:41:18.477+0000] {logging_mixin.py:190} INFO - [2025-03-08T19:41:18.476+0000] {dagbag.py:588} INFO - Filling up the DagBag from /home/airflow/.local/lib/python3.12/site-packages/airflow/example_dags/tutorial_dag.py
[2025-03-08T19:41:18.491+0000] {processor.py:925} INFO - DAG(s) 'tutorial_dag' retrieved from /home/airflow/.local/lib/python3.12/site-packages/airflow/example_dags/tutorial_dag.py
[2025-03-08T19:41:18.529+0000] {logging_mixin.py:190} INFO - [2025-03-08T19:41:18.529+0000] {dag.py:3239} INFO - Sync 1 DAGs
[2025-03-08T19:41:18.566+0000] {logging_mixin.py:190} INFO - [2025-03-08T19:41:18.565+0000] {dag.py:4180} INFO - Setting next_dagrun for tutorial_dag to None, run_after=None
[2025-03-08T19:41:18.604+0000] {processor.py:208} INFO - Processing /home/airflow/.local/lib/python3.12/site-packages/airflow/example_dags/tutorial_dag.py took 0.141 seconds
[2025-03-08T19:41:48.890+0000] {processor.py:186} INFO - Started process (PID=25466) to work on /home/airflow/.local/lib/python3.12/site-packages/airflow/example_dags/tutorial_dag.py
[2025-03-08T19:41:48.891+0000] {processor.py:914} INFO - Processing file /home/airflow/.local/lib/python3.12/site-packages/airflow/example_dags/tutorial_dag.py for tasks to queue
[2025-03-08T19:41:48.894+0000] {logging_mixin.py:190} INFO - [2025-03-08T19:41:48.893+0000] {dagbag.py:588} INFO - Filling up the DagBag from /home/airflow/.local/lib/python3.12/site-packages/airflow/example_dags/tutorial_dag.py
[2025-03-08T19:41:48.908+0000] {processor.py:925} INFO - DAG(s) 'tutorial_dag' retrieved from /home/airflow/.local/lib/python3.12/site-packages/airflow/example_dags/tutorial_dag.py
[2025-03-08T19:41:48.943+0000] {logging_mixin.py:190} INFO - [2025-03-08T19:41:48.942+0000] {dag.py:3239} INFO - Sync 1 DAGs
[2025-03-08T19:41:48.973+0000] {logging_mixin.py:190} INFO - [2025-03-08T19:41:48.973+0000] {dag.py:4180} INFO - Setting next_dagrun for tutorial_dag to None, run_after=None
[2025-03-08T19:41:49.011+0000] {processor.py:208} INFO - Processing /home/airflow/.local/lib/python3.12/site-packages/airflow/example_dags/tutorial_dag.py took 0.131 seconds
[2025-03-08T19:42:19.262+0000] {processor.py:186} INFO - Started process (PID=25528) to work on /home/airflow/.local/lib/python3.12/site-packages/airflow/example_dags/tutorial_dag.py
[2025-03-08T19:42:19.263+0000] {processor.py:914} INFO - Processing file /home/airflow/.local/lib/python3.12/site-packages/airflow/example_dags/tutorial_dag.py for tasks to queue
[2025-03-08T19:42:19.267+0000] {logging_mixin.py:190} INFO - [2025-03-08T19:42:19.267+0000] {dagbag.py:588} INFO - Filling up the DagBag from /home/airflow/.local/lib/python3.12/site-packages/airflow/example_dags/tutorial_dag.py
[2025-03-08T19:42:19.282+0000] {processor.py:925} INFO - DAG(s) 'tutorial_dag' retrieved from /home/airflow/.local/lib/python3.12/site-packages/airflow/example_dags/tutorial_dag.py
[2025-03-08T19:42:19.315+0000] {logging_mixin.py:190} INFO - [2025-03-08T19:42:19.314+0000] {dag.py:3239} INFO - Sync 1 DAGs
[2025-03-08T19:42:19.343+0000] {logging_mixin.py:190} INFO - [2025-03-08T19:42:19.342+0000] {dag.py:4180} INFO - Setting next_dagrun for tutorial_dag to None, run_after=None
[2025-03-08T19:42:19.380+0000] {processor.py:208} INFO - Processing /home/airflow/.local/lib/python3.12/site-packages/airflow/example_dags/tutorial_dag.py took 0.130 seconds
[2025-03-08T19:42:49.718+0000] {processor.py:186} INFO - Started process (PID=25591) to work on /home/airflow/.local/lib/python3.12/site-packages/airflow/example_dags/tutorial_dag.py
[2025-03-08T19:42:49.719+0000] {processor.py:914} INFO - Processing file /home/airflow/.local/lib/python3.12/site-packages/airflow/example_dags/tutorial_dag.py for tasks to queue
[2025-03-08T19:42:49.723+0000] {logging_mixin.py:190} INFO - [2025-03-08T19:42:49.722+0000] {dagbag.py:588} INFO - Filling up the DagBag from /home/airflow/.local/lib/python3.12/site-packages/airflow/example_dags/tutorial_dag.py
[2025-03-08T19:42:49.733+0000] {processor.py:925} INFO - DAG(s) 'tutorial_dag' retrieved from /home/airflow/.local/lib/python3.12/site-packages/airflow/example_dags/tutorial_dag.py
[2025-03-08T19:42:49.766+0000] {logging_mixin.py:190} INFO - [2025-03-08T19:42:49.765+0000] {dag.py:3239} INFO - Sync 1 DAGs
[2025-03-08T19:42:49.798+0000] {logging_mixin.py:190} INFO - [2025-03-08T19:42:49.798+0000] {dag.py:4180} INFO - Setting next_dagrun for tutorial_dag to None, run_after=None
[2025-03-08T19:42:49.832+0000] {processor.py:208} INFO - Processing /home/airflow/.local/lib/python3.12/site-packages/airflow/example_dags/tutorial_dag.py took 0.122 seconds
[2025-03-08T19:43:20.204+0000] {processor.py:186} INFO - Started process (PID=25654) to work on /home/airflow/.local/lib/python3.12/site-packages/airflow/example_dags/tutorial_dag.py
[2025-03-08T19:43:20.206+0000] {processor.py:914} INFO - Processing file /home/airflow/.local/lib/python3.12/site-packages/airflow/example_dags/tutorial_dag.py for tasks to queue
[2025-03-08T19:43:20.210+0000] {logging_mixin.py:190} INFO - [2025-03-08T19:43:20.209+0000] {dagbag.py:588} INFO - Filling up the DagBag from /home/airflow/.local/lib/python3.12/site-packages/airflow/example_dags/tutorial_dag.py
[2025-03-08T19:43:20.225+0000] {processor.py:925} INFO - DAG(s) 'tutorial_dag' retrieved from /home/airflow/.local/lib/python3.12/site-packages/airflow/example_dags/tutorial_dag.py
[2025-03-08T19:43:20.264+0000] {logging_mixin.py:190} INFO - [2025-03-08T19:43:20.264+0000] {dag.py:3239} INFO - Sync 1 DAGs
[2025-03-08T19:43:20.300+0000] {logging_mixin.py:190} INFO - [2025-03-08T19:43:20.300+0000] {dag.py:4180} INFO - Setting next_dagrun for tutorial_dag to None, run_after=None
[2025-03-08T19:43:20.340+0000] {processor.py:208} INFO - Processing /home/airflow/.local/lib/python3.12/site-packages/airflow/example_dags/tutorial_dag.py took 0.146 seconds
[2025-03-08T19:43:50.486+0000] {processor.py:186} INFO - Started process (PID=25717) to work on /home/airflow/.local/lib/python3.12/site-packages/airflow/example_dags/tutorial_dag.py
[2025-03-08T19:43:50.487+0000] {processor.py:914} INFO - Processing file /home/airflow/.local/lib/python3.12/site-packages/airflow/example_dags/tutorial_dag.py for tasks to queue
[2025-03-08T19:43:50.491+0000] {logging_mixin.py:190} INFO - [2025-03-08T19:43:50.491+0000] {dagbag.py:588} INFO - Filling up the DagBag from /home/airflow/.local/lib/python3.12/site-packages/airflow/example_dags/tutorial_dag.py
[2025-03-08T19:43:50.506+0000] {processor.py:925} INFO - DAG(s) 'tutorial_dag' retrieved from /home/airflow/.local/lib/python3.12/site-packages/airflow/example_dags/tutorial_dag.py
[2025-03-08T19:43:50.544+0000] {logging_mixin.py:190} INFO - [2025-03-08T19:43:50.543+0000] {dag.py:3239} INFO - Sync 1 DAGs
[2025-03-08T19:43:50.573+0000] {logging_mixin.py:190} INFO - [2025-03-08T19:43:50.572+0000] {dag.py:4180} INFO - Setting next_dagrun for tutorial_dag to None, run_after=None
[2025-03-08T19:43:50.609+0000] {processor.py:208} INFO - Processing /home/airflow/.local/lib/python3.12/site-packages/airflow/example_dags/tutorial_dag.py took 0.135 seconds
[2025-03-08T19:44:21.303+0000] {processor.py:186} INFO - Started process (PID=25780) to work on /home/airflow/.local/lib/python3.12/site-packages/airflow/example_dags/tutorial_dag.py
[2025-03-08T19:44:21.304+0000] {processor.py:914} INFO - Processing file /home/airflow/.local/lib/python3.12/site-packages/airflow/example_dags/tutorial_dag.py for tasks to queue
[2025-03-08T19:44:21.308+0000] {logging_mixin.py:190} INFO - [2025-03-08T19:44:21.307+0000] {dagbag.py:588} INFO - Filling up the DagBag from /home/airflow/.local/lib/python3.12/site-packages/airflow/example_dags/tutorial_dag.py
[2025-03-08T19:44:21.323+0000] {processor.py:925} INFO - DAG(s) 'tutorial_dag' retrieved from /home/airflow/.local/lib/python3.12/site-packages/airflow/example_dags/tutorial_dag.py
[2025-03-08T19:44:21.355+0000] {logging_mixin.py:190} INFO - [2025-03-08T19:44:21.355+0000] {dag.py:3239} INFO - Sync 1 DAGs
[2025-03-08T19:44:21.387+0000] {logging_mixin.py:190} INFO - [2025-03-08T19:44:21.387+0000] {dag.py:4180} INFO - Setting next_dagrun for tutorial_dag to None, run_after=None
[2025-03-08T19:44:21.423+0000] {processor.py:208} INFO - Processing /home/airflow/.local/lib/python3.12/site-packages/airflow/example_dags/tutorial_dag.py took 0.129 seconds
[2025-03-08T19:44:52.181+0000] {processor.py:186} INFO - Started process (PID=25833) to work on /home/airflow/.local/lib/python3.12/site-packages/airflow/example_dags/tutorial_dag.py
[2025-03-08T19:44:52.182+0000] {processor.py:914} INFO - Processing file /home/airflow/.local/lib/python3.12/site-packages/airflow/example_dags/tutorial_dag.py for tasks to queue
[2025-03-08T19:44:52.185+0000] {logging_mixin.py:190} INFO - [2025-03-08T19:44:52.185+0000] {dagbag.py:588} INFO - Filling up the DagBag from /home/airflow/.local/lib/python3.12/site-packages/airflow/example_dags/tutorial_dag.py
[2025-03-08T19:44:52.198+0000] {processor.py:925} INFO - DAG(s) 'tutorial_dag' retrieved from /home/airflow/.local/lib/python3.12/site-packages/airflow/example_dags/tutorial_dag.py
[2025-03-08T19:44:52.228+0000] {logging_mixin.py:190} INFO - [2025-03-08T19:44:52.227+0000] {dag.py:3239} INFO - Sync 1 DAGs
[2025-03-08T19:44:52.254+0000] {logging_mixin.py:190} INFO - [2025-03-08T19:44:52.254+0000] {dag.py:4180} INFO - Setting next_dagrun for tutorial_dag to None, run_after=None
[2025-03-08T19:44:52.288+0000] {processor.py:208} INFO - Processing /home/airflow/.local/lib/python3.12/site-packages/airflow/example_dags/tutorial_dag.py took 0.116 seconds
[2025-03-08T19:45:22.481+0000] {processor.py:186} INFO - Started process (PID=25895) to work on /home/airflow/.local/lib/python3.12/site-packages/airflow/example_dags/tutorial_dag.py
[2025-03-08T19:45:22.482+0000] {processor.py:914} INFO - Processing file /home/airflow/.local/lib/python3.12/site-packages/airflow/example_dags/tutorial_dag.py for tasks to queue
[2025-03-08T19:45:22.487+0000] {logging_mixin.py:190} INFO - [2025-03-08T19:45:22.486+0000] {dagbag.py:588} INFO - Filling up the DagBag from /home/airflow/.local/lib/python3.12/site-packages/airflow/example_dags/tutorial_dag.py
[2025-03-08T19:45:22.501+0000] {processor.py:925} INFO - DAG(s) 'tutorial_dag' retrieved from /home/airflow/.local/lib/python3.12/site-packages/airflow/example_dags/tutorial_dag.py
[2025-03-08T19:45:22.533+0000] {logging_mixin.py:190} INFO - [2025-03-08T19:45:22.533+0000] {dag.py:3239} INFO - Sync 1 DAGs
[2025-03-08T19:45:22.566+0000] {logging_mixin.py:190} INFO - [2025-03-08T19:45:22.566+0000] {dag.py:4180} INFO - Setting next_dagrun for tutorial_dag to None, run_after=None
[2025-03-08T19:45:22.599+0000] {processor.py:208} INFO - Processing /home/airflow/.local/lib/python3.12/site-packages/airflow/example_dags/tutorial_dag.py took 0.128 seconds
[2025-03-08T19:45:53.821+0000] {processor.py:186} INFO - Started process (PID=25956) to work on /home/airflow/.local/lib/python3.12/site-packages/airflow/example_dags/tutorial_dag.py
[2025-03-08T19:45:53.822+0000] {processor.py:914} INFO - Processing file /home/airflow/.local/lib/python3.12/site-packages/airflow/example_dags/tutorial_dag.py for tasks to queue
[2025-03-08T19:45:53.826+0000] {logging_mixin.py:190} INFO - [2025-03-08T19:45:53.825+0000] {dagbag.py:588} INFO - Filling up the DagBag from /home/airflow/.local/lib/python3.12/site-packages/airflow/example_dags/tutorial_dag.py
[2025-03-08T19:45:53.836+0000] {processor.py:925} INFO - DAG(s) 'tutorial_dag' retrieved from /home/airflow/.local/lib/python3.12/site-packages/airflow/example_dags/tutorial_dag.py
[2025-03-08T19:45:53.868+0000] {logging_mixin.py:190} INFO - [2025-03-08T19:45:53.867+0000] {dag.py:3239} INFO - Sync 1 DAGs
[2025-03-08T19:45:53.900+0000] {logging_mixin.py:190} INFO - [2025-03-08T19:45:53.899+0000] {dag.py:4180} INFO - Setting next_dagrun for tutorial_dag to None, run_after=None
[2025-03-08T19:45:53.933+0000] {processor.py:208} INFO - Processing /home/airflow/.local/lib/python3.12/site-packages/airflow/example_dags/tutorial_dag.py took 0.120 seconds
[2025-03-08T19:46:25.628+0000] {processor.py:186} INFO - Started process (PID=26016) to work on /home/airflow/.local/lib/python3.12/site-packages/airflow/example_dags/tutorial_dag.py
[2025-03-08T19:46:25.630+0000] {processor.py:914} INFO - Processing file /home/airflow/.local/lib/python3.12/site-packages/airflow/example_dags/tutorial_dag.py for tasks to queue
[2025-03-08T19:46:25.634+0000] {logging_mixin.py:190} INFO - [2025-03-08T19:46:25.633+0000] {dagbag.py:588} INFO - Filling up the DagBag from /home/airflow/.local/lib/python3.12/site-packages/airflow/example_dags/tutorial_dag.py
[2025-03-08T19:46:25.645+0000] {processor.py:925} INFO - DAG(s) 'tutorial_dag' retrieved from /home/airflow/.local/lib/python3.12/site-packages/airflow/example_dags/tutorial_dag.py
[2025-03-08T19:46:25.675+0000] {logging_mixin.py:190} INFO - [2025-03-08T19:46:25.675+0000] {dag.py:3239} INFO - Sync 1 DAGs
[2025-03-08T19:46:25.705+0000] {logging_mixin.py:190} INFO - [2025-03-08T19:46:25.705+0000] {dag.py:4180} INFO - Setting next_dagrun for tutorial_dag to None, run_after=None
[2025-03-08T19:46:25.740+0000] {processor.py:208} INFO - Processing /home/airflow/.local/lib/python3.12/site-packages/airflow/example_dags/tutorial_dag.py took 0.123 seconds
[2025-03-08T19:46:56.995+0000] {processor.py:186} INFO - Started process (PID=26078) to work on /home/airflow/.local/lib/python3.12/site-packages/airflow/example_dags/tutorial_dag.py
[2025-03-08T19:46:56.996+0000] {processor.py:914} INFO - Processing file /home/airflow/.local/lib/python3.12/site-packages/airflow/example_dags/tutorial_dag.py for tasks to queue
[2025-03-08T19:46:56.999+0000] {logging_mixin.py:190} INFO - [2025-03-08T19:46:56.999+0000] {dagbag.py:588} INFO - Filling up the DagBag from /home/airflow/.local/lib/python3.12/site-packages/airflow/example_dags/tutorial_dag.py
[2025-03-08T19:46:57.012+0000] {processor.py:925} INFO - DAG(s) 'tutorial_dag' retrieved from /home/airflow/.local/lib/python3.12/site-packages/airflow/example_dags/tutorial_dag.py
[2025-03-08T19:46:57.041+0000] {logging_mixin.py:190} INFO - [2025-03-08T19:46:57.040+0000] {dag.py:3239} INFO - Sync 1 DAGs
[2025-03-08T19:46:57.067+0000] {logging_mixin.py:190} INFO - [2025-03-08T19:46:57.067+0000] {dag.py:4180} INFO - Setting next_dagrun for tutorial_dag to None, run_after=None
[2025-03-08T19:46:57.096+0000] {processor.py:208} INFO - Processing /home/airflow/.local/lib/python3.12/site-packages/airflow/example_dags/tutorial_dag.py took 0.110 seconds
[2025-03-08T19:47:28.113+0000] {processor.py:186} INFO - Started process (PID=26140) to work on /home/airflow/.local/lib/python3.12/site-packages/airflow/example_dags/tutorial_dag.py
[2025-03-08T19:47:28.114+0000] {processor.py:914} INFO - Processing file /home/airflow/.local/lib/python3.12/site-packages/airflow/example_dags/tutorial_dag.py for tasks to queue
[2025-03-08T19:47:28.117+0000] {logging_mixin.py:190} INFO - [2025-03-08T19:47:28.116+0000] {dagbag.py:588} INFO - Filling up the DagBag from /home/airflow/.local/lib/python3.12/site-packages/airflow/example_dags/tutorial_dag.py
[2025-03-08T19:47:28.127+0000] {processor.py:925} INFO - DAG(s) 'tutorial_dag' retrieved from /home/airflow/.local/lib/python3.12/site-packages/airflow/example_dags/tutorial_dag.py
[2025-03-08T19:47:28.156+0000] {logging_mixin.py:190} INFO - [2025-03-08T19:47:28.155+0000] {dag.py:3239} INFO - Sync 1 DAGs
[2025-03-08T19:47:28.179+0000] {logging_mixin.py:190} INFO - [2025-03-08T19:47:28.179+0000] {dag.py:4180} INFO - Setting next_dagrun for tutorial_dag to None, run_after=None
[2025-03-08T19:47:28.207+0000] {processor.py:208} INFO - Processing /home/airflow/.local/lib/python3.12/site-packages/airflow/example_dags/tutorial_dag.py took 0.103 seconds
[2025-03-08T19:47:59.648+0000] {processor.py:186} INFO - Started process (PID=26203) to work on /home/airflow/.local/lib/python3.12/site-packages/airflow/example_dags/tutorial_dag.py
[2025-03-08T19:47:59.649+0000] {processor.py:914} INFO - Processing file /home/airflow/.local/lib/python3.12/site-packages/airflow/example_dags/tutorial_dag.py for tasks to queue
[2025-03-08T19:47:59.652+0000] {logging_mixin.py:190} INFO - [2025-03-08T19:47:59.652+0000] {dagbag.py:588} INFO - Filling up the DagBag from /home/airflow/.local/lib/python3.12/site-packages/airflow/example_dags/tutorial_dag.py
[2025-03-08T19:47:59.666+0000] {processor.py:925} INFO - DAG(s) 'tutorial_dag' retrieved from /home/airflow/.local/lib/python3.12/site-packages/airflow/example_dags/tutorial_dag.py
[2025-03-08T19:47:59.704+0000] {logging_mixin.py:190} INFO - [2025-03-08T19:47:59.703+0000] {dag.py:3239} INFO - Sync 1 DAGs
[2025-03-08T19:47:59.735+0000] {logging_mixin.py:190} INFO - [2025-03-08T19:47:59.734+0000] {dag.py:4180} INFO - Setting next_dagrun for tutorial_dag to None, run_after=None
[2025-03-08T19:47:59.772+0000] {processor.py:208} INFO - Processing /home/airflow/.local/lib/python3.12/site-packages/airflow/example_dags/tutorial_dag.py took 0.133 seconds
[2025-03-08T19:48:31.604+0000] {processor.py:186} INFO - Started process (PID=26266) to work on /home/airflow/.local/lib/python3.12/site-packages/airflow/example_dags/tutorial_dag.py
[2025-03-08T19:48:31.605+0000] {processor.py:914} INFO - Processing file /home/airflow/.local/lib/python3.12/site-packages/airflow/example_dags/tutorial_dag.py for tasks to queue
[2025-03-08T19:48:31.608+0000] {logging_mixin.py:190} INFO - [2025-03-08T19:48:31.607+0000] {dagbag.py:588} INFO - Filling up the DagBag from /home/airflow/.local/lib/python3.12/site-packages/airflow/example_dags/tutorial_dag.py
[2025-03-08T19:48:31.618+0000] {processor.py:925} INFO - DAG(s) 'tutorial_dag' retrieved from /home/airflow/.local/lib/python3.12/site-packages/airflow/example_dags/tutorial_dag.py
[2025-03-08T19:48:31.646+0000] {logging_mixin.py:190} INFO - [2025-03-08T19:48:31.646+0000] {dag.py:3239} INFO - Sync 1 DAGs
[2025-03-08T19:48:31.671+0000] {logging_mixin.py:190} INFO - [2025-03-08T19:48:31.671+0000] {dag.py:4180} INFO - Setting next_dagrun for tutorial_dag to None, run_after=None
[2025-03-08T19:48:31.700+0000] {processor.py:208} INFO - Processing /home/airflow/.local/lib/python3.12/site-packages/airflow/example_dags/tutorial_dag.py took 0.105 seconds
[2025-03-08T19:49:02.785+0000] {processor.py:186} INFO - Started process (PID=26328) to work on /home/airflow/.local/lib/python3.12/site-packages/airflow/example_dags/tutorial_dag.py
[2025-03-08T19:49:02.786+0000] {processor.py:914} INFO - Processing file /home/airflow/.local/lib/python3.12/site-packages/airflow/example_dags/tutorial_dag.py for tasks to queue
[2025-03-08T19:49:02.790+0000] {logging_mixin.py:190} INFO - [2025-03-08T19:49:02.789+0000] {dagbag.py:588} INFO - Filling up the DagBag from /home/airflow/.local/lib/python3.12/site-packages/airflow/example_dags/tutorial_dag.py
[2025-03-08T19:49:02.800+0000] {processor.py:925} INFO - DAG(s) 'tutorial_dag' retrieved from /home/airflow/.local/lib/python3.12/site-packages/airflow/example_dags/tutorial_dag.py
[2025-03-08T19:49:02.828+0000] {logging_mixin.py:190} INFO - [2025-03-08T19:49:02.828+0000] {dag.py:3239} INFO - Sync 1 DAGs
[2025-03-08T19:49:02.851+0000] {logging_mixin.py:190} INFO - [2025-03-08T19:49:02.851+0000] {dag.py:4180} INFO - Setting next_dagrun for tutorial_dag to None, run_after=None
[2025-03-08T19:49:02.880+0000] {processor.py:208} INFO - Processing /home/airflow/.local/lib/python3.12/site-packages/airflow/example_dags/tutorial_dag.py took 0.103 seconds
[2025-03-08T19:49:34.137+0000] {processor.py:186} INFO - Started process (PID=26391) to work on /home/airflow/.local/lib/python3.12/site-packages/airflow/example_dags/tutorial_dag.py
[2025-03-08T19:49:34.139+0000] {processor.py:914} INFO - Processing file /home/airflow/.local/lib/python3.12/site-packages/airflow/example_dags/tutorial_dag.py for tasks to queue
[2025-03-08T19:49:34.142+0000] {logging_mixin.py:190} INFO - [2025-03-08T19:49:34.141+0000] {dagbag.py:588} INFO - Filling up the DagBag from /home/airflow/.local/lib/python3.12/site-packages/airflow/example_dags/tutorial_dag.py
[2025-03-08T19:49:34.156+0000] {processor.py:925} INFO - DAG(s) 'tutorial_dag' retrieved from /home/airflow/.local/lib/python3.12/site-packages/airflow/example_dags/tutorial_dag.py
[2025-03-08T19:49:34.185+0000] {logging_mixin.py:190} INFO - [2025-03-08T19:49:34.184+0000] {dag.py:3239} INFO - Sync 1 DAGs
[2025-03-08T19:49:34.208+0000] {logging_mixin.py:190} INFO - [2025-03-08T19:49:34.207+0000] {dag.py:4180} INFO - Setting next_dagrun for tutorial_dag to None, run_after=None
[2025-03-08T19:49:34.237+0000] {processor.py:208} INFO - Processing /home/airflow/.local/lib/python3.12/site-packages/airflow/example_dags/tutorial_dag.py took 0.108 seconds
[2025-03-08T19:50:05.343+0000] {processor.py:186} INFO - Started process (PID=26453) to work on /home/airflow/.local/lib/python3.12/site-packages/airflow/example_dags/tutorial_dag.py
[2025-03-08T19:50:05.344+0000] {processor.py:914} INFO - Processing file /home/airflow/.local/lib/python3.12/site-packages/airflow/example_dags/tutorial_dag.py for tasks to queue
[2025-03-08T19:50:05.347+0000] {logging_mixin.py:190} INFO - [2025-03-08T19:50:05.347+0000] {dagbag.py:588} INFO - Filling up the DagBag from /home/airflow/.local/lib/python3.12/site-packages/airflow/example_dags/tutorial_dag.py
[2025-03-08T19:50:05.358+0000] {processor.py:925} INFO - DAG(s) 'tutorial_dag' retrieved from /home/airflow/.local/lib/python3.12/site-packages/airflow/example_dags/tutorial_dag.py
[2025-03-08T19:50:05.386+0000] {logging_mixin.py:190} INFO - [2025-03-08T19:50:05.385+0000] {dag.py:3239} INFO - Sync 1 DAGs
[2025-03-08T19:50:05.409+0000] {logging_mixin.py:190} INFO - [2025-03-08T19:50:05.409+0000] {dag.py:4180} INFO - Setting next_dagrun for tutorial_dag to None, run_after=None
[2025-03-08T19:50:05.439+0000] {processor.py:208} INFO - Processing /home/airflow/.local/lib/python3.12/site-packages/airflow/example_dags/tutorial_dag.py took 0.104 seconds
[2025-03-08T19:50:36.662+0000] {processor.py:186} INFO - Started process (PID=26516) to work on /home/airflow/.local/lib/python3.12/site-packages/airflow/example_dags/tutorial_dag.py
[2025-03-08T19:50:36.663+0000] {processor.py:914} INFO - Processing file /home/airflow/.local/lib/python3.12/site-packages/airflow/example_dags/tutorial_dag.py for tasks to queue
[2025-03-08T19:50:36.666+0000] {logging_mixin.py:190} INFO - [2025-03-08T19:50:36.665+0000] {dagbag.py:588} INFO - Filling up the DagBag from /home/airflow/.local/lib/python3.12/site-packages/airflow/example_dags/tutorial_dag.py
[2025-03-08T19:50:36.676+0000] {processor.py:925} INFO - DAG(s) 'tutorial_dag' retrieved from /home/airflow/.local/lib/python3.12/site-packages/airflow/example_dags/tutorial_dag.py
[2025-03-08T19:50:36.709+0000] {logging_mixin.py:190} INFO - [2025-03-08T19:50:36.709+0000] {dag.py:3239} INFO - Sync 1 DAGs
[2025-03-08T19:50:36.734+0000] {logging_mixin.py:190} INFO - [2025-03-08T19:50:36.734+0000] {dag.py:4180} INFO - Setting next_dagrun for tutorial_dag to None, run_after=None
[2025-03-08T19:50:36.764+0000] {processor.py:208} INFO - Processing /home/airflow/.local/lib/python3.12/site-packages/airflow/example_dags/tutorial_dag.py took 0.110 seconds
[2025-03-08T19:51:06.904+0000] {processor.py:186} INFO - Started process (PID=26577) to work on /home/airflow/.local/lib/python3.12/site-packages/airflow/example_dags/tutorial_dag.py
[2025-03-08T19:51:06.905+0000] {processor.py:914} INFO - Processing file /home/airflow/.local/lib/python3.12/site-packages/airflow/example_dags/tutorial_dag.py for tasks to queue
[2025-03-08T19:51:06.908+0000] {logging_mixin.py:190} INFO - [2025-03-08T19:51:06.908+0000] {dagbag.py:588} INFO - Filling up the DagBag from /home/airflow/.local/lib/python3.12/site-packages/airflow/example_dags/tutorial_dag.py
[2025-03-08T19:51:06.920+0000] {processor.py:925} INFO - DAG(s) 'tutorial_dag' retrieved from /home/airflow/.local/lib/python3.12/site-packages/airflow/example_dags/tutorial_dag.py
[2025-03-08T19:51:06.951+0000] {logging_mixin.py:190} INFO - [2025-03-08T19:51:06.950+0000] {dag.py:3239} INFO - Sync 1 DAGs
[2025-03-08T19:51:06.977+0000] {logging_mixin.py:190} INFO - [2025-03-08T19:51:06.977+0000] {dag.py:4180} INFO - Setting next_dagrun for tutorial_dag to None, run_after=None
[2025-03-08T19:51:07.012+0000] {processor.py:208} INFO - Processing /home/airflow/.local/lib/python3.12/site-packages/airflow/example_dags/tutorial_dag.py took 0.116 seconds
[2025-03-08T19:51:37.143+0000] {processor.py:186} INFO - Started process (PID=26640) to work on /home/airflow/.local/lib/python3.12/site-packages/airflow/example_dags/tutorial_dag.py
[2025-03-08T19:51:37.144+0000] {processor.py:914} INFO - Processing file /home/airflow/.local/lib/python3.12/site-packages/airflow/example_dags/tutorial_dag.py for tasks to queue
[2025-03-08T19:51:37.147+0000] {logging_mixin.py:190} INFO - [2025-03-08T19:51:37.147+0000] {dagbag.py:588} INFO - Filling up the DagBag from /home/airflow/.local/lib/python3.12/site-packages/airflow/example_dags/tutorial_dag.py
[2025-03-08T19:51:37.160+0000] {processor.py:925} INFO - DAG(s) 'tutorial_dag' retrieved from /home/airflow/.local/lib/python3.12/site-packages/airflow/example_dags/tutorial_dag.py
[2025-03-08T19:51:37.192+0000] {logging_mixin.py:190} INFO - [2025-03-08T19:51:37.191+0000] {dag.py:3239} INFO - Sync 1 DAGs
[2025-03-08T19:51:37.219+0000] {logging_mixin.py:190} INFO - [2025-03-08T19:51:37.219+0000] {dag.py:4180} INFO - Setting next_dagrun for tutorial_dag to None, run_after=None
[2025-03-08T19:51:37.249+0000] {processor.py:208} INFO - Processing /home/airflow/.local/lib/python3.12/site-packages/airflow/example_dags/tutorial_dag.py took 0.114 seconds
[2025-03-08T19:52:07.572+0000] {processor.py:186} INFO - Started process (PID=26703) to work on /home/airflow/.local/lib/python3.12/site-packages/airflow/example_dags/tutorial_dag.py
[2025-03-08T19:52:07.573+0000] {processor.py:914} INFO - Processing file /home/airflow/.local/lib/python3.12/site-packages/airflow/example_dags/tutorial_dag.py for tasks to queue
[2025-03-08T19:52:07.576+0000] {logging_mixin.py:190} INFO - [2025-03-08T19:52:07.575+0000] {dagbag.py:588} INFO - Filling up the DagBag from /home/airflow/.local/lib/python3.12/site-packages/airflow/example_dags/tutorial_dag.py
[2025-03-08T19:52:07.589+0000] {processor.py:925} INFO - DAG(s) 'tutorial_dag' retrieved from /home/airflow/.local/lib/python3.12/site-packages/airflow/example_dags/tutorial_dag.py
[2025-03-08T19:52:07.630+0000] {logging_mixin.py:190} INFO - [2025-03-08T19:52:07.629+0000] {dag.py:3239} INFO - Sync 1 DAGs
[2025-03-08T19:52:07.666+0000] {logging_mixin.py:190} INFO - [2025-03-08T19:52:07.666+0000] {dag.py:4180} INFO - Setting next_dagrun for tutorial_dag to None, run_after=None
[2025-03-08T19:52:07.710+0000] {processor.py:208} INFO - Processing /home/airflow/.local/lib/python3.12/site-packages/airflow/example_dags/tutorial_dag.py took 0.147 seconds
[2025-03-08T19:52:37.893+0000] {processor.py:186} INFO - Started process (PID=26766) to work on /home/airflow/.local/lib/python3.12/site-packages/airflow/example_dags/tutorial_dag.py
[2025-03-08T19:52:37.895+0000] {processor.py:914} INFO - Processing file /home/airflow/.local/lib/python3.12/site-packages/airflow/example_dags/tutorial_dag.py for tasks to queue
[2025-03-08T19:52:37.899+0000] {logging_mixin.py:190} INFO - [2025-03-08T19:52:37.898+0000] {dagbag.py:588} INFO - Filling up the DagBag from /home/airflow/.local/lib/python3.12/site-packages/airflow/example_dags/tutorial_dag.py
[2025-03-08T19:52:37.911+0000] {processor.py:925} INFO - DAG(s) 'tutorial_dag' retrieved from /home/airflow/.local/lib/python3.12/site-packages/airflow/example_dags/tutorial_dag.py
[2025-03-08T19:52:37.939+0000] {logging_mixin.py:190} INFO - [2025-03-08T19:52:37.939+0000] {dag.py:3239} INFO - Sync 1 DAGs
[2025-03-08T19:52:37.963+0000] {logging_mixin.py:190} INFO - [2025-03-08T19:52:37.963+0000] {dag.py:4180} INFO - Setting next_dagrun for tutorial_dag to None, run_after=None
[2025-03-08T19:52:37.992+0000] {processor.py:208} INFO - Processing /home/airflow/.local/lib/python3.12/site-packages/airflow/example_dags/tutorial_dag.py took 0.111 seconds
[2025-03-08T19:53:08.531+0000] {processor.py:186} INFO - Started process (PID=26829) to work on /home/airflow/.local/lib/python3.12/site-packages/airflow/example_dags/tutorial_dag.py
[2025-03-08T19:53:08.533+0000] {processor.py:914} INFO - Processing file /home/airflow/.local/lib/python3.12/site-packages/airflow/example_dags/tutorial_dag.py for tasks to queue
[2025-03-08T19:53:08.535+0000] {logging_mixin.py:190} INFO - [2025-03-08T19:53:08.535+0000] {dagbag.py:588} INFO - Filling up the DagBag from /home/airflow/.local/lib/python3.12/site-packages/airflow/example_dags/tutorial_dag.py
[2025-03-08T19:53:08.546+0000] {processor.py:925} INFO - DAG(s) 'tutorial_dag' retrieved from /home/airflow/.local/lib/python3.12/site-packages/airflow/example_dags/tutorial_dag.py
[2025-03-08T19:53:08.577+0000] {logging_mixin.py:190} INFO - [2025-03-08T19:53:08.576+0000] {dag.py:3239} INFO - Sync 1 DAGs
[2025-03-08T19:53:08.605+0000] {logging_mixin.py:190} INFO - [2025-03-08T19:53:08.604+0000] {dag.py:4180} INFO - Setting next_dagrun for tutorial_dag to None, run_after=None
[2025-03-08T19:53:08.636+0000] {processor.py:208} INFO - Processing /home/airflow/.local/lib/python3.12/site-packages/airflow/example_dags/tutorial_dag.py took 0.114 seconds
[2025-03-08T19:53:39.137+0000] {processor.py:186} INFO - Started process (PID=26892) to work on /home/airflow/.local/lib/python3.12/site-packages/airflow/example_dags/tutorial_dag.py
[2025-03-08T19:53:39.138+0000] {processor.py:914} INFO - Processing file /home/airflow/.local/lib/python3.12/site-packages/airflow/example_dags/tutorial_dag.py for tasks to queue
[2025-03-08T19:53:39.141+0000] {logging_mixin.py:190} INFO - [2025-03-08T19:53:39.141+0000] {dagbag.py:588} INFO - Filling up the DagBag from /home/airflow/.local/lib/python3.12/site-packages/airflow/example_dags/tutorial_dag.py
[2025-03-08T19:53:39.152+0000] {processor.py:925} INFO - DAG(s) 'tutorial_dag' retrieved from /home/airflow/.local/lib/python3.12/site-packages/airflow/example_dags/tutorial_dag.py
[2025-03-08T19:53:39.180+0000] {logging_mixin.py:190} INFO - [2025-03-08T19:53:39.180+0000] {dag.py:3239} INFO - Sync 1 DAGs
[2025-03-08T19:53:39.204+0000] {logging_mixin.py:190} INFO - [2025-03-08T19:53:39.204+0000] {dag.py:4180} INFO - Setting next_dagrun for tutorial_dag to None, run_after=None
[2025-03-08T19:53:39.232+0000] {processor.py:208} INFO - Processing /home/airflow/.local/lib/python3.12/site-packages/airflow/example_dags/tutorial_dag.py took 0.104 seconds
[2025-03-08T19:54:09.619+0000] {processor.py:186} INFO - Started process (PID=26954) to work on /home/airflow/.local/lib/python3.12/site-packages/airflow/example_dags/tutorial_dag.py
[2025-03-08T19:54:09.620+0000] {processor.py:914} INFO - Processing file /home/airflow/.local/lib/python3.12/site-packages/airflow/example_dags/tutorial_dag.py for tasks to queue
[2025-03-08T19:54:09.624+0000] {logging_mixin.py:190} INFO - [2025-03-08T19:54:09.623+0000] {dagbag.py:588} INFO - Filling up the DagBag from /home/airflow/.local/lib/python3.12/site-packages/airflow/example_dags/tutorial_dag.py
[2025-03-08T19:54:09.635+0000] {processor.py:925} INFO - DAG(s) 'tutorial_dag' retrieved from /home/airflow/.local/lib/python3.12/site-packages/airflow/example_dags/tutorial_dag.py
[2025-03-08T19:54:09.667+0000] {logging_mixin.py:190} INFO - [2025-03-08T19:54:09.666+0000] {dag.py:3239} INFO - Sync 1 DAGs
[2025-03-08T19:54:09.694+0000] {logging_mixin.py:190} INFO - [2025-03-08T19:54:09.694+0000] {dag.py:4180} INFO - Setting next_dagrun for tutorial_dag to None, run_after=None
[2025-03-08T19:54:09.727+0000] {processor.py:208} INFO - Processing /home/airflow/.local/lib/python3.12/site-packages/airflow/example_dags/tutorial_dag.py took 0.117 seconds
[2025-03-08T19:54:40.369+0000] {processor.py:186} INFO - Started process (PID=27016) to work on /home/airflow/.local/lib/python3.12/site-packages/airflow/example_dags/tutorial_dag.py
[2025-03-08T19:54:40.370+0000] {processor.py:914} INFO - Processing file /home/airflow/.local/lib/python3.12/site-packages/airflow/example_dags/tutorial_dag.py for tasks to queue
[2025-03-08T19:54:40.373+0000] {logging_mixin.py:190} INFO - [2025-03-08T19:54:40.372+0000] {dagbag.py:588} INFO - Filling up the DagBag from /home/airflow/.local/lib/python3.12/site-packages/airflow/example_dags/tutorial_dag.py
[2025-03-08T19:54:40.383+0000] {processor.py:925} INFO - DAG(s) 'tutorial_dag' retrieved from /home/airflow/.local/lib/python3.12/site-packages/airflow/example_dags/tutorial_dag.py
[2025-03-08T19:54:40.412+0000] {logging_mixin.py:190} INFO - [2025-03-08T19:54:40.411+0000] {dag.py:3239} INFO - Sync 1 DAGs
[2025-03-08T19:54:40.435+0000] {logging_mixin.py:190} INFO - [2025-03-08T19:54:40.434+0000] {dag.py:4180} INFO - Setting next_dagrun for tutorial_dag to None, run_after=None
[2025-03-08T19:54:40.464+0000] {processor.py:208} INFO - Processing /home/airflow/.local/lib/python3.12/site-packages/airflow/example_dags/tutorial_dag.py took 0.104 seconds
[2025-03-08T19:55:10.694+0000] {processor.py:186} INFO - Started process (PID=27078) to work on /home/airflow/.local/lib/python3.12/site-packages/airflow/example_dags/tutorial_dag.py
[2025-03-08T19:55:10.695+0000] {processor.py:914} INFO - Processing file /home/airflow/.local/lib/python3.12/site-packages/airflow/example_dags/tutorial_dag.py for tasks to queue
[2025-03-08T19:55:10.700+0000] {logging_mixin.py:190} INFO - [2025-03-08T19:55:10.699+0000] {dagbag.py:588} INFO - Filling up the DagBag from /home/airflow/.local/lib/python3.12/site-packages/airflow/example_dags/tutorial_dag.py
[2025-03-08T19:55:10.714+0000] {processor.py:925} INFO - DAG(s) 'tutorial_dag' retrieved from /home/airflow/.local/lib/python3.12/site-packages/airflow/example_dags/tutorial_dag.py
[2025-03-08T19:55:10.755+0000] {logging_mixin.py:190} INFO - [2025-03-08T19:55:10.755+0000] {dag.py:3239} INFO - Sync 1 DAGs
[2025-03-08T19:55:10.793+0000] {logging_mixin.py:190} INFO - [2025-03-08T19:55:10.792+0000] {dag.py:4180} INFO - Setting next_dagrun for tutorial_dag to None, run_after=None
[2025-03-08T19:55:10.840+0000] {processor.py:208} INFO - Processing /home/airflow/.local/lib/python3.12/site-packages/airflow/example_dags/tutorial_dag.py took 0.156 seconds
[2025-03-08T19:55:41.273+0000] {processor.py:186} INFO - Started process (PID=27141) to work on /home/airflow/.local/lib/python3.12/site-packages/airflow/example_dags/tutorial_dag.py
[2025-03-08T19:55:41.274+0000] {processor.py:914} INFO - Processing file /home/airflow/.local/lib/python3.12/site-packages/airflow/example_dags/tutorial_dag.py for tasks to queue
[2025-03-08T19:55:41.277+0000] {logging_mixin.py:190} INFO - [2025-03-08T19:55:41.276+0000] {dagbag.py:588} INFO - Filling up the DagBag from /home/airflow/.local/lib/python3.12/site-packages/airflow/example_dags/tutorial_dag.py
[2025-03-08T19:55:41.288+0000] {processor.py:925} INFO - DAG(s) 'tutorial_dag' retrieved from /home/airflow/.local/lib/python3.12/site-packages/airflow/example_dags/tutorial_dag.py
[2025-03-08T19:55:41.324+0000] {logging_mixin.py:190} INFO - [2025-03-08T19:55:41.323+0000] {dag.py:3239} INFO - Sync 1 DAGs
[2025-03-08T19:55:41.360+0000] {logging_mixin.py:190} INFO - [2025-03-08T19:55:41.359+0000] {dag.py:4180} INFO - Setting next_dagrun for tutorial_dag to None, run_after=None
[2025-03-08T19:55:41.393+0000] {processor.py:208} INFO - Processing /home/airflow/.local/lib/python3.12/site-packages/airflow/example_dags/tutorial_dag.py took 0.129 seconds
[2025-03-08T20:31:10.033+0000] {processor.py:186} INFO - Started process (PID=27219) to work on /home/airflow/.local/lib/python3.12/site-packages/airflow/example_dags/tutorial_dag.py
[2025-03-08T20:31:10.038+0000] {processor.py:914} INFO - Processing file /home/airflow/.local/lib/python3.12/site-packages/airflow/example_dags/tutorial_dag.py for tasks to queue
[2025-03-08T20:31:10.043+0000] {logging_mixin.py:190} INFO - [2025-03-08T20:31:10.042+0000] {dagbag.py:588} INFO - Filling up the DagBag from /home/airflow/.local/lib/python3.12/site-packages/airflow/example_dags/tutorial_dag.py
[2025-03-08T20:31:10.054+0000] {processor.py:925} INFO - DAG(s) 'tutorial_dag' retrieved from /home/airflow/.local/lib/python3.12/site-packages/airflow/example_dags/tutorial_dag.py
[2025-03-08T20:31:10.090+0000] {logging_mixin.py:190} INFO - [2025-03-08T20:31:10.089+0000] {dag.py:3239} INFO - Sync 1 DAGs
[2025-03-08T20:31:10.125+0000] {logging_mixin.py:190} INFO - [2025-03-08T20:31:10.125+0000] {dag.py:4180} INFO - Setting next_dagrun for tutorial_dag to None, run_after=None
[2025-03-08T20:31:10.164+0000] {processor.py:208} INFO - Processing /home/airflow/.local/lib/python3.12/site-packages/airflow/example_dags/tutorial_dag.py took 0.143 seconds
[2025-03-08T20:31:40.820+0000] {processor.py:186} INFO - Started process (PID=27282) to work on /home/airflow/.local/lib/python3.12/site-packages/airflow/example_dags/tutorial_dag.py
[2025-03-08T20:31:40.821+0000] {processor.py:914} INFO - Processing file /home/airflow/.local/lib/python3.12/site-packages/airflow/example_dags/tutorial_dag.py for tasks to queue
[2025-03-08T20:31:40.826+0000] {logging_mixin.py:190} INFO - [2025-03-08T20:31:40.825+0000] {dagbag.py:588} INFO - Filling up the DagBag from /home/airflow/.local/lib/python3.12/site-packages/airflow/example_dags/tutorial_dag.py
[2025-03-08T20:31:40.842+0000] {processor.py:925} INFO - DAG(s) 'tutorial_dag' retrieved from /home/airflow/.local/lib/python3.12/site-packages/airflow/example_dags/tutorial_dag.py
[2025-03-08T20:31:40.883+0000] {logging_mixin.py:190} INFO - [2025-03-08T20:31:40.883+0000] {dag.py:3239} INFO - Sync 1 DAGs
[2025-03-08T20:31:40.922+0000] {logging_mixin.py:190} INFO - [2025-03-08T20:31:40.922+0000] {dag.py:4180} INFO - Setting next_dagrun for tutorial_dag to None, run_after=None
[2025-03-08T20:31:40.967+0000] {processor.py:208} INFO - Processing /home/airflow/.local/lib/python3.12/site-packages/airflow/example_dags/tutorial_dag.py took 0.160 seconds
[2025-03-08T20:32:11.332+0000] {processor.py:186} INFO - Started process (PID=27345) to work on /home/airflow/.local/lib/python3.12/site-packages/airflow/example_dags/tutorial_dag.py
[2025-03-08T20:32:11.333+0000] {processor.py:914} INFO - Processing file /home/airflow/.local/lib/python3.12/site-packages/airflow/example_dags/tutorial_dag.py for tasks to queue
[2025-03-08T20:32:11.338+0000] {logging_mixin.py:190} INFO - [2025-03-08T20:32:11.337+0000] {dagbag.py:588} INFO - Filling up the DagBag from /home/airflow/.local/lib/python3.12/site-packages/airflow/example_dags/tutorial_dag.py
[2025-03-08T20:32:11.353+0000] {processor.py:925} INFO - DAG(s) 'tutorial_dag' retrieved from /home/airflow/.local/lib/python3.12/site-packages/airflow/example_dags/tutorial_dag.py
[2025-03-08T20:32:11.393+0000] {logging_mixin.py:190} INFO - [2025-03-08T20:32:11.393+0000] {dag.py:3239} INFO - Sync 1 DAGs
[2025-03-08T20:32:11.431+0000] {logging_mixin.py:190} INFO - [2025-03-08T20:32:11.430+0000] {dag.py:4180} INFO - Setting next_dagrun for tutorial_dag to None, run_after=None
[2025-03-08T20:32:11.471+0000] {processor.py:208} INFO - Processing /home/airflow/.local/lib/python3.12/site-packages/airflow/example_dags/tutorial_dag.py took 0.150 seconds
[2025-03-08T20:32:42.053+0000] {processor.py:186} INFO - Started process (PID=27409) to work on /home/airflow/.local/lib/python3.12/site-packages/airflow/example_dags/tutorial_dag.py
[2025-03-08T20:32:42.054+0000] {processor.py:914} INFO - Processing file /home/airflow/.local/lib/python3.12/site-packages/airflow/example_dags/tutorial_dag.py for tasks to queue
[2025-03-08T20:32:42.058+0000] {logging_mixin.py:190} INFO - [2025-03-08T20:32:42.058+0000] {dagbag.py:588} INFO - Filling up the DagBag from /home/airflow/.local/lib/python3.12/site-packages/airflow/example_dags/tutorial_dag.py
[2025-03-08T20:32:42.074+0000] {processor.py:925} INFO - DAG(s) 'tutorial_dag' retrieved from /home/airflow/.local/lib/python3.12/site-packages/airflow/example_dags/tutorial_dag.py
[2025-03-08T20:32:42.112+0000] {logging_mixin.py:190} INFO - [2025-03-08T20:32:42.111+0000] {dag.py:3239} INFO - Sync 1 DAGs
[2025-03-08T20:32:42.150+0000] {logging_mixin.py:190} INFO - [2025-03-08T20:32:42.150+0000] {dag.py:4180} INFO - Setting next_dagrun for tutorial_dag to None, run_after=None
[2025-03-08T20:32:42.192+0000] {processor.py:208} INFO - Processing /home/airflow/.local/lib/python3.12/site-packages/airflow/example_dags/tutorial_dag.py took 0.151 seconds
[2025-03-08T20:33:13.284+0000] {processor.py:186} INFO - Started process (PID=27472) to work on /home/airflow/.local/lib/python3.12/site-packages/airflow/example_dags/tutorial_dag.py
[2025-03-08T20:33:13.286+0000] {processor.py:914} INFO - Processing file /home/airflow/.local/lib/python3.12/site-packages/airflow/example_dags/tutorial_dag.py for tasks to queue
[2025-03-08T20:33:13.290+0000] {logging_mixin.py:190} INFO - [2025-03-08T20:33:13.289+0000] {dagbag.py:588} INFO - Filling up the DagBag from /home/airflow/.local/lib/python3.12/site-packages/airflow/example_dags/tutorial_dag.py
[2025-03-08T20:33:13.305+0000] {processor.py:925} INFO - DAG(s) 'tutorial_dag' retrieved from /home/airflow/.local/lib/python3.12/site-packages/airflow/example_dags/tutorial_dag.py
[2025-03-08T20:33:13.345+0000] {logging_mixin.py:190} INFO - [2025-03-08T20:33:13.345+0000] {dag.py:3239} INFO - Sync 1 DAGs
[2025-03-08T20:33:13.383+0000] {logging_mixin.py:190} INFO - [2025-03-08T20:33:13.383+0000] {dag.py:4180} INFO - Setting next_dagrun for tutorial_dag to None, run_after=None
[2025-03-08T20:33:13.423+0000] {processor.py:208} INFO - Processing /home/airflow/.local/lib/python3.12/site-packages/airflow/example_dags/tutorial_dag.py took 0.150 seconds
[2025-03-08T20:33:43.929+0000] {processor.py:186} INFO - Started process (PID=27535) to work on /home/airflow/.local/lib/python3.12/site-packages/airflow/example_dags/tutorial_dag.py
[2025-03-08T20:33:43.930+0000] {processor.py:914} INFO - Processing file /home/airflow/.local/lib/python3.12/site-packages/airflow/example_dags/tutorial_dag.py for tasks to queue
[2025-03-08T20:33:43.933+0000] {logging_mixin.py:190} INFO - [2025-03-08T20:33:43.932+0000] {dagbag.py:588} INFO - Filling up the DagBag from /home/airflow/.local/lib/python3.12/site-packages/airflow/example_dags/tutorial_dag.py
[2025-03-08T20:33:43.944+0000] {processor.py:925} INFO - DAG(s) 'tutorial_dag' retrieved from /home/airflow/.local/lib/python3.12/site-packages/airflow/example_dags/tutorial_dag.py
[2025-03-08T20:33:43.973+0000] {logging_mixin.py:190} INFO - [2025-03-08T20:33:43.973+0000] {dag.py:3239} INFO - Sync 1 DAGs
[2025-03-08T20:33:44.002+0000] {logging_mixin.py:190} INFO - [2025-03-08T20:33:44.001+0000] {dag.py:4180} INFO - Setting next_dagrun for tutorial_dag to None, run_after=None
[2025-03-08T20:33:44.035+0000] {processor.py:208} INFO - Processing /home/airflow/.local/lib/python3.12/site-packages/airflow/example_dags/tutorial_dag.py took 0.114 seconds
[2025-03-08T20:34:14.577+0000] {processor.py:186} INFO - Started process (PID=27598) to work on /home/airflow/.local/lib/python3.12/site-packages/airflow/example_dags/tutorial_dag.py
[2025-03-08T20:34:14.579+0000] {processor.py:914} INFO - Processing file /home/airflow/.local/lib/python3.12/site-packages/airflow/example_dags/tutorial_dag.py for tasks to queue
[2025-03-08T20:34:14.583+0000] {logging_mixin.py:190} INFO - [2025-03-08T20:34:14.582+0000] {dagbag.py:588} INFO - Filling up the DagBag from /home/airflow/.local/lib/python3.12/site-packages/airflow/example_dags/tutorial_dag.py
[2025-03-08T20:34:14.597+0000] {processor.py:925} INFO - DAG(s) 'tutorial_dag' retrieved from /home/airflow/.local/lib/python3.12/site-packages/airflow/example_dags/tutorial_dag.py
[2025-03-08T20:34:14.633+0000] {logging_mixin.py:190} INFO - [2025-03-08T20:34:14.632+0000] {dag.py:3239} INFO - Sync 1 DAGs
[2025-03-08T20:34:14.661+0000] {logging_mixin.py:190} INFO - [2025-03-08T20:34:14.661+0000] {dag.py:4180} INFO - Setting next_dagrun for tutorial_dag to None, run_after=None
[2025-03-08T20:34:14.695+0000] {processor.py:208} INFO - Processing /home/airflow/.local/lib/python3.12/site-packages/airflow/example_dags/tutorial_dag.py took 0.129 seconds
[2025-03-08T20:34:45.617+0000] {processor.py:186} INFO - Started process (PID=27661) to work on /home/airflow/.local/lib/python3.12/site-packages/airflow/example_dags/tutorial_dag.py
[2025-03-08T20:34:45.618+0000] {processor.py:914} INFO - Processing file /home/airflow/.local/lib/python3.12/site-packages/airflow/example_dags/tutorial_dag.py for tasks to queue
[2025-03-08T20:34:45.621+0000] {logging_mixin.py:190} INFO - [2025-03-08T20:34:45.620+0000] {dagbag.py:588} INFO - Filling up the DagBag from /home/airflow/.local/lib/python3.12/site-packages/airflow/example_dags/tutorial_dag.py
[2025-03-08T20:34:45.631+0000] {processor.py:925} INFO - DAG(s) 'tutorial_dag' retrieved from /home/airflow/.local/lib/python3.12/site-packages/airflow/example_dags/tutorial_dag.py
[2025-03-08T20:34:45.660+0000] {logging_mixin.py:190} INFO - [2025-03-08T20:34:45.660+0000] {dag.py:3239} INFO - Sync 1 DAGs
[2025-03-08T20:34:45.684+0000] {logging_mixin.py:190} INFO - [2025-03-08T20:34:45.683+0000] {dag.py:4180} INFO - Setting next_dagrun for tutorial_dag to None, run_after=None
[2025-03-08T20:34:45.714+0000] {processor.py:208} INFO - Processing /home/airflow/.local/lib/python3.12/site-packages/airflow/example_dags/tutorial_dag.py took 0.105 seconds
[2025-03-08T20:35:16.253+0000] {processor.py:186} INFO - Started process (PID=27724) to work on /home/airflow/.local/lib/python3.12/site-packages/airflow/example_dags/tutorial_dag.py
[2025-03-08T20:35:16.254+0000] {processor.py:914} INFO - Processing file /home/airflow/.local/lib/python3.12/site-packages/airflow/example_dags/tutorial_dag.py for tasks to queue
[2025-03-08T20:35:16.257+0000] {logging_mixin.py:190} INFO - [2025-03-08T20:35:16.257+0000] {dagbag.py:588} INFO - Filling up the DagBag from /home/airflow/.local/lib/python3.12/site-packages/airflow/example_dags/tutorial_dag.py
[2025-03-08T20:35:16.268+0000] {processor.py:925} INFO - DAG(s) 'tutorial_dag' retrieved from /home/airflow/.local/lib/python3.12/site-packages/airflow/example_dags/tutorial_dag.py
[2025-03-08T20:35:16.296+0000] {logging_mixin.py:190} INFO - [2025-03-08T20:35:16.296+0000] {dag.py:3239} INFO - Sync 1 DAGs
[2025-03-08T20:35:16.324+0000] {logging_mixin.py:190} INFO - [2025-03-08T20:35:16.323+0000] {dag.py:4180} INFO - Setting next_dagrun for tutorial_dag to None, run_after=None
[2025-03-08T20:35:16.352+0000] {processor.py:208} INFO - Processing /home/airflow/.local/lib/python3.12/site-packages/airflow/example_dags/tutorial_dag.py took 0.108 seconds
[2025-03-08T20:35:46.995+0000] {processor.py:186} INFO - Started process (PID=27787) to work on /home/airflow/.local/lib/python3.12/site-packages/airflow/example_dags/tutorial_dag.py
[2025-03-08T20:35:46.996+0000] {processor.py:914} INFO - Processing file /home/airflow/.local/lib/python3.12/site-packages/airflow/example_dags/tutorial_dag.py for tasks to queue
[2025-03-08T20:35:46.999+0000] {logging_mixin.py:190} INFO - [2025-03-08T20:35:46.999+0000] {dagbag.py:588} INFO - Filling up the DagBag from /home/airflow/.local/lib/python3.12/site-packages/airflow/example_dags/tutorial_dag.py
[2025-03-08T20:35:47.010+0000] {processor.py:925} INFO - DAG(s) 'tutorial_dag' retrieved from /home/airflow/.local/lib/python3.12/site-packages/airflow/example_dags/tutorial_dag.py
[2025-03-08T20:35:47.038+0000] {logging_mixin.py:190} INFO - [2025-03-08T20:35:47.038+0000] {dag.py:3239} INFO - Sync 1 DAGs
[2025-03-08T20:35:47.062+0000] {logging_mixin.py:190} INFO - [2025-03-08T20:35:47.061+0000] {dag.py:4180} INFO - Setting next_dagrun for tutorial_dag to None, run_after=None
[2025-03-08T20:35:47.090+0000] {processor.py:208} INFO - Processing /home/airflow/.local/lib/python3.12/site-packages/airflow/example_dags/tutorial_dag.py took 0.103 seconds
[2025-03-08T20:36:17.884+0000] {processor.py:186} INFO - Started process (PID=27850) to work on /home/airflow/.local/lib/python3.12/site-packages/airflow/example_dags/tutorial_dag.py
[2025-03-08T20:36:17.885+0000] {processor.py:914} INFO - Processing file /home/airflow/.local/lib/python3.12/site-packages/airflow/example_dags/tutorial_dag.py for tasks to queue
[2025-03-08T20:36:17.888+0000] {logging_mixin.py:190} INFO - [2025-03-08T20:36:17.887+0000] {dagbag.py:588} INFO - Filling up the DagBag from /home/airflow/.local/lib/python3.12/site-packages/airflow/example_dags/tutorial_dag.py
[2025-03-08T20:36:17.899+0000] {processor.py:925} INFO - DAG(s) 'tutorial_dag' retrieved from /home/airflow/.local/lib/python3.12/site-packages/airflow/example_dags/tutorial_dag.py
[2025-03-08T20:36:17.927+0000] {logging_mixin.py:190} INFO - [2025-03-08T20:36:17.927+0000] {dag.py:3239} INFO - Sync 1 DAGs
[2025-03-08T20:36:17.955+0000] {logging_mixin.py:190} INFO - [2025-03-08T20:36:17.955+0000] {dag.py:4180} INFO - Setting next_dagrun for tutorial_dag to None, run_after=None
[2025-03-08T20:36:17.984+0000] {processor.py:208} INFO - Processing /home/airflow/.local/lib/python3.12/site-packages/airflow/example_dags/tutorial_dag.py took 0.109 seconds
[2025-03-08T20:36:48.858+0000] {processor.py:186} INFO - Started process (PID=27913) to work on /home/airflow/.local/lib/python3.12/site-packages/airflow/example_dags/tutorial_dag.py
[2025-03-08T20:36:48.859+0000] {processor.py:914} INFO - Processing file /home/airflow/.local/lib/python3.12/site-packages/airflow/example_dags/tutorial_dag.py for tasks to queue
[2025-03-08T20:36:48.862+0000] {logging_mixin.py:190} INFO - [2025-03-08T20:36:48.862+0000] {dagbag.py:588} INFO - Filling up the DagBag from /home/airflow/.local/lib/python3.12/site-packages/airflow/example_dags/tutorial_dag.py
[2025-03-08T20:36:48.873+0000] {processor.py:925} INFO - DAG(s) 'tutorial_dag' retrieved from /home/airflow/.local/lib/python3.12/site-packages/airflow/example_dags/tutorial_dag.py
[2025-03-08T20:36:48.901+0000] {logging_mixin.py:190} INFO - [2025-03-08T20:36:48.900+0000] {dag.py:3239} INFO - Sync 1 DAGs
[2025-03-08T20:36:48.924+0000] {logging_mixin.py:190} INFO - [2025-03-08T20:36:48.924+0000] {dag.py:4180} INFO - Setting next_dagrun for tutorial_dag to None, run_after=None
[2025-03-08T20:36:48.952+0000] {processor.py:208} INFO - Processing /home/airflow/.local/lib/python3.12/site-packages/airflow/example_dags/tutorial_dag.py took 0.103 seconds
[2025-03-08T20:37:19.525+0000] {processor.py:186} INFO - Started process (PID=27976) to work on /home/airflow/.local/lib/python3.12/site-packages/airflow/example_dags/tutorial_dag.py
[2025-03-08T20:37:19.526+0000] {processor.py:914} INFO - Processing file /home/airflow/.local/lib/python3.12/site-packages/airflow/example_dags/tutorial_dag.py for tasks to queue
[2025-03-08T20:37:19.529+0000] {logging_mixin.py:190} INFO - [2025-03-08T20:37:19.528+0000] {dagbag.py:588} INFO - Filling up the DagBag from /home/airflow/.local/lib/python3.12/site-packages/airflow/example_dags/tutorial_dag.py
[2025-03-08T20:37:19.539+0000] {processor.py:925} INFO - DAG(s) 'tutorial_dag' retrieved from /home/airflow/.local/lib/python3.12/site-packages/airflow/example_dags/tutorial_dag.py
[2025-03-08T20:37:19.568+0000] {logging_mixin.py:190} INFO - [2025-03-08T20:37:19.568+0000] {dag.py:3239} INFO - Sync 1 DAGs
[2025-03-08T20:37:19.591+0000] {logging_mixin.py:190} INFO - [2025-03-08T20:37:19.591+0000] {dag.py:4180} INFO - Setting next_dagrun for tutorial_dag to None, run_after=None
[2025-03-08T20:37:19.620+0000] {processor.py:208} INFO - Processing /home/airflow/.local/lib/python3.12/site-packages/airflow/example_dags/tutorial_dag.py took 0.103 seconds
[2025-03-08T20:37:50.062+0000] {processor.py:186} INFO - Started process (PID=28039) to work on /home/airflow/.local/lib/python3.12/site-packages/airflow/example_dags/tutorial_dag.py
[2025-03-08T20:37:50.063+0000] {processor.py:914} INFO - Processing file /home/airflow/.local/lib/python3.12/site-packages/airflow/example_dags/tutorial_dag.py for tasks to queue
[2025-03-08T20:37:50.066+0000] {logging_mixin.py:190} INFO - [2025-03-08T20:37:50.065+0000] {dagbag.py:588} INFO - Filling up the DagBag from /home/airflow/.local/lib/python3.12/site-packages/airflow/example_dags/tutorial_dag.py
[2025-03-08T20:37:50.077+0000] {processor.py:925} INFO - DAG(s) 'tutorial_dag' retrieved from /home/airflow/.local/lib/python3.12/site-packages/airflow/example_dags/tutorial_dag.py
[2025-03-08T20:37:50.109+0000] {logging_mixin.py:190} INFO - [2025-03-08T20:37:50.109+0000] {dag.py:3239} INFO - Sync 1 DAGs
[2025-03-08T20:37:50.133+0000] {logging_mixin.py:190} INFO - [2025-03-08T20:37:50.133+0000] {dag.py:4180} INFO - Setting next_dagrun for tutorial_dag to None, run_after=None
[2025-03-08T20:37:50.161+0000] {processor.py:208} INFO - Processing /home/airflow/.local/lib/python3.12/site-packages/airflow/example_dags/tutorial_dag.py took 0.108 seconds
[2025-03-08T20:38:20.683+0000] {processor.py:186} INFO - Started process (PID=28102) to work on /home/airflow/.local/lib/python3.12/site-packages/airflow/example_dags/tutorial_dag.py
[2025-03-08T20:38:20.684+0000] {processor.py:914} INFO - Processing file /home/airflow/.local/lib/python3.12/site-packages/airflow/example_dags/tutorial_dag.py for tasks to queue
[2025-03-08T20:38:20.687+0000] {logging_mixin.py:190} INFO - [2025-03-08T20:38:20.686+0000] {dagbag.py:588} INFO - Filling up the DagBag from /home/airflow/.local/lib/python3.12/site-packages/airflow/example_dags/tutorial_dag.py
[2025-03-08T20:38:20.697+0000] {processor.py:925} INFO - DAG(s) 'tutorial_dag' retrieved from /home/airflow/.local/lib/python3.12/site-packages/airflow/example_dags/tutorial_dag.py
[2025-03-08T20:38:20.725+0000] {logging_mixin.py:190} INFO - [2025-03-08T20:38:20.725+0000] {dag.py:3239} INFO - Sync 1 DAGs
[2025-03-08T20:38:20.749+0000] {logging_mixin.py:190} INFO - [2025-03-08T20:38:20.749+0000] {dag.py:4180} INFO - Setting next_dagrun for tutorial_dag to None, run_after=None
[2025-03-08T20:38:20.779+0000] {processor.py:208} INFO - Processing /home/airflow/.local/lib/python3.12/site-packages/airflow/example_dags/tutorial_dag.py took 0.104 seconds
[2025-03-08T20:38:51.484+0000] {processor.py:186} INFO - Started process (PID=28165) to work on /home/airflow/.local/lib/python3.12/site-packages/airflow/example_dags/tutorial_dag.py
[2025-03-08T20:38:51.485+0000] {processor.py:914} INFO - Processing file /home/airflow/.local/lib/python3.12/site-packages/airflow/example_dags/tutorial_dag.py for tasks to queue
[2025-03-08T20:38:51.488+0000] {logging_mixin.py:190} INFO - [2025-03-08T20:38:51.488+0000] {dagbag.py:588} INFO - Filling up the DagBag from /home/airflow/.local/lib/python3.12/site-packages/airflow/example_dags/tutorial_dag.py
[2025-03-08T20:38:51.499+0000] {processor.py:925} INFO - DAG(s) 'tutorial_dag' retrieved from /home/airflow/.local/lib/python3.12/site-packages/airflow/example_dags/tutorial_dag.py
[2025-03-08T20:38:51.528+0000] {logging_mixin.py:190} INFO - [2025-03-08T20:38:51.527+0000] {dag.py:3239} INFO - Sync 1 DAGs
[2025-03-08T20:38:51.551+0000] {logging_mixin.py:190} INFO - [2025-03-08T20:38:51.551+0000] {dag.py:4180} INFO - Setting next_dagrun for tutorial_dag to None, run_after=None
[2025-03-08T20:38:51.580+0000] {processor.py:208} INFO - Processing /home/airflow/.local/lib/python3.12/site-packages/airflow/example_dags/tutorial_dag.py took 0.104 seconds
[2025-03-08T20:39:22.404+0000] {processor.py:186} INFO - Started process (PID=28228) to work on /home/airflow/.local/lib/python3.12/site-packages/airflow/example_dags/tutorial_dag.py
[2025-03-08T20:39:22.405+0000] {processor.py:914} INFO - Processing file /home/airflow/.local/lib/python3.12/site-packages/airflow/example_dags/tutorial_dag.py for tasks to queue
[2025-03-08T20:39:22.408+0000] {logging_mixin.py:190} INFO - [2025-03-08T20:39:22.408+0000] {dagbag.py:588} INFO - Filling up the DagBag from /home/airflow/.local/lib/python3.12/site-packages/airflow/example_dags/tutorial_dag.py
[2025-03-08T20:39:22.419+0000] {processor.py:925} INFO - DAG(s) 'tutorial_dag' retrieved from /home/airflow/.local/lib/python3.12/site-packages/airflow/example_dags/tutorial_dag.py
[2025-03-08T20:39:22.446+0000] {logging_mixin.py:190} INFO - [2025-03-08T20:39:22.445+0000] {dag.py:3239} INFO - Sync 1 DAGs
[2025-03-08T20:39:22.469+0000] {logging_mixin.py:190} INFO - [2025-03-08T20:39:22.469+0000] {dag.py:4180} INFO - Setting next_dagrun for tutorial_dag to None, run_after=None
[2025-03-08T20:39:22.498+0000] {processor.py:208} INFO - Processing /home/airflow/.local/lib/python3.12/site-packages/airflow/example_dags/tutorial_dag.py took 0.102 seconds
[2025-03-08T20:39:53.153+0000] {processor.py:186} INFO - Started process (PID=28291) to work on /home/airflow/.local/lib/python3.12/site-packages/airflow/example_dags/tutorial_dag.py
[2025-03-08T20:39:53.154+0000] {processor.py:914} INFO - Processing file /home/airflow/.local/lib/python3.12/site-packages/airflow/example_dags/tutorial_dag.py for tasks to queue
[2025-03-08T20:39:53.157+0000] {logging_mixin.py:190} INFO - [2025-03-08T20:39:53.156+0000] {dagbag.py:588} INFO - Filling up the DagBag from /home/airflow/.local/lib/python3.12/site-packages/airflow/example_dags/tutorial_dag.py
[2025-03-08T20:39:53.168+0000] {processor.py:925} INFO - DAG(s) 'tutorial_dag' retrieved from /home/airflow/.local/lib/python3.12/site-packages/airflow/example_dags/tutorial_dag.py
[2025-03-08T20:39:53.202+0000] {logging_mixin.py:190} INFO - [2025-03-08T20:39:53.201+0000] {dag.py:3239} INFO - Sync 1 DAGs
[2025-03-08T20:39:53.228+0000] {logging_mixin.py:190} INFO - [2025-03-08T20:39:53.228+0000] {dag.py:4180} INFO - Setting next_dagrun for tutorial_dag to None, run_after=None
[2025-03-08T20:39:53.257+0000] {processor.py:208} INFO - Processing /home/airflow/.local/lib/python3.12/site-packages/airflow/example_dags/tutorial_dag.py took 0.112 seconds
[2025-03-08T20:40:23.810+0000] {processor.py:186} INFO - Started process (PID=28353) to work on /home/airflow/.local/lib/python3.12/site-packages/airflow/example_dags/tutorial_dag.py
[2025-03-08T20:40:23.811+0000] {processor.py:914} INFO - Processing file /home/airflow/.local/lib/python3.12/site-packages/airflow/example_dags/tutorial_dag.py for tasks to queue
[2025-03-08T20:40:23.814+0000] {logging_mixin.py:190} INFO - [2025-03-08T20:40:23.813+0000] {dagbag.py:588} INFO - Filling up the DagBag from /home/airflow/.local/lib/python3.12/site-packages/airflow/example_dags/tutorial_dag.py
[2025-03-08T20:40:23.825+0000] {processor.py:925} INFO - DAG(s) 'tutorial_dag' retrieved from /home/airflow/.local/lib/python3.12/site-packages/airflow/example_dags/tutorial_dag.py
[2025-03-08T20:40:23.853+0000] {logging_mixin.py:190} INFO - [2025-03-08T20:40:23.853+0000] {dag.py:3239} INFO - Sync 1 DAGs
[2025-03-08T20:40:23.880+0000] {logging_mixin.py:190} INFO - [2025-03-08T20:40:23.879+0000] {dag.py:4180} INFO - Setting next_dagrun for tutorial_dag to None, run_after=None
[2025-03-08T20:40:23.909+0000] {processor.py:208} INFO - Processing /home/airflow/.local/lib/python3.12/site-packages/airflow/example_dags/tutorial_dag.py took 0.107 seconds
[2025-03-08T20:40:54.194+0000] {processor.py:186} INFO - Started process (PID=28415) to work on /home/airflow/.local/lib/python3.12/site-packages/airflow/example_dags/tutorial_dag.py
[2025-03-08T20:40:54.195+0000] {processor.py:914} INFO - Processing file /home/airflow/.local/lib/python3.12/site-packages/airflow/example_dags/tutorial_dag.py for tasks to queue
[2025-03-08T20:40:54.198+0000] {logging_mixin.py:190} INFO - [2025-03-08T20:40:54.197+0000] {dagbag.py:588} INFO - Filling up the DagBag from /home/airflow/.local/lib/python3.12/site-packages/airflow/example_dags/tutorial_dag.py
[2025-03-08T20:40:54.208+0000] {processor.py:925} INFO - DAG(s) 'tutorial_dag' retrieved from /home/airflow/.local/lib/python3.12/site-packages/airflow/example_dags/tutorial_dag.py
[2025-03-08T20:40:54.243+0000] {logging_mixin.py:190} INFO - [2025-03-08T20:40:54.242+0000] {dag.py:3239} INFO - Sync 1 DAGs
[2025-03-08T20:40:54.271+0000] {logging_mixin.py:190} INFO - [2025-03-08T20:40:54.271+0000] {dag.py:4180} INFO - Setting next_dagrun for tutorial_dag to None, run_after=None
[2025-03-08T20:40:54.302+0000] {processor.py:208} INFO - Processing /home/airflow/.local/lib/python3.12/site-packages/airflow/example_dags/tutorial_dag.py took 0.116 seconds
[2025-03-08T20:41:24.709+0000] {processor.py:186} INFO - Started process (PID=28478) to work on /home/airflow/.local/lib/python3.12/site-packages/airflow/example_dags/tutorial_dag.py
[2025-03-08T20:41:24.710+0000] {processor.py:914} INFO - Processing file /home/airflow/.local/lib/python3.12/site-packages/airflow/example_dags/tutorial_dag.py for tasks to queue
[2025-03-08T20:41:24.713+0000] {logging_mixin.py:190} INFO - [2025-03-08T20:41:24.712+0000] {dagbag.py:588} INFO - Filling up the DagBag from /home/airflow/.local/lib/python3.12/site-packages/airflow/example_dags/tutorial_dag.py
[2025-03-08T20:41:24.724+0000] {processor.py:925} INFO - DAG(s) 'tutorial_dag' retrieved from /home/airflow/.local/lib/python3.12/site-packages/airflow/example_dags/tutorial_dag.py
[2025-03-08T20:41:24.758+0000] {logging_mixin.py:190} INFO - [2025-03-08T20:41:24.757+0000] {dag.py:3239} INFO - Sync 1 DAGs
[2025-03-08T20:41:24.783+0000] {logging_mixin.py:190} INFO - [2025-03-08T20:41:24.783+0000] {dag.py:4180} INFO - Setting next_dagrun for tutorial_dag to None, run_after=None
[2025-03-08T20:41:24.811+0000] {processor.py:208} INFO - Processing /home/airflow/.local/lib/python3.12/site-packages/airflow/example_dags/tutorial_dag.py took 0.111 seconds
[2025-03-08T20:41:55.372+0000] {processor.py:186} INFO - Started process (PID=28541) to work on /home/airflow/.local/lib/python3.12/site-packages/airflow/example_dags/tutorial_dag.py
[2025-03-08T20:41:55.373+0000] {processor.py:914} INFO - Processing file /home/airflow/.local/lib/python3.12/site-packages/airflow/example_dags/tutorial_dag.py for tasks to queue
[2025-03-08T20:41:55.376+0000] {logging_mixin.py:190} INFO - [2025-03-08T20:41:55.375+0000] {dagbag.py:588} INFO - Filling up the DagBag from /home/airflow/.local/lib/python3.12/site-packages/airflow/example_dags/tutorial_dag.py
[2025-03-08T20:41:55.386+0000] {processor.py:925} INFO - DAG(s) 'tutorial_dag' retrieved from /home/airflow/.local/lib/python3.12/site-packages/airflow/example_dags/tutorial_dag.py
[2025-03-08T20:41:55.415+0000] {logging_mixin.py:190} INFO - [2025-03-08T20:41:55.414+0000] {dag.py:3239} INFO - Sync 1 DAGs
[2025-03-08T20:41:55.439+0000] {logging_mixin.py:190} INFO - [2025-03-08T20:41:55.439+0000] {dag.py:4180} INFO - Setting next_dagrun for tutorial_dag to None, run_after=None
[2025-03-08T20:41:55.468+0000] {processor.py:208} INFO - Processing /home/airflow/.local/lib/python3.12/site-packages/airflow/example_dags/tutorial_dag.py took 0.105 seconds
[2025-03-08T20:42:26.406+0000] {processor.py:186} INFO - Started process (PID=28604) to work on /home/airflow/.local/lib/python3.12/site-packages/airflow/example_dags/tutorial_dag.py
[2025-03-08T20:42:26.407+0000] {processor.py:914} INFO - Processing file /home/airflow/.local/lib/python3.12/site-packages/airflow/example_dags/tutorial_dag.py for tasks to queue
[2025-03-08T20:42:26.410+0000] {logging_mixin.py:190} INFO - [2025-03-08T20:42:26.410+0000] {dagbag.py:588} INFO - Filling up the DagBag from /home/airflow/.local/lib/python3.12/site-packages/airflow/example_dags/tutorial_dag.py
[2025-03-08T20:42:26.421+0000] {processor.py:925} INFO - DAG(s) 'tutorial_dag' retrieved from /home/airflow/.local/lib/python3.12/site-packages/airflow/example_dags/tutorial_dag.py
[2025-03-08T20:42:26.452+0000] {logging_mixin.py:190} INFO - [2025-03-08T20:42:26.452+0000] {dag.py:3239} INFO - Sync 1 DAGs
[2025-03-08T20:42:26.475+0000] {logging_mixin.py:190} INFO - [2025-03-08T20:42:26.475+0000] {dag.py:4180} INFO - Setting next_dagrun for tutorial_dag to None, run_after=None
[2025-03-08T20:42:26.504+0000] {processor.py:208} INFO - Processing /home/airflow/.local/lib/python3.12/site-packages/airflow/example_dags/tutorial_dag.py took 0.107 seconds
[2025-03-08T20:42:56.930+0000] {processor.py:186} INFO - Started process (PID=28667) to work on /home/airflow/.local/lib/python3.12/site-packages/airflow/example_dags/tutorial_dag.py
[2025-03-08T20:42:56.931+0000] {processor.py:914} INFO - Processing file /home/airflow/.local/lib/python3.12/site-packages/airflow/example_dags/tutorial_dag.py for tasks to queue
[2025-03-08T20:42:56.934+0000] {logging_mixin.py:190} INFO - [2025-03-08T20:42:56.933+0000] {dagbag.py:588} INFO - Filling up the DagBag from /home/airflow/.local/lib/python3.12/site-packages/airflow/example_dags/tutorial_dag.py
[2025-03-08T20:42:56.944+0000] {processor.py:925} INFO - DAG(s) 'tutorial_dag' retrieved from /home/airflow/.local/lib/python3.12/site-packages/airflow/example_dags/tutorial_dag.py
[2025-03-08T20:42:56.983+0000] {logging_mixin.py:190} INFO - [2025-03-08T20:42:56.982+0000] {dag.py:3239} INFO - Sync 1 DAGs
[2025-03-08T20:42:57.010+0000] {logging_mixin.py:190} INFO - [2025-03-08T20:42:57.010+0000] {dag.py:4180} INFO - Setting next_dagrun for tutorial_dag to None, run_after=None
[2025-03-08T20:42:57.046+0000] {processor.py:208} INFO - Processing /home/airflow/.local/lib/python3.12/site-packages/airflow/example_dags/tutorial_dag.py took 0.124 seconds
[2025-03-08T20:43:27.302+0000] {processor.py:186} INFO - Started process (PID=28730) to work on /home/airflow/.local/lib/python3.12/site-packages/airflow/example_dags/tutorial_dag.py
[2025-03-08T20:43:27.303+0000] {processor.py:914} INFO - Processing file /home/airflow/.local/lib/python3.12/site-packages/airflow/example_dags/tutorial_dag.py for tasks to queue
[2025-03-08T20:43:27.306+0000] {logging_mixin.py:190} INFO - [2025-03-08T20:43:27.306+0000] {dagbag.py:588} INFO - Filling up the DagBag from /home/airflow/.local/lib/python3.12/site-packages/airflow/example_dags/tutorial_dag.py
[2025-03-08T20:43:27.317+0000] {processor.py:925} INFO - DAG(s) 'tutorial_dag' retrieved from /home/airflow/.local/lib/python3.12/site-packages/airflow/example_dags/tutorial_dag.py
[2025-03-08T20:43:27.345+0000] {logging_mixin.py:190} INFO - [2025-03-08T20:43:27.345+0000] {dag.py:3239} INFO - Sync 1 DAGs
[2025-03-08T20:43:27.369+0000] {logging_mixin.py:190} INFO - [2025-03-08T20:43:27.369+0000] {dag.py:4180} INFO - Setting next_dagrun for tutorial_dag to None, run_after=None
[2025-03-08T20:43:27.398+0000] {processor.py:208} INFO - Processing /home/airflow/.local/lib/python3.12/site-packages/airflow/example_dags/tutorial_dag.py took 0.104 seconds
[2025-03-08T20:43:58.232+0000] {processor.py:186} INFO - Started process (PID=28793) to work on /home/airflow/.local/lib/python3.12/site-packages/airflow/example_dags/tutorial_dag.py
[2025-03-08T20:43:58.233+0000] {processor.py:914} INFO - Processing file /home/airflow/.local/lib/python3.12/site-packages/airflow/example_dags/tutorial_dag.py for tasks to queue
[2025-03-08T20:43:58.236+0000] {logging_mixin.py:190} INFO - [2025-03-08T20:43:58.236+0000] {dagbag.py:588} INFO - Filling up the DagBag from /home/airflow/.local/lib/python3.12/site-packages/airflow/example_dags/tutorial_dag.py
[2025-03-08T20:43:58.247+0000] {processor.py:925} INFO - DAG(s) 'tutorial_dag' retrieved from /home/airflow/.local/lib/python3.12/site-packages/airflow/example_dags/tutorial_dag.py
[2025-03-08T20:43:58.282+0000] {logging_mixin.py:190} INFO - [2025-03-08T20:43:58.282+0000] {dag.py:3239} INFO - Sync 1 DAGs
[2025-03-08T20:43:58.309+0000] {logging_mixin.py:190} INFO - [2025-03-08T20:43:58.308+0000] {dag.py:4180} INFO - Setting next_dagrun for tutorial_dag to None, run_after=None
[2025-03-08T20:43:58.339+0000] {processor.py:208} INFO - Processing /home/airflow/.local/lib/python3.12/site-packages/airflow/example_dags/tutorial_dag.py took 0.116 seconds
[2025-03-08T20:44:29.453+0000] {processor.py:186} INFO - Started process (PID=28856) to work on /home/airflow/.local/lib/python3.12/site-packages/airflow/example_dags/tutorial_dag.py
[2025-03-08T20:44:29.454+0000] {processor.py:914} INFO - Processing file /home/airflow/.local/lib/python3.12/site-packages/airflow/example_dags/tutorial_dag.py for tasks to queue
[2025-03-08T20:44:29.458+0000] {logging_mixin.py:190} INFO - [2025-03-08T20:44:29.458+0000] {dagbag.py:588} INFO - Filling up the DagBag from /home/airflow/.local/lib/python3.12/site-packages/airflow/example_dags/tutorial_dag.py
[2025-03-08T20:44:29.469+0000] {processor.py:925} INFO - DAG(s) 'tutorial_dag' retrieved from /home/airflow/.local/lib/python3.12/site-packages/airflow/example_dags/tutorial_dag.py
[2025-03-08T20:44:29.504+0000] {logging_mixin.py:190} INFO - [2025-03-08T20:44:29.503+0000] {dag.py:3239} INFO - Sync 1 DAGs
[2025-03-08T20:44:29.538+0000] {logging_mixin.py:190} INFO - [2025-03-08T20:44:29.537+0000] {dag.py:4180} INFO - Setting next_dagrun for tutorial_dag to None, run_after=None
[2025-03-08T20:44:29.567+0000] {processor.py:208} INFO - Processing /home/airflow/.local/lib/python3.12/site-packages/airflow/example_dags/tutorial_dag.py took 0.123 seconds
[2025-03-08T20:45:00.616+0000] {processor.py:186} INFO - Started process (PID=28918) to work on /home/airflow/.local/lib/python3.12/site-packages/airflow/example_dags/tutorial_dag.py
[2025-03-08T20:45:00.617+0000] {processor.py:914} INFO - Processing file /home/airflow/.local/lib/python3.12/site-packages/airflow/example_dags/tutorial_dag.py for tasks to queue
[2025-03-08T20:45:00.620+0000] {logging_mixin.py:190} INFO - [2025-03-08T20:45:00.619+0000] {dagbag.py:588} INFO - Filling up the DagBag from /home/airflow/.local/lib/python3.12/site-packages/airflow/example_dags/tutorial_dag.py
[2025-03-08T20:45:00.630+0000] {processor.py:925} INFO - DAG(s) 'tutorial_dag' retrieved from /home/airflow/.local/lib/python3.12/site-packages/airflow/example_dags/tutorial_dag.py
[2025-03-08T20:45:00.659+0000] {logging_mixin.py:190} INFO - [2025-03-08T20:45:00.659+0000] {dag.py:3239} INFO - Sync 1 DAGs
[2025-03-08T20:45:00.694+0000] {logging_mixin.py:190} INFO - [2025-03-08T20:45:00.693+0000] {dag.py:4180} INFO - Setting next_dagrun for tutorial_dag to None, run_after=None
[2025-03-08T20:45:00.728+0000] {processor.py:208} INFO - Processing /home/airflow/.local/lib/python3.12/site-packages/airflow/example_dags/tutorial_dag.py took 0.121 seconds
[2025-03-08T20:45:31.570+0000] {processor.py:186} INFO - Started process (PID=28981) to work on /home/airflow/.local/lib/python3.12/site-packages/airflow/example_dags/tutorial_dag.py
[2025-03-08T20:45:31.571+0000] {processor.py:914} INFO - Processing file /home/airflow/.local/lib/python3.12/site-packages/airflow/example_dags/tutorial_dag.py for tasks to queue
[2025-03-08T20:45:31.574+0000] {logging_mixin.py:190} INFO - [2025-03-08T20:45:31.574+0000] {dagbag.py:588} INFO - Filling up the DagBag from /home/airflow/.local/lib/python3.12/site-packages/airflow/example_dags/tutorial_dag.py
[2025-03-08T20:45:31.585+0000] {processor.py:925} INFO - DAG(s) 'tutorial_dag' retrieved from /home/airflow/.local/lib/python3.12/site-packages/airflow/example_dags/tutorial_dag.py
[2025-03-08T20:45:31.617+0000] {logging_mixin.py:190} INFO - [2025-03-08T20:45:31.617+0000] {dag.py:3239} INFO - Sync 1 DAGs
[2025-03-08T20:45:31.641+0000] {logging_mixin.py:190} INFO - [2025-03-08T20:45:31.641+0000] {dag.py:4180} INFO - Setting next_dagrun for tutorial_dag to None, run_after=None
[2025-03-08T20:45:31.671+0000] {processor.py:208} INFO - Processing /home/airflow/.local/lib/python3.12/site-packages/airflow/example_dags/tutorial_dag.py took 0.109 seconds
[2025-03-08T20:46:02.711+0000] {processor.py:186} INFO - Started process (PID=29028) to work on /home/airflow/.local/lib/python3.12/site-packages/airflow/example_dags/tutorial_dag.py
[2025-03-08T20:46:02.712+0000] {processor.py:914} INFO - Processing file /home/airflow/.local/lib/python3.12/site-packages/airflow/example_dags/tutorial_dag.py for tasks to queue
[2025-03-08T20:46:02.715+0000] {logging_mixin.py:190} INFO - [2025-03-08T20:46:02.714+0000] {dagbag.py:588} INFO - Filling up the DagBag from /home/airflow/.local/lib/python3.12/site-packages/airflow/example_dags/tutorial_dag.py
[2025-03-08T20:46:02.726+0000] {processor.py:925} INFO - DAG(s) 'tutorial_dag' retrieved from /home/airflow/.local/lib/python3.12/site-packages/airflow/example_dags/tutorial_dag.py
[2025-03-08T20:46:02.753+0000] {logging_mixin.py:190} INFO - [2025-03-08T20:46:02.753+0000] {dag.py:3239} INFO - Sync 1 DAGs
[2025-03-08T20:46:02.776+0000] {logging_mixin.py:190} INFO - [2025-03-08T20:46:02.776+0000] {dag.py:4180} INFO - Setting next_dagrun for tutorial_dag to None, run_after=None
[2025-03-08T20:46:02.803+0000] {processor.py:208} INFO - Processing /home/airflow/.local/lib/python3.12/site-packages/airflow/example_dags/tutorial_dag.py took 0.101 seconds
[2025-03-08T20:46:34.527+0000] {processor.py:186} INFO - Started process (PID=29091) to work on /home/airflow/.local/lib/python3.12/site-packages/airflow/example_dags/tutorial_dag.py
[2025-03-08T20:46:34.528+0000] {processor.py:914} INFO - Processing file /home/airflow/.local/lib/python3.12/site-packages/airflow/example_dags/tutorial_dag.py for tasks to queue
[2025-03-08T20:46:34.531+0000] {logging_mixin.py:190} INFO - [2025-03-08T20:46:34.530+0000] {dagbag.py:588} INFO - Filling up the DagBag from /home/airflow/.local/lib/python3.12/site-packages/airflow/example_dags/tutorial_dag.py
[2025-03-08T20:46:34.543+0000] {processor.py:925} INFO - DAG(s) 'tutorial_dag' retrieved from /home/airflow/.local/lib/python3.12/site-packages/airflow/example_dags/tutorial_dag.py
[2025-03-08T20:46:34.571+0000] {logging_mixin.py:190} INFO - [2025-03-08T20:46:34.571+0000] {dag.py:3239} INFO - Sync 1 DAGs
[2025-03-08T20:46:34.595+0000] {logging_mixin.py:190} INFO - [2025-03-08T20:46:34.595+0000] {dag.py:4180} INFO - Setting next_dagrun for tutorial_dag to None, run_after=None
[2025-03-08T20:46:34.625+0000] {processor.py:208} INFO - Processing /home/airflow/.local/lib/python3.12/site-packages/airflow/example_dags/tutorial_dag.py took 0.106 seconds
[2025-03-08T20:47:05.101+0000] {processor.py:186} INFO - Started process (PID=29148) to work on /home/airflow/.local/lib/python3.12/site-packages/airflow/example_dags/tutorial_dag.py
[2025-03-08T20:47:05.102+0000] {processor.py:914} INFO - Processing file /home/airflow/.local/lib/python3.12/site-packages/airflow/example_dags/tutorial_dag.py for tasks to queue
[2025-03-08T20:47:05.105+0000] {logging_mixin.py:190} INFO - [2025-03-08T20:47:05.105+0000] {dagbag.py:588} INFO - Filling up the DagBag from /home/airflow/.local/lib/python3.12/site-packages/airflow/example_dags/tutorial_dag.py
[2025-03-08T20:47:05.116+0000] {processor.py:925} INFO - DAG(s) 'tutorial_dag' retrieved from /home/airflow/.local/lib/python3.12/site-packages/airflow/example_dags/tutorial_dag.py
[2025-03-08T20:47:05.144+0000] {logging_mixin.py:190} INFO - [2025-03-08T20:47:05.143+0000] {dag.py:3239} INFO - Sync 1 DAGs
[2025-03-08T20:47:05.168+0000] {logging_mixin.py:190} INFO - [2025-03-08T20:47:05.167+0000] {dag.py:4180} INFO - Setting next_dagrun for tutorial_dag to None, run_after=None
[2025-03-08T20:47:05.196+0000] {processor.py:208} INFO - Processing /home/airflow/.local/lib/python3.12/site-packages/airflow/example_dags/tutorial_dag.py took 0.103 seconds
[2025-03-08T20:47:36.202+0000] {processor.py:186} INFO - Started process (PID=29211) to work on /home/airflow/.local/lib/python3.12/site-packages/airflow/example_dags/tutorial_dag.py
[2025-03-08T20:47:36.204+0000] {processor.py:914} INFO - Processing file /home/airflow/.local/lib/python3.12/site-packages/airflow/example_dags/tutorial_dag.py for tasks to queue
[2025-03-08T20:47:36.206+0000] {logging_mixin.py:190} INFO - [2025-03-08T20:47:36.206+0000] {dagbag.py:588} INFO - Filling up the DagBag from /home/airflow/.local/lib/python3.12/site-packages/airflow/example_dags/tutorial_dag.py
[2025-03-08T20:47:36.217+0000] {processor.py:925} INFO - DAG(s) 'tutorial_dag' retrieved from /home/airflow/.local/lib/python3.12/site-packages/airflow/example_dags/tutorial_dag.py
[2025-03-08T20:47:36.245+0000] {logging_mixin.py:190} INFO - [2025-03-08T20:47:36.245+0000] {dag.py:3239} INFO - Sync 1 DAGs
[2025-03-08T20:47:36.269+0000] {logging_mixin.py:190} INFO - [2025-03-08T20:47:36.268+0000] {dag.py:4180} INFO - Setting next_dagrun for tutorial_dag to None, run_after=None
[2025-03-08T20:47:36.297+0000] {processor.py:208} INFO - Processing /home/airflow/.local/lib/python3.12/site-packages/airflow/example_dags/tutorial_dag.py took 0.103 seconds
[2025-03-08T20:48:08.122+0000] {processor.py:186} INFO - Started process (PID=29273) to work on /home/airflow/.local/lib/python3.12/site-packages/airflow/example_dags/tutorial_dag.py
[2025-03-08T20:48:08.123+0000] {processor.py:914} INFO - Processing file /home/airflow/.local/lib/python3.12/site-packages/airflow/example_dags/tutorial_dag.py for tasks to queue
[2025-03-08T20:48:08.127+0000] {logging_mixin.py:190} INFO - [2025-03-08T20:48:08.126+0000] {dagbag.py:588} INFO - Filling up the DagBag from /home/airflow/.local/lib/python3.12/site-packages/airflow/example_dags/tutorial_dag.py
[2025-03-08T20:48:08.137+0000] {processor.py:925} INFO - DAG(s) 'tutorial_dag' retrieved from /home/airflow/.local/lib/python3.12/site-packages/airflow/example_dags/tutorial_dag.py
[2025-03-08T20:48:08.174+0000] {logging_mixin.py:190} INFO - [2025-03-08T20:48:08.174+0000] {dag.py:3239} INFO - Sync 1 DAGs
[2025-03-08T20:48:08.205+0000] {logging_mixin.py:190} INFO - [2025-03-08T20:48:08.205+0000] {dag.py:4180} INFO - Setting next_dagrun for tutorial_dag to None, run_after=None
[2025-03-08T20:48:08.232+0000] {processor.py:208} INFO - Processing /home/airflow/.local/lib/python3.12/site-packages/airflow/example_dags/tutorial_dag.py took 0.118 seconds
[2025-03-08T20:48:39.396+0000] {processor.py:186} INFO - Started process (PID=29336) to work on /home/airflow/.local/lib/python3.12/site-packages/airflow/example_dags/tutorial_dag.py
[2025-03-08T20:48:39.397+0000] {processor.py:914} INFO - Processing file /home/airflow/.local/lib/python3.12/site-packages/airflow/example_dags/tutorial_dag.py for tasks to queue
[2025-03-08T20:48:39.400+0000] {logging_mixin.py:190} INFO - [2025-03-08T20:48:39.400+0000] {dagbag.py:588} INFO - Filling up the DagBag from /home/airflow/.local/lib/python3.12/site-packages/airflow/example_dags/tutorial_dag.py
[2025-03-08T20:48:39.411+0000] {processor.py:925} INFO - DAG(s) 'tutorial_dag' retrieved from /home/airflow/.local/lib/python3.12/site-packages/airflow/example_dags/tutorial_dag.py
[2025-03-08T20:48:39.439+0000] {logging_mixin.py:190} INFO - [2025-03-08T20:48:39.438+0000] {dag.py:3239} INFO - Sync 1 DAGs
[2025-03-08T20:48:39.463+0000] {logging_mixin.py:190} INFO - [2025-03-08T20:48:39.462+0000] {dag.py:4180} INFO - Setting next_dagrun for tutorial_dag to None, run_after=None
[2025-03-08T20:48:39.493+0000] {processor.py:208} INFO - Processing /home/airflow/.local/lib/python3.12/site-packages/airflow/example_dags/tutorial_dag.py took 0.105 seconds
[2025-03-08T20:49:10.009+0000] {processor.py:186} INFO - Started process (PID=29396) to work on /home/airflow/.local/lib/python3.12/site-packages/airflow/example_dags/tutorial_dag.py
[2025-03-08T20:49:10.010+0000] {processor.py:914} INFO - Processing file /home/airflow/.local/lib/python3.12/site-packages/airflow/example_dags/tutorial_dag.py for tasks to queue
[2025-03-08T20:49:10.013+0000] {logging_mixin.py:190} INFO - [2025-03-08T20:49:10.012+0000] {dagbag.py:588} INFO - Filling up the DagBag from /home/airflow/.local/lib/python3.12/site-packages/airflow/example_dags/tutorial_dag.py
[2025-03-08T20:49:10.023+0000] {processor.py:925} INFO - DAG(s) 'tutorial_dag' retrieved from /home/airflow/.local/lib/python3.12/site-packages/airflow/example_dags/tutorial_dag.py
[2025-03-08T20:49:10.052+0000] {logging_mixin.py:190} INFO - [2025-03-08T20:49:10.052+0000] {dag.py:3239} INFO - Sync 1 DAGs
[2025-03-08T20:49:10.075+0000] {logging_mixin.py:190} INFO - [2025-03-08T20:49:10.075+0000] {dag.py:4180} INFO - Setting next_dagrun for tutorial_dag to None, run_after=None
[2025-03-08T20:49:10.103+0000] {processor.py:208} INFO - Processing /home/airflow/.local/lib/python3.12/site-packages/airflow/example_dags/tutorial_dag.py took 0.103 seconds
[2025-03-08T20:49:40.993+0000] {processor.py:186} INFO - Started process (PID=29457) to work on /home/airflow/.local/lib/python3.12/site-packages/airflow/example_dags/tutorial_dag.py
[2025-03-08T20:49:40.994+0000] {processor.py:914} INFO - Processing file /home/airflow/.local/lib/python3.12/site-packages/airflow/example_dags/tutorial_dag.py for tasks to queue
[2025-03-08T20:49:40.996+0000] {logging_mixin.py:190} INFO - [2025-03-08T20:49:40.996+0000] {dagbag.py:588} INFO - Filling up the DagBag from /home/airflow/.local/lib/python3.12/site-packages/airflow/example_dags/tutorial_dag.py
[2025-03-08T20:49:41.007+0000] {processor.py:925} INFO - DAG(s) 'tutorial_dag' retrieved from /home/airflow/.local/lib/python3.12/site-packages/airflow/example_dags/tutorial_dag.py
[2025-03-08T20:49:41.035+0000] {logging_mixin.py:190} INFO - [2025-03-08T20:49:41.035+0000] {dag.py:3239} INFO - Sync 1 DAGs
[2025-03-08T20:49:41.060+0000] {logging_mixin.py:190} INFO - [2025-03-08T20:49:41.060+0000] {dag.py:4180} INFO - Setting next_dagrun for tutorial_dag to None, run_after=None
[2025-03-08T20:49:41.089+0000] {processor.py:208} INFO - Processing /home/airflow/.local/lib/python3.12/site-packages/airflow/example_dags/tutorial_dag.py took 0.105 seconds
[2025-03-08T20:50:11.524+0000] {processor.py:186} INFO - Started process (PID=29520) to work on /home/airflow/.local/lib/python3.12/site-packages/airflow/example_dags/tutorial_dag.py
[2025-03-08T20:50:11.525+0000] {processor.py:914} INFO - Processing file /home/airflow/.local/lib/python3.12/site-packages/airflow/example_dags/tutorial_dag.py for tasks to queue
[2025-03-08T20:50:11.528+0000] {logging_mixin.py:190} INFO - [2025-03-08T20:50:11.527+0000] {dagbag.py:588} INFO - Filling up the DagBag from /home/airflow/.local/lib/python3.12/site-packages/airflow/example_dags/tutorial_dag.py
[2025-03-08T20:50:11.538+0000] {processor.py:925} INFO - DAG(s) 'tutorial_dag' retrieved from /home/airflow/.local/lib/python3.12/site-packages/airflow/example_dags/tutorial_dag.py
[2025-03-08T20:50:11.566+0000] {logging_mixin.py:190} INFO - [2025-03-08T20:50:11.566+0000] {dag.py:3239} INFO - Sync 1 DAGs
[2025-03-08T20:50:11.590+0000] {logging_mixin.py:190} INFO - [2025-03-08T20:50:11.589+0000] {dag.py:4180} INFO - Setting next_dagrun for tutorial_dag to None, run_after=None
[2025-03-08T20:50:11.619+0000] {processor.py:208} INFO - Processing /home/airflow/.local/lib/python3.12/site-packages/airflow/example_dags/tutorial_dag.py took 0.104 seconds
[2025-03-08T20:50:41.712+0000] {processor.py:186} INFO - Started process (PID=29582) to work on /home/airflow/.local/lib/python3.12/site-packages/airflow/example_dags/tutorial_dag.py
[2025-03-08T20:50:41.713+0000] {processor.py:914} INFO - Processing file /home/airflow/.local/lib/python3.12/site-packages/airflow/example_dags/tutorial_dag.py for tasks to queue
[2025-03-08T20:50:41.716+0000] {logging_mixin.py:190} INFO - [2025-03-08T20:50:41.716+0000] {dagbag.py:588} INFO - Filling up the DagBag from /home/airflow/.local/lib/python3.12/site-packages/airflow/example_dags/tutorial_dag.py
[2025-03-08T20:50:41.726+0000] {processor.py:925} INFO - DAG(s) 'tutorial_dag' retrieved from /home/airflow/.local/lib/python3.12/site-packages/airflow/example_dags/tutorial_dag.py
[2025-03-08T20:50:41.754+0000] {logging_mixin.py:190} INFO - [2025-03-08T20:50:41.754+0000] {dag.py:3239} INFO - Sync 1 DAGs
[2025-03-08T20:50:41.779+0000] {logging_mixin.py:190} INFO - [2025-03-08T20:50:41.778+0000] {dag.py:4180} INFO - Setting next_dagrun for tutorial_dag to None, run_after=None
[2025-03-08T20:50:41.808+0000] {processor.py:208} INFO - Processing /home/airflow/.local/lib/python3.12/site-packages/airflow/example_dags/tutorial_dag.py took 0.105 seconds
