[2025-03-12T15:00:16.863+0000] {processor.py:186} INFO - Started process (PID=120749) to work on /home/airflow/.local/lib/python3.12/site-packages/airflow/example_dags/example_sensor_decorator.py
[2025-03-12T15:00:16.864+0000] {processor.py:914} INFO - Processing file /home/airflow/.local/lib/python3.12/site-packages/airflow/example_dags/example_sensor_decorator.py for tasks to queue
[2025-03-12T15:00:16.867+0000] {logging_mixin.py:190} INFO - [2025-03-12T15:00:16.866+0000] {dagbag.py:588} INFO - Filling up the DagBag from /home/airflow/.local/lib/python3.12/site-packages/airflow/example_dags/example_sensor_decorator.py
[2025-03-12T15:00:16.878+0000] {processor.py:925} INFO - DAG(s) 'example_sensor_decorator' retrieved from /home/airflow/.local/lib/python3.12/site-packages/airflow/example_dags/example_sensor_decorator.py
[2025-03-12T15:00:16.904+0000] {logging_mixin.py:190} INFO - [2025-03-12T15:00:16.904+0000] {dag.py:3239} INFO - Sync 1 DAGs
[2025-03-12T15:00:16.927+0000] {logging_mixin.py:190} INFO - [2025-03-12T15:00:16.927+0000] {dag.py:4180} INFO - Setting next_dagrun for example_sensor_decorator to None, run_after=None
[2025-03-12T15:00:16.962+0000] {processor.py:208} INFO - Processing /home/airflow/.local/lib/python3.12/site-packages/airflow/example_dags/example_sensor_decorator.py took 0.107 seconds
[2025-03-12T15:00:48.784+0000] {processor.py:186} INFO - Started process (PID=120815) to work on /home/airflow/.local/lib/python3.12/site-packages/airflow/example_dags/example_sensor_decorator.py
[2025-03-12T15:00:48.785+0000] {processor.py:914} INFO - Processing file /home/airflow/.local/lib/python3.12/site-packages/airflow/example_dags/example_sensor_decorator.py for tasks to queue
[2025-03-12T15:00:48.789+0000] {logging_mixin.py:190} INFO - [2025-03-12T15:00:48.788+0000] {dagbag.py:588} INFO - Filling up the DagBag from /home/airflow/.local/lib/python3.12/site-packages/airflow/example_dags/example_sensor_decorator.py
[2025-03-12T15:00:48.801+0000] {processor.py:925} INFO - DAG(s) 'example_sensor_decorator' retrieved from /home/airflow/.local/lib/python3.12/site-packages/airflow/example_dags/example_sensor_decorator.py
[2025-03-12T15:00:48.836+0000] {logging_mixin.py:190} INFO - [2025-03-12T15:00:48.836+0000] {dag.py:3239} INFO - Sync 1 DAGs
[2025-03-12T15:00:48.873+0000] {logging_mixin.py:190} INFO - [2025-03-12T15:00:48.872+0000] {dag.py:4180} INFO - Setting next_dagrun for example_sensor_decorator to None, run_after=None
[2025-03-12T15:00:48.912+0000] {processor.py:208} INFO - Processing /home/airflow/.local/lib/python3.12/site-packages/airflow/example_dags/example_sensor_decorator.py took 0.137 seconds
[2025-03-12T15:01:20.127+0000] {processor.py:186} INFO - Started process (PID=120878) to work on /home/airflow/.local/lib/python3.12/site-packages/airflow/example_dags/example_sensor_decorator.py
[2025-03-12T15:01:20.128+0000] {processor.py:914} INFO - Processing file /home/airflow/.local/lib/python3.12/site-packages/airflow/example_dags/example_sensor_decorator.py for tasks to queue
[2025-03-12T15:01:20.131+0000] {logging_mixin.py:190} INFO - [2025-03-12T15:01:20.131+0000] {dagbag.py:588} INFO - Filling up the DagBag from /home/airflow/.local/lib/python3.12/site-packages/airflow/example_dags/example_sensor_decorator.py
[2025-03-12T15:01:20.143+0000] {processor.py:925} INFO - DAG(s) 'example_sensor_decorator' retrieved from /home/airflow/.local/lib/python3.12/site-packages/airflow/example_dags/example_sensor_decorator.py
[2025-03-12T15:01:20.173+0000] {logging_mixin.py:190} INFO - [2025-03-12T15:01:20.172+0000] {dag.py:3239} INFO - Sync 1 DAGs
[2025-03-12T15:01:20.197+0000] {logging_mixin.py:190} INFO - [2025-03-12T15:01:20.197+0000] {dag.py:4180} INFO - Setting next_dagrun for example_sensor_decorator to None, run_after=None
[2025-03-12T15:01:20.233+0000] {processor.py:208} INFO - Processing /home/airflow/.local/lib/python3.12/site-packages/airflow/example_dags/example_sensor_decorator.py took 0.115 seconds
[2025-03-12T15:01:51.963+0000] {processor.py:186} INFO - Started process (PID=120942) to work on /home/airflow/.local/lib/python3.12/site-packages/airflow/example_dags/example_sensor_decorator.py
[2025-03-12T15:01:51.964+0000] {processor.py:914} INFO - Processing file /home/airflow/.local/lib/python3.12/site-packages/airflow/example_dags/example_sensor_decorator.py for tasks to queue
[2025-03-12T15:01:51.967+0000] {logging_mixin.py:190} INFO - [2025-03-12T15:01:51.966+0000] {dagbag.py:588} INFO - Filling up the DagBag from /home/airflow/.local/lib/python3.12/site-packages/airflow/example_dags/example_sensor_decorator.py
[2025-03-12T15:01:51.978+0000] {processor.py:925} INFO - DAG(s) 'example_sensor_decorator' retrieved from /home/airflow/.local/lib/python3.12/site-packages/airflow/example_dags/example_sensor_decorator.py
[2025-03-12T15:01:52.004+0000] {logging_mixin.py:190} INFO - [2025-03-12T15:01:52.003+0000] {dag.py:3239} INFO - Sync 1 DAGs
[2025-03-12T15:01:52.027+0000] {logging_mixin.py:190} INFO - [2025-03-12T15:01:52.027+0000] {dag.py:4180} INFO - Setting next_dagrun for example_sensor_decorator to None, run_after=None
[2025-03-12T15:01:52.055+0000] {processor.py:208} INFO - Processing /home/airflow/.local/lib/python3.12/site-packages/airflow/example_dags/example_sensor_decorator.py took 0.100 seconds
[2025-03-12T15:02:22.672+0000] {processor.py:186} INFO - Started process (PID=121005) to work on /home/airflow/.local/lib/python3.12/site-packages/airflow/example_dags/example_sensor_decorator.py
[2025-03-12T15:02:22.673+0000] {processor.py:914} INFO - Processing file /home/airflow/.local/lib/python3.12/site-packages/airflow/example_dags/example_sensor_decorator.py for tasks to queue
[2025-03-12T15:02:22.677+0000] {logging_mixin.py:190} INFO - [2025-03-12T15:02:22.676+0000] {dagbag.py:588} INFO - Filling up the DagBag from /home/airflow/.local/lib/python3.12/site-packages/airflow/example_dags/example_sensor_decorator.py
[2025-03-12T15:02:22.689+0000] {processor.py:925} INFO - DAG(s) 'example_sensor_decorator' retrieved from /home/airflow/.local/lib/python3.12/site-packages/airflow/example_dags/example_sensor_decorator.py
[2025-03-12T15:02:22.717+0000] {logging_mixin.py:190} INFO - [2025-03-12T15:02:22.717+0000] {dag.py:3239} INFO - Sync 1 DAGs
[2025-03-12T15:02:22.740+0000] {logging_mixin.py:190} INFO - [2025-03-12T15:02:22.740+0000] {dag.py:4180} INFO - Setting next_dagrun for example_sensor_decorator to None, run_after=None
[2025-03-12T15:02:22.769+0000] {processor.py:208} INFO - Processing /home/airflow/.local/lib/python3.12/site-packages/airflow/example_dags/example_sensor_decorator.py took 0.105 seconds
