[2025-03-12T15:00:16.283+0000] {processor.py:186} INFO - Started process (PID=120743) to work on /home/airflow/.local/lib/python3.12/site-packages/airflow/example_dags/example_bash_decorator.py
[2025-03-12T15:00:16.284+0000] {processor.py:914} INFO - Processing file /home/airflow/.local/lib/python3.12/site-packages/airflow/example_dags/example_bash_decorator.py for tasks to queue
[2025-03-12T15:00:16.286+0000] {logging_mixin.py:190} INFO - [2025-03-12T15:00:16.286+0000] {dagbag.py:588} INFO - Filling up the DagBag from /home/airflow/.local/lib/python3.12/site-packages/airflow/example_dags/example_bash_decorator.py
[2025-03-12T15:00:16.309+0000] {processor.py:925} INFO - DAG(s) 'example_bash_decorator' retrieved from /home/airflow/.local/lib/python3.12/site-packages/airflow/example_dags/example_bash_decorator.py
[2025-03-12T15:00:16.344+0000] {logging_mixin.py:190} INFO - [2025-03-12T15:00:16.343+0000] {dag.py:3239} INFO - Sync 1 DAGs
[2025-03-12T15:00:16.366+0000] {logging_mixin.py:190} INFO - [2025-03-12T15:00:16.366+0000] {dag.py:4180} INFO - Setting next_dagrun for example_bash_decorator to None, run_after=None
[2025-03-12T15:00:16.400+0000] {processor.py:208} INFO - Processing /home/airflow/.local/lib/python3.12/site-packages/airflow/example_dags/example_bash_decorator.py took 0.126 seconds
[2025-03-12T15:00:48.154+0000] {processor.py:186} INFO - Started process (PID=120809) to work on /home/airflow/.local/lib/python3.12/site-packages/airflow/example_dags/example_bash_decorator.py
[2025-03-12T15:00:48.155+0000] {processor.py:914} INFO - Processing file /home/airflow/.local/lib/python3.12/site-packages/airflow/example_dags/example_bash_decorator.py for tasks to queue
[2025-03-12T15:00:48.158+0000] {logging_mixin.py:190} INFO - [2025-03-12T15:00:48.157+0000] {dagbag.py:588} INFO - Filling up the DagBag from /home/airflow/.local/lib/python3.12/site-packages/airflow/example_dags/example_bash_decorator.py
[2025-03-12T15:00:48.182+0000] {processor.py:925} INFO - DAG(s) 'example_bash_decorator' retrieved from /home/airflow/.local/lib/python3.12/site-packages/airflow/example_dags/example_bash_decorator.py
[2025-03-12T15:00:48.220+0000] {logging_mixin.py:190} INFO - [2025-03-12T15:00:48.219+0000] {dag.py:3239} INFO - Sync 1 DAGs
[2025-03-12T15:00:48.244+0000] {logging_mixin.py:190} INFO - [2025-03-12T15:00:48.244+0000] {dag.py:4180} INFO - Setting next_dagrun for example_bash_decorator to None, run_after=None
[2025-03-12T15:00:48.276+0000] {processor.py:208} INFO - Processing /home/airflow/.local/lib/python3.12/site-packages/airflow/example_dags/example_bash_decorator.py took 0.131 seconds
[2025-03-12T15:01:19.485+0000] {processor.py:186} INFO - Started process (PID=120872) to work on /home/airflow/.local/lib/python3.12/site-packages/airflow/example_dags/example_bash_decorator.py
[2025-03-12T15:01:19.486+0000] {processor.py:914} INFO - Processing file /home/airflow/.local/lib/python3.12/site-packages/airflow/example_dags/example_bash_decorator.py for tasks to queue
[2025-03-12T15:01:19.489+0000] {logging_mixin.py:190} INFO - [2025-03-12T15:01:19.489+0000] {dagbag.py:588} INFO - Filling up the DagBag from /home/airflow/.local/lib/python3.12/site-packages/airflow/example_dags/example_bash_decorator.py
[2025-03-12T15:01:19.513+0000] {processor.py:925} INFO - DAG(s) 'example_bash_decorator' retrieved from /home/airflow/.local/lib/python3.12/site-packages/airflow/example_dags/example_bash_decorator.py
[2025-03-12T15:01:19.551+0000] {logging_mixin.py:190} INFO - [2025-03-12T15:01:19.550+0000] {dag.py:3239} INFO - Sync 1 DAGs
[2025-03-12T15:01:19.575+0000] {logging_mixin.py:190} INFO - [2025-03-12T15:01:19.575+0000] {dag.py:4180} INFO - Setting next_dagrun for example_bash_decorator to None, run_after=None
[2025-03-12T15:01:19.611+0000] {processor.py:208} INFO - Processing /home/airflow/.local/lib/python3.12/site-packages/airflow/example_dags/example_bash_decorator.py took 0.135 seconds
[2025-03-12T15:01:51.096+0000] {processor.py:186} INFO - Started process (PID=120935) to work on /home/airflow/.local/lib/python3.12/site-packages/airflow/example_dags/example_bash_decorator.py
[2025-03-12T15:01:51.097+0000] {processor.py:914} INFO - Processing file /home/airflow/.local/lib/python3.12/site-packages/airflow/example_dags/example_bash_decorator.py for tasks to queue
[2025-03-12T15:01:51.100+0000] {logging_mixin.py:190} INFO - [2025-03-12T15:01:51.100+0000] {dagbag.py:588} INFO - Filling up the DagBag from /home/airflow/.local/lib/python3.12/site-packages/airflow/example_dags/example_bash_decorator.py
[2025-03-12T15:01:51.122+0000] {processor.py:925} INFO - DAG(s) 'example_bash_decorator' retrieved from /home/airflow/.local/lib/python3.12/site-packages/airflow/example_dags/example_bash_decorator.py
[2025-03-12T15:01:51.157+0000] {logging_mixin.py:190} INFO - [2025-03-12T15:01:51.157+0000] {dag.py:3239} INFO - Sync 1 DAGs
[2025-03-12T15:01:51.182+0000] {logging_mixin.py:190} INFO - [2025-03-12T15:01:51.181+0000] {dag.py:4180} INFO - Setting next_dagrun for example_bash_decorator to None, run_after=None
[2025-03-12T15:01:51.223+0000] {processor.py:208} INFO - Processing /home/airflow/.local/lib/python3.12/site-packages/airflow/example_dags/example_bash_decorator.py took 0.134 seconds
[2025-03-12T15:02:21.804+0000] {processor.py:186} INFO - Started process (PID=120998) to work on /home/airflow/.local/lib/python3.12/site-packages/airflow/example_dags/example_bash_decorator.py
[2025-03-12T15:02:21.805+0000] {processor.py:914} INFO - Processing file /home/airflow/.local/lib/python3.12/site-packages/airflow/example_dags/example_bash_decorator.py for tasks to queue
[2025-03-12T15:02:21.808+0000] {logging_mixin.py:190} INFO - [2025-03-12T15:02:21.808+0000] {dagbag.py:588} INFO - Filling up the DagBag from /home/airflow/.local/lib/python3.12/site-packages/airflow/example_dags/example_bash_decorator.py
[2025-03-12T15:02:21.831+0000] {processor.py:925} INFO - DAG(s) 'example_bash_decorator' retrieved from /home/airflow/.local/lib/python3.12/site-packages/airflow/example_dags/example_bash_decorator.py
[2025-03-12T15:02:21.866+0000] {logging_mixin.py:190} INFO - [2025-03-12T15:02:21.865+0000] {dag.py:3239} INFO - Sync 1 DAGs
[2025-03-12T15:02:21.889+0000] {logging_mixin.py:190} INFO - [2025-03-12T15:02:21.888+0000] {dag.py:4180} INFO - Setting next_dagrun for example_bash_decorator to None, run_after=None
[2025-03-12T15:02:21.917+0000] {processor.py:208} INFO - Processing /home/airflow/.local/lib/python3.12/site-packages/airflow/example_dags/example_bash_decorator.py took 0.121 seconds
