[2025-03-12T15:00:09.752+0000] {processor.py:186} INFO - Started process (PID=120714) to work on /home/airflow/.local/lib/python3.12/site-packages/airflow/example_dags/example_task_group_decorator.py
[2025-03-12T15:00:09.753+0000] {processor.py:914} INFO - Processing file /home/airflow/.local/lib/python3.12/site-packages/airflow/example_dags/example_task_group_decorator.py for tasks to queue
[2025-03-12T15:00:09.756+0000] {logging_mixin.py:190} INFO - [2025-03-12T15:00:09.755+0000] {dagbag.py:588} INFO - Filling up the DagBag from /home/airflow/.local/lib/python3.12/site-packages/airflow/example_dags/example_task_group_decorator.py
[2025-03-12T15:00:09.781+0000] {processor.py:925} INFO - DAG(s) 'example_task_group_decorator' retrieved from /home/airflow/.local/lib/python3.12/site-packages/airflow/example_dags/example_task_group_decorator.py
[2025-03-12T15:00:09.818+0000] {logging_mixin.py:190} INFO - [2025-03-12T15:00:09.818+0000] {dag.py:3239} INFO - Sync 1 DAGs
[2025-03-12T15:00:09.842+0000] {logging_mixin.py:190} INFO - [2025-03-12T15:00:09.842+0000] {dag.py:4180} INFO - Setting next_dagrun for example_task_group_decorator to None, run_after=None
[2025-03-12T15:00:09.878+0000] {processor.py:208} INFO - Processing /home/airflow/.local/lib/python3.12/site-packages/airflow/example_dags/example_task_group_decorator.py took 0.134 seconds
[2025-03-12T15:00:39.959+0000] {processor.py:186} INFO - Started process (PID=120777) to work on /home/airflow/.local/lib/python3.12/site-packages/airflow/example_dags/example_task_group_decorator.py
[2025-03-12T15:00:39.960+0000] {processor.py:914} INFO - Processing file /home/airflow/.local/lib/python3.12/site-packages/airflow/example_dags/example_task_group_decorator.py for tasks to queue
[2025-03-12T15:00:39.964+0000] {logging_mixin.py:190} INFO - [2025-03-12T15:00:39.963+0000] {dagbag.py:588} INFO - Filling up the DagBag from /home/airflow/.local/lib/python3.12/site-packages/airflow/example_dags/example_task_group_decorator.py
[2025-03-12T15:00:39.993+0000] {processor.py:925} INFO - DAG(s) 'example_task_group_decorator' retrieved from /home/airflow/.local/lib/python3.12/site-packages/airflow/example_dags/example_task_group_decorator.py
[2025-03-12T15:00:40.048+0000] {logging_mixin.py:190} INFO - [2025-03-12T15:00:40.048+0000] {dag.py:3239} INFO - Sync 1 DAGs
[2025-03-12T15:00:40.078+0000] {logging_mixin.py:190} INFO - [2025-03-12T15:00:40.078+0000] {dag.py:4180} INFO - Setting next_dagrun for example_task_group_decorator to None, run_after=None
[2025-03-12T15:00:40.116+0000] {processor.py:208} INFO - Processing /home/airflow/.local/lib/python3.12/site-packages/airflow/example_dags/example_task_group_decorator.py took 0.167 seconds
[2025-03-12T15:01:10.752+0000] {processor.py:186} INFO - Started process (PID=120840) to work on /home/airflow/.local/lib/python3.12/site-packages/airflow/example_dags/example_task_group_decorator.py
[2025-03-12T15:01:10.753+0000] {processor.py:914} INFO - Processing file /home/airflow/.local/lib/python3.12/site-packages/airflow/example_dags/example_task_group_decorator.py for tasks to queue
[2025-03-12T15:01:10.756+0000] {logging_mixin.py:190} INFO - [2025-03-12T15:01:10.755+0000] {dagbag.py:588} INFO - Filling up the DagBag from /home/airflow/.local/lib/python3.12/site-packages/airflow/example_dags/example_task_group_decorator.py
[2025-03-12T15:01:10.781+0000] {processor.py:925} INFO - DAG(s) 'example_task_group_decorator' retrieved from /home/airflow/.local/lib/python3.12/site-packages/airflow/example_dags/example_task_group_decorator.py
[2025-03-12T15:01:10.823+0000] {logging_mixin.py:190} INFO - [2025-03-12T15:01:10.823+0000] {dag.py:3239} INFO - Sync 1 DAGs
[2025-03-12T15:01:10.850+0000] {logging_mixin.py:190} INFO - [2025-03-12T15:01:10.850+0000] {dag.py:4180} INFO - Setting next_dagrun for example_task_group_decorator to None, run_after=None
[2025-03-12T15:01:10.893+0000] {processor.py:208} INFO - Processing /home/airflow/.local/lib/python3.12/site-packages/airflow/example_dags/example_task_group_decorator.py took 0.149 seconds
[2025-03-12T15:01:41.827+0000] {processor.py:186} INFO - Started process (PID=120903) to work on /home/airflow/.local/lib/python3.12/site-packages/airflow/example_dags/example_task_group_decorator.py
[2025-03-12T15:01:41.828+0000] {processor.py:914} INFO - Processing file /home/airflow/.local/lib/python3.12/site-packages/airflow/example_dags/example_task_group_decorator.py for tasks to queue
[2025-03-12T15:01:41.830+0000] {logging_mixin.py:190} INFO - [2025-03-12T15:01:41.830+0000] {dagbag.py:588} INFO - Filling up the DagBag from /home/airflow/.local/lib/python3.12/site-packages/airflow/example_dags/example_task_group_decorator.py
[2025-03-12T15:01:41.856+0000] {processor.py:925} INFO - DAG(s) 'example_task_group_decorator' retrieved from /home/airflow/.local/lib/python3.12/site-packages/airflow/example_dags/example_task_group_decorator.py
[2025-03-12T15:01:41.895+0000] {logging_mixin.py:190} INFO - [2025-03-12T15:01:41.895+0000] {dag.py:3239} INFO - Sync 1 DAGs
[2025-03-12T15:01:41.918+0000] {logging_mixin.py:190} INFO - [2025-03-12T15:01:41.918+0000] {dag.py:4180} INFO - Setting next_dagrun for example_task_group_decorator to None, run_after=None
[2025-03-12T15:01:41.946+0000] {processor.py:208} INFO - Processing /home/airflow/.local/lib/python3.12/site-packages/airflow/example_dags/example_task_group_decorator.py took 0.127 seconds
[2025-03-12T15:02:12.234+0000] {processor.py:186} INFO - Started process (PID=120966) to work on /home/airflow/.local/lib/python3.12/site-packages/airflow/example_dags/example_task_group_decorator.py
[2025-03-12T15:02:12.235+0000] {processor.py:914} INFO - Processing file /home/airflow/.local/lib/python3.12/site-packages/airflow/example_dags/example_task_group_decorator.py for tasks to queue
[2025-03-12T15:02:12.237+0000] {logging_mixin.py:190} INFO - [2025-03-12T15:02:12.237+0000] {dagbag.py:588} INFO - Filling up the DagBag from /home/airflow/.local/lib/python3.12/site-packages/airflow/example_dags/example_task_group_decorator.py
[2025-03-12T15:02:12.263+0000] {processor.py:925} INFO - DAG(s) 'example_task_group_decorator' retrieved from /home/airflow/.local/lib/python3.12/site-packages/airflow/example_dags/example_task_group_decorator.py
[2025-03-12T15:02:12.301+0000] {logging_mixin.py:190} INFO - [2025-03-12T15:02:12.301+0000] {dag.py:3239} INFO - Sync 1 DAGs
[2025-03-12T15:02:12.324+0000] {logging_mixin.py:190} INFO - [2025-03-12T15:02:12.324+0000] {dag.py:4180} INFO - Setting next_dagrun for example_task_group_decorator to None, run_after=None
[2025-03-12T15:02:12.359+0000] {processor.py:208} INFO - Processing /home/airflow/.local/lib/python3.12/site-packages/airflow/example_dags/example_task_group_decorator.py took 0.133 seconds
[2025-03-12T15:02:42.890+0000] {processor.py:186} INFO - Started process (PID=121029) to work on /home/airflow/.local/lib/python3.12/site-packages/airflow/example_dags/example_task_group_decorator.py
[2025-03-12T15:02:42.891+0000] {processor.py:914} INFO - Processing file /home/airflow/.local/lib/python3.12/site-packages/airflow/example_dags/example_task_group_decorator.py for tasks to queue
[2025-03-12T15:02:42.893+0000] {logging_mixin.py:190} INFO - [2025-03-12T15:02:42.893+0000] {dagbag.py:588} INFO - Filling up the DagBag from /home/airflow/.local/lib/python3.12/site-packages/airflow/example_dags/example_task_group_decorator.py
[2025-03-12T15:02:42.918+0000] {processor.py:925} INFO - DAG(s) 'example_task_group_decorator' retrieved from /home/airflow/.local/lib/python3.12/site-packages/airflow/example_dags/example_task_group_decorator.py
[2025-03-12T15:02:42.968+0000] {logging_mixin.py:190} INFO - [2025-03-12T15:02:42.968+0000] {dag.py:3239} INFO - Sync 1 DAGs
[2025-03-12T15:02:42.992+0000] {logging_mixin.py:190} INFO - [2025-03-12T15:02:42.992+0000] {dag.py:4180} INFO - Setting next_dagrun for example_task_group_decorator to None, run_after=None
[2025-03-12T15:02:43.027+0000] {processor.py:208} INFO - Processing /home/airflow/.local/lib/python3.12/site-packages/airflow/example_dags/example_task_group_decorator.py took 0.145 seconds
