[2025-03-12T15:00:16.127+0000] {processor.py:186} INFO - Started process (PID=120742) to work on /home/airflow/.local/lib/python3.12/site-packages/airflow/example_dags/example_sensors.py
[2025-03-12T15:00:16.128+0000] {processor.py:914} INFO - Processing file /home/airflow/.local/lib/python3.12/site-packages/airflow/example_dags/example_sensors.py for tasks to queue
[2025-03-12T15:00:16.131+0000] {logging_mixin.py:190} INFO - [2025-03-12T15:00:16.131+0000] {dagbag.py:588} INFO - Filling up the DagBag from /home/airflow/.local/lib/python3.12/site-packages/airflow/example_dags/example_sensors.py
[2025-03-12T15:00:16.148+0000] {processor.py:925} INFO - DAG(s) 'example_sensors' retrieved from /home/airflow/.local/lib/python3.12/site-packages/airflow/example_dags/example_sensors.py
[2025-03-12T15:00:16.189+0000] {logging_mixin.py:190} INFO - [2025-03-12T15:00:16.188+0000] {dag.py:3239} INFO - Sync 1 DAGs
[2025-03-12T15:00:16.211+0000] {logging_mixin.py:190} INFO - [2025-03-12T15:00:16.211+0000] {dag.py:4180} INFO - Setting next_dagrun for example_sensors to None, run_after=None
[2025-03-12T15:00:16.246+0000] {processor.py:208} INFO - Processing /home/airflow/.local/lib/python3.12/site-packages/airflow/example_dags/example_sensors.py took 0.127 seconds
[2025-03-12T15:00:47.754+0000] {processor.py:186} INFO - Started process (PID=120805) to work on /home/airflow/.local/lib/python3.12/site-packages/airflow/example_dags/example_sensors.py
[2025-03-12T15:00:47.755+0000] {processor.py:914} INFO - Processing file /home/airflow/.local/lib/python3.12/site-packages/airflow/example_dags/example_sensors.py for tasks to queue
[2025-03-12T15:00:47.758+0000] {logging_mixin.py:190} INFO - [2025-03-12T15:00:47.758+0000] {dagbag.py:588} INFO - Filling up the DagBag from /home/airflow/.local/lib/python3.12/site-packages/airflow/example_dags/example_sensors.py
[2025-03-12T15:00:47.776+0000] {processor.py:925} INFO - DAG(s) 'example_sensors' retrieved from /home/airflow/.local/lib/python3.12/site-packages/airflow/example_dags/example_sensors.py
[2025-03-12T15:00:47.818+0000] {logging_mixin.py:190} INFO - [2025-03-12T15:00:47.818+0000] {dag.py:3239} INFO - Sync 1 DAGs
[2025-03-12T15:00:47.842+0000] {logging_mixin.py:190} INFO - [2025-03-12T15:00:47.842+0000] {dag.py:4180} INFO - Setting next_dagrun for example_sensors to None, run_after=None
[2025-03-12T15:00:47.878+0000] {processor.py:208} INFO - Processing /home/airflow/.local/lib/python3.12/site-packages/airflow/example_dags/example_sensors.py took 0.133 seconds
[2025-03-12T15:01:19.164+0000] {processor.py:186} INFO - Started process (PID=120868) to work on /home/airflow/.local/lib/python3.12/site-packages/airflow/example_dags/example_sensors.py
[2025-03-12T15:01:19.165+0000] {processor.py:914} INFO - Processing file /home/airflow/.local/lib/python3.12/site-packages/airflow/example_dags/example_sensors.py for tasks to queue
[2025-03-12T15:01:19.167+0000] {logging_mixin.py:190} INFO - [2025-03-12T15:01:19.167+0000] {dagbag.py:588} INFO - Filling up the DagBag from /home/airflow/.local/lib/python3.12/site-packages/airflow/example_dags/example_sensors.py
[2025-03-12T15:01:19.184+0000] {processor.py:925} INFO - DAG(s) 'example_sensors' retrieved from /home/airflow/.local/lib/python3.12/site-packages/airflow/example_dags/example_sensors.py
[2025-03-12T15:01:19.239+0000] {logging_mixin.py:190} INFO - [2025-03-12T15:01:19.238+0000] {dag.py:3239} INFO - Sync 1 DAGs
[2025-03-12T15:01:19.266+0000] {logging_mixin.py:190} INFO - [2025-03-12T15:01:19.266+0000] {dag.py:4180} INFO - Setting next_dagrun for example_sensors to None, run_after=None
[2025-03-12T15:01:19.295+0000] {processor.py:208} INFO - Processing /home/airflow/.local/lib/python3.12/site-packages/airflow/example_dags/example_sensors.py took 0.140 seconds
[2025-03-12T15:01:49.905+0000] {processor.py:186} INFO - Started process (PID=120926) to work on /home/airflow/.local/lib/python3.12/site-packages/airflow/example_dags/example_sensors.py
[2025-03-12T15:01:49.906+0000] {processor.py:914} INFO - Processing file /home/airflow/.local/lib/python3.12/site-packages/airflow/example_dags/example_sensors.py for tasks to queue
[2025-03-12T15:01:49.909+0000] {logging_mixin.py:190} INFO - [2025-03-12T15:01:49.908+0000] {dagbag.py:588} INFO - Filling up the DagBag from /home/airflow/.local/lib/python3.12/site-packages/airflow/example_dags/example_sensors.py
[2025-03-12T15:01:49.925+0000] {processor.py:925} INFO - DAG(s) 'example_sensors' retrieved from /home/airflow/.local/lib/python3.12/site-packages/airflow/example_dags/example_sensors.py
[2025-03-12T15:01:49.966+0000] {logging_mixin.py:190} INFO - [2025-03-12T15:01:49.965+0000] {dag.py:3239} INFO - Sync 1 DAGs
[2025-03-12T15:01:49.989+0000] {logging_mixin.py:190} INFO - [2025-03-12T15:01:49.989+0000] {dag.py:4180} INFO - Setting next_dagrun for example_sensors to None, run_after=None
[2025-03-12T15:01:50.018+0000] {processor.py:208} INFO - Processing /home/airflow/.local/lib/python3.12/site-packages/airflow/example_dags/example_sensors.py took 0.121 seconds
[2025-03-12T15:02:20.204+0000] {processor.py:186} INFO - Started process (PID=120986) to work on /home/airflow/.local/lib/python3.12/site-packages/airflow/example_dags/example_sensors.py
[2025-03-12T15:02:20.205+0000] {processor.py:914} INFO - Processing file /home/airflow/.local/lib/python3.12/site-packages/airflow/example_dags/example_sensors.py for tasks to queue
[2025-03-12T15:02:20.208+0000] {logging_mixin.py:190} INFO - [2025-03-12T15:02:20.207+0000] {dagbag.py:588} INFO - Filling up the DagBag from /home/airflow/.local/lib/python3.12/site-packages/airflow/example_dags/example_sensors.py
[2025-03-12T15:02:20.224+0000] {processor.py:925} INFO - DAG(s) 'example_sensors' retrieved from /home/airflow/.local/lib/python3.12/site-packages/airflow/example_dags/example_sensors.py
[2025-03-12T15:02:20.264+0000] {logging_mixin.py:190} INFO - [2025-03-12T15:02:20.264+0000] {dag.py:3239} INFO - Sync 1 DAGs
[2025-03-12T15:02:20.287+0000] {logging_mixin.py:190} INFO - [2025-03-12T15:02:20.287+0000] {dag.py:4180} INFO - Setting next_dagrun for example_sensors to None, run_after=None
[2025-03-12T15:02:20.315+0000] {processor.py:208} INFO - Processing /home/airflow/.local/lib/python3.12/site-packages/airflow/example_dags/example_sensors.py took 0.120 seconds
