[2025-03-12T15:00:14.843+0000] {processor.py:186} INFO - Started process (PID=120728) to work on /home/airflow/.local/lib/python3.12/site-packages/airflow/example_dags/example_python_operator.py
[2025-03-12T15:00:14.844+0000] {processor.py:914} INFO - Processing file /home/airflow/.local/lib/python3.12/site-packages/airflow/example_dags/example_python_operator.py for tasks to queue
[2025-03-12T15:00:14.847+0000] {logging_mixin.py:190} INFO - [2025-03-12T15:00:14.846+0000] {dagbag.py:588} INFO - Filling up the DagBag from /home/airflow/.local/lib/python3.12/site-packages/airflow/example_dags/example_python_operator.py
[2025-03-12T15:00:14.865+0000] {processor.py:925} INFO - DAG(s) 'example_python_operator' retrieved from /home/airflow/.local/lib/python3.12/site-packages/airflow/example_dags/example_python_operator.py
[2025-03-12T15:00:14.909+0000] {logging_mixin.py:190} INFO - [2025-03-12T15:00:14.909+0000] {dag.py:3239} INFO - Sync 1 DAGs
[2025-03-12T15:00:14.933+0000] {logging_mixin.py:190} INFO - [2025-03-12T15:00:14.933+0000] {dag.py:4180} INFO - Setting next_dagrun for example_python_operator to None, run_after=None
[2025-03-12T15:00:14.961+0000] {processor.py:208} INFO - Processing /home/airflow/.local/lib/python3.12/site-packages/airflow/example_dags/example_python_operator.py took 0.126 seconds
[2025-03-12T15:00:46.290+0000] {processor.py:186} INFO - Started process (PID=120790) to work on /home/airflow/.local/lib/python3.12/site-packages/airflow/example_dags/example_python_operator.py
[2025-03-12T15:00:46.291+0000] {processor.py:914} INFO - Processing file /home/airflow/.local/lib/python3.12/site-packages/airflow/example_dags/example_python_operator.py for tasks to queue
[2025-03-12T15:00:46.294+0000] {logging_mixin.py:190} INFO - [2025-03-12T15:00:46.293+0000] {dagbag.py:588} INFO - Filling up the DagBag from /home/airflow/.local/lib/python3.12/site-packages/airflow/example_dags/example_python_operator.py
[2025-03-12T15:00:46.312+0000] {processor.py:925} INFO - DAG(s) 'example_python_operator' retrieved from /home/airflow/.local/lib/python3.12/site-packages/airflow/example_dags/example_python_operator.py
[2025-03-12T15:00:46.344+0000] {logging_mixin.py:190} INFO - [2025-03-12T15:00:46.344+0000] {dag.py:3239} INFO - Sync 1 DAGs
[2025-03-12T15:00:46.368+0000] {logging_mixin.py:190} INFO - [2025-03-12T15:00:46.367+0000] {dag.py:4180} INFO - Setting next_dagrun for example_python_operator to None, run_after=None
[2025-03-12T15:00:46.396+0000] {processor.py:208} INFO - Processing /home/airflow/.local/lib/python3.12/site-packages/airflow/example_dags/example_python_operator.py took 0.114 seconds
[2025-03-12T15:01:16.703+0000] {processor.py:186} INFO - Started process (PID=120851) to work on /home/airflow/.local/lib/python3.12/site-packages/airflow/example_dags/example_python_operator.py
[2025-03-12T15:01:16.704+0000] {processor.py:914} INFO - Processing file /home/airflow/.local/lib/python3.12/site-packages/airflow/example_dags/example_python_operator.py for tasks to queue
[2025-03-12T15:01:16.708+0000] {logging_mixin.py:190} INFO - [2025-03-12T15:01:16.707+0000] {dagbag.py:588} INFO - Filling up the DagBag from /home/airflow/.local/lib/python3.12/site-packages/airflow/example_dags/example_python_operator.py
[2025-03-12T15:01:16.734+0000] {processor.py:925} INFO - DAG(s) 'example_python_operator' retrieved from /home/airflow/.local/lib/python3.12/site-packages/airflow/example_dags/example_python_operator.py
[2025-03-12T15:01:16.786+0000] {logging_mixin.py:190} INFO - [2025-03-12T15:01:16.785+0000] {dag.py:3239} INFO - Sync 1 DAGs
[2025-03-12T15:01:16.825+0000] {logging_mixin.py:190} INFO - [2025-03-12T15:01:16.825+0000] {dag.py:4180} INFO - Setting next_dagrun for example_python_operator to None, run_after=None
[2025-03-12T15:01:16.861+0000] {processor.py:208} INFO - Processing /home/airflow/.local/lib/python3.12/site-packages/airflow/example_dags/example_python_operator.py took 0.168 seconds
[2025-03-12T15:01:47.711+0000] {processor.py:186} INFO - Started process (PID=120914) to work on /home/airflow/.local/lib/python3.12/site-packages/airflow/example_dags/example_python_operator.py
[2025-03-12T15:01:47.719+0000] {processor.py:914} INFO - Processing file /home/airflow/.local/lib/python3.12/site-packages/airflow/example_dags/example_python_operator.py for tasks to queue
[2025-03-12T15:01:47.722+0000] {logging_mixin.py:190} INFO - [2025-03-12T15:01:47.721+0000] {dagbag.py:588} INFO - Filling up the DagBag from /home/airflow/.local/lib/python3.12/site-packages/airflow/example_dags/example_python_operator.py
[2025-03-12T15:01:47.739+0000] {processor.py:925} INFO - DAG(s) 'example_python_operator' retrieved from /home/airflow/.local/lib/python3.12/site-packages/airflow/example_dags/example_python_operator.py
[2025-03-12T15:01:47.772+0000] {logging_mixin.py:190} INFO - [2025-03-12T15:01:47.772+0000] {dag.py:3239} INFO - Sync 1 DAGs
[2025-03-12T15:01:47.795+0000] {logging_mixin.py:190} INFO - [2025-03-12T15:01:47.795+0000] {dag.py:4180} INFO - Setting next_dagrun for example_python_operator to None, run_after=None
[2025-03-12T15:01:47.823+0000] {processor.py:208} INFO - Processing /home/airflow/.local/lib/python3.12/site-packages/airflow/example_dags/example_python_operator.py took 0.120 seconds
[2025-03-12T15:02:18.085+0000] {processor.py:186} INFO - Started process (PID=120977) to work on /home/airflow/.local/lib/python3.12/site-packages/airflow/example_dags/example_python_operator.py
[2025-03-12T15:02:18.086+0000] {processor.py:914} INFO - Processing file /home/airflow/.local/lib/python3.12/site-packages/airflow/example_dags/example_python_operator.py for tasks to queue
[2025-03-12T15:02:18.089+0000] {logging_mixin.py:190} INFO - [2025-03-12T15:02:18.088+0000] {dagbag.py:588} INFO - Filling up the DagBag from /home/airflow/.local/lib/python3.12/site-packages/airflow/example_dags/example_python_operator.py
[2025-03-12T15:02:18.106+0000] {processor.py:925} INFO - DAG(s) 'example_python_operator' retrieved from /home/airflow/.local/lib/python3.12/site-packages/airflow/example_dags/example_python_operator.py
[2025-03-12T15:02:18.139+0000] {logging_mixin.py:190} INFO - [2025-03-12T15:02:18.138+0000] {dag.py:3239} INFO - Sync 1 DAGs
[2025-03-12T15:02:18.162+0000] {logging_mixin.py:190} INFO - [2025-03-12T15:02:18.162+0000] {dag.py:4180} INFO - Setting next_dagrun for example_python_operator to None, run_after=None
[2025-03-12T15:02:18.190+0000] {processor.py:208} INFO - Processing /home/airflow/.local/lib/python3.12/site-packages/airflow/example_dags/example_python_operator.py took 0.113 seconds
