[2025-03-12T15:00:09.743+0000] {processor.py:186} INFO - Started process (PID=120713) to work on /home/airflow/.local/lib/python3.12/site-packages/airflow/example_dags/example_branch_operator.py
[2025-03-12T15:00:09.744+0000] {processor.py:914} INFO - Processing file /home/airflow/.local/lib/python3.12/site-packages/airflow/example_dags/example_branch_operator.py for tasks to queue
[2025-03-12T15:00:09.747+0000] {logging_mixin.py:190} INFO - [2025-03-12T15:00:09.746+0000] {dagbag.py:588} INFO - Filling up the DagBag from /home/airflow/.local/lib/python3.12/site-packages/airflow/example_dags/example_branch_operator.py
[2025-03-12T15:00:09.775+0000] {processor.py:925} INFO - DAG(s) 'example_branch_operator' retrieved from /home/airflow/.local/lib/python3.12/site-packages/airflow/example_dags/example_branch_operator.py
[2025-03-12T15:00:09.820+0000] {logging_mixin.py:190} INFO - [2025-03-12T15:00:09.820+0000] {dag.py:3239} INFO - Sync 1 DAGs
[2025-03-12T15:00:09.861+0000] {logging_mixin.py:190} INFO - [2025-03-12T15:00:09.860+0000] {dag.py:4180} INFO - Setting next_dagrun for example_branch_operator to 2025-03-11 00:00:00+00:00, run_after=2025-03-12 00:00:00+00:00
[2025-03-12T15:00:09.890+0000] {processor.py:208} INFO - Processing /home/airflow/.local/lib/python3.12/site-packages/airflow/example_dags/example_branch_operator.py took 0.155 seconds
[2025-03-12T15:00:39.946+0000] {processor.py:186} INFO - Started process (PID=120776) to work on /home/airflow/.local/lib/python3.12/site-packages/airflow/example_dags/example_branch_operator.py
[2025-03-12T15:00:39.947+0000] {processor.py:914} INFO - Processing file /home/airflow/.local/lib/python3.12/site-packages/airflow/example_dags/example_branch_operator.py for tasks to queue
[2025-03-12T15:00:39.950+0000] {logging_mixin.py:190} INFO - [2025-03-12T15:00:39.949+0000] {dagbag.py:588} INFO - Filling up the DagBag from /home/airflow/.local/lib/python3.12/site-packages/airflow/example_dags/example_branch_operator.py
[2025-03-12T15:00:39.985+0000] {processor.py:925} INFO - DAG(s) 'example_branch_operator' retrieved from /home/airflow/.local/lib/python3.12/site-packages/airflow/example_dags/example_branch_operator.py
[2025-03-12T15:00:40.048+0000] {logging_mixin.py:190} INFO - [2025-03-12T15:00:40.048+0000] {dag.py:3239} INFO - Sync 1 DAGs
[2025-03-12T15:00:40.101+0000] {logging_mixin.py:190} INFO - [2025-03-12T15:00:40.101+0000] {dag.py:4180} INFO - Setting next_dagrun for example_branch_operator to 2025-03-11 00:00:00+00:00, run_after=2025-03-12 00:00:00+00:00
[2025-03-12T15:00:40.140+0000] {processor.py:208} INFO - Processing /home/airflow/.local/lib/python3.12/site-packages/airflow/example_dags/example_branch_operator.py took 0.203 seconds
[2025-03-12T15:01:10.742+0000] {processor.py:186} INFO - Started process (PID=120839) to work on /home/airflow/.local/lib/python3.12/site-packages/airflow/example_dags/example_branch_operator.py
[2025-03-12T15:01:10.750+0000] {processor.py:914} INFO - Processing file /home/airflow/.local/lib/python3.12/site-packages/airflow/example_dags/example_branch_operator.py for tasks to queue
[2025-03-12T15:01:10.754+0000] {logging_mixin.py:190} INFO - [2025-03-12T15:01:10.754+0000] {dagbag.py:588} INFO - Filling up the DagBag from /home/airflow/.local/lib/python3.12/site-packages/airflow/example_dags/example_branch_operator.py
[2025-03-12T15:01:10.782+0000] {processor.py:925} INFO - DAG(s) 'example_branch_operator' retrieved from /home/airflow/.local/lib/python3.12/site-packages/airflow/example_dags/example_branch_operator.py
[2025-03-12T15:01:10.832+0000] {logging_mixin.py:190} INFO - [2025-03-12T15:01:10.832+0000] {dag.py:3239} INFO - Sync 1 DAGs
[2025-03-12T15:01:10.888+0000] {logging_mixin.py:190} INFO - [2025-03-12T15:01:10.887+0000] {dag.py:4180} INFO - Setting next_dagrun for example_branch_operator to 2025-03-11 00:00:00+00:00, run_after=2025-03-12 00:00:00+00:00
[2025-03-12T15:01:10.923+0000] {processor.py:208} INFO - Processing /home/airflow/.local/lib/python3.12/site-packages/airflow/example_dags/example_branch_operator.py took 0.189 seconds
[2025-03-12T15:01:41.817+0000] {processor.py:186} INFO - Started process (PID=120902) to work on /home/airflow/.local/lib/python3.12/site-packages/airflow/example_dags/example_branch_operator.py
[2025-03-12T15:01:41.825+0000] {processor.py:914} INFO - Processing file /home/airflow/.local/lib/python3.12/site-packages/airflow/example_dags/example_branch_operator.py for tasks to queue
[2025-03-12T15:01:41.828+0000] {logging_mixin.py:190} INFO - [2025-03-12T15:01:41.828+0000] {dagbag.py:588} INFO - Filling up the DagBag from /home/airflow/.local/lib/python3.12/site-packages/airflow/example_dags/example_branch_operator.py
[2025-03-12T15:01:41.856+0000] {processor.py:925} INFO - DAG(s) 'example_branch_operator' retrieved from /home/airflow/.local/lib/python3.12/site-packages/airflow/example_dags/example_branch_operator.py
[2025-03-12T15:01:41.902+0000] {logging_mixin.py:190} INFO - [2025-03-12T15:01:41.901+0000] {dag.py:3239} INFO - Sync 1 DAGs
[2025-03-12T15:01:41.941+0000] {logging_mixin.py:190} INFO - [2025-03-12T15:01:41.941+0000] {dag.py:4180} INFO - Setting next_dagrun for example_branch_operator to 2025-03-11 00:00:00+00:00, run_after=2025-03-12 00:00:00+00:00
[2025-03-12T15:01:41.969+0000] {processor.py:208} INFO - Processing /home/airflow/.local/lib/python3.12/site-packages/airflow/example_dags/example_branch_operator.py took 0.161 seconds
[2025-03-12T15:02:12.224+0000] {processor.py:186} INFO - Started process (PID=120965) to work on /home/airflow/.local/lib/python3.12/site-packages/airflow/example_dags/example_branch_operator.py
[2025-03-12T15:02:12.225+0000] {processor.py:914} INFO - Processing file /home/airflow/.local/lib/python3.12/site-packages/airflow/example_dags/example_branch_operator.py for tasks to queue
[2025-03-12T15:02:12.228+0000] {logging_mixin.py:190} INFO - [2025-03-12T15:02:12.228+0000] {dagbag.py:588} INFO - Filling up the DagBag from /home/airflow/.local/lib/python3.12/site-packages/airflow/example_dags/example_branch_operator.py
[2025-03-12T15:02:12.257+0000] {processor.py:925} INFO - DAG(s) 'example_branch_operator' retrieved from /home/airflow/.local/lib/python3.12/site-packages/airflow/example_dags/example_branch_operator.py
[2025-03-12T15:02:12.301+0000] {logging_mixin.py:190} INFO - [2025-03-12T15:02:12.301+0000] {dag.py:3239} INFO - Sync 1 DAGs
[2025-03-12T15:02:12.341+0000] {logging_mixin.py:190} INFO - [2025-03-12T15:02:12.340+0000] {dag.py:4180} INFO - Setting next_dagrun for example_branch_operator to 2025-03-11 00:00:00+00:00, run_after=2025-03-12 00:00:00+00:00
[2025-03-12T15:02:12.367+0000] {processor.py:208} INFO - Processing /home/airflow/.local/lib/python3.12/site-packages/airflow/example_dags/example_branch_operator.py took 0.151 seconds
[2025-03-12T15:02:42.880+0000] {processor.py:186} INFO - Started process (PID=121028) to work on /home/airflow/.local/lib/python3.12/site-packages/airflow/example_dags/example_branch_operator.py
[2025-03-12T15:02:42.881+0000] {processor.py:914} INFO - Processing file /home/airflow/.local/lib/python3.12/site-packages/airflow/example_dags/example_branch_operator.py for tasks to queue
[2025-03-12T15:02:42.885+0000] {logging_mixin.py:190} INFO - [2025-03-12T15:02:42.884+0000] {dagbag.py:588} INFO - Filling up the DagBag from /home/airflow/.local/lib/python3.12/site-packages/airflow/example_dags/example_branch_operator.py
[2025-03-12T15:02:42.913+0000] {processor.py:925} INFO - DAG(s) 'example_branch_operator' retrieved from /home/airflow/.local/lib/python3.12/site-packages/airflow/example_dags/example_branch_operator.py
[2025-03-12T15:02:42.970+0000] {logging_mixin.py:190} INFO - [2025-03-12T15:02:42.970+0000] {dag.py:3239} INFO - Sync 1 DAGs
[2025-03-12T15:02:43.010+0000] {logging_mixin.py:190} INFO - [2025-03-12T15:02:43.010+0000] {dag.py:4180} INFO - Setting next_dagrun for example_branch_operator to 2025-03-11 00:00:00+00:00, run_after=2025-03-12 00:00:00+00:00
[2025-03-12T15:02:43.037+0000] {processor.py:208} INFO - Processing /home/airflow/.local/lib/python3.12/site-packages/airflow/example_dags/example_branch_operator.py took 0.165 seconds
