[2025-03-12T15:00:18.773+0000] {processor.py:186} INFO - Started process (PID=120769) to work on /home/airflow/.local/lib/python3.12/site-packages/airflow/example_dags/example_inlet_event_extra.py
[2025-03-12T15:00:18.774+0000] {processor.py:914} INFO - Processing file /home/airflow/.local/lib/python3.12/site-packages/airflow/example_dags/example_inlet_event_extra.py for tasks to queue
[2025-03-12T15:00:18.777+0000] {logging_mixin.py:190} INFO - [2025-03-12T15:00:18.776+0000] {dagbag.py:588} INFO - Filling up the DagBag from /home/airflow/.local/lib/python3.12/site-packages/airflow/example_dags/example_inlet_event_extra.py
[2025-03-12T15:00:19.674+0000] {processor.py:925} INFO - DAG(s) 'read_dataset_event', 'read_dataset_event_from_classic' retrieved from /home/airflow/.local/lib/python3.12/site-packages/airflow/example_dags/example_inlet_event_extra.py
[2025-03-12T15:00:19.706+0000] {logging_mixin.py:190} INFO - [2025-03-12T15:00:19.706+0000] {dag.py:3239} INFO - Sync 2 DAGs
[2025-03-12T15:00:19.750+0000] {logging_mixin.py:190} INFO - [2025-03-12T15:00:19.749+0000] {dag.py:4180} INFO - Setting next_dagrun for read_dataset_event to 2025-03-11 00:00:00+00:00, run_after=2025-03-12 00:00:00+00:00
[2025-03-12T15:00:19.759+0000] {logging_mixin.py:190} INFO - [2025-03-12T15:00:19.759+0000] {dag.py:4180} INFO - Setting next_dagrun for read_dataset_event_from_classic to 2025-03-11 00:00:00+00:00, run_after=2025-03-12 00:00:00+00:00
[2025-03-12T15:00:19.792+0000] {processor.py:208} INFO - Processing /home/airflow/.local/lib/python3.12/site-packages/airflow/example_dags/example_inlet_event_extra.py took 1.027 seconds
[2025-03-12T15:00:50.577+0000] {processor.py:186} INFO - Started process (PID=120832) to work on /home/airflow/.local/lib/python3.12/site-packages/airflow/example_dags/example_inlet_event_extra.py
[2025-03-12T15:00:50.579+0000] {processor.py:914} INFO - Processing file /home/airflow/.local/lib/python3.12/site-packages/airflow/example_dags/example_inlet_event_extra.py for tasks to queue
[2025-03-12T15:00:50.581+0000] {logging_mixin.py:190} INFO - [2025-03-12T15:00:50.581+0000] {dagbag.py:588} INFO - Filling up the DagBag from /home/airflow/.local/lib/python3.12/site-packages/airflow/example_dags/example_inlet_event_extra.py
[2025-03-12T15:00:51.518+0000] {processor.py:925} INFO - DAG(s) 'read_dataset_event', 'read_dataset_event_from_classic' retrieved from /home/airflow/.local/lib/python3.12/site-packages/airflow/example_dags/example_inlet_event_extra.py
[2025-03-12T15:00:51.553+0000] {logging_mixin.py:190} INFO - [2025-03-12T15:00:51.552+0000] {dag.py:3239} INFO - Sync 2 DAGs
[2025-03-12T15:00:51.599+0000] {logging_mixin.py:190} INFO - [2025-03-12T15:00:51.598+0000] {dag.py:4180} INFO - Setting next_dagrun for read_dataset_event to 2025-03-11 00:00:00+00:00, run_after=2025-03-12 00:00:00+00:00
[2025-03-12T15:00:51.610+0000] {logging_mixin.py:190} INFO - [2025-03-12T15:00:51.610+0000] {dag.py:4180} INFO - Setting next_dagrun for read_dataset_event_from_classic to 2025-03-11 00:00:00+00:00, run_after=2025-03-12 00:00:00+00:00
[2025-03-12T15:00:51.644+0000] {processor.py:208} INFO - Processing /home/airflow/.local/lib/python3.12/site-packages/airflow/example_dags/example_inlet_event_extra.py took 1.075 seconds
[2025-03-12T15:01:22.635+0000] {processor.py:186} INFO - Started process (PID=120895) to work on /home/airflow/.local/lib/python3.12/site-packages/airflow/example_dags/example_inlet_event_extra.py
[2025-03-12T15:01:22.637+0000] {processor.py:914} INFO - Processing file /home/airflow/.local/lib/python3.12/site-packages/airflow/example_dags/example_inlet_event_extra.py for tasks to queue
[2025-03-12T15:01:22.639+0000] {logging_mixin.py:190} INFO - [2025-03-12T15:01:22.639+0000] {dagbag.py:588} INFO - Filling up the DagBag from /home/airflow/.local/lib/python3.12/site-packages/airflow/example_dags/example_inlet_event_extra.py
[2025-03-12T15:01:23.536+0000] {processor.py:925} INFO - DAG(s) 'read_dataset_event', 'read_dataset_event_from_classic' retrieved from /home/airflow/.local/lib/python3.12/site-packages/airflow/example_dags/example_inlet_event_extra.py
[2025-03-12T15:01:23.567+0000] {logging_mixin.py:190} INFO - [2025-03-12T15:01:23.566+0000] {dag.py:3239} INFO - Sync 2 DAGs
[2025-03-12T15:01:23.612+0000] {logging_mixin.py:190} INFO - [2025-03-12T15:01:23.612+0000] {dag.py:4180} INFO - Setting next_dagrun for read_dataset_event to 2025-03-11 00:00:00+00:00, run_after=2025-03-12 00:00:00+00:00
[2025-03-12T15:01:23.622+0000] {logging_mixin.py:190} INFO - [2025-03-12T15:01:23.622+0000] {dag.py:4180} INFO - Setting next_dagrun for read_dataset_event_from_classic to 2025-03-11 00:00:00+00:00, run_after=2025-03-12 00:00:00+00:00
[2025-03-12T15:01:23.647+0000] {processor.py:208} INFO - Processing /home/airflow/.local/lib/python3.12/site-packages/airflow/example_dags/example_inlet_event_extra.py took 1.020 seconds
[2025-03-12T15:01:54.066+0000] {processor.py:186} INFO - Started process (PID=120958) to work on /home/airflow/.local/lib/python3.12/site-packages/airflow/example_dags/example_inlet_event_extra.py
[2025-03-12T15:01:54.074+0000] {processor.py:914} INFO - Processing file /home/airflow/.local/lib/python3.12/site-packages/airflow/example_dags/example_inlet_event_extra.py for tasks to queue
[2025-03-12T15:01:54.077+0000] {logging_mixin.py:190} INFO - [2025-03-12T15:01:54.076+0000] {dagbag.py:588} INFO - Filling up the DagBag from /home/airflow/.local/lib/python3.12/site-packages/airflow/example_dags/example_inlet_event_extra.py
[2025-03-12T15:01:54.974+0000] {processor.py:925} INFO - DAG(s) 'read_dataset_event', 'read_dataset_event_from_classic' retrieved from /home/airflow/.local/lib/python3.12/site-packages/airflow/example_dags/example_inlet_event_extra.py
[2025-03-12T15:01:55.014+0000] {logging_mixin.py:190} INFO - [2025-03-12T15:01:55.013+0000] {dag.py:3239} INFO - Sync 2 DAGs
[2025-03-12T15:01:55.057+0000] {logging_mixin.py:190} INFO - [2025-03-12T15:01:55.056+0000] {dag.py:4180} INFO - Setting next_dagrun for read_dataset_event to 2025-03-11 00:00:00+00:00, run_after=2025-03-12 00:00:00+00:00
[2025-03-12T15:01:55.067+0000] {logging_mixin.py:190} INFO - [2025-03-12T15:01:55.066+0000] {dag.py:4180} INFO - Setting next_dagrun for read_dataset_event_from_classic to 2025-03-11 00:00:00+00:00, run_after=2025-03-12 00:00:00+00:00
[2025-03-12T15:01:55.098+0000] {processor.py:208} INFO - Processing /home/airflow/.local/lib/python3.12/site-packages/airflow/example_dags/example_inlet_event_extra.py took 1.040 seconds
[2025-03-12T15:02:25.742+0000] {processor.py:186} INFO - Started process (PID=121021) to work on /home/airflow/.local/lib/python3.12/site-packages/airflow/example_dags/example_inlet_event_extra.py
[2025-03-12T15:02:25.743+0000] {processor.py:914} INFO - Processing file /home/airflow/.local/lib/python3.12/site-packages/airflow/example_dags/example_inlet_event_extra.py for tasks to queue
[2025-03-12T15:02:25.745+0000] {logging_mixin.py:190} INFO - [2025-03-12T15:02:25.745+0000] {dagbag.py:588} INFO - Filling up the DagBag from /home/airflow/.local/lib/python3.12/site-packages/airflow/example_dags/example_inlet_event_extra.py
[2025-03-12T15:02:26.639+0000] {processor.py:925} INFO - DAG(s) 'read_dataset_event', 'read_dataset_event_from_classic' retrieved from /home/airflow/.local/lib/python3.12/site-packages/airflow/example_dags/example_inlet_event_extra.py
[2025-03-12T15:02:26.669+0000] {logging_mixin.py:190} INFO - [2025-03-12T15:02:26.668+0000] {dag.py:3239} INFO - Sync 2 DAGs
[2025-03-12T15:02:26.711+0000] {logging_mixin.py:190} INFO - [2025-03-12T15:02:26.710+0000] {dag.py:4180} INFO - Setting next_dagrun for read_dataset_event to 2025-03-11 00:00:00+00:00, run_after=2025-03-12 00:00:00+00:00
[2025-03-12T15:02:26.720+0000] {logging_mixin.py:190} INFO - [2025-03-12T15:02:26.720+0000] {dag.py:4180} INFO - Setting next_dagrun for read_dataset_event_from_classic to 2025-03-11 00:00:00+00:00, run_after=2025-03-12 00:00:00+00:00
[2025-03-12T15:02:26.751+0000] {processor.py:208} INFO - Processing /home/airflow/.local/lib/python3.12/site-packages/airflow/example_dags/example_inlet_event_extra.py took 1.018 seconds
