[2025-03-12T15:00:14.939+0000] {processor.py:186} INFO - Started process (PID=120729) to work on /home/airflow/.local/lib/python3.12/site-packages/airflow/example_dags/example_trigger_target_dag.py
[2025-03-12T15:00:14.940+0000] {processor.py:914} INFO - Processing file /home/airflow/.local/lib/python3.12/site-packages/airflow/example_dags/example_trigger_target_dag.py for tasks to queue
[2025-03-12T15:00:14.943+0000] {logging_mixin.py:190} INFO - [2025-03-12T15:00:14.943+0000] {dagbag.py:588} INFO - Filling up the DagBag from /home/airflow/.local/lib/python3.12/site-packages/airflow/example_dags/example_trigger_target_dag.py
[2025-03-12T15:00:14.954+0000] {processor.py:925} INFO - DAG(s) 'example_trigger_target_dag' retrieved from /home/airflow/.local/lib/python3.12/site-packages/airflow/example_dags/example_trigger_target_dag.py
[2025-03-12T15:00:14.981+0000] {logging_mixin.py:190} INFO - [2025-03-12T15:00:14.981+0000] {dag.py:3239} INFO - Sync 1 DAGs
[2025-03-12T15:00:15.006+0000] {logging_mixin.py:190} INFO - [2025-03-12T15:00:15.006+0000] {dag.py:4180} INFO - Setting next_dagrun for example_trigger_target_dag to None, run_after=None
[2025-03-12T15:00:15.038+0000] {processor.py:208} INFO - Processing /home/airflow/.local/lib/python3.12/site-packages/airflow/example_dags/example_trigger_target_dag.py took 0.107 seconds
[2025-03-12T15:00:46.433+0000] {processor.py:186} INFO - Started process (PID=120791) to work on /home/airflow/.local/lib/python3.12/site-packages/airflow/example_dags/example_trigger_target_dag.py
[2025-03-12T15:00:46.434+0000] {processor.py:914} INFO - Processing file /home/airflow/.local/lib/python3.12/site-packages/airflow/example_dags/example_trigger_target_dag.py for tasks to queue
[2025-03-12T15:00:46.437+0000] {logging_mixin.py:190} INFO - [2025-03-12T15:00:46.436+0000] {dagbag.py:588} INFO - Filling up the DagBag from /home/airflow/.local/lib/python3.12/site-packages/airflow/example_dags/example_trigger_target_dag.py
[2025-03-12T15:00:46.448+0000] {processor.py:925} INFO - DAG(s) 'example_trigger_target_dag' retrieved from /home/airflow/.local/lib/python3.12/site-packages/airflow/example_dags/example_trigger_target_dag.py
[2025-03-12T15:00:46.475+0000] {logging_mixin.py:190} INFO - [2025-03-12T15:00:46.474+0000] {dag.py:3239} INFO - Sync 1 DAGs
[2025-03-12T15:00:46.507+0000] {logging_mixin.py:190} INFO - [2025-03-12T15:00:46.506+0000] {dag.py:4180} INFO - Setting next_dagrun for example_trigger_target_dag to None, run_after=None
[2025-03-12T15:00:46.538+0000] {processor.py:208} INFO - Processing /home/airflow/.local/lib/python3.12/site-packages/airflow/example_dags/example_trigger_target_dag.py took 0.114 seconds
[2025-03-12T15:01:17.929+0000] {processor.py:186} INFO - Started process (PID=120854) to work on /home/airflow/.local/lib/python3.12/site-packages/airflow/example_dags/example_trigger_target_dag.py
[2025-03-12T15:01:17.930+0000] {processor.py:914} INFO - Processing file /home/airflow/.local/lib/python3.12/site-packages/airflow/example_dags/example_trigger_target_dag.py for tasks to queue
[2025-03-12T15:01:17.934+0000] {logging_mixin.py:190} INFO - [2025-03-12T15:01:17.933+0000] {dagbag.py:588} INFO - Filling up the DagBag from /home/airflow/.local/lib/python3.12/site-packages/airflow/example_dags/example_trigger_target_dag.py
[2025-03-12T15:01:17.945+0000] {processor.py:925} INFO - DAG(s) 'example_trigger_target_dag' retrieved from /home/airflow/.local/lib/python3.12/site-packages/airflow/example_dags/example_trigger_target_dag.py
[2025-03-12T15:01:17.973+0000] {logging_mixin.py:190} INFO - [2025-03-12T15:01:17.972+0000] {dag.py:3239} INFO - Sync 1 DAGs
[2025-03-12T15:01:18.004+0000] {logging_mixin.py:190} INFO - [2025-03-12T15:01:18.004+0000] {dag.py:4180} INFO - Setting next_dagrun for example_trigger_target_dag to None, run_after=None
[2025-03-12T15:01:18.037+0000] {processor.py:208} INFO - Processing /home/airflow/.local/lib/python3.12/site-packages/airflow/example_dags/example_trigger_target_dag.py took 0.117 seconds
[2025-03-12T15:01:48.868+0000] {processor.py:186} INFO - Started process (PID=120916) to work on /home/airflow/.local/lib/python3.12/site-packages/airflow/example_dags/example_trigger_target_dag.py
[2025-03-12T15:01:48.870+0000] {processor.py:914} INFO - Processing file /home/airflow/.local/lib/python3.12/site-packages/airflow/example_dags/example_trigger_target_dag.py for tasks to queue
[2025-03-12T15:01:48.872+0000] {logging_mixin.py:190} INFO - [2025-03-12T15:01:48.872+0000] {dagbag.py:588} INFO - Filling up the DagBag from /home/airflow/.local/lib/python3.12/site-packages/airflow/example_dags/example_trigger_target_dag.py
[2025-03-12T15:01:48.883+0000] {processor.py:925} INFO - DAG(s) 'example_trigger_target_dag' retrieved from /home/airflow/.local/lib/python3.12/site-packages/airflow/example_dags/example_trigger_target_dag.py
[2025-03-12T15:01:48.910+0000] {logging_mixin.py:190} INFO - [2025-03-12T15:01:48.909+0000] {dag.py:3239} INFO - Sync 1 DAGs
[2025-03-12T15:01:48.933+0000] {logging_mixin.py:190} INFO - [2025-03-12T15:01:48.932+0000] {dag.py:4180} INFO - Setting next_dagrun for example_trigger_target_dag to None, run_after=None
[2025-03-12T15:01:48.961+0000] {processor.py:208} INFO - Processing /home/airflow/.local/lib/python3.12/site-packages/airflow/example_dags/example_trigger_target_dag.py took 0.100 seconds
[2025-03-12T15:02:19.100+0000] {processor.py:186} INFO - Started process (PID=120978) to work on /home/airflow/.local/lib/python3.12/site-packages/airflow/example_dags/example_trigger_target_dag.py
[2025-03-12T15:02:19.101+0000] {processor.py:914} INFO - Processing file /home/airflow/.local/lib/python3.12/site-packages/airflow/example_dags/example_trigger_target_dag.py for tasks to queue
[2025-03-12T15:02:19.104+0000] {logging_mixin.py:190} INFO - [2025-03-12T15:02:19.104+0000] {dagbag.py:588} INFO - Filling up the DagBag from /home/airflow/.local/lib/python3.12/site-packages/airflow/example_dags/example_trigger_target_dag.py
[2025-03-12T15:02:19.115+0000] {processor.py:925} INFO - DAG(s) 'example_trigger_target_dag' retrieved from /home/airflow/.local/lib/python3.12/site-packages/airflow/example_dags/example_trigger_target_dag.py
[2025-03-12T15:02:19.142+0000] {logging_mixin.py:190} INFO - [2025-03-12T15:02:19.141+0000] {dag.py:3239} INFO - Sync 1 DAGs
[2025-03-12T15:02:19.165+0000] {logging_mixin.py:190} INFO - [2025-03-12T15:02:19.165+0000] {dag.py:4180} INFO - Setting next_dagrun for example_trigger_target_dag to None, run_after=None
[2025-03-12T15:02:19.193+0000] {processor.py:208} INFO - Processing /home/airflow/.local/lib/python3.12/site-packages/airflow/example_dags/example_trigger_target_dag.py took 0.101 seconds
