[2025-03-12T15:00:16.585+0000] {processor.py:186} INFO - Started process (PID=120746) to work on /home/airflow/.local/lib/python3.12/site-packages/airflow/example_dags/example_external_task_marker_dag.py
[2025-03-12T15:00:16.586+0000] {processor.py:914} INFO - Processing file /home/airflow/.local/lib/python3.12/site-packages/airflow/example_dags/example_external_task_marker_dag.py for tasks to queue
[2025-03-12T15:00:16.589+0000] {logging_mixin.py:190} INFO - [2025-03-12T15:00:16.588+0000] {dagbag.py:588} INFO - Filling up the DagBag from /home/airflow/.local/lib/python3.12/site-packages/airflow/example_dags/example_external_task_marker_dag.py
[2025-03-12T15:00:16.600+0000] {processor.py:925} INFO - DAG(s) 'example_external_task_marker_parent', 'example_external_task_marker_child' retrieved from /home/airflow/.local/lib/python3.12/site-packages/airflow/example_dags/example_external_task_marker_dag.py
[2025-03-12T15:00:16.634+0000] {logging_mixin.py:190} INFO - [2025-03-12T15:00:16.633+0000] {dag.py:3239} INFO - Sync 2 DAGs
[2025-03-12T15:00:16.657+0000] {logging_mixin.py:190} INFO - [2025-03-12T15:00:16.657+0000] {dag.py:4180} INFO - Setting next_dagrun for example_external_task_marker_child to None, run_after=None
[2025-03-12T15:00:16.664+0000] {logging_mixin.py:190} INFO - [2025-03-12T15:00:16.663+0000] {dag.py:4180} INFO - Setting next_dagrun for example_external_task_marker_parent to None, run_after=None
[2025-03-12T15:00:16.695+0000] {processor.py:208} INFO - Processing /home/airflow/.local/lib/python3.12/site-packages/airflow/example_dags/example_external_task_marker_dag.py took 0.118 seconds
[2025-03-12T15:00:48.464+0000] {processor.py:186} INFO - Started process (PID=120812) to work on /home/airflow/.local/lib/python3.12/site-packages/airflow/example_dags/example_external_task_marker_dag.py
[2025-03-12T15:00:48.465+0000] {processor.py:914} INFO - Processing file /home/airflow/.local/lib/python3.12/site-packages/airflow/example_dags/example_external_task_marker_dag.py for tasks to queue
[2025-03-12T15:00:48.468+0000] {logging_mixin.py:190} INFO - [2025-03-12T15:00:48.467+0000] {dagbag.py:588} INFO - Filling up the DagBag from /home/airflow/.local/lib/python3.12/site-packages/airflow/example_dags/example_external_task_marker_dag.py
[2025-03-12T15:00:48.480+0000] {processor.py:925} INFO - DAG(s) 'example_external_task_marker_parent', 'example_external_task_marker_child' retrieved from /home/airflow/.local/lib/python3.12/site-packages/airflow/example_dags/example_external_task_marker_dag.py
[2025-03-12T15:00:48.515+0000] {logging_mixin.py:190} INFO - [2025-03-12T15:00:48.515+0000] {dag.py:3239} INFO - Sync 2 DAGs
[2025-03-12T15:00:48.543+0000] {logging_mixin.py:190} INFO - [2025-03-12T15:00:48.542+0000] {dag.py:4180} INFO - Setting next_dagrun for example_external_task_marker_child to None, run_after=None
[2025-03-12T15:00:48.549+0000] {logging_mixin.py:190} INFO - [2025-03-12T15:00:48.549+0000] {dag.py:4180} INFO - Setting next_dagrun for example_external_task_marker_parent to None, run_after=None
[2025-03-12T15:00:48.583+0000] {processor.py:208} INFO - Processing /home/airflow/.local/lib/python3.12/site-packages/airflow/example_dags/example_external_task_marker_dag.py took 0.128 seconds
[2025-03-12T15:01:19.793+0000] {processor.py:186} INFO - Started process (PID=120875) to work on /home/airflow/.local/lib/python3.12/site-packages/airflow/example_dags/example_external_task_marker_dag.py
[2025-03-12T15:01:19.794+0000] {processor.py:914} INFO - Processing file /home/airflow/.local/lib/python3.12/site-packages/airflow/example_dags/example_external_task_marker_dag.py for tasks to queue
[2025-03-12T15:01:19.797+0000] {logging_mixin.py:190} INFO - [2025-03-12T15:01:19.796+0000] {dagbag.py:588} INFO - Filling up the DagBag from /home/airflow/.local/lib/python3.12/site-packages/airflow/example_dags/example_external_task_marker_dag.py
[2025-03-12T15:01:19.809+0000] {processor.py:925} INFO - DAG(s) 'example_external_task_marker_parent', 'example_external_task_marker_child' retrieved from /home/airflow/.local/lib/python3.12/site-packages/airflow/example_dags/example_external_task_marker_dag.py
[2025-03-12T15:01:19.847+0000] {logging_mixin.py:190} INFO - [2025-03-12T15:01:19.846+0000] {dag.py:3239} INFO - Sync 2 DAGs
[2025-03-12T15:01:19.874+0000] {logging_mixin.py:190} INFO - [2025-03-12T15:01:19.874+0000] {dag.py:4180} INFO - Setting next_dagrun for example_external_task_marker_child to None, run_after=None
[2025-03-12T15:01:19.880+0000] {logging_mixin.py:190} INFO - [2025-03-12T15:01:19.880+0000] {dag.py:4180} INFO - Setting next_dagrun for example_external_task_marker_parent to None, run_after=None
[2025-03-12T15:01:19.907+0000] {processor.py:208} INFO - Processing /home/airflow/.local/lib/python3.12/site-packages/airflow/example_dags/example_external_task_marker_dag.py took 0.122 seconds
[2025-03-12T15:01:51.536+0000] {processor.py:186} INFO - Started process (PID=120939) to work on /home/airflow/.local/lib/python3.12/site-packages/airflow/example_dags/example_external_task_marker_dag.py
[2025-03-12T15:01:51.537+0000] {processor.py:914} INFO - Processing file /home/airflow/.local/lib/python3.12/site-packages/airflow/example_dags/example_external_task_marker_dag.py for tasks to queue
[2025-03-12T15:01:51.540+0000] {logging_mixin.py:190} INFO - [2025-03-12T15:01:51.539+0000] {dagbag.py:588} INFO - Filling up the DagBag from /home/airflow/.local/lib/python3.12/site-packages/airflow/example_dags/example_external_task_marker_dag.py
[2025-03-12T15:01:51.551+0000] {processor.py:925} INFO - DAG(s) 'example_external_task_marker_child', 'example_external_task_marker_parent' retrieved from /home/airflow/.local/lib/python3.12/site-packages/airflow/example_dags/example_external_task_marker_dag.py
[2025-03-12T15:01:51.587+0000] {logging_mixin.py:190} INFO - [2025-03-12T15:01:51.587+0000] {dag.py:3239} INFO - Sync 2 DAGs
[2025-03-12T15:01:51.611+0000] {logging_mixin.py:190} INFO - [2025-03-12T15:01:51.611+0000] {dag.py:4180} INFO - Setting next_dagrun for example_external_task_marker_child to None, run_after=None
[2025-03-12T15:01:51.619+0000] {logging_mixin.py:190} INFO - [2025-03-12T15:01:51.619+0000] {dag.py:4180} INFO - Setting next_dagrun for example_external_task_marker_parent to None, run_after=None
[2025-03-12T15:01:51.643+0000] {processor.py:208} INFO - Processing /home/airflow/.local/lib/python3.12/site-packages/airflow/example_dags/example_external_task_marker_dag.py took 0.115 seconds
[2025-03-12T15:02:22.235+0000] {processor.py:186} INFO - Started process (PID=121002) to work on /home/airflow/.local/lib/python3.12/site-packages/airflow/example_dags/example_external_task_marker_dag.py
[2025-03-12T15:02:22.236+0000] {processor.py:914} INFO - Processing file /home/airflow/.local/lib/python3.12/site-packages/airflow/example_dags/example_external_task_marker_dag.py for tasks to queue
[2025-03-12T15:02:22.239+0000] {logging_mixin.py:190} INFO - [2025-03-12T15:02:22.238+0000] {dagbag.py:588} INFO - Filling up the DagBag from /home/airflow/.local/lib/python3.12/site-packages/airflow/example_dags/example_external_task_marker_dag.py
[2025-03-12T15:02:22.250+0000] {processor.py:925} INFO - DAG(s) 'example_external_task_marker_parent', 'example_external_task_marker_child' retrieved from /home/airflow/.local/lib/python3.12/site-packages/airflow/example_dags/example_external_task_marker_dag.py
[2025-03-12T15:02:22.285+0000] {logging_mixin.py:190} INFO - [2025-03-12T15:02:22.285+0000] {dag.py:3239} INFO - Sync 2 DAGs
[2025-03-12T15:02:22.310+0000] {logging_mixin.py:190} INFO - [2025-03-12T15:02:22.309+0000] {dag.py:4180} INFO - Setting next_dagrun for example_external_task_marker_child to None, run_after=None
[2025-03-12T15:02:22.317+0000] {logging_mixin.py:190} INFO - [2025-03-12T15:02:22.316+0000] {dag.py:4180} INFO - Setting next_dagrun for example_external_task_marker_parent to None, run_after=None
[2025-03-12T15:02:22.343+0000] {processor.py:208} INFO - Processing /home/airflow/.local/lib/python3.12/site-packages/airflow/example_dags/example_external_task_marker_dag.py took 0.116 seconds
