[2025-03-12T15:00:13.539+0000] {processor.py:186} INFO - Started process (PID=120724) to work on /home/airflow/.local/lib/python3.12/site-packages/airflow/example_dags/example_dataset_alias_with_no_taskflow.py
[2025-03-12T15:00:13.540+0000] {processor.py:914} INFO - Processing file /home/airflow/.local/lib/python3.12/site-packages/airflow/example_dags/example_dataset_alias_with_no_taskflow.py for tasks to queue
[2025-03-12T15:00:13.543+0000] {logging_mixin.py:190} INFO - [2025-03-12T15:00:13.542+0000] {dagbag.py:588} INFO - Filling up the DagBag from /home/airflow/.local/lib/python3.12/site-packages/airflow/example_dags/example_dataset_alias_with_no_taskflow.py
[2025-03-12T15:00:14.499+0000] {processor.py:925} INFO - DAG(s) 'dataset_alias_example_alias_consumer_with_no_taskflow', 'dataset_alias_example_alias_producer_with_no_taskflow', 'dataset_s3_bucket_producer_with_no_taskflow', 'dataset_s3_bucket_consumer_with_no_taskflow' retrieved from /home/airflow/.local/lib/python3.12/site-packages/airflow/example_dags/example_dataset_alias_with_no_taskflow.py
[2025-03-12T15:00:14.543+0000] {logging_mixin.py:190} INFO - [2025-03-12T15:00:14.541+0000] {dag.py:3239} INFO - Sync 4 DAGs
[2025-03-12T15:00:14.604+0000] {logging_mixin.py:190} INFO - [2025-03-12T15:00:14.604+0000] {dag.py:4180} INFO - Setting next_dagrun for dataset_alias_example_alias_consumer_with_no_taskflow to None, run_after=None
[2025-03-12T15:00:14.610+0000] {logging_mixin.py:190} INFO - [2025-03-12T15:00:14.610+0000] {dag.py:4180} INFO - Setting next_dagrun for dataset_alias_example_alias_producer_with_no_taskflow to None, run_after=None
[2025-03-12T15:00:14.612+0000] {logging_mixin.py:190} INFO - [2025-03-12T15:00:14.612+0000] {dag.py:4180} INFO - Setting next_dagrun for dataset_s3_bucket_consumer_with_no_taskflow to None, run_after=None
[2025-03-12T15:00:14.615+0000] {logging_mixin.py:190} INFO - [2025-03-12T15:00:14.614+0000] {dag.py:4180} INFO - Setting next_dagrun for dataset_s3_bucket_producer_with_no_taskflow to None, run_after=None
[2025-03-12T15:00:14.655+0000] {processor.py:208} INFO - Processing /home/airflow/.local/lib/python3.12/site-packages/airflow/example_dags/example_dataset_alias_with_no_taskflow.py took 1.125 seconds
[2025-03-12T15:00:44.829+0000] {processor.py:186} INFO - Started process (PID=120787) to work on /home/airflow/.local/lib/python3.12/site-packages/airflow/example_dags/example_dataset_alias_with_no_taskflow.py
[2025-03-12T15:00:44.837+0000] {processor.py:914} INFO - Processing file /home/airflow/.local/lib/python3.12/site-packages/airflow/example_dags/example_dataset_alias_with_no_taskflow.py for tasks to queue
[2025-03-12T15:00:44.840+0000] {logging_mixin.py:190} INFO - [2025-03-12T15:00:44.839+0000] {dagbag.py:588} INFO - Filling up the DagBag from /home/airflow/.local/lib/python3.12/site-packages/airflow/example_dags/example_dataset_alias_with_no_taskflow.py
[2025-03-12T15:00:45.897+0000] {processor.py:925} INFO - DAG(s) 'dataset_alias_example_alias_consumer_with_no_taskflow', 'dataset_s3_bucket_producer_with_no_taskflow', 'dataset_s3_bucket_consumer_with_no_taskflow', 'dataset_alias_example_alias_producer_with_no_taskflow' retrieved from /home/airflow/.local/lib/python3.12/site-packages/airflow/example_dags/example_dataset_alias_with_no_taskflow.py
[2025-03-12T15:00:45.945+0000] {logging_mixin.py:190} INFO - [2025-03-12T15:00:45.944+0000] {dag.py:3239} INFO - Sync 4 DAGs
[2025-03-12T15:00:45.992+0000] {logging_mixin.py:190} INFO - [2025-03-12T15:00:45.992+0000] {dag.py:4180} INFO - Setting next_dagrun for dataset_alias_example_alias_consumer_with_no_taskflow to None, run_after=None
[2025-03-12T15:00:45.997+0000] {logging_mixin.py:190} INFO - [2025-03-12T15:00:45.997+0000] {dag.py:4180} INFO - Setting next_dagrun for dataset_alias_example_alias_producer_with_no_taskflow to None, run_after=None
[2025-03-12T15:00:46.000+0000] {logging_mixin.py:190} INFO - [2025-03-12T15:00:45.999+0000] {dag.py:4180} INFO - Setting next_dagrun for dataset_s3_bucket_consumer_with_no_taskflow to None, run_after=None
[2025-03-12T15:00:46.002+0000] {logging_mixin.py:190} INFO - [2025-03-12T15:00:46.001+0000] {dag.py:4180} INFO - Setting next_dagrun for dataset_s3_bucket_producer_with_no_taskflow to None, run_after=None
[2025-03-12T15:00:46.045+0000] {processor.py:208} INFO - Processing /home/airflow/.local/lib/python3.12/site-packages/airflow/example_dags/example_dataset_alias_with_no_taskflow.py took 1.225 seconds
[2025-03-12T15:01:16.789+0000] {processor.py:186} INFO - Started process (PID=120852) to work on /home/airflow/.local/lib/python3.12/site-packages/airflow/example_dags/example_dataset_alias_with_no_taskflow.py
[2025-03-12T15:01:16.790+0000] {processor.py:914} INFO - Processing file /home/airflow/.local/lib/python3.12/site-packages/airflow/example_dags/example_dataset_alias_with_no_taskflow.py for tasks to queue
[2025-03-12T15:01:16.794+0000] {logging_mixin.py:190} INFO - [2025-03-12T15:01:16.793+0000] {dagbag.py:588} INFO - Filling up the DagBag from /home/airflow/.local/lib/python3.12/site-packages/airflow/example_dags/example_dataset_alias_with_no_taskflow.py
[2025-03-12T15:01:17.743+0000] {processor.py:925} INFO - DAG(s) 'dataset_alias_example_alias_producer_with_no_taskflow', 'dataset_alias_example_alias_consumer_with_no_taskflow', 'dataset_s3_bucket_producer_with_no_taskflow', 'dataset_s3_bucket_consumer_with_no_taskflow' retrieved from /home/airflow/.local/lib/python3.12/site-packages/airflow/example_dags/example_dataset_alias_with_no_taskflow.py
[2025-03-12T15:01:17.780+0000] {logging_mixin.py:190} INFO - [2025-03-12T15:01:17.779+0000] {dag.py:3239} INFO - Sync 4 DAGs
[2025-03-12T15:01:17.820+0000] {logging_mixin.py:190} INFO - [2025-03-12T15:01:17.820+0000] {dag.py:4180} INFO - Setting next_dagrun for dataset_alias_example_alias_consumer_with_no_taskflow to None, run_after=None
[2025-03-12T15:01:17.826+0000] {logging_mixin.py:190} INFO - [2025-03-12T15:01:17.825+0000] {dag.py:4180} INFO - Setting next_dagrun for dataset_alias_example_alias_producer_with_no_taskflow to None, run_after=None
[2025-03-12T15:01:17.830+0000] {logging_mixin.py:190} INFO - [2025-03-12T15:01:17.829+0000] {dag.py:4180} INFO - Setting next_dagrun for dataset_s3_bucket_consumer_with_no_taskflow to None, run_after=None
[2025-03-12T15:01:17.833+0000] {logging_mixin.py:190} INFO - [2025-03-12T15:01:17.832+0000] {dag.py:4180} INFO - Setting next_dagrun for dataset_s3_bucket_producer_with_no_taskflow to None, run_after=None
[2025-03-12T15:01:17.877+0000] {processor.py:208} INFO - Processing /home/airflow/.local/lib/python3.12/site-packages/airflow/example_dags/example_dataset_alias_with_no_taskflow.py took 1.097 seconds
[2025-03-12T15:01:48.045+0000] {processor.py:186} INFO - Started process (PID=120915) to work on /home/airflow/.local/lib/python3.12/site-packages/airflow/example_dags/example_dataset_alias_with_no_taskflow.py
[2025-03-12T15:01:48.046+0000] {processor.py:914} INFO - Processing file /home/airflow/.local/lib/python3.12/site-packages/airflow/example_dags/example_dataset_alias_with_no_taskflow.py for tasks to queue
[2025-03-12T15:01:48.049+0000] {logging_mixin.py:190} INFO - [2025-03-12T15:01:48.049+0000] {dagbag.py:588} INFO - Filling up the DagBag from /home/airflow/.local/lib/python3.12/site-packages/airflow/example_dags/example_dataset_alias_with_no_taskflow.py
[2025-03-12T15:01:48.968+0000] {processor.py:925} INFO - DAG(s) 'dataset_alias_example_alias_consumer_with_no_taskflow', 'dataset_s3_bucket_producer_with_no_taskflow', 'dataset_s3_bucket_consumer_with_no_taskflow', 'dataset_alias_example_alias_producer_with_no_taskflow' retrieved from /home/airflow/.local/lib/python3.12/site-packages/airflow/example_dags/example_dataset_alias_with_no_taskflow.py
[2025-03-12T15:01:49.005+0000] {logging_mixin.py:190} INFO - [2025-03-12T15:01:49.004+0000] {dag.py:3239} INFO - Sync 4 DAGs
[2025-03-12T15:01:49.045+0000] {logging_mixin.py:190} INFO - [2025-03-12T15:01:49.044+0000] {dag.py:4180} INFO - Setting next_dagrun for dataset_alias_example_alias_consumer_with_no_taskflow to None, run_after=None
[2025-03-12T15:01:49.050+0000] {logging_mixin.py:190} INFO - [2025-03-12T15:01:49.049+0000] {dag.py:4180} INFO - Setting next_dagrun for dataset_alias_example_alias_producer_with_no_taskflow to None, run_after=None
[2025-03-12T15:01:49.053+0000] {logging_mixin.py:190} INFO - [2025-03-12T15:01:49.052+0000] {dag.py:4180} INFO - Setting next_dagrun for dataset_s3_bucket_consumer_with_no_taskflow to None, run_after=None
[2025-03-12T15:01:49.056+0000] {logging_mixin.py:190} INFO - [2025-03-12T15:01:49.055+0000] {dag.py:4180} INFO - Setting next_dagrun for dataset_s3_bucket_producer_with_no_taskflow to None, run_after=None
[2025-03-12T15:01:49.095+0000] {processor.py:208} INFO - Processing /home/airflow/.local/lib/python3.12/site-packages/airflow/example_dags/example_dataset_alias_with_no_taskflow.py took 1.058 seconds
[2025-03-12T15:02:19.238+0000] {processor.py:186} INFO - Started process (PID=120980) to work on /home/airflow/.local/lib/python3.12/site-packages/airflow/example_dags/example_dataset_alias_with_no_taskflow.py
[2025-03-12T15:02:19.239+0000] {processor.py:914} INFO - Processing file /home/airflow/.local/lib/python3.12/site-packages/airflow/example_dags/example_dataset_alias_with_no_taskflow.py for tasks to queue
[2025-03-12T15:02:19.242+0000] {logging_mixin.py:190} INFO - [2025-03-12T15:02:19.242+0000] {dagbag.py:588} INFO - Filling up the DagBag from /home/airflow/.local/lib/python3.12/site-packages/airflow/example_dags/example_dataset_alias_with_no_taskflow.py
[2025-03-12T15:02:20.169+0000] {processor.py:925} INFO - DAG(s) 'dataset_alias_example_alias_consumer_with_no_taskflow', 'dataset_s3_bucket_producer_with_no_taskflow', 'dataset_alias_example_alias_producer_with_no_taskflow', 'dataset_s3_bucket_consumer_with_no_taskflow' retrieved from /home/airflow/.local/lib/python3.12/site-packages/airflow/example_dags/example_dataset_alias_with_no_taskflow.py
[2025-03-12T15:02:20.208+0000] {logging_mixin.py:190} INFO - [2025-03-12T15:02:20.208+0000] {dag.py:3239} INFO - Sync 4 DAGs
[2025-03-12T15:02:20.248+0000] {logging_mixin.py:190} INFO - [2025-03-12T15:02:20.248+0000] {dag.py:4180} INFO - Setting next_dagrun for dataset_alias_example_alias_consumer_with_no_taskflow to None, run_after=None
[2025-03-12T15:02:20.253+0000] {logging_mixin.py:190} INFO - [2025-03-12T15:02:20.252+0000] {dag.py:4180} INFO - Setting next_dagrun for dataset_alias_example_alias_producer_with_no_taskflow to None, run_after=None
[2025-03-12T15:02:20.255+0000] {logging_mixin.py:190} INFO - [2025-03-12T15:02:20.255+0000] {dag.py:4180} INFO - Setting next_dagrun for dataset_s3_bucket_consumer_with_no_taskflow to None, run_after=None
[2025-03-12T15:02:20.257+0000] {logging_mixin.py:190} INFO - [2025-03-12T15:02:20.257+0000] {dag.py:4180} INFO - Setting next_dagrun for dataset_s3_bucket_producer_with_no_taskflow to None, run_after=None
[2025-03-12T15:02:20.291+0000] {processor.py:208} INFO - Processing /home/airflow/.local/lib/python3.12/site-packages/airflow/example_dags/example_dataset_alias_with_no_taskflow.py took 1.061 seconds
