[2025-03-12T15:00:17.000+0000] {processor.py:186} INFO - Started process (PID=120751) to work on /home/airflow/.local/lib/python3.12/site-packages/airflow/example_dags/example_subdag_operator.py
[2025-03-12T15:00:17.001+0000] {processor.py:914} INFO - Processing file /home/airflow/.local/lib/python3.12/site-packages/airflow/example_dags/example_subdag_operator.py for tasks to queue
[2025-03-12T15:00:17.004+0000] {logging_mixin.py:190} INFO - [2025-03-12T15:00:17.003+0000] {dagbag.py:588} INFO - Filling up the DagBag from /home/airflow/.local/lib/python3.12/site-packages/airflow/example_dags/example_subdag_operator.py
[2025-03-12T15:00:17.040+0000] {processor.py:925} INFO - DAG(s) 'example_subdag_operator.section-1', 'example_subdag_operator.section-2', 'example_subdag_operator' retrieved from /home/airflow/.local/lib/python3.12/site-packages/airflow/example_dags/example_subdag_operator.py
[2025-03-12T15:00:17.065+0000] {logging_mixin.py:190} INFO - [2025-03-12T15:00:17.065+0000] {dag.py:3239} INFO - Sync 3 DAGs
[2025-03-12T15:00:17.104+0000] {logging_mixin.py:190} INFO - [2025-03-12T15:00:17.103+0000] {dag.py:4180} INFO - Setting next_dagrun for example_subdag_operator to 2022-01-01 00:00:00+00:00, run_after=2022-01-01 00:00:00+00:00
[2025-03-12T15:00:17.110+0000] {logging_mixin.py:190} INFO - [2025-03-12T15:00:17.109+0000] {dag.py:4180} INFO - Setting next_dagrun for example_subdag_operator.section-1 to None, run_after=None
[2025-03-12T15:00:17.112+0000] {logging_mixin.py:190} INFO - [2025-03-12T15:00:17.112+0000] {dag.py:4180} INFO - Setting next_dagrun for example_subdag_operator.section-2 to None, run_after=None
[2025-03-12T15:00:17.124+0000] {logging_mixin.py:190} INFO - [2025-03-12T15:00:17.123+0000] {dag.py:3239} INFO - Sync 2 DAGs
[2025-03-12T15:00:17.135+0000] {logging_mixin.py:190} INFO - [2025-03-12T15:00:17.134+0000] {dag.py:4180} INFO - Setting next_dagrun for example_subdag_operator.section-1 to None, run_after=None
[2025-03-12T15:00:17.136+0000] {logging_mixin.py:190} INFO - [2025-03-12T15:00:17.136+0000] {dag.py:4180} INFO - Setting next_dagrun for example_subdag_operator.section-2 to None, run_after=None
[2025-03-12T15:00:17.152+0000] {processor.py:208} INFO - Processing /home/airflow/.local/lib/python3.12/site-packages/airflow/example_dags/example_subdag_operator.py took 0.160 seconds
[2025-03-12T15:00:47.918+0000] {processor.py:186} INFO - Started process (PID=120806) to work on /home/airflow/.local/lib/python3.12/site-packages/airflow/example_dags/example_subdag_operator.py
[2025-03-12T15:00:47.919+0000] {processor.py:914} INFO - Processing file /home/airflow/.local/lib/python3.12/site-packages/airflow/example_dags/example_subdag_operator.py for tasks to queue
[2025-03-12T15:00:47.923+0000] {logging_mixin.py:190} INFO - [2025-03-12T15:00:47.922+0000] {dagbag.py:588} INFO - Filling up the DagBag from /home/airflow/.local/lib/python3.12/site-packages/airflow/example_dags/example_subdag_operator.py
[2025-03-12T15:00:47.964+0000] {processor.py:925} INFO - DAG(s) 'example_subdag_operator.section-1', 'example_subdag_operator.section-2', 'example_subdag_operator' retrieved from /home/airflow/.local/lib/python3.12/site-packages/airflow/example_dags/example_subdag_operator.py
[2025-03-12T15:00:48.002+0000] {logging_mixin.py:190} INFO - [2025-03-12T15:00:48.001+0000] {dag.py:3239} INFO - Sync 3 DAGs
[2025-03-12T15:00:48.045+0000] {logging_mixin.py:190} INFO - [2025-03-12T15:00:48.045+0000] {dag.py:4180} INFO - Setting next_dagrun for example_subdag_operator to 2022-01-01 00:00:00+00:00, run_after=2022-01-01 00:00:00+00:00
[2025-03-12T15:00:48.052+0000] {logging_mixin.py:190} INFO - [2025-03-12T15:00:48.051+0000] {dag.py:4180} INFO - Setting next_dagrun for example_subdag_operator.section-1 to None, run_after=None
[2025-03-12T15:00:48.055+0000] {logging_mixin.py:190} INFO - [2025-03-12T15:00:48.054+0000] {dag.py:4180} INFO - Setting next_dagrun for example_subdag_operator.section-2 to None, run_after=None
[2025-03-12T15:00:48.071+0000] {logging_mixin.py:190} INFO - [2025-03-12T15:00:48.071+0000] {dag.py:3239} INFO - Sync 2 DAGs
[2025-03-12T15:00:48.085+0000] {logging_mixin.py:190} INFO - [2025-03-12T15:00:48.084+0000] {dag.py:4180} INFO - Setting next_dagrun for example_subdag_operator.section-1 to None, run_after=None
[2025-03-12T15:00:48.086+0000] {logging_mixin.py:190} INFO - [2025-03-12T15:00:48.085+0000] {dag.py:4180} INFO - Setting next_dagrun for example_subdag_operator.section-2 to None, run_after=None
[2025-03-12T15:00:48.108+0000] {processor.py:208} INFO - Processing /home/airflow/.local/lib/python3.12/site-packages/airflow/example_dags/example_subdag_operator.py took 0.198 seconds
[2025-03-12T15:01:19.223+0000] {processor.py:186} INFO - Started process (PID=120869) to work on /home/airflow/.local/lib/python3.12/site-packages/airflow/example_dags/example_subdag_operator.py
[2025-03-12T15:01:19.224+0000] {processor.py:914} INFO - Processing file /home/airflow/.local/lib/python3.12/site-packages/airflow/example_dags/example_subdag_operator.py for tasks to queue
[2025-03-12T15:01:19.227+0000] {logging_mixin.py:190} INFO - [2025-03-12T15:01:19.227+0000] {dagbag.py:588} INFO - Filling up the DagBag from /home/airflow/.local/lib/python3.12/site-packages/airflow/example_dags/example_subdag_operator.py
[2025-03-12T15:01:19.268+0000] {processor.py:925} INFO - DAG(s) 'example_subdag_operator.section-1', 'example_subdag_operator.section-2', 'example_subdag_operator' retrieved from /home/airflow/.local/lib/python3.12/site-packages/airflow/example_dags/example_subdag_operator.py
[2025-03-12T15:01:19.294+0000] {logging_mixin.py:190} INFO - [2025-03-12T15:01:19.293+0000] {dag.py:3239} INFO - Sync 3 DAGs
[2025-03-12T15:01:19.333+0000] {logging_mixin.py:190} INFO - [2025-03-12T15:01:19.332+0000] {dag.py:4180} INFO - Setting next_dagrun for example_subdag_operator to 2022-01-01 00:00:00+00:00, run_after=2022-01-01 00:00:00+00:00
[2025-03-12T15:01:19.339+0000] {logging_mixin.py:190} INFO - [2025-03-12T15:01:19.339+0000] {dag.py:4180} INFO - Setting next_dagrun for example_subdag_operator.section-1 to None, run_after=None
[2025-03-12T15:01:19.341+0000] {logging_mixin.py:190} INFO - [2025-03-12T15:01:19.341+0000] {dag.py:4180} INFO - Setting next_dagrun for example_subdag_operator.section-2 to None, run_after=None
[2025-03-12T15:01:19.353+0000] {logging_mixin.py:190} INFO - [2025-03-12T15:01:19.353+0000] {dag.py:3239} INFO - Sync 2 DAGs
[2025-03-12T15:01:19.363+0000] {logging_mixin.py:190} INFO - [2025-03-12T15:01:19.362+0000] {dag.py:4180} INFO - Setting next_dagrun for example_subdag_operator.section-1 to None, run_after=None
[2025-03-12T15:01:19.363+0000] {logging_mixin.py:190} INFO - [2025-03-12T15:01:19.363+0000] {dag.py:4180} INFO - Setting next_dagrun for example_subdag_operator.section-2 to None, run_after=None
[2025-03-12T15:01:19.379+0000] {processor.py:208} INFO - Processing /home/airflow/.local/lib/python3.12/site-packages/airflow/example_dags/example_subdag_operator.py took 0.165 seconds
[2025-03-12T15:01:50.056+0000] {processor.py:186} INFO - Started process (PID=120927) to work on /home/airflow/.local/lib/python3.12/site-packages/airflow/example_dags/example_subdag_operator.py
[2025-03-12T15:01:50.057+0000] {processor.py:914} INFO - Processing file /home/airflow/.local/lib/python3.12/site-packages/airflow/example_dags/example_subdag_operator.py for tasks to queue
[2025-03-12T15:01:50.060+0000] {logging_mixin.py:190} INFO - [2025-03-12T15:01:50.059+0000] {dagbag.py:588} INFO - Filling up the DagBag from /home/airflow/.local/lib/python3.12/site-packages/airflow/example_dags/example_subdag_operator.py
[2025-03-12T15:01:50.096+0000] {processor.py:925} INFO - DAG(s) 'example_subdag_operator.section-1', 'example_subdag_operator.section-2', 'example_subdag_operator' retrieved from /home/airflow/.local/lib/python3.12/site-packages/airflow/example_dags/example_subdag_operator.py
[2025-03-12T15:01:50.121+0000] {logging_mixin.py:190} INFO - [2025-03-12T15:01:50.120+0000] {dag.py:3239} INFO - Sync 3 DAGs
[2025-03-12T15:01:50.160+0000] {logging_mixin.py:190} INFO - [2025-03-12T15:01:50.159+0000] {dag.py:4180} INFO - Setting next_dagrun for example_subdag_operator to 2022-01-01 00:00:00+00:00, run_after=2022-01-01 00:00:00+00:00
[2025-03-12T15:01:50.166+0000] {logging_mixin.py:190} INFO - [2025-03-12T15:01:50.165+0000] {dag.py:4180} INFO - Setting next_dagrun for example_subdag_operator.section-1 to None, run_after=None
[2025-03-12T15:01:50.168+0000] {logging_mixin.py:190} INFO - [2025-03-12T15:01:50.168+0000] {dag.py:4180} INFO - Setting next_dagrun for example_subdag_operator.section-2 to None, run_after=None
[2025-03-12T15:01:50.178+0000] {logging_mixin.py:190} INFO - [2025-03-12T15:01:50.178+0000] {dag.py:3239} INFO - Sync 2 DAGs
[2025-03-12T15:01:50.187+0000] {logging_mixin.py:190} INFO - [2025-03-12T15:01:50.187+0000] {dag.py:4180} INFO - Setting next_dagrun for example_subdag_operator.section-1 to None, run_after=None
[2025-03-12T15:01:50.188+0000] {logging_mixin.py:190} INFO - [2025-03-12T15:01:50.188+0000] {dag.py:4180} INFO - Setting next_dagrun for example_subdag_operator.section-2 to None, run_after=None
[2025-03-12T15:01:50.212+0000] {processor.py:208} INFO - Processing /home/airflow/.local/lib/python3.12/site-packages/airflow/example_dags/example_subdag_operator.py took 0.166 seconds
[2025-03-12T15:02:20.622+0000] {processor.py:186} INFO - Started process (PID=120989) to work on /home/airflow/.local/lib/python3.12/site-packages/airflow/example_dags/example_subdag_operator.py
[2025-03-12T15:02:20.623+0000] {processor.py:914} INFO - Processing file /home/airflow/.local/lib/python3.12/site-packages/airflow/example_dags/example_subdag_operator.py for tasks to queue
[2025-03-12T15:02:20.626+0000] {logging_mixin.py:190} INFO - [2025-03-12T15:02:20.625+0000] {dagbag.py:588} INFO - Filling up the DagBag from /home/airflow/.local/lib/python3.12/site-packages/airflow/example_dags/example_subdag_operator.py
[2025-03-12T15:02:20.663+0000] {processor.py:925} INFO - DAG(s) 'example_subdag_operator.section-1', 'example_subdag_operator.section-2', 'example_subdag_operator' retrieved from /home/airflow/.local/lib/python3.12/site-packages/airflow/example_dags/example_subdag_operator.py
[2025-03-12T15:02:20.688+0000] {logging_mixin.py:190} INFO - [2025-03-12T15:02:20.687+0000] {dag.py:3239} INFO - Sync 3 DAGs
[2025-03-12T15:02:20.726+0000] {logging_mixin.py:190} INFO - [2025-03-12T15:02:20.725+0000] {dag.py:4180} INFO - Setting next_dagrun for example_subdag_operator to 2022-01-01 00:00:00+00:00, run_after=2022-01-01 00:00:00+00:00
[2025-03-12T15:02:20.732+0000] {logging_mixin.py:190} INFO - [2025-03-12T15:02:20.732+0000] {dag.py:4180} INFO - Setting next_dagrun for example_subdag_operator.section-1 to None, run_after=None
[2025-03-12T15:02:20.734+0000] {logging_mixin.py:190} INFO - [2025-03-12T15:02:20.734+0000] {dag.py:4180} INFO - Setting next_dagrun for example_subdag_operator.section-2 to None, run_after=None
[2025-03-12T15:02:20.746+0000] {logging_mixin.py:190} INFO - [2025-03-12T15:02:20.746+0000] {dag.py:3239} INFO - Sync 2 DAGs
[2025-03-12T15:02:20.756+0000] {logging_mixin.py:190} INFO - [2025-03-12T15:02:20.755+0000] {dag.py:4180} INFO - Setting next_dagrun for example_subdag_operator.section-1 to None, run_after=None
[2025-03-12T15:02:20.756+0000] {logging_mixin.py:190} INFO - [2025-03-12T15:02:20.756+0000] {dag.py:4180} INFO - Setting next_dagrun for example_subdag_operator.section-2 to None, run_after=None
[2025-03-12T15:02:20.775+0000] {processor.py:208} INFO - Processing /home/airflow/.local/lib/python3.12/site-packages/airflow/example_dags/example_subdag_operator.py took 0.161 seconds
