[2025-03-12T15:00:18.120+0000] {processor.py:186} INFO - Started process (PID=120768) to work on /home/airflow/.local/lib/python3.12/site-packages/airflow/example_dags/example_dag_decorator.py
[2025-03-12T15:00:18.122+0000] {processor.py:914} INFO - Processing file /home/airflow/.local/lib/python3.12/site-packages/airflow/example_dags/example_dag_decorator.py for tasks to queue
[2025-03-12T15:00:18.126+0000] {logging_mixin.py:190} INFO - [2025-03-12T15:00:18.125+0000] {dagbag.py:588} INFO - Filling up the DagBag from /home/airflow/.local/lib/python3.12/site-packages/airflow/example_dags/example_dag_decorator.py
[2025-03-12T15:00:18.298+0000] {processor.py:925} INFO - DAG(s) 'example_dag_decorator' retrieved from /home/airflow/.local/lib/python3.12/site-packages/airflow/example_dags/example_dag_decorator.py
[2025-03-12T15:00:18.674+0000] {logging_mixin.py:190} INFO - [2025-03-12T15:00:18.673+0000] {dag.py:3239} INFO - Sync 1 DAGs
[2025-03-12T15:00:18.693+0000] {logging_mixin.py:190} INFO - [2025-03-12T15:00:18.693+0000] {dag.py:4180} INFO - Setting next_dagrun for example_dag_decorator to None, run_after=None
[2025-03-12T15:00:18.728+0000] {processor.py:208} INFO - Processing /home/airflow/.local/lib/python3.12/site-packages/airflow/example_dags/example_dag_decorator.py took 0.618 seconds
[2025-03-12T15:00:48.996+0000] {processor.py:186} INFO - Started process (PID=120818) to work on /home/airflow/.local/lib/python3.12/site-packages/airflow/example_dags/example_dag_decorator.py
[2025-03-12T15:00:48.997+0000] {processor.py:914} INFO - Processing file /home/airflow/.local/lib/python3.12/site-packages/airflow/example_dags/example_dag_decorator.py for tasks to queue
[2025-03-12T15:00:49.000+0000] {logging_mixin.py:190} INFO - [2025-03-12T15:00:49.000+0000] {dagbag.py:588} INFO - Filling up the DagBag from /home/airflow/.local/lib/python3.12/site-packages/airflow/example_dags/example_dag_decorator.py
[2025-03-12T15:00:49.225+0000] {processor.py:925} INFO - DAG(s) 'example_dag_decorator' retrieved from /home/airflow/.local/lib/python3.12/site-packages/airflow/example_dags/example_dag_decorator.py
[2025-03-12T15:00:49.708+0000] {logging_mixin.py:190} INFO - [2025-03-12T15:00:49.707+0000] {dag.py:3239} INFO - Sync 1 DAGs
[2025-03-12T15:00:49.742+0000] {logging_mixin.py:190} INFO - [2025-03-12T15:00:49.741+0000] {dag.py:4180} INFO - Setting next_dagrun for example_dag_decorator to None, run_after=None
[2025-03-12T15:00:49.781+0000] {processor.py:208} INFO - Processing /home/airflow/.local/lib/python3.12/site-packages/airflow/example_dags/example_dag_decorator.py took 0.794 seconds
[2025-03-12T15:01:20.329+0000] {processor.py:186} INFO - Started process (PID=120880) to work on /home/airflow/.local/lib/python3.12/site-packages/airflow/example_dags/example_dag_decorator.py
[2025-03-12T15:01:20.330+0000] {processor.py:914} INFO - Processing file /home/airflow/.local/lib/python3.12/site-packages/airflow/example_dags/example_dag_decorator.py for tasks to queue
[2025-03-12T15:01:20.333+0000] {logging_mixin.py:190} INFO - [2025-03-12T15:01:20.333+0000] {dagbag.py:588} INFO - Filling up the DagBag from /home/airflow/.local/lib/python3.12/site-packages/airflow/example_dags/example_dag_decorator.py
[2025-03-12T15:01:20.516+0000] {processor.py:925} INFO - DAG(s) 'example_dag_decorator' retrieved from /home/airflow/.local/lib/python3.12/site-packages/airflow/example_dags/example_dag_decorator.py
[2025-03-12T15:01:20.924+0000] {logging_mixin.py:190} INFO - [2025-03-12T15:01:20.923+0000] {dag.py:3239} INFO - Sync 1 DAGs
[2025-03-12T15:01:20.944+0000] {logging_mixin.py:190} INFO - [2025-03-12T15:01:20.944+0000] {dag.py:4180} INFO - Setting next_dagrun for example_dag_decorator to None, run_after=None
[2025-03-12T15:01:20.977+0000] {processor.py:208} INFO - Processing /home/airflow/.local/lib/python3.12/site-packages/airflow/example_dags/example_dag_decorator.py took 0.657 seconds
[2025-03-12T15:01:51.397+0000] {processor.py:186} INFO - Started process (PID=120937) to work on /home/airflow/.local/lib/python3.12/site-packages/airflow/example_dags/example_dag_decorator.py
[2025-03-12T15:01:51.398+0000] {processor.py:914} INFO - Processing file /home/airflow/.local/lib/python3.12/site-packages/airflow/example_dags/example_dag_decorator.py for tasks to queue
[2025-03-12T15:01:51.401+0000] {logging_mixin.py:190} INFO - [2025-03-12T15:01:51.401+0000] {dagbag.py:588} INFO - Filling up the DagBag from /home/airflow/.local/lib/python3.12/site-packages/airflow/example_dags/example_dag_decorator.py
[2025-03-12T15:01:51.572+0000] {processor.py:925} INFO - DAG(s) 'example_dag_decorator' retrieved from /home/airflow/.local/lib/python3.12/site-packages/airflow/example_dags/example_dag_decorator.py
[2025-03-12T15:01:51.949+0000] {logging_mixin.py:190} INFO - [2025-03-12T15:01:51.948+0000] {dag.py:3239} INFO - Sync 1 DAGs
[2025-03-12T15:01:51.968+0000] {logging_mixin.py:190} INFO - [2025-03-12T15:01:51.968+0000] {dag.py:4180} INFO - Setting next_dagrun for example_dag_decorator to None, run_after=None
[2025-03-12T15:01:51.996+0000] {processor.py:208} INFO - Processing /home/airflow/.local/lib/python3.12/site-packages/airflow/example_dags/example_dag_decorator.py took 0.607 seconds
[2025-03-12T15:02:22.093+0000] {processor.py:186} INFO - Started process (PID=121000) to work on /home/airflow/.local/lib/python3.12/site-packages/airflow/example_dags/example_dag_decorator.py
[2025-03-12T15:02:22.094+0000] {processor.py:914} INFO - Processing file /home/airflow/.local/lib/python3.12/site-packages/airflow/example_dags/example_dag_decorator.py for tasks to queue
[2025-03-12T15:02:22.097+0000] {logging_mixin.py:190} INFO - [2025-03-12T15:02:22.097+0000] {dagbag.py:588} INFO - Filling up the DagBag from /home/airflow/.local/lib/python3.12/site-packages/airflow/example_dags/example_dag_decorator.py
[2025-03-12T15:02:22.268+0000] {processor.py:925} INFO - DAG(s) 'example_dag_decorator' retrieved from /home/airflow/.local/lib/python3.12/site-packages/airflow/example_dags/example_dag_decorator.py
[2025-03-12T15:02:22.640+0000] {logging_mixin.py:190} INFO - [2025-03-12T15:02:22.639+0000] {dag.py:3239} INFO - Sync 1 DAGs
[2025-03-12T15:02:22.659+0000] {logging_mixin.py:190} INFO - [2025-03-12T15:02:22.659+0000] {dag.py:4180} INFO - Setting next_dagrun for example_dag_decorator to None, run_after=None
[2025-03-12T15:02:22.688+0000] {processor.py:208} INFO - Processing /home/airflow/.local/lib/python3.12/site-packages/airflow/example_dags/example_dag_decorator.py took 0.603 seconds
