[2025-03-12T15:00:15.291+0000] {processor.py:186} INFO - Started process (PID=120734) to work on /home/airflow/.local/lib/python3.12/site-packages/airflow/example_dags/example_latest_only_with_trigger.py
[2025-03-12T15:00:15.292+0000] {processor.py:914} INFO - Processing file /home/airflow/.local/lib/python3.12/site-packages/airflow/example_dags/example_latest_only_with_trigger.py for tasks to queue
[2025-03-12T15:00:15.295+0000] {logging_mixin.py:190} INFO - [2025-03-12T15:00:15.294+0000] {dagbag.py:588} INFO - Filling up the DagBag from /home/airflow/.local/lib/python3.12/site-packages/airflow/example_dags/example_latest_only_with_trigger.py
[2025-03-12T15:00:15.307+0000] {processor.py:925} INFO - DAG(s) 'latest_only_with_trigger' retrieved from /home/airflow/.local/lib/python3.12/site-packages/airflow/example_dags/example_latest_only_with_trigger.py
[2025-03-12T15:00:15.337+0000] {logging_mixin.py:190} INFO - [2025-03-12T15:00:15.336+0000] {dag.py:3239} INFO - Sync 1 DAGs
[2025-03-12T15:00:15.380+0000] {logging_mixin.py:190} INFO - [2025-03-12T15:00:15.379+0000] {dag.py:4180} INFO - Setting next_dagrun for latest_only_with_trigger to 2025-03-12 08:00:00+00:00, run_after=2025-03-12 12:00:00+00:00
[2025-03-12T15:00:15.413+0000] {processor.py:208} INFO - Processing /home/airflow/.local/lib/python3.12/site-packages/airflow/example_dags/example_latest_only_with_trigger.py took 0.130 seconds
[2025-03-12T15:00:46.902+0000] {processor.py:186} INFO - Started process (PID=120797) to work on /home/airflow/.local/lib/python3.12/site-packages/airflow/example_dags/example_latest_only_with_trigger.py
[2025-03-12T15:00:46.903+0000] {processor.py:914} INFO - Processing file /home/airflow/.local/lib/python3.12/site-packages/airflow/example_dags/example_latest_only_with_trigger.py for tasks to queue
[2025-03-12T15:00:46.906+0000] {logging_mixin.py:190} INFO - [2025-03-12T15:00:46.906+0000] {dagbag.py:588} INFO - Filling up the DagBag from /home/airflow/.local/lib/python3.12/site-packages/airflow/example_dags/example_latest_only_with_trigger.py
[2025-03-12T15:00:46.917+0000] {processor.py:925} INFO - DAG(s) 'latest_only_with_trigger' retrieved from /home/airflow/.local/lib/python3.12/site-packages/airflow/example_dags/example_latest_only_with_trigger.py
[2025-03-12T15:00:46.955+0000] {logging_mixin.py:190} INFO - [2025-03-12T15:00:46.954+0000] {dag.py:3239} INFO - Sync 1 DAGs
[2025-03-12T15:00:46.998+0000] {logging_mixin.py:190} INFO - [2025-03-12T15:00:46.998+0000] {dag.py:4180} INFO - Setting next_dagrun for latest_only_with_trigger to 2025-03-12 08:00:00+00:00, run_after=2025-03-12 12:00:00+00:00
[2025-03-12T15:00:47.032+0000] {processor.py:208} INFO - Processing /home/airflow/.local/lib/python3.12/site-packages/airflow/example_dags/example_latest_only_with_trigger.py took 0.138 seconds
[2025-03-12T15:01:18.719+0000] {processor.py:186} INFO - Started process (PID=120863) to work on /home/airflow/.local/lib/python3.12/site-packages/airflow/example_dags/example_latest_only_with_trigger.py
[2025-03-12T15:01:18.720+0000] {processor.py:914} INFO - Processing file /home/airflow/.local/lib/python3.12/site-packages/airflow/example_dags/example_latest_only_with_trigger.py for tasks to queue
[2025-03-12T15:01:18.723+0000] {logging_mixin.py:190} INFO - [2025-03-12T15:01:18.723+0000] {dagbag.py:588} INFO - Filling up the DagBag from /home/airflow/.local/lib/python3.12/site-packages/airflow/example_dags/example_latest_only_with_trigger.py
[2025-03-12T15:01:18.735+0000] {processor.py:925} INFO - DAG(s) 'latest_only_with_trigger' retrieved from /home/airflow/.local/lib/python3.12/site-packages/airflow/example_dags/example_latest_only_with_trigger.py
[2025-03-12T15:01:18.766+0000] {logging_mixin.py:190} INFO - [2025-03-12T15:01:18.765+0000] {dag.py:3239} INFO - Sync 1 DAGs
[2025-03-12T15:01:18.805+0000] {logging_mixin.py:190} INFO - [2025-03-12T15:01:18.804+0000] {dag.py:4180} INFO - Setting next_dagrun for latest_only_with_trigger to 2025-03-12 08:00:00+00:00, run_after=2025-03-12 12:00:00+00:00
[2025-03-12T15:01:18.834+0000] {processor.py:208} INFO - Processing /home/airflow/.local/lib/python3.12/site-packages/airflow/example_dags/example_latest_only_with_trigger.py took 0.124 seconds
[2025-03-12T15:01:50.635+0000] {processor.py:186} INFO - Started process (PID=120930) to work on /home/airflow/.local/lib/python3.12/site-packages/airflow/example_dags/example_latest_only_with_trigger.py
[2025-03-12T15:01:50.636+0000] {processor.py:914} INFO - Processing file /home/airflow/.local/lib/python3.12/site-packages/airflow/example_dags/example_latest_only_with_trigger.py for tasks to queue
[2025-03-12T15:01:50.639+0000] {logging_mixin.py:190} INFO - [2025-03-12T15:01:50.638+0000] {dagbag.py:588} INFO - Filling up the DagBag from /home/airflow/.local/lib/python3.12/site-packages/airflow/example_dags/example_latest_only_with_trigger.py
[2025-03-12T15:01:50.649+0000] {processor.py:925} INFO - DAG(s) 'latest_only_with_trigger' retrieved from /home/airflow/.local/lib/python3.12/site-packages/airflow/example_dags/example_latest_only_with_trigger.py
[2025-03-12T15:01:50.678+0000] {logging_mixin.py:190} INFO - [2025-03-12T15:01:50.677+0000] {dag.py:3239} INFO - Sync 1 DAGs
[2025-03-12T15:01:50.716+0000] {logging_mixin.py:190} INFO - [2025-03-12T15:01:50.716+0000] {dag.py:4180} INFO - Setting next_dagrun for latest_only_with_trigger to 2025-03-12 08:00:00+00:00, run_after=2025-03-12 12:00:00+00:00
[2025-03-12T15:01:50.743+0000] {processor.py:208} INFO - Processing /home/airflow/.local/lib/python3.12/site-packages/airflow/example_dags/example_latest_only_with_trigger.py took 0.116 seconds
[2025-03-12T15:02:21.017+0000] {processor.py:186} INFO - Started process (PID=120993) to work on /home/airflow/.local/lib/python3.12/site-packages/airflow/example_dags/example_latest_only_with_trigger.py
[2025-03-12T15:02:21.018+0000] {processor.py:914} INFO - Processing file /home/airflow/.local/lib/python3.12/site-packages/airflow/example_dags/example_latest_only_with_trigger.py for tasks to queue
[2025-03-12T15:02:21.021+0000] {logging_mixin.py:190} INFO - [2025-03-12T15:02:21.020+0000] {dagbag.py:588} INFO - Filling up the DagBag from /home/airflow/.local/lib/python3.12/site-packages/airflow/example_dags/example_latest_only_with_trigger.py
[2025-03-12T15:02:21.031+0000] {processor.py:925} INFO - DAG(s) 'latest_only_with_trigger' retrieved from /home/airflow/.local/lib/python3.12/site-packages/airflow/example_dags/example_latest_only_with_trigger.py
[2025-03-12T15:02:21.061+0000] {logging_mixin.py:190} INFO - [2025-03-12T15:02:21.061+0000] {dag.py:3239} INFO - Sync 1 DAGs
[2025-03-12T15:02:21.100+0000] {logging_mixin.py:190} INFO - [2025-03-12T15:02:21.099+0000] {dag.py:4180} INFO - Setting next_dagrun for latest_only_with_trigger to 2025-03-12 08:00:00+00:00, run_after=2025-03-12 12:00:00+00:00
[2025-03-12T15:02:21.132+0000] {processor.py:208} INFO - Processing /home/airflow/.local/lib/python3.12/site-packages/airflow/example_dags/example_latest_only_with_trigger.py took 0.123 seconds
