[2025-03-12T15:00:13.580+0000] {processor.py:186} INFO - Started process (PID=120725) to work on /home/airflow/.local/lib/python3.12/site-packages/airflow/example_dags/example_dataset_alias.py
[2025-03-12T15:00:13.581+0000] {processor.py:914} INFO - Processing file /home/airflow/.local/lib/python3.12/site-packages/airflow/example_dags/example_dataset_alias.py for tasks to queue
[2025-03-12T15:00:13.583+0000] {logging_mixin.py:190} INFO - [2025-03-12T15:00:13.583+0000] {dagbag.py:588} INFO - Filling up the DagBag from /home/airflow/.local/lib/python3.12/site-packages/airflow/example_dags/example_dataset_alias.py
[2025-03-12T15:00:14.541+0000] {processor.py:925} INFO - DAG(s) 'dataset_s3_bucket_consumer', 'dataset_s3_bucket_producer', 'dataset_alias_example_alias_producer', 'dataset_alias_example_alias_consumer' retrieved from /home/airflow/.local/lib/python3.12/site-packages/airflow/example_dags/example_dataset_alias.py
[2025-03-12T15:00:14.594+0000] {logging_mixin.py:190} INFO - [2025-03-12T15:00:14.593+0000] {dag.py:3239} INFO - Sync 4 DAGs
[2025-03-12T15:00:14.641+0000] {logging_mixin.py:190} INFO - [2025-03-12T15:00:14.640+0000] {dag.py:4180} INFO - Setting next_dagrun for dataset_alias_example_alias_consumer to None, run_after=None
[2025-03-12T15:00:14.645+0000] {logging_mixin.py:190} INFO - [2025-03-12T15:00:14.645+0000] {dag.py:4180} INFO - Setting next_dagrun for dataset_alias_example_alias_producer to None, run_after=None
[2025-03-12T15:00:14.648+0000] {logging_mixin.py:190} INFO - [2025-03-12T15:00:14.647+0000] {dag.py:4180} INFO - Setting next_dagrun for dataset_s3_bucket_consumer to None, run_after=None
[2025-03-12T15:00:14.650+0000] {logging_mixin.py:190} INFO - [2025-03-12T15:00:14.650+0000] {dag.py:4180} INFO - Setting next_dagrun for dataset_s3_bucket_producer to None, run_after=None
[2025-03-12T15:00:14.686+0000] {processor.py:208} INFO - Processing /home/airflow/.local/lib/python3.12/site-packages/airflow/example_dags/example_dataset_alias.py took 1.115 seconds
[2025-03-12T15:00:45.243+0000] {processor.py:186} INFO - Started process (PID=120788) to work on /home/airflow/.local/lib/python3.12/site-packages/airflow/example_dags/example_dataset_alias.py
[2025-03-12T15:00:45.244+0000] {processor.py:914} INFO - Processing file /home/airflow/.local/lib/python3.12/site-packages/airflow/example_dags/example_dataset_alias.py for tasks to queue
[2025-03-12T15:00:45.247+0000] {logging_mixin.py:190} INFO - [2025-03-12T15:00:45.247+0000] {dagbag.py:588} INFO - Filling up the DagBag from /home/airflow/.local/lib/python3.12/site-packages/airflow/example_dags/example_dataset_alias.py
[2025-03-12T15:00:46.277+0000] {processor.py:925} INFO - DAG(s) 'dataset_s3_bucket_consumer', 'dataset_s3_bucket_producer', 'dataset_alias_example_alias_producer', 'dataset_alias_example_alias_consumer' retrieved from /home/airflow/.local/lib/python3.12/site-packages/airflow/example_dags/example_dataset_alias.py
[2025-03-12T15:00:46.313+0000] {logging_mixin.py:190} INFO - [2025-03-12T15:00:46.312+0000] {dag.py:3239} INFO - Sync 4 DAGs
[2025-03-12T15:00:46.355+0000] {logging_mixin.py:190} INFO - [2025-03-12T15:00:46.355+0000] {dag.py:4180} INFO - Setting next_dagrun for dataset_alias_example_alias_consumer to None, run_after=None
[2025-03-12T15:00:46.360+0000] {logging_mixin.py:190} INFO - [2025-03-12T15:00:46.360+0000] {dag.py:4180} INFO - Setting next_dagrun for dataset_alias_example_alias_producer to None, run_after=None
[2025-03-12T15:00:46.363+0000] {logging_mixin.py:190} INFO - [2025-03-12T15:00:46.362+0000] {dag.py:4180} INFO - Setting next_dagrun for dataset_s3_bucket_consumer to None, run_after=None
[2025-03-12T15:00:46.365+0000] {logging_mixin.py:190} INFO - [2025-03-12T15:00:46.365+0000] {dag.py:4180} INFO - Setting next_dagrun for dataset_s3_bucket_producer to None, run_after=None
[2025-03-12T15:00:46.404+0000] {processor.py:208} INFO - Processing /home/airflow/.local/lib/python3.12/site-packages/airflow/example_dags/example_dataset_alias.py took 1.170 seconds
[2025-03-12T15:01:16.912+0000] {processor.py:186} INFO - Started process (PID=120853) to work on /home/airflow/.local/lib/python3.12/site-packages/airflow/example_dags/example_dataset_alias.py
[2025-03-12T15:01:16.913+0000] {processor.py:914} INFO - Processing file /home/airflow/.local/lib/python3.12/site-packages/airflow/example_dags/example_dataset_alias.py for tasks to queue
[2025-03-12T15:01:16.916+0000] {logging_mixin.py:190} INFO - [2025-03-12T15:01:16.915+0000] {dagbag.py:588} INFO - Filling up the DagBag from /home/airflow/.local/lib/python3.12/site-packages/airflow/example_dags/example_dataset_alias.py
[2025-03-12T15:01:17.865+0000] {processor.py:925} INFO - DAG(s) 'dataset_alias_example_alias_producer', 'dataset_s3_bucket_producer', 'dataset_alias_example_alias_consumer', 'dataset_s3_bucket_consumer' retrieved from /home/airflow/.local/lib/python3.12/site-packages/airflow/example_dags/example_dataset_alias.py
[2025-03-12T15:01:17.908+0000] {logging_mixin.py:190} INFO - [2025-03-12T15:01:17.907+0000] {dag.py:3239} INFO - Sync 4 DAGs
[2025-03-12T15:01:17.951+0000] {logging_mixin.py:190} INFO - [2025-03-12T15:01:17.951+0000] {dag.py:4180} INFO - Setting next_dagrun for dataset_alias_example_alias_consumer to None, run_after=None
[2025-03-12T15:01:17.956+0000] {logging_mixin.py:190} INFO - [2025-03-12T15:01:17.955+0000] {dag.py:4180} INFO - Setting next_dagrun for dataset_alias_example_alias_producer to None, run_after=None
[2025-03-12T15:01:17.959+0000] {logging_mixin.py:190} INFO - [2025-03-12T15:01:17.958+0000] {dag.py:4180} INFO - Setting next_dagrun for dataset_s3_bucket_consumer to None, run_after=None
[2025-03-12T15:01:17.961+0000] {logging_mixin.py:190} INFO - [2025-03-12T15:01:17.961+0000] {dag.py:4180} INFO - Setting next_dagrun for dataset_s3_bucket_producer to None, run_after=None
[2025-03-12T15:01:18.009+0000] {processor.py:208} INFO - Processing /home/airflow/.local/lib/python3.12/site-packages/airflow/example_dags/example_dataset_alias.py took 1.106 seconds
[2025-03-12T15:01:49.511+0000] {processor.py:186} INFO - Started process (PID=120923) to work on /home/airflow/.local/lib/python3.12/site-packages/airflow/example_dags/example_dataset_alias.py
[2025-03-12T15:01:49.512+0000] {processor.py:914} INFO - Processing file /home/airflow/.local/lib/python3.12/site-packages/airflow/example_dags/example_dataset_alias.py for tasks to queue
[2025-03-12T15:01:49.514+0000] {logging_mixin.py:190} INFO - [2025-03-12T15:01:49.514+0000] {dagbag.py:588} INFO - Filling up the DagBag from /home/airflow/.local/lib/python3.12/site-packages/airflow/example_dags/example_dataset_alias.py
[2025-03-12T15:01:50.466+0000] {processor.py:925} INFO - DAG(s) 'dataset_alias_example_alias_consumer', 'dataset_s3_bucket_producer', 'dataset_s3_bucket_consumer', 'dataset_alias_example_alias_producer' retrieved from /home/airflow/.local/lib/python3.12/site-packages/airflow/example_dags/example_dataset_alias.py
[2025-03-12T15:01:50.502+0000] {logging_mixin.py:190} INFO - [2025-03-12T15:01:50.501+0000] {dag.py:3239} INFO - Sync 4 DAGs
[2025-03-12T15:01:50.543+0000] {logging_mixin.py:190} INFO - [2025-03-12T15:01:50.542+0000] {dag.py:4180} INFO - Setting next_dagrun for dataset_alias_example_alias_consumer to None, run_after=None
[2025-03-12T15:01:50.548+0000] {logging_mixin.py:190} INFO - [2025-03-12T15:01:50.547+0000] {dag.py:4180} INFO - Setting next_dagrun for dataset_alias_example_alias_producer to None, run_after=None
[2025-03-12T15:01:50.551+0000] {logging_mixin.py:190} INFO - [2025-03-12T15:01:50.550+0000] {dag.py:4180} INFO - Setting next_dagrun for dataset_s3_bucket_consumer to None, run_after=None
[2025-03-12T15:01:50.554+0000] {logging_mixin.py:190} INFO - [2025-03-12T15:01:50.553+0000] {dag.py:4180} INFO - Setting next_dagrun for dataset_s3_bucket_producer to None, run_after=None
[2025-03-12T15:01:50.597+0000] {processor.py:208} INFO - Processing /home/airflow/.local/lib/python3.12/site-packages/airflow/example_dags/example_dataset_alias.py took 1.094 seconds
[2025-03-12T15:02:20.822+0000] {processor.py:186} INFO - Started process (PID=120992) to work on /home/airflow/.local/lib/python3.12/site-packages/airflow/example_dags/example_dataset_alias.py
[2025-03-12T15:02:20.823+0000] {processor.py:914} INFO - Processing file /home/airflow/.local/lib/python3.12/site-packages/airflow/example_dags/example_dataset_alias.py for tasks to queue
[2025-03-12T15:02:20.826+0000] {logging_mixin.py:190} INFO - [2025-03-12T15:02:20.826+0000] {dagbag.py:588} INFO - Filling up the DagBag from /home/airflow/.local/lib/python3.12/site-packages/airflow/example_dags/example_dataset_alias.py
[2025-03-12T15:02:21.796+0000] {processor.py:925} INFO - DAG(s) 'dataset_s3_bucket_consumer', 'dataset_alias_example_alias_producer', 'dataset_alias_example_alias_consumer', 'dataset_s3_bucket_producer' retrieved from /home/airflow/.local/lib/python3.12/site-packages/airflow/example_dags/example_dataset_alias.py
[2025-03-12T15:02:21.836+0000] {logging_mixin.py:190} INFO - [2025-03-12T15:02:21.835+0000] {dag.py:3239} INFO - Sync 4 DAGs
[2025-03-12T15:02:21.875+0000] {logging_mixin.py:190} INFO - [2025-03-12T15:02:21.875+0000] {dag.py:4180} INFO - Setting next_dagrun for dataset_alias_example_alias_consumer to None, run_after=None
[2025-03-12T15:02:21.880+0000] {logging_mixin.py:190} INFO - [2025-03-12T15:02:21.880+0000] {dag.py:4180} INFO - Setting next_dagrun for dataset_alias_example_alias_producer to None, run_after=None
[2025-03-12T15:02:21.882+0000] {logging_mixin.py:190} INFO - [2025-03-12T15:02:21.882+0000] {dag.py:4180} INFO - Setting next_dagrun for dataset_s3_bucket_consumer to None, run_after=None
[2025-03-12T15:02:21.885+0000] {logging_mixin.py:190} INFO - [2025-03-12T15:02:21.884+0000] {dag.py:4180} INFO - Setting next_dagrun for dataset_s3_bucket_producer to None, run_after=None
[2025-03-12T15:02:21.919+0000] {processor.py:208} INFO - Processing /home/airflow/.local/lib/python3.12/site-packages/airflow/example_dags/example_dataset_alias.py took 1.105 seconds
