[2025-03-12T15:00:17.504+0000] {processor.py:186} INFO - Started process (PID=120757) to work on /home/airflow/.local/lib/python3.12/site-packages/airflow/example_dags/example_setup_teardown_taskflow.py
[2025-03-12T15:00:17.505+0000] {processor.py:914} INFO - Processing file /home/airflow/.local/lib/python3.12/site-packages/airflow/example_dags/example_setup_teardown_taskflow.py for tasks to queue
[2025-03-12T15:00:17.508+0000] {logging_mixin.py:190} INFO - [2025-03-12T15:00:17.508+0000] {dagbag.py:588} INFO - Filling up the DagBag from /home/airflow/.local/lib/python3.12/site-packages/airflow/example_dags/example_setup_teardown_taskflow.py
[2025-03-12T15:00:17.524+0000] {processor.py:925} INFO - DAG(s) 'example_setup_teardown_taskflow' retrieved from /home/airflow/.local/lib/python3.12/site-packages/airflow/example_dags/example_setup_teardown_taskflow.py
[2025-03-12T15:00:17.556+0000] {logging_mixin.py:190} INFO - [2025-03-12T15:00:17.556+0000] {dag.py:3239} INFO - Sync 1 DAGs
[2025-03-12T15:00:17.579+0000] {logging_mixin.py:190} INFO - [2025-03-12T15:00:17.579+0000] {dag.py:4180} INFO - Setting next_dagrun for example_setup_teardown_taskflow to None, run_after=None
[2025-03-12T15:00:17.614+0000] {processor.py:208} INFO - Processing /home/airflow/.local/lib/python3.12/site-packages/airflow/example_dags/example_setup_teardown_taskflow.py took 0.118 seconds
[2025-03-12T15:00:49.591+0000] {processor.py:186} INFO - Started process (PID=120821) to work on /home/airflow/.local/lib/python3.12/site-packages/airflow/example_dags/example_setup_teardown_taskflow.py
[2025-03-12T15:00:49.592+0000] {processor.py:914} INFO - Processing file /home/airflow/.local/lib/python3.12/site-packages/airflow/example_dags/example_setup_teardown_taskflow.py for tasks to queue
[2025-03-12T15:00:49.597+0000] {logging_mixin.py:190} INFO - [2025-03-12T15:00:49.596+0000] {dagbag.py:588} INFO - Filling up the DagBag from /home/airflow/.local/lib/python3.12/site-packages/airflow/example_dags/example_setup_teardown_taskflow.py
[2025-03-12T15:00:49.622+0000] {processor.py:925} INFO - DAG(s) 'example_setup_teardown_taskflow' retrieved from /home/airflow/.local/lib/python3.12/site-packages/airflow/example_dags/example_setup_teardown_taskflow.py
[2025-03-12T15:00:49.658+0000] {logging_mixin.py:190} INFO - [2025-03-12T15:00:49.658+0000] {dag.py:3239} INFO - Sync 1 DAGs
[2025-03-12T15:00:49.684+0000] {logging_mixin.py:190} INFO - [2025-03-12T15:00:49.683+0000] {dag.py:4180} INFO - Setting next_dagrun for example_setup_teardown_taskflow to None, run_after=None
[2025-03-12T15:00:49.713+0000] {processor.py:208} INFO - Processing /home/airflow/.local/lib/python3.12/site-packages/airflow/example_dags/example_setup_teardown_taskflow.py took 0.130 seconds
[2025-03-12T15:01:20.959+0000] {processor.py:186} INFO - Started process (PID=120884) to work on /home/airflow/.local/lib/python3.12/site-packages/airflow/example_dags/example_setup_teardown_taskflow.py
[2025-03-12T15:01:20.960+0000] {processor.py:914} INFO - Processing file /home/airflow/.local/lib/python3.12/site-packages/airflow/example_dags/example_setup_teardown_taskflow.py for tasks to queue
[2025-03-12T15:01:20.964+0000] {logging_mixin.py:190} INFO - [2025-03-12T15:01:20.963+0000] {dagbag.py:588} INFO - Filling up the DagBag from /home/airflow/.local/lib/python3.12/site-packages/airflow/example_dags/example_setup_teardown_taskflow.py
[2025-03-12T15:01:20.984+0000] {processor.py:925} INFO - DAG(s) 'example_setup_teardown_taskflow' retrieved from /home/airflow/.local/lib/python3.12/site-packages/airflow/example_dags/example_setup_teardown_taskflow.py
[2025-03-12T15:01:21.020+0000] {logging_mixin.py:190} INFO - [2025-03-12T15:01:21.020+0000] {dag.py:3239} INFO - Sync 1 DAGs
[2025-03-12T15:01:21.045+0000] {logging_mixin.py:190} INFO - [2025-03-12T15:01:21.044+0000] {dag.py:4180} INFO - Setting next_dagrun for example_setup_teardown_taskflow to None, run_after=None
[2025-03-12T15:01:21.075+0000] {processor.py:208} INFO - Processing /home/airflow/.local/lib/python3.12/site-packages/airflow/example_dags/example_setup_teardown_taskflow.py took 0.124 seconds
[2025-03-12T15:01:52.317+0000] {processor.py:186} INFO - Started process (PID=120947) to work on /home/airflow/.local/lib/python3.12/site-packages/airflow/example_dags/example_setup_teardown_taskflow.py
[2025-03-12T15:01:52.318+0000] {processor.py:914} INFO - Processing file /home/airflow/.local/lib/python3.12/site-packages/airflow/example_dags/example_setup_teardown_taskflow.py for tasks to queue
[2025-03-12T15:01:52.322+0000] {logging_mixin.py:190} INFO - [2025-03-12T15:01:52.321+0000] {dagbag.py:588} INFO - Filling up the DagBag from /home/airflow/.local/lib/python3.12/site-packages/airflow/example_dags/example_setup_teardown_taskflow.py
[2025-03-12T15:01:52.342+0000] {processor.py:925} INFO - DAG(s) 'example_setup_teardown_taskflow' retrieved from /home/airflow/.local/lib/python3.12/site-packages/airflow/example_dags/example_setup_teardown_taskflow.py
[2025-03-12T15:01:52.375+0000] {logging_mixin.py:190} INFO - [2025-03-12T15:01:52.375+0000] {dag.py:3239} INFO - Sync 1 DAGs
[2025-03-12T15:01:52.399+0000] {logging_mixin.py:190} INFO - [2025-03-12T15:01:52.399+0000] {dag.py:4180} INFO - Setting next_dagrun for example_setup_teardown_taskflow to None, run_after=None
[2025-03-12T15:01:52.428+0000] {processor.py:208} INFO - Processing /home/airflow/.local/lib/python3.12/site-packages/airflow/example_dags/example_setup_teardown_taskflow.py took 0.119 seconds
[2025-03-12T15:02:23.027+0000] {processor.py:186} INFO - Started process (PID=121010) to work on /home/airflow/.local/lib/python3.12/site-packages/airflow/example_dags/example_setup_teardown_taskflow.py
[2025-03-12T15:02:23.028+0000] {processor.py:914} INFO - Processing file /home/airflow/.local/lib/python3.12/site-packages/airflow/example_dags/example_setup_teardown_taskflow.py for tasks to queue
[2025-03-12T15:02:23.031+0000] {logging_mixin.py:190} INFO - [2025-03-12T15:02:23.031+0000] {dagbag.py:588} INFO - Filling up the DagBag from /home/airflow/.local/lib/python3.12/site-packages/airflow/example_dags/example_setup_teardown_taskflow.py
[2025-03-12T15:02:23.051+0000] {processor.py:925} INFO - DAG(s) 'example_setup_teardown_taskflow' retrieved from /home/airflow/.local/lib/python3.12/site-packages/airflow/example_dags/example_setup_teardown_taskflow.py
[2025-03-12T15:02:23.087+0000] {logging_mixin.py:190} INFO - [2025-03-12T15:02:23.086+0000] {dag.py:3239} INFO - Sync 1 DAGs
[2025-03-12T15:02:23.113+0000] {logging_mixin.py:190} INFO - [2025-03-12T15:02:23.113+0000] {dag.py:4180} INFO - Setting next_dagrun for example_setup_teardown_taskflow to None, run_after=None
[2025-03-12T15:02:23.142+0000] {processor.py:208} INFO - Processing /home/airflow/.local/lib/python3.12/site-packages/airflow/example_dags/example_setup_teardown_taskflow.py took 0.124 seconds
