[2025-03-12T15:00:17.395+0000] {processor.py:186} INFO - Started process (PID=120756) to work on /home/airflow/.local/lib/python3.12/site-packages/airflow/example_dags/example_short_circuit_decorator.py
[2025-03-12T15:00:17.396+0000] {processor.py:914} INFO - Processing file /home/airflow/.local/lib/python3.12/site-packages/airflow/example_dags/example_short_circuit_decorator.py for tasks to queue
[2025-03-12T15:00:17.399+0000] {logging_mixin.py:190} INFO - [2025-03-12T15:00:17.398+0000] {dagbag.py:588} INFO - Filling up the DagBag from /home/airflow/.local/lib/python3.12/site-packages/airflow/example_dags/example_short_circuit_decorator.py
[2025-03-12T15:00:17.413+0000] {processor.py:925} INFO - DAG(s) 'example_short_circuit_decorator' retrieved from /home/airflow/.local/lib/python3.12/site-packages/airflow/example_dags/example_short_circuit_decorator.py
[2025-03-12T15:00:17.448+0000] {logging_mixin.py:190} INFO - [2025-03-12T15:00:17.448+0000] {dag.py:3239} INFO - Sync 1 DAGs
[2025-03-12T15:00:17.472+0000] {logging_mixin.py:190} INFO - [2025-03-12T15:00:17.471+0000] {dag.py:4180} INFO - Setting next_dagrun for example_short_circuit_decorator to None, run_after=None
[2025-03-12T15:00:17.500+0000] {processor.py:208} INFO - Processing /home/airflow/.local/lib/python3.12/site-packages/airflow/example_dags/example_short_circuit_decorator.py took 0.113 seconds
[2025-03-12T15:00:49.384+0000] {processor.py:186} INFO - Started process (PID=120820) to work on /home/airflow/.local/lib/python3.12/site-packages/airflow/example_dags/example_short_circuit_decorator.py
[2025-03-12T15:00:49.385+0000] {processor.py:914} INFO - Processing file /home/airflow/.local/lib/python3.12/site-packages/airflow/example_dags/example_short_circuit_decorator.py for tasks to queue
[2025-03-12T15:00:49.390+0000] {logging_mixin.py:190} INFO - [2025-03-12T15:00:49.389+0000] {dagbag.py:588} INFO - Filling up the DagBag from /home/airflow/.local/lib/python3.12/site-packages/airflow/example_dags/example_short_circuit_decorator.py
[2025-03-12T15:00:49.414+0000] {processor.py:925} INFO - DAG(s) 'example_short_circuit_decorator' retrieved from /home/airflow/.local/lib/python3.12/site-packages/airflow/example_dags/example_short_circuit_decorator.py
[2025-03-12T15:00:49.466+0000] {logging_mixin.py:190} INFO - [2025-03-12T15:00:49.465+0000] {dag.py:3239} INFO - Sync 1 DAGs
[2025-03-12T15:00:49.504+0000] {logging_mixin.py:190} INFO - [2025-03-12T15:00:49.503+0000] {dag.py:4180} INFO - Setting next_dagrun for example_short_circuit_decorator to None, run_after=None
[2025-03-12T15:00:49.550+0000] {processor.py:208} INFO - Processing /home/airflow/.local/lib/python3.12/site-packages/airflow/example_dags/example_short_circuit_decorator.py took 0.179 seconds
[2025-03-12T15:01:20.782+0000] {processor.py:186} INFO - Started process (PID=120883) to work on /home/airflow/.local/lib/python3.12/site-packages/airflow/example_dags/example_short_circuit_decorator.py
[2025-03-12T15:01:20.783+0000] {processor.py:914} INFO - Processing file /home/airflow/.local/lib/python3.12/site-packages/airflow/example_dags/example_short_circuit_decorator.py for tasks to queue
[2025-03-12T15:01:20.787+0000] {logging_mixin.py:190} INFO - [2025-03-12T15:01:20.786+0000] {dagbag.py:588} INFO - Filling up the DagBag from /home/airflow/.local/lib/python3.12/site-packages/airflow/example_dags/example_short_circuit_decorator.py
[2025-03-12T15:01:20.801+0000] {processor.py:925} INFO - DAG(s) 'example_short_circuit_decorator' retrieved from /home/airflow/.local/lib/python3.12/site-packages/airflow/example_dags/example_short_circuit_decorator.py
[2025-03-12T15:01:20.851+0000] {logging_mixin.py:190} INFO - [2025-03-12T15:01:20.850+0000] {dag.py:3239} INFO - Sync 1 DAGs
[2025-03-12T15:01:20.877+0000] {logging_mixin.py:190} INFO - [2025-03-12T15:01:20.877+0000] {dag.py:4180} INFO - Setting next_dagrun for example_short_circuit_decorator to None, run_after=None
[2025-03-12T15:01:20.914+0000] {processor.py:208} INFO - Processing /home/airflow/.local/lib/python3.12/site-packages/airflow/example_dags/example_short_circuit_decorator.py took 0.141 seconds
[2025-03-12T15:01:52.251+0000] {processor.py:186} INFO - Started process (PID=120946) to work on /home/airflow/.local/lib/python3.12/site-packages/airflow/example_dags/example_short_circuit_decorator.py
[2025-03-12T15:01:52.252+0000] {processor.py:914} INFO - Processing file /home/airflow/.local/lib/python3.12/site-packages/airflow/example_dags/example_short_circuit_decorator.py for tasks to queue
[2025-03-12T15:01:52.255+0000] {logging_mixin.py:190} INFO - [2025-03-12T15:01:52.254+0000] {dagbag.py:588} INFO - Filling up the DagBag from /home/airflow/.local/lib/python3.12/site-packages/airflow/example_dags/example_short_circuit_decorator.py
[2025-03-12T15:01:52.270+0000] {processor.py:925} INFO - DAG(s) 'example_short_circuit_decorator' retrieved from /home/airflow/.local/lib/python3.12/site-packages/airflow/example_dags/example_short_circuit_decorator.py
[2025-03-12T15:01:52.305+0000] {logging_mixin.py:190} INFO - [2025-03-12T15:01:52.304+0000] {dag.py:3239} INFO - Sync 1 DAGs
[2025-03-12T15:01:52.329+0000] {logging_mixin.py:190} INFO - [2025-03-12T15:01:52.329+0000] {dag.py:4180} INFO - Setting next_dagrun for example_short_circuit_decorator to None, run_after=None
[2025-03-12T15:01:52.361+0000] {processor.py:208} INFO - Processing /home/airflow/.local/lib/python3.12/site-packages/airflow/example_dags/example_short_circuit_decorator.py took 0.118 seconds
[2025-03-12T15:02:22.972+0000] {processor.py:186} INFO - Started process (PID=121009) to work on /home/airflow/.local/lib/python3.12/site-packages/airflow/example_dags/example_short_circuit_decorator.py
[2025-03-12T15:02:22.973+0000] {processor.py:914} INFO - Processing file /home/airflow/.local/lib/python3.12/site-packages/airflow/example_dags/example_short_circuit_decorator.py for tasks to queue
[2025-03-12T15:02:22.976+0000] {logging_mixin.py:190} INFO - [2025-03-12T15:02:22.976+0000] {dagbag.py:588} INFO - Filling up the DagBag from /home/airflow/.local/lib/python3.12/site-packages/airflow/example_dags/example_short_circuit_decorator.py
[2025-03-12T15:02:22.992+0000] {processor.py:925} INFO - DAG(s) 'example_short_circuit_decorator' retrieved from /home/airflow/.local/lib/python3.12/site-packages/airflow/example_dags/example_short_circuit_decorator.py
[2025-03-12T15:02:23.033+0000] {logging_mixin.py:190} INFO - [2025-03-12T15:02:23.032+0000] {dag.py:3239} INFO - Sync 1 DAGs
[2025-03-12T15:02:23.060+0000] {logging_mixin.py:190} INFO - [2025-03-12T15:02:23.060+0000] {dag.py:4180} INFO - Setting next_dagrun for example_short_circuit_decorator to None, run_after=None
[2025-03-12T15:02:23.091+0000] {processor.py:208} INFO - Processing /home/airflow/.local/lib/python3.12/site-packages/airflow/example_dags/example_short_circuit_decorator.py took 0.128 seconds
