[2025-03-12T15:00:16.437+0000] {processor.py:186} INFO - Started process (PID=120744) to work on /home/airflow/.local/lib/python3.12/site-packages/airflow/example_dags/example_task_group.py
[2025-03-12T15:00:16.439+0000] {processor.py:914} INFO - Processing file /home/airflow/.local/lib/python3.12/site-packages/airflow/example_dags/example_task_group.py for tasks to queue
[2025-03-12T15:00:16.442+0000] {logging_mixin.py:190} INFO - [2025-03-12T15:00:16.441+0000] {dagbag.py:588} INFO - Filling up the DagBag from /home/airflow/.local/lib/python3.12/site-packages/airflow/example_dags/example_task_group.py
[2025-03-12T15:00:16.454+0000] {processor.py:925} INFO - DAG(s) 'example_task_group' retrieved from /home/airflow/.local/lib/python3.12/site-packages/airflow/example_dags/example_task_group.py
[2025-03-12T15:00:16.487+0000] {logging_mixin.py:190} INFO - [2025-03-12T15:00:16.486+0000] {dag.py:3239} INFO - Sync 1 DAGs
[2025-03-12T15:00:16.511+0000] {logging_mixin.py:190} INFO - [2025-03-12T15:00:16.511+0000] {dag.py:4180} INFO - Setting next_dagrun for example_task_group to None, run_after=None
[2025-03-12T15:00:16.548+0000] {processor.py:208} INFO - Processing /home/airflow/.local/lib/python3.12/site-packages/airflow/example_dags/example_task_group.py took 0.119 seconds
[2025-03-12T15:00:48.320+0000] {processor.py:186} INFO - Started process (PID=120810) to work on /home/airflow/.local/lib/python3.12/site-packages/airflow/example_dags/example_task_group.py
[2025-03-12T15:00:48.321+0000] {processor.py:914} INFO - Processing file /home/airflow/.local/lib/python3.12/site-packages/airflow/example_dags/example_task_group.py for tasks to queue
[2025-03-12T15:00:48.325+0000] {logging_mixin.py:190} INFO - [2025-03-12T15:00:48.324+0000] {dagbag.py:588} INFO - Filling up the DagBag from /home/airflow/.local/lib/python3.12/site-packages/airflow/example_dags/example_task_group.py
[2025-03-12T15:00:48.338+0000] {processor.py:925} INFO - DAG(s) 'example_task_group' retrieved from /home/airflow/.local/lib/python3.12/site-packages/airflow/example_dags/example_task_group.py
[2025-03-12T15:00:48.371+0000] {logging_mixin.py:190} INFO - [2025-03-12T15:00:48.371+0000] {dag.py:3239} INFO - Sync 1 DAGs
[2025-03-12T15:00:48.395+0000] {logging_mixin.py:190} INFO - [2025-03-12T15:00:48.395+0000] {dag.py:4180} INFO - Setting next_dagrun for example_task_group to None, run_after=None
[2025-03-12T15:00:48.424+0000] {processor.py:208} INFO - Processing /home/airflow/.local/lib/python3.12/site-packages/airflow/example_dags/example_task_group.py took 0.113 seconds
[2025-03-12T15:01:19.648+0000] {processor.py:186} INFO - Started process (PID=120873) to work on /home/airflow/.local/lib/python3.12/site-packages/airflow/example_dags/example_task_group.py
[2025-03-12T15:01:19.649+0000] {processor.py:914} INFO - Processing file /home/airflow/.local/lib/python3.12/site-packages/airflow/example_dags/example_task_group.py for tasks to queue
[2025-03-12T15:01:19.652+0000] {logging_mixin.py:190} INFO - [2025-03-12T15:01:19.652+0000] {dagbag.py:588} INFO - Filling up the DagBag from /home/airflow/.local/lib/python3.12/site-packages/airflow/example_dags/example_task_group.py
[2025-03-12T15:01:19.665+0000] {processor.py:925} INFO - DAG(s) 'example_task_group' retrieved from /home/airflow/.local/lib/python3.12/site-packages/airflow/example_dags/example_task_group.py
[2025-03-12T15:01:19.696+0000] {logging_mixin.py:190} INFO - [2025-03-12T15:01:19.696+0000] {dag.py:3239} INFO - Sync 1 DAGs
[2025-03-12T15:01:19.719+0000] {logging_mixin.py:190} INFO - [2025-03-12T15:01:19.719+0000] {dag.py:4180} INFO - Setting next_dagrun for example_task_group to None, run_after=None
[2025-03-12T15:01:19.747+0000] {processor.py:208} INFO - Processing /home/airflow/.local/lib/python3.12/site-packages/airflow/example_dags/example_task_group.py took 0.107 seconds
[2025-03-12T15:01:51.261+0000] {processor.py:186} INFO - Started process (PID=120936) to work on /home/airflow/.local/lib/python3.12/site-packages/airflow/example_dags/example_task_group.py
[2025-03-12T15:01:51.262+0000] {processor.py:914} INFO - Processing file /home/airflow/.local/lib/python3.12/site-packages/airflow/example_dags/example_task_group.py for tasks to queue
[2025-03-12T15:01:51.265+0000] {logging_mixin.py:190} INFO - [2025-03-12T15:01:51.264+0000] {dagbag.py:588} INFO - Filling up the DagBag from /home/airflow/.local/lib/python3.12/site-packages/airflow/example_dags/example_task_group.py
[2025-03-12T15:01:51.277+0000] {processor.py:925} INFO - DAG(s) 'example_task_group' retrieved from /home/airflow/.local/lib/python3.12/site-packages/airflow/example_dags/example_task_group.py
[2025-03-12T15:01:51.309+0000] {logging_mixin.py:190} INFO - [2025-03-12T15:01:51.309+0000] {dag.py:3239} INFO - Sync 1 DAGs
[2025-03-12T15:01:51.332+0000] {logging_mixin.py:190} INFO - [2025-03-12T15:01:51.331+0000] {dag.py:4180} INFO - Setting next_dagrun for example_task_group to None, run_after=None
[2025-03-12T15:01:51.360+0000] {processor.py:208} INFO - Processing /home/airflow/.local/lib/python3.12/site-packages/airflow/example_dags/example_task_group.py took 0.108 seconds
[2025-03-12T15:02:21.957+0000] {processor.py:186} INFO - Started process (PID=120999) to work on /home/airflow/.local/lib/python3.12/site-packages/airflow/example_dags/example_task_group.py
[2025-03-12T15:02:21.957+0000] {processor.py:914} INFO - Processing file /home/airflow/.local/lib/python3.12/site-packages/airflow/example_dags/example_task_group.py for tasks to queue
[2025-03-12T15:02:21.960+0000] {logging_mixin.py:190} INFO - [2025-03-12T15:02:21.960+0000] {dagbag.py:588} INFO - Filling up the DagBag from /home/airflow/.local/lib/python3.12/site-packages/airflow/example_dags/example_task_group.py
[2025-03-12T15:02:21.973+0000] {processor.py:925} INFO - DAG(s) 'example_task_group' retrieved from /home/airflow/.local/lib/python3.12/site-packages/airflow/example_dags/example_task_group.py
[2025-03-12T15:02:22.004+0000] {logging_mixin.py:190} INFO - [2025-03-12T15:02:22.003+0000] {dag.py:3239} INFO - Sync 1 DAGs
[2025-03-12T15:02:22.029+0000] {logging_mixin.py:190} INFO - [2025-03-12T15:02:22.028+0000] {dag.py:4180} INFO - Setting next_dagrun for example_task_group to None, run_after=None
[2025-03-12T15:02:22.056+0000] {processor.py:208} INFO - Processing /home/airflow/.local/lib/python3.12/site-packages/airflow/example_dags/example_task_group.py took 0.108 seconds
