[2025-03-12T15:00:10.931+0000] {processor.py:186} INFO - Started process (PID=120716) to work on /home/airflow/.local/lib/python3.12/site-packages/airflow/example_dags/example_time_delta_sensor_async.py
[2025-03-12T15:00:10.932+0000] {processor.py:914} INFO - Processing file /home/airflow/.local/lib/python3.12/site-packages/airflow/example_dags/example_time_delta_sensor_async.py for tasks to queue
[2025-03-12T15:00:10.935+0000] {logging_mixin.py:190} INFO - [2025-03-12T15:00:10.934+0000] {dagbag.py:588} INFO - Filling up the DagBag from /home/airflow/.local/lib/python3.12/site-packages/airflow/example_dags/example_time_delta_sensor_async.py
[2025-03-12T15:00:10.945+0000] {processor.py:925} INFO - DAG(s) 'example_time_delta_sensor_async' retrieved from /home/airflow/.local/lib/python3.12/site-packages/airflow/example_dags/example_time_delta_sensor_async.py
[2025-03-12T15:00:10.972+0000] {logging_mixin.py:190} INFO - [2025-03-12T15:00:10.972+0000] {dag.py:3239} INFO - Sync 1 DAGs
[2025-03-12T15:00:10.996+0000] {logging_mixin.py:190} INFO - [2025-03-12T15:00:10.996+0000] {dag.py:4180} INFO - Setting next_dagrun for example_time_delta_sensor_async to None, run_after=None
[2025-03-12T15:00:11.032+0000] {processor.py:208} INFO - Processing /home/airflow/.local/lib/python3.12/site-packages/airflow/example_dags/example_time_delta_sensor_async.py took 0.110 seconds
[2025-03-12T15:00:41.182+0000] {processor.py:186} INFO - Started process (PID=120779) to work on /home/airflow/.local/lib/python3.12/site-packages/airflow/example_dags/example_time_delta_sensor_async.py
[2025-03-12T15:00:41.184+0000] {processor.py:914} INFO - Processing file /home/airflow/.local/lib/python3.12/site-packages/airflow/example_dags/example_time_delta_sensor_async.py for tasks to queue
[2025-03-12T15:00:41.187+0000] {logging_mixin.py:190} INFO - [2025-03-12T15:00:41.186+0000] {dagbag.py:588} INFO - Filling up the DagBag from /home/airflow/.local/lib/python3.12/site-packages/airflow/example_dags/example_time_delta_sensor_async.py
[2025-03-12T15:00:41.198+0000] {processor.py:925} INFO - DAG(s) 'example_time_delta_sensor_async' retrieved from /home/airflow/.local/lib/python3.12/site-packages/airflow/example_dags/example_time_delta_sensor_async.py
[2025-03-12T15:00:41.230+0000] {logging_mixin.py:190} INFO - [2025-03-12T15:00:41.230+0000] {dag.py:3239} INFO - Sync 1 DAGs
[2025-03-12T15:00:41.258+0000] {logging_mixin.py:190} INFO - [2025-03-12T15:00:41.258+0000] {dag.py:4180} INFO - Setting next_dagrun for example_time_delta_sensor_async to None, run_after=None
[2025-03-12T15:00:41.297+0000] {processor.py:208} INFO - Processing /home/airflow/.local/lib/python3.12/site-packages/airflow/example_dags/example_time_delta_sensor_async.py took 0.125 seconds
[2025-03-12T15:01:11.947+0000] {processor.py:186} INFO - Started process (PID=120842) to work on /home/airflow/.local/lib/python3.12/site-packages/airflow/example_dags/example_time_delta_sensor_async.py
[2025-03-12T15:01:11.948+0000] {processor.py:914} INFO - Processing file /home/airflow/.local/lib/python3.12/site-packages/airflow/example_dags/example_time_delta_sensor_async.py for tasks to queue
[2025-03-12T15:01:11.951+0000] {logging_mixin.py:190} INFO - [2025-03-12T15:01:11.950+0000] {dagbag.py:588} INFO - Filling up the DagBag from /home/airflow/.local/lib/python3.12/site-packages/airflow/example_dags/example_time_delta_sensor_async.py
[2025-03-12T15:01:11.960+0000] {processor.py:925} INFO - DAG(s) 'example_time_delta_sensor_async' retrieved from /home/airflow/.local/lib/python3.12/site-packages/airflow/example_dags/example_time_delta_sensor_async.py
[2025-03-12T15:01:11.988+0000] {logging_mixin.py:190} INFO - [2025-03-12T15:01:11.988+0000] {dag.py:3239} INFO - Sync 1 DAGs
[2025-03-12T15:01:12.012+0000] {logging_mixin.py:190} INFO - [2025-03-12T15:01:12.011+0000] {dag.py:4180} INFO - Setting next_dagrun for example_time_delta_sensor_async to None, run_after=None
[2025-03-12T15:01:12.043+0000] {processor.py:208} INFO - Processing /home/airflow/.local/lib/python3.12/site-packages/airflow/example_dags/example_time_delta_sensor_async.py took 0.104 seconds
[2025-03-12T15:01:42.998+0000] {processor.py:186} INFO - Started process (PID=120905) to work on /home/airflow/.local/lib/python3.12/site-packages/airflow/example_dags/example_time_delta_sensor_async.py
[2025-03-12T15:01:42.999+0000] {processor.py:914} INFO - Processing file /home/airflow/.local/lib/python3.12/site-packages/airflow/example_dags/example_time_delta_sensor_async.py for tasks to queue
[2025-03-12T15:01:43.001+0000] {logging_mixin.py:190} INFO - [2025-03-12T15:01:43.001+0000] {dagbag.py:588} INFO - Filling up the DagBag from /home/airflow/.local/lib/python3.12/site-packages/airflow/example_dags/example_time_delta_sensor_async.py
[2025-03-12T15:01:43.011+0000] {processor.py:925} INFO - DAG(s) 'example_time_delta_sensor_async' retrieved from /home/airflow/.local/lib/python3.12/site-packages/airflow/example_dags/example_time_delta_sensor_async.py
[2025-03-12T15:01:43.037+0000] {logging_mixin.py:190} INFO - [2025-03-12T15:01:43.036+0000] {dag.py:3239} INFO - Sync 1 DAGs
[2025-03-12T15:01:43.062+0000] {logging_mixin.py:190} INFO - [2025-03-12T15:01:43.061+0000] {dag.py:4180} INFO - Setting next_dagrun for example_time_delta_sensor_async to None, run_after=None
[2025-03-12T15:01:43.090+0000] {processor.py:208} INFO - Processing /home/airflow/.local/lib/python3.12/site-packages/airflow/example_dags/example_time_delta_sensor_async.py took 0.101 seconds
[2025-03-12T15:02:13.411+0000] {processor.py:186} INFO - Started process (PID=120968) to work on /home/airflow/.local/lib/python3.12/site-packages/airflow/example_dags/example_time_delta_sensor_async.py
[2025-03-12T15:02:13.413+0000] {processor.py:914} INFO - Processing file /home/airflow/.local/lib/python3.12/site-packages/airflow/example_dags/example_time_delta_sensor_async.py for tasks to queue
[2025-03-12T15:02:13.415+0000] {logging_mixin.py:190} INFO - [2025-03-12T15:02:13.415+0000] {dagbag.py:588} INFO - Filling up the DagBag from /home/airflow/.local/lib/python3.12/site-packages/airflow/example_dags/example_time_delta_sensor_async.py
[2025-03-12T15:02:13.425+0000] {processor.py:925} INFO - DAG(s) 'example_time_delta_sensor_async' retrieved from /home/airflow/.local/lib/python3.12/site-packages/airflow/example_dags/example_time_delta_sensor_async.py
[2025-03-12T15:02:13.451+0000] {logging_mixin.py:190} INFO - [2025-03-12T15:02:13.451+0000] {dag.py:3239} INFO - Sync 1 DAGs
[2025-03-12T15:02:13.475+0000] {logging_mixin.py:190} INFO - [2025-03-12T15:02:13.474+0000] {dag.py:4180} INFO - Setting next_dagrun for example_time_delta_sensor_async to None, run_after=None
[2025-03-12T15:02:13.502+0000] {processor.py:208} INFO - Processing /home/airflow/.local/lib/python3.12/site-packages/airflow/example_dags/example_time_delta_sensor_async.py took 0.099 seconds
