[2025-03-12T15:00:17.702+0000] {processor.py:186} INFO - Started process (PID=120760) to work on /home/airflow/.local/lib/python3.12/site-packages/airflow/example_dags/example_complex.py
[2025-03-12T15:00:17.703+0000] {processor.py:914} INFO - Processing file /home/airflow/.local/lib/python3.12/site-packages/airflow/example_dags/example_complex.py for tasks to queue
[2025-03-12T15:00:17.706+0000] {logging_mixin.py:190} INFO - [2025-03-12T15:00:17.705+0000] {dagbag.py:588} INFO - Filling up the DagBag from /home/airflow/.local/lib/python3.12/site-packages/airflow/example_dags/example_complex.py
[2025-03-12T15:00:17.725+0000] {processor.py:925} INFO - DAG(s) 'example_complex' retrieved from /home/airflow/.local/lib/python3.12/site-packages/airflow/example_dags/example_complex.py
[2025-03-12T15:00:17.778+0000] {logging_mixin.py:190} INFO - [2025-03-12T15:00:17.778+0000] {dag.py:3239} INFO - Sync 1 DAGs
[2025-03-12T15:00:17.801+0000] {logging_mixin.py:190} INFO - [2025-03-12T15:00:17.801+0000] {dag.py:4180} INFO - Setting next_dagrun for example_complex to None, run_after=None
[2025-03-12T15:00:17.829+0000] {processor.py:208} INFO - Processing /home/airflow/.local/lib/python3.12/site-packages/airflow/example_dags/example_complex.py took 0.135 seconds
[2025-03-12T15:00:49.970+0000] {processor.py:186} INFO - Started process (PID=120824) to work on /home/airflow/.local/lib/python3.12/site-packages/airflow/example_dags/example_complex.py
[2025-03-12T15:00:49.971+0000] {processor.py:914} INFO - Processing file /home/airflow/.local/lib/python3.12/site-packages/airflow/example_dags/example_complex.py for tasks to queue
[2025-03-12T15:00:49.975+0000] {logging_mixin.py:190} INFO - [2025-03-12T15:00:49.974+0000] {dagbag.py:588} INFO - Filling up the DagBag from /home/airflow/.local/lib/python3.12/site-packages/airflow/example_dags/example_complex.py
[2025-03-12T15:00:49.997+0000] {processor.py:925} INFO - DAG(s) 'example_complex' retrieved from /home/airflow/.local/lib/python3.12/site-packages/airflow/example_dags/example_complex.py
[2025-03-12T15:00:50.079+0000] {logging_mixin.py:190} INFO - [2025-03-12T15:00:50.078+0000] {dag.py:3239} INFO - Sync 1 DAGs
[2025-03-12T15:00:50.110+0000] {logging_mixin.py:190} INFO - [2025-03-12T15:00:50.110+0000] {dag.py:4180} INFO - Setting next_dagrun for example_complex to None, run_after=None
[2025-03-12T15:00:50.160+0000] {processor.py:208} INFO - Processing /home/airflow/.local/lib/python3.12/site-packages/airflow/example_dags/example_complex.py took 0.200 seconds
[2025-03-12T15:01:21.211+0000] {processor.py:186} INFO - Started process (PID=120887) to work on /home/airflow/.local/lib/python3.12/site-packages/airflow/example_dags/example_complex.py
[2025-03-12T15:01:21.212+0000] {processor.py:914} INFO - Processing file /home/airflow/.local/lib/python3.12/site-packages/airflow/example_dags/example_complex.py for tasks to queue
[2025-03-12T15:01:21.215+0000] {logging_mixin.py:190} INFO - [2025-03-12T15:01:21.214+0000] {dagbag.py:588} INFO - Filling up the DagBag from /home/airflow/.local/lib/python3.12/site-packages/airflow/example_dags/example_complex.py
[2025-03-12T15:01:21.235+0000] {processor.py:925} INFO - DAG(s) 'example_complex' retrieved from /home/airflow/.local/lib/python3.12/site-packages/airflow/example_dags/example_complex.py
[2025-03-12T15:01:21.293+0000] {logging_mixin.py:190} INFO - [2025-03-12T15:01:21.292+0000] {dag.py:3239} INFO - Sync 1 DAGs
[2025-03-12T15:01:21.316+0000] {logging_mixin.py:190} INFO - [2025-03-12T15:01:21.316+0000] {dag.py:4180} INFO - Setting next_dagrun for example_complex to None, run_after=None
[2025-03-12T15:01:21.343+0000] {processor.py:208} INFO - Processing /home/airflow/.local/lib/python3.12/site-packages/airflow/example_dags/example_complex.py took 0.141 seconds
[2025-03-12T15:01:52.564+0000] {processor.py:186} INFO - Started process (PID=120950) to work on /home/airflow/.local/lib/python3.12/site-packages/airflow/example_dags/example_complex.py
[2025-03-12T15:01:52.565+0000] {processor.py:914} INFO - Processing file /home/airflow/.local/lib/python3.12/site-packages/airflow/example_dags/example_complex.py for tasks to queue
[2025-03-12T15:01:52.568+0000] {logging_mixin.py:190} INFO - [2025-03-12T15:01:52.567+0000] {dagbag.py:588} INFO - Filling up the DagBag from /home/airflow/.local/lib/python3.12/site-packages/airflow/example_dags/example_complex.py
[2025-03-12T15:01:52.589+0000] {processor.py:925} INFO - DAG(s) 'example_complex' retrieved from /home/airflow/.local/lib/python3.12/site-packages/airflow/example_dags/example_complex.py
[2025-03-12T15:01:52.643+0000] {logging_mixin.py:190} INFO - [2025-03-12T15:01:52.642+0000] {dag.py:3239} INFO - Sync 1 DAGs
[2025-03-12T15:01:52.679+0000] {logging_mixin.py:190} INFO - [2025-03-12T15:01:52.678+0000] {dag.py:4180} INFO - Setting next_dagrun for example_complex to None, run_after=None
[2025-03-12T15:01:52.716+0000] {processor.py:208} INFO - Processing /home/airflow/.local/lib/python3.12/site-packages/airflow/example_dags/example_complex.py took 0.161 seconds
[2025-03-12T15:02:23.303+0000] {processor.py:186} INFO - Started process (PID=121013) to work on /home/airflow/.local/lib/python3.12/site-packages/airflow/example_dags/example_complex.py
[2025-03-12T15:02:23.304+0000] {processor.py:914} INFO - Processing file /home/airflow/.local/lib/python3.12/site-packages/airflow/example_dags/example_complex.py for tasks to queue
[2025-03-12T15:02:23.307+0000] {logging_mixin.py:190} INFO - [2025-03-12T15:02:23.306+0000] {dagbag.py:588} INFO - Filling up the DagBag from /home/airflow/.local/lib/python3.12/site-packages/airflow/example_dags/example_complex.py
[2025-03-12T15:02:23.327+0000] {processor.py:925} INFO - DAG(s) 'example_complex' retrieved from /home/airflow/.local/lib/python3.12/site-packages/airflow/example_dags/example_complex.py
[2025-03-12T15:02:23.382+0000] {logging_mixin.py:190} INFO - [2025-03-12T15:02:23.382+0000] {dag.py:3239} INFO - Sync 1 DAGs
[2025-03-12T15:02:23.406+0000] {logging_mixin.py:190} INFO - [2025-03-12T15:02:23.406+0000] {dag.py:4180} INFO - Setting next_dagrun for example_complex to None, run_after=None
[2025-03-12T15:02:23.436+0000] {processor.py:208} INFO - Processing /home/airflow/.local/lib/python3.12/site-packages/airflow/example_dags/example_complex.py took 0.141 seconds
