[2025-03-12T15:00:10.922+0000] {processor.py:186} INFO - Started process (PID=120715) to work on /home/airflow/.local/lib/python3.12/site-packages/airflow/example_dags/example_short_circuit_operator.py
[2025-03-12T15:00:10.923+0000] {processor.py:914} INFO - Processing file /home/airflow/.local/lib/python3.12/site-packages/airflow/example_dags/example_short_circuit_operator.py for tasks to queue
[2025-03-12T15:00:10.926+0000] {logging_mixin.py:190} INFO - [2025-03-12T15:00:10.926+0000] {dagbag.py:588} INFO - Filling up the DagBag from /home/airflow/.local/lib/python3.12/site-packages/airflow/example_dags/example_short_circuit_operator.py
[2025-03-12T15:00:10.940+0000] {processor.py:925} INFO - DAG(s) 'example_short_circuit_operator' retrieved from /home/airflow/.local/lib/python3.12/site-packages/airflow/example_dags/example_short_circuit_operator.py
[2025-03-12T15:00:10.977+0000] {logging_mixin.py:190} INFO - [2025-03-12T15:00:10.977+0000] {dag.py:3239} INFO - Sync 1 DAGs
[2025-03-12T15:00:11.002+0000] {logging_mixin.py:190} INFO - [2025-03-12T15:00:11.001+0000] {dag.py:4180} INFO - Setting next_dagrun for example_short_circuit_operator to None, run_after=None
[2025-03-12T15:00:11.033+0000] {processor.py:208} INFO - Processing /home/airflow/.local/lib/python3.12/site-packages/airflow/example_dags/example_short_circuit_operator.py took 0.120 seconds
[2025-03-12T15:00:41.169+0000] {processor.py:186} INFO - Started process (PID=120778) to work on /home/airflow/.local/lib/python3.12/site-packages/airflow/example_dags/example_short_circuit_operator.py
[2025-03-12T15:00:41.170+0000] {processor.py:914} INFO - Processing file /home/airflow/.local/lib/python3.12/site-packages/airflow/example_dags/example_short_circuit_operator.py for tasks to queue
[2025-03-12T15:00:41.173+0000] {logging_mixin.py:190} INFO - [2025-03-12T15:00:41.173+0000] {dagbag.py:588} INFO - Filling up the DagBag from /home/airflow/.local/lib/python3.12/site-packages/airflow/example_dags/example_short_circuit_operator.py
[2025-03-12T15:00:41.189+0000] {processor.py:925} INFO - DAG(s) 'example_short_circuit_operator' retrieved from /home/airflow/.local/lib/python3.12/site-packages/airflow/example_dags/example_short_circuit_operator.py
[2025-03-12T15:00:41.233+0000] {logging_mixin.py:190} INFO - [2025-03-12T15:00:41.232+0000] {dag.py:3239} INFO - Sync 1 DAGs
[2025-03-12T15:00:41.263+0000] {logging_mixin.py:190} INFO - [2025-03-12T15:00:41.262+0000] {dag.py:4180} INFO - Setting next_dagrun for example_short_circuit_operator to None, run_after=None
[2025-03-12T15:00:41.299+0000] {processor.py:208} INFO - Processing /home/airflow/.local/lib/python3.12/site-packages/airflow/example_dags/example_short_circuit_operator.py took 0.140 seconds
[2025-03-12T15:01:11.938+0000] {processor.py:186} INFO - Started process (PID=120841) to work on /home/airflow/.local/lib/python3.12/site-packages/airflow/example_dags/example_short_circuit_operator.py
[2025-03-12T15:01:11.946+0000] {processor.py:914} INFO - Processing file /home/airflow/.local/lib/python3.12/site-packages/airflow/example_dags/example_short_circuit_operator.py for tasks to queue
[2025-03-12T15:01:11.949+0000] {logging_mixin.py:190} INFO - [2025-03-12T15:01:11.949+0000] {dagbag.py:588} INFO - Filling up the DagBag from /home/airflow/.local/lib/python3.12/site-packages/airflow/example_dags/example_short_circuit_operator.py
[2025-03-12T15:01:11.962+0000] {processor.py:925} INFO - DAG(s) 'example_short_circuit_operator' retrieved from /home/airflow/.local/lib/python3.12/site-packages/airflow/example_dags/example_short_circuit_operator.py
[2025-03-12T15:01:11.996+0000] {logging_mixin.py:190} INFO - [2025-03-12T15:01:11.996+0000] {dag.py:3239} INFO - Sync 1 DAGs
[2025-03-12T15:01:12.022+0000] {logging_mixin.py:190} INFO - [2025-03-12T15:01:12.021+0000] {dag.py:4180} INFO - Setting next_dagrun for example_short_circuit_operator to None, run_after=None
[2025-03-12T15:01:12.055+0000] {processor.py:208} INFO - Processing /home/airflow/.local/lib/python3.12/site-packages/airflow/example_dags/example_short_circuit_operator.py took 0.125 seconds
[2025-03-12T15:01:42.989+0000] {processor.py:186} INFO - Started process (PID=120904) to work on /home/airflow/.local/lib/python3.12/site-packages/airflow/example_dags/example_short_circuit_operator.py
[2025-03-12T15:01:42.990+0000] {processor.py:914} INFO - Processing file /home/airflow/.local/lib/python3.12/site-packages/airflow/example_dags/example_short_circuit_operator.py for tasks to queue
[2025-03-12T15:01:42.992+0000] {logging_mixin.py:190} INFO - [2025-03-12T15:01:42.992+0000] {dagbag.py:588} INFO - Filling up the DagBag from /home/airflow/.local/lib/python3.12/site-packages/airflow/example_dags/example_short_circuit_operator.py
[2025-03-12T15:01:43.005+0000] {processor.py:925} INFO - DAG(s) 'example_short_circuit_operator' retrieved from /home/airflow/.local/lib/python3.12/site-packages/airflow/example_dags/example_short_circuit_operator.py
[2025-03-12T15:01:43.041+0000] {logging_mixin.py:190} INFO - [2025-03-12T15:01:43.040+0000] {dag.py:3239} INFO - Sync 1 DAGs
[2025-03-12T15:01:43.066+0000] {logging_mixin.py:190} INFO - [2025-03-12T15:01:43.065+0000] {dag.py:4180} INFO - Setting next_dagrun for example_short_circuit_operator to None, run_after=None
[2025-03-12T15:01:43.093+0000] {processor.py:208} INFO - Processing /home/airflow/.local/lib/python3.12/site-packages/airflow/example_dags/example_short_circuit_operator.py took 0.113 seconds
[2025-03-12T15:02:13.403+0000] {processor.py:186} INFO - Started process (PID=120967) to work on /home/airflow/.local/lib/python3.12/site-packages/airflow/example_dags/example_short_circuit_operator.py
[2025-03-12T15:02:13.404+0000] {processor.py:914} INFO - Processing file /home/airflow/.local/lib/python3.12/site-packages/airflow/example_dags/example_short_circuit_operator.py for tasks to queue
[2025-03-12T15:02:13.407+0000] {logging_mixin.py:190} INFO - [2025-03-12T15:02:13.406+0000] {dagbag.py:588} INFO - Filling up the DagBag from /home/airflow/.local/lib/python3.12/site-packages/airflow/example_dags/example_short_circuit_operator.py
[2025-03-12T15:02:13.420+0000] {processor.py:925} INFO - DAG(s) 'example_short_circuit_operator' retrieved from /home/airflow/.local/lib/python3.12/site-packages/airflow/example_dags/example_short_circuit_operator.py
[2025-03-12T15:02:13.456+0000] {logging_mixin.py:190} INFO - [2025-03-12T15:02:13.455+0000] {dag.py:3239} INFO - Sync 1 DAGs
[2025-03-12T15:02:13.479+0000] {logging_mixin.py:190} INFO - [2025-03-12T15:02:13.478+0000] {dag.py:4180} INFO - Setting next_dagrun for example_short_circuit_operator to None, run_after=None
[2025-03-12T15:02:13.505+0000] {processor.py:208} INFO - Processing /home/airflow/.local/lib/python3.12/site-packages/airflow/example_dags/example_short_circuit_operator.py took 0.111 seconds
