[2025-03-12T15:00:11.069+0000] {processor.py:186} INFO - Started process (PID=120717) to work on /home/airflow/.local/lib/python3.12/site-packages/airflow/example_dags/example_xcom.py
[2025-03-12T15:00:11.070+0000] {processor.py:914} INFO - Processing file /home/airflow/.local/lib/python3.12/site-packages/airflow/example_dags/example_xcom.py for tasks to queue
[2025-03-12T15:00:11.072+0000] {logging_mixin.py:190} INFO - [2025-03-12T15:00:11.072+0000] {dagbag.py:588} INFO - Filling up the DagBag from /home/airflow/.local/lib/python3.12/site-packages/airflow/example_dags/example_xcom.py
[2025-03-12T15:00:11.086+0000] {processor.py:925} INFO - DAG(s) 'example_xcom' retrieved from /home/airflow/.local/lib/python3.12/site-packages/airflow/example_dags/example_xcom.py
[2025-03-12T15:00:11.117+0000] {logging_mixin.py:190} INFO - [2025-03-12T15:00:11.116+0000] {dag.py:3239} INFO - Sync 1 DAGs
[2025-03-12T15:00:11.154+0000] {logging_mixin.py:190} INFO - [2025-03-12T15:00:11.153+0000] {dag.py:4180} INFO - Setting next_dagrun for example_xcom to 2021-01-01 00:00:00+00:00, run_after=2021-01-01 00:00:00+00:00
[2025-03-12T15:00:11.189+0000] {processor.py:208} INFO - Processing /home/airflow/.local/lib/python3.12/site-packages/airflow/example_dags/example_xcom.py took 0.128 seconds
[2025-03-12T15:00:41.337+0000] {processor.py:186} INFO - Started process (PID=120780) to work on /home/airflow/.local/lib/python3.12/site-packages/airflow/example_dags/example_xcom.py
[2025-03-12T15:00:41.338+0000] {processor.py:914} INFO - Processing file /home/airflow/.local/lib/python3.12/site-packages/airflow/example_dags/example_xcom.py for tasks to queue
[2025-03-12T15:00:41.341+0000] {logging_mixin.py:190} INFO - [2025-03-12T15:00:41.340+0000] {dagbag.py:588} INFO - Filling up the DagBag from /home/airflow/.local/lib/python3.12/site-packages/airflow/example_dags/example_xcom.py
[2025-03-12T15:00:41.354+0000] {processor.py:925} INFO - DAG(s) 'example_xcom' retrieved from /home/airflow/.local/lib/python3.12/site-packages/airflow/example_dags/example_xcom.py
[2025-03-12T15:00:41.386+0000] {logging_mixin.py:190} INFO - [2025-03-12T15:00:41.386+0000] {dag.py:3239} INFO - Sync 1 DAGs
[2025-03-12T15:00:41.426+0000] {logging_mixin.py:190} INFO - [2025-03-12T15:00:41.426+0000] {dag.py:4180} INFO - Setting next_dagrun for example_xcom to 2021-01-01 00:00:00+00:00, run_after=2021-01-01 00:00:00+00:00
[2025-03-12T15:00:41.463+0000] {processor.py:208} INFO - Processing /home/airflow/.local/lib/python3.12/site-packages/airflow/example_dags/example_xcom.py took 0.134 seconds
[2025-03-12T15:01:12.087+0000] {processor.py:186} INFO - Started process (PID=120843) to work on /home/airflow/.local/lib/python3.12/site-packages/airflow/example_dags/example_xcom.py
[2025-03-12T15:01:12.088+0000] {processor.py:914} INFO - Processing file /home/airflow/.local/lib/python3.12/site-packages/airflow/example_dags/example_xcom.py for tasks to queue
[2025-03-12T15:01:12.091+0000] {logging_mixin.py:190} INFO - [2025-03-12T15:01:12.090+0000] {dagbag.py:588} INFO - Filling up the DagBag from /home/airflow/.local/lib/python3.12/site-packages/airflow/example_dags/example_xcom.py
[2025-03-12T15:01:12.105+0000] {processor.py:925} INFO - DAG(s) 'example_xcom' retrieved from /home/airflow/.local/lib/python3.12/site-packages/airflow/example_dags/example_xcom.py
[2025-03-12T15:01:12.139+0000] {logging_mixin.py:190} INFO - [2025-03-12T15:01:12.138+0000] {dag.py:3239} INFO - Sync 1 DAGs
[2025-03-12T15:01:12.176+0000] {logging_mixin.py:190} INFO - [2025-03-12T15:01:12.176+0000] {dag.py:4180} INFO - Setting next_dagrun for example_xcom to 2021-01-01 00:00:00+00:00, run_after=2021-01-01 00:00:00+00:00
[2025-03-12T15:01:12.207+0000] {processor.py:208} INFO - Processing /home/airflow/.local/lib/python3.12/site-packages/airflow/example_dags/example_xcom.py took 0.130 seconds
[2025-03-12T15:01:43.129+0000] {processor.py:186} INFO - Started process (PID=120906) to work on /home/airflow/.local/lib/python3.12/site-packages/airflow/example_dags/example_xcom.py
[2025-03-12T15:01:43.130+0000] {processor.py:914} INFO - Processing file /home/airflow/.local/lib/python3.12/site-packages/airflow/example_dags/example_xcom.py for tasks to queue
[2025-03-12T15:01:43.132+0000] {logging_mixin.py:190} INFO - [2025-03-12T15:01:43.132+0000] {dagbag.py:588} INFO - Filling up the DagBag from /home/airflow/.local/lib/python3.12/site-packages/airflow/example_dags/example_xcom.py
[2025-03-12T15:01:43.147+0000] {processor.py:925} INFO - DAG(s) 'example_xcom' retrieved from /home/airflow/.local/lib/python3.12/site-packages/airflow/example_dags/example_xcom.py
[2025-03-12T15:01:43.177+0000] {logging_mixin.py:190} INFO - [2025-03-12T15:01:43.176+0000] {dag.py:3239} INFO - Sync 1 DAGs
[2025-03-12T15:01:43.213+0000] {logging_mixin.py:190} INFO - [2025-03-12T15:01:43.213+0000] {dag.py:4180} INFO - Setting next_dagrun for example_xcom to 2021-01-01 00:00:00+00:00, run_after=2021-01-01 00:00:00+00:00
[2025-03-12T15:01:43.241+0000] {processor.py:208} INFO - Processing /home/airflow/.local/lib/python3.12/site-packages/airflow/example_dags/example_xcom.py took 0.121 seconds
[2025-03-12T15:02:13.538+0000] {processor.py:186} INFO - Started process (PID=120969) to work on /home/airflow/.local/lib/python3.12/site-packages/airflow/example_dags/example_xcom.py
[2025-03-12T15:02:13.539+0000] {processor.py:914} INFO - Processing file /home/airflow/.local/lib/python3.12/site-packages/airflow/example_dags/example_xcom.py for tasks to queue
[2025-03-12T15:02:13.542+0000] {logging_mixin.py:190} INFO - [2025-03-12T15:02:13.541+0000] {dagbag.py:588} INFO - Filling up the DagBag from /home/airflow/.local/lib/python3.12/site-packages/airflow/example_dags/example_xcom.py
[2025-03-12T15:02:13.555+0000] {processor.py:925} INFO - DAG(s) 'example_xcom' retrieved from /home/airflow/.local/lib/python3.12/site-packages/airflow/example_dags/example_xcom.py
[2025-03-12T15:02:13.586+0000] {logging_mixin.py:190} INFO - [2025-03-12T15:02:13.585+0000] {dag.py:3239} INFO - Sync 1 DAGs
[2025-03-12T15:02:13.622+0000] {logging_mixin.py:190} INFO - [2025-03-12T15:02:13.622+0000] {dag.py:4180} INFO - Setting next_dagrun for example_xcom to 2021-01-01 00:00:00+00:00, run_after=2021-01-01 00:00:00+00:00
[2025-03-12T15:02:13.649+0000] {processor.py:208} INFO - Processing /home/airflow/.local/lib/python3.12/site-packages/airflow/example_dags/example_xcom.py took 0.119 seconds
