[2025-03-12T15:00:14.743+0000] {processor.py:186} INFO - Started process (PID=120727) to work on /home/airflow/.local/lib/python3.12/site-packages/airflow/example_dags/example_branch_operator_decorator.py
[2025-03-12T15:00:14.744+0000] {processor.py:914} INFO - Processing file /home/airflow/.local/lib/python3.12/site-packages/airflow/example_dags/example_branch_operator_decorator.py for tasks to queue
[2025-03-12T15:00:14.747+0000] {logging_mixin.py:190} INFO - [2025-03-12T15:00:14.746+0000] {dagbag.py:588} INFO - Filling up the DagBag from /home/airflow/.local/lib/python3.12/site-packages/airflow/example_dags/example_branch_operator_decorator.py
[2025-03-12T15:00:14.783+0000] {processor.py:925} INFO - DAG(s) 'example_branch_python_operator_decorator' retrieved from /home/airflow/.local/lib/python3.12/site-packages/airflow/example_dags/example_branch_operator_decorator.py
[2025-03-12T15:00:14.831+0000] {logging_mixin.py:190} INFO - [2025-03-12T15:00:14.831+0000] {dag.py:3239} INFO - Sync 1 DAGs
[2025-03-12T15:00:14.874+0000] {logging_mixin.py:190} INFO - [2025-03-12T15:00:14.874+0000] {dag.py:4180} INFO - Setting next_dagrun for example_branch_python_operator_decorator to 2025-03-11 00:00:00+00:00, run_after=2025-03-12 00:00:00+00:00
[2025-03-12T15:00:14.902+0000] {processor.py:208} INFO - Processing /home/airflow/.local/lib/python3.12/site-packages/airflow/example_dags/example_branch_operator_decorator.py took 0.168 seconds
[2025-03-12T15:00:46.090+0000] {processor.py:186} INFO - Started process (PID=120789) to work on /home/airflow/.local/lib/python3.12/site-packages/airflow/example_dags/example_branch_operator_decorator.py
[2025-03-12T15:00:46.091+0000] {processor.py:914} INFO - Processing file /home/airflow/.local/lib/python3.12/site-packages/airflow/example_dags/example_branch_operator_decorator.py for tasks to queue
[2025-03-12T15:00:46.093+0000] {logging_mixin.py:190} INFO - [2025-03-12T15:00:46.093+0000] {dagbag.py:588} INFO - Filling up the DagBag from /home/airflow/.local/lib/python3.12/site-packages/airflow/example_dags/example_branch_operator_decorator.py
[2025-03-12T15:00:46.130+0000] {processor.py:925} INFO - DAG(s) 'example_branch_python_operator_decorator' retrieved from /home/airflow/.local/lib/python3.12/site-packages/airflow/example_dags/example_branch_operator_decorator.py
[2025-03-12T15:00:46.180+0000] {logging_mixin.py:190} INFO - [2025-03-12T15:00:46.180+0000] {dag.py:3239} INFO - Sync 1 DAGs
[2025-03-12T15:00:46.222+0000] {logging_mixin.py:190} INFO - [2025-03-12T15:00:46.222+0000] {dag.py:4180} INFO - Setting next_dagrun for example_branch_python_operator_decorator to 2025-03-11 00:00:00+00:00, run_after=2025-03-12 00:00:00+00:00
[2025-03-12T15:00:46.252+0000] {processor.py:208} INFO - Processing /home/airflow/.local/lib/python3.12/site-packages/airflow/example_dags/example_branch_operator_decorator.py took 0.171 seconds
[2025-03-12T15:01:16.477+0000] {processor.py:186} INFO - Started process (PID=120850) to work on /home/airflow/.local/lib/python3.12/site-packages/airflow/example_dags/example_branch_operator_decorator.py
[2025-03-12T15:01:16.485+0000] {processor.py:914} INFO - Processing file /home/airflow/.local/lib/python3.12/site-packages/airflow/example_dags/example_branch_operator_decorator.py for tasks to queue
[2025-03-12T15:01:16.488+0000] {logging_mixin.py:190} INFO - [2025-03-12T15:01:16.488+0000] {dagbag.py:588} INFO - Filling up the DagBag from /home/airflow/.local/lib/python3.12/site-packages/airflow/example_dags/example_branch_operator_decorator.py
[2025-03-12T15:01:16.526+0000] {processor.py:925} INFO - DAG(s) 'example_branch_python_operator_decorator' retrieved from /home/airflow/.local/lib/python3.12/site-packages/airflow/example_dags/example_branch_operator_decorator.py
[2025-03-12T15:01:16.574+0000] {logging_mixin.py:190} INFO - [2025-03-12T15:01:16.573+0000] {dag.py:3239} INFO - Sync 1 DAGs
[2025-03-12T15:01:16.617+0000] {logging_mixin.py:190} INFO - [2025-03-12T15:01:16.616+0000] {dag.py:4180} INFO - Setting next_dagrun for example_branch_python_operator_decorator to 2025-03-11 00:00:00+00:00, run_after=2025-03-12 00:00:00+00:00
[2025-03-12T15:01:16.655+0000] {processor.py:208} INFO - Processing /home/airflow/.local/lib/python3.12/site-packages/airflow/example_dags/example_branch_operator_decorator.py took 0.187 seconds
[2025-03-12T15:01:46.693+0000] {processor.py:186} INFO - Started process (PID=120912) to work on /home/airflow/.local/lib/python3.12/site-packages/airflow/example_dags/example_branch_operator_decorator.py
[2025-03-12T15:01:46.694+0000] {processor.py:914} INFO - Processing file /home/airflow/.local/lib/python3.12/site-packages/airflow/example_dags/example_branch_operator_decorator.py for tasks to queue
[2025-03-12T15:01:46.697+0000] {logging_mixin.py:190} INFO - [2025-03-12T15:01:46.697+0000] {dagbag.py:588} INFO - Filling up the DagBag from /home/airflow/.local/lib/python3.12/site-packages/airflow/example_dags/example_branch_operator_decorator.py
[2025-03-12T15:01:46.732+0000] {processor.py:925} INFO - DAG(s) 'example_branch_python_operator_decorator' retrieved from /home/airflow/.local/lib/python3.12/site-packages/airflow/example_dags/example_branch_operator_decorator.py
[2025-03-12T15:01:46.778+0000] {logging_mixin.py:190} INFO - [2025-03-12T15:01:46.778+0000] {dag.py:3239} INFO - Sync 1 DAGs
[2025-03-12T15:01:46.817+0000] {logging_mixin.py:190} INFO - [2025-03-12T15:01:46.817+0000] {dag.py:4180} INFO - Setting next_dagrun for example_branch_python_operator_decorator to 2025-03-11 00:00:00+00:00, run_after=2025-03-12 00:00:00+00:00
[2025-03-12T15:01:46.854+0000] {processor.py:208} INFO - Processing /home/airflow/.local/lib/python3.12/site-packages/airflow/example_dags/example_branch_operator_decorator.py took 0.168 seconds
[2025-03-12T15:02:16.996+0000] {processor.py:186} INFO - Started process (PID=120974) to work on /home/airflow/.local/lib/python3.12/site-packages/airflow/example_dags/example_branch_operator_decorator.py
[2025-03-12T15:02:16.997+0000] {processor.py:914} INFO - Processing file /home/airflow/.local/lib/python3.12/site-packages/airflow/example_dags/example_branch_operator_decorator.py for tasks to queue
[2025-03-12T15:02:17.000+0000] {logging_mixin.py:190} INFO - [2025-03-12T15:02:16.999+0000] {dagbag.py:588} INFO - Filling up the DagBag from /home/airflow/.local/lib/python3.12/site-packages/airflow/example_dags/example_branch_operator_decorator.py
[2025-03-12T15:02:17.035+0000] {processor.py:925} INFO - DAG(s) 'example_branch_python_operator_decorator' retrieved from /home/airflow/.local/lib/python3.12/site-packages/airflow/example_dags/example_branch_operator_decorator.py
[2025-03-12T15:02:17.082+0000] {logging_mixin.py:190} INFO - [2025-03-12T15:02:17.081+0000] {dag.py:3239} INFO - Sync 1 DAGs
[2025-03-12T15:02:17.122+0000] {logging_mixin.py:190} INFO - [2025-03-12T15:02:17.122+0000] {dag.py:4180} INFO - Setting next_dagrun for example_branch_python_operator_decorator to 2025-03-11 00:00:00+00:00, run_after=2025-03-12 00:00:00+00:00
[2025-03-12T15:02:17.157+0000] {processor.py:208} INFO - Processing /home/airflow/.local/lib/python3.12/site-packages/airflow/example_dags/example_branch_operator_decorator.py took 0.169 seconds
