[2025-03-12T15:00:15.935+0000] {processor.py:186} INFO - Started process (PID=120740) to work on /home/airflow/.local/lib/python3.12/site-packages/airflow/example_dags/example_params_ui_tutorial.py
[2025-03-12T15:00:15.936+0000] {processor.py:914} INFO - Processing file /home/airflow/.local/lib/python3.12/site-packages/airflow/example_dags/example_params_ui_tutorial.py for tasks to queue
[2025-03-12T15:00:15.939+0000] {logging_mixin.py:190} INFO - [2025-03-12T15:00:15.938+0000] {dagbag.py:588} INFO - Filling up the DagBag from /home/airflow/.local/lib/python3.12/site-packages/airflow/example_dags/example_params_ui_tutorial.py
[2025-03-12T15:00:15.952+0000] {processor.py:925} INFO - DAG(s) 'example_params_ui_tutorial' retrieved from /home/airflow/.local/lib/python3.12/site-packages/airflow/example_dags/example_params_ui_tutorial.py
[2025-03-12T15:00:16.025+0000] {logging_mixin.py:190} INFO - [2025-03-12T15:00:16.025+0000] {dag.py:3239} INFO - Sync 1 DAGs
[2025-03-12T15:00:16.049+0000] {logging_mixin.py:190} INFO - [2025-03-12T15:00:16.048+0000] {dag.py:4180} INFO - Setting next_dagrun for example_params_ui_tutorial to None, run_after=None
[2025-03-12T15:00:16.080+0000] {processor.py:208} INFO - Processing /home/airflow/.local/lib/python3.12/site-packages/airflow/example_dags/example_params_ui_tutorial.py took 0.153 seconds
[2025-03-12T15:00:47.557+0000] {processor.py:186} INFO - Started process (PID=120803) to work on /home/airflow/.local/lib/python3.12/site-packages/airflow/example_dags/example_params_ui_tutorial.py
[2025-03-12T15:00:47.558+0000] {processor.py:914} INFO - Processing file /home/airflow/.local/lib/python3.12/site-packages/airflow/example_dags/example_params_ui_tutorial.py for tasks to queue
[2025-03-12T15:00:47.560+0000] {logging_mixin.py:190} INFO - [2025-03-12T15:00:47.560+0000] {dagbag.py:588} INFO - Filling up the DagBag from /home/airflow/.local/lib/python3.12/site-packages/airflow/example_dags/example_params_ui_tutorial.py
[2025-03-12T15:00:47.574+0000] {processor.py:925} INFO - DAG(s) 'example_params_ui_tutorial' retrieved from /home/airflow/.local/lib/python3.12/site-packages/airflow/example_dags/example_params_ui_tutorial.py
[2025-03-12T15:00:47.666+0000] {logging_mixin.py:190} INFO - [2025-03-12T15:00:47.666+0000] {dag.py:3239} INFO - Sync 1 DAGs
[2025-03-12T15:00:47.692+0000] {logging_mixin.py:190} INFO - [2025-03-12T15:00:47.692+0000] {dag.py:4180} INFO - Setting next_dagrun for example_params_ui_tutorial to None, run_after=None
[2025-03-12T15:00:47.721+0000] {processor.py:208} INFO - Processing /home/airflow/.local/lib/python3.12/site-packages/airflow/example_dags/example_params_ui_tutorial.py took 0.173 seconds
[2025-03-12T15:01:18.378+0000] {processor.py:186} INFO - Started process (PID=120859) to work on /home/airflow/.local/lib/python3.12/site-packages/airflow/example_dags/example_params_ui_tutorial.py
[2025-03-12T15:01:18.379+0000] {processor.py:914} INFO - Processing file /home/airflow/.local/lib/python3.12/site-packages/airflow/example_dags/example_params_ui_tutorial.py for tasks to queue
[2025-03-12T15:01:18.382+0000] {logging_mixin.py:190} INFO - [2025-03-12T15:01:18.382+0000] {dagbag.py:588} INFO - Filling up the DagBag from /home/airflow/.local/lib/python3.12/site-packages/airflow/example_dags/example_params_ui_tutorial.py
[2025-03-12T15:01:18.396+0000] {processor.py:925} INFO - DAG(s) 'example_params_ui_tutorial' retrieved from /home/airflow/.local/lib/python3.12/site-packages/airflow/example_dags/example_params_ui_tutorial.py
[2025-03-12T15:01:18.479+0000] {logging_mixin.py:190} INFO - [2025-03-12T15:01:18.479+0000] {dag.py:3239} INFO - Sync 1 DAGs
[2025-03-12T15:01:18.504+0000] {logging_mixin.py:190} INFO - [2025-03-12T15:01:18.503+0000] {dag.py:4180} INFO - Setting next_dagrun for example_params_ui_tutorial to None, run_after=None
[2025-03-12T15:01:18.530+0000] {processor.py:208} INFO - Processing /home/airflow/.local/lib/python3.12/site-packages/airflow/example_dags/example_params_ui_tutorial.py took 0.160 seconds
[2025-03-12T15:01:49.327+0000] {processor.py:186} INFO - Started process (PID=120921) to work on /home/airflow/.local/lib/python3.12/site-packages/airflow/example_dags/example_params_ui_tutorial.py
[2025-03-12T15:01:49.328+0000] {processor.py:914} INFO - Processing file /home/airflow/.local/lib/python3.12/site-packages/airflow/example_dags/example_params_ui_tutorial.py for tasks to queue
[2025-03-12T15:01:49.331+0000] {logging_mixin.py:190} INFO - [2025-03-12T15:01:49.331+0000] {dagbag.py:588} INFO - Filling up the DagBag from /home/airflow/.local/lib/python3.12/site-packages/airflow/example_dags/example_params_ui_tutorial.py
[2025-03-12T15:01:49.344+0000] {processor.py:925} INFO - DAG(s) 'example_params_ui_tutorial' retrieved from /home/airflow/.local/lib/python3.12/site-packages/airflow/example_dags/example_params_ui_tutorial.py
[2025-03-12T15:01:49.419+0000] {logging_mixin.py:190} INFO - [2025-03-12T15:01:49.419+0000] {dag.py:3239} INFO - Sync 1 DAGs
[2025-03-12T15:01:49.443+0000] {logging_mixin.py:190} INFO - [2025-03-12T15:01:49.443+0000] {dag.py:4180} INFO - Setting next_dagrun for example_params_ui_tutorial to None, run_after=None
[2025-03-12T15:01:49.473+0000] {processor.py:208} INFO - Processing /home/airflow/.local/lib/python3.12/site-packages/airflow/example_dags/example_params_ui_tutorial.py took 0.154 seconds
[2025-03-12T15:02:19.852+0000] {processor.py:186} INFO - Started process (PID=120984) to work on /home/airflow/.local/lib/python3.12/site-packages/airflow/example_dags/example_params_ui_tutorial.py
[2025-03-12T15:02:19.853+0000] {processor.py:914} INFO - Processing file /home/airflow/.local/lib/python3.12/site-packages/airflow/example_dags/example_params_ui_tutorial.py for tasks to queue
[2025-03-12T15:02:19.855+0000] {logging_mixin.py:190} INFO - [2025-03-12T15:02:19.855+0000] {dagbag.py:588} INFO - Filling up the DagBag from /home/airflow/.local/lib/python3.12/site-packages/airflow/example_dags/example_params_ui_tutorial.py
[2025-03-12T15:02:19.868+0000] {processor.py:925} INFO - DAG(s) 'example_params_ui_tutorial' retrieved from /home/airflow/.local/lib/python3.12/site-packages/airflow/example_dags/example_params_ui_tutorial.py
[2025-03-12T15:02:19.942+0000] {logging_mixin.py:190} INFO - [2025-03-12T15:02:19.942+0000] {dag.py:3239} INFO - Sync 1 DAGs
[2025-03-12T15:02:19.965+0000] {logging_mixin.py:190} INFO - [2025-03-12T15:02:19.965+0000] {dag.py:4180} INFO - Setting next_dagrun for example_params_ui_tutorial to None, run_after=None
[2025-03-12T15:02:20.001+0000] {processor.py:208} INFO - Processing /home/airflow/.local/lib/python3.12/site-packages/airflow/example_dags/example_params_ui_tutorial.py took 0.157 seconds
