[2025-03-12T15:00:15.791+0000] {processor.py:186} INFO - Started process (PID=120739) to work on /home/airflow/.local/lib/python3.12/site-packages/airflow/example_dags/example_sla_dag.py
[2025-03-12T15:00:15.792+0000] {processor.py:914} INFO - Processing file /home/airflow/.local/lib/python3.12/site-packages/airflow/example_dags/example_sla_dag.py for tasks to queue
[2025-03-12T15:00:15.795+0000] {logging_mixin.py:190} INFO - [2025-03-12T15:00:15.794+0000] {dagbag.py:588} INFO - Filling up the DagBag from /home/airflow/.local/lib/python3.12/site-packages/airflow/example_dags/example_sla_dag.py
[2025-03-12T15:00:15.810+0000] {processor.py:925} INFO - DAG(s) 'example_sla_dag' retrieved from /home/airflow/.local/lib/python3.12/site-packages/airflow/example_dags/example_sla_dag.py
[2025-03-12T15:00:15.837+0000] {logging_mixin.py:190} INFO - [2025-03-12T15:00:15.836+0000] {dag.py:3239} INFO - Sync 1 DAGs
[2025-03-12T15:00:15.883+0000] {logging_mixin.py:190} INFO - [2025-03-12T15:00:15.883+0000] {dag.py:4180} INFO - Setting next_dagrun for example_sla_dag to 2025-03-12 14:58:00+00:00, run_after=2025-03-12 15:00:00+00:00
[2025-03-12T15:00:15.912+0000] {processor.py:208} INFO - Processing /home/airflow/.local/lib/python3.12/site-packages/airflow/example_dags/example_sla_dag.py took 0.131 seconds
[2025-03-12T15:00:47.423+0000] {processor.py:186} INFO - Started process (PID=120802) to work on /home/airflow/.local/lib/python3.12/site-packages/airflow/example_dags/example_sla_dag.py
[2025-03-12T15:00:47.424+0000] {processor.py:914} INFO - Processing file /home/airflow/.local/lib/python3.12/site-packages/airflow/example_dags/example_sla_dag.py for tasks to queue
[2025-03-12T15:00:47.427+0000] {logging_mixin.py:190} INFO - [2025-03-12T15:00:47.427+0000] {dagbag.py:588} INFO - Filling up the DagBag from /home/airflow/.local/lib/python3.12/site-packages/airflow/example_dags/example_sla_dag.py
[2025-03-12T15:00:47.442+0000] {processor.py:925} INFO - DAG(s) 'example_sla_dag' retrieved from /home/airflow/.local/lib/python3.12/site-packages/airflow/example_dags/example_sla_dag.py
[2025-03-12T15:00:47.469+0000] {logging_mixin.py:190} INFO - [2025-03-12T15:00:47.469+0000] {dag.py:3239} INFO - Sync 1 DAGs
[2025-03-12T15:00:47.513+0000] {logging_mixin.py:190} INFO - [2025-03-12T15:00:47.513+0000] {dag.py:4180} INFO - Setting next_dagrun for example_sla_dag to 2025-03-12 14:58:00+00:00, run_after=2025-03-12 15:00:00+00:00
[2025-03-12T15:00:47.540+0000] {processor.py:208} INFO - Processing /home/airflow/.local/lib/python3.12/site-packages/airflow/example_dags/example_sla_dag.py took 0.125 seconds
[2025-03-12T15:01:18.280+0000] {processor.py:186} INFO - Started process (PID=120858) to work on /home/airflow/.local/lib/python3.12/site-packages/airflow/example_dags/example_sla_dag.py
[2025-03-12T15:01:18.281+0000] {processor.py:914} INFO - Processing file /home/airflow/.local/lib/python3.12/site-packages/airflow/example_dags/example_sla_dag.py for tasks to queue
[2025-03-12T15:01:18.284+0000] {logging_mixin.py:190} INFO - [2025-03-12T15:01:18.283+0000] {dagbag.py:588} INFO - Filling up the DagBag from /home/airflow/.local/lib/python3.12/site-packages/airflow/example_dags/example_sla_dag.py
[2025-03-12T15:01:18.300+0000] {processor.py:925} INFO - DAG(s) 'example_sla_dag' retrieved from /home/airflow/.local/lib/python3.12/site-packages/airflow/example_dags/example_sla_dag.py
[2025-03-12T15:01:18.329+0000] {logging_mixin.py:190} INFO - [2025-03-12T15:01:18.328+0000] {dag.py:3239} INFO - Sync 1 DAGs
[2025-03-12T15:01:18.374+0000] {logging_mixin.py:190} INFO - [2025-03-12T15:01:18.374+0000] {dag.py:4180} INFO - Setting next_dagrun for example_sla_dag to 2025-03-12 14:58:00+00:00, run_after=2025-03-12 15:00:00+00:00
[2025-03-12T15:01:18.401+0000] {processor.py:208} INFO - Processing /home/airflow/.local/lib/python3.12/site-packages/airflow/example_dags/example_sla_dag.py took 0.130 seconds
[2025-03-12T15:01:49.290+0000] {processor.py:186} INFO - Started process (PID=120920) to work on /home/airflow/.local/lib/python3.12/site-packages/airflow/example_dags/example_sla_dag.py
[2025-03-12T15:01:49.291+0000] {processor.py:914} INFO - Processing file /home/airflow/.local/lib/python3.12/site-packages/airflow/example_dags/example_sla_dag.py for tasks to queue
[2025-03-12T15:01:49.294+0000] {logging_mixin.py:190} INFO - [2025-03-12T15:01:49.293+0000] {dagbag.py:588} INFO - Filling up the DagBag from /home/airflow/.local/lib/python3.12/site-packages/airflow/example_dags/example_sla_dag.py
[2025-03-12T15:01:49.309+0000] {processor.py:925} INFO - DAG(s) 'example_sla_dag' retrieved from /home/airflow/.local/lib/python3.12/site-packages/airflow/example_dags/example_sla_dag.py
[2025-03-12T15:01:49.336+0000] {logging_mixin.py:190} INFO - [2025-03-12T15:01:49.335+0000] {dag.py:3239} INFO - Sync 1 DAGs
[2025-03-12T15:01:49.378+0000] {logging_mixin.py:190} INFO - [2025-03-12T15:01:49.377+0000] {dag.py:4180} INFO - Setting next_dagrun for example_sla_dag to 2025-03-12 14:58:00+00:00, run_after=2025-03-12 15:00:00+00:00
[2025-03-12T15:01:49.406+0000] {processor.py:208} INFO - Processing /home/airflow/.local/lib/python3.12/site-packages/airflow/example_dags/example_sla_dag.py took 0.124 seconds
[2025-03-12T15:02:19.692+0000] {processor.py:186} INFO - Started process (PID=120983) to work on /home/airflow/.local/lib/python3.12/site-packages/airflow/example_dags/example_sla_dag.py
[2025-03-12T15:02:19.693+0000] {processor.py:914} INFO - Processing file /home/airflow/.local/lib/python3.12/site-packages/airflow/example_dags/example_sla_dag.py for tasks to queue
[2025-03-12T15:02:19.695+0000] {logging_mixin.py:190} INFO - [2025-03-12T15:02:19.695+0000] {dagbag.py:588} INFO - Filling up the DagBag from /home/airflow/.local/lib/python3.12/site-packages/airflow/example_dags/example_sla_dag.py
[2025-03-12T15:02:19.710+0000] {processor.py:925} INFO - DAG(s) 'example_sla_dag' retrieved from /home/airflow/.local/lib/python3.12/site-packages/airflow/example_dags/example_sla_dag.py
[2025-03-12T15:02:19.737+0000] {logging_mixin.py:190} INFO - [2025-03-12T15:02:19.736+0000] {dag.py:3239} INFO - Sync 1 DAGs
[2025-03-12T15:02:19.779+0000] {logging_mixin.py:190} INFO - [2025-03-12T15:02:19.778+0000] {dag.py:4180} INFO - Setting next_dagrun for example_sla_dag to 2025-03-12 15:00:00+00:00, run_after=2025-03-12 15:02:00+00:00
[2025-03-12T15:02:19.813+0000] {processor.py:208} INFO - Processing /home/airflow/.local/lib/python3.12/site-packages/airflow/example_dags/example_sla_dag.py took 0.129 seconds
