[2025-03-12T15:00:17.354+0000] {processor.py:186} INFO - Started process (PID=120755) to work on /home/airflow/.local/lib/python3.12/site-packages/airflow/example_dags/example_latest_only.py
[2025-03-12T15:00:17.355+0000] {processor.py:914} INFO - Processing file /home/airflow/.local/lib/python3.12/site-packages/airflow/example_dags/example_latest_only.py for tasks to queue
[2025-03-12T15:00:17.357+0000] {logging_mixin.py:190} INFO - [2025-03-12T15:00:17.357+0000] {dagbag.py:588} INFO - Filling up the DagBag from /home/airflow/.local/lib/python3.12/site-packages/airflow/example_dags/example_latest_only.py
[2025-03-12T15:00:17.368+0000] {processor.py:925} INFO - DAG(s) 'latest_only' retrieved from /home/airflow/.local/lib/python3.12/site-packages/airflow/example_dags/example_latest_only.py
[2025-03-12T15:00:17.394+0000] {logging_mixin.py:190} INFO - [2025-03-12T15:00:17.394+0000] {dag.py:3239} INFO - Sync 1 DAGs
[2025-03-12T15:00:17.432+0000] {logging_mixin.py:190} INFO - [2025-03-12T15:00:17.432+0000] {dag.py:4180} INFO - Setting next_dagrun for latest_only to 2025-03-12 08:00:00+00:00, run_after=2025-03-12 12:00:00+00:00
[2025-03-12T15:00:17.466+0000] {processor.py:208} INFO - Processing /home/airflow/.local/lib/python3.12/site-packages/airflow/example_dags/example_latest_only.py took 0.121 seconds
[2025-03-12T15:00:49.182+0000] {processor.py:186} INFO - Started process (PID=120819) to work on /home/airflow/.local/lib/python3.12/site-packages/airflow/example_dags/example_latest_only.py
[2025-03-12T15:00:49.183+0000] {processor.py:914} INFO - Processing file /home/airflow/.local/lib/python3.12/site-packages/airflow/example_dags/example_latest_only.py for tasks to queue
[2025-03-12T15:00:49.188+0000] {logging_mixin.py:190} INFO - [2025-03-12T15:00:49.187+0000] {dagbag.py:588} INFO - Filling up the DagBag from /home/airflow/.local/lib/python3.12/site-packages/airflow/example_dags/example_latest_only.py
[2025-03-12T15:00:49.199+0000] {processor.py:925} INFO - DAG(s) 'latest_only' retrieved from /home/airflow/.local/lib/python3.12/site-packages/airflow/example_dags/example_latest_only.py
[2025-03-12T15:00:49.237+0000] {logging_mixin.py:190} INFO - [2025-03-12T15:00:49.236+0000] {dag.py:3239} INFO - Sync 1 DAGs
[2025-03-12T15:00:49.286+0000] {logging_mixin.py:190} INFO - [2025-03-12T15:00:49.286+0000] {dag.py:4180} INFO - Setting next_dagrun for latest_only to 2025-03-12 08:00:00+00:00, run_after=2025-03-12 12:00:00+00:00
[2025-03-12T15:00:49.332+0000] {processor.py:208} INFO - Processing /home/airflow/.local/lib/python3.12/site-packages/airflow/example_dags/example_latest_only.py took 0.160 seconds
[2025-03-12T15:01:20.596+0000] {processor.py:186} INFO - Started process (PID=120882) to work on /home/airflow/.local/lib/python3.12/site-packages/airflow/example_dags/example_latest_only.py
[2025-03-12T15:01:20.597+0000] {processor.py:914} INFO - Processing file /home/airflow/.local/lib/python3.12/site-packages/airflow/example_dags/example_latest_only.py for tasks to queue
[2025-03-12T15:01:20.601+0000] {logging_mixin.py:190} INFO - [2025-03-12T15:01:20.600+0000] {dagbag.py:588} INFO - Filling up the DagBag from /home/airflow/.local/lib/python3.12/site-packages/airflow/example_dags/example_latest_only.py
[2025-03-12T15:01:20.611+0000] {processor.py:925} INFO - DAG(s) 'latest_only' retrieved from /home/airflow/.local/lib/python3.12/site-packages/airflow/example_dags/example_latest_only.py
[2025-03-12T15:01:20.647+0000] {logging_mixin.py:190} INFO - [2025-03-12T15:01:20.646+0000] {dag.py:3239} INFO - Sync 1 DAGs
[2025-03-12T15:01:20.704+0000] {logging_mixin.py:190} INFO - [2025-03-12T15:01:20.703+0000] {dag.py:4180} INFO - Setting next_dagrun for latest_only to 2025-03-12 08:00:00+00:00, run_after=2025-03-12 12:00:00+00:00
[2025-03-12T15:01:20.744+0000] {processor.py:208} INFO - Processing /home/airflow/.local/lib/python3.12/site-packages/airflow/example_dags/example_latest_only.py took 0.156 seconds
[2025-03-12T15:01:52.171+0000] {processor.py:186} INFO - Started process (PID=120945) to work on /home/airflow/.local/lib/python3.12/site-packages/airflow/example_dags/example_latest_only.py
[2025-03-12T15:01:52.172+0000] {processor.py:914} INFO - Processing file /home/airflow/.local/lib/python3.12/site-packages/airflow/example_dags/example_latest_only.py for tasks to queue
[2025-03-12T15:01:52.175+0000] {logging_mixin.py:190} INFO - [2025-03-12T15:01:52.174+0000] {dagbag.py:588} INFO - Filling up the DagBag from /home/airflow/.local/lib/python3.12/site-packages/airflow/example_dags/example_latest_only.py
[2025-03-12T15:01:52.184+0000] {processor.py:925} INFO - DAG(s) 'latest_only' retrieved from /home/airflow/.local/lib/python3.12/site-packages/airflow/example_dags/example_latest_only.py
[2025-03-12T15:01:52.211+0000] {logging_mixin.py:190} INFO - [2025-03-12T15:01:52.211+0000] {dag.py:3239} INFO - Sync 1 DAGs
[2025-03-12T15:01:52.251+0000] {logging_mixin.py:190} INFO - [2025-03-12T15:01:52.250+0000] {dag.py:4180} INFO - Setting next_dagrun for latest_only to 2025-03-12 08:00:00+00:00, run_after=2025-03-12 12:00:00+00:00
[2025-03-12T15:01:52.278+0000] {processor.py:208} INFO - Processing /home/airflow/.local/lib/python3.12/site-packages/airflow/example_dags/example_latest_only.py took 0.116 seconds
[2025-03-12T15:02:22.865+0000] {processor.py:186} INFO - Started process (PID=121008) to work on /home/airflow/.local/lib/python3.12/site-packages/airflow/example_dags/example_latest_only.py
[2025-03-12T15:02:22.866+0000] {processor.py:914} INFO - Processing file /home/airflow/.local/lib/python3.12/site-packages/airflow/example_dags/example_latest_only.py for tasks to queue
[2025-03-12T15:02:22.869+0000] {logging_mixin.py:190} INFO - [2025-03-12T15:02:22.868+0000] {dagbag.py:588} INFO - Filling up the DagBag from /home/airflow/.local/lib/python3.12/site-packages/airflow/example_dags/example_latest_only.py
[2025-03-12T15:02:22.879+0000] {processor.py:925} INFO - DAG(s) 'latest_only' retrieved from /home/airflow/.local/lib/python3.12/site-packages/airflow/example_dags/example_latest_only.py
[2025-03-12T15:02:22.906+0000] {logging_mixin.py:190} INFO - [2025-03-12T15:02:22.906+0000] {dag.py:3239} INFO - Sync 1 DAGs
[2025-03-12T15:02:22.950+0000] {logging_mixin.py:190} INFO - [2025-03-12T15:02:22.949+0000] {dag.py:4180} INFO - Setting next_dagrun for latest_only to 2025-03-12 08:00:00+00:00, run_after=2025-03-12 12:00:00+00:00
[2025-03-12T15:02:22.982+0000] {processor.py:208} INFO - Processing /home/airflow/.local/lib/python3.12/site-packages/airflow/example_dags/example_latest_only.py took 0.125 seconds
