[2025-03-12T15:00:16.740+0000] {processor.py:186} INFO - Started process (PID=120748) to work on /home/airflow/.local/lib/python3.12/site-packages/airflow/example_dags/example_skip_dag.py
[2025-03-12T15:00:16.741+0000] {processor.py:914} INFO - Processing file /home/airflow/.local/lib/python3.12/site-packages/airflow/example_dags/example_skip_dag.py for tasks to queue
[2025-03-12T15:00:16.744+0000] {logging_mixin.py:190} INFO - [2025-03-12T15:00:16.744+0000] {dagbag.py:588} INFO - Filling up the DagBag from /home/airflow/.local/lib/python3.12/site-packages/airflow/example_dags/example_skip_dag.py
[2025-03-12T15:00:16.756+0000] {processor.py:925} INFO - DAG(s) 'example_skip_dag' retrieved from /home/airflow/.local/lib/python3.12/site-packages/airflow/example_dags/example_skip_dag.py
[2025-03-12T15:00:16.787+0000] {logging_mixin.py:190} INFO - [2025-03-12T15:00:16.786+0000] {dag.py:3239} INFO - Sync 1 DAGs
[2025-03-12T15:00:16.824+0000] {logging_mixin.py:190} INFO - [2025-03-12T15:00:16.824+0000] {dag.py:4180} INFO - Setting next_dagrun for example_skip_dag to 2025-03-11 00:00:00+00:00, run_after=2025-03-12 00:00:00+00:00
[2025-03-12T15:00:16.853+0000] {processor.py:208} INFO - Processing /home/airflow/.local/lib/python3.12/site-packages/airflow/example_dags/example_skip_dag.py took 0.120 seconds
[2025-03-12T15:00:48.634+0000] {processor.py:186} INFO - Started process (PID=120814) to work on /home/airflow/.local/lib/python3.12/site-packages/airflow/example_dags/example_skip_dag.py
[2025-03-12T15:00:48.635+0000] {processor.py:914} INFO - Processing file /home/airflow/.local/lib/python3.12/site-packages/airflow/example_dags/example_skip_dag.py for tasks to queue
[2025-03-12T15:00:48.638+0000] {logging_mixin.py:190} INFO - [2025-03-12T15:00:48.637+0000] {dagbag.py:588} INFO - Filling up the DagBag from /home/airflow/.local/lib/python3.12/site-packages/airflow/example_dags/example_skip_dag.py
[2025-03-12T15:00:48.651+0000] {processor.py:925} INFO - DAG(s) 'example_skip_dag' retrieved from /home/airflow/.local/lib/python3.12/site-packages/airflow/example_dags/example_skip_dag.py
[2025-03-12T15:00:48.694+0000] {logging_mixin.py:190} INFO - [2025-03-12T15:00:48.694+0000] {dag.py:3239} INFO - Sync 1 DAGs
[2025-03-12T15:00:48.746+0000] {logging_mixin.py:190} INFO - [2025-03-12T15:00:48.745+0000] {dag.py:4180} INFO - Setting next_dagrun for example_skip_dag to 2025-03-11 00:00:00+00:00, run_after=2025-03-12 00:00:00+00:00
[2025-03-12T15:00:48.783+0000] {processor.py:208} INFO - Processing /home/airflow/.local/lib/python3.12/site-packages/airflow/example_dags/example_skip_dag.py took 0.157 seconds
[2025-03-12T15:01:20.112+0000] {processor.py:186} INFO - Started process (PID=120877) to work on /home/airflow/.local/lib/python3.12/site-packages/airflow/example_dags/example_skip_dag.py
[2025-03-12T15:01:20.113+0000] {processor.py:914} INFO - Processing file /home/airflow/.local/lib/python3.12/site-packages/airflow/example_dags/example_skip_dag.py for tasks to queue
[2025-03-12T15:01:20.116+0000] {logging_mixin.py:190} INFO - [2025-03-12T15:01:20.116+0000] {dagbag.py:588} INFO - Filling up the DagBag from /home/airflow/.local/lib/python3.12/site-packages/airflow/example_dags/example_skip_dag.py
[2025-03-12T15:01:20.129+0000] {processor.py:925} INFO - DAG(s) 'example_skip_dag' retrieved from /home/airflow/.local/lib/python3.12/site-packages/airflow/example_dags/example_skip_dag.py
[2025-03-12T15:01:20.174+0000] {logging_mixin.py:190} INFO - [2025-03-12T15:01:20.173+0000] {dag.py:3239} INFO - Sync 1 DAGs
[2025-03-12T15:01:20.234+0000] {logging_mixin.py:190} INFO - [2025-03-12T15:01:20.233+0000] {dag.py:4180} INFO - Setting next_dagrun for example_skip_dag to 2025-03-11 00:00:00+00:00, run_after=2025-03-12 00:00:00+00:00
[2025-03-12T15:01:20.274+0000] {processor.py:208} INFO - Processing /home/airflow/.local/lib/python3.12/site-packages/airflow/example_dags/example_skip_dag.py took 0.171 seconds
[2025-03-12T15:01:51.814+0000] {processor.py:186} INFO - Started process (PID=120941) to work on /home/airflow/.local/lib/python3.12/site-packages/airflow/example_dags/example_skip_dag.py
[2025-03-12T15:01:51.815+0000] {processor.py:914} INFO - Processing file /home/airflow/.local/lib/python3.12/site-packages/airflow/example_dags/example_skip_dag.py for tasks to queue
[2025-03-12T15:01:51.818+0000] {logging_mixin.py:190} INFO - [2025-03-12T15:01:51.817+0000] {dagbag.py:588} INFO - Filling up the DagBag from /home/airflow/.local/lib/python3.12/site-packages/airflow/example_dags/example_skip_dag.py
[2025-03-12T15:01:51.829+0000] {processor.py:925} INFO - DAG(s) 'example_skip_dag' retrieved from /home/airflow/.local/lib/python3.12/site-packages/airflow/example_dags/example_skip_dag.py
[2025-03-12T15:01:51.861+0000] {logging_mixin.py:190} INFO - [2025-03-12T15:01:51.860+0000] {dag.py:3239} INFO - Sync 1 DAGs
[2025-03-12T15:01:51.900+0000] {logging_mixin.py:190} INFO - [2025-03-12T15:01:51.900+0000] {dag.py:4180} INFO - Setting next_dagrun for example_skip_dag to 2025-03-11 00:00:00+00:00, run_after=2025-03-12 00:00:00+00:00
[2025-03-12T15:01:51.927+0000] {processor.py:208} INFO - Processing /home/airflow/.local/lib/python3.12/site-packages/airflow/example_dags/example_skip_dag.py took 0.121 seconds
[2025-03-12T15:02:22.522+0000] {processor.py:186} INFO - Started process (PID=121004) to work on /home/airflow/.local/lib/python3.12/site-packages/airflow/example_dags/example_skip_dag.py
[2025-03-12T15:02:22.523+0000] {processor.py:914} INFO - Processing file /home/airflow/.local/lib/python3.12/site-packages/airflow/example_dags/example_skip_dag.py for tasks to queue
[2025-03-12T15:02:22.525+0000] {logging_mixin.py:190} INFO - [2025-03-12T15:02:22.525+0000] {dagbag.py:588} INFO - Filling up the DagBag from /home/airflow/.local/lib/python3.12/site-packages/airflow/example_dags/example_skip_dag.py
[2025-03-12T15:02:22.537+0000] {processor.py:925} INFO - DAG(s) 'example_skip_dag' retrieved from /home/airflow/.local/lib/python3.12/site-packages/airflow/example_dags/example_skip_dag.py
[2025-03-12T15:02:22.569+0000] {logging_mixin.py:190} INFO - [2025-03-12T15:02:22.568+0000] {dag.py:3239} INFO - Sync 1 DAGs
[2025-03-12T15:02:22.607+0000] {logging_mixin.py:190} INFO - [2025-03-12T15:02:22.607+0000] {dag.py:4180} INFO - Setting next_dagrun for example_skip_dag to 2025-03-11 00:00:00+00:00, run_after=2025-03-12 00:00:00+00:00
[2025-03-12T15:02:22.635+0000] {processor.py:208} INFO - Processing /home/airflow/.local/lib/python3.12/site-packages/airflow/example_dags/example_skip_dag.py took 0.121 seconds
