[2025-03-12T15:00:11.225+0000] {processor.py:186} INFO - Started process (PID=120718) to work on /home/airflow/.local/lib/python3.12/site-packages/airflow/example_dags/example_setup_teardown.py
[2025-03-12T15:00:11.226+0000] {processor.py:914} INFO - Processing file /home/airflow/.local/lib/python3.12/site-packages/airflow/example_dags/example_setup_teardown.py for tasks to queue
[2025-03-12T15:00:11.229+0000] {logging_mixin.py:190} INFO - [2025-03-12T15:00:11.228+0000] {dagbag.py:588} INFO - Filling up the DagBag from /home/airflow/.local/lib/python3.12/site-packages/airflow/example_dags/example_setup_teardown.py
[2025-03-12T15:00:11.241+0000] {processor.py:925} INFO - DAG(s) 'example_setup_teardown' retrieved from /home/airflow/.local/lib/python3.12/site-packages/airflow/example_dags/example_setup_teardown.py
[2025-03-12T15:00:11.270+0000] {logging_mixin.py:190} INFO - [2025-03-12T15:00:11.270+0000] {dag.py:3239} INFO - Sync 1 DAGs
[2025-03-12T15:00:11.294+0000] {logging_mixin.py:190} INFO - [2025-03-12T15:00:11.293+0000] {dag.py:4180} INFO - Setting next_dagrun for example_setup_teardown to None, run_after=None
[2025-03-12T15:00:11.329+0000] {processor.py:208} INFO - Processing /home/airflow/.local/lib/python3.12/site-packages/airflow/example_dags/example_setup_teardown.py took 0.112 seconds
[2025-03-12T15:00:41.500+0000] {processor.py:186} INFO - Started process (PID=120781) to work on /home/airflow/.local/lib/python3.12/site-packages/airflow/example_dags/example_setup_teardown.py
[2025-03-12T15:00:41.501+0000] {processor.py:914} INFO - Processing file /home/airflow/.local/lib/python3.12/site-packages/airflow/example_dags/example_setup_teardown.py for tasks to queue
[2025-03-12T15:00:41.504+0000] {logging_mixin.py:190} INFO - [2025-03-12T15:00:41.504+0000] {dagbag.py:588} INFO - Filling up the DagBag from /home/airflow/.local/lib/python3.12/site-packages/airflow/example_dags/example_setup_teardown.py
[2025-03-12T15:00:41.516+0000] {processor.py:925} INFO - DAG(s) 'example_setup_teardown' retrieved from /home/airflow/.local/lib/python3.12/site-packages/airflow/example_dags/example_setup_teardown.py
[2025-03-12T15:00:41.546+0000] {logging_mixin.py:190} INFO - [2025-03-12T15:00:41.546+0000] {dag.py:3239} INFO - Sync 1 DAGs
[2025-03-12T15:00:41.570+0000] {logging_mixin.py:190} INFO - [2025-03-12T15:00:41.570+0000] {dag.py:4180} INFO - Setting next_dagrun for example_setup_teardown to None, run_after=None
[2025-03-12T15:00:41.598+0000] {processor.py:208} INFO - Processing /home/airflow/.local/lib/python3.12/site-packages/airflow/example_dags/example_setup_teardown.py took 0.106 seconds
[2025-03-12T15:01:12.247+0000] {processor.py:186} INFO - Started process (PID=120844) to work on /home/airflow/.local/lib/python3.12/site-packages/airflow/example_dags/example_setup_teardown.py
[2025-03-12T15:01:12.248+0000] {processor.py:914} INFO - Processing file /home/airflow/.local/lib/python3.12/site-packages/airflow/example_dags/example_setup_teardown.py for tasks to queue
[2025-03-12T15:01:12.251+0000] {logging_mixin.py:190} INFO - [2025-03-12T15:01:12.251+0000] {dagbag.py:588} INFO - Filling up the DagBag from /home/airflow/.local/lib/python3.12/site-packages/airflow/example_dags/example_setup_teardown.py
[2025-03-12T15:01:12.264+0000] {processor.py:925} INFO - DAG(s) 'example_setup_teardown' retrieved from /home/airflow/.local/lib/python3.12/site-packages/airflow/example_dags/example_setup_teardown.py
[2025-03-12T15:01:12.300+0000] {logging_mixin.py:190} INFO - [2025-03-12T15:01:12.299+0000] {dag.py:3239} INFO - Sync 1 DAGs
[2025-03-12T15:01:12.336+0000] {logging_mixin.py:190} INFO - [2025-03-12T15:01:12.336+0000] {dag.py:4180} INFO - Setting next_dagrun for example_setup_teardown to None, run_after=None
[2025-03-12T15:01:12.371+0000] {processor.py:208} INFO - Processing /home/airflow/.local/lib/python3.12/site-packages/airflow/example_dags/example_setup_teardown.py took 0.133 seconds
[2025-03-12T15:01:43.277+0000] {processor.py:186} INFO - Started process (PID=120907) to work on /home/airflow/.local/lib/python3.12/site-packages/airflow/example_dags/example_setup_teardown.py
[2025-03-12T15:01:43.278+0000] {processor.py:914} INFO - Processing file /home/airflow/.local/lib/python3.12/site-packages/airflow/example_dags/example_setup_teardown.py for tasks to queue
[2025-03-12T15:01:43.281+0000] {logging_mixin.py:190} INFO - [2025-03-12T15:01:43.280+0000] {dagbag.py:588} INFO - Filling up the DagBag from /home/airflow/.local/lib/python3.12/site-packages/airflow/example_dags/example_setup_teardown.py
[2025-03-12T15:01:43.293+0000] {processor.py:925} INFO - DAG(s) 'example_setup_teardown' retrieved from /home/airflow/.local/lib/python3.12/site-packages/airflow/example_dags/example_setup_teardown.py
[2025-03-12T15:01:43.323+0000] {logging_mixin.py:190} INFO - [2025-03-12T15:01:43.323+0000] {dag.py:3239} INFO - Sync 1 DAGs
[2025-03-12T15:01:43.348+0000] {logging_mixin.py:190} INFO - [2025-03-12T15:01:43.347+0000] {dag.py:4180} INFO - Setting next_dagrun for example_setup_teardown to None, run_after=None
[2025-03-12T15:01:43.376+0000] {processor.py:208} INFO - Processing /home/airflow/.local/lib/python3.12/site-packages/airflow/example_dags/example_setup_teardown.py took 0.107 seconds
[2025-03-12T15:02:13.686+0000] {processor.py:186} INFO - Started process (PID=120970) to work on /home/airflow/.local/lib/python3.12/site-packages/airflow/example_dags/example_setup_teardown.py
[2025-03-12T15:02:13.687+0000] {processor.py:914} INFO - Processing file /home/airflow/.local/lib/python3.12/site-packages/airflow/example_dags/example_setup_teardown.py for tasks to queue
[2025-03-12T15:02:13.690+0000] {logging_mixin.py:190} INFO - [2025-03-12T15:02:13.690+0000] {dagbag.py:588} INFO - Filling up the DagBag from /home/airflow/.local/lib/python3.12/site-packages/airflow/example_dags/example_setup_teardown.py
[2025-03-12T15:02:13.702+0000] {processor.py:925} INFO - DAG(s) 'example_setup_teardown' retrieved from /home/airflow/.local/lib/python3.12/site-packages/airflow/example_dags/example_setup_teardown.py
[2025-03-12T15:02:13.732+0000] {logging_mixin.py:190} INFO - [2025-03-12T15:02:13.731+0000] {dag.py:3239} INFO - Sync 1 DAGs
[2025-03-12T15:02:13.758+0000] {logging_mixin.py:190} INFO - [2025-03-12T15:02:13.758+0000] {dag.py:4180} INFO - Setting next_dagrun for example_setup_teardown to None, run_after=None
[2025-03-12T15:02:13.786+0000] {processor.py:208} INFO - Processing /home/airflow/.local/lib/python3.12/site-packages/airflow/example_dags/example_setup_teardown.py took 0.108 seconds
