[2025-03-12T15:00:15.449+0000] {processor.py:186} INFO - Started process (PID=120735) to work on /home/airflow/.local/lib/python3.12/site-packages/airflow/example_dags/example_trigger_controller_dag.py
[2025-03-12T15:00:15.450+0000] {processor.py:914} INFO - Processing file /home/airflow/.local/lib/python3.12/site-packages/airflow/example_dags/example_trigger_controller_dag.py for tasks to queue
[2025-03-12T15:00:15.453+0000] {logging_mixin.py:190} INFO - [2025-03-12T15:00:15.452+0000] {dagbag.py:588} INFO - Filling up the DagBag from /home/airflow/.local/lib/python3.12/site-packages/airflow/example_dags/example_trigger_controller_dag.py
[2025-03-12T15:00:15.462+0000] {processor.py:925} INFO - DAG(s) 'example_trigger_controller_dag' retrieved from /home/airflow/.local/lib/python3.12/site-packages/airflow/example_dags/example_trigger_controller_dag.py
[2025-03-12T15:00:15.488+0000] {logging_mixin.py:190} INFO - [2025-03-12T15:00:15.488+0000] {dag.py:3239} INFO - Sync 1 DAGs
[2025-03-12T15:00:15.526+0000] {logging_mixin.py:190} INFO - [2025-03-12T15:00:15.525+0000] {dag.py:4180} INFO - Setting next_dagrun for example_trigger_controller_dag to 2021-01-01 00:00:00+00:00, run_after=2021-01-01 00:00:00+00:00
[2025-03-12T15:00:15.561+0000] {processor.py:208} INFO - Processing /home/airflow/.local/lib/python3.12/site-packages/airflow/example_dags/example_trigger_controller_dag.py took 0.120 seconds
[2025-03-12T15:00:47.068+0000] {processor.py:186} INFO - Started process (PID=120798) to work on /home/airflow/.local/lib/python3.12/site-packages/airflow/example_dags/example_trigger_controller_dag.py
[2025-03-12T15:00:47.069+0000] {processor.py:914} INFO - Processing file /home/airflow/.local/lib/python3.12/site-packages/airflow/example_dags/example_trigger_controller_dag.py for tasks to queue
[2025-03-12T15:00:47.072+0000] {logging_mixin.py:190} INFO - [2025-03-12T15:00:47.071+0000] {dagbag.py:588} INFO - Filling up the DagBag from /home/airflow/.local/lib/python3.12/site-packages/airflow/example_dags/example_trigger_controller_dag.py
[2025-03-12T15:00:47.081+0000] {processor.py:925} INFO - DAG(s) 'example_trigger_controller_dag' retrieved from /home/airflow/.local/lib/python3.12/site-packages/airflow/example_dags/example_trigger_controller_dag.py
[2025-03-12T15:00:47.108+0000] {logging_mixin.py:190} INFO - [2025-03-12T15:00:47.108+0000] {dag.py:3239} INFO - Sync 1 DAGs
[2025-03-12T15:00:47.145+0000] {logging_mixin.py:190} INFO - [2025-03-12T15:00:47.145+0000] {dag.py:4180} INFO - Setting next_dagrun for example_trigger_controller_dag to 2021-01-01 00:00:00+00:00, run_after=2021-01-01 00:00:00+00:00
[2025-03-12T15:00:47.173+0000] {processor.py:208} INFO - Processing /home/airflow/.local/lib/python3.12/site-packages/airflow/example_dags/example_trigger_controller_dag.py took 0.113 seconds
[2025-03-12T15:01:18.794+0000] {processor.py:186} INFO - Started process (PID=120864) to work on /home/airflow/.local/lib/python3.12/site-packages/airflow/example_dags/example_trigger_controller_dag.py
[2025-03-12T15:01:18.795+0000] {processor.py:914} INFO - Processing file /home/airflow/.local/lib/python3.12/site-packages/airflow/example_dags/example_trigger_controller_dag.py for tasks to queue
[2025-03-12T15:01:18.798+0000] {logging_mixin.py:190} INFO - [2025-03-12T15:01:18.798+0000] {dagbag.py:588} INFO - Filling up the DagBag from /home/airflow/.local/lib/python3.12/site-packages/airflow/example_dags/example_trigger_controller_dag.py
[2025-03-12T15:01:18.808+0000] {processor.py:925} INFO - DAG(s) 'example_trigger_controller_dag' retrieved from /home/airflow/.local/lib/python3.12/site-packages/airflow/example_dags/example_trigger_controller_dag.py
[2025-03-12T15:01:18.835+0000] {logging_mixin.py:190} INFO - [2025-03-12T15:01:18.834+0000] {dag.py:3239} INFO - Sync 1 DAGs
[2025-03-12T15:01:18.875+0000] {logging_mixin.py:190} INFO - [2025-03-12T15:01:18.874+0000] {dag.py:4180} INFO - Setting next_dagrun for example_trigger_controller_dag to 2021-01-01 00:00:00+00:00, run_after=2021-01-01 00:00:00+00:00
[2025-03-12T15:01:18.905+0000] {processor.py:208} INFO - Processing /home/airflow/.local/lib/python3.12/site-packages/airflow/example_dags/example_trigger_controller_dag.py took 0.119 seconds
[2025-03-12T15:01:50.779+0000] {processor.py:186} INFO - Started process (PID=120931) to work on /home/airflow/.local/lib/python3.12/site-packages/airflow/example_dags/example_trigger_controller_dag.py
[2025-03-12T15:01:50.780+0000] {processor.py:914} INFO - Processing file /home/airflow/.local/lib/python3.12/site-packages/airflow/example_dags/example_trigger_controller_dag.py for tasks to queue
[2025-03-12T15:01:50.783+0000] {logging_mixin.py:190} INFO - [2025-03-12T15:01:50.782+0000] {dagbag.py:588} INFO - Filling up the DagBag from /home/airflow/.local/lib/python3.12/site-packages/airflow/example_dags/example_trigger_controller_dag.py
[2025-03-12T15:01:50.792+0000] {processor.py:925} INFO - DAG(s) 'example_trigger_controller_dag' retrieved from /home/airflow/.local/lib/python3.12/site-packages/airflow/example_dags/example_trigger_controller_dag.py
[2025-03-12T15:01:50.819+0000] {logging_mixin.py:190} INFO - [2025-03-12T15:01:50.819+0000] {dag.py:3239} INFO - Sync 1 DAGs
[2025-03-12T15:01:50.858+0000] {logging_mixin.py:190} INFO - [2025-03-12T15:01:50.858+0000] {dag.py:4180} INFO - Setting next_dagrun for example_trigger_controller_dag to 2021-01-01 00:00:00+00:00, run_after=2021-01-01 00:00:00+00:00
[2025-03-12T15:01:50.887+0000] {processor.py:208} INFO - Processing /home/airflow/.local/lib/python3.12/site-packages/airflow/example_dags/example_trigger_controller_dag.py took 0.116 seconds
[2025-03-12T15:02:21.169+0000] {processor.py:186} INFO - Started process (PID=120994) to work on /home/airflow/.local/lib/python3.12/site-packages/airflow/example_dags/example_trigger_controller_dag.py
[2025-03-12T15:02:21.170+0000] {processor.py:914} INFO - Processing file /home/airflow/.local/lib/python3.12/site-packages/airflow/example_dags/example_trigger_controller_dag.py for tasks to queue
[2025-03-12T15:02:21.173+0000] {logging_mixin.py:190} INFO - [2025-03-12T15:02:21.172+0000] {dagbag.py:588} INFO - Filling up the DagBag from /home/airflow/.local/lib/python3.12/site-packages/airflow/example_dags/example_trigger_controller_dag.py
[2025-03-12T15:02:21.182+0000] {processor.py:925} INFO - DAG(s) 'example_trigger_controller_dag' retrieved from /home/airflow/.local/lib/python3.12/site-packages/airflow/example_dags/example_trigger_controller_dag.py
[2025-03-12T15:02:21.209+0000] {logging_mixin.py:190} INFO - [2025-03-12T15:02:21.209+0000] {dag.py:3239} INFO - Sync 1 DAGs
[2025-03-12T15:02:21.247+0000] {logging_mixin.py:190} INFO - [2025-03-12T15:02:21.247+0000] {dag.py:4180} INFO - Setting next_dagrun for example_trigger_controller_dag to 2021-01-01 00:00:00+00:00, run_after=2021-01-01 00:00:00+00:00
[2025-03-12T15:02:21.276+0000] {processor.py:208} INFO - Processing /home/airflow/.local/lib/python3.12/site-packages/airflow/example_dags/example_trigger_controller_dag.py took 0.115 seconds
