[2025-03-12T15:00:15.281+0000] {processor.py:186} INFO - Started process (PID=120733) to work on /home/airflow/.local/lib/python3.12/site-packages/airflow/example_dags/example_branch_labels.py
[2025-03-12T15:00:15.282+0000] {processor.py:914} INFO - Processing file /home/airflow/.local/lib/python3.12/site-packages/airflow/example_dags/example_branch_labels.py for tasks to queue
[2025-03-12T15:00:15.285+0000] {logging_mixin.py:190} INFO - [2025-03-12T15:00:15.285+0000] {dagbag.py:588} INFO - Filling up the DagBag from /home/airflow/.local/lib/python3.12/site-packages/airflow/example_dags/example_branch_labels.py
[2025-03-12T15:00:15.301+0000] {processor.py:925} INFO - DAG(s) 'example_branch_labels' retrieved from /home/airflow/.local/lib/python3.12/site-packages/airflow/example_dags/example_branch_labels.py
[2025-03-12T15:00:15.331+0000] {logging_mixin.py:190} INFO - [2025-03-12T15:00:15.331+0000] {dag.py:3239} INFO - Sync 1 DAGs
[2025-03-12T15:00:15.375+0000] {logging_mixin.py:190} INFO - [2025-03-12T15:00:15.375+0000] {dag.py:4180} INFO - Setting next_dagrun for example_branch_labels to 2025-03-11 00:00:00+00:00, run_after=2025-03-12 00:00:00+00:00
[2025-03-12T15:00:15.411+0000] {processor.py:208} INFO - Processing /home/airflow/.local/lib/python3.12/site-packages/airflow/example_dags/example_branch_labels.py took 0.138 seconds
[2025-03-12T15:00:46.892+0000] {processor.py:186} INFO - Started process (PID=120796) to work on /home/airflow/.local/lib/python3.12/site-packages/airflow/example_dags/example_branch_labels.py
[2025-03-12T15:00:46.893+0000] {processor.py:914} INFO - Processing file /home/airflow/.local/lib/python3.12/site-packages/airflow/example_dags/example_branch_labels.py for tasks to queue
[2025-03-12T15:00:46.896+0000] {logging_mixin.py:190} INFO - [2025-03-12T15:00:46.896+0000] {dagbag.py:588} INFO - Filling up the DagBag from /home/airflow/.local/lib/python3.12/site-packages/airflow/example_dags/example_branch_labels.py
[2025-03-12T15:00:46.911+0000] {processor.py:925} INFO - DAG(s) 'example_branch_labels' retrieved from /home/airflow/.local/lib/python3.12/site-packages/airflow/example_dags/example_branch_labels.py
[2025-03-12T15:00:46.948+0000] {logging_mixin.py:190} INFO - [2025-03-12T15:00:46.948+0000] {dag.py:3239} INFO - Sync 1 DAGs
[2025-03-12T15:00:46.996+0000] {logging_mixin.py:190} INFO - [2025-03-12T15:00:46.996+0000] {dag.py:4180} INFO - Setting next_dagrun for example_branch_labels to 2025-03-11 00:00:00+00:00, run_after=2025-03-12 00:00:00+00:00
[2025-03-12T15:00:47.032+0000] {processor.py:208} INFO - Processing /home/airflow/.local/lib/python3.12/site-packages/airflow/example_dags/example_branch_labels.py took 0.147 seconds
[2025-03-12T15:01:18.620+0000] {processor.py:186} INFO - Started process (PID=120862) to work on /home/airflow/.local/lib/python3.12/site-packages/airflow/example_dags/example_branch_labels.py
[2025-03-12T15:01:18.621+0000] {processor.py:914} INFO - Processing file /home/airflow/.local/lib/python3.12/site-packages/airflow/example_dags/example_branch_labels.py for tasks to queue
[2025-03-12T15:01:18.624+0000] {logging_mixin.py:190} INFO - [2025-03-12T15:01:18.623+0000] {dagbag.py:588} INFO - Filling up the DagBag from /home/airflow/.local/lib/python3.12/site-packages/airflow/example_dags/example_branch_labels.py
[2025-03-12T15:01:18.639+0000] {processor.py:925} INFO - DAG(s) 'example_branch_labels' retrieved from /home/airflow/.local/lib/python3.12/site-packages/airflow/example_dags/example_branch_labels.py
[2025-03-12T15:01:18.676+0000] {logging_mixin.py:190} INFO - [2025-03-12T15:01:18.676+0000] {dag.py:3239} INFO - Sync 1 DAGs
[2025-03-12T15:01:18.723+0000] {logging_mixin.py:190} INFO - [2025-03-12T15:01:18.722+0000] {dag.py:4180} INFO - Setting next_dagrun for example_branch_labels to 2025-03-11 00:00:00+00:00, run_after=2025-03-12 00:00:00+00:00
[2025-03-12T15:01:18.753+0000] {processor.py:208} INFO - Processing /home/airflow/.local/lib/python3.12/site-packages/airflow/example_dags/example_branch_labels.py took 0.142 seconds
[2025-03-12T15:01:49.740+0000] {processor.py:186} INFO - Started process (PID=120925) to work on /home/airflow/.local/lib/python3.12/site-packages/airflow/example_dags/example_branch_labels.py
[2025-03-12T15:01:49.741+0000] {processor.py:914} INFO - Processing file /home/airflow/.local/lib/python3.12/site-packages/airflow/example_dags/example_branch_labels.py for tasks to queue
[2025-03-12T15:01:49.744+0000] {logging_mixin.py:190} INFO - [2025-03-12T15:01:49.744+0000] {dagbag.py:588} INFO - Filling up the DagBag from /home/airflow/.local/lib/python3.12/site-packages/airflow/example_dags/example_branch_labels.py
[2025-03-12T15:01:49.759+0000] {processor.py:925} INFO - DAG(s) 'example_branch_labels' retrieved from /home/airflow/.local/lib/python3.12/site-packages/airflow/example_dags/example_branch_labels.py
[2025-03-12T15:01:49.797+0000] {logging_mixin.py:190} INFO - [2025-03-12T15:01:49.796+0000] {dag.py:3239} INFO - Sync 1 DAGs
[2025-03-12T15:01:49.838+0000] {logging_mixin.py:190} INFO - [2025-03-12T15:01:49.837+0000] {dag.py:4180} INFO - Setting next_dagrun for example_branch_labels to 2025-03-11 00:00:00+00:00, run_after=2025-03-12 00:00:00+00:00
[2025-03-12T15:01:49.867+0000] {processor.py:208} INFO - Processing /home/airflow/.local/lib/python3.12/site-packages/airflow/example_dags/example_branch_labels.py took 0.135 seconds
[2025-03-12T15:02:20.466+0000] {processor.py:186} INFO - Started process (PID=120988) to work on /home/airflow/.local/lib/python3.12/site-packages/airflow/example_dags/example_branch_labels.py
[2025-03-12T15:02:20.467+0000] {processor.py:914} INFO - Processing file /home/airflow/.local/lib/python3.12/site-packages/airflow/example_dags/example_branch_labels.py for tasks to queue
[2025-03-12T15:02:20.470+0000] {logging_mixin.py:190} INFO - [2025-03-12T15:02:20.469+0000] {dagbag.py:588} INFO - Filling up the DagBag from /home/airflow/.local/lib/python3.12/site-packages/airflow/example_dags/example_branch_labels.py
[2025-03-12T15:02:20.484+0000] {processor.py:925} INFO - DAG(s) 'example_branch_labels' retrieved from /home/airflow/.local/lib/python3.12/site-packages/airflow/example_dags/example_branch_labels.py
[2025-03-12T15:02:20.513+0000] {logging_mixin.py:190} INFO - [2025-03-12T15:02:20.513+0000] {dag.py:3239} INFO - Sync 1 DAGs
[2025-03-12T15:02:20.552+0000] {logging_mixin.py:190} INFO - [2025-03-12T15:02:20.552+0000] {dag.py:4180} INFO - Setting next_dagrun for example_branch_labels to 2025-03-11 00:00:00+00:00, run_after=2025-03-12 00:00:00+00:00
[2025-03-12T15:02:20.586+0000] {processor.py:208} INFO - Processing /home/airflow/.local/lib/python3.12/site-packages/airflow/example_dags/example_branch_labels.py took 0.128 seconds
