[2025-03-12T15:00:12.517+0000] {processor.py:186} INFO - Started process (PID=120723) to work on /home/airflow/.local/lib/python3.12/site-packages/airflow/example_dags/example_params_trigger_ui.py
[2025-03-12T15:00:12.518+0000] {processor.py:914} INFO - Processing file /home/airflow/.local/lib/python3.12/site-packages/airflow/example_dags/example_params_trigger_ui.py for tasks to queue
[2025-03-12T15:00:12.521+0000] {logging_mixin.py:190} INFO - [2025-03-12T15:00:12.520+0000] {dagbag.py:588} INFO - Filling up the DagBag from /home/airflow/.local/lib/python3.12/site-packages/airflow/example_dags/example_params_trigger_ui.py
[2025-03-12T15:00:12.537+0000] {processor.py:925} INFO - DAG(s) 'example_params_trigger_ui' retrieved from /home/airflow/.local/lib/python3.12/site-packages/airflow/example_dags/example_params_trigger_ui.py
[2025-03-12T15:00:12.613+0000] {logging_mixin.py:190} INFO - [2025-03-12T15:00:12.612+0000] {dag.py:3239} INFO - Sync 1 DAGs
[2025-03-12T15:00:12.637+0000] {logging_mixin.py:190} INFO - [2025-03-12T15:00:12.636+0000] {dag.py:4180} INFO - Setting next_dagrun for example_params_trigger_ui to None, run_after=None
[2025-03-12T15:00:12.678+0000] {processor.py:208} INFO - Processing /home/airflow/.local/lib/python3.12/site-packages/airflow/example_dags/example_params_trigger_ui.py took 0.170 seconds
[2025-03-12T15:00:43.691+0000] {processor.py:186} INFO - Started process (PID=120785) to work on /home/airflow/.local/lib/python3.12/site-packages/airflow/example_dags/example_params_trigger_ui.py
[2025-03-12T15:00:43.692+0000] {processor.py:914} INFO - Processing file /home/airflow/.local/lib/python3.12/site-packages/airflow/example_dags/example_params_trigger_ui.py for tasks to queue
[2025-03-12T15:00:43.695+0000] {logging_mixin.py:190} INFO - [2025-03-12T15:00:43.695+0000] {dagbag.py:588} INFO - Filling up the DagBag from /home/airflow/.local/lib/python3.12/site-packages/airflow/example_dags/example_params_trigger_ui.py
[2025-03-12T15:00:43.712+0000] {processor.py:925} INFO - DAG(s) 'example_params_trigger_ui' retrieved from /home/airflow/.local/lib/python3.12/site-packages/airflow/example_dags/example_params_trigger_ui.py
[2025-03-12T15:00:43.811+0000] {logging_mixin.py:190} INFO - [2025-03-12T15:00:43.811+0000] {dag.py:3239} INFO - Sync 1 DAGs
[2025-03-12T15:00:43.835+0000] {logging_mixin.py:190} INFO - [2025-03-12T15:00:43.834+0000] {dag.py:4180} INFO - Setting next_dagrun for example_params_trigger_ui to None, run_after=None
[2025-03-12T15:00:43.863+0000] {processor.py:208} INFO - Processing /home/airflow/.local/lib/python3.12/site-packages/airflow/example_dags/example_params_trigger_ui.py took 0.180 seconds
[2025-03-12T15:01:14.423+0000] {processor.py:186} INFO - Started process (PID=120847) to work on /home/airflow/.local/lib/python3.12/site-packages/airflow/example_dags/example_params_trigger_ui.py
[2025-03-12T15:01:14.431+0000] {processor.py:914} INFO - Processing file /home/airflow/.local/lib/python3.12/site-packages/airflow/example_dags/example_params_trigger_ui.py for tasks to queue
[2025-03-12T15:01:14.434+0000] {logging_mixin.py:190} INFO - [2025-03-12T15:01:14.434+0000] {dagbag.py:588} INFO - Filling up the DagBag from /home/airflow/.local/lib/python3.12/site-packages/airflow/example_dags/example_params_trigger_ui.py
[2025-03-12T15:01:14.452+0000] {processor.py:925} INFO - DAG(s) 'example_params_trigger_ui' retrieved from /home/airflow/.local/lib/python3.12/site-packages/airflow/example_dags/example_params_trigger_ui.py
[2025-03-12T15:01:14.538+0000] {logging_mixin.py:190} INFO - [2025-03-12T15:01:14.537+0000] {dag.py:3239} INFO - Sync 1 DAGs
[2025-03-12T15:01:14.562+0000] {logging_mixin.py:190} INFO - [2025-03-12T15:01:14.562+0000] {dag.py:4180} INFO - Setting next_dagrun for example_params_trigger_ui to None, run_after=None
[2025-03-12T15:01:14.599+0000] {processor.py:208} INFO - Processing /home/airflow/.local/lib/python3.12/site-packages/airflow/example_dags/example_params_trigger_ui.py took 0.186 seconds
[2025-03-12T15:01:45.445+0000] {processor.py:186} INFO - Started process (PID=120910) to work on /home/airflow/.local/lib/python3.12/site-packages/airflow/example_dags/example_params_trigger_ui.py
[2025-03-12T15:01:45.446+0000] {processor.py:914} INFO - Processing file /home/airflow/.local/lib/python3.12/site-packages/airflow/example_dags/example_params_trigger_ui.py for tasks to queue
[2025-03-12T15:01:45.449+0000] {logging_mixin.py:190} INFO - [2025-03-12T15:01:45.448+0000] {dagbag.py:588} INFO - Filling up the DagBag from /home/airflow/.local/lib/python3.12/site-packages/airflow/example_dags/example_params_trigger_ui.py
[2025-03-12T15:01:45.465+0000] {processor.py:925} INFO - DAG(s) 'example_params_trigger_ui' retrieved from /home/airflow/.local/lib/python3.12/site-packages/airflow/example_dags/example_params_trigger_ui.py
[2025-03-12T15:01:45.537+0000] {logging_mixin.py:190} INFO - [2025-03-12T15:01:45.537+0000] {dag.py:3239} INFO - Sync 1 DAGs
[2025-03-12T15:01:45.560+0000] {logging_mixin.py:190} INFO - [2025-03-12T15:01:45.560+0000] {dag.py:4180} INFO - Setting next_dagrun for example_params_trigger_ui to None, run_after=None
[2025-03-12T15:01:45.588+0000] {processor.py:208} INFO - Processing /home/airflow/.local/lib/python3.12/site-packages/airflow/example_dags/example_params_trigger_ui.py took 0.151 seconds
[2025-03-12T15:02:15.858+0000] {processor.py:186} INFO - Started process (PID=120973) to work on /home/airflow/.local/lib/python3.12/site-packages/airflow/example_dags/example_params_trigger_ui.py
[2025-03-12T15:02:15.866+0000] {processor.py:914} INFO - Processing file /home/airflow/.local/lib/python3.12/site-packages/airflow/example_dags/example_params_trigger_ui.py for tasks to queue
[2025-03-12T15:02:15.869+0000] {logging_mixin.py:190} INFO - [2025-03-12T15:02:15.868+0000] {dagbag.py:588} INFO - Filling up the DagBag from /home/airflow/.local/lib/python3.12/site-packages/airflow/example_dags/example_params_trigger_ui.py
[2025-03-12T15:02:15.885+0000] {processor.py:925} INFO - DAG(s) 'example_params_trigger_ui' retrieved from /home/airflow/.local/lib/python3.12/site-packages/airflow/example_dags/example_params_trigger_ui.py
[2025-03-12T15:02:15.958+0000] {logging_mixin.py:190} INFO - [2025-03-12T15:02:15.957+0000] {dag.py:3239} INFO - Sync 1 DAGs
[2025-03-12T15:02:15.981+0000] {logging_mixin.py:190} INFO - [2025-03-12T15:02:15.981+0000] {dag.py:4180} INFO - Setting next_dagrun for example_params_trigger_ui to None, run_after=None
[2025-03-12T15:02:16.009+0000] {processor.py:208} INFO - Processing /home/airflow/.local/lib/python3.12/site-packages/airflow/example_dags/example_params_trigger_ui.py took 0.159 seconds
