[2025-03-12T15:00:12.362+0000] {processor.py:186} INFO - Started process (PID=120722) to work on /home/airflow/.local/lib/python3.12/site-packages/airflow/example_dags/example_datasets.py
[2025-03-12T15:00:12.363+0000] {processor.py:914} INFO - Processing file /home/airflow/.local/lib/python3.12/site-packages/airflow/example_dags/example_datasets.py for tasks to queue
[2025-03-12T15:00:12.366+0000] {logging_mixin.py:190} INFO - [2025-03-12T15:00:12.365+0000] {dagbag.py:588} INFO - Filling up the DagBag from /home/airflow/.local/lib/python3.12/site-packages/airflow/example_dags/example_datasets.py
[2025-03-12T15:00:13.313+0000] {processor.py:925} INFO - DAG(s) 'consume_1_or_2_with_dataset_expressions', 'dataset_produces_1', 'dataset_consumes_1_and_2', 'dataset_consumes_1_never_scheduled', 'dataset_produces_2', 'conditional_dataset_and_time_based_timetable', 'consume_1_or_both_2_and_3_with_dataset_expressions', 'dataset_consumes_1', 'consume_1_and_2_with_dataset_expressions', 'dataset_consumes_unknown_never_scheduled' retrieved from /home/airflow/.local/lib/python3.12/site-packages/airflow/example_dags/example_datasets.py
[2025-03-12T15:00:13.387+0000] {logging_mixin.py:190} INFO - [2025-03-12T15:00:13.387+0000] {dag.py:3239} INFO - Sync 10 DAGs
[2025-03-12T15:00:13.435+0000] {logging_mixin.py:190} INFO - [2025-03-12T15:00:13.434+0000] {dag.py:4180} INFO - Setting next_dagrun for conditional_dataset_and_time_based_timetable to 2025-03-12 01:00:00+00:00, run_after=2025-03-12 01:00:00+00:00
[2025-03-12T15:00:13.441+0000] {logging_mixin.py:190} INFO - [2025-03-12T15:00:13.441+0000] {dag.py:4180} INFO - Setting next_dagrun for consume_1_and_2_with_dataset_expressions to None, run_after=None
[2025-03-12T15:00:13.444+0000] {logging_mixin.py:190} INFO - [2025-03-12T15:00:13.444+0000] {dag.py:4180} INFO - Setting next_dagrun for consume_1_or_2_with_dataset_expressions to None, run_after=None
[2025-03-12T15:00:13.446+0000] {logging_mixin.py:190} INFO - [2025-03-12T15:00:13.446+0000] {dag.py:4180} INFO - Setting next_dagrun for consume_1_or_both_2_and_3_with_dataset_expressions to None, run_after=None
[2025-03-12T15:00:13.448+0000] {logging_mixin.py:190} INFO - [2025-03-12T15:00:13.448+0000] {dag.py:4180} INFO - Setting next_dagrun for dataset_consumes_1 to None, run_after=None
[2025-03-12T15:00:13.450+0000] {logging_mixin.py:190} INFO - [2025-03-12T15:00:13.450+0000] {dag.py:4180} INFO - Setting next_dagrun for dataset_consumes_1_and_2 to None, run_after=None
[2025-03-12T15:00:13.452+0000] {logging_mixin.py:190} INFO - [2025-03-12T15:00:13.452+0000] {dag.py:4180} INFO - Setting next_dagrun for dataset_consumes_1_never_scheduled to None, run_after=None
[2025-03-12T15:00:13.455+0000] {logging_mixin.py:190} INFO - [2025-03-12T15:00:13.454+0000] {dag.py:4180} INFO - Setting next_dagrun for dataset_consumes_unknown_never_scheduled to None, run_after=None
[2025-03-12T15:00:13.460+0000] {logging_mixin.py:190} INFO - [2025-03-12T15:00:13.459+0000] {dag.py:4180} INFO - Setting next_dagrun for dataset_produces_1 to 2025-03-11 00:00:00+00:00, run_after=2025-03-12 00:00:00+00:00
[2025-03-12T15:00:13.462+0000] {logging_mixin.py:190} INFO - [2025-03-12T15:00:13.461+0000] {dag.py:4180} INFO - Setting next_dagrun for dataset_produces_2 to None, run_after=None
[2025-03-12T15:00:13.525+0000] {processor.py:208} INFO - Processing /home/airflow/.local/lib/python3.12/site-packages/airflow/example_dags/example_datasets.py took 1.172 seconds
[2025-03-12T15:00:43.907+0000] {processor.py:186} INFO - Started process (PID=120786) to work on /home/airflow/.local/lib/python3.12/site-packages/airflow/example_dags/example_datasets.py
[2025-03-12T15:00:43.908+0000] {processor.py:914} INFO - Processing file /home/airflow/.local/lib/python3.12/site-packages/airflow/example_dags/example_datasets.py for tasks to queue
[2025-03-12T15:00:43.911+0000] {logging_mixin.py:190} INFO - [2025-03-12T15:00:43.910+0000] {dagbag.py:588} INFO - Filling up the DagBag from /home/airflow/.local/lib/python3.12/site-packages/airflow/example_dags/example_datasets.py
[2025-03-12T15:00:44.935+0000] {processor.py:925} INFO - DAG(s) 'consume_1_or_2_with_dataset_expressions', 'conditional_dataset_and_time_based_timetable', 'dataset_consumes_1_never_scheduled', 'dataset_produces_1', 'dataset_produces_2', 'dataset_consumes_1', 'consume_1_and_2_with_dataset_expressions', 'dataset_consumes_1_and_2', 'dataset_consumes_unknown_never_scheduled', 'consume_1_or_both_2_and_3_with_dataset_expressions' retrieved from /home/airflow/.local/lib/python3.12/site-packages/airflow/example_dags/example_datasets.py
[2025-03-12T15:00:45.023+0000] {logging_mixin.py:190} INFO - [2025-03-12T15:00:45.022+0000] {dag.py:3239} INFO - Sync 10 DAGs
[2025-03-12T15:00:45.082+0000] {logging_mixin.py:190} INFO - [2025-03-12T15:00:45.082+0000] {dag.py:4180} INFO - Setting next_dagrun for conditional_dataset_and_time_based_timetable to 2025-03-12 01:00:00+00:00, run_after=2025-03-12 01:00:00+00:00
[2025-03-12T15:00:45.090+0000] {logging_mixin.py:190} INFO - [2025-03-12T15:00:45.089+0000] {dag.py:4180} INFO - Setting next_dagrun for consume_1_and_2_with_dataset_expressions to None, run_after=None
[2025-03-12T15:00:45.093+0000] {logging_mixin.py:190} INFO - [2025-03-12T15:00:45.092+0000] {dag.py:4180} INFO - Setting next_dagrun for consume_1_or_2_with_dataset_expressions to None, run_after=None
[2025-03-12T15:00:45.095+0000] {logging_mixin.py:190} INFO - [2025-03-12T15:00:45.095+0000] {dag.py:4180} INFO - Setting next_dagrun for consume_1_or_both_2_and_3_with_dataset_expressions to None, run_after=None
[2025-03-12T15:00:45.098+0000] {logging_mixin.py:190} INFO - [2025-03-12T15:00:45.097+0000] {dag.py:4180} INFO - Setting next_dagrun for dataset_consumes_1 to None, run_after=None
[2025-03-12T15:00:45.100+0000] {logging_mixin.py:190} INFO - [2025-03-12T15:00:45.100+0000] {dag.py:4180} INFO - Setting next_dagrun for dataset_consumes_1_and_2 to None, run_after=None
[2025-03-12T15:00:45.103+0000] {logging_mixin.py:190} INFO - [2025-03-12T15:00:45.102+0000] {dag.py:4180} INFO - Setting next_dagrun for dataset_consumes_1_never_scheduled to None, run_after=None
[2025-03-12T15:00:45.106+0000] {logging_mixin.py:190} INFO - [2025-03-12T15:00:45.106+0000] {dag.py:4180} INFO - Setting next_dagrun for dataset_consumes_unknown_never_scheduled to None, run_after=None
[2025-03-12T15:00:45.114+0000] {logging_mixin.py:190} INFO - [2025-03-12T15:00:45.113+0000] {dag.py:4180} INFO - Setting next_dagrun for dataset_produces_1 to 2025-03-11 00:00:00+00:00, run_after=2025-03-12 00:00:00+00:00
[2025-03-12T15:00:45.117+0000] {logging_mixin.py:190} INFO - [2025-03-12T15:00:45.116+0000] {dag.py:4180} INFO - Setting next_dagrun for dataset_produces_2 to None, run_after=None
[2025-03-12T15:00:45.196+0000] {processor.py:208} INFO - Processing /home/airflow/.local/lib/python3.12/site-packages/airflow/example_dags/example_datasets.py took 1.298 seconds
[2025-03-12T15:01:15.462+0000] {processor.py:186} INFO - Started process (PID=120849) to work on /home/airflow/.local/lib/python3.12/site-packages/airflow/example_dags/example_datasets.py
[2025-03-12T15:01:15.470+0000] {processor.py:914} INFO - Processing file /home/airflow/.local/lib/python3.12/site-packages/airflow/example_dags/example_datasets.py for tasks to queue
[2025-03-12T15:01:15.474+0000] {logging_mixin.py:190} INFO - [2025-03-12T15:01:15.473+0000] {dagbag.py:588} INFO - Filling up the DagBag from /home/airflow/.local/lib/python3.12/site-packages/airflow/example_dags/example_datasets.py
[2025-03-12T15:01:16.443+0000] {processor.py:925} INFO - DAG(s) 'dataset_consumes_1', 'consume_1_and_2_with_dataset_expressions', 'dataset_consumes_unknown_never_scheduled', 'dataset_consumes_1_and_2', 'consume_1_or_both_2_and_3_with_dataset_expressions', 'dataset_produces_1', 'conditional_dataset_and_time_based_timetable', 'dataset_produces_2', 'dataset_consumes_1_never_scheduled', 'consume_1_or_2_with_dataset_expressions' retrieved from /home/airflow/.local/lib/python3.12/site-packages/airflow/example_dags/example_datasets.py
[2025-03-12T15:01:16.544+0000] {logging_mixin.py:190} INFO - [2025-03-12T15:01:16.544+0000] {dag.py:3239} INFO - Sync 10 DAGs
[2025-03-12T15:01:16.612+0000] {logging_mixin.py:190} INFO - [2025-03-12T15:01:16.611+0000] {dag.py:4180} INFO - Setting next_dagrun for conditional_dataset_and_time_based_timetable to 2025-03-12 01:00:00+00:00, run_after=2025-03-12 01:00:00+00:00
[2025-03-12T15:01:16.619+0000] {logging_mixin.py:190} INFO - [2025-03-12T15:01:16.619+0000] {dag.py:4180} INFO - Setting next_dagrun for consume_1_and_2_with_dataset_expressions to None, run_after=None
[2025-03-12T15:01:16.622+0000] {logging_mixin.py:190} INFO - [2025-03-12T15:01:16.621+0000] {dag.py:4180} INFO - Setting next_dagrun for consume_1_or_2_with_dataset_expressions to None, run_after=None
[2025-03-12T15:01:16.624+0000] {logging_mixin.py:190} INFO - [2025-03-12T15:01:16.624+0000] {dag.py:4180} INFO - Setting next_dagrun for consume_1_or_both_2_and_3_with_dataset_expressions to None, run_after=None
[2025-03-12T15:01:16.627+0000] {logging_mixin.py:190} INFO - [2025-03-12T15:01:16.627+0000] {dag.py:4180} INFO - Setting next_dagrun for dataset_consumes_1 to None, run_after=None
[2025-03-12T15:01:16.629+0000] {logging_mixin.py:190} INFO - [2025-03-12T15:01:16.629+0000] {dag.py:4180} INFO - Setting next_dagrun for dataset_consumes_1_and_2 to None, run_after=None
[2025-03-12T15:01:16.632+0000] {logging_mixin.py:190} INFO - [2025-03-12T15:01:16.632+0000] {dag.py:4180} INFO - Setting next_dagrun for dataset_consumes_1_never_scheduled to None, run_after=None
[2025-03-12T15:01:16.635+0000] {logging_mixin.py:190} INFO - [2025-03-12T15:01:16.635+0000] {dag.py:4180} INFO - Setting next_dagrun for dataset_consumes_unknown_never_scheduled to None, run_after=None
[2025-03-12T15:01:16.641+0000] {logging_mixin.py:190} INFO - [2025-03-12T15:01:16.640+0000] {dag.py:4180} INFO - Setting next_dagrun for dataset_produces_1 to 2025-03-11 00:00:00+00:00, run_after=2025-03-12 00:00:00+00:00
[2025-03-12T15:01:16.643+0000] {logging_mixin.py:190} INFO - [2025-03-12T15:01:16.643+0000] {dag.py:4180} INFO - Setting next_dagrun for dataset_produces_2 to None, run_after=None
[2025-03-12T15:01:16.727+0000] {processor.py:208} INFO - Processing /home/airflow/.local/lib/python3.12/site-packages/airflow/example_dags/example_datasets.py took 1.277 seconds
[2025-03-12T15:01:46.895+0000] {processor.py:186} INFO - Started process (PID=120913) to work on /home/airflow/.local/lib/python3.12/site-packages/airflow/example_dags/example_datasets.py
[2025-03-12T15:01:46.896+0000] {processor.py:914} INFO - Processing file /home/airflow/.local/lib/python3.12/site-packages/airflow/example_dags/example_datasets.py for tasks to queue
[2025-03-12T15:01:46.899+0000] {logging_mixin.py:190} INFO - [2025-03-12T15:01:46.899+0000] {dagbag.py:588} INFO - Filling up the DagBag from /home/airflow/.local/lib/python3.12/site-packages/airflow/example_dags/example_datasets.py
[2025-03-12T15:01:47.800+0000] {processor.py:925} INFO - DAG(s) 'dataset_consumes_1', 'dataset_consumes_1_and_2', 'dataset_produces_1', 'dataset_consumes_unknown_never_scheduled', 'consume_1_and_2_with_dataset_expressions', 'dataset_consumes_1_never_scheduled', 'consume_1_or_2_with_dataset_expressions', 'consume_1_or_both_2_and_3_with_dataset_expressions', 'conditional_dataset_and_time_based_timetable', 'dataset_produces_2' retrieved from /home/airflow/.local/lib/python3.12/site-packages/airflow/example_dags/example_datasets.py
[2025-03-12T15:01:47.873+0000] {logging_mixin.py:190} INFO - [2025-03-12T15:01:47.873+0000] {dag.py:3239} INFO - Sync 10 DAGs
[2025-03-12T15:01:47.918+0000] {logging_mixin.py:190} INFO - [2025-03-12T15:01:47.917+0000] {dag.py:4180} INFO - Setting next_dagrun for conditional_dataset_and_time_based_timetable to 2025-03-12 01:00:00+00:00, run_after=2025-03-12 01:00:00+00:00
[2025-03-12T15:01:47.924+0000] {logging_mixin.py:190} INFO - [2025-03-12T15:01:47.924+0000] {dag.py:4180} INFO - Setting next_dagrun for consume_1_and_2_with_dataset_expressions to None, run_after=None
[2025-03-12T15:01:47.927+0000] {logging_mixin.py:190} INFO - [2025-03-12T15:01:47.926+0000] {dag.py:4180} INFO - Setting next_dagrun for consume_1_or_2_with_dataset_expressions to None, run_after=None
[2025-03-12T15:01:47.929+0000] {logging_mixin.py:190} INFO - [2025-03-12T15:01:47.928+0000] {dag.py:4180} INFO - Setting next_dagrun for consume_1_or_both_2_and_3_with_dataset_expressions to None, run_after=None
[2025-03-12T15:01:47.931+0000] {logging_mixin.py:190} INFO - [2025-03-12T15:01:47.931+0000] {dag.py:4180} INFO - Setting next_dagrun for dataset_consumes_1 to None, run_after=None
[2025-03-12T15:01:47.933+0000] {logging_mixin.py:190} INFO - [2025-03-12T15:01:47.933+0000] {dag.py:4180} INFO - Setting next_dagrun for dataset_consumes_1_and_2 to None, run_after=None
[2025-03-12T15:01:47.935+0000] {logging_mixin.py:190} INFO - [2025-03-12T15:01:47.935+0000] {dag.py:4180} INFO - Setting next_dagrun for dataset_consumes_1_never_scheduled to None, run_after=None
[2025-03-12T15:01:47.937+0000] {logging_mixin.py:190} INFO - [2025-03-12T15:01:47.937+0000] {dag.py:4180} INFO - Setting next_dagrun for dataset_consumes_unknown_never_scheduled to None, run_after=None
[2025-03-12T15:01:47.942+0000] {logging_mixin.py:190} INFO - [2025-03-12T15:01:47.941+0000] {dag.py:4180} INFO - Setting next_dagrun for dataset_produces_1 to 2025-03-11 00:00:00+00:00, run_after=2025-03-12 00:00:00+00:00
[2025-03-12T15:01:47.944+0000] {logging_mixin.py:190} INFO - [2025-03-12T15:01:47.943+0000] {dag.py:4180} INFO - Setting next_dagrun for dataset_produces_2 to None, run_after=None
[2025-03-12T15:01:48.001+0000] {processor.py:208} INFO - Processing /home/airflow/.local/lib/python3.12/site-packages/airflow/example_dags/example_datasets.py took 1.114 seconds
[2025-03-12T15:02:18.062+0000] {processor.py:186} INFO - Started process (PID=120976) to work on /home/airflow/.local/lib/python3.12/site-packages/airflow/example_dags/example_datasets.py
[2025-03-12T15:02:18.063+0000] {processor.py:914} INFO - Processing file /home/airflow/.local/lib/python3.12/site-packages/airflow/example_dags/example_datasets.py for tasks to queue
[2025-03-12T15:02:18.066+0000] {logging_mixin.py:190} INFO - [2025-03-12T15:02:18.065+0000] {dagbag.py:588} INFO - Filling up the DagBag from /home/airflow/.local/lib/python3.12/site-packages/airflow/example_dags/example_datasets.py
[2025-03-12T15:02:18.961+0000] {processor.py:925} INFO - DAG(s) 'dataset_consumes_unknown_never_scheduled', 'consume_1_or_both_2_and_3_with_dataset_expressions', 'dataset_produces_1', 'dataset_consumes_1_and_2', 'conditional_dataset_and_time_based_timetable', 'dataset_produces_2', 'dataset_consumes_1_never_scheduled', 'consume_1_or_2_with_dataset_expressions', 'consume_1_and_2_with_dataset_expressions', 'dataset_consumes_1' retrieved from /home/airflow/.local/lib/python3.12/site-packages/airflow/example_dags/example_datasets.py
[2025-03-12T15:02:19.034+0000] {logging_mixin.py:190} INFO - [2025-03-12T15:02:19.034+0000] {dag.py:3239} INFO - Sync 10 DAGs
[2025-03-12T15:02:19.079+0000] {logging_mixin.py:190} INFO - [2025-03-12T15:02:19.079+0000] {dag.py:4180} INFO - Setting next_dagrun for conditional_dataset_and_time_based_timetable to 2025-03-12 01:00:00+00:00, run_after=2025-03-12 01:00:00+00:00
[2025-03-12T15:02:19.086+0000] {logging_mixin.py:190} INFO - [2025-03-12T15:02:19.086+0000] {dag.py:4180} INFO - Setting next_dagrun for consume_1_and_2_with_dataset_expressions to None, run_after=None
[2025-03-12T15:02:19.089+0000] {logging_mixin.py:190} INFO - [2025-03-12T15:02:19.089+0000] {dag.py:4180} INFO - Setting next_dagrun for consume_1_or_2_with_dataset_expressions to None, run_after=None
[2025-03-12T15:02:19.091+0000] {logging_mixin.py:190} INFO - [2025-03-12T15:02:19.091+0000] {dag.py:4180} INFO - Setting next_dagrun for consume_1_or_both_2_and_3_with_dataset_expressions to None, run_after=None
[2025-03-12T15:02:19.093+0000] {logging_mixin.py:190} INFO - [2025-03-12T15:02:19.093+0000] {dag.py:4180} INFO - Setting next_dagrun for dataset_consumes_1 to None, run_after=None
[2025-03-12T15:02:19.096+0000] {logging_mixin.py:190} INFO - [2025-03-12T15:02:19.095+0000] {dag.py:4180} INFO - Setting next_dagrun for dataset_consumes_1_and_2 to None, run_after=None
[2025-03-12T15:02:19.098+0000] {logging_mixin.py:190} INFO - [2025-03-12T15:02:19.098+0000] {dag.py:4180} INFO - Setting next_dagrun for dataset_consumes_1_never_scheduled to None, run_after=None
[2025-03-12T15:02:19.100+0000] {logging_mixin.py:190} INFO - [2025-03-12T15:02:19.100+0000] {dag.py:4180} INFO - Setting next_dagrun for dataset_consumes_unknown_never_scheduled to None, run_after=None
[2025-03-12T15:02:19.105+0000] {logging_mixin.py:190} INFO - [2025-03-12T15:02:19.105+0000] {dag.py:4180} INFO - Setting next_dagrun for dataset_produces_1 to 2025-03-11 00:00:00+00:00, run_after=2025-03-12 00:00:00+00:00
[2025-03-12T15:02:19.107+0000] {logging_mixin.py:190} INFO - [2025-03-12T15:02:19.107+0000] {dag.py:4180} INFO - Setting next_dagrun for dataset_produces_2 to None, run_after=None
[2025-03-12T15:02:19.162+0000] {processor.py:208} INFO - Processing /home/airflow/.local/lib/python3.12/site-packages/airflow/example_dags/example_datasets.py took 1.108 seconds
