[2025-03-12T15:00:17.782+0000] {processor.py:186} INFO - Started process (PID=120761) to work on /home/airflow/.local/lib/python3.12/site-packages/airflow/example_dags/example_python_decorator.py
[2025-03-12T15:00:17.783+0000] {processor.py:914} INFO - Processing file /home/airflow/.local/lib/python3.12/site-packages/airflow/example_dags/example_python_decorator.py for tasks to queue
[2025-03-12T15:00:17.785+0000] {logging_mixin.py:190} INFO - [2025-03-12T15:00:17.785+0000] {dagbag.py:588} INFO - Filling up the DagBag from /home/airflow/.local/lib/python3.12/site-packages/airflow/example_dags/example_python_decorator.py
[2025-03-12T15:00:17.807+0000] {processor.py:925} INFO - DAG(s) 'example_python_decorator' retrieved from /home/airflow/.local/lib/python3.12/site-packages/airflow/example_dags/example_python_decorator.py
[2025-03-12T15:00:17.840+0000] {logging_mixin.py:190} INFO - [2025-03-12T15:00:17.840+0000] {dag.py:3239} INFO - Sync 1 DAGs
[2025-03-12T15:00:17.863+0000] {logging_mixin.py:190} INFO - [2025-03-12T15:00:17.863+0000] {dag.py:4180} INFO - Setting next_dagrun for example_python_decorator to None, run_after=None
[2025-03-12T15:00:17.891+0000] {processor.py:208} INFO - Processing /home/airflow/.local/lib/python3.12/site-packages/airflow/example_dags/example_python_decorator.py took 0.118 seconds
[2025-03-12T15:00:50.020+0000] {processor.py:186} INFO - Started process (PID=120825) to work on /home/airflow/.local/lib/python3.12/site-packages/airflow/example_dags/example_python_decorator.py
[2025-03-12T15:00:50.021+0000] {processor.py:914} INFO - Processing file /home/airflow/.local/lib/python3.12/site-packages/airflow/example_dags/example_python_decorator.py for tasks to queue
[2025-03-12T15:00:50.026+0000] {logging_mixin.py:190} INFO - [2025-03-12T15:00:50.025+0000] {dagbag.py:588} INFO - Filling up the DagBag from /home/airflow/.local/lib/python3.12/site-packages/airflow/example_dags/example_python_decorator.py
[2025-03-12T15:00:50.059+0000] {processor.py:925} INFO - DAG(s) 'example_python_decorator' retrieved from /home/airflow/.local/lib/python3.12/site-packages/airflow/example_dags/example_python_decorator.py
[2025-03-12T15:00:50.110+0000] {logging_mixin.py:190} INFO - [2025-03-12T15:00:50.110+0000] {dag.py:3239} INFO - Sync 1 DAGs
[2025-03-12T15:00:50.138+0000] {logging_mixin.py:190} INFO - [2025-03-12T15:00:50.138+0000] {dag.py:4180} INFO - Setting next_dagrun for example_python_decorator to None, run_after=None
[2025-03-12T15:00:50.172+0000] {processor.py:208} INFO - Processing /home/airflow/.local/lib/python3.12/site-packages/airflow/example_dags/example_python_decorator.py took 0.164 seconds
[2025-03-12T15:01:21.250+0000] {processor.py:186} INFO - Started process (PID=120888) to work on /home/airflow/.local/lib/python3.12/site-packages/airflow/example_dags/example_python_decorator.py
[2025-03-12T15:01:21.252+0000] {processor.py:914} INFO - Processing file /home/airflow/.local/lib/python3.12/site-packages/airflow/example_dags/example_python_decorator.py for tasks to queue
[2025-03-12T15:01:21.256+0000] {logging_mixin.py:190} INFO - [2025-03-12T15:01:21.255+0000] {dagbag.py:588} INFO - Filling up the DagBag from /home/airflow/.local/lib/python3.12/site-packages/airflow/example_dags/example_python_decorator.py
[2025-03-12T15:01:21.279+0000] {processor.py:925} INFO - DAG(s) 'example_python_decorator' retrieved from /home/airflow/.local/lib/python3.12/site-packages/airflow/example_dags/example_python_decorator.py
[2025-03-12T15:01:21.311+0000] {logging_mixin.py:190} INFO - [2025-03-12T15:01:21.311+0000] {dag.py:3239} INFO - Sync 1 DAGs
[2025-03-12T15:01:21.334+0000] {logging_mixin.py:190} INFO - [2025-03-12T15:01:21.334+0000] {dag.py:4180} INFO - Setting next_dagrun for example_python_decorator to None, run_after=None
[2025-03-12T15:01:21.364+0000] {processor.py:208} INFO - Processing /home/airflow/.local/lib/python3.12/site-packages/airflow/example_dags/example_python_decorator.py took 0.122 seconds
[2025-03-12T15:01:52.605+0000] {processor.py:186} INFO - Started process (PID=120951) to work on /home/airflow/.local/lib/python3.12/site-packages/airflow/example_dags/example_python_decorator.py
[2025-03-12T15:01:52.606+0000] {processor.py:914} INFO - Processing file /home/airflow/.local/lib/python3.12/site-packages/airflow/example_dags/example_python_decorator.py for tasks to queue
[2025-03-12T15:01:52.609+0000] {logging_mixin.py:190} INFO - [2025-03-12T15:01:52.609+0000] {dagbag.py:588} INFO - Filling up the DagBag from /home/airflow/.local/lib/python3.12/site-packages/airflow/example_dags/example_python_decorator.py
[2025-03-12T15:01:52.632+0000] {processor.py:925} INFO - DAG(s) 'example_python_decorator' retrieved from /home/airflow/.local/lib/python3.12/site-packages/airflow/example_dags/example_python_decorator.py
[2025-03-12T15:01:52.676+0000] {logging_mixin.py:190} INFO - [2025-03-12T15:01:52.675+0000] {dag.py:3239} INFO - Sync 1 DAGs
[2025-03-12T15:01:52.710+0000] {logging_mixin.py:190} INFO - [2025-03-12T15:01:52.710+0000] {dag.py:4180} INFO - Setting next_dagrun for example_python_decorator to None, run_after=None
[2025-03-12T15:01:52.747+0000] {processor.py:208} INFO - Processing /home/airflow/.local/lib/python3.12/site-packages/airflow/example_dags/example_python_decorator.py took 0.150 seconds
[2025-03-12T15:02:23.324+0000] {processor.py:186} INFO - Started process (PID=121014) to work on /home/airflow/.local/lib/python3.12/site-packages/airflow/example_dags/example_python_decorator.py
[2025-03-12T15:02:23.325+0000] {processor.py:914} INFO - Processing file /home/airflow/.local/lib/python3.12/site-packages/airflow/example_dags/example_python_decorator.py for tasks to queue
[2025-03-12T15:02:23.328+0000] {logging_mixin.py:190} INFO - [2025-03-12T15:02:23.328+0000] {dagbag.py:588} INFO - Filling up the DagBag from /home/airflow/.local/lib/python3.12/site-packages/airflow/example_dags/example_python_decorator.py
[2025-03-12T15:02:23.351+0000] {processor.py:925} INFO - DAG(s) 'example_python_decorator' retrieved from /home/airflow/.local/lib/python3.12/site-packages/airflow/example_dags/example_python_decorator.py
[2025-03-12T15:02:23.389+0000] {logging_mixin.py:190} INFO - [2025-03-12T15:02:23.388+0000] {dag.py:3239} INFO - Sync 1 DAGs
[2025-03-12T15:02:23.424+0000] {logging_mixin.py:190} INFO - [2025-03-12T15:02:23.424+0000] {dag.py:4180} INFO - Setting next_dagrun for example_python_decorator to None, run_after=None
[2025-03-12T15:02:23.460+0000] {processor.py:208} INFO - Processing /home/airflow/.local/lib/python3.12/site-packages/airflow/example_dags/example_python_decorator.py took 0.144 seconds
