[2025-03-12T15:00:12.349+0000] {processor.py:186} INFO - Started process (PID=120721) to work on /home/airflow/.local/lib/python3.12/site-packages/airflow/example_dags/example_xcomargs.py
[2025-03-12T15:00:12.350+0000] {processor.py:914} INFO - Processing file /home/airflow/.local/lib/python3.12/site-packages/airflow/example_dags/example_xcomargs.py for tasks to queue
[2025-03-12T15:00:12.353+0000] {logging_mixin.py:190} INFO - [2025-03-12T15:00:12.353+0000] {dagbag.py:588} INFO - Filling up the DagBag from /home/airflow/.local/lib/python3.12/site-packages/airflow/example_dags/example_xcomargs.py
[2025-03-12T15:00:12.369+0000] {processor.py:925} INFO - DAG(s) 'example_xcom_args_with_operators', 'example_xcom_args' retrieved from /home/airflow/.local/lib/python3.12/site-packages/airflow/example_dags/example_xcomargs.py
[2025-03-12T15:00:12.411+0000] {logging_mixin.py:190} INFO - [2025-03-12T15:00:12.410+0000] {dag.py:3239} INFO - Sync 2 DAGs
[2025-03-12T15:00:12.437+0000] {logging_mixin.py:190} INFO - [2025-03-12T15:00:12.437+0000] {dag.py:4180} INFO - Setting next_dagrun for example_xcom_args to None, run_after=None
[2025-03-12T15:00:12.444+0000] {logging_mixin.py:190} INFO - [2025-03-12T15:00:12.444+0000] {dag.py:4180} INFO - Setting next_dagrun for example_xcom_args_with_operators to None, run_after=None
[2025-03-12T15:00:12.477+0000] {processor.py:208} INFO - Processing /home/airflow/.local/lib/python3.12/site-packages/airflow/example_dags/example_xcomargs.py took 0.137 seconds
[2025-03-12T15:00:42.659+0000] {processor.py:186} INFO - Started process (PID=120783) to work on /home/airflow/.local/lib/python3.12/site-packages/airflow/example_dags/example_xcomargs.py
[2025-03-12T15:00:42.660+0000] {processor.py:914} INFO - Processing file /home/airflow/.local/lib/python3.12/site-packages/airflow/example_dags/example_xcomargs.py for tasks to queue
[2025-03-12T15:00:42.662+0000] {logging_mixin.py:190} INFO - [2025-03-12T15:00:42.662+0000] {dagbag.py:588} INFO - Filling up the DagBag from /home/airflow/.local/lib/python3.12/site-packages/airflow/example_dags/example_xcomargs.py
[2025-03-12T15:00:42.677+0000] {processor.py:925} INFO - DAG(s) 'example_xcom_args_with_operators', 'example_xcom_args' retrieved from /home/airflow/.local/lib/python3.12/site-packages/airflow/example_dags/example_xcomargs.py
[2025-03-12T15:00:42.713+0000] {logging_mixin.py:190} INFO - [2025-03-12T15:00:42.713+0000] {dag.py:3239} INFO - Sync 2 DAGs
[2025-03-12T15:00:42.739+0000] {logging_mixin.py:190} INFO - [2025-03-12T15:00:42.738+0000] {dag.py:4180} INFO - Setting next_dagrun for example_xcom_args to None, run_after=None
[2025-03-12T15:00:42.745+0000] {logging_mixin.py:190} INFO - [2025-03-12T15:00:42.745+0000] {dag.py:4180} INFO - Setting next_dagrun for example_xcom_args_with_operators to None, run_after=None
[2025-03-12T15:00:42.770+0000] {processor.py:208} INFO - Processing /home/airflow/.local/lib/python3.12/site-packages/airflow/example_dags/example_xcomargs.py took 0.120 seconds
[2025-03-12T15:01:13.278+0000] {processor.py:186} INFO - Started process (PID=120846) to work on /home/airflow/.local/lib/python3.12/site-packages/airflow/example_dags/example_xcomargs.py
[2025-03-12T15:01:13.279+0000] {processor.py:914} INFO - Processing file /home/airflow/.local/lib/python3.12/site-packages/airflow/example_dags/example_xcomargs.py for tasks to queue
[2025-03-12T15:01:13.282+0000] {logging_mixin.py:190} INFO - [2025-03-12T15:01:13.282+0000] {dagbag.py:588} INFO - Filling up the DagBag from /home/airflow/.local/lib/python3.12/site-packages/airflow/example_dags/example_xcomargs.py
[2025-03-12T15:01:13.297+0000] {processor.py:925} INFO - DAG(s) 'example_xcom_args', 'example_xcom_args_with_operators' retrieved from /home/airflow/.local/lib/python3.12/site-packages/airflow/example_dags/example_xcomargs.py
[2025-03-12T15:01:13.332+0000] {logging_mixin.py:190} INFO - [2025-03-12T15:01:13.331+0000] {dag.py:3239} INFO - Sync 2 DAGs
[2025-03-12T15:01:13.356+0000] {logging_mixin.py:190} INFO - [2025-03-12T15:01:13.355+0000] {dag.py:4180} INFO - Setting next_dagrun for example_xcom_args to None, run_after=None
[2025-03-12T15:01:13.362+0000] {logging_mixin.py:190} INFO - [2025-03-12T15:01:13.362+0000] {dag.py:4180} INFO - Setting next_dagrun for example_xcom_args_with_operators to None, run_after=None
[2025-03-12T15:01:13.390+0000] {processor.py:208} INFO - Processing /home/airflow/.local/lib/python3.12/site-packages/airflow/example_dags/example_xcomargs.py took 0.121 seconds
[2025-03-12T15:01:44.420+0000] {processor.py:186} INFO - Started process (PID=120909) to work on /home/airflow/.local/lib/python3.12/site-packages/airflow/example_dags/example_xcomargs.py
[2025-03-12T15:01:44.421+0000] {processor.py:914} INFO - Processing file /home/airflow/.local/lib/python3.12/site-packages/airflow/example_dags/example_xcomargs.py for tasks to queue
[2025-03-12T15:01:44.424+0000] {logging_mixin.py:190} INFO - [2025-03-12T15:01:44.423+0000] {dagbag.py:588} INFO - Filling up the DagBag from /home/airflow/.local/lib/python3.12/site-packages/airflow/example_dags/example_xcomargs.py
[2025-03-12T15:01:44.438+0000] {processor.py:925} INFO - DAG(s) 'example_xcom_args_with_operators', 'example_xcom_args' retrieved from /home/airflow/.local/lib/python3.12/site-packages/airflow/example_dags/example_xcomargs.py
[2025-03-12T15:01:44.471+0000] {logging_mixin.py:190} INFO - [2025-03-12T15:01:44.471+0000] {dag.py:3239} INFO - Sync 2 DAGs
[2025-03-12T15:01:44.495+0000] {logging_mixin.py:190} INFO - [2025-03-12T15:01:44.495+0000] {dag.py:4180} INFO - Setting next_dagrun for example_xcom_args to None, run_after=None
[2025-03-12T15:01:44.501+0000] {logging_mixin.py:190} INFO - [2025-03-12T15:01:44.501+0000] {dag.py:4180} INFO - Setting next_dagrun for example_xcom_args_with_operators to None, run_after=None
[2025-03-12T15:01:44.526+0000] {processor.py:208} INFO - Processing /home/airflow/.local/lib/python3.12/site-packages/airflow/example_dags/example_xcomargs.py took 0.113 seconds
[2025-03-12T15:02:14.831+0000] {processor.py:186} INFO - Started process (PID=120972) to work on /home/airflow/.local/lib/python3.12/site-packages/airflow/example_dags/example_xcomargs.py
[2025-03-12T15:02:14.840+0000] {processor.py:914} INFO - Processing file /home/airflow/.local/lib/python3.12/site-packages/airflow/example_dags/example_xcomargs.py for tasks to queue
[2025-03-12T15:02:14.843+0000] {logging_mixin.py:190} INFO - [2025-03-12T15:02:14.842+0000] {dagbag.py:588} INFO - Filling up the DagBag from /home/airflow/.local/lib/python3.12/site-packages/airflow/example_dags/example_xcomargs.py
[2025-03-12T15:02:14.857+0000] {processor.py:925} INFO - DAG(s) 'example_xcom_args', 'example_xcom_args_with_operators' retrieved from /home/airflow/.local/lib/python3.12/site-packages/airflow/example_dags/example_xcomargs.py
[2025-03-12T15:02:14.890+0000] {logging_mixin.py:190} INFO - [2025-03-12T15:02:14.890+0000] {dag.py:3239} INFO - Sync 2 DAGs
[2025-03-12T15:02:14.914+0000] {logging_mixin.py:190} INFO - [2025-03-12T15:02:14.914+0000] {dag.py:4180} INFO - Setting next_dagrun for example_xcom_args to None, run_after=None
[2025-03-12T15:02:14.920+0000] {logging_mixin.py:190} INFO - [2025-03-12T15:02:14.920+0000] {dag.py:4180} INFO - Setting next_dagrun for example_xcom_args_with_operators to None, run_after=None
[2025-03-12T15:02:14.944+0000] {processor.py:208} INFO - Processing /home/airflow/.local/lib/python3.12/site-packages/airflow/example_dags/example_xcomargs.py took 0.121 seconds
