[2025-03-12T15:00:15.773+0000] {processor.py:186} INFO - Started process (PID=120738) to work on /home/airflow/.local/lib/python3.12/site-packages/airflow/example_dags/example_kubernetes_executor.py
[2025-03-12T15:00:15.774+0000] {processor.py:914} INFO - Processing file /home/airflow/.local/lib/python3.12/site-packages/airflow/example_dags/example_kubernetes_executor.py for tasks to queue
[2025-03-12T15:00:15.776+0000] {logging_mixin.py:190} INFO - [2025-03-12T15:00:15.776+0000] {dagbag.py:588} INFO - Filling up the DagBag from /home/airflow/.local/lib/python3.12/site-packages/airflow/example_dags/example_kubernetes_executor.py
[2025-03-12T15:00:15.797+0000] {processor.py:925} INFO - DAG(s) 'example_kubernetes_executor' retrieved from /home/airflow/.local/lib/python3.12/site-packages/airflow/example_dags/example_kubernetes_executor.py
[2025-03-12T15:00:15.833+0000] {logging_mixin.py:190} INFO - [2025-03-12T15:00:15.833+0000] {dag.py:3239} INFO - Sync 1 DAGs
[2025-03-12T15:00:15.859+0000] {logging_mixin.py:190} INFO - [2025-03-12T15:00:15.859+0000] {dag.py:4180} INFO - Setting next_dagrun for example_kubernetes_executor to None, run_after=None
[2025-03-12T15:00:15.895+0000] {processor.py:208} INFO - Processing /home/airflow/.local/lib/python3.12/site-packages/airflow/example_dags/example_kubernetes_executor.py took 0.131 seconds
[2025-03-12T15:00:47.397+0000] {processor.py:186} INFO - Started process (PID=120801) to work on /home/airflow/.local/lib/python3.12/site-packages/airflow/example_dags/example_kubernetes_executor.py
[2025-03-12T15:00:47.398+0000] {processor.py:914} INFO - Processing file /home/airflow/.local/lib/python3.12/site-packages/airflow/example_dags/example_kubernetes_executor.py for tasks to queue
[2025-03-12T15:00:47.400+0000] {logging_mixin.py:190} INFO - [2025-03-12T15:00:47.400+0000] {dagbag.py:588} INFO - Filling up the DagBag from /home/airflow/.local/lib/python3.12/site-packages/airflow/example_dags/example_kubernetes_executor.py
[2025-03-12T15:00:47.422+0000] {processor.py:925} INFO - DAG(s) 'example_kubernetes_executor' retrieved from /home/airflow/.local/lib/python3.12/site-packages/airflow/example_dags/example_kubernetes_executor.py
[2025-03-12T15:00:47.457+0000] {logging_mixin.py:190} INFO - [2025-03-12T15:00:47.457+0000] {dag.py:3239} INFO - Sync 1 DAGs
[2025-03-12T15:00:47.481+0000] {logging_mixin.py:190} INFO - [2025-03-12T15:00:47.481+0000] {dag.py:4180} INFO - Setting next_dagrun for example_kubernetes_executor to None, run_after=None
[2025-03-12T15:00:47.516+0000] {processor.py:208} INFO - Processing /home/airflow/.local/lib/python3.12/site-packages/airflow/example_dags/example_kubernetes_executor.py took 0.128 seconds
[2025-03-12T15:01:19.050+0000] {processor.py:186} INFO - Started process (PID=120867) to work on /home/airflow/.local/lib/python3.12/site-packages/airflow/example_dags/example_kubernetes_executor.py
[2025-03-12T15:01:19.051+0000] {processor.py:914} INFO - Processing file /home/airflow/.local/lib/python3.12/site-packages/airflow/example_dags/example_kubernetes_executor.py for tasks to queue
[2025-03-12T15:01:19.054+0000] {logging_mixin.py:190} INFO - [2025-03-12T15:01:19.054+0000] {dagbag.py:588} INFO - Filling up the DagBag from /home/airflow/.local/lib/python3.12/site-packages/airflow/example_dags/example_kubernetes_executor.py
[2025-03-12T15:01:19.077+0000] {processor.py:925} INFO - DAG(s) 'example_kubernetes_executor' retrieved from /home/airflow/.local/lib/python3.12/site-packages/airflow/example_dags/example_kubernetes_executor.py
[2025-03-12T15:01:19.128+0000] {logging_mixin.py:190} INFO - [2025-03-12T15:01:19.127+0000] {dag.py:3239} INFO - Sync 1 DAGs
[2025-03-12T15:01:19.156+0000] {logging_mixin.py:190} INFO - [2025-03-12T15:01:19.156+0000] {dag.py:4180} INFO - Setting next_dagrun for example_kubernetes_executor to None, run_after=None
[2025-03-12T15:01:19.185+0000] {processor.py:208} INFO - Processing /home/airflow/.local/lib/python3.12/site-packages/airflow/example_dags/example_kubernetes_executor.py took 0.144 seconds
[2025-03-12T15:01:50.952+0000] {processor.py:186} INFO - Started process (PID=120934) to work on /home/airflow/.local/lib/python3.12/site-packages/airflow/example_dags/example_kubernetes_executor.py
[2025-03-12T15:01:50.954+0000] {processor.py:914} INFO - Processing file /home/airflow/.local/lib/python3.12/site-packages/airflow/example_dags/example_kubernetes_executor.py for tasks to queue
[2025-03-12T15:01:50.956+0000] {logging_mixin.py:190} INFO - [2025-03-12T15:01:50.956+0000] {dagbag.py:588} INFO - Filling up the DagBag from /home/airflow/.local/lib/python3.12/site-packages/airflow/example_dags/example_kubernetes_executor.py
[2025-03-12T15:01:50.977+0000] {processor.py:925} INFO - DAG(s) 'example_kubernetes_executor' retrieved from /home/airflow/.local/lib/python3.12/site-packages/airflow/example_dags/example_kubernetes_executor.py
[2025-03-12T15:01:51.013+0000] {logging_mixin.py:190} INFO - [2025-03-12T15:01:51.012+0000] {dag.py:3239} INFO - Sync 1 DAGs
[2025-03-12T15:01:51.037+0000] {logging_mixin.py:190} INFO - [2025-03-12T15:01:51.037+0000] {dag.py:4180} INFO - Setting next_dagrun for example_kubernetes_executor to None, run_after=None
[2025-03-12T15:01:51.065+0000] {processor.py:208} INFO - Processing /home/airflow/.local/lib/python3.12/site-packages/airflow/example_dags/example_kubernetes_executor.py took 0.121 seconds
[2025-03-12T15:02:21.649+0000] {processor.py:186} INFO - Started process (PID=120997) to work on /home/airflow/.local/lib/python3.12/site-packages/airflow/example_dags/example_kubernetes_executor.py
[2025-03-12T15:02:21.650+0000] {processor.py:914} INFO - Processing file /home/airflow/.local/lib/python3.12/site-packages/airflow/example_dags/example_kubernetes_executor.py for tasks to queue
[2025-03-12T15:02:21.653+0000] {logging_mixin.py:190} INFO - [2025-03-12T15:02:21.653+0000] {dagbag.py:588} INFO - Filling up the DagBag from /home/airflow/.local/lib/python3.12/site-packages/airflow/example_dags/example_kubernetes_executor.py
[2025-03-12T15:02:21.675+0000] {processor.py:925} INFO - DAG(s) 'example_kubernetes_executor' retrieved from /home/airflow/.local/lib/python3.12/site-packages/airflow/example_dags/example_kubernetes_executor.py
[2025-03-12T15:02:21.712+0000] {logging_mixin.py:190} INFO - [2025-03-12T15:02:21.712+0000] {dag.py:3239} INFO - Sync 1 DAGs
[2025-03-12T15:02:21.737+0000] {logging_mixin.py:190} INFO - [2025-03-12T15:02:21.737+0000] {dag.py:4180} INFO - Setting next_dagrun for example_kubernetes_executor to None, run_after=None
[2025-03-12T15:02:21.767+0000] {processor.py:208} INFO - Processing /home/airflow/.local/lib/python3.12/site-packages/airflow/example_dags/example_kubernetes_executor.py took 0.126 seconds
