[2025-03-12T15:00:15.609+0000] {processor.py:186} INFO - Started process (PID=120737) to work on /home/airflow/.local/lib/python3.12/site-packages/airflow/example_dags/example_bash_operator.py
[2025-03-12T15:00:15.610+0000] {processor.py:914} INFO - Processing file /home/airflow/.local/lib/python3.12/site-packages/airflow/example_dags/example_bash_operator.py for tasks to queue
[2025-03-12T15:00:15.613+0000] {logging_mixin.py:190} INFO - [2025-03-12T15:00:15.612+0000] {dagbag.py:588} INFO - Filling up the DagBag from /home/airflow/.local/lib/python3.12/site-packages/airflow/example_dags/example_bash_operator.py
[2025-03-12T15:00:15.633+0000] {processor.py:925} INFO - DAG(s) 'example_bash_operator' retrieved from /home/airflow/.local/lib/python3.12/site-packages/airflow/example_dags/example_bash_operator.py
[2025-03-12T15:00:15.679+0000] {logging_mixin.py:190} INFO - [2025-03-12T15:00:15.678+0000] {dag.py:3239} INFO - Sync 1 DAGs
[2025-03-12T15:00:15.722+0000] {logging_mixin.py:190} INFO - [2025-03-12T15:00:15.721+0000] {dag.py:4180} INFO - Setting next_dagrun for example_bash_operator to 2025-03-11 00:00:00+00:00, run_after=2025-03-12 00:00:00+00:00
[2025-03-12T15:00:15.750+0000] {processor.py:208} INFO - Processing /home/airflow/.local/lib/python3.12/site-packages/airflow/example_dags/example_bash_operator.py took 0.150 seconds
[2025-03-12T15:00:47.227+0000] {processor.py:186} INFO - Started process (PID=120800) to work on /home/airflow/.local/lib/python3.12/site-packages/airflow/example_dags/example_bash_operator.py
[2025-03-12T15:00:47.229+0000] {processor.py:914} INFO - Processing file /home/airflow/.local/lib/python3.12/site-packages/airflow/example_dags/example_bash_operator.py for tasks to queue
[2025-03-12T15:00:47.232+0000] {logging_mixin.py:190} INFO - [2025-03-12T15:00:47.232+0000] {dagbag.py:588} INFO - Filling up the DagBag from /home/airflow/.local/lib/python3.12/site-packages/airflow/example_dags/example_bash_operator.py
[2025-03-12T15:00:47.257+0000] {processor.py:925} INFO - DAG(s) 'example_bash_operator' retrieved from /home/airflow/.local/lib/python3.12/site-packages/airflow/example_dags/example_bash_operator.py
[2025-03-12T15:00:47.305+0000] {logging_mixin.py:190} INFO - [2025-03-12T15:00:47.305+0000] {dag.py:3239} INFO - Sync 1 DAGs
[2025-03-12T15:00:47.348+0000] {logging_mixin.py:190} INFO - [2025-03-12T15:00:47.348+0000] {dag.py:4180} INFO - Setting next_dagrun for example_bash_operator to 2025-03-11 00:00:00+00:00, run_after=2025-03-12 00:00:00+00:00
[2025-03-12T15:00:47.382+0000] {processor.py:208} INFO - Processing /home/airflow/.local/lib/python3.12/site-packages/airflow/example_dags/example_bash_operator.py took 0.164 seconds
[2025-03-12T15:01:18.952+0000] {processor.py:186} INFO - Started process (PID=120866) to work on /home/airflow/.local/lib/python3.12/site-packages/airflow/example_dags/example_bash_operator.py
[2025-03-12T15:01:18.953+0000] {processor.py:914} INFO - Processing file /home/airflow/.local/lib/python3.12/site-packages/airflow/example_dags/example_bash_operator.py for tasks to queue
[2025-03-12T15:01:18.956+0000] {logging_mixin.py:190} INFO - [2025-03-12T15:01:18.956+0000] {dagbag.py:588} INFO - Filling up the DagBag from /home/airflow/.local/lib/python3.12/site-packages/airflow/example_dags/example_bash_operator.py
[2025-03-12T15:01:18.977+0000] {processor.py:925} INFO - DAG(s) 'example_bash_operator' retrieved from /home/airflow/.local/lib/python3.12/site-packages/airflow/example_dags/example_bash_operator.py
[2025-03-12T15:01:19.041+0000] {logging_mixin.py:190} INFO - [2025-03-12T15:01:19.041+0000] {dag.py:3239} INFO - Sync 1 DAGs
[2025-03-12T15:01:19.095+0000] {logging_mixin.py:190} INFO - [2025-03-12T15:01:19.095+0000] {dag.py:4180} INFO - Setting next_dagrun for example_bash_operator to 2025-03-11 00:00:00+00:00, run_after=2025-03-12 00:00:00+00:00
[2025-03-12T15:01:19.123+0000] {processor.py:208} INFO - Processing /home/airflow/.local/lib/python3.12/site-packages/airflow/example_dags/example_bash_operator.py took 0.180 seconds
[2025-03-12T15:01:50.924+0000] {processor.py:186} INFO - Started process (PID=120933) to work on /home/airflow/.local/lib/python3.12/site-packages/airflow/example_dags/example_bash_operator.py
[2025-03-12T15:01:50.925+0000] {processor.py:914} INFO - Processing file /home/airflow/.local/lib/python3.12/site-packages/airflow/example_dags/example_bash_operator.py for tasks to queue
[2025-03-12T15:01:50.929+0000] {logging_mixin.py:190} INFO - [2025-03-12T15:01:50.928+0000] {dagbag.py:588} INFO - Filling up the DagBag from /home/airflow/.local/lib/python3.12/site-packages/airflow/example_dags/example_bash_operator.py
[2025-03-12T15:01:50.948+0000] {processor.py:925} INFO - DAG(s) 'example_bash_operator' retrieved from /home/airflow/.local/lib/python3.12/site-packages/airflow/example_dags/example_bash_operator.py
[2025-03-12T15:01:50.990+0000] {logging_mixin.py:190} INFO - [2025-03-12T15:01:50.989+0000] {dag.py:3239} INFO - Sync 1 DAGs
[2025-03-12T15:01:51.030+0000] {logging_mixin.py:190} INFO - [2025-03-12T15:01:51.030+0000] {dag.py:4180} INFO - Setting next_dagrun for example_bash_operator to 2025-03-11 00:00:00+00:00, run_after=2025-03-12 00:00:00+00:00
[2025-03-12T15:01:51.058+0000] {processor.py:208} INFO - Processing /home/airflow/.local/lib/python3.12/site-packages/airflow/example_dags/example_bash_operator.py took 0.141 seconds
[2025-03-12T15:02:21.473+0000] {processor.py:186} INFO - Started process (PID=120996) to work on /home/airflow/.local/lib/python3.12/site-packages/airflow/example_dags/example_bash_operator.py
[2025-03-12T15:02:21.474+0000] {processor.py:914} INFO - Processing file /home/airflow/.local/lib/python3.12/site-packages/airflow/example_dags/example_bash_operator.py for tasks to queue
[2025-03-12T15:02:21.477+0000] {logging_mixin.py:190} INFO - [2025-03-12T15:02:21.476+0000] {dagbag.py:588} INFO - Filling up the DagBag from /home/airflow/.local/lib/python3.12/site-packages/airflow/example_dags/example_bash_operator.py
[2025-03-12T15:02:21.497+0000] {processor.py:925} INFO - DAG(s) 'example_bash_operator' retrieved from /home/airflow/.local/lib/python3.12/site-packages/airflow/example_dags/example_bash_operator.py
[2025-03-12T15:02:21.539+0000] {logging_mixin.py:190} INFO - [2025-03-12T15:02:21.539+0000] {dag.py:3239} INFO - Sync 1 DAGs
[2025-03-12T15:02:21.579+0000] {logging_mixin.py:190} INFO - [2025-03-12T15:02:21.579+0000] {dag.py:4180} INFO - Setting next_dagrun for example_bash_operator to 2025-03-11 00:00:00+00:00, run_after=2025-03-12 00:00:00+00:00
[2025-03-12T15:02:21.608+0000] {processor.py:208} INFO - Processing /home/airflow/.local/lib/python3.12/site-packages/airflow/example_dags/example_bash_operator.py took 0.143 seconds
