[2025-03-12T15:00:17.651+0000] {processor.py:186} INFO - Started process (PID=120759) to work on /home/airflow/.local/lib/python3.12/site-packages/airflow/example_dags/example_display_name.py
[2025-03-12T15:00:17.652+0000] {processor.py:914} INFO - Processing file /home/airflow/.local/lib/python3.12/site-packages/airflow/example_dags/example_display_name.py for tasks to queue
[2025-03-12T15:00:17.655+0000] {logging_mixin.py:190} INFO - [2025-03-12T15:00:17.655+0000] {dagbag.py:588} INFO - Filling up the DagBag from /home/airflow/.local/lib/python3.12/site-packages/airflow/example_dags/example_display_name.py
[2025-03-12T15:00:17.665+0000] {processor.py:925} INFO - DAG(s) 'example_display_name' retrieved from /home/airflow/.local/lib/python3.12/site-packages/airflow/example_dags/example_display_name.py
[2025-03-12T15:00:17.692+0000] {logging_mixin.py:190} INFO - [2025-03-12T15:00:17.692+0000] {dag.py:3239} INFO - Sync 1 DAGs
[2025-03-12T15:00:17.715+0000] {logging_mixin.py:190} INFO - [2025-03-12T15:00:17.715+0000] {dag.py:4180} INFO - Setting next_dagrun for example_display_name to None, run_after=None
[2025-03-12T15:00:17.743+0000] {processor.py:208} INFO - Processing /home/airflow/.local/lib/python3.12/site-packages/airflow/example_dags/example_display_name.py took 0.101 seconds
[2025-03-12T15:00:49.840+0000] {processor.py:186} INFO - Started process (PID=120823) to work on /home/airflow/.local/lib/python3.12/site-packages/airflow/example_dags/example_display_name.py
[2025-03-12T15:00:49.841+0000] {processor.py:914} INFO - Processing file /home/airflow/.local/lib/python3.12/site-packages/airflow/example_dags/example_display_name.py for tasks to queue
[2025-03-12T15:00:49.845+0000] {logging_mixin.py:190} INFO - [2025-03-12T15:00:49.844+0000] {dagbag.py:588} INFO - Filling up the DagBag from /home/airflow/.local/lib/python3.12/site-packages/airflow/example_dags/example_display_name.py
[2025-03-12T15:00:49.857+0000] {processor.py:925} INFO - DAG(s) 'example_display_name' retrieved from /home/airflow/.local/lib/python3.12/site-packages/airflow/example_dags/example_display_name.py
[2025-03-12T15:00:49.894+0000] {logging_mixin.py:190} INFO - [2025-03-12T15:00:49.893+0000] {dag.py:3239} INFO - Sync 1 DAGs
[2025-03-12T15:00:49.931+0000] {logging_mixin.py:190} INFO - [2025-03-12T15:00:49.931+0000] {dag.py:4180} INFO - Setting next_dagrun for example_display_name to None, run_after=None
[2025-03-12T15:00:49.971+0000] {processor.py:208} INFO - Processing /home/airflow/.local/lib/python3.12/site-packages/airflow/example_dags/example_display_name.py took 0.140 seconds
[2025-03-12T15:01:21.114+0000] {processor.py:186} INFO - Started process (PID=120886) to work on /home/airflow/.local/lib/python3.12/site-packages/airflow/example_dags/example_display_name.py
[2025-03-12T15:01:21.115+0000] {processor.py:914} INFO - Processing file /home/airflow/.local/lib/python3.12/site-packages/airflow/example_dags/example_display_name.py for tasks to queue
[2025-03-12T15:01:21.118+0000] {logging_mixin.py:190} INFO - [2025-03-12T15:01:21.118+0000] {dagbag.py:588} INFO - Filling up the DagBag from /home/airflow/.local/lib/python3.12/site-packages/airflow/example_dags/example_display_name.py
[2025-03-12T15:01:21.128+0000] {processor.py:925} INFO - DAG(s) 'example_display_name' retrieved from /home/airflow/.local/lib/python3.12/site-packages/airflow/example_dags/example_display_name.py
[2025-03-12T15:01:21.157+0000] {logging_mixin.py:190} INFO - [2025-03-12T15:01:21.157+0000] {dag.py:3239} INFO - Sync 1 DAGs
[2025-03-12T15:01:21.181+0000] {logging_mixin.py:190} INFO - [2025-03-12T15:01:21.181+0000] {dag.py:4180} INFO - Setting next_dagrun for example_display_name to None, run_after=None
[2025-03-12T15:01:21.210+0000] {processor.py:208} INFO - Processing /home/airflow/.local/lib/python3.12/site-packages/airflow/example_dags/example_display_name.py took 0.105 seconds
[2025-03-12T15:01:52.464+0000] {processor.py:186} INFO - Started process (PID=120949) to work on /home/airflow/.local/lib/python3.12/site-packages/airflow/example_dags/example_display_name.py
[2025-03-12T15:01:52.465+0000] {processor.py:914} INFO - Processing file /home/airflow/.local/lib/python3.12/site-packages/airflow/example_dags/example_display_name.py for tasks to queue
[2025-03-12T15:01:52.469+0000] {logging_mixin.py:190} INFO - [2025-03-12T15:01:52.468+0000] {dagbag.py:588} INFO - Filling up the DagBag from /home/airflow/.local/lib/python3.12/site-packages/airflow/example_dags/example_display_name.py
[2025-03-12T15:01:52.479+0000] {processor.py:925} INFO - DAG(s) 'example_display_name' retrieved from /home/airflow/.local/lib/python3.12/site-packages/airflow/example_dags/example_display_name.py
[2025-03-12T15:01:52.506+0000] {logging_mixin.py:190} INFO - [2025-03-12T15:01:52.505+0000] {dag.py:3239} INFO - Sync 1 DAGs
[2025-03-12T15:01:52.529+0000] {logging_mixin.py:190} INFO - [2025-03-12T15:01:52.528+0000] {dag.py:4180} INFO - Setting next_dagrun for example_display_name to None, run_after=None
[2025-03-12T15:01:52.561+0000] {processor.py:208} INFO - Processing /home/airflow/.local/lib/python3.12/site-packages/airflow/example_dags/example_display_name.py took 0.105 seconds
[2025-03-12T15:02:23.184+0000] {processor.py:186} INFO - Started process (PID=121012) to work on /home/airflow/.local/lib/python3.12/site-packages/airflow/example_dags/example_display_name.py
[2025-03-12T15:02:23.185+0000] {processor.py:914} INFO - Processing file /home/airflow/.local/lib/python3.12/site-packages/airflow/example_dags/example_display_name.py for tasks to queue
[2025-03-12T15:02:23.189+0000] {logging_mixin.py:190} INFO - [2025-03-12T15:02:23.188+0000] {dagbag.py:588} INFO - Filling up the DagBag from /home/airflow/.local/lib/python3.12/site-packages/airflow/example_dags/example_display_name.py
[2025-03-12T15:02:23.199+0000] {processor.py:925} INFO - DAG(s) 'example_display_name' retrieved from /home/airflow/.local/lib/python3.12/site-packages/airflow/example_dags/example_display_name.py
[2025-03-12T15:02:23.227+0000] {logging_mixin.py:190} INFO - [2025-03-12T15:02:23.227+0000] {dag.py:3239} INFO - Sync 1 DAGs
[2025-03-12T15:02:23.252+0000] {logging_mixin.py:190} INFO - [2025-03-12T15:02:23.252+0000] {dag.py:4180} INFO - Setting next_dagrun for example_display_name to None, run_after=None
[2025-03-12T15:02:23.282+0000] {processor.py:208} INFO - Processing /home/airflow/.local/lib/python3.12/site-packages/airflow/example_dags/example_display_name.py took 0.106 seconds
