[2025-03-12T15:00:11.370+0000] {processor.py:186} INFO - Started process (PID=120720) to work on /home/airflow/.local/lib/python3.12/site-packages/airflow/example_dags/example_local_kubernetes_executor.py
[2025-03-12T15:00:11.371+0000] {processor.py:914} INFO - Processing file /home/airflow/.local/lib/python3.12/site-packages/airflow/example_dags/example_local_kubernetes_executor.py for tasks to queue
[2025-03-12T15:00:11.374+0000] {logging_mixin.py:190} INFO - [2025-03-12T15:00:11.373+0000] {dagbag.py:588} INFO - Filling up the DagBag from /home/airflow/.local/lib/python3.12/site-packages/airflow/example_dags/example_local_kubernetes_executor.py
[2025-03-12T15:00:11.388+0000] {processor.py:925} INFO - DAG(s) 'example_local_kubernetes_executor' retrieved from /home/airflow/.local/lib/python3.12/site-packages/airflow/example_dags/example_local_kubernetes_executor.py
[2025-03-12T15:00:11.421+0000] {logging_mixin.py:190} INFO - [2025-03-12T15:00:11.421+0000] {dag.py:3239} INFO - Sync 1 DAGs
[2025-03-12T15:00:11.447+0000] {logging_mixin.py:190} INFO - [2025-03-12T15:00:11.447+0000] {dag.py:4180} INFO - Setting next_dagrun for example_local_kubernetes_executor to None, run_after=None
[2025-03-12T15:00:11.488+0000] {processor.py:208} INFO - Processing /home/airflow/.local/lib/python3.12/site-packages/airflow/example_dags/example_local_kubernetes_executor.py took 0.126 seconds
[2025-03-12T15:00:41.643+0000] {processor.py:186} INFO - Started process (PID=120782) to work on /home/airflow/.local/lib/python3.12/site-packages/airflow/example_dags/example_local_kubernetes_executor.py
[2025-03-12T15:00:41.644+0000] {processor.py:914} INFO - Processing file /home/airflow/.local/lib/python3.12/site-packages/airflow/example_dags/example_local_kubernetes_executor.py for tasks to queue
[2025-03-12T15:00:41.646+0000] {logging_mixin.py:190} INFO - [2025-03-12T15:00:41.646+0000] {dagbag.py:588} INFO - Filling up the DagBag from /home/airflow/.local/lib/python3.12/site-packages/airflow/example_dags/example_local_kubernetes_executor.py
[2025-03-12T15:00:41.660+0000] {processor.py:925} INFO - DAG(s) 'example_local_kubernetes_executor' retrieved from /home/airflow/.local/lib/python3.12/site-packages/airflow/example_dags/example_local_kubernetes_executor.py
[2025-03-12T15:00:41.696+0000] {logging_mixin.py:190} INFO - [2025-03-12T15:00:41.696+0000] {dag.py:3239} INFO - Sync 1 DAGs
[2025-03-12T15:00:41.722+0000] {logging_mixin.py:190} INFO - [2025-03-12T15:00:41.722+0000] {dag.py:4180} INFO - Setting next_dagrun for example_local_kubernetes_executor to None, run_after=None
[2025-03-12T15:00:41.757+0000] {processor.py:208} INFO - Processing /home/airflow/.local/lib/python3.12/site-packages/airflow/example_dags/example_local_kubernetes_executor.py took 0.123 seconds
[2025-03-12T15:01:12.259+0000] {processor.py:186} INFO - Started process (PID=120845) to work on /home/airflow/.local/lib/python3.12/site-packages/airflow/example_dags/example_local_kubernetes_executor.py
[2025-03-12T15:01:12.260+0000] {processor.py:914} INFO - Processing file /home/airflow/.local/lib/python3.12/site-packages/airflow/example_dags/example_local_kubernetes_executor.py for tasks to queue
[2025-03-12T15:01:12.263+0000] {logging_mixin.py:190} INFO - [2025-03-12T15:01:12.262+0000] {dagbag.py:588} INFO - Filling up the DagBag from /home/airflow/.local/lib/python3.12/site-packages/airflow/example_dags/example_local_kubernetes_executor.py
[2025-03-12T15:01:12.277+0000] {processor.py:925} INFO - DAG(s) 'example_local_kubernetes_executor' retrieved from /home/airflow/.local/lib/python3.12/site-packages/airflow/example_dags/example_local_kubernetes_executor.py
[2025-03-12T15:01:12.307+0000] {logging_mixin.py:190} INFO - [2025-03-12T15:01:12.307+0000] {dag.py:3239} INFO - Sync 1 DAGs
[2025-03-12T15:01:12.333+0000] {logging_mixin.py:190} INFO - [2025-03-12T15:01:12.332+0000] {dag.py:4180} INFO - Setting next_dagrun for example_local_kubernetes_executor to None, run_after=None
[2025-03-12T15:01:12.365+0000] {processor.py:208} INFO - Processing /home/airflow/.local/lib/python3.12/site-packages/airflow/example_dags/example_local_kubernetes_executor.py took 0.116 seconds
[2025-03-12T15:01:43.286+0000] {processor.py:186} INFO - Started process (PID=120908) to work on /home/airflow/.local/lib/python3.12/site-packages/airflow/example_dags/example_local_kubernetes_executor.py
[2025-03-12T15:01:43.287+0000] {processor.py:914} INFO - Processing file /home/airflow/.local/lib/python3.12/site-packages/airflow/example_dags/example_local_kubernetes_executor.py for tasks to queue
[2025-03-12T15:01:43.290+0000] {logging_mixin.py:190} INFO - [2025-03-12T15:01:43.289+0000] {dagbag.py:588} INFO - Filling up the DagBag from /home/airflow/.local/lib/python3.12/site-packages/airflow/example_dags/example_local_kubernetes_executor.py
[2025-03-12T15:01:43.303+0000] {processor.py:925} INFO - DAG(s) 'example_local_kubernetes_executor' retrieved from /home/airflow/.local/lib/python3.12/site-packages/airflow/example_dags/example_local_kubernetes_executor.py
[2025-03-12T15:01:43.332+0000] {logging_mixin.py:190} INFO - [2025-03-12T15:01:43.332+0000] {dag.py:3239} INFO - Sync 1 DAGs
[2025-03-12T15:01:43.357+0000] {logging_mixin.py:190} INFO - [2025-03-12T15:01:43.357+0000] {dag.py:4180} INFO - Setting next_dagrun for example_local_kubernetes_executor to None, run_after=None
[2025-03-12T15:01:43.385+0000] {processor.py:208} INFO - Processing /home/airflow/.local/lib/python3.12/site-packages/airflow/example_dags/example_local_kubernetes_executor.py took 0.108 seconds
[2025-03-12T15:02:13.696+0000] {processor.py:186} INFO - Started process (PID=120971) to work on /home/airflow/.local/lib/python3.12/site-packages/airflow/example_dags/example_local_kubernetes_executor.py
[2025-03-12T15:02:13.697+0000] {processor.py:914} INFO - Processing file /home/airflow/.local/lib/python3.12/site-packages/airflow/example_dags/example_local_kubernetes_executor.py for tasks to queue
[2025-03-12T15:02:13.700+0000] {logging_mixin.py:190} INFO - [2025-03-12T15:02:13.699+0000] {dagbag.py:588} INFO - Filling up the DagBag from /home/airflow/.local/lib/python3.12/site-packages/airflow/example_dags/example_local_kubernetes_executor.py
[2025-03-12T15:02:13.713+0000] {processor.py:925} INFO - DAG(s) 'example_local_kubernetes_executor' retrieved from /home/airflow/.local/lib/python3.12/site-packages/airflow/example_dags/example_local_kubernetes_executor.py
[2025-03-12T15:02:13.743+0000] {logging_mixin.py:190} INFO - [2025-03-12T15:02:13.743+0000] {dag.py:3239} INFO - Sync 1 DAGs
[2025-03-12T15:02:13.768+0000] {logging_mixin.py:190} INFO - [2025-03-12T15:02:13.768+0000] {dag.py:4180} INFO - Setting next_dagrun for example_local_kubernetes_executor to None, run_after=None
[2025-03-12T15:02:13.795+0000] {processor.py:208} INFO - Processing /home/airflow/.local/lib/python3.12/site-packages/airflow/example_dags/example_local_kubernetes_executor.py took 0.107 seconds
