[2025-03-12T15:00:17.866+0000] {processor.py:186} INFO - Started process (PID=120762) to work on /home/airflow/.local/lib/python3.12/site-packages/airflow/example_dags/example_branch_python_dop_operator_3.py
[2025-03-12T15:00:17.867+0000] {processor.py:914} INFO - Processing file /home/airflow/.local/lib/python3.12/site-packages/airflow/example_dags/example_branch_python_dop_operator_3.py for tasks to queue
[2025-03-12T15:00:17.870+0000] {logging_mixin.py:190} INFO - [2025-03-12T15:00:17.870+0000] {dagbag.py:588} INFO - Filling up the DagBag from /home/airflow/.local/lib/python3.12/site-packages/airflow/example_dags/example_branch_python_dop_operator_3.py
[2025-03-12T15:00:17.885+0000] {processor.py:925} INFO - DAG(s) 'example_branch_dop_operator_v3' retrieved from /home/airflow/.local/lib/python3.12/site-packages/airflow/example_dags/example_branch_python_dop_operator_3.py
[2025-03-12T15:00:17.914+0000] {logging_mixin.py:190} INFO - [2025-03-12T15:00:17.913+0000] {dag.py:3239} INFO - Sync 1 DAGs
[2025-03-12T15:00:17.958+0000] {logging_mixin.py:190} INFO - [2025-03-12T15:00:17.957+0000] {dag.py:4180} INFO - Setting next_dagrun for example_branch_dop_operator_v3 to 2025-03-12 14:59:00+00:00, run_after=2025-03-12 15:00:00+00:00
[2025-03-12T15:00:17.988+0000] {processor.py:208} INFO - Processing /home/airflow/.local/lib/python3.12/site-packages/airflow/example_dags/example_branch_python_dop_operator_3.py took 0.131 seconds
[2025-03-12T15:00:50.206+0000] {processor.py:186} INFO - Started process (PID=120826) to work on /home/airflow/.local/lib/python3.12/site-packages/airflow/example_dags/example_branch_python_dop_operator_3.py
[2025-03-12T15:00:50.208+0000] {processor.py:914} INFO - Processing file /home/airflow/.local/lib/python3.12/site-packages/airflow/example_dags/example_branch_python_dop_operator_3.py for tasks to queue
[2025-03-12T15:00:50.211+0000] {logging_mixin.py:190} INFO - [2025-03-12T15:00:50.210+0000] {dagbag.py:588} INFO - Filling up the DagBag from /home/airflow/.local/lib/python3.12/site-packages/airflow/example_dags/example_branch_python_dop_operator_3.py
[2025-03-12T15:00:50.226+0000] {processor.py:925} INFO - DAG(s) 'example_branch_dop_operator_v3' retrieved from /home/airflow/.local/lib/python3.12/site-packages/airflow/example_dags/example_branch_python_dop_operator_3.py
[2025-03-12T15:00:50.258+0000] {logging_mixin.py:190} INFO - [2025-03-12T15:00:50.257+0000] {dag.py:3239} INFO - Sync 1 DAGs
[2025-03-12T15:00:50.309+0000] {logging_mixin.py:190} INFO - [2025-03-12T15:00:50.308+0000] {dag.py:4180} INFO - Setting next_dagrun for example_branch_dop_operator_v3 to 2025-03-12 14:59:00+00:00, run_after=2025-03-12 15:00:00+00:00
[2025-03-12T15:00:50.346+0000] {processor.py:208} INFO - Processing /home/airflow/.local/lib/python3.12/site-packages/airflow/example_dags/example_branch_python_dop_operator_3.py took 0.148 seconds
[2025-03-12T15:01:21.389+0000] {processor.py:186} INFO - Started process (PID=120889) to work on /home/airflow/.local/lib/python3.12/site-packages/airflow/example_dags/example_branch_python_dop_operator_3.py
[2025-03-12T15:01:21.390+0000] {processor.py:914} INFO - Processing file /home/airflow/.local/lib/python3.12/site-packages/airflow/example_dags/example_branch_python_dop_operator_3.py for tasks to queue
[2025-03-12T15:01:21.393+0000] {logging_mixin.py:190} INFO - [2025-03-12T15:01:21.392+0000] {dagbag.py:588} INFO - Filling up the DagBag from /home/airflow/.local/lib/python3.12/site-packages/airflow/example_dags/example_branch_python_dop_operator_3.py
[2025-03-12T15:01:21.408+0000] {processor.py:925} INFO - DAG(s) 'example_branch_dop_operator_v3' retrieved from /home/airflow/.local/lib/python3.12/site-packages/airflow/example_dags/example_branch_python_dop_operator_3.py
[2025-03-12T15:01:21.436+0000] {logging_mixin.py:190} INFO - [2025-03-12T15:01:21.436+0000] {dag.py:3239} INFO - Sync 1 DAGs
[2025-03-12T15:01:21.483+0000] {logging_mixin.py:190} INFO - [2025-03-12T15:01:21.483+0000] {dag.py:4180} INFO - Setting next_dagrun for example_branch_dop_operator_v3 to 2025-03-12 15:00:00+00:00, run_after=2025-03-12 15:01:00+00:00
[2025-03-12T15:01:21.514+0000] {processor.py:208} INFO - Processing /home/airflow/.local/lib/python3.12/site-packages/airflow/example_dags/example_branch_python_dop_operator_3.py took 0.134 seconds
[2025-03-12T15:01:52.758+0000] {processor.py:186} INFO - Started process (PID=120952) to work on /home/airflow/.local/lib/python3.12/site-packages/airflow/example_dags/example_branch_python_dop_operator_3.py
[2025-03-12T15:01:52.759+0000] {processor.py:914} INFO - Processing file /home/airflow/.local/lib/python3.12/site-packages/airflow/example_dags/example_branch_python_dop_operator_3.py for tasks to queue
[2025-03-12T15:01:52.762+0000] {logging_mixin.py:190} INFO - [2025-03-12T15:01:52.762+0000] {dagbag.py:588} INFO - Filling up the DagBag from /home/airflow/.local/lib/python3.12/site-packages/airflow/example_dags/example_branch_python_dop_operator_3.py
[2025-03-12T15:01:52.777+0000] {processor.py:925} INFO - DAG(s) 'example_branch_dop_operator_v3' retrieved from /home/airflow/.local/lib/python3.12/site-packages/airflow/example_dags/example_branch_python_dop_operator_3.py
[2025-03-12T15:01:52.804+0000] {logging_mixin.py:190} INFO - [2025-03-12T15:01:52.804+0000] {dag.py:3239} INFO - Sync 1 DAGs
[2025-03-12T15:01:52.862+0000] {logging_mixin.py:190} INFO - [2025-03-12T15:01:52.861+0000] {dag.py:4180} INFO - Setting next_dagrun for example_branch_dop_operator_v3 to 2025-03-12 15:00:00+00:00, run_after=2025-03-12 15:01:00+00:00
[2025-03-12T15:01:52.898+0000] {processor.py:208} INFO - Processing /home/airflow/.local/lib/python3.12/site-packages/airflow/example_dags/example_branch_python_dop_operator_3.py took 0.149 seconds
[2025-03-12T15:02:23.481+0000] {processor.py:186} INFO - Started process (PID=121015) to work on /home/airflow/.local/lib/python3.12/site-packages/airflow/example_dags/example_branch_python_dop_operator_3.py
[2025-03-12T15:02:23.481+0000] {processor.py:914} INFO - Processing file /home/airflow/.local/lib/python3.12/site-packages/airflow/example_dags/example_branch_python_dop_operator_3.py for tasks to queue
[2025-03-12T15:02:23.484+0000] {logging_mixin.py:190} INFO - [2025-03-12T15:02:23.484+0000] {dagbag.py:588} INFO - Filling up the DagBag from /home/airflow/.local/lib/python3.12/site-packages/airflow/example_dags/example_branch_python_dop_operator_3.py
[2025-03-12T15:02:23.500+0000] {processor.py:925} INFO - DAG(s) 'example_branch_dop_operator_v3' retrieved from /home/airflow/.local/lib/python3.12/site-packages/airflow/example_dags/example_branch_python_dop_operator_3.py
[2025-03-12T15:02:23.531+0000] {logging_mixin.py:190} INFO - [2025-03-12T15:02:23.530+0000] {dag.py:3239} INFO - Sync 1 DAGs
[2025-03-12T15:02:23.579+0000] {logging_mixin.py:190} INFO - [2025-03-12T15:02:23.579+0000] {dag.py:4180} INFO - Setting next_dagrun for example_branch_dop_operator_v3 to 2025-03-12 15:01:00+00:00, run_after=2025-03-12 15:02:00+00:00
[2025-03-12T15:02:23.613+0000] {processor.py:208} INFO - Processing /home/airflow/.local/lib/python3.12/site-packages/airflow/example_dags/example_branch_python_dop_operator_3.py took 0.141 seconds
