[2025-03-12T15:00:15.600+0000] {processor.py:186} INFO - Started process (PID=120736) to work on /home/airflow/.local/lib/python3.12/site-packages/airflow/example_dags/example_nested_branch_dag.py
[2025-03-12T15:00:15.601+0000] {processor.py:914} INFO - Processing file /home/airflow/.local/lib/python3.12/site-packages/airflow/example_dags/example_nested_branch_dag.py for tasks to queue
[2025-03-12T15:00:15.603+0000] {logging_mixin.py:190} INFO - [2025-03-12T15:00:15.603+0000] {dagbag.py:588} INFO - Filling up the DagBag from /home/airflow/.local/lib/python3.12/site-packages/airflow/example_dags/example_nested_branch_dag.py
[2025-03-12T15:00:15.621+0000] {processor.py:925} INFO - DAG(s) 'example_nested_branch_dag' retrieved from /home/airflow/.local/lib/python3.12/site-packages/airflow/example_dags/example_nested_branch_dag.py
[2025-03-12T15:00:15.654+0000] {logging_mixin.py:190} INFO - [2025-03-12T15:00:15.653+0000] {dag.py:3239} INFO - Sync 1 DAGs
[2025-03-12T15:00:15.698+0000] {logging_mixin.py:190} INFO - [2025-03-12T15:00:15.698+0000] {dag.py:4180} INFO - Setting next_dagrun for example_nested_branch_dag to 2025-03-11 00:00:00+00:00, run_after=2025-03-12 00:00:00+00:00
[2025-03-12T15:00:15.735+0000] {processor.py:208} INFO - Processing /home/airflow/.local/lib/python3.12/site-packages/airflow/example_dags/example_nested_branch_dag.py took 0.143 seconds
[2025-03-12T15:00:47.213+0000] {processor.py:186} INFO - Started process (PID=120799) to work on /home/airflow/.local/lib/python3.12/site-packages/airflow/example_dags/example_nested_branch_dag.py
[2025-03-12T15:00:47.214+0000] {processor.py:914} INFO - Processing file /home/airflow/.local/lib/python3.12/site-packages/airflow/example_dags/example_nested_branch_dag.py for tasks to queue
[2025-03-12T15:00:47.217+0000] {logging_mixin.py:190} INFO - [2025-03-12T15:00:47.217+0000] {dagbag.py:588} INFO - Filling up the DagBag from /home/airflow/.local/lib/python3.12/site-packages/airflow/example_dags/example_nested_branch_dag.py
[2025-03-12T15:00:47.240+0000] {processor.py:925} INFO - DAG(s) 'example_nested_branch_dag' retrieved from /home/airflow/.local/lib/python3.12/site-packages/airflow/example_dags/example_nested_branch_dag.py
[2025-03-12T15:00:47.279+0000] {logging_mixin.py:190} INFO - [2025-03-12T15:00:47.279+0000] {dag.py:3239} INFO - Sync 1 DAGs
[2025-03-12T15:00:47.322+0000] {logging_mixin.py:190} INFO - [2025-03-12T15:00:47.322+0000] {dag.py:4180} INFO - Setting next_dagrun for example_nested_branch_dag to 2025-03-11 00:00:00+00:00, run_after=2025-03-12 00:00:00+00:00
[2025-03-12T15:00:47.351+0000] {processor.py:208} INFO - Processing /home/airflow/.local/lib/python3.12/site-packages/airflow/example_dags/example_nested_branch_dag.py took 0.147 seconds
[2025-03-12T15:01:18.881+0000] {processor.py:186} INFO - Started process (PID=120865) to work on /home/airflow/.local/lib/python3.12/site-packages/airflow/example_dags/example_nested_branch_dag.py
[2025-03-12T15:01:18.882+0000] {processor.py:914} INFO - Processing file /home/airflow/.local/lib/python3.12/site-packages/airflow/example_dags/example_nested_branch_dag.py for tasks to queue
[2025-03-12T15:01:18.885+0000] {logging_mixin.py:190} INFO - [2025-03-12T15:01:18.885+0000] {dagbag.py:588} INFO - Filling up the DagBag from /home/airflow/.local/lib/python3.12/site-packages/airflow/example_dags/example_nested_branch_dag.py
[2025-03-12T15:01:18.904+0000] {processor.py:925} INFO - DAG(s) 'example_nested_branch_dag' retrieved from /home/airflow/.local/lib/python3.12/site-packages/airflow/example_dags/example_nested_branch_dag.py
[2025-03-12T15:01:18.938+0000] {logging_mixin.py:190} INFO - [2025-03-12T15:01:18.937+0000] {dag.py:3239} INFO - Sync 1 DAGs
[2025-03-12T15:01:18.979+0000] {logging_mixin.py:190} INFO - [2025-03-12T15:01:18.979+0000] {dag.py:4180} INFO - Setting next_dagrun for example_nested_branch_dag to 2025-03-11 00:00:00+00:00, run_after=2025-03-12 00:00:00+00:00
[2025-03-12T15:01:19.009+0000] {processor.py:208} INFO - Processing /home/airflow/.local/lib/python3.12/site-packages/airflow/example_dags/example_nested_branch_dag.py took 0.137 seconds
[2025-03-12T15:01:50.788+0000] {processor.py:186} INFO - Started process (PID=120932) to work on /home/airflow/.local/lib/python3.12/site-packages/airflow/example_dags/example_nested_branch_dag.py
[2025-03-12T15:01:50.789+0000] {processor.py:914} INFO - Processing file /home/airflow/.local/lib/python3.12/site-packages/airflow/example_dags/example_nested_branch_dag.py for tasks to queue
[2025-03-12T15:01:50.792+0000] {logging_mixin.py:190} INFO - [2025-03-12T15:01:50.792+0000] {dagbag.py:588} INFO - Filling up the DagBag from /home/airflow/.local/lib/python3.12/site-packages/airflow/example_dags/example_nested_branch_dag.py
[2025-03-12T15:01:50.809+0000] {processor.py:925} INFO - DAG(s) 'example_nested_branch_dag' retrieved from /home/airflow/.local/lib/python3.12/site-packages/airflow/example_dags/example_nested_branch_dag.py
[2025-03-12T15:01:50.843+0000] {logging_mixin.py:190} INFO - [2025-03-12T15:01:50.842+0000] {dag.py:3239} INFO - Sync 1 DAGs
[2025-03-12T15:01:50.882+0000] {logging_mixin.py:190} INFO - [2025-03-12T15:01:50.882+0000] {dag.py:4180} INFO - Setting next_dagrun for example_nested_branch_dag to 2025-03-11 00:00:00+00:00, run_after=2025-03-12 00:00:00+00:00
[2025-03-12T15:01:50.911+0000] {processor.py:208} INFO - Processing /home/airflow/.local/lib/python3.12/site-packages/airflow/example_dags/example_nested_branch_dag.py took 0.131 seconds
[2025-03-12T15:02:21.312+0000] {processor.py:186} INFO - Started process (PID=120995) to work on /home/airflow/.local/lib/python3.12/site-packages/airflow/example_dags/example_nested_branch_dag.py
[2025-03-12T15:02:21.313+0000] {processor.py:914} INFO - Processing file /home/airflow/.local/lib/python3.12/site-packages/airflow/example_dags/example_nested_branch_dag.py for tasks to queue
[2025-03-12T15:02:21.316+0000] {logging_mixin.py:190} INFO - [2025-03-12T15:02:21.316+0000] {dagbag.py:588} INFO - Filling up the DagBag from /home/airflow/.local/lib/python3.12/site-packages/airflow/example_dags/example_nested_branch_dag.py
[2025-03-12T15:02:21.333+0000] {processor.py:925} INFO - DAG(s) 'example_nested_branch_dag' retrieved from /home/airflow/.local/lib/python3.12/site-packages/airflow/example_dags/example_nested_branch_dag.py
[2025-03-12T15:02:21.365+0000] {logging_mixin.py:190} INFO - [2025-03-12T15:02:21.365+0000] {dag.py:3239} INFO - Sync 1 DAGs
[2025-03-12T15:02:21.406+0000] {logging_mixin.py:190} INFO - [2025-03-12T15:02:21.405+0000] {dag.py:4180} INFO - Setting next_dagrun for example_nested_branch_dag to 2025-03-11 00:00:00+00:00, run_after=2025-03-12 00:00:00+00:00
[2025-03-12T15:02:21.435+0000] {processor.py:208} INFO - Processing /home/airflow/.local/lib/python3.12/site-packages/airflow/example_dags/example_nested_branch_dag.py took 0.130 seconds
