[2025-03-12T15:00:17.173+0000] {processor.py:186} INFO - Started process (PID=120753) to work on /home/airflow/.local/lib/python3.12/site-packages/airflow/example_dags/example_workday_timetable.py
[2025-03-12T15:00:17.174+0000] {processor.py:914} INFO - Processing file /home/airflow/.local/lib/python3.12/site-packages/airflow/example_dags/example_workday_timetable.py for tasks to queue
[2025-03-12T15:00:17.176+0000] {logging_mixin.py:190} INFO - [2025-03-12T15:00:17.176+0000] {dagbag.py:588} INFO - Filling up the DagBag from /home/airflow/.local/lib/python3.12/site-packages/airflow/example_dags/example_workday_timetable.py
[2025-03-12T15:00:17.185+0000] {processor.py:925} INFO - DAG(s) 'example_workday_timetable' retrieved from /home/airflow/.local/lib/python3.12/site-packages/airflow/example_dags/example_workday_timetable.py
[2025-03-12T15:00:17.211+0000] {logging_mixin.py:190} INFO - [2025-03-12T15:00:17.211+0000] {dag.py:3239} INFO - Sync 1 DAGs
[2025-03-12T15:00:17.325+0000] {logging_mixin.py:190} INFO - [2025-03-12T15:00:17.324+0000] {dag.py:4180} INFO - Setting next_dagrun for example_workday_timetable to 2021-01-04 00:00:00+00:00, run_after=2021-01-05 00:00:00+00:00
[2025-03-12T15:00:17.356+0000] {processor.py:208} INFO - Processing /home/airflow/.local/lib/python3.12/site-packages/airflow/example_dags/example_workday_timetable.py took 0.192 seconds
[2025-03-12T15:00:48.096+0000] {processor.py:186} INFO - Started process (PID=120808) to work on /home/airflow/.local/lib/python3.12/site-packages/airflow/example_dags/example_workday_timetable.py
[2025-03-12T15:00:48.097+0000] {processor.py:914} INFO - Processing file /home/airflow/.local/lib/python3.12/site-packages/airflow/example_dags/example_workday_timetable.py for tasks to queue
[2025-03-12T15:00:48.100+0000] {logging_mixin.py:190} INFO - [2025-03-12T15:00:48.100+0000] {dagbag.py:588} INFO - Filling up the DagBag from /home/airflow/.local/lib/python3.12/site-packages/airflow/example_dags/example_workday_timetable.py
[2025-03-12T15:00:48.110+0000] {processor.py:925} INFO - DAG(s) 'example_workday_timetable' retrieved from /home/airflow/.local/lib/python3.12/site-packages/airflow/example_dags/example_workday_timetable.py
[2025-03-12T15:00:48.140+0000] {logging_mixin.py:190} INFO - [2025-03-12T15:00:48.139+0000] {dag.py:3239} INFO - Sync 1 DAGs
[2025-03-12T15:00:48.262+0000] {logging_mixin.py:190} INFO - [2025-03-12T15:00:48.261+0000] {dag.py:4180} INFO - Setting next_dagrun for example_workday_timetable to 2021-01-04 00:00:00+00:00, run_after=2021-01-05 00:00:00+00:00
[2025-03-12T15:00:48.295+0000] {processor.py:208} INFO - Processing /home/airflow/.local/lib/python3.12/site-packages/airflow/example_dags/example_workday_timetable.py took 0.208 seconds
[2025-03-12T15:01:19.421+0000] {processor.py:186} INFO - Started process (PID=120871) to work on /home/airflow/.local/lib/python3.12/site-packages/airflow/example_dags/example_workday_timetable.py
[2025-03-12T15:01:19.422+0000] {processor.py:914} INFO - Processing file /home/airflow/.local/lib/python3.12/site-packages/airflow/example_dags/example_workday_timetable.py for tasks to queue
[2025-03-12T15:01:19.425+0000] {logging_mixin.py:190} INFO - [2025-03-12T15:01:19.424+0000] {dagbag.py:588} INFO - Filling up the DagBag from /home/airflow/.local/lib/python3.12/site-packages/airflow/example_dags/example_workday_timetable.py
[2025-03-12T15:01:19.433+0000] {processor.py:925} INFO - DAG(s) 'example_workday_timetable' retrieved from /home/airflow/.local/lib/python3.12/site-packages/airflow/example_dags/example_workday_timetable.py
[2025-03-12T15:01:19.466+0000] {logging_mixin.py:190} INFO - [2025-03-12T15:01:19.465+0000] {dag.py:3239} INFO - Sync 1 DAGs
[2025-03-12T15:01:19.582+0000] {logging_mixin.py:190} INFO - [2025-03-12T15:01:19.582+0000] {dag.py:4180} INFO - Setting next_dagrun for example_workday_timetable to 2021-01-04 00:00:00+00:00, run_after=2021-01-05 00:00:00+00:00
[2025-03-12T15:01:19.611+0000] {processor.py:208} INFO - Processing /home/airflow/.local/lib/python3.12/site-packages/airflow/example_dags/example_workday_timetable.py took 0.199 seconds
[2025-03-12T15:01:50.409+0000] {processor.py:186} INFO - Started process (PID=120929) to work on /home/airflow/.local/lib/python3.12/site-packages/airflow/example_dags/example_workday_timetable.py
[2025-03-12T15:01:50.410+0000] {processor.py:914} INFO - Processing file /home/airflow/.local/lib/python3.12/site-packages/airflow/example_dags/example_workday_timetable.py for tasks to queue
[2025-03-12T15:01:50.413+0000] {logging_mixin.py:190} INFO - [2025-03-12T15:01:50.413+0000] {dagbag.py:588} INFO - Filling up the DagBag from /home/airflow/.local/lib/python3.12/site-packages/airflow/example_dags/example_workday_timetable.py
[2025-03-12T15:01:50.421+0000] {processor.py:925} INFO - DAG(s) 'example_workday_timetable' retrieved from /home/airflow/.local/lib/python3.12/site-packages/airflow/example_dags/example_workday_timetable.py
[2025-03-12T15:01:50.448+0000] {logging_mixin.py:190} INFO - [2025-03-12T15:01:50.447+0000] {dag.py:3239} INFO - Sync 1 DAGs
[2025-03-12T15:01:50.562+0000] {logging_mixin.py:190} INFO - [2025-03-12T15:01:50.561+0000] {dag.py:4180} INFO - Setting next_dagrun for example_workday_timetable to 2021-01-04 00:00:00+00:00, run_after=2021-01-05 00:00:00+00:00
[2025-03-12T15:01:50.597+0000] {processor.py:208} INFO - Processing /home/airflow/.local/lib/python3.12/site-packages/airflow/example_dags/example_workday_timetable.py took 0.197 seconds
[2025-03-12T15:02:20.776+0000] {processor.py:186} INFO - Started process (PID=120991) to work on /home/airflow/.local/lib/python3.12/site-packages/airflow/example_dags/example_workday_timetable.py
[2025-03-12T15:02:20.777+0000] {processor.py:914} INFO - Processing file /home/airflow/.local/lib/python3.12/site-packages/airflow/example_dags/example_workday_timetable.py for tasks to queue
[2025-03-12T15:02:20.781+0000] {logging_mixin.py:190} INFO - [2025-03-12T15:02:20.780+0000] {dagbag.py:588} INFO - Filling up the DagBag from /home/airflow/.local/lib/python3.12/site-packages/airflow/example_dags/example_workday_timetable.py
[2025-03-12T15:02:20.791+0000] {processor.py:925} INFO - DAG(s) 'example_workday_timetable' retrieved from /home/airflow/.local/lib/python3.12/site-packages/airflow/example_dags/example_workday_timetable.py
[2025-03-12T15:02:20.819+0000] {logging_mixin.py:190} INFO - [2025-03-12T15:02:20.819+0000] {dag.py:3239} INFO - Sync 1 DAGs
[2025-03-12T15:02:20.942+0000] {logging_mixin.py:190} INFO - [2025-03-12T15:02:20.942+0000] {dag.py:4180} INFO - Setting next_dagrun for example_workday_timetable to 2021-01-04 00:00:00+00:00, run_after=2021-01-05 00:00:00+00:00
[2025-03-12T15:02:20.977+0000] {processor.py:208} INFO - Processing /home/airflow/.local/lib/python3.12/site-packages/airflow/example_dags/example_workday_timetable.py took 0.213 seconds
