[2025-03-12T15:00:16.890+0000] {processor.py:186} INFO - Started process (PID=120750) to work on /home/airflow/.local/lib/python3.12/site-packages/airflow/example_dags/example_dynamic_task_mapping.py
[2025-03-12T15:00:16.891+0000] {processor.py:914} INFO - Processing file /home/airflow/.local/lib/python3.12/site-packages/airflow/example_dags/example_dynamic_task_mapping.py for tasks to queue
[2025-03-12T15:00:16.894+0000] {logging_mixin.py:190} INFO - [2025-03-12T15:00:16.894+0000] {dagbag.py:588} INFO - Filling up the DagBag from /home/airflow/.local/lib/python3.12/site-packages/airflow/example_dags/example_dynamic_task_mapping.py
[2025-03-12T15:00:16.906+0000] {processor.py:925} INFO - DAG(s) 'example_dynamic_task_mapping' retrieved from /home/airflow/.local/lib/python3.12/site-packages/airflow/example_dags/example_dynamic_task_mapping.py
[2025-03-12T15:00:16.933+0000] {logging_mixin.py:190} INFO - [2025-03-12T15:00:16.932+0000] {dag.py:3239} INFO - Sync 1 DAGs
[2025-03-12T15:00:16.956+0000] {logging_mixin.py:190} INFO - [2025-03-12T15:00:16.956+0000] {dag.py:4180} INFO - Setting next_dagrun for example_dynamic_task_mapping to None, run_after=None
[2025-03-12T15:00:16.983+0000] {processor.py:208} INFO - Processing /home/airflow/.local/lib/python3.12/site-packages/airflow/example_dags/example_dynamic_task_mapping.py took 0.101 seconds
[2025-03-12T15:00:48.829+0000] {processor.py:186} INFO - Started process (PID=120816) to work on /home/airflow/.local/lib/python3.12/site-packages/airflow/example_dags/example_dynamic_task_mapping.py
[2025-03-12T15:00:48.830+0000] {processor.py:914} INFO - Processing file /home/airflow/.local/lib/python3.12/site-packages/airflow/example_dags/example_dynamic_task_mapping.py for tasks to queue
[2025-03-12T15:00:48.833+0000] {logging_mixin.py:190} INFO - [2025-03-12T15:00:48.832+0000] {dagbag.py:588} INFO - Filling up the DagBag from /home/airflow/.local/lib/python3.12/site-packages/airflow/example_dags/example_dynamic_task_mapping.py
[2025-03-12T15:00:48.845+0000] {processor.py:925} INFO - DAG(s) 'example_dynamic_task_mapping' retrieved from /home/airflow/.local/lib/python3.12/site-packages/airflow/example_dags/example_dynamic_task_mapping.py
[2025-03-12T15:00:48.875+0000] {logging_mixin.py:190} INFO - [2025-03-12T15:00:48.875+0000] {dag.py:3239} INFO - Sync 1 DAGs
[2025-03-12T15:00:48.912+0000] {logging_mixin.py:190} INFO - [2025-03-12T15:00:48.911+0000] {dag.py:4180} INFO - Setting next_dagrun for example_dynamic_task_mapping to None, run_after=None
[2025-03-12T15:00:48.949+0000] {processor.py:208} INFO - Processing /home/airflow/.local/lib/python3.12/site-packages/airflow/example_dags/example_dynamic_task_mapping.py took 0.128 seconds
[2025-03-12T15:01:20.274+0000] {processor.py:186} INFO - Started process (PID=120879) to work on /home/airflow/.local/lib/python3.12/site-packages/airflow/example_dags/example_dynamic_task_mapping.py
[2025-03-12T15:01:20.275+0000] {processor.py:914} INFO - Processing file /home/airflow/.local/lib/python3.12/site-packages/airflow/example_dags/example_dynamic_task_mapping.py for tasks to queue
[2025-03-12T15:01:20.280+0000] {logging_mixin.py:190} INFO - [2025-03-12T15:01:20.279+0000] {dagbag.py:588} INFO - Filling up the DagBag from /home/airflow/.local/lib/python3.12/site-packages/airflow/example_dags/example_dynamic_task_mapping.py
[2025-03-12T15:01:20.293+0000] {processor.py:925} INFO - DAG(s) 'example_dynamic_task_mapping' retrieved from /home/airflow/.local/lib/python3.12/site-packages/airflow/example_dags/example_dynamic_task_mapping.py
[2025-03-12T15:01:20.324+0000] {logging_mixin.py:190} INFO - [2025-03-12T15:01:20.323+0000] {dag.py:3239} INFO - Sync 1 DAGs
[2025-03-12T15:01:20.352+0000] {logging_mixin.py:190} INFO - [2025-03-12T15:01:20.352+0000] {dag.py:4180} INFO - Setting next_dagrun for example_dynamic_task_mapping to None, run_after=None
[2025-03-12T15:01:20.386+0000] {processor.py:208} INFO - Processing /home/airflow/.local/lib/python3.12/site-packages/airflow/example_dags/example_dynamic_task_mapping.py took 0.121 seconds
[2025-03-12T15:01:52.038+0000] {processor.py:186} INFO - Started process (PID=120943) to work on /home/airflow/.local/lib/python3.12/site-packages/airflow/example_dags/example_dynamic_task_mapping.py
[2025-03-12T15:01:52.039+0000] {processor.py:914} INFO - Processing file /home/airflow/.local/lib/python3.12/site-packages/airflow/example_dags/example_dynamic_task_mapping.py for tasks to queue
[2025-03-12T15:01:52.042+0000] {logging_mixin.py:190} INFO - [2025-03-12T15:01:52.042+0000] {dagbag.py:588} INFO - Filling up the DagBag from /home/airflow/.local/lib/python3.12/site-packages/airflow/example_dags/example_dynamic_task_mapping.py
[2025-03-12T15:01:52.054+0000] {processor.py:925} INFO - DAG(s) 'example_dynamic_task_mapping' retrieved from /home/airflow/.local/lib/python3.12/site-packages/airflow/example_dags/example_dynamic_task_mapping.py
[2025-03-12T15:01:52.082+0000] {logging_mixin.py:190} INFO - [2025-03-12T15:01:52.082+0000] {dag.py:3239} INFO - Sync 1 DAGs
[2025-03-12T15:01:52.106+0000] {logging_mixin.py:190} INFO - [2025-03-12T15:01:52.106+0000] {dag.py:4180} INFO - Setting next_dagrun for example_dynamic_task_mapping to None, run_after=None
[2025-03-12T15:01:52.134+0000] {processor.py:208} INFO - Processing /home/airflow/.local/lib/python3.12/site-packages/airflow/example_dags/example_dynamic_task_mapping.py took 0.104 seconds
[2025-03-12T15:02:22.733+0000] {processor.py:186} INFO - Started process (PID=121006) to work on /home/airflow/.local/lib/python3.12/site-packages/airflow/example_dags/example_dynamic_task_mapping.py
[2025-03-12T15:02:22.734+0000] {processor.py:914} INFO - Processing file /home/airflow/.local/lib/python3.12/site-packages/airflow/example_dags/example_dynamic_task_mapping.py for tasks to queue
[2025-03-12T15:02:22.737+0000] {logging_mixin.py:190} INFO - [2025-03-12T15:02:22.736+0000] {dagbag.py:588} INFO - Filling up the DagBag from /home/airflow/.local/lib/python3.12/site-packages/airflow/example_dags/example_dynamic_task_mapping.py
[2025-03-12T15:02:22.749+0000] {processor.py:925} INFO - DAG(s) 'example_dynamic_task_mapping' retrieved from /home/airflow/.local/lib/python3.12/site-packages/airflow/example_dags/example_dynamic_task_mapping.py
[2025-03-12T15:02:22.776+0000] {logging_mixin.py:190} INFO - [2025-03-12T15:02:22.776+0000] {dag.py:3239} INFO - Sync 1 DAGs
[2025-03-12T15:02:22.800+0000] {logging_mixin.py:190} INFO - [2025-03-12T15:02:22.799+0000] {dag.py:4180} INFO - Setting next_dagrun for example_dynamic_task_mapping to None, run_after=None
[2025-03-12T15:02:22.827+0000] {processor.py:208} INFO - Processing /home/airflow/.local/lib/python3.12/site-packages/airflow/example_dags/example_dynamic_task_mapping.py took 0.102 seconds
