[2025-03-12T15:00:16.731+0000] {processor.py:186} INFO - Started process (PID=120747) to work on /home/airflow/.local/lib/python3.12/site-packages/airflow/example_dags/tutorial_taskflow_api.py
[2025-03-12T15:00:16.732+0000] {processor.py:914} INFO - Processing file /home/airflow/.local/lib/python3.12/site-packages/airflow/example_dags/tutorial_taskflow_api.py for tasks to queue
[2025-03-12T15:00:16.735+0000] {logging_mixin.py:190} INFO - [2025-03-12T15:00:16.734+0000] {dagbag.py:588} INFO - Filling up the DagBag from /home/airflow/.local/lib/python3.12/site-packages/airflow/example_dags/tutorial_taskflow_api.py
[2025-03-12T15:00:16.746+0000] {processor.py:925} INFO - DAG(s) 'tutorial_taskflow_api' retrieved from /home/airflow/.local/lib/python3.12/site-packages/airflow/example_dags/tutorial_taskflow_api.py
[2025-03-12T15:00:16.774+0000] {logging_mixin.py:190} INFO - [2025-03-12T15:00:16.773+0000] {dag.py:3239} INFO - Sync 1 DAGs
[2025-03-12T15:00:16.798+0000] {logging_mixin.py:190} INFO - [2025-03-12T15:00:16.797+0000] {dag.py:4180} INFO - Setting next_dagrun for tutorial_taskflow_api to None, run_after=None
[2025-03-12T15:00:16.825+0000] {processor.py:208} INFO - Processing /home/airflow/.local/lib/python3.12/site-packages/airflow/example_dags/tutorial_taskflow_api.py took 0.102 seconds
[2025-03-12T15:00:48.624+0000] {processor.py:186} INFO - Started process (PID=120813) to work on /home/airflow/.local/lib/python3.12/site-packages/airflow/example_dags/tutorial_taskflow_api.py
[2025-03-12T15:00:48.625+0000] {processor.py:914} INFO - Processing file /home/airflow/.local/lib/python3.12/site-packages/airflow/example_dags/tutorial_taskflow_api.py for tasks to queue
[2025-03-12T15:00:48.628+0000] {logging_mixin.py:190} INFO - [2025-03-12T15:00:48.627+0000] {dagbag.py:588} INFO - Filling up the DagBag from /home/airflow/.local/lib/python3.12/site-packages/airflow/example_dags/tutorial_taskflow_api.py
[2025-03-12T15:00:48.640+0000] {processor.py:925} INFO - DAG(s) 'tutorial_taskflow_api' retrieved from /home/airflow/.local/lib/python3.12/site-packages/airflow/example_dags/tutorial_taskflow_api.py
[2025-03-12T15:00:48.671+0000] {logging_mixin.py:190} INFO - [2025-03-12T15:00:48.670+0000] {dag.py:3239} INFO - Sync 1 DAGs
[2025-03-12T15:00:48.699+0000] {logging_mixin.py:190} INFO - [2025-03-12T15:00:48.698+0000] {dag.py:4180} INFO - Setting next_dagrun for tutorial_taskflow_api to None, run_after=None
[2025-03-12T15:00:48.735+0000] {processor.py:208} INFO - Processing /home/airflow/.local/lib/python3.12/site-packages/airflow/example_dags/tutorial_taskflow_api.py took 0.120 seconds
[2025-03-12T15:01:19.943+0000] {processor.py:186} INFO - Started process (PID=120876) to work on /home/airflow/.local/lib/python3.12/site-packages/airflow/example_dags/tutorial_taskflow_api.py
[2025-03-12T15:01:19.944+0000] {processor.py:914} INFO - Processing file /home/airflow/.local/lib/python3.12/site-packages/airflow/example_dags/tutorial_taskflow_api.py for tasks to queue
[2025-03-12T15:01:19.947+0000] {logging_mixin.py:190} INFO - [2025-03-12T15:01:19.947+0000] {dagbag.py:588} INFO - Filling up the DagBag from /home/airflow/.local/lib/python3.12/site-packages/airflow/example_dags/tutorial_taskflow_api.py
[2025-03-12T15:01:19.960+0000] {processor.py:925} INFO - DAG(s) 'tutorial_taskflow_api' retrieved from /home/airflow/.local/lib/python3.12/site-packages/airflow/example_dags/tutorial_taskflow_api.py
[2025-03-12T15:01:19.991+0000] {logging_mixin.py:190} INFO - [2025-03-12T15:01:19.991+0000] {dag.py:3239} INFO - Sync 1 DAGs
[2025-03-12T15:01:20.019+0000] {logging_mixin.py:190} INFO - [2025-03-12T15:01:20.019+0000] {dag.py:4180} INFO - Setting next_dagrun for tutorial_taskflow_api to None, run_after=None
[2025-03-12T15:01:20.061+0000] {processor.py:208} INFO - Processing /home/airflow/.local/lib/python3.12/site-packages/airflow/example_dags/tutorial_taskflow_api.py took 0.127 seconds
[2025-03-12T15:01:51.679+0000] {processor.py:186} INFO - Started process (PID=120940) to work on /home/airflow/.local/lib/python3.12/site-packages/airflow/example_dags/tutorial_taskflow_api.py
[2025-03-12T15:01:51.680+0000] {processor.py:914} INFO - Processing file /home/airflow/.local/lib/python3.12/site-packages/airflow/example_dags/tutorial_taskflow_api.py for tasks to queue
[2025-03-12T15:01:51.683+0000] {logging_mixin.py:190} INFO - [2025-03-12T15:01:51.682+0000] {dagbag.py:588} INFO - Filling up the DagBag from /home/airflow/.local/lib/python3.12/site-packages/airflow/example_dags/tutorial_taskflow_api.py
[2025-03-12T15:01:51.694+0000] {processor.py:925} INFO - DAG(s) 'tutorial_taskflow_api' retrieved from /home/airflow/.local/lib/python3.12/site-packages/airflow/example_dags/tutorial_taskflow_api.py
[2025-03-12T15:01:51.722+0000] {logging_mixin.py:190} INFO - [2025-03-12T15:01:51.722+0000] {dag.py:3239} INFO - Sync 1 DAGs
[2025-03-12T15:01:51.746+0000] {logging_mixin.py:190} INFO - [2025-03-12T15:01:51.746+0000] {dag.py:4180} INFO - Setting next_dagrun for tutorial_taskflow_api to None, run_after=None
[2025-03-12T15:01:51.776+0000] {processor.py:208} INFO - Processing /home/airflow/.local/lib/python3.12/site-packages/airflow/example_dags/tutorial_taskflow_api.py took 0.105 seconds
[2025-03-12T15:02:22.381+0000] {processor.py:186} INFO - Started process (PID=121003) to work on /home/airflow/.local/lib/python3.12/site-packages/airflow/example_dags/tutorial_taskflow_api.py
[2025-03-12T15:02:22.382+0000] {processor.py:914} INFO - Processing file /home/airflow/.local/lib/python3.12/site-packages/airflow/example_dags/tutorial_taskflow_api.py for tasks to queue
[2025-03-12T15:02:22.385+0000] {logging_mixin.py:190} INFO - [2025-03-12T15:02:22.384+0000] {dagbag.py:588} INFO - Filling up the DagBag from /home/airflow/.local/lib/python3.12/site-packages/airflow/example_dags/tutorial_taskflow_api.py
[2025-03-12T15:02:22.398+0000] {processor.py:925} INFO - DAG(s) 'tutorial_taskflow_api' retrieved from /home/airflow/.local/lib/python3.12/site-packages/airflow/example_dags/tutorial_taskflow_api.py
[2025-03-12T15:02:22.427+0000] {logging_mixin.py:190} INFO - [2025-03-12T15:02:22.427+0000] {dag.py:3239} INFO - Sync 1 DAGs
[2025-03-12T15:02:22.452+0000] {logging_mixin.py:190} INFO - [2025-03-12T15:02:22.452+0000] {dag.py:4180} INFO - Setting next_dagrun for tutorial_taskflow_api to None, run_after=None
[2025-03-12T15:02:22.484+0000] {processor.py:208} INFO - Processing /home/airflow/.local/lib/python3.12/site-packages/airflow/example_dags/tutorial_taskflow_api.py took 0.112 seconds
