[2025-03-12T15:00:15.149+0000] {processor.py:186} INFO - Started process (PID=120732) to work on /home/airflow/.local/lib/python3.12/site-packages/airflow/example_dags/tutorial_dag.py
[2025-03-12T15:00:15.150+0000] {processor.py:914} INFO - Processing file /home/airflow/.local/lib/python3.12/site-packages/airflow/example_dags/tutorial_dag.py for tasks to queue
[2025-03-12T15:00:15.152+0000] {logging_mixin.py:190} INFO - [2025-03-12T15:00:15.152+0000] {dagbag.py:588} INFO - Filling up the DagBag from /home/airflow/.local/lib/python3.12/site-packages/airflow/example_dags/tutorial_dag.py
[2025-03-12T15:00:15.163+0000] {processor.py:925} INFO - DAG(s) 'tutorial_dag' retrieved from /home/airflow/.local/lib/python3.12/site-packages/airflow/example_dags/tutorial_dag.py
[2025-03-12T15:00:15.190+0000] {logging_mixin.py:190} INFO - [2025-03-12T15:00:15.190+0000] {dag.py:3239} INFO - Sync 1 DAGs
[2025-03-12T15:00:15.214+0000] {logging_mixin.py:190} INFO - [2025-03-12T15:00:15.213+0000] {dag.py:4180} INFO - Setting next_dagrun for tutorial_dag to None, run_after=None
[2025-03-12T15:00:15.245+0000] {processor.py:208} INFO - Processing /home/airflow/.local/lib/python3.12/site-packages/airflow/example_dags/tutorial_dag.py took 0.105 seconds
[2025-03-12T15:00:46.618+0000] {processor.py:186} INFO - Started process (PID=120794) to work on /home/airflow/.local/lib/python3.12/site-packages/airflow/example_dags/tutorial_dag.py
[2025-03-12T15:00:46.619+0000] {processor.py:914} INFO - Processing file /home/airflow/.local/lib/python3.12/site-packages/airflow/example_dags/tutorial_dag.py for tasks to queue
[2025-03-12T15:00:46.622+0000] {logging_mixin.py:190} INFO - [2025-03-12T15:00:46.622+0000] {dagbag.py:588} INFO - Filling up the DagBag from /home/airflow/.local/lib/python3.12/site-packages/airflow/example_dags/tutorial_dag.py
[2025-03-12T15:00:46.632+0000] {processor.py:925} INFO - DAG(s) 'tutorial_dag' retrieved from /home/airflow/.local/lib/python3.12/site-packages/airflow/example_dags/tutorial_dag.py
[2025-03-12T15:00:46.661+0000] {logging_mixin.py:190} INFO - [2025-03-12T15:00:46.661+0000] {dag.py:3239} INFO - Sync 1 DAGs
[2025-03-12T15:00:46.687+0000] {logging_mixin.py:190} INFO - [2025-03-12T15:00:46.686+0000] {dag.py:4180} INFO - Setting next_dagrun for tutorial_dag to None, run_after=None
[2025-03-12T15:00:46.716+0000] {processor.py:208} INFO - Processing /home/airflow/.local/lib/python3.12/site-packages/airflow/example_dags/tutorial_dag.py took 0.106 seconds
[2025-03-12T15:01:18.222+0000] {processor.py:186} INFO - Started process (PID=120857) to work on /home/airflow/.local/lib/python3.12/site-packages/airflow/example_dags/tutorial_dag.py
[2025-03-12T15:01:18.224+0000] {processor.py:914} INFO - Processing file /home/airflow/.local/lib/python3.12/site-packages/airflow/example_dags/tutorial_dag.py for tasks to queue
[2025-03-12T15:01:18.227+0000] {logging_mixin.py:190} INFO - [2025-03-12T15:01:18.226+0000] {dagbag.py:588} INFO - Filling up the DagBag from /home/airflow/.local/lib/python3.12/site-packages/airflow/example_dags/tutorial_dag.py
[2025-03-12T15:01:18.238+0000] {processor.py:925} INFO - DAG(s) 'tutorial_dag' retrieved from /home/airflow/.local/lib/python3.12/site-packages/airflow/example_dags/tutorial_dag.py
[2025-03-12T15:01:18.269+0000] {logging_mixin.py:190} INFO - [2025-03-12T15:01:18.268+0000] {dag.py:3239} INFO - Sync 1 DAGs
[2025-03-12T15:01:18.297+0000] {logging_mixin.py:190} INFO - [2025-03-12T15:01:18.296+0000] {dag.py:4180} INFO - Setting next_dagrun for tutorial_dag to None, run_after=None
[2025-03-12T15:01:18.332+0000] {processor.py:208} INFO - Processing /home/airflow/.local/lib/python3.12/site-packages/airflow/example_dags/tutorial_dag.py took 0.119 seconds
[2025-03-12T15:01:49.157+0000] {processor.py:186} INFO - Started process (PID=120919) to work on /home/airflow/.local/lib/python3.12/site-packages/airflow/example_dags/tutorial_dag.py
[2025-03-12T15:01:49.158+0000] {processor.py:914} INFO - Processing file /home/airflow/.local/lib/python3.12/site-packages/airflow/example_dags/tutorial_dag.py for tasks to queue
[2025-03-12T15:01:49.161+0000] {logging_mixin.py:190} INFO - [2025-03-12T15:01:49.161+0000] {dagbag.py:588} INFO - Filling up the DagBag from /home/airflow/.local/lib/python3.12/site-packages/airflow/example_dags/tutorial_dag.py
[2025-03-12T15:01:49.172+0000] {processor.py:925} INFO - DAG(s) 'tutorial_dag' retrieved from /home/airflow/.local/lib/python3.12/site-packages/airflow/example_dags/tutorial_dag.py
[2025-03-12T15:01:49.199+0000] {logging_mixin.py:190} INFO - [2025-03-12T15:01:49.199+0000] {dag.py:3239} INFO - Sync 1 DAGs
[2025-03-12T15:01:49.224+0000] {logging_mixin.py:190} INFO - [2025-03-12T15:01:49.224+0000] {dag.py:4180} INFO - Setting next_dagrun for tutorial_dag to None, run_after=None
[2025-03-12T15:01:49.253+0000] {processor.py:208} INFO - Processing /home/airflow/.local/lib/python3.12/site-packages/airflow/example_dags/tutorial_dag.py took 0.104 seconds
[2025-03-12T15:02:19.561+0000] {processor.py:186} INFO - Started process (PID=120982) to work on /home/airflow/.local/lib/python3.12/site-packages/airflow/example_dags/tutorial_dag.py
[2025-03-12T15:02:19.562+0000] {processor.py:914} INFO - Processing file /home/airflow/.local/lib/python3.12/site-packages/airflow/example_dags/tutorial_dag.py for tasks to queue
[2025-03-12T15:02:19.564+0000] {logging_mixin.py:190} INFO - [2025-03-12T15:02:19.564+0000] {dagbag.py:588} INFO - Filling up the DagBag from /home/airflow/.local/lib/python3.12/site-packages/airflow/example_dags/tutorial_dag.py
[2025-03-12T15:02:19.575+0000] {processor.py:925} INFO - DAG(s) 'tutorial_dag' retrieved from /home/airflow/.local/lib/python3.12/site-packages/airflow/example_dags/tutorial_dag.py
[2025-03-12T15:02:19.604+0000] {logging_mixin.py:190} INFO - [2025-03-12T15:02:19.603+0000] {dag.py:3239} INFO - Sync 1 DAGs
[2025-03-12T15:02:19.627+0000] {logging_mixin.py:190} INFO - [2025-03-12T15:02:19.626+0000] {dag.py:4180} INFO - Setting next_dagrun for tutorial_dag to None, run_after=None
[2025-03-12T15:02:19.654+0000] {processor.py:208} INFO - Processing /home/airflow/.local/lib/python3.12/site-packages/airflow/example_dags/tutorial_dag.py took 0.103 seconds
