[2025-03-12T15:00:14.703+0000] {processor.py:186} INFO - Started process (PID=120726) to work on /home/airflow/.local/lib/python3.12/site-packages/airflow/example_dags/tutorial_objectstorage.py
[2025-03-12T15:00:14.704+0000] {processor.py:914} INFO - Processing file /home/airflow/.local/lib/python3.12/site-packages/airflow/example_dags/tutorial_objectstorage.py for tasks to queue
[2025-03-12T15:00:14.707+0000] {logging_mixin.py:190} INFO - [2025-03-12T15:00:14.707+0000] {dagbag.py:588} INFO - Filling up the DagBag from /home/airflow/.local/lib/python3.12/site-packages/airflow/example_dags/tutorial_objectstorage.py
[2025-03-12T15:00:14.724+0000] {processor.py:925} INFO - DAG(s) 'tutorial_objectstorage' retrieved from /home/airflow/.local/lib/python3.12/site-packages/airflow/example_dags/tutorial_objectstorage.py
[2025-03-12T15:00:14.752+0000] {logging_mixin.py:190} INFO - [2025-03-12T15:00:14.752+0000] {dag.py:3239} INFO - Sync 1 DAGs
[2025-03-12T15:00:14.776+0000] {logging_mixin.py:190} INFO - [2025-03-12T15:00:14.775+0000] {dag.py:4180} INFO - Setting next_dagrun for tutorial_objectstorage to None, run_after=None
[2025-03-12T15:00:14.805+0000] {processor.py:208} INFO - Processing /home/airflow/.local/lib/python3.12/site-packages/airflow/example_dags/tutorial_objectstorage.py took 0.110 seconds
[2025-03-12T15:00:46.757+0000] {processor.py:186} INFO - Started process (PID=120795) to work on /home/airflow/.local/lib/python3.12/site-packages/airflow/example_dags/tutorial_objectstorage.py
[2025-03-12T15:00:46.758+0000] {processor.py:914} INFO - Processing file /home/airflow/.local/lib/python3.12/site-packages/airflow/example_dags/tutorial_objectstorage.py for tasks to queue
[2025-03-12T15:00:46.760+0000] {logging_mixin.py:190} INFO - [2025-03-12T15:00:46.760+0000] {dagbag.py:588} INFO - Filling up the DagBag from /home/airflow/.local/lib/python3.12/site-packages/airflow/example_dags/tutorial_objectstorage.py
[2025-03-12T15:00:46.773+0000] {processor.py:925} INFO - DAG(s) 'tutorial_objectstorage' retrieved from /home/airflow/.local/lib/python3.12/site-packages/airflow/example_dags/tutorial_objectstorage.py
[2025-03-12T15:00:46.799+0000] {logging_mixin.py:190} INFO - [2025-03-12T15:00:46.799+0000] {dag.py:3239} INFO - Sync 1 DAGs
[2025-03-12T15:00:46.822+0000] {logging_mixin.py:190} INFO - [2025-03-12T15:00:46.822+0000] {dag.py:4180} INFO - Setting next_dagrun for tutorial_objectstorage to None, run_after=None
[2025-03-12T15:00:46.854+0000] {processor.py:208} INFO - Processing /home/airflow/.local/lib/python3.12/site-packages/airflow/example_dags/tutorial_objectstorage.py took 0.105 seconds
[2025-03-12T15:01:18.570+0000] {processor.py:186} INFO - Started process (PID=120861) to work on /home/airflow/.local/lib/python3.12/site-packages/airflow/example_dags/tutorial_objectstorage.py
[2025-03-12T15:01:18.571+0000] {processor.py:914} INFO - Processing file /home/airflow/.local/lib/python3.12/site-packages/airflow/example_dags/tutorial_objectstorage.py for tasks to queue
[2025-03-12T15:01:18.574+0000] {logging_mixin.py:190} INFO - [2025-03-12T15:01:18.573+0000] {dagbag.py:588} INFO - Filling up the DagBag from /home/airflow/.local/lib/python3.12/site-packages/airflow/example_dags/tutorial_objectstorage.py
[2025-03-12T15:01:18.587+0000] {processor.py:925} INFO - DAG(s) 'tutorial_objectstorage' retrieved from /home/airflow/.local/lib/python3.12/site-packages/airflow/example_dags/tutorial_objectstorage.py
[2025-03-12T15:01:18.616+0000] {logging_mixin.py:190} INFO - [2025-03-12T15:01:18.616+0000] {dag.py:3239} INFO - Sync 1 DAGs
[2025-03-12T15:01:18.640+0000] {logging_mixin.py:190} INFO - [2025-03-12T15:01:18.640+0000] {dag.py:4180} INFO - Setting next_dagrun for tutorial_objectstorage to None, run_after=None
[2025-03-12T15:01:18.675+0000] {processor.py:208} INFO - Processing /home/airflow/.local/lib/python3.12/site-packages/airflow/example_dags/tutorial_objectstorage.py took 0.114 seconds
[2025-03-12T15:01:49.605+0000] {processor.py:186} INFO - Started process (PID=120924) to work on /home/airflow/.local/lib/python3.12/site-packages/airflow/example_dags/tutorial_objectstorage.py
[2025-03-12T15:01:49.606+0000] {processor.py:914} INFO - Processing file /home/airflow/.local/lib/python3.12/site-packages/airflow/example_dags/tutorial_objectstorage.py for tasks to queue
[2025-03-12T15:01:49.608+0000] {logging_mixin.py:190} INFO - [2025-03-12T15:01:49.608+0000] {dagbag.py:588} INFO - Filling up the DagBag from /home/airflow/.local/lib/python3.12/site-packages/airflow/example_dags/tutorial_objectstorage.py
[2025-03-12T15:01:49.621+0000] {processor.py:925} INFO - DAG(s) 'tutorial_objectstorage' retrieved from /home/airflow/.local/lib/python3.12/site-packages/airflow/example_dags/tutorial_objectstorage.py
[2025-03-12T15:01:49.648+0000] {logging_mixin.py:190} INFO - [2025-03-12T15:01:49.648+0000] {dag.py:3239} INFO - Sync 1 DAGs
[2025-03-12T15:01:49.672+0000] {logging_mixin.py:190} INFO - [2025-03-12T15:01:49.671+0000] {dag.py:4180} INFO - Setting next_dagrun for tutorial_objectstorage to None, run_after=None
[2025-03-12T15:01:49.702+0000] {processor.py:208} INFO - Processing /home/airflow/.local/lib/python3.12/site-packages/airflow/example_dags/tutorial_objectstorage.py took 0.106 seconds
[2025-03-12T15:02:20.338+0000] {processor.py:186} INFO - Started process (PID=120987) to work on /home/airflow/.local/lib/python3.12/site-packages/airflow/example_dags/tutorial_objectstorage.py
[2025-03-12T15:02:20.339+0000] {processor.py:914} INFO - Processing file /home/airflow/.local/lib/python3.12/site-packages/airflow/example_dags/tutorial_objectstorage.py for tasks to queue
[2025-03-12T15:02:20.341+0000] {logging_mixin.py:190} INFO - [2025-03-12T15:02:20.341+0000] {dagbag.py:588} INFO - Filling up the DagBag from /home/airflow/.local/lib/python3.12/site-packages/airflow/example_dags/tutorial_objectstorage.py
[2025-03-12T15:02:20.354+0000] {processor.py:925} INFO - DAG(s) 'tutorial_objectstorage' retrieved from /home/airflow/.local/lib/python3.12/site-packages/airflow/example_dags/tutorial_objectstorage.py
[2025-03-12T15:02:20.380+0000] {logging_mixin.py:190} INFO - [2025-03-12T15:02:20.380+0000] {dag.py:3239} INFO - Sync 1 DAGs
[2025-03-12T15:02:20.403+0000] {logging_mixin.py:190} INFO - [2025-03-12T15:02:20.403+0000] {dag.py:4180} INFO - Setting next_dagrun for tutorial_objectstorage to None, run_after=None
[2025-03-12T15:02:20.430+0000] {processor.py:208} INFO - Processing /home/airflow/.local/lib/python3.12/site-packages/airflow/example_dags/tutorial_objectstorage.py took 0.100 seconds
