[2025-03-12T15:00:15.000+0000] {processor.py:186} INFO - Started process (PID=120730) to work on /home/airflow/.local/lib/python3.12/site-packages/airflow/example_dags/tutorial.py
[2025-03-12T15:00:15.001+0000] {processor.py:914} INFO - Processing file /home/airflow/.local/lib/python3.12/site-packages/airflow/example_dags/tutorial.py for tasks to queue
[2025-03-12T15:00:15.004+0000] {logging_mixin.py:190} INFO - [2025-03-12T15:00:15.004+0000] {dagbag.py:588} INFO - Filling up the DagBag from /home/airflow/.local/lib/python3.12/site-packages/airflow/example_dags/tutorial.py
[2025-03-12T15:00:15.016+0000] {processor.py:925} INFO - DAG(s) 'tutorial' retrieved from /home/airflow/.local/lib/python3.12/site-packages/airflow/example_dags/tutorial.py
[2025-03-12T15:00:15.044+0000] {logging_mixin.py:190} INFO - [2025-03-12T15:00:15.044+0000] {dag.py:3239} INFO - Sync 1 DAGs
[2025-03-12T15:00:15.083+0000] {logging_mixin.py:190} INFO - [2025-03-12T15:00:15.082+0000] {dag.py:4180} INFO - Setting next_dagrun for tutorial to 2025-03-11 00:00:00+00:00, run_after=2025-03-12 00:00:00+00:00
[2025-03-12T15:00:15.111+0000] {processor.py:208} INFO - Processing /home/airflow/.local/lib/python3.12/site-packages/airflow/example_dags/tutorial.py took 0.119 seconds
[2025-03-12T15:00:46.452+0000] {processor.py:186} INFO - Started process (PID=120792) to work on /home/airflow/.local/lib/python3.12/site-packages/airflow/example_dags/tutorial.py
[2025-03-12T15:00:46.453+0000] {processor.py:914} INFO - Processing file /home/airflow/.local/lib/python3.12/site-packages/airflow/example_dags/tutorial.py for tasks to queue
[2025-03-12T15:00:46.456+0000] {logging_mixin.py:190} INFO - [2025-03-12T15:00:46.456+0000] {dagbag.py:588} INFO - Filling up the DagBag from /home/airflow/.local/lib/python3.12/site-packages/airflow/example_dags/tutorial.py
[2025-03-12T15:00:46.468+0000] {processor.py:925} INFO - DAG(s) 'tutorial' retrieved from /home/airflow/.local/lib/python3.12/site-packages/airflow/example_dags/tutorial.py
[2025-03-12T15:00:46.503+0000] {logging_mixin.py:190} INFO - [2025-03-12T15:00:46.502+0000] {dag.py:3239} INFO - Sync 1 DAGs
[2025-03-12T15:00:46.547+0000] {logging_mixin.py:190} INFO - [2025-03-12T15:00:46.547+0000] {dag.py:4180} INFO - Setting next_dagrun for tutorial to 2025-03-11 00:00:00+00:00, run_after=2025-03-12 00:00:00+00:00
[2025-03-12T15:00:46.576+0000] {processor.py:208} INFO - Processing /home/airflow/.local/lib/python3.12/site-packages/airflow/example_dags/tutorial.py took 0.132 seconds
[2025-03-12T15:01:18.060+0000] {processor.py:186} INFO - Started process (PID=120855) to work on /home/airflow/.local/lib/python3.12/site-packages/airflow/example_dags/tutorial.py
[2025-03-12T15:01:18.061+0000] {processor.py:914} INFO - Processing file /home/airflow/.local/lib/python3.12/site-packages/airflow/example_dags/tutorial.py for tasks to queue
[2025-03-12T15:01:18.064+0000] {logging_mixin.py:190} INFO - [2025-03-12T15:01:18.064+0000] {dagbag.py:588} INFO - Filling up the DagBag from /home/airflow/.local/lib/python3.12/site-packages/airflow/example_dags/tutorial.py
[2025-03-12T15:01:18.075+0000] {processor.py:925} INFO - DAG(s) 'tutorial' retrieved from /home/airflow/.local/lib/python3.12/site-packages/airflow/example_dags/tutorial.py
[2025-03-12T15:01:18.104+0000] {logging_mixin.py:190} INFO - [2025-03-12T15:01:18.104+0000] {dag.py:3239} INFO - Sync 1 DAGs
[2025-03-12T15:01:18.150+0000] {logging_mixin.py:190} INFO - [2025-03-12T15:01:18.149+0000] {dag.py:4180} INFO - Setting next_dagrun for tutorial to 2025-03-11 00:00:00+00:00, run_after=2025-03-12 00:00:00+00:00
[2025-03-12T15:01:18.180+0000] {processor.py:208} INFO - Processing /home/airflow/.local/lib/python3.12/site-packages/airflow/example_dags/tutorial.py took 0.129 seconds
[2025-03-12T15:01:48.997+0000] {processor.py:186} INFO - Started process (PID=120917) to work on /home/airflow/.local/lib/python3.12/site-packages/airflow/example_dags/tutorial.py
[2025-03-12T15:01:48.998+0000] {processor.py:914} INFO - Processing file /home/airflow/.local/lib/python3.12/site-packages/airflow/example_dags/tutorial.py for tasks to queue
[2025-03-12T15:01:49.001+0000] {logging_mixin.py:190} INFO - [2025-03-12T15:01:49.001+0000] {dagbag.py:588} INFO - Filling up the DagBag from /home/airflow/.local/lib/python3.12/site-packages/airflow/example_dags/tutorial.py
[2025-03-12T15:01:49.012+0000] {processor.py:925} INFO - DAG(s) 'tutorial' retrieved from /home/airflow/.local/lib/python3.12/site-packages/airflow/example_dags/tutorial.py
[2025-03-12T15:01:49.041+0000] {logging_mixin.py:190} INFO - [2025-03-12T15:01:49.040+0000] {dag.py:3239} INFO - Sync 1 DAGs
[2025-03-12T15:01:49.087+0000] {logging_mixin.py:190} INFO - [2025-03-12T15:01:49.087+0000] {dag.py:4180} INFO - Setting next_dagrun for tutorial to 2025-03-11 00:00:00+00:00, run_after=2025-03-12 00:00:00+00:00
[2025-03-12T15:01:49.118+0000] {processor.py:208} INFO - Processing /home/airflow/.local/lib/python3.12/site-packages/airflow/example_dags/tutorial.py took 0.129 seconds
[2025-03-12T15:02:19.214+0000] {processor.py:186} INFO - Started process (PID=120979) to work on /home/airflow/.local/lib/python3.12/site-packages/airflow/example_dags/tutorial.py
[2025-03-12T15:02:19.215+0000] {processor.py:914} INFO - Processing file /home/airflow/.local/lib/python3.12/site-packages/airflow/example_dags/tutorial.py for tasks to queue
[2025-03-12T15:02:19.219+0000] {logging_mixin.py:190} INFO - [2025-03-12T15:02:19.218+0000] {dagbag.py:588} INFO - Filling up the DagBag from /home/airflow/.local/lib/python3.12/site-packages/airflow/example_dags/tutorial.py
[2025-03-12T15:02:19.232+0000] {processor.py:925} INFO - DAG(s) 'tutorial' retrieved from /home/airflow/.local/lib/python3.12/site-packages/airflow/example_dags/tutorial.py
[2025-03-12T15:02:19.259+0000] {logging_mixin.py:190} INFO - [2025-03-12T15:02:19.259+0000] {dag.py:3239} INFO - Sync 1 DAGs
[2025-03-12T15:02:19.297+0000] {logging_mixin.py:190} INFO - [2025-03-12T15:02:19.297+0000] {dag.py:4180} INFO - Setting next_dagrun for tutorial to 2025-03-11 00:00:00+00:00, run_after=2025-03-12 00:00:00+00:00
[2025-03-12T15:02:19.325+0000] {processor.py:208} INFO - Processing /home/airflow/.local/lib/python3.12/site-packages/airflow/example_dags/tutorial.py took 0.122 seconds
